Items: 31014,2,2012-03-22 09:35:15.730000000,2013-01-31 22:08:19.360000000,0,0000000000000000000000000000000000000000000000000000000000000000000000000000000000000000000010000000000000000000000000000000000000000000000000000000000000000000000000000000000000000000000000000000000000000000000000000000000000000000000000000000000000000000
Items: 16065,3,2010-10-12 09:05:28.623000000,2011-10-19 12:41:59.293000000,0,0000000000000000000000000000000000000000000000000000000000000000000000000000000000000000000100000000000000000000000000000000000000000000000000000000000000000000000000000000000000000000000000000000000000000000000000000000000000000000000000000000000000000000
Items: 2897,1,2010-07-28 15:55:07.423000000,2013-07-15 05:02:15.650000000,0,0000000000000000000000000000000000000000000000000000000000000000000000000000000000000000000100000000000000000000000000000000000000000000000000000000000000000000000000000000000000000000000000000000000000000000000000000000000000000000000000000000000000000000
Users: 46671,2009-07-31 17:52:05.423000000,45238,,0
Users: 117404,2012-02-11 18:20:17.737000000,30295,1989-02-13 00:00:00,1
Users: 185087,2009-07-31 19:48:45.310000000,54234,1986-06-04 00:00:00,1
Users: 242612,2011-12-03 21:34:16.640000000,90627,1990-07-23 00:00:00,2
Users: 294436,2011-03-16 09:05:23.647000000,72233,1994-04-25 00:00:00,1
Users: 345704,2011-11-11 20:55:14.437000000,68600,1994-06-05 00:00:00,2
Users: 399809,2012-09-17 14:43:42.033000000,44491,1997-12-12 00:00:00,1
Users: 455390,2012-12-20 16:02:28.573000000,3274,1978-06-02 00:00:00,2
Users: 525182,2013-07-28 12:33:53.590000000,53372,1990-06-17 00:00:00,0
Orders: 35022,1033356,1457,2009-10-18 21:46:53.347000000
Orders: 214698,1082559,614,2010-01-24 20:16:55.153000000
Orders: 226305,1122161,1501,2010-03-20 16:23:03.950000000
Orders: 46541,1167569,11120,2010-05-26 12:55:02.417000000
Orders: 75824,1208142,11119,2010-07-27 23:14:48.377000000
Orders: 13287,1248778,12826,2010-09-21 21:56:27.157000000
Orders: 272654,1296031,653,2010-12-01 18:41:36.730000000
Orders: 285359,1344258,18628,2011-01-28 14:59:09.743000000
Orders: 157456,1388262,18371,2011-03-17 11:46:02.120000000
Orders: 307265,1432210,758,2011-04-29 21:28:48.340000000
Orders: 271030,1473349,21803,2011-06-14 15:24:35.467000000
Orders: 275827,1511037,21829,2011-07-28 21:58:50.970000000
Orders: 62527,1550712,24845,2011-09-10 18:44:47.023000000
Orders: 293365,1597283,27523,2011-11-12 08:21:31.203000000
Orders: 158173,1649466,24361,2011-12-28 14:06:54.430000000
Orders: 371623,1691322,28947,2012-01-31 15:54:20.570000000
Orders: 151193,1739094,2144,2012-03-22 17:02:48.527000000
Orders: 71320,1784958,7874,2012-05-16 17:00:59.817000000
Orders: 287161,1827735,20480,2012-06-29 22:23:24.193000000
Orders: 271514,1866722,31203,2012-08-11 21:38:56.863000000
Orders: 428803,1915657,35460,2012-10-09 20:15:44.210000000
Orders: 444954,1966435,29677,2012-12-01 22:51:49.073000000
Orders: 460415,2018674,31695,2013-01-07 22:20:30.543000000
Orders: 381441,2066329,35170,2013-02-19 22:08:16.833000000
Orders: 485606,2112774,39306,2013-03-26 15:04:37.277000000
Orders: 423890,2161061,11304,2013-05-03 09:35:38.190000000
Orders: 314770,2207605,26096,2013-06-05 19:04:54.837000000
Orders: 287308,2249841,40450,2013-07-13 20:23:09.463000000
Orders: 255027,2289235,33612,2013-08-13 17:15:05.073000000
Orders: 466261,2331294,43871,2013-09-15 21:02:00.180000000
Orders: 446724,2379393,448,2013-11-01 19:20:53.627000000

Startup information:
First order in training stage: 700000
First order in evaluation stage: 771338
Last order in evaluation stage: 777471

Number of orders in training stage: 71338
Number of orders in evaluation stage: 6133

The current arm is 17 with vector {0:0.9412247111224155,1:0.687219728325751,2:0.4197215085797613,3:0.7866488530967896,4:0.040296078456734996,5:0.8600285146756117,6:0.20527979322182976,7:0.22687425565221853,8:0.9873017610430868,9:0.6207416723149296,10:0.09528099177049609,11:0.09751020859146675,12:0.33042794752927074,13:0.3756689526798239,14:0.5666247849931916,15:0.9293231347051286,16:0.08156038962533274,17:0.4536774952403536,18:0.10308821844974014,19:0.37646592789711,20:0.3138149405077404,21:0.6240198310654603,22:0.41780683608549873,23:0.6698174113874026,24:0.10594633242549911,25:0.034886741827397705,26:0.9096477136815972,27:0.7589587765484185,28:0.012992833696377382,29:0.7040483881887579,30:0.3810083473065249,31:0.850558825383628,32:0.30958760062027557,33:0.7973620012752023,34:0.24685211268034324,35:0.7623209015595471,36:0.10814517391184941,37:0.46254563868005427,38:0.8263951784978717,39:0.3141214072180639,40:0.16413400556829472} with alpha 3.0 and beta 16.0
The order information:
Date: 2012-05-09T17:07:05.000+02:00
It predicted these items for order 1778911 :
   31560 with score of 293.54084726937157
   752 with score of 130.39804546211386
   27900 with score of 109.87014884762698
   748 with score of 99.27443469058713
   20430 with score of 97.81554588358803
   5003 with score of 88.03564963802509
   21714 with score of 85.37982592896623
   11832 with score of 80.29813185157025
   31553 with score of 75.19745768195324
   27576 with score of 73.96734865330697
These are the actual items bought: 
   11832
   30233
The current arm is 48 with vector {0:0.3319808136826551,1:0.7016256703638741,2:0.6472908755126803,3:0.36394482042483867,4:0.11674167682626257,5:0.5353927167071032,6:0.1377082910765599,7:0.13054345703547687,8:0.3281360557186488,9:0.5775385800469697,10:0.4090258821612467,11:0.6298751644447715,12:0.11754402390849861,13:0.46941199839253633,14:0.40652175721792594,15:0.5344160558354965,16:0.2744020205239319,17:0.5833972734579428,18:0.48893381459501417,19:0.01945695428843619,20:0.5903169297066568,21:0.34737034614191886,22:0.9788815446427939,23:0.8195333114160479,24:0.4236094682503765,25:0.6755819183853765,26:0.5972162736432267,27:0.16294182301804716,28:0.26125652061568494,29:0.8636198198262676,30:0.48992074070769176,31:0.9960902532462379,32:0.935850465906005,33:0.9110391095010338,34:0.5896061568873645,35:0.6853396801892414,36:0.5546299960022304,37:0.6049579390839185,38:0.8590792433096731,39:0.0647845379045785,40:0.44205030564613823} with alpha 3.0 and beta 17.0
The order information:
Date: 2012-05-10T17:54:43.000+02:00
It predicted these items for order 1779917 :
   31560 with score of 174.40011383631511
   752 with score of 82.29536820328813
   27900 with score of 63.72327213875057
   748 with score of 61.77521647118968
   20430 with score of 56.558045590163644
   5003 with score of 54.55792571973706
   21714 with score of 52.948415231064835
   11832 with score of 46.861245601855465
   29669 with score of 46.68390573765792
   31553 with score of 45.106207473741996
These are the actual items bought: 
   30342
   23374
   32289
The current arm is 12 with vector {0:0.024417716781538923,1:0.7854082691353841,2:0.29584217877212815,3:0.1692693806071892,4:0.22848595316319908,5:0.4140111694234748,6:0.046164808610146935,7:0.03159589936026497,8:0.5430108052279182,9:0.5258480095091599,10:0.38173153085517997,11:0.06355515609693485,12:0.21239193811590218,13:0.957661839223656,14:0.3144321679378731,15:0.41498387241123136,16:0.015513716907144204,17:0.4235842431897049,18:0.4952077748182816,19:0.2020728737455082,20:0.6910528211515425,21:0.5207704419652983,22:0.5923501289720586,23:0.7671824489190081,24:0.6871249426411435,25:0.7147508477181254,26:0.23091826285974826,27:0.9352853033894989,28:0.27537342767862494,29:0.04209282974418893,30:0.10390858435351724,31:0.4467137890481896,32:0.6204403091192101,33:0.7365825679685305,34:0.3084705831435367,35:0.2996012010913044,36:0.8462731270902424,37:0.2365019416530506,38:0.3300340914362103,39:0.5309982245337336,40:0.7074841968435921} with alpha 4.0 and beta 37.0
The order information:
Date: 2012-05-11T22:39:32.000+02:00
It predicted these items for order 1780921 :
   31560 with score of 42.87929818641644
   752 with score of 22.701715883023503
   748 with score of 19.854813556969212
   27900 with score of 15.302069241245574
   20430 with score of 14.620543474118337
   21714 with score of 13.824328270100867
   5003 with score of 13.350303912343893
   29669 with score of 13.12118801517278
   27576 with score of 12.540348837116596
   23467 with score of 11.477940459057326
These are the actual items bought: 
   31776
The current arm is 18 with vector {0:0.8484867701148753,1:0.8558422105578656,2:0.5147874814197487,3:0.463928027215331,4:0.7180986176462462,5:0.38095764827384304,6:0.8662211929526402,7:0.7767193668458432,8:0.802118742131154,9:0.8013537459765535,10:0.049565800179520614,11:0.8064494907283528,12:0.09417726414265248,13:0.10889687018877459,14:0.6902126740174778,15:0.8585533300537604,16:0.7006571723301621,17:0.5537818244822489,18:0.6846585269502498,19:0.7241937958205414,20:0.9378159565686858,21:0.7933373983200716,22:0.0735699534308436,23:0.13923369039501166,24:0.1892658823296317,25:0.7389535869818797,26:0.10780172723928771,27:0.9963096717062359,28:0.793927365981605,29:0.8181329217615442,30:0.6885194472322977,31:0.34215717456654515,32:0.9748317320128791,33:0.6929807614047278,34:0.922596435449106,35:0.9199898504616602,36:0.688556811757125,37:0.2133354969038741,38:0.5518391639955605,39:0.25417201411468304,40:0.26211404494329715} with alpha 17.0 and beta 87.0
The order information:
Date: 2012-05-13T15:53:25.000+02:00
It predicted these items for order 1781930 :
   31560 with score of 927.0579757134078
   752 with score of 497.46602845750726
   748 with score of 486.59930980145293
   20430 with score of 343.45098268416206
   21714 with score of 341.2355164080303
   5003 with score of 336.1012076932686
   27900 with score of 329.98235961379714
   29669 with score of 295.98869265807843
   27576 with score of 286.4828708637055
   23467 with score of 257.36079558031565
These are the actual items bought: 
   2084
   29003
   31950
   20990
   31940
   30573
   20678
   30195
   25363
   27900
The current arm is 6 with vector {0:0.18165515698624723,1:0.29107215806190057,2:0.7979670282554898,3:0.08527429473712467,4:0.25714061508985564,5:0.15164080480820985,6:0.44295762375736336,7:0.40104208975192956,8:0.6265201280088404,9:0.46731486080983076,10:0.7463130313132108,11:0.10608744726562791,12:0.8487801985499209,13:0.31511034528519455,14:0.8781188738200579,15:0.6569260067120264,16:0.6676944072676836,17:0.5995175563677204,18:0.928769489782251,19:0.08698123380849698,20:0.17549104093422407,21:0.6482772362339361,22:0.6289862816128227,23:0.40418803880227183,24:0.047492282899793015,25:0.9291044515596089,26:0.824823716121485,27:0.8821529368489697,28:0.45148142924302526,29:0.4700930998171343,30:0.4605264166962353,31:0.676878637423977,32:0.021403448899495192,33:0.2359967460453708,34:0.12891497071326863,35:0.33881840982763545,36:0.5021771338807296,37:0.9506623555639225,38:0.052750370411476566,39:0.477353112221765,40:0.7679187256171526} with alpha 13.0 and beta 83.0
The order information:
Date: 2012-05-14T16:46:54.000+02:00
It predicted these items for order 1782931 :
   31560 with score of 473.0890174654297
   748 with score of 276.25590265249457
   752 with score of 253.15031072102477
   21714 with score of 176.42282329375138
   5003 with score of 175.244000941991
   20430 with score of 173.39491029033766
   27900 with score of 167.6714634568777
   27576 with score of 164.35133822432235
   29669 with score of 151.6248276921799
   31553 with score of 145.0908787801061
These are the actual items bought: 
   32564
The current arm is 12 with vector {0:0.024417716781538923,1:0.7854082691353841,2:0.29584217877212815,3:0.1692693806071892,4:0.22848595316319908,5:0.4140111694234748,6:0.046164808610146935,7:0.03159589936026497,8:0.5430108052279182,9:0.5258480095091599,10:0.38173153085517997,11:0.06355515609693485,12:0.21239193811590218,13:0.957661839223656,14:0.3144321679378731,15:0.41498387241123136,16:0.015513716907144204,17:0.4235842431897049,18:0.4952077748182816,19:0.2020728737455082,20:0.6910528211515425,21:0.5207704419652983,22:0.5923501289720586,23:0.7671824489190081,24:0.6871249426411435,25:0.7147508477181254,26:0.23091826285974826,27:0.9352853033894989,28:0.27537342767862494,29:0.04209282974418893,30:0.10390858435351724,31:0.4467137890481896,32:0.6204403091192101,33:0.7365825679685305,34:0.3084705831435367,35:0.2996012010913044,36:0.8462731270902424,37:0.2365019416530506,38:0.3300340914362103,39:0.5309982245337336,40:0.7074841968435921} with alpha 8.0 and beta 66.0
The order information:
Date: 2012-05-15T15:02:20.000+02:00
It predicted these items for order 1783936 :
   31560 with score of 38.52964226754169
   748 with score of 25.108785400052266
   752 with score of 20.4960788274501
   27576 with score of 15.530861424307709
   5003 with score of 15.334112713151574
   21714 with score of 15.259292670088902
   20430 with score of 14.016765663331071
   27900 with score of 13.451952245112121
   29669 with score of 13.060403579210114
   23467 with score of 12.284175533250867
These are the actual items bought: 
   12096
The arm 0 has vector {0:0.2650956611893832,1:0.691748596163838,2:0.15746016314269184,3:0.8836271876153933,4:0.9200359410990397,5:0.2284187198065143,6:0.3308490888226422,7:0.23366812511050017,8:0.6582924646161615,9:0.2954335474191776,10:0.7226704954989591,11:0.36842934177911024,12:0.4451067853277909,13:0.712781344044068,14:0.35380310686460537,15:0.8958161111637216,16:0.08374421654515185,17:0.09546078041310058,18:0.08198134232359211,19:0.35395969552840134,20:0.7465537862113459,21:0.7746658498721146,22:0.3155668325234289,23:0.1166867378919122,24:0.33681346084738706,25:0.2885198257186402,26:0.6226657806229466,27:0.8579240720800279,28:0.5847634109782309,29:0.92412608324752,30:0.7017262805677711,31:0.6995483925564991,32:0.045064782984654106,33:0.012125512566737107,34:0.3137439129475239,35:0.5171074236119251,36:0.28524825458273917,37:0.9272209267682197,38:0.5493237000159071,39:0.29605988175997566,40:0.892921642962798} with alpha 37.0 and beta 223.0, percentage 16.216216216216218
The arm 1 has vector {0:0.5227786855124484,1:0.7205615105127254,2:0.3754670403689584,3:0.7448420554902143,4:0.6041191094014391,5:0.1102835611111852,6:0.39523329552068254,7:0.5486821340863318,8:0.6433177917318635,9:0.83463477444277,10:0.3032833561323689,11:0.8619189068761629,12:0.7935032800094508,13:0.10748669985130554,14:0.7194949814736469,15:0.1367510567389929,16:0.4600614881538647,17:0.68525379325586,18:0.48101713359455767,19:0.35634568418773194,20:0.11394366251065946,21:0.00602360034086924,22:0.061435739093133046,23:0.3286782508026407,24:0.24443937750511635,25:0.3577778462722321,26:0.31042225126728973,27:0.8588124958298063,28:0.14043641524757433,29:0.950165898575389,30:0.5553920744368627,31:0.9543372595803833,32:0.03945195384410971,33:0.8503457268027375,34:0.6098973071822095,35:0.3463514914235831,36:0.894783943214646,37:0.3013195217201138,38:0.6309657855562689,39:0.6592052807682972,40:0.6719476658000988} with alpha 28.0 and beta 176.0, percentage 15.428571428571427
The arm 2 has vector {0:0.2817705345673097,1:0.6295435603069054,2:0.8666075182261153,3:0.018134665042503384,4:0.9770193621208161,5:0.5642951677453966,6:0.48491618552359306,7:0.7691513563754867,8:0.23556952671086018,9:0.31568189226871335,10:0.5070599841637079,11:0.2789554730992815,12:0.48746970005063284,13:0.7037217031926726,14:0.3181661934844413,15:0.3152462970290596,16:0.08492246688180372,17:0.4253782059531016,18:0.5801870004294927,19:0.579670585713547,20:0.41132225609763096,21:0.4820740091995265,22:0.4182861733882707,23:0.9702051449171653,24:0.7954303091761139,25:0.5477414091344882,26:0.9758224688802725,27:0.012276835684712273,28:0.10783473025683932,29:0.30303148580774,30:0.7212764098501465,31:0.1070015621420275,32:0.35420336539218766,33:0.47494745083991885,34:0.840983402519942,35:0.4253651025861077,36:0.06354431725012755,37:0.6294478248989028,38:0.745952064843113,39:0.5391130612865691,40:0.1554884384650701} with alpha 8.0 and beta 75.0, percentage 9.45945945945946
The arm 3 has vector {0:0.20082903485375692,1:0.8425724533686979,2:0.9636431566736459,3:0.3227578337974505,4:0.9104055656897847,5:0.24703908023044785,6:0.4525286430535719,7:0.15351605074847208,8:0.6745460749729152,9:0.7699077104213853,10:0.2854816908620098,11:0.7622954889668793,12:0.20505251233197686,13:0.6349102881409591,14:0.11658498853400023,15:0.3326627871212072,16:0.942386793468516,17:0.9309351022819538,18:0.6639225309118093,19:0.8001702862721097,20:0.6594531862355499,21:0.7904556696456616,22:0.3204520198265586,23:0.5193177128299055,24:0.6086516210779208,25:0.5992161341957049,26:0.05955284877573375,27:0.41114687921082704,28:0.764372294430834,29:0.25326599700617813,30:0.25609646916098094,31:0.052292258824104154,32:0.10853107542845386,33:0.8996769177848851,34:0.841180892290006,35:0.3339018897957394,36:0.47089599372698054,37:0.7044171596621167,38:0.9551141117424805,39:0.4825231573462946,40:0.536460960162984} with alpha 25.0 and beta 167.0, percentage 14.457831325301203
The arm 4 has vector {0:0.34080149952753347,1:0.2714183849736752,2:0.003297505249414412,3:0.05737392741225977,4:0.6094669747035812,5:0.18981375077648033,6:0.5068920066688515,7:0.5835866954601561,8:0.026434999125648728,9:0.20792701240350997,10:0.8220051582896112,11:0.8030143832060139,12:0.9650780721354009,13:0.45343130234451734,14:0.29923003983002683,15:0.8118241855499276,16:0.771587993726332,17:0.2515516908706391,18:0.33603124356639935,19:0.39635819827804375,20:0.45699320504883734,21:0.8871008655956325,22:0.25080923595798177,23:0.16364281354896915,24:0.5420171707372825,25:0.4764701084057902,26:0.7306899591485608,27:0.1974967823342204,28:0.3467967647564786,29:0.793124673291075,30:0.39808232357353845,31:0.20206856700013642,32:0.5474501536831928,33:0.1835547104830637,34:0.4437874056618226,35:0.5732019413803403,36:0.13631579821124884,37:0.29168547705247705,38:0.5973954260444844,39:0.7457965552461092,40:0.04936920025538205} with alpha 10.0 and beta 87.0, percentage 10.465116279069768
The arm 5 has vector {0:0.14338791282545438,1:0.7288056169627135,2:0.4371150735501238,3:0.8605679835548147,4:0.7519450814127736,5:0.9306433840572624,6:0.6728286415651613,7:0.39020997870626695,8:0.0034650312086134116,9:0.8444705897535786,10:0.1556932220360957,11:0.018213037503301832,12:0.45413983574115047,13:0.08554772441621539,14:0.25667486362003733,15:0.8824268984954944,16:0.04750609673089856,17:0.2195078055854014,18:0.09625211738319628,19:0.9855214088518863,20:0.7760138378439996,21:0.1321427802870374,22:0.9219514691612402,23:0.041700698464868347,24:0.29412114422304014,25:0.05791225415305534,26:0.8192094818871279,27:0.708107093342581,28:0.7451284904833808,29:0.9054046934448848,30:0.7938979554044917,31:0.6642592058196324,32:0.9970186925377961,33:0.4744323749287832,34:0.11222227645885796,35:0.22961819741603628,36:0.8805420587300727,37:0.4187007195902568,38:0.5039766967436675,39:0.8263377635126687,40:0.1113182259103801} with alpha 17.0 and beta 125.0, percentage 12.903225806451612
The arm 6 has vector {0:0.18165515698624723,1:0.29107215806190057,2:0.7979670282554898,3:0.08527429473712467,4:0.25714061508985564,5:0.15164080480820985,6:0.44295762375736336,7:0.40104208975192956,8:0.6265201280088404,9:0.46731486080983076,10:0.7463130313132108,11:0.10608744726562791,12:0.8487801985499209,13:0.31511034528519455,14:0.8781188738200579,15:0.6569260067120264,16:0.6676944072676836,17:0.5995175563677204,18:0.928769489782251,19:0.08698123380849698,20:0.17549104093422407,21:0.6482772362339361,22:0.6289862816128227,23:0.40418803880227183,24:0.047492282899793015,25:0.9291044515596089,26:0.824823716121485,27:0.8821529368489697,28:0.45148142924302526,29:0.4700930998171343,30:0.4605264166962353,31:0.676878637423977,32:0.021403448899495192,33:0.2359967460453708,34:0.12891497071326863,35:0.33881840982763545,36:0.5021771338807296,37:0.9506623555639225,38:0.052750370411476566,39:0.477353112221765,40:0.7679187256171526} with alpha 16.0 and beta 113.0, percentage 13.392857142857142
The arm 7 has vector {0:0.8087300695368942,1:0.895915762506092,2:0.629800397062031,3:0.3609961394439454,4:0.6957042242072157,5:0.6546140805658465,6:0.1600399882269804,7:0.22853963945417255,8:0.9580221723542025,9:0.23911668835444533,10:0.313312868191287,11:0.44517643546235086,12:0.33068606903948494,13:0.9865632150723889,14:0.7286335109558305,15:0.24306271167581595,16:0.901908274011254,17:0.4973822356156615,18:0.14114176847879545,19:0.24903380252578433,20:0.9338581473764598,21:0.8223251408765834,22:0.7628205980586248,23:0.4942415155473795,24:0.6139659756038122,25:0.8244309849264425,26:0.725459548633042,27:0.6783341130854591,28:0.8748697388200867,29:0.2355632382870273,30:0.4353096535486283,31:0.5946569022728375,32:0.9909670079816275,33:0.50515762490458,34:0.5215161439475077,35:0.3497546276533505,36:0.4579247855461397,37:0.024205038058723094,38:0.31891628246874015,39:0.8708436894543233,40:0.29185982596883786} with alpha 5.0 and beta 58.0, percentage 7.017543859649122
The arm 8 has vector {0:0.12307294421352366,1:0.2990645298339817,2:0.9699163775217556,3:0.18052079238211327,4:0.5476340505293336,5:0.629416910865272,6:0.2032482569431333,7:0.5799332595787472,8:0.4549574493066044,9:0.12450541029243167,10:0.18302263000597152,11:0.169949538428251,12:0.8279490050971577,13:0.09692435323761617,14:0.1526932648558622,15:0.9388556173836838,16:0.6159112794361877,17:0.7037531450955461,18:0.6306302570889348,19:0.9229750258752815,20:0.19660975962963467,21:0.30861376711062105,22:0.9682653475549524,23:0.6392510598677645,24:0.03162969797778936,25:0.2853102094108787,26:0.6914412324925122,27:0.058823422536375625,28:0.6763615378528597,29:0.942182446053228,30:0.9127068622440003,31:0.8291428148958174,32:0.3132355378428501,33:0.07671663137578488,34:0.20113318699754912,35:0.2062595595072113,36:0.6333218352392644,37:0.20078809727893576,38:0.48588046852071287,39:0.04661080338982204,40:0.05804350115111845} with alpha 18.0 and beta 125.0, percentage 13.709677419354838
The arm 9 has vector {0:0.8539825678791196,1:0.5162436379297661,2:0.48067294959440965,3:0.1353188191538769,4:0.04632606544844231,5:0.8930787567008258,6:0.9918726614804673,7:0.3375709681375817,8:0.13132777134807794,9:0.04927731954365189,10:0.8803047223672171,11:0.49709201142890513,12:0.8306599500522434,13:0.8398907549258907,14:0.48225505420594306,15:0.45711787407221105,16:0.3213740264052082,17:0.7879523384323384,18:0.030147910026965152,19:0.06146284943436098,20:0.9001552163849331,21:0.8700836642203658,22:0.28153670458030355,23:0.9925635165293173,24:0.5500936972678139,25:0.4562156553900111,26:0.8506312379003035,27:0.8072567893844534,28:0.8274133180480235,29:0.8595953117683772,30:0.4193704269811843,31:0.45643847212910726,32:0.7178646850274996,33:0.835252835482308,34:0.35369613168910685,35:0.25106395118632363,36:0.5089343866423074,37:0.27328030042557705,38:0.6744426454297674,39:0.8558737917745447,40:0.7637283105593952} with alpha 25.0 and beta 165.0, percentage 14.634146341463413
The arm 10 has vector {0:0.09742207203407349,1:0.5406521640456784,2:0.36970601413620074,3:0.5342724957227728,4:0.3738325724668031,5:0.012110450678082696,6:0.5949522780454907,7:0.04802374001658016,8:0.40528475309307344,9:0.6994643790700865,10:0.23940576486545462,11:0.32216358682887725,12:0.9812620280818033,13:0.952745859637972,14:0.9017662933328642,15:0.9093429800382957,16:0.6189292110372929,17:0.5117127882320879,18:0.392177564439699,19:0.36220404613600277,20:0.06630496887324722,21:0.4372811727472711,22:0.08050822078180808,23:0.4545383139986804,24:0.06835112455515246,25:0.6651562835035347,26:0.4413403676462162,27:0.8996105627707013,28:0.5939094711371298,29:0.3135313369386674,30:0.22789612025058836,31:0.8292577446332277,32:0.3916551088682615,33:0.35633706984501734,34:0.5403694277502781,35:0.1605683279428013,36:0.2225186762398269,37:0.7843717184710374,38:0.7475052462689549,39:0.9623769784194688,40:0.0509093070148573} with alpha 12.0 and beta 86.0, percentage 12.941176470588237
The arm 11 has vector {0:0.08879466032800831,1:0.48824650495542055,2:0.26843513330579893,3:0.2701986194140721,4:0.4270928117866848,5:0.4608922250817499,6:0.27011640652463864,7:0.04566290309322485,8:0.7654391584894312,9:0.18122775294553195,10:0.08464058516924178,11:0.8288051077279198,12:0.45224950551624443,13:0.06477438731136953,14:0.8939057756999935,15:0.510480404976251,16:0.8839377560054931,17:0.7639157250883216,18:0.8317154907836,19:0.33972897011976166,20:0.3295265004772189,21:0.5632205259606854,22:0.15385852206324446,23:0.8926690678781587,24:0.6238198242061733,25:0.28124667741849685,26:0.12174705674339803,27:0.37851951423397234,28:0.6515708043954697,29:0.202425069049619,30:0.7018750124818923,31:0.5148566885782534,32:0.7421507396071982,33:0.39934478019913744,34:0.42980013584294496,35:0.795025007462057,36:0.98120787228177,37:0.5003840923504596,38:0.41542353678940047,39:0.9498853588307518,40:0.6744394091047744} with alpha 15.0 and beta 111.0, percentage 12.727272727272727
The arm 12 has vector {0:0.024417716781538923,1:0.7854082691353841,2:0.29584217877212815,3:0.1692693806071892,4:0.22848595316319908,5:0.4140111694234748,6:0.046164808610146935,7:0.03159589936026497,8:0.5430108052279182,9:0.5258480095091599,10:0.38173153085517997,11:0.06355515609693485,12:0.21239193811590218,13:0.957661839223656,14:0.3144321679378731,15:0.41498387241123136,16:0.015513716907144204,17:0.4235842431897049,18:0.4952077748182816,19:0.2020728737455082,20:0.6910528211515425,21:0.5207704419652983,22:0.5923501289720586,23:0.7671824489190081,24:0.6871249426411435,25:0.7147508477181254,26:0.23091826285974826,27:0.9352853033894989,28:0.27537342767862494,29:0.04209282974418893,30:0.10390858435351724,31:0.4467137890481896,32:0.6204403091192101,33:0.7365825679685305,34:0.3084705831435367,35:0.2996012010913044,36:0.8462731270902424,37:0.2365019416530506,38:0.3300340914362103,39:0.5309982245337336,40:0.7074841968435921} with alpha 8.0 and beta 71.0, percentage 10.0
The arm 13 has vector {0:0.6611362518945139,1:0.3428470515865174,2:0.42821745191545313,3:0.5685649397947963,4:0.7374938217136264,5:0.4394412873918374,6:0.8663889452645894,7:0.2222947565422121,8:0.6466692626518925,9:0.20047780546893845,10:4.0070426466021214E-4,11:0.9497294632557916,12:0.42051721754983207,13:0.9660317680749119,14:0.637293111297571,15:0.8876764306171218,16:0.12318198029940974,17:0.42201927469439304,18:0.6871526678348169,19:0.321025102527807,20:0.9148777500590097,21:0.4151211874606907,22:0.7892965067880269,23:0.4200539058346374,24:0.3097190253893176,25:0.867494070820367,26:0.8687853885137214,27:0.9766927706834825,28:0.04532494299570067,29:0.3376765407347109,30:0.5745077420242556,31:0.09537975707561908,32:0.4801559891102076,33:0.4344173247619335,34:0.2954020702596156,35:0.08388598627575328,36:0.2360118639378026,37:0.5938323231639566,38:0.7503315624222616,39:0.3607827721608916,40:0.7735453527565079} with alpha 27.0 and beta 175.0, percentage 14.942528735632186
The arm 14 has vector {0:0.48229761577619856,1:0.5571536836503518,2:0.24614059407988953,3:0.4306146645714236,4:0.40302149197071113,5:0.6055818861665361,6:0.1405372384452921,7:0.5839367799204827,8:0.9716895595120307,9:0.8524515467025184,10:0.3593358520314457,11:0.39717056304479637,12:0.8408883756665534,13:0.055824473202334524,14:0.009719777517527062,15:0.8125812336802435,16:0.8646034138279751,17:0.17565468406660545,18:0.520175950861763,19:0.563411832768382,20:0.06483614071935218,21:0.9277585093128197,22:0.06768481511298319,23:0.9468634322656476,24:0.7219636103852725,25:0.6450884310661215,26:0.8278431557701852,27:0.21255289144262846,28:0.4762412998578004,29:0.4382667687497883,30:0.933837758554024,31:0.5910760547549071,32:0.7011438159045922,33:0.46847376025165466,34:0.044356936964265015,35:0.6162686083868812,36:0.8617345540536853,37:0.1752000377318128,38:0.47027788282052274,39:0.08687620650981076,40:0.2627196237994439} with alpha 20.0 and beta 138.0, percentage 13.86861313868613
The arm 15 has vector {0:0.025239039745668435,1:0.7507977454256173,2:0.18831838216352015,3:0.45371663731383227,4:0.20542576779789334,5:0.9092762504879173,6:0.706866367245416,7:0.21393491440692702,8:0.5986996598897225,9:0.8965167677794286,10:0.2966746268098882,11:0.49086466812238283,12:0.8114831377685253,13:0.2044410556060331,14:0.020887767806136104,15:0.39471277379808833,16:0.8437950833061449,17:0.1534060562572226,18:0.0900086690221178,19:0.2562176660988127,20:0.3516465821249012,21:0.22804105513468687,22:0.3306735449328553,23:0.5380166440722235,24:0.17724754819643151,25:0.6241417256955094,26:0.031560844782090425,27:0.7949501597676192,28:0.0734389748828872,29:0.6454217299441146,30:0.798774384582528,31:0.7878281725368826,32:0.2881187207222249,33:0.5415416019468106,34:0.4650207255868931,35:0.8989641607489037,36:0.23251103137782048,37:0.3432831376156712,38:0.26744225685590894,39:0.5580081941638861,40:0.5284321144211063} with alpha 28.0 and beta 184.0, percentage 14.754098360655737
The arm 16 has vector {0:0.8475338085348748,1:0.5667776068730743,2:0.10279732512203432,3:0.517404304674416,4:0.7841025616591968,5:0.9089246254480761,6:0.9341474266738224,7:0.8296227190414898,8:0.3151690454793815,9:0.158201407455705,10:0.15033981953710351,11:0.9116729746095751,12:0.19888630617899394,13:0.16825861361957772,14:0.5319304752698123,15:0.7483272805866474,16:0.8698144792576311,17:0.392696638602251,18:0.5616326235460521,19:0.5162533578709906,20:0.8294917721600596,21:0.4573269685082184,22:0.8646772085606689,23:0.6143969986787269,24:0.7870051043866628,25:0.2392777038513011,26:0.6660903618422429,27:0.12595161527560939,28:0.23909493934560655,29:0.5030831017341473,30:0.27519438247569805,31:0.6821612217562621,32:0.5023386431464796,33:0.1005127242438506,34:0.7987645572418574,35:0.21938485558658338,36:0.06744399331241924,37:0.4022102332365264,38:0.5578790866220933,39:0.8594738477500886,40:0.20917970117029705} with alpha 6.0 and beta 62.0, percentage 8.19672131147541
The arm 17 has vector {0:0.9412247111224155,1:0.687219728325751,2:0.4197215085797613,3:0.7866488530967896,4:0.040296078456734996,5:0.8600285146756117,6:0.20527979322182976,7:0.22687425565221853,8:0.9873017610430868,9:0.6207416723149296,10:0.09528099177049609,11:0.09751020859146675,12:0.33042794752927074,13:0.3756689526798239,14:0.5666247849931916,15:0.9293231347051286,16:0.08156038962533274,17:0.4536774952403536,18:0.10308821844974014,19:0.37646592789711,20:0.3138149405077404,21:0.6240198310654603,22:0.41780683608549873,23:0.6698174113874026,24:0.10594633242549911,25:0.034886741827397705,26:0.9096477136815972,27:0.7589587765484185,28:0.012992833696377382,29:0.7040483881887579,30:0.3810083473065249,31:0.850558825383628,32:0.30958760062027557,33:0.7973620012752023,34:0.24685211268034324,35:0.7623209015595471,36:0.10814517391184941,37:0.46254563868005427,38:0.8263951784978717,39:0.3141214072180639,40:0.16413400556829472} with alpha 9.0 and beta 80.0, percentage 10.126582278481013
The arm 18 has vector {0:0.8484867701148753,1:0.8558422105578656,2:0.5147874814197487,3:0.463928027215331,4:0.7180986176462462,5:0.38095764827384304,6:0.8662211929526402,7:0.7767193668458432,8:0.802118742131154,9:0.8013537459765535,10:0.049565800179520614,11:0.8064494907283528,12:0.09417726414265248,13:0.10889687018877459,14:0.6902126740174778,15:0.8585533300537604,16:0.7006571723301621,17:0.5537818244822489,18:0.6846585269502498,19:0.7241937958205414,20:0.9378159565686858,21:0.7933373983200716,22:0.0735699534308436,23:0.13923369039501166,24:0.1892658823296317,25:0.7389535869818797,26:0.10780172723928771,27:0.9963096717062359,28:0.793927365981605,29:0.8181329217615442,30:0.6885194472322977,31:0.34215717456654515,32:0.9748317320128791,33:0.6929807614047278,34:0.922596435449106,35:0.9199898504616602,36:0.688556811757125,37:0.2133354969038741,38:0.5518391639955605,39:0.25417201411468304,40:0.26211404494329715} with alpha 38.0 and beta 217.0, percentage 17.12962962962963
The arm 19 has vector {0:0.1307901987711625,1:0.12205847504251299,2:0.8137621865983946,3:0.7135759026441434,4:0.2534950457586934,5:0.9420413170430071,6:0.026336887815683108,7:0.7852646459478912,8:0.7300603145658315,9:0.3660857349477724,10:0.8977595111588106,11:0.9505639135955455,12:0.7733824720098723,13:0.6876259631553433,14:0.4314398844220262,15:0.7783382575788551,16:0.032464455744167786,17:0.1614719247720946,18:0.7621547067781238,19:0.7004423920991892,20:0.5766242447063167,21:0.7502599264645672,22:0.5166836954815187,23:0.2127658253746374,24:0.37735256849329435,25:0.8044827483110573,26:0.8635997287297174,27:0.7647949482228847,28:0.8635557768197555,29:0.06836084795778374,30:0.6149471704226622,31:0.77277150559533,32:0.8361698555294563,33:0.21728153554839869,34:0.6211356526752183,35:0.880083396259954,36:0.025815835294847433,37:0.2012586970949135,38:0.4623552147736417,39:0.20159688174595491,40:0.7859492565859272} with alpha 25.0 and beta 161.0, percentage 15.0
The arm 20 has vector {0:0.20026736074191975,1:0.8301120384677656,2:0.6079187116787403,3:0.6465355117326311,4:0.6747636136254529,5:0.4522210213061286,6:0.4727941270623044,7:0.44532383354735217,8:0.8569558245255603,9:0.760837639808887,10:0.6063812095848082,11:0.6738426478617052,12:0.8901229294615395,13:0.2986738789508798,14:0.4995527527660678,15:0.5292429515338388,16:0.11254462140557908,17:0.5035817575726419,18:0.641364951310905,19:0.8033287172086869,20:0.3514402095183736,21:0.8459963853987107,22:0.8846013666554109,23:0.10053705208340302,24:0.38809543809703473,25:0.03967501156174458,26:0.8707478098008307,27:0.7874654795912714,28:0.5222909780853259,29:0.974777547660428,30:0.9784611917879928,31:0.553171751700771,32:0.9169810127201228,33:0.886114675908369,34:0.4906090640722576,35:0.17612187866920836,36:0.7643195197099528,37:0.6748619056599119,38:0.1312430025045337,39:0.690419381880351,40:0.7679981473799402} with alpha 14.0 and beta 104.0, percentage 12.62135922330097
The arm 21 has vector {0:0.45313520964406995,1:0.7304804717186013,2:0.2516891579145717,3:0.6046582256752995,4:0.20457391978104866,5:0.627766527881438,6:0.17405712549236352,7:0.8428871566589399,8:0.7511977950862838,9:0.1604347796447153,10:0.19216310762529198,11:0.2387190613794793,12:0.16710426981354587,13:0.7488385003085357,14:0.16145253023228134,15:0.43138435014048804,16:0.08240302491209273,17:0.004980870896277079,18:0.2128667150045186,19:0.997582902454295,20:0.08758096857242903,21:0.40579908532124676,22:0.6560248174441929,23:0.2204773163556315,24:0.834874106767031,25:0.3822984158131647,26:0.7092858800360549,27:0.7896513376796552,28:0.5776694199599293,29:0.1394967399812369,30:0.1852798368912556,31:0.9485076913054157,32:0.7094585673230771,33:0.5525451155617676,34:0.7638313970480349,35:0.8448624433535982,36:0.39505965838916823,37:0.7558315098150673,38:0.5166429197717325,39:0.28330521422952804,40:0.2722966490475418} with alpha 6.0 and beta 61.0, percentage 8.333333333333332
The arm 22 has vector {0:0.033428887292961784,1:0.6628676461756876,2:0.3477298567230428,3:0.2619203253844842,4:0.7918110549747762,5:0.9562256020545262,6:0.14915750220497548,7:0.9693710471333769,8:0.4142590770265583,9:0.06479144889396982,10:0.6860413816048956,11:0.5470672530711538,12:0.8661990193575699,13:0.9364567412433694,14:0.40176731796739873,15:0.9011607240503986,16:0.7721414566024501,17:0.3496929006708943,18:0.30332395061665096,19:0.9908021273176709,20:0.37076406568085796,21:0.8349527468526838,22:0.45624612702328593,23:0.3645800374832545,24:0.21040853706241847,25:0.057394953437676755,26:0.27342865886429035,27:0.26858978702276903,28:0.9647757160673387,29:0.3164648568160613,30:0.5635960409661608,31:0.044210745173386634,32:0.13714962240527206,33:0.2346813543923194,34:0.3970034857302026,35:0.7984688174088758,36:0.050558417502209685,37:0.25295388076232617,38:0.014525819973117193,39:0.49991146028596267,40:0.1223174938172632} with alpha 17.0 and beta 119.0, percentage 13.559322033898304
The arm 23 has vector {0:0.5085164377033544,1:0.40136547483480844,2:0.3557220926934891,3:0.9796321821691053,4:0.3519442492575058,5:0.6925340128297991,6:0.4713963294940088,7:0.8283259101163417,8:0.94535687884335,9:0.6918918903186922,10:0.6900484646221148,11:0.8517497774774208,12:0.8317506951186363,13:0.9635506432888914,14:0.5388052812532393,15:0.42964254308485894,16:0.4317562049176479,17:0.2049067514063535,18:0.3134324880290015,19:0.5692155686950292,20:0.11520519038506916,21:0.6211182282292166,22:0.4914083994811339,23:0.7979067177354302,24:0.09137211128722311,25:0.3639637901520656,26:0.6180266397686793,27:0.3406398618814871,28:0.21207517994926994,29:0.56172354889672,30:0.5282933219270367,31:0.4734233859211906,32:0.010478484149858969,33:0.7145754469052044,34:0.9917522941690379,35:0.8072404895182622,36:0.7145318742867364,37:0.6717576771975492,38:0.5142898905110572,39:0.8186079229732962,40:0.6536727901244443} with alpha 8.0 and beta 67.0, percentage 10.606060606060606
The arm 24 has vector {0:0.4947824553291498,1:0.4075470505999351,2:0.4787043042335203,3:0.11571097739384784,4:0.4452245725623224,5:0.48085189803371486,6:0.4037329449190087,7:0.08206297184260747,8:0.7413034779720115,9:0.7549737328685245,10:0.6067007222086854,11:0.442374690389185,12:0.22615547442923722,13:0.1479507757099794,14:0.35511092502859454,15:0.762661386012106,16:0.6280529381133045,17:0.9571050434384456,18:0.04190608250004679,19:0.9876899722039221,20:0.8821352133392938,21:0.7359674484905214,22:0.586556328159686,23:0.44662941567618675,24:0.7563334094378042,25:0.12551659145472882,26:0.8479704856211336,27:0.7498171058999531,28:0.5984358405535369,29:0.13458743490074498,30:0.27323366150866135,31:0.3686962662452019,32:0.18572241153397007,33:0.8725016936471767,34:0.25025375496612556,35:0.552052858371438,36:0.9430007228743932,37:0.10786851324263336,38:0.39463275787154384,39:0.8437201499478436,40:0.839502497459757} with alpha 10.0 and beta 75.0, percentage 12.162162162162163
The arm 25 has vector {0:0.7387759711354225,1:0.20255901617247896,2:0.033360041433323495,3:0.1858394856456108,4:0.6808592434459125,5:0.592831742330746,6:0.819461681763446,7:0.8410249024049721,8:0.6480583140132008,9:0.8676450900664944,10:0.798099348374177,11:0.17454692293575813,12:0.38215510917097706,13:0.2927662262224472,14:0.3741411110870756,15:0.07204456302445095,16:0.2070003342514386,17:0.9527952216311544,18:0.544176494097888,19:0.7325861754517238,20:0.3951670613760534,21:0.5445577212298841,22:0.31280895855344015,23:0.37116214596467234,24:0.898216718245188,25:0.3799025848367866,26:0.10367755314536153,27:0.26629427581792764,28:0.18657753435368674,29:0.08641153980582472,30:0.5194464594021888,31:0.6467890758274317,32:0.035033644330741964,33:0.5035217333093435,34:0.9853349472017664,35:0.22192081583884338,36:0.926442700732837,37:0.8997505713546278,38:0.18341795430509344,39:0.05026011151338783,40:0.20705253532736478} with alpha 11.0 and beta 99.0, percentage 10.204081632653061
The arm 26 has vector {0:0.22225431937760765,1:0.7274614682169964,2:0.9671387332502102,3:0.8946847442410301,4:0.5157172580347287,5:0.10985948736325968,6:0.7680715732106504,7:0.5779010710896652,8:0.03690190740214072,9:0.8316822867215444,10:0.06870507774344603,11:0.6131636670406321,12:0.4042533764191508,13:0.47523098746195525,14:0.7153195832257474,15:0.329633891012458,16:0.995454592439037,17:0.7777482074908493,18:0.031156159902915537,19:0.4451691980628739,20:0.20668529843887018,21:0.7916530967162341,22:0.4854226176394625,23:0.0773931306223451,24:0.6273867451119579,25:0.1587435439007695,26:0.05381754345457668,27:0.6793672674213773,28:0.6163990037957039,29:0.15704896285334724,30:0.8796752639191475,31:0.23993952255740814,32:0.45604618279318787,33:0.7515781561927714,34:0.05098328329722124,35:0.6749499921954514,36:0.5063036841030987,37:0.4843509264653073,38:0.9115517447933289,39:0.48480665174576687,40:0.8205319787290027} with alpha 2.0 and beta 34.0, percentage 3.0303030303030303
The arm 27 has vector {0:0.0171496129280726,1:0.2838958575436593,2:0.8460408527258101,3:0.7183175532555387,4:0.2540355075227213,5:0.40672542313186844,6:0.735700528424392,7:0.7253588552801915,8:0.0556976716665154,9:0.1989538294553378,10:0.8115294205018252,11:0.8341307965532224,12:0.8960368634331153,13:0.42912783892938944,14:0.045397356756974094,15:0.09666434965584414,16:0.10601691566088645,17:0.8508410203605097,18:0.5559220524939988,19:0.603835489299771,20:0.973980313196246,21:0.9543312409088294,22:0.23591465219886043,23:0.9855519073413469,24:0.7983559256709192,25:0.2223430670653298,26:0.9692890473414384,27:0.2243242076033709,28:0.5150410781285604,29:0.09963621856468108,30:0.011999171047725299,31:0.3706545881241333,32:0.2589997483830021,33:0.9725758381279859,34:0.23355984262384366,35:0.2021480424600024,36:0.3943377092783743,37:0.23100128620565608,38:0.3563202429062545,39:0.43238997882575336,40:0.011652435765170943} with alpha 21.0 and beta 143.0, percentage 14.084507042253522
The arm 28 has vector {0:0.9084935838723036,1:0.1561434378021871,2:0.41479315499337654,3:0.023941823351732117,4:0.4621901430109773,5:0.43993065338764614,6:0.963543241998674,7:0.6030234046824589,8:0.4777469287932421,9:0.4687508916435831,10:0.18943237318082473,11:0.7155307468028369,12:0.2777316085278133,13:0.2333793128474685,14:0.05307700776983226,15:0.6545484205767137,16:0.47313425562178135,17:0.9723391001046361,18:0.5646002904340498,19:0.9616547481049804,20:0.5307469163411708,21:0.5199071497366835,22:0.571644073898412,23:0.5604157610447222,24:0.7111284169705839,25:0.4714744174223867,26:0.15415641651940382,27:0.20236851583872317,28:0.04246782863890708,29:0.9067797598543851,30:0.8340412822865162,31:0.9135169116365948,32:0.6833713029730916,33:0.4060666241263291,34:0.7592869107945066,35:0.8014751384449332,36:0.5805584665710353,37:0.6427159365265949,38:0.9176070465064977,39:0.2645936145648691,40:0.008044681840371437} with alpha 6.0 and beta 64.0, percentage 7.936507936507936
The arm 29 has vector {0:0.8051628836492105,1:0.5854901580783484,2:0.6448429782997644,3:0.9305781502871843,4:0.23047557203760816,5:0.9905996756095262,6:0.9204719839649451,7:0.1005760435808235,8:0.31991243511459,9:0.5783393220687848,10:0.23127183805300522,11:0.36467677554247435,12:0.056718061394255725,13:0.46297721277532555,14:0.6922056974597119,15:0.6100391431009401,16:0.4939126801749213,17:0.42814561272776697,18:0.6081736724966977,19:0.6666480727924445,20:0.5868380987387033,21:0.062192692748088474,22:0.3720727262968663,23:0.3179333848111411,24:0.6493347745308171,25:0.7431673816640229,26:0.12983956444405997,27:0.837020955352441,28:0.5518216488072127,29:0.5887583509174404,30:0.7083462224004208,31:0.7980772751781768,32:0.1889369943607614,33:0.25460548515568415,34:0.7653969379198142,35:0.5567828230386661,36:0.5970362822599554,37:0.5142415005001961,38:0.3329093120371095,39:0.8962018880780516,40:0.43379338015867264} with alpha 12.0 and beta 97.0, percentage 11.458333333333332
The arm 30 has vector {0:0.02277763786205722,1:0.9218899830418391,2:0.750411292342319,3:0.6184150370913442,4:0.9395309022913738,5:0.9168601008737616,6:0.10966844800099451,7:0.858801063463055,8:0.7328845027808973,9:0.08655087146697416,10:0.09755227194012606,11:0.524558513749003,12:0.7333487066133831,13:0.2126242918111355,14:0.6439684370521024,15:0.1989277094641494,16:0.7288408803643874,17:0.4849861787750658,18:0.30606799957224573,19:0.9671524185811745,20:0.09218191049234403,21:0.14877109196324279,22:0.9766657496212132,23:0.7565191714174119,24:0.9606938948383308,25:0.9554621842205511,26:0.4321867470068721,27:0.13098123805577544,28:0.7841230360914679,29:0.03485478728927249,30:0.37495104005119184,31:0.02216395275239802,32:0.8929136575178765,33:0.5769628125639737,34:0.06667288146437766,35:0.7231392328407027,36:0.6486884432112373,37:0.6885250091362443,38:0.7373930824153664,39:0.7700688983463699,40:0.7447005343470269} with alpha 15.0 and beta 109.0, percentage 12.962962962962962
The arm 31 has vector {0:0.39104831313730004,1:0.39535623125395236,2:0.02887225702562679,3:0.6712977919446905,4:0.5058573987276335,5:0.011045796602872637,6:0.8135700083549899,7:0.09363951329326614,8:0.3755798118004796,9:0.08836454280917116,10:0.9313324251605247,11:0.41275315559552406,12:0.5546882318947095,13:0.16804848125971827,14:0.5329515986449532,15:0.6580540334551346,16:0.7236758380346205,17:0.5497508247193073,18:0.3301322196344201,19:0.48988173779237176,20:0.5273305157281936,21:0.7059627822533528,22:0.8289323063424983,23:0.7514406308343317,24:0.028210312815635685,25:0.30293706115711017,26:0.8680195043853093,27:0.800097736606905,28:0.46538273083198356,29:0.5870261289002844,30:0.2302272361382116,31:0.2656800771561111,32:0.9805388315071973,33:0.3425932434972434,34:0.5133167249651702,35:0.722558395745707,36:0.22835323155981613,37:0.5453310575686485,38:0.6038059904337619,39:0.856373151170784,40:0.302345940858749} with alpha 27.0 and beta 171.0, percentage 15.294117647058824
The arm 32 has vector {0:0.6512477949639822,1:0.5635376267530388,2:0.8547961616838982,3:0.04067573992443696,4:0.4174277723896396,5:0.8594582835592922,6:0.9588662524742729,7:0.5059158961486159,8:0.5684557856704082,9:0.6279513577848382,10:0.6448300354533869,11:0.08828699706508647,12:0.09113107342277804,13:0.9717939425254404,14:0.9903710010185331,15:0.7835401787661014,16:0.9221984980365706,17:0.9894750404568976,18:0.927064685683488,19:0.6585195732409105,20:0.8141791020832948,21:0.4583310072472647,22:0.8770994268427004,23:0.6633888874591145,24:0.9374153520299463,25:0.5410645089507465,26:0.6485937029486541,27:0.4874524365161277,28:0.32533174479551463,29:0.32913623558441496,30:0.5216980562987329,31:0.5410551377308284,32:0.5572990023037604,33:0.4429618018668625,34:0.6948030950848647,35:0.16304876041710326,36:0.29044631909916174,37:0.5817966728463226,38:0.8223444958210208,39:0.837926971694549,40:0.4223270258335654} with alpha 28.0 and beta 188.0, percentage 14.43850267379679
The arm 33 has vector {0:0.9044932927207091,1:0.4643215701487212,2:0.21842160003569988,3:0.040530427828685434,4:0.31467570783250054,5:0.9166972894294498,6:0.7128388263802973,7:0.05268913851278478,8:0.04254312090679524,9:0.15087289720673058,10:0.7658762981324485,11:0.7612710381254011,12:0.4116013444655312,13:0.5963816277415499,14:0.40809531689173006,15:0.13119547300572543,16:0.6430500745208341,17:0.24278883351635816,18:0.12535451363898353,19:0.7919141370472285,20:0.055622377229426534,21:0.2551325894064246,22:0.2812742865429213,23:0.8239776954425141,24:0.6735921353971462,25:0.16253128450378707,26:0.25589327666610173,27:0.9950496744156893,28:0.5553767880042356,29:0.6919173663958837,30:0.7452910960007875,31:0.25166978481944446,32:0.9143100263640197,33:0.5837711884258816,34:0.7786929214401048,35:0.9176217124254451,36:0.8371570583853595,37:0.19136219549288302,38:0.6099138358469014,39:0.8698467091369803,40:0.10115397444597751} with alpha 25.0 and beta 168.0, percentage 14.37125748502994
The arm 34 has vector {0:0.20642075993428866,1:0.4334100873607095,2:0.24155155327163813,3:0.032683641809954866,4:0.43617704542023394,5:0.25414103510505104,6:0.8665989388104304,7:0.43883477036721297,8:0.2727650507542865,9:0.273638519914849,10:0.35272953975147225,11:0.4200312309885885,12:0.543444501642653,13:0.6670152198430023,14:0.6797312465904756,15:0.8837999681488988,16:0.44161645166530383,17:0.25225417913617476,18:0.9288466067972287,19:0.4358807409789317,20:0.5627566266432262,21:0.7471099284511903,22:0.7126585512004704,23:0.24509141226119935,24:0.8333931520342274,25:0.3915594410935018,26:0.19426736722796456,27:0.4888117154238206,28:0.9003278014845562,29:0.02409798149550546,30:0.6663924877228219,31:0.8697541469387685,32:0.07554122387679618,33:0.905826384212549,34:0.17055854730595388,35:0.2775006584129286,36:0.7213256793062885,37:0.2669176624352555,38:0.4880461286660436,39:0.9281711552971658,40:0.3046286214345534} with alpha 86.0 and beta 448.0, percentage 19.015659955257274
The arm 35 has vector {0:0.6776276103124753,1:0.4662451359851806,2:0.9163509506050199,3:0.11144731214859827,4:0.11342154572671825,5:0.4109307547982235,6:0.13354359175499764,7:0.8919741903563019,8:0.09822947623748801,9:0.08485134358776658,10:0.6060467543261281,11:0.644221128238931,12:0.5908971426671191,13:0.1678820100812346,14:0.07839274912282557,15:0.025044808912715766,16:0.43272338676198974,17:0.9139597663462147,18:0.15757480813788416,19:0.9135058611594877,20:0.09532717740907204,21:0.6989979317579199,22:0.31510086660642234,23:0.06126498924287549,24:0.30812279387335106,25:0.5631576939011448,26:0.5566564467154952,27:0.8883004785091427,28:0.770170927610243,29:0.7426602324234405,30:0.23116904269043537,31:0.20319013763319493,32:0.4308149791571907,33:0.07193895691437402,34:0.5546752258296269,35:0.05466527077209593,36:0.6227524806916378,37:0.41380588917679095,38:0.789642405572919,39:0.540199552230324,40:0.9032530677779168} with alpha 10.0 and beta 90.0, percentage 10.112359550561797
The arm 36 has vector {0:0.09338652039323792,1:0.13237939165282753,2:0.17378795481294396,3:0.4432253956253528,4:0.8096390915741748,5:0.6864217078299082,6:0.9784044151808905,7:0.35366039746186306,8:0.9225002847464363,9:0.7861593359301224,10:0.07934668956765722,11:0.730721469371174,12:0.5405471437578651,13:0.8205247075317618,14:0.47846556185107925,15:0.8512001776196078,16:0.974078966884639,17:0.11523066919195835,18:0.9064567034851608,19:0.4768105921719925,20:0.017045394024217453,21:0.11993652814245592,22:0.34250806581325555,23:0.32927107236679354,24:0.8780304845913142,25:0.8414865431308746,26:0.5326395777224745,27:0.8676485423183266,28:0.15540851216149687,29:0.26080829712368503,30:0.4297825608294985,31:0.916872425284817,32:0.8240291060485413,33:0.6275482913120742,34:0.6829977701394837,35:0.20944300619957534,36:0.8153617319844266,37:0.21223245262785562,38:0.3936109411528277,39:0.39922072852657164,40:0.3664103833542144} with alpha 7.0 and beta 65.0, percentage 9.375
The arm 37 has vector {0:0.226110421799127,1:0.07891618113416665,2:0.8506128373272741,3:0.012323842768581339,4:0.11789324986904626,5:0.3210865728069311,6:0.03624329489805367,7:0.9301576430559544,8:0.038878927277433806,9:0.009585552470689818,10:0.23581716424397148,11:0.24297168293768656,12:0.34692573044803265,13:0.7569092315337325,14:0.7299272490424064,15:0.3613652065498201,16:0.5004565705949156,17:0.804572483615646,18:0.42495303646881144,19:0.07380703344575612,20:0.8293123955293059,21:0.14942525637409798,22:0.09152252398787886,23:0.364467031780651,24:0.5360295873485559,25:0.9849513855274318,26:0.24202264454363398,27:0.5763343060805761,28:0.8057408881342891,29:0.0026064244596972763,30:0.44762428548156186,31:0.33759086220020673,32:0.03854743984090492,33:0.7398494673854077,34:0.16410590004642278,35:0.08724637665985491,36:0.5064288138117145,37:0.9716026721385658,38:0.4871088560061867,39:0.8398190099032212,40:0.5114985276147015} with alpha 15.0 and beta 114.0, percentage 12.389380530973451
The arm 38 has vector {0:0.8397356383836994,1:0.9747051505314601,2:0.00963559649033996,3:0.525098337336628,4:0.6786419743544015,5:0.4659026777881283,6:0.14126750017317968,7:0.4025536066740324,8:0.6709487941465421,9:0.12645839086831356,10:0.5955017424981546,11:0.23547722771810964,12:0.007685180541719072,13:0.09185320061373725,14:0.6440290319475338,15:0.13714085113699415,16:0.021891984544149756,17:0.547464798156992,18:0.7869833812058648,19:0.6678998775570609,20:0.9444593366173034,21:0.5522937788949527,22:0.19066865580935277,23:0.10828402336114573,24:0.5228451552014605,25:0.7453915820567533,26:0.8093862979842315,27:0.2901973269595638,28:0.30532428113225996,29:0.8146798997206409,30:0.877941234893073,31:0.3239896171917648,32:0.08668571746575737,33:0.8917093729255631,34:0.12864402932068708,35:0.3703505710531031,36:0.8294941317894464,37:0.799028835634236,38:0.8072420955883374,39:0.5259371768133753,40:0.1931996742038392} with alpha 5.0 and beta 58.0, percentage 7.017543859649122
The arm 39 has vector {0:0.32851190986064605,1:0.5262180156452666,2:0.4766626635111547,3:0.427066308133901,4:0.4261252162159397,5:0.836566141944446,6:0.5773405863749937,7:0.15458248001367936,8:0.841591759099477,9:0.4684533062935107,10:0.19313208374823365,11:0.6045795401660179,12:0.04258228298552802,13:0.2675136734346576,14:0.839364251381104,15:0.3004317729120044,16:0.8577241720371076,17:0.5685936823881317,18:0.08243473484481123,19:0.8528024316098052,20:0.4892522849098986,21:0.012278511639818634,22:0.414277392341697,23:0.2155200816167291,24:0.06381345412488271,25:0.31438221310263226,26:0.008758762335024817,27:0.3102479656377919,28:0.6236164783368993,29:0.056506683301886906,30:0.9250177294103276,31:0.6138508433378671,32:0.168208695498976,33:0.7691824285295816,34:0.4124670987621487,35:0.8587959934764063,36:0.3530381607270886,37:0.5498502228880181,38:0.5010874258552637,39:0.24808884367505502,40:0.5399135686103607} with alpha 15.0 and beta 110.0, percentage 12.844036697247708
The arm 40 has vector {0:0.3936983578412866,1:0.7404704684025007,2:0.23742201043731126,3:0.20865895010276003,4:0.7839688284692007,5:0.2618348977017184,6:0.9021802844044968,7:0.862854477008858,8:0.8622431490296517,9:0.6993462383776577,10:0.6484780194556812,11:0.5063460172679904,12:0.8892296972575842,13:0.27434938606957493,14:0.34344212424580334,15:0.039146379070771564,16:0.6115332837420568,17:0.18408717711174272,18:0.866254070956315,19:0.23441779213102443,20:0.2828081472599183,21:0.6519314319788473,22:0.8296734353087112,23:0.5435870342990279,24:0.9460914308043298,25:0.6261133728795001,26:0.42637977980417785,27:0.9738164992228792,28:0.9579733216299818,29:0.30912946150970655,30:0.3545842219146984,31:0.18328508823498546,32:0.10196895754006341,33:0.964625909822524,34:0.5807330990316133,35:0.40913994040789226,36:0.28689908229963434,37:0.8020229835620853,38:0.04654578789494146,39:0.3411348264176929,40:0.794362578177448} with alpha 1.0 and beta 31.0, percentage 0.0
The arm 41 has vector {0:0.964495629435964,1:0.44097042307112344,2:0.6256320393929036,3:0.689294656945391,4:0.03047266038178109,5:0.4324639910024046,6:0.39651590329321507,7:0.4009806808341161,8:0.42442895584223395,9:0.31278815986307484,10:0.2811588957719757,11:0.9764718195513449,12:0.030777813052584424,13:0.8156954573373827,14:0.4299665927079487,15:0.420381035937905,16:0.06035794514810422,17:0.8206555467089623,18:0.2030153636898605,19:0.3004220229680672,20:0.1450801185879922,21:0.8085400819074993,22:0.5653698617444454,23:0.835476316814606,24:0.4909135532964768,25:0.32757231591817326,26:0.12970868175286177,27:0.9956468666298953,28:0.38913149752840026,29:0.20492327725424953,30:0.3715169165011073,31:0.06161965319855767,32:0.2628334870922622,33:0.9647184728432228,34:0.39982649564022454,35:0.10896852793419398,36:0.8729516148734761,37:0.1848243323715314,38:0.10255107090985605,39:0.9350943563160496,40:0.026045903484260502} with alpha 67.0 and beta 365.0, percentage 18.13186813186813
The arm 42 has vector {0:0.6747119574811689,1:0.332511913169261,2:0.9356643738091067,3:0.7460093760467298,4:0.5139578023953119,5:0.34966642994918895,6:0.9870588453525019,7:0.9199153741211558,8:0.6214807982203439,9:0.7318185233070962,10:0.38937152987021095,11:0.01733149958711877,12:0.9295336629132877,13:0.20915135578661903,14:0.09353811042955729,15:0.5906663976098632,16:0.7475736025432012,17:0.17475307360998327,18:0.8535826861056774,19:0.9266037919002146,20:0.7115725853715466,21:0.5908735092068735,22:0.8192972723641269,23:0.1526716639929755,24:0.4370320710160126,25:0.36415888831248533,26:0.49330003666525657,27:0.6439461148579394,28:0.5373593953488196,29:0.1188238586451974,30:0.8752549270935993,31:0.9556819276623042,32:0.2051201258405101,33:0.4584031940114669,34:0.8551558237316365,35:0.14382475318865473,36:0.5544497475299179,37:0.49430606456445647,38:0.8989016668544293,39:0.24694220983065818,40:0.007668922735050154} with alpha 3.0 and beta 48.0, percentage 4.25531914893617
The arm 43 has vector {0:0.6666232624504667,1:0.3610816453243949,2:0.6836878337858249,3:0.5725423858383442,4:0.20428092682265586,5:0.11065992064077768,6:0.1795870267526265,7:0.058862165228523944,8:0.20390459025171437,9:0.4929762347582306,10:0.8895805189971989,11:0.8686549258338027,12:0.14387697819598666,13:0.6040886460444392,14:0.05416241250842391,15:0.6546115678415677,16:0.9683237554884013,17:0.19676039776163612,18:0.7029772522462432,19:0.7917177235464858,20:0.4268732422668323,21:0.19550377068518876,22:0.9476874583496998,23:0.8572693361535196,24:0.09501850634679021,25:0.07860177280215841,26:0.3621137740881507,27:0.09486374836704359,28:0.6285041339708732,29:0.44749318503683067,30:0.4083251275099453,31:0.20649757298423022,32:0.9476768915588755,33:0.12797970723630026,34:0.9818450342383808,35:0.5412495890420542,36:0.3377983935495812,37:0.9362972156268281,38:0.6598509613718646,39:0.37615377623885815,40:0.5292689116556396} with alpha 14.0 and beta 110.0, percentage 11.926605504587156
The arm 44 has vector {0:0.05541964457716064,1:0.24159242956048577,2:0.9494809550819697,3:0.2570409241388234,4:0.6966421271030611,5:0.9071868958977649,6:0.8340247582216289,7:0.1780400477876789,8:0.13161209417942354,9:0.6418483676296384,10:0.7000778635879231,11:0.19865624768560475,12:0.6819204872120964,13:0.5900818554729209,14:0.7817665702405912,15:0.2095757016645312,16:0.9859366735005533,17:0.015050001638710286,18:0.5016994180469636,19:0.29853234931800565,20:0.7351165448676753,21:0.8479479436199746,22:0.7145715409260122,23:0.8701215107587439,24:0.6935488675154727,25:0.6690857165518928,26:0.14325347327219962,27:0.2969528842154249,28:0.8117832034625945,29:0.06324849605307781,30:0.7959261031430542,31:0.9831841513369838,32:0.5689905743532665,33:0.36552903019050353,34:0.8689401763151383,35:0.9147900754277464,36:0.8825075645743357,37:0.6740580190304972,38:0.31882376077382313,39:0.4895983330993475,40:0.5036059943739098} with alpha 7.0 and beta 71.0, percentage 8.571428571428571
The arm 45 has vector {0:0.9368856042190983,1:0.6145783242885772,2:0.45805674496584714,3:0.8816780511587622,4:0.7201329903429603,5:0.908887556329563,6:0.15284362625868053,7:0.3151330558601405,8:0.38214979850203545,9:0.8330524002685543,10:0.3030207085031533,11:0.9573896303851918,12:0.9731196155043778,13:0.3374098852107723,14:0.755965100034644,15:0.74508703670147,16:0.5347790947430193,17:0.8106096866108421,18:0.8421617094557524,19:0.6029490488892839,20:0.8465091988782011,21:0.2727447399643801,22:0.5041548901475915,23:0.14262997625236506,24:0.9783489631693777,25:0.634072593206672,26:0.3926103547408214,27:0.6272654718152444,28:0.3183085816271237,29:0.08644879683720541,30:0.8768893651377977,31:0.18253694576776547,32:0.6496656428960894,33:0.43158353324641907,34:0.6084243994900613,35:0.1329421531114745,36:0.4300551929171914,37:0.7892426222453578,38:0.9146893337744376,39:0.6646545489696308,40:0.6117195218076509} with alpha 17.0 and beta 114.0, percentage 14.15929203539823
The arm 46 has vector {0:0.060241607878702697,1:0.6282990367033253,2:0.1704555386609794,3:0.09484535438595099,4:0.3848836577652923,5:0.06739547477973717,6:0.496446115415594,7:0.2784209035444567,8:0.011337646599804296,9:0.46388047327120063,10:0.24910061476545087,11:0.40400343039242514,12:0.23993135344606087,13:0.6427753072818672,14:0.29997688769707864,15:0.1382246394770683,16:0.5307031118992244,17:0.4455244108495583,18:0.7187850856610123,19:0.8025331138084466,20:0.04804381393779866,21:0.9579317097326904,22:0.337989472841833,23:0.014408030250574688,24:0.31674946561216655,25:0.9308674047459305,26:0.3961486698048188,27:0.35564488381803105,28:0.7436202827331633,29:0.36085574923328745,30:0.2507449831421351,31:0.5474295369971326,32:0.3967360793771718,33:0.02348558363086417,34:0.03752843791198501,35:0.24907859342429506,36:0.11106179084341294,37:0.37044933419334924,38:0.41177773148167784,39:0.15466906643393918,40:0.95265998347722} with alpha 16.0 and beta 117.0, percentage 12.931034482758621
The arm 47 has vector {0:0.5007873246182217,1:0.9489195591757461,2:0.33387590107873744,3:0.7860310840555367,4:0.9373278650838873,5:0.7597490994447762,6:0.9771715490346663,7:0.16960049628315754,8:0.20330993288391142,9:0.4545596009092677,10:0.4855345702495585,11:0.2933848607901811,12:0.9300165322395126,13:0.19290162277091982,14:0.6810238705547148,15:0.8599167742728847,16:0.4510170783573443,17:0.6985593679357612,18:0.2881822826880792,19:0.021963639278482106,20:0.6173067827470079,21:0.2181684332731164,22:0.9899806843688148,23:0.7242766657276891,24:0.03404407267661158,25:0.15623589723425946,26:0.9743688842808063,27:0.4954342501036596,28:0.3028199298026647,29:0.1990621736873993,30:0.45595946864792736,31:0.20054122760925452,32:0.48638312826296426,33:0.5170959635775602,34:0.79357769378321,35:0.5033110276450724,36:0.8758058379386535,37:0.15570135780068906,38:0.3239790101497563,39:0.9299738216349422,40:0.03487460812641496} with alpha 20.0 and beta 143.0, percentage 13.380281690140844
The arm 48 has vector {0:0.3319808136826551,1:0.7016256703638741,2:0.6472908755126803,3:0.36394482042483867,4:0.11674167682626257,5:0.5353927167071032,6:0.1377082910765599,7:0.13054345703547687,8:0.3281360557186488,9:0.5775385800469697,10:0.4090258821612467,11:0.6298751644447715,12:0.11754402390849861,13:0.46941199839253633,14:0.40652175721792594,15:0.5344160558354965,16:0.2744020205239319,17:0.5833972734579428,18:0.48893381459501417,19:0.01945695428843619,20:0.5903169297066568,21:0.34737034614191886,22:0.9788815446427939,23:0.8195333114160479,24:0.4236094682503765,25:0.6755819183853765,26:0.5972162736432267,27:0.16294182301804716,28:0.26125652061568494,29:0.8636198198262676,30:0.48992074070769176,31:0.9960902532462379,32:0.935850465906005,33:0.9110391095010338,34:0.5896061568873645,35:0.6853396801892414,36:0.5546299960022304,37:0.6049579390839185,38:0.8590792433096731,39:0.0647845379045785,40:0.44205030564613823} with alpha 19.0 and beta 134.0, percentage 13.533834586466165
The arm 49 has vector {0:0.7286429664319353,1:0.24321102033179354,2:0.39575344590861306,3:0.056323503081648685,4:0.5036669458581025,5:0.18589323994744944,6:0.1892264619751295,7:0.7598808067009274,8:0.7816145402284347,9:0.3735645751436526,10:0.10702491940871528,11:0.5081704444065477,12:0.5841173766589786,13:0.7813828499508407,14:0.022033759439580858,15:0.681300260579486,16:0.1252991533885316,17:0.19768101183605247,18:0.518660426560815,19:0.4881564566310659,20:0.3060417254427301,21:0.7836576100713671,22:0.18700427724876767,23:0.3842259925517293,24:0.7873894895298797,25:0.3563172746880492,26:0.8154534813913057,27:0.7606394882470178,28:0.9242873849995028,29:0.691654986347852,30:0.07930304388528109,31:0.9696145368447037,32:0.5804063034820424,33:0.8361070381443524,34:0.2620545622027509,35:0.9398072625270197,36:0.5462987717265158,37:0.6359082687709651,38:0.8291696135252513,39:0.6603489465191832,40:0.14948445298104407} with alpha 9.0 and beta 67.0, percentage 12.121212121212121
The best arm is 34 with vector {0:0.20642075993428866,1:0.4334100873607095,2:0.24155155327163813,3:0.032683641809954866,4:0.43617704542023394,5:0.25414103510505104,6:0.8665989388104304,7:0.43883477036721297,8:0.2727650507542865,9:0.273638519914849,10:0.35272953975147225,11:0.4200312309885885,12:0.543444501642653,13:0.6670152198430023,14:0.6797312465904756,15:0.8837999681488988,16:0.44161645166530383,17:0.25225417913617476,18:0.9288466067972287,19:0.4358807409789317,20:0.5627566266432262,21:0.7471099284511903,22:0.7126585512004704,23:0.24509141226119935,24:0.8333931520342274,25:0.3915594410935018,26:0.19426736722796456,27:0.4888117154238206,28:0.9003278014845562,29:0.02409798149550546,30:0.6663924877228219,31:0.8697541469387685,32:0.07554122387679618,33:0.905826384212549,34:0.17055854730595388,35:0.2775006584129286,36:0.7213256793062885,37:0.2669176624352555,38:0.4880461286660436,39:0.9281711552971658,40:0.3046286214345534} with alpha 86.0 and beta 448.0, percentage 19.015659955257274
The right guesses are: 840 which means 13.696396543290396% correct
Done
The current arm is 34 with vector {0:0.20642075993428866,1:0.4334100873607095,2:0.24155155327163813,3:0.032683641809954866,4:0.43617704542023394,5:0.25414103510505104,6:0.8665989388104304,7:0.43883477036721297,8:0.2727650507542865,9:0.273638519914849,10:0.35272953975147225,11:0.4200312309885885,12:0.543444501642653,13:0.6670152198430023,14:0.6797312465904756,15:0.8837999681488988,16:0.44161645166530383,17:0.25225417913617476,18:0.9288466067972287,19:0.4358807409789317,20:0.5627566266432262,21:0.7471099284511903,22:0.7126585512004704,23:0.24509141226119935,24:0.8333931520342274,25:0.3915594410935018,26:0.19426736722796456,27:0.4888117154238206,28:0.9003278014845562,29:0.02409798149550546,30:0.6663924877228219,31:0.8697541469387685,32:0.07554122387679618,33:0.905826384212549,34:0.17055854730595388,35:0.2775006584129286,36:0.7213256793062885,37:0.2669176624352555,38:0.4880461286660436,39:0.9281711552971658,40:0.3046286214345534} with alpha 87.0 and beta 663.0
The order information:
Date: 2012-05-09T17:07:05.000+02:00
It predicted these items for order 1778911 :
   31560 with score of 682.4925465589986
   752 with score of 337.8166028709539
   27900 with score of 241.29609460152597
   748 with score of 229.24897280083792
   5003 with score of 213.73559235857863
   20430 with score of 212.45724611409386
   21714 with score of 207.18683932812905
   27576 with score of 181.8139701706902
   11832 with score of 179.52104697463537
   23467 with score of 174.31711405222654
These are the actual items bought: 
   11832
   30233
The current arm is 34 with vector {0:0.20642075993428866,1:0.4334100873607095,2:0.24155155327163813,3:0.032683641809954866,4:0.43617704542023394,5:0.25414103510505104,6:0.8665989388104304,7:0.43883477036721297,8:0.2727650507542865,9:0.273638519914849,10:0.35272953975147225,11:0.4200312309885885,12:0.543444501642653,13:0.6670152198430023,14:0.6797312465904756,15:0.8837999681488988,16:0.44161645166530383,17:0.25225417913617476,18:0.9288466067972287,19:0.4358807409789317,20:0.5627566266432262,21:0.7471099284511903,22:0.7126585512004704,23:0.24509141226119935,24:0.8333931520342274,25:0.3915594410935018,26:0.19426736722796456,27:0.4888117154238206,28:0.9003278014845562,29:0.02409798149550546,30:0.6663924877228219,31:0.8697541469387685,32:0.07554122387679618,33:0.905826384212549,34:0.17055854730595388,35:0.2775006584129286,36:0.7213256793062885,37:0.2669176624352555,38:0.4880461286660436,39:0.9281711552971658,40:0.3046286214345534} with alpha 238.0 and beta 1663.0
The order information:
Date: 2012-05-10T17:54:43.000+02:00
It predicted these items for order 1779917 :
   31560 with score of 677.0090904876708
   752 with score of 355.6669229177568
   748 with score of 241.4906140732102
   27900 with score of 239.95794827605306
   5003 with score of 222.4768011224081
   21714 with score of 214.64419886734223
   20430 with score of 209.41605417792934
   29669 with score of 186.3192096281053
   27576 with score of 183.60870679243408
   11832 with score of 174.8030995717724
These are the actual items bought: 
   30342
   23374
   32289
The current arm is 34 with vector {0:0.20642075993428866,1:0.4334100873607095,2:0.24155155327163813,3:0.032683641809954866,4:0.43617704542023394,5:0.25414103510505104,6:0.8665989388104304,7:0.43883477036721297,8:0.2727650507542865,9:0.273638519914849,10:0.35272953975147225,11:0.4200312309885885,12:0.543444501642653,13:0.6670152198430023,14:0.6797312465904756,15:0.8837999681488988,16:0.44161645166530383,17:0.25225417913617476,18:0.9288466067972287,19:0.4358807409789317,20:0.5627566266432262,21:0.7471099284511903,22:0.7126585512004704,23:0.24509141226119935,24:0.8333931520342274,25:0.3915594410935018,26:0.19426736722796456,27:0.4888117154238206,28:0.9003278014845562,29:0.02409798149550546,30:0.6663924877228219,31:0.8697541469387685,32:0.07554122387679618,33:0.905826384212549,34:0.17055854730595388,35:0.2775006584129286,36:0.7213256793062885,37:0.2669176624352555,38:0.4880461286660436,39:0.9281711552971658,40:0.3046286214345534} with alpha 385.0 and beta 2663.0
The order information:
Date: 2012-05-11T22:39:32.000+02:00
It predicted these items for order 1780921 :
   31560 with score of 642.8812121876342
   752 with score of 357.87243565291317
   748 with score of 304.15332163816163
   27900 with score of 223.8093008304991
   20430 with score of 214.58209547519698
   21714 with score of 209.04459864635083
   29669 with score of 199.3853041894682
   5003 with score of 199.11578611964597
   27576 with score of 191.4782241834738
   23467 with score of 174.4741051665028
These are the actual items bought: 
   31776
The current arm is 34 with vector {0:0.20642075993428866,1:0.4334100873607095,2:0.24155155327163813,3:0.032683641809954866,4:0.43617704542023394,5:0.25414103510505104,6:0.8665989388104304,7:0.43883477036721297,8:0.2727650507542865,9:0.273638519914849,10:0.35272953975147225,11:0.4200312309885885,12:0.543444501642653,13:0.6670152198430023,14:0.6797312465904756,15:0.8837999681488988,16:0.44161645166530383,17:0.25225417913617476,18:0.9288466067972287,19:0.4358807409789317,20:0.5627566266432262,21:0.7471099284511903,22:0.7126585512004704,23:0.24509141226119935,24:0.8333931520342274,25:0.3915594410935018,26:0.19426736722796456,27:0.4888117154238206,28:0.9003278014845562,29:0.02409798149550546,30:0.6663924877228219,31:0.8697541469387685,32:0.07554122387679618,33:0.905826384212549,34:0.17055854730595388,35:0.2775006584129286,36:0.7213256793062885,37:0.2669176624352555,38:0.4880461286660436,39:0.9281711552971658,40:0.3046286214345534} with alpha 548.0 and beta 3663.0
The order information:
Date: 2012-05-13T15:53:25.000+02:00
It predicted these items for order 1781930 :
   31560 with score of 591.544839466089
   752 with score of 351.8488658615644
   748 with score of 335.90264479812254
   21714 with score of 230.38754261894982
   5003 with score of 222.206213893582
   20430 with score of 218.06020713351987
   27900 with score of 209.3194664550834
   29669 with score of 200.67569310783767
   27576 with score of 194.5500209513835
   23467 with score of 173.19326695660118
These are the actual items bought: 
   2084
   29003
   31950
   20990
   31940
   30573
   20678
   30195
   25363
   27900
The current arm is 34 with vector {0:0.20642075993428866,1:0.4334100873607095,2:0.24155155327163813,3:0.032683641809954866,4:0.43617704542023394,5:0.25414103510505104,6:0.8665989388104304,7:0.43883477036721297,8:0.2727650507542865,9:0.273638519914849,10:0.35272953975147225,11:0.4200312309885885,12:0.543444501642653,13:0.6670152198430023,14:0.6797312465904756,15:0.8837999681488988,16:0.44161645166530383,17:0.25225417913617476,18:0.9288466067972287,19:0.4358807409789317,20:0.5627566266432262,21:0.7471099284511903,22:0.7126585512004704,23:0.24509141226119935,24:0.8333931520342274,25:0.3915594410935018,26:0.19426736722796456,27:0.4888117154238206,28:0.9003278014845562,29:0.02409798149550546,30:0.6663924877228219,31:0.8697541469387685,32:0.07554122387679618,33:0.905826384212549,34:0.17055854730595388,35:0.2775006584129286,36:0.7213256793062885,37:0.2669176624352555,38:0.4880461286660436,39:0.9281711552971658,40:0.3046286214345534} with alpha 692.0 and beta 4663.0
The order information:
Date: 2012-05-14T16:46:54.000+02:00
It predicted these items for order 1782931 :
   31560 with score of 583.30631854556
   748 with score of 375.94451012148147
   752 with score of 341.11384219416937
   21714 with score of 230.42197808079558
   5003 with score of 225.69527173268887
   27576 with score of 216.83200843271925
   20430 with score of 214.12497595630796
   27900 with score of 210.53475185072045
   29669 with score of 200.23244562752555
   23467 with score of 184.97253711644254
These are the actual items bought: 
   32564
The current arm is 34 with vector {0:0.20642075993428866,1:0.4334100873607095,2:0.24155155327163813,3:0.032683641809954866,4:0.43617704542023394,5:0.25414103510505104,6:0.8665989388104304,7:0.43883477036721297,8:0.2727650507542865,9:0.273638519914849,10:0.35272953975147225,11:0.4200312309885885,12:0.543444501642653,13:0.6670152198430023,14:0.6797312465904756,15:0.8837999681488988,16:0.44161645166530383,17:0.25225417913617476,18:0.9288466067972287,19:0.4358807409789317,20:0.5627566266432262,21:0.7471099284511903,22:0.7126585512004704,23:0.24509141226119935,24:0.8333931520342274,25:0.3915594410935018,26:0.19426736722796456,27:0.4888117154238206,28:0.9003278014845562,29:0.02409798149550546,30:0.6663924877228219,31:0.8697541469387685,32:0.07554122387679618,33:0.905826384212549,34:0.17055854730595388,35:0.2775006584129286,36:0.7213256793062885,37:0.2669176624352555,38:0.4880461286660436,39:0.9281711552971658,40:0.3046286214345534} with alpha 796.0 and beta 5663.0
The order information:
Date: 2012-05-15T15:02:20.000+02:00
It predicted these items for order 1783936 :
   31560 with score of 566.8519233837676
   748 with score of 391.22742697324725
   752 with score of 312.0993499594172
   27576 with score of 238.1797630503218
   21714 with score of 231.3106867034815
   5003 with score of 230.52268440539282
   20430 with score of 204.98688758445326
   29669 with score of 198.92731487109404
   27900 with score of 198.7636919915279
   23467 with score of 185.45562183899992
These are the actual items bought: 
   12096
The arm 34 has vector {0:0.20642075993428866,1:0.4334100873607095,2:0.24155155327163813,3:0.032683641809954866,4:0.43617704542023394,5:0.25414103510505104,6:0.8665989388104304,7:0.43883477036721297,8:0.2727650507542865,9:0.273638519914849,10:0.35272953975147225,11:0.4200312309885885,12:0.543444501642653,13:0.6670152198430023,14:0.6797312465904756,15:0.8837999681488988,16:0.44161645166530383,17:0.25225417913617476,18:0.9288466067972287,19:0.4358807409789317,20:0.5627566266432262,21:0.7471099284511903,22:0.7126585512004704,23:0.24509141226119935,24:0.8333931520342274,25:0.3915594410935018,26:0.19426736722796456,27:0.4888117154238206,28:0.9003278014845562,29:0.02409798149550546,30:0.6663924877228219,31:0.8697541469387685,32:0.07554122387679618,33:0.905826384212549,34:0.17055854730595388,35:0.2775006584129286,36:0.7213256793062885,37:0.2669176624352555,38:0.4880461286660436,39:0.9281711552971658,40:0.3046286214345534} with alpha 851.0 and beta 6134.0, percentage 13.85944888309147
The best arm is 34 with vector {0:0.20642075993428866,1:0.4334100873607095,2:0.24155155327163813,3:0.032683641809954866,4:0.43617704542023394,5:0.25414103510505104,6:0.8665989388104304,7:0.43883477036721297,8:0.2727650507542865,9:0.273638519914849,10:0.35272953975147225,11:0.4200312309885885,12:0.543444501642653,13:0.6670152198430023,14:0.6797312465904756,15:0.8837999681488988,16:0.44161645166530383,17:0.25225417913617476,18:0.9288466067972287,19:0.4358807409789317,20:0.5627566266432262,21:0.7471099284511903,22:0.7126585512004704,23:0.24509141226119935,24:0.8333931520342274,25:0.3915594410935018,26:0.19426736722796456,27:0.4888117154238206,28:0.9003278014845562,29:0.02409798149550546,30:0.6663924877228219,31:0.8697541469387685,32:0.07554122387679618,33:0.905826384212549,34:0.17055854730595388,35:0.2775006584129286,36:0.7213256793062885,37:0.2669176624352555,38:0.4880461286660436,39:0.9281711552971658,40:0.3046286214345534} with alpha 851.0 and beta 6134.0, percentage 13.85944888309147
The right guesses are: 850 which means 13.85944888309147% correct
Done
The current arm is 0 with vector {0:0.13290464215919717} with alpha 77.0 and beta 663.0
The order information:
Date: 2012-05-09T17:07:05.000+02:00
It predicted these items for order 1778911 :
   31560 with score of 1066.0
   27900 with score of 422.0
   752 with score of 403.0
   20430 with score of 379.0
   748 with score of 359.0
   11832 with score of 300.0
   5003 with score of 297.0
   31553 with score of 290.0
   21714 with score of 288.0
   27576 with score of 244.0
These are the actual items bought: 
   11832
   30233
The current arm is 0 with vector {0:0.13290464215919717} with alpha 229.0 and beta 1663.0
The order information:
Date: 2012-05-10T17:54:43.000+02:00
It predicted these items for order 1779917 :
   31560 with score of 1088.0
   752 with score of 413.0
   27900 with score of 410.0
   748 with score of 374.0
   20430 with score of 372.0
   5003 with score of 305.0
   11832 with score of 303.0
   21714 with score of 299.0
   31553 with score of 298.0
   29669 with score of 270.0
These are the actual items bought: 
   30342
   23374
   32289
The current arm is 0 with vector {0:0.13290464215919717} with alpha 370.0 and beta 2663.0
The order information:
Date: 2012-05-11T22:39:32.000+02:00
It predicted these items for order 1780921 :
   31560 with score of 1028.0
   748 with score of 422.0
   752 with score of 420.0
   27900 with score of 389.0
   20430 with score of 366.0
   5003 with score of 311.0
   21714 with score of 304.0
   11832 with score of 298.0
   29669 with score of 282.0
   31553 with score of 275.0
These are the actual items bought: 
   31776
The current arm is 0 with vector {0:0.13290464215919717} with alpha 533.0 and beta 3663.0
The order information:
Date: 2012-05-13T15:53:25.000+02:00
It predicted these items for order 1781930 :
   31560 with score of 990.0
   748 with score of 443.0
   752 with score of 428.0
   20430 with score of 368.0
   27900 with score of 354.0
   5003 with score of 334.0
   21714 with score of 325.0
   29669 with score of 279.0
   11832 with score of 277.0
   27576 with score of 269.0
These are the actual items bought: 
   2084
   29003
   31950
   20990
   31940
   30573
   20678
   30195
   25363
   27900
The current arm is 0 with vector {0:0.13290464215919717} with alpha 679.0 and beta 4663.0
The order information:
Date: 2012-05-14T16:46:54.000+02:00
It predicted these items for order 1782931 :
   31560 with score of 989.0
   748 with score of 475.0
   752 with score of 445.0
   20430 with score of 361.0
   27900 with score of 339.0
   5003 with score of 338.0
   21714 with score of 331.0
   27576 with score of 302.0
   31553 with score of 286.0
   11832 with score of 282.0
These are the actual items bought: 
   32564
The current arm is 0 with vector {0:0.13290464215919717} with alpha 777.0 and beta 5663.0
The order information:
Date: 2012-05-15T15:02:20.000+02:00
It predicted these items for order 1783936 :
   31560 with score of 991.0
   748 with score of 496.0
   752 with score of 448.0
   20430 with score of 354.0
   5003 with score of 349.0
   21714 with score of 335.0
   27900 with score of 326.0
   27576 with score of 323.0
   31553 with score of 280.0
   11832 with score of 277.0
These are the actual items bought: 
   12096
The arm 0 has vector {0:0.13290464215919717} with alpha 831.0 and beta 6134.0, percentage 13.53334420348932
The best arm is 0 with vector {0:0.13290464215919717} with alpha 831.0 and beta 6134.0, percentage 13.53334420348932
The right guesses are: 830 which means 13.53334420348932% correct
Done
635
