Items: 31014,2,2012-03-22 09:35:15.730000000,2013-01-31 22:08:19.360000000,0,0000000000000000000000000000000000000000000000000000000000000000000000000000000000000000000010000000000000000000000000000000000000000000000000000000000000000000000000000000000000000000000000000000000000000000000000000000000000000000000000000000000000000000
Items: 16065,3,2010-10-12 09:05:28.623000000,2011-10-19 12:41:59.293000000,0,0000000000000000000000000000000000000000000000000000000000000000000000000000000000000000000100000000000000000000000000000000000000000000000000000000000000000000000000000000000000000000000000000000000000000000000000000000000000000000000000000000000000000000
Items: 2897,1,2010-07-28 15:55:07.423000000,2013-07-15 05:02:15.650000000,0,0000000000000000000000000000000000000000000000000000000000000000000000000000000000000000000100000000000000000000000000000000000000000000000000000000000000000000000000000000000000000000000000000000000000000000000000000000000000000000000000000000000000000000
Users: 46671,2009-07-31 17:52:05.423000000,45238,,0
Users: 117404,2012-02-11 18:20:17.737000000,30295,1989-02-13 00:00:00,1
Users: 185087,2009-07-31 19:48:45.310000000,54234,1986-06-04 00:00:00,1
Users: 242612,2011-12-03 21:34:16.640000000,90627,1990-07-23 00:00:00,2
Users: 294436,2011-03-16 09:05:23.647000000,72233,1994-04-25 00:00:00,1
Users: 345704,2011-11-11 20:55:14.437000000,68600,1994-06-05 00:00:00,2
Users: 399809,2012-09-17 14:43:42.033000000,44491,1997-12-12 00:00:00,1
Users: 455390,2012-12-20 16:02:28.573000000,3274,1978-06-02 00:00:00,2
Users: 525182,2013-07-28 12:33:53.590000000,53372,1990-06-17 00:00:00,0
Orders: 35022,1033356,1457,2009-10-18 21:46:53.347000000
Orders: 214698,1082559,614,2010-01-24 20:16:55.153000000
Orders: 226305,1122161,1501,2010-03-20 16:23:03.950000000
Orders: 46541,1167569,11120,2010-05-26 12:55:02.417000000
Orders: 75824,1208142,11119,2010-07-27 23:14:48.377000000
Orders: 13287,1248778,12826,2010-09-21 21:56:27.157000000
Orders: 272654,1296031,653,2010-12-01 18:41:36.730000000
Orders: 285359,1344258,18628,2011-01-28 14:59:09.743000000
Orders: 157456,1388262,18371,2011-03-17 11:46:02.120000000
Orders: 307265,1432210,758,2011-04-29 21:28:48.340000000
Orders: 271030,1473349,21803,2011-06-14 15:24:35.467000000
Orders: 275827,1511037,21829,2011-07-28 21:58:50.970000000
Orders: 62527,1550712,24845,2011-09-10 18:44:47.023000000
Orders: 293365,1597283,27523,2011-11-12 08:21:31.203000000
Orders: 158173,1649466,24361,2011-12-28 14:06:54.430000000
Orders: 371623,1691322,28947,2012-01-31 15:54:20.570000000
Orders: 151193,1739094,2144,2012-03-22 17:02:48.527000000
Orders: 71320,1784958,7874,2012-05-16 17:00:59.817000000
Orders: 287161,1827735,20480,2012-06-29 22:23:24.193000000
Orders: 271514,1866722,31203,2012-08-11 21:38:56.863000000
Orders: 428803,1915657,35460,2012-10-09 20:15:44.210000000
Orders: 444954,1966435,29677,2012-12-01 22:51:49.073000000
Orders: 460415,2018674,31695,2013-01-07 22:20:30.543000000
Orders: 381441,2066329,35170,2013-02-19 22:08:16.833000000
Orders: 485606,2112774,39306,2013-03-26 15:04:37.277000000
Orders: 423890,2161061,11304,2013-05-03 09:35:38.190000000
Orders: 314770,2207605,26096,2013-06-05 19:04:54.837000000
Orders: 287308,2249841,40450,2013-07-13 20:23:09.463000000
Orders: 255027,2289235,33612,2013-08-13 17:15:05.073000000
Orders: 466261,2331294,43871,2013-09-15 21:02:00.180000000
Orders: 446724,2379393,448,2013-11-01 19:20:53.627000000

Startup information:
First order in training stage: 700000
First order in evaluation stage: 771338
Last order in evaluation stage: 859594

Number of orders in training stage: 71338
Number of orders in evaluation stage: 88256

The order information:
Date: 2012-05-10T17:54:43.000+02:00
It predicted these items for order 1779917 :
   8862 with score of 7.75
   1663 with score of 5.75
   5003 with score of 5.5
   29669 with score of 5.5
   31777 with score of 3.5
   28284 with score of 3.5
   23469 with score of 3.25
   23913 with score of 3.0
   29685 with score of 2.75
   23467 with score of 2.75
These are the actual items bought: 
   30342
   23374
   32289
The order information:
Date: 2012-05-13T15:53:25.000+02:00
It predicted these items for order 1781930 :
   31042 with score of 17.375
   23318 with score of 14.0
   23250 with score of 11.375
   1023 with score of 5.875
   4806 with score of 5.5
   23364 with score of 5.0
   1002 with score of 4.5
   20990 with score of 4.375
   27659 with score of 3.875
   22855 with score of 3.625
These are the actual items bought: 
   2084
   29003
   31950
   20990
   31940
   30573
   20678
   30195
   25363
   27900
The order information:
Date: 2012-05-20T19:46:05.000+02:00
It predicted these items for order 1787986 :
   11380 with score of 4.999999999999999
   5003 with score of 4.0
   28670 with score of 2.333333333333333
   4936 with score of 2.333333333333333
   19742 with score of 2.333333333333333
   17310 with score of 1.9999999999999998
   27576 with score of 1.6666666666666665
   18317 with score of 1.6666666666666665
   12096 with score of 1.6666666666666665
   572 with score of 1.6666666666666665
These are the actual items bought: 
   9892
   2750
   30011
The order information:
Date: 2012-05-23T10:57:04.000+02:00
It predicted these items for order 1790996 :
   20747 with score of 16.0
   24349 with score of 8.5
   23873 with score of 6.5
   27900 with score of 5.0
   18516 with score of 5.0
   23375 with score of 4.5
   23755 with score of 4.0
   22859 with score of 3.0
   29004 with score of 3.0
   23318 with score of 3.0
These are the actual items bought: 
   15449
   21787
   21787
The order information:
Date: 2012-05-25T09:03:22.000+02:00
It predicted these items for order 1793007 :
   27900 with score of 4.75
   23332 with score of 4.125
   23318 with score of 2.625
   23250 with score of 2.25
   21986 with score of 1.75
   1023 with score of 1.75
   31560 with score of 1.75
   1002 with score of 1.625
   20974 with score of 1.5
   232 with score of 1.5
These are the actual items bought: 
   31184
   9876
   24045
   32886
The order information:
Date: 2012-05-26T13:29:41.000+02:00
It predicted these items for order 1794012 :
   24428 with score of 13.666666666666679
   27576 with score of 13.000000000000005
   31553 with score of 12.49999999999999
   32110 with score of 10.666666666666668
   1667 with score of 10.333333333333332
   21799 with score of 9.833333333333332
   23467 with score of 9.83333333333333
   1663 with score of 8.83333333333333
   30221 with score of 8.666666666666664
   21804 with score of 6.333333333333336
These are the actual items bought: 
   31457
   24942
   21839
   1002
The order information:
Date: 2012-06-04T06:36:28.000+02:00
It predicted these items for order 1803078 :
   11833 with score of 9.600000000000001
   23467 with score of 5.199999999999993
   12153 with score of 4.399999999999992
   27576 with score of 4.049999999999994
   20451 with score of 3.8499999999999965
   1663 with score of 3.3999999999999964
   23469 with score of 3.2999999999999967
   21986 with score of 3.149999999999998
   29669 with score of 2.999999999999998
   23114 with score of 2.549999999999999
These are the actual items bought: 
   31872
The order information:
Date: 2012-06-04T22:48:26.000+02:00
It predicted these items for order 1804098 :
   29353 with score of 2.8333333333333326
   17403 with score of 2.1666666666666665
   4917 with score of 2.0
   30094 with score of 1.8333333333333335
   30287 with score of 1.5
   21787 with score of 1.5
   24428 with score of 1.3333333333333333
   17115 with score of 1.3333333333333333
   30100 with score of 1.1666666666666665
   30073 with score of 1.1666666666666665
These are the actual items bought: 
   20051
   31484
   13678
   13672
The order information:
Date: 2012-06-07T08:29:43.000+02:00
It predicted these items for order 1806121 :
   11832 with score of 2.240506329113927
   27900 with score of 2.139240506329118
   20430 with score of 2.037974683544306
   21803 with score of 1.4810126582278464
   23913 with score of 1.4430379746835456
   23467 with score of 1.4177215189873422
   23469 with score of 1.405063291139241
   29669 with score of 1.3544303797468353
   31553 with score of 1.2278481012658227
   21776 with score of 1.0126582278481007
These are the actual items bought: 
   33075
The order information:
Date: 2012-06-22T22:11:26.000+02:00
It predicted these items for order 1818221 :
   20430 with score of 5.0
   25365 with score of 4.333333333333332
   12366 with score of 4.166666666666665
   30914 with score of 3.8333333333333317
   19814 with score of 3.666666666666665
   2751 with score of 3.666666666666665
   194 with score of 3.4999999999999987
   14250 with score of 3.4999999999999987
   30026 with score of 3.1666666666666656
   30443 with score of 2.666666666666666
These are the actual items bought: 
   13289
   14951
   14951
The order information:
Date: 2012-06-24T23:07:04.000+02:00
It predicted these items for order 1820233 :
   31042 with score of 17.833333333333325
   23318 with score of 12.333333333333323
   20974 with score of 10.666666666666663
   23250 with score of 8.16666666666667
   1002 with score of 7.1666666666666705
   31560 with score of 7.1666666666666705
   23332 with score of 7.0000000000000036
   1023 with score of 6.66666666666667
   4806 with score of 5.500000000000001
   20990 with score of 5.333333333333334
These are the actual items bought: 
   27900
   32213
The order information:
Date: 2012-06-26T21:15:21.000+02:00
It predicted these items for order 1823247 :
   23113 with score of 1.1428571428571426
   25130 with score of 1.1428571428571426
   27145 with score of 1.1428571428571426
   13702 with score of 1.1428571428571426
   21857 with score of 1.1428571428571426
   174 with score of 1.1428571428571426
   21835 with score of 1.1428571428571426
   30582 with score of 1.1428571428571426
   28982 with score of 0.9999999999999998
   8319 with score of 0.9999999999999998
These are the actual items bought: 
   20003
   30394
   18343
The order information:
Date: 2012-06-28T07:32:03.000+02:00
It predicted these items for order 1825252 :
   11833 with score of 64.66666666666683
   20430 with score of 25.999999999999975
   29669 with score of 24.33333333333331
   27576 with score of 22.666666666666647
   23467 with score of 22.333333333333318
   25201 with score of 20.999999999999993
   24428 with score of 19.333333333333336
   23469 with score of 19.000000000000004
   1663 with score of 17.66666666666667
   32110 with score of 16.333333333333343
These are the actual items bought: 
   11832
   30058
The order information:
Date: 2012-06-30T11:21:48.000+02:00
It predicted these items for order 1828259 :
   21803 with score of 13.0
   29669 with score of 7.0
   24269 with score of 5.0
   19062 with score of 5.0
   30028 with score of 4.5
   31547 with score of 4.0
   23240 with score of 4.0
   30957 with score of 4.0
   22926 with score of 4.0
   32342 with score of 3.0
These are the actual items bought: 
   758
   29700
   32185
   9700
   31808
The order information:
Date: 2012-06-30T20:09:27.000+02:00
It predicted these items for order 1829261 :
   752 with score of 20.33333333333333
   747 with score of 18.000000000000004
   1663 with score of 17.000000000000007
   32110 with score of 14.333333333333341
   25201 with score of 14.000000000000007
   29669 with score of 12.000000000000004
   11832 with score of 10.666666666666668
   23467 with score of 9.666666666666666
   745 with score of 9.666666666666666
   30914 with score of 8.999999999999998
These are the actual items bought: 
   27589
   32739
The order information:
Date: 2012-07-02T11:25:18.000+02:00
It predicted these items for order 1832265 :
   31560 with score of 3.1818181818181803
   29380 with score of 2.6363636363636354
   28963 with score of 2.5454545454545445
   29366 with score of 2.5454545454545445
   18137 with score of 2.545454545454544
   21838 with score of 2.272727272727272
   20990 with score of 2.181818181818181
   22342 with score of 2.181818181818181
   30914 with score of 2.0909090909090904
   21986 with score of 1.9090909090909085
These are the actual items bought: 
   29939
The order information:
Date: 2012-07-04T20:49:30.000+02:00
It predicted these items for order 1838289 :
   23722 with score of 3.5
   20149 with score of 3.0
   21942 with score of 2.5
   757 with score of 2.5
   11833 with score of 2.0
   13316 with score of 1.5
   24103 with score of 1.5
   4424 with score of 1.5
   26567 with score of 1.5
   26554 with score of 1.5
These are the actual items bought: 
   29500
   16202
   30909
   20430
The order information:
Date: 2012-07-08T23:07:32.000+02:00
It predicted these items for order 1842304 :
   29380 with score of 6.000000000000003
   29353 with score of 6.000000000000003
   31560 with score of 5.8000000000000025
   28963 with score of 5.400000000000002
   22342 with score of 5.400000000000002
   11832 with score of 5.400000000000002
   29366 with score of 5.200000000000002
   21838 with score of 5.000000000000002
   30914 with score of 4.800000000000002
   11833 with score of 4.800000000000002
These are the actual items bought: 
   33177
   21833
The order information:
Date: 2012-07-14T14:32:38.000+02:00
It predicted these items for order 1846349 :
   11832 with score of 3.3333333333333335
   24980 with score of 1.9999999999999998
   23723 with score of 1.9999999999999998
   29726 with score of 1.9999999999999998
   24353 with score of 1.9999999999999998
   11833 with score of 1.9999999999999998
   24075 with score of 1.6666666666666665
   24876 with score of 1.6666666666666665
   20480 with score of 1.6666666666666665
   18405 with score of 1.6666666666666665
These are the actual items bought: 
   32590
   24077
   33209
   31013
The order information:
Date: 2012-07-16T12:26:25.000+02:00
It predicted these items for order 1847354 :
   23467 with score of 3.857142857142856
   29809 with score of 2.8571428571428563
   20430 with score of 2.7142857142857135
   24428 with score of 2.7142857142857135
   29669 with score of 2.7142857142857135
   30836 with score of 2.428571428571428
   21803 with score of 2.428571428571428
   25201 with score of 2.428571428571428
   11832 with score of 2.285714285714285
   28965 with score of 2.1428571428571423
These are the actual items bought: 
   6991
   5003
   33130
   29647
The order information:
Date: 2012-07-23T14:01:38.000+02:00
It predicted these items for order 1852375 :
   20430 with score of 6.600000000000003
   19455 with score of 5.600000000000002
   30162 with score of 5.400000000000002
   14343 with score of 5.000000000000002
   21714 with score of 4.800000000000002
   783 with score of 4.800000000000002
   30949 with score of 4.600000000000001
   31673 with score of 4.400000000000001
   31346 with score of 4.200000000000001
   32317 with score of 4.200000000000001
These are the actual items bought: 
   2621
The order information:
Date: 2012-07-29T14:34:53.000+02:00
It predicted these items for order 1857401 :
   32113 with score of 9.5
   30173 with score of 7.0
   30162 with score of 7.0
   27576 with score of 6.5
   30246 with score of 6.0
   27629 with score of 5.0
   31159 with score of 3.5
   30807 with score of 3.5
   16882 with score of 3.0
   11739 with score of 3.0
These are the actual items bought: 
   10123
The order information:
Date: 2012-08-07T11:26:00.000+02:00
It predicted these items for order 1863440 :
   29306 with score of 4.600000000000001
   31560 with score of 4.000000000000001
   8319 with score of 3.0000000000000004
   757 with score of 2.6000000000000005
   19260 with score of 2.6
   23722 with score of 2.0
   32293 with score of 1.9999999999999998
   7488 with score of 1.9999999999999998
   29654 with score of 1.9999999999999998
   25052 with score of 1.7999999999999998
These are the actual items bought: 
   9986
2824
