Items: 31014,2,2012-03-22 09:35:15.730000000,2013-01-31 22:08:19.360000000,0,0000000000000000000000000000000000000000000000000000000000000000000000000000000000000000000010000000000000000000000000000000000000000000000000000000000000000000000000000000000000000000000000000000000000000000000000000000000000000000000000000000000000000000
Items: 16065,3,2010-10-12 09:05:28.623000000,2011-10-19 12:41:59.293000000,0,0000000000000000000000000000000000000000000000000000000000000000000000000000000000000000000100000000000000000000000000000000000000000000000000000000000000000000000000000000000000000000000000000000000000000000000000000000000000000000000000000000000000000000
Items: 2897,1,2010-07-28 15:55:07.423000000,2013-07-15 05:02:15.650000000,0,0000000000000000000000000000000000000000000000000000000000000000000000000000000000000000000100000000000000000000000000000000000000000000000000000000000000000000000000000000000000000000000000000000000000000000000000000000000000000000000000000000000000000000
Users: 46671,2009-07-31 17:52:05.423000000,45238,,0
Users: 117404,2012-02-11 18:20:17.737000000,30295,1989-02-13 00:00:00,1
Users: 185087,2009-07-31 19:48:45.310000000,54234,1986-06-04 00:00:00,1
Users: 242612,2011-12-03 21:34:16.640000000,90627,1990-07-23 00:00:00,2
Users: 294436,2011-03-16 09:05:23.647000000,72233,1994-04-25 00:00:00,1
Users: 345704,2011-11-11 20:55:14.437000000,68600,1994-06-05 00:00:00,2
Users: 399809,2012-09-17 14:43:42.033000000,44491,1997-12-12 00:00:00,1
Users: 455390,2012-12-20 16:02:28.573000000,3274,1978-06-02 00:00:00,2
Users: 525182,2013-07-28 12:33:53.590000000,53372,1990-06-17 00:00:00,0
Orders: 35022,1033356,1457,2009-10-18 21:46:53.347000000
Orders: 214698,1082559,614,2010-01-24 20:16:55.153000000
Orders: 226305,1122161,1501,2010-03-20 16:23:03.950000000
Orders: 46541,1167569,11120,2010-05-26 12:55:02.417000000
Orders: 75824,1208142,11119,2010-07-27 23:14:48.377000000
Orders: 13287,1248778,12826,2010-09-21 21:56:27.157000000
Orders: 272654,1296031,653,2010-12-01 18:41:36.730000000
Orders: 285359,1344258,18628,2011-01-28 14:59:09.743000000
Orders: 157456,1388262,18371,2011-03-17 11:46:02.120000000
Orders: 307265,1432210,758,2011-04-29 21:28:48.340000000
Orders: 271030,1473349,21803,2011-06-14 15:24:35.467000000
Orders: 275827,1511037,21829,2011-07-28 21:58:50.970000000
Orders: 62527,1550712,24845,2011-09-10 18:44:47.023000000
Orders: 293365,1597283,27523,2011-11-12 08:21:31.203000000
Orders: 158173,1649466,24361,2011-12-28 14:06:54.430000000
Orders: 371623,1691322,28947,2012-01-31 15:54:20.570000000
Orders: 151193,1739094,2144,2012-03-22 17:02:48.527000000
Orders: 71320,1784958,7874,2012-05-16 17:00:59.817000000
Orders: 287161,1827735,20480,2012-06-29 22:23:24.193000000
Orders: 271514,1866722,31203,2012-08-11 21:38:56.863000000
Orders: 428803,1915657,35460,2012-10-09 20:15:44.210000000
Orders: 444954,1966435,29677,2012-12-01 22:51:49.073000000
Orders: 460415,2018674,31695,2013-01-07 22:20:30.543000000
Orders: 381441,2066329,35170,2013-02-19 22:08:16.833000000
Orders: 485606,2112774,39306,2013-03-26 15:04:37.277000000
Orders: 423890,2161061,11304,2013-05-03 09:35:38.190000000
Orders: 314770,2207605,26096,2013-06-05 19:04:54.837000000
Orders: 287308,2249841,40450,2013-07-13 20:23:09.463000000
Orders: 255027,2289235,33612,2013-08-13 17:15:05.073000000
Orders: 466261,2331294,43871,2013-09-15 21:02:00.180000000
Orders: 446724,2379393,448,2013-11-01 19:20:53.627000000

Startup information:
First order in training stage: 100000
First order in evaluation stage: 101000
Last order in evaluation stage: 118500

Number of orders in training stage: 1000
Number of orders in evaluation stage: 17500

The current arm is 14 with vector {0:0.35171072114158475,1:0.8608831853592284,2:0.23581033908371585,3:0.8220321809885266,4:0.03830567345938407,5:0.04547499706897118} with alpha 1.0 and beta 1.0
The order information:
Date: 2010-02-23T15:01:23.000+01:00
It predicted these items for order 1102153 :
   334 with score of 1.2192178991990825
   356 with score of 1.2192178991990825
   558 with score of 1.2192178991990825
   765 with score of 1.2192178991990825
   1362 with score of 1.2192178991990825
   1667 with score of 1.2192178991990825
   1728 with score of 1.2192178991990825
   2229 with score of 1.2192178991990825
   2318 with score of 1.2192178991990825
   2794 with score of 1.2192178991990825
These are the actual items bought: 
   1197
   303
The current arm is 46 with vector {0:0.949487812141545,1:0.04499967983236053,2:0.2757249365841441,3:0.2992018732127685,4:0.8174838720511984,5:0.8464683748421352} with alpha 9.0 and beta 28.0
The order information:
Date: 2010-02-23T22:59:25.000+01:00
It predicted these items for order 1103153 :
   816 with score of 2.095158060196449
   1468 with score of 2.095158060196449
   1895 with score of 2.095158060196449
   3000 with score of 2.095158060196449
   3323 with score of 2.095158060196449
   4214 with score of 2.095158060196449
   4256 with score of 2.095158060196449
   4724 with score of 2.095158060196449
   5133 with score of 2.095158060196449
   5526 with score of 2.095158060196449
These are the actual items bought: 
   709
The current arm is 14 with vector {0:0.35171072114158475,1:0.8608831853592284,2:0.23581033908371585,3:0.8220321809885266,4:0.03830567345938407,5:0.04547499706897118} with alpha 15.0 and beta 52.0
The order information:
Date: 2010-02-24T13:47:47.000+01:00
It predicted these items for order 1104153 :
   975 with score of 0.43549139166994
   3293 with score of 0.43549139166994
   5055 with score of 0.43549139166994
   3289 with score of 0.39911139401476303
   2816 with score of 0.3971857182105559
   3023 with score of 0.3971857182105559
   3025 with score of 0.3971857182105559
   3179 with score of 0.3971857182105559
   3371 with score of 0.3971857182105559
   3515 with score of 0.3971857182105559
These are the actual items bought: 
   4296
   178
   652
   3327
   652
   4737
   5025
   1480
The current arm is 34 with vector {0:0.079470250062598,1:0.850368842270385,2:0.75773491947286,3:0.8830205300525756,4:0.035707126261579014,5:0.3082221225346934} with alpha 3.0 and beta 25.0
The order information:
Date: 2010-02-24T19:50:06.000+01:00
It predicted these items for order 1105154 :
   2482 with score of 1.270712902649867
   3472 with score of 1.270712902649867
   4851 with score of 1.270712902649867
   555 with score of 1.1166018413825203
   2616 with score of 1.1166018413825203
   3430 with score of 1.1166018413825203
   3492 with score of 1.1166018413825203
   7149 with score of 1.1166018413825203
   3847 with score of 1.0652314876267381
   4871 with score of 1.0652314876267381
These are the actual items bought: 
   555
   695
The current arm is 45 with vector {0:0.0419725161697575,1:0.6915208803077447,2:0.35513254424852037,3:0.15083517401748014,4:0.7486488378517993,5:0.16363304620650176} with alpha 20.0 and beta 99.0
The order information:
Date: 2010-02-25T00:24:21.000+01:00
It predicted these items for order 1106156 :
   1677 with score of 0.3564407363937394
   1910 with score of 0.3564407363937394
   2542 with score of 0.3564407363937394
   2805 with score of 0.3564407363937394
   3353 with score of 0.3564407363937394
   4183 with score of 0.3564407363937394
   4723 with score of 0.3564407363937394
   4889 with score of 0.3564407363937394
   5229 with score of 0.3564407363937394
   5364 with score of 0.3564407363937394
These are the actual items bought: 
   1325
   600
   6508
   2816
The current arm is 42 with vector {0:0.6434124638785219,1:0.0980962476361078,2:0.014960089089635975,3:0.7113035405543282,4:0.35336482281340487,5:0.7134558421196235} with alpha 21.0 and beta 143.0
The order information:
Date: 2010-02-25T19:49:08.000+01:00
It predicted these items for order 1107156 :
   904 with score of 1.7102331288115504
   6803 with score of 1.7102331288115504
   2711 with score of 1.4961963761756631
   2934 with score of 1.4044663393317116
   1125 with score of 1.3568683059981455
   1776 with score of 1.3568683059981455
   2005 with score of 1.3568683059981455
   2634 with score of 1.3568683059981455
   2776 with score of 1.3568683059981455
   2820 with score of 1.3568683059981455
These are the actual items bought: 
   683
   670
The current arm is 40 with vector {0:0.31144707176552067,1:0.943824031549737,2:0.017772696359338203,3:0.11621887239232676,4:0.20456401119359502,5:0.9799741116552109} with alpha 13.0 and beta 106.0
The order information:
Date: 2010-02-26T12:11:04.000+01:00
It predicted these items for order 1108156 :
   2370 with score of 1.4076400558130584
   2589 with score of 1.4076400558130584
   3719 with score of 1.4076400558130584
   4409 with score of 1.4076400558130584
   5724 with score of 1.4076400558130584
   6182 with score of 1.4076400558130584
   1335 with score of 1.1626465278992555
   1434 with score of 1.1626465278992555
   2371 with score of 1.127647452482998
   3244 with score of 1.0809820185946546
These are the actual items bought: 
   5632
   2036
The current arm is 49 with vector {0:0.9651401013590616,1:0.03237883097861838,2:0.3736216114560884,3:0.6333751753575042,4:0.16886104406024105,5:0.15643474447836403} with alpha 37.0 and beta 266.0
The order information:
Date: 2010-02-26T22:23:47.000+01:00
It predicted these items for order 1109159 :
   6172 with score of 1.7549500211949298
   1442 with score of 1.6767326489557477
   4348 with score of 1.6767326489557477
   1207 with score of 1.6571783058959524
   839 with score of 1.650660191542687
   1348 with score of 1.650660191542687
   1382 with score of 1.650660191542687
   4437 with score of 1.650660191542687
   4913 with score of 1.650660191542687
   5263 with score of 1.650660191542687
These are the actual items bought: 
   3792
   2601
   611
The current arm is 19 with vector {0:0.8327740382974949,1:0.9265613696691886,2:0.8268952710500654,3:0.887119559762156,4:0.4683882522936935,5:0.8234253790112839} with alpha 13.0 and beta 139.0
The order information:
Date: 2010-02-27T19:41:47.000+01:00
It predicted these items for order 1110159 :
   1457 with score of 2.5433189770709346
   2167 with score of 2.5433189770709346
   2267 with score of 2.5433189770709346
   3420 with score of 2.5433189770709346
   5134 with score of 2.5433189770709346
   6539 with score of 2.5433189770709346
   6766 with score of 2.5433189770709346
   2265 with score of 2.4609764391698064
   6173 with score of 2.337462632318114
   6979 with score of 2.337462632318114
These are the actual items bought: 
   1249
   6496
The current arm is 33 with vector {0:0.0938304795140803,1:0.8207203539260766,2:0.048538889688570785,3:0.5627303291283006,4:0.9040489652316948,5:0.5665201494199593} with alpha 31.0 and beta 282.0
The order information:
Date: 2010-02-28T16:55:47.000+01:00
It predicted these items for order 1111160 :
   261 with score of 1.22308095806234
   455 with score of 1.22308095806234
   949 with score of 1.22308095806234
   1217 with score of 1.22308095806234
   1267 with score of 1.22308095806234
   1569 with score of 1.22308095806234
   1601 with score of 1.22308095806234
   1773 with score of 1.22308095806234
   1996 with score of 1.22308095806234
   2200 with score of 1.22308095806234
These are the actual items bought: 
   611
The current arm is 13 with vector {0:0.8999226775757014,1:0.7401272805994052,2:0.7777676827899873,3:0.21827766067913867,4:0.379734609289599,5:0.3914597335503893} with alpha 12.0 and beta 148.0
The order information:
Date: 2010-02-28T22:36:16.000+01:00
It predicted these items for order 1112160 :
   992 with score of 1.5096600718052293
   2543 with score of 1.5096600718052293
   2902 with score of 1.5096600718052293
   3234 with score of 1.5096600718052293
   3465 with score of 1.5096600718052293
   3926 with score of 1.5096600718052293
   5131 with score of 1.5096600718052293
   1456 with score of 1.3791734939550995
   2412 with score of 1.3791734939550995
   3214 with score of 1.3791734939550995
These are the actual items bought: 
   6380
The current arm is 18 with vector {0:0.6558645311111785,1:0.716128008743882,2:0.6565108786196825,3:0.16048092425736293,4:0.4603175599759578,5:0.04585380210018519} with alpha 16.0 and beta 194.0
The order information:
Date: 2010-03-02T16:49:58.000+01:00
It predicted these items for order 1113161 :
   1675 with score of 0.8621992574687266
   1994 with score of 0.8621992574687266
   2268 with score of 0.8621992574687266
   2435 with score of 0.8621992574687266
   2612 with score of 0.8621992574687266
   2683 with score of 0.8621992574687266
   2840 with score of 0.8621992574687266
   3134 with score of 0.8621992574687266
   3272 with score of 0.8621992574687266
   3385 with score of 0.8621992574687266
These are the actual items bought: 
   2469
   194
   611
   6251
   1248
   831
   6251
   1261
   3332
The current arm is 6 with vector {0:0.9569199489891177,1:0.9290355300196863,2:0.6526981293920958,3:0.41033993417833303,4:0.3268791798738576,5:0.8807795710680348} with alpha 47.0 and beta 469.0
The order information:
Date: 2010-03-04T10:41:09.000+01:00
It predicted these items for order 1114164 :
   798 with score of 2.16457869993101
   4590 with score of 2.16457869993101
   578 with score of 1.8376995200571526
   1789 with score of 1.8376995200571526
   2864 with score of 1.8376995200571526
   4560 with score of 1.8376995200571526
   6040 with score of 1.8376995200571526
   7156 with score of 1.8376995200571526
   2277 with score of 1.7241889143969926
   7374 with score of 1.7241889143969926
These are the actual items bought: 
   7394
   1207
   795
The current arm is 42 with vector {0:0.6434124638785219,1:0.0980962476361078,2:0.014960089089635975,3:0.7113035405543282,4:0.35336482281340487,5:0.7134558421196235} with alpha 29.0 and beta 335.0
The order information:
Date: 2010-03-06T15:14:41.000+01:00
It predicted these items for order 1115172 :
   480 with score of 2.068171846552474
   544 with score of 2.068171846552474
   1205 with score of 2.068171846552474
   1316 with score of 2.068171846552474
   1987 with score of 2.068171846552474
   2381 with score of 2.068171846552474
   3650 with score of 2.068171846552474
   4487 with score of 2.068171846552474
   5295 with score of 2.068171846552474
   5445 with score of 2.068171846552474
These are the actual items bought: 
   7744
   7744
The current arm is 29 with vector {0:0.37244344242296357,1:0.684584950748702,2:0.928410200809749,3:0.2375186080760009,4:0.41371961218697617,5:0.3338865880106707} with alpha 38.0 and beta 402.0
The order information:
Date: 2010-03-08T16:36:05.000+01:00
It predicted these items for order 1116175 :
   2643 with score of 0.8603600741678665
   3651 with score of 0.8529403722120739
   1241 with score of 0.8195517134110069
   793 with score of 0.7906148757834154
   652 with score of 0.7873684213536606
   653 with score of 0.7868177341942744
   167 with score of 0.7861630546099397
   168 with score of 0.7861630546099397
   199 with score of 0.7861630546099397
   200 with score of 0.7861630546099397
These are the actual items bought: 
   4306
   7148
The current arm is 49 with vector {0:0.9651401013590616,1:0.03237883097861838,2:0.3736216114560884,3:0.6333751753575042,4:0.16886104406024105,5:0.15643474447836403} with alpha 62.0 and beta 640.0
The order information:
Date: 2010-03-10T09:24:51.000+01:00
It predicted these items for order 1117178 :
   634 with score of 1.7549500211949298
   1791 with score of 1.7549500211949298
   1837 with score of 1.7549500211949298
   2145 with score of 1.7549500211949298
   2741 with score of 1.7549500211949298
   3785 with score of 1.7549500211949298
   4126 with score of 1.7549500211949298
   4446 with score of 1.7549500211949298
   4538 with score of 1.7549500211949298
   4679 with score of 1.7549500211949298
These are the actual items bought: 
   652
The current arm is 17 with vector {0:0.6172621110620695,1:0.2950918638369051,2:0.8738462366730725,3:0.6670063886605614,4:0.44698389562884167,5:0.8316846236737835} with alpha 28.0 and beta 324.0
The order information:
Date: 2010-03-12T15:21:48.000+01:00
It predicted these items for order 1118180 :
   732 with score of 2.115953123396414
   3411 with score of 2.115953123396414
   3952 with score of 2.115953123396414
   4759 with score of 2.115953123396414
   5439 with score of 2.115953123396414
   5836 with score of 2.115953123396414
   1722 with score of 1.838724915505153
   5494 with score of 1.838724915505153
   1375 with score of 1.783279273926901
   3235 with score of 1.783279273926901
These are the actual items bought: 
   679
The current arm is 2 with vector {0:0.21814415537494491,1:0.22667172841478134,2:0.3687848974657012,3:0.2200221862127809,4:0.947642042315374,5:0.5779886562400938} with alpha 25.0 and beta 311.0
The order information:
Date: 2010-03-14T21:42:18.000+01:00
It predicted these items for order 1119183 :
   834 with score of 1.0161549978278197
   878 with score of 1.0161549978278197
   2035 with score of 1.0161549978278197
   2310 with score of 1.0161549978278197
   3322 with score of 1.0161549978278197
   3532 with score of 1.0161549978278197
   4010 with score of 1.0161549978278197
   5480 with score of 1.0161549978278197
   5908 with score of 1.0161549978278197
   6001 with score of 1.0161549978278197
These are the actual items bought: 
   4485
   8081
The arm 0 has vector {0:0.1061947896709109,1:0.735762535910732,2:0.4632979182139263,3:0.983018557630965,4:0.22748108443849713,5:0.9434701415699225} with alpha 43.0 and beta 502.0, percentage 7.734806629834254
The arm 1 has vector {0:0.7622640076720669,1:0.8654430268035825,2:0.4073537581821398,3:0.19833117890701446,4:0.9108935067320235,5:0.48420981764063686} with alpha 7.0 and beta 144.0, percentage 4.026845637583892
The arm 2 has vector {0:0.21814415537494491,1:0.22667172841478134,2:0.3687848974657012,3:0.2200221862127809,4:0.947642042315374,5:0.5779886562400938} with alpha 29.0 and beta 338.0, percentage 7.671232876712329
The arm 3 has vector {0:0.1366789234611745,1:0.5364202582657764,2:0.6863187670068304,3:0.4565041417292446,4:0.2734008542189421,5:0.2658826186219678} with alpha 1.0 and beta 57.0, percentage 0.0
The arm 4 has vector {0:0.5427401495532616,1:0.7168317745299714,2:0.08365423609459777,3:0.3139218910851084,4:0.5427783948290844,5:0.5841351959784707} with alpha 13.0 and beta 217.0, percentage 5.263157894736842
The arm 5 has vector {0:0.4655949406825277,1:0.3386984197479722,2:0.688377101110113,3:0.6003883991255915,4:0.10984807560705845,5:0.07088503003843105} with alpha 13.0 and beta 207.0, percentage 5.5045871559633035
The arm 6 has vector {0:0.9569199489891177,1:0.9290355300196863,2:0.6526981293920958,3:0.41033993417833303,4:0.3268791798738576,5:0.8807795710680348} with alpha 49.0 and beta 605.0, percentage 7.361963190184049
The arm 7 has vector {0:0.04956840386121686,1:0.6204803164340109,2:0.8068320226392558,3:0.704431228394188,4:0.4594107339526964,5:0.5460853346131777} with alpha 26.0 and beta 346.0, percentage 6.756756756756757
The arm 8 has vector {0:0.7739346383083198,1:0.5028742463153464,2:0.5691104412326929,3:0.5990553860284028,4:0.5332090286304337,5:0.19561711997273856} with alpha 47.0 and beta 557.0, percentage 7.641196013289036
The arm 9 has vector {0:0.8805952102415338,1:0.9395904495526806,2:0.3261183039697588,3:0.8914288092355592,4:0.14804294281703834,5:0.9561087365421327} with alpha 9.0 and beta 162.0, percentage 4.733727810650888
The arm 10 has vector {0:0.720009939678293,1:0.09743376483914024,2:0.25486801926968405,3:0.7833203528447054,4:0.529860441611213,5:0.7195731586655483} with alpha 10.0 and beta 171.0, percentage 5.027932960893855
The arm 11 has vector {0:0.2978458978579228,1:0.6772497826650448,2:0.7359691616863528,3:0.7673676658542811,4:0.9777014360168702,5:0.7330541490397662} with alpha 10.0 and beta 187.0, percentage 4.615384615384616
The arm 12 has vector {0:0.3721723848794988,1:0.43229618834550076,2:0.4496738881736624,3:0.09824666834516649,4:0.8635463904057374,5:0.7471907211428924} with alpha 18.0 and beta 274.0, percentage 5.862068965517241
The arm 13 has vector {0:0.8999226775757014,1:0.7401272805994052,2:0.7777676827899873,3:0.21827766067913867,4:0.379734609289599,5:0.3914597335503893} with alpha 15.0 and beta 242.0, percentage 5.490196078431373
The arm 14 has vector {0:0.35171072114158475,1:0.8608831853592284,2:0.23581033908371585,3:0.8220321809885266,4:0.03830567345938407,5:0.04547499706897118} with alpha 49.0 and beta 574.0, percentage 7.729468599033816
The arm 15 has vector {0:0.7680162428797997,1:0.6282885263829509,2:0.8970010845380435,3:0.910904260585634,4:0.8520771509460727,5:0.7650817952054918} with alpha 12.0 and beta 200.0, percentage 5.238095238095238
The arm 16 has vector {0:0.6862320414817165,1:0.043488119441073,2:0.004410245655533163,3:0.09767030172142543,4:0.0396369954421516,5:0.6596068321299712} with alpha 17.0 and beta 256.0, percentage 5.904059040590406
The arm 17 has vector {0:0.6172621110620695,1:0.2950918638369051,2:0.8738462366730725,3:0.6670063886605614,4:0.44698389562884167,5:0.8316846236737835} with alpha 33.0 and beta 406.0, percentage 7.322654462242563
The arm 18 has vector {0:0.6558645311111785,1:0.716128008743882,2:0.6565108786196825,3:0.16048092425736293,4:0.4603175599759578,5:0.04585380210018519} with alpha 18.0 and beta 275.0, percentage 5.841924398625429
The arm 19 has vector {0:0.8327740382974949,1:0.9265613696691886,2:0.8268952710500654,3:0.887119559762156,4:0.4683882522936935,5:0.8234253790112839} with alpha 20.0 and beta 295.0, percentage 6.070287539936102
The arm 20 has vector {0:0.42542106179655625,1:0.6413251956450023,2:0.6974513754971406,3:0.2950351307236908,4:0.2593932508846556,5:0.02604937873952995} with alpha 15.0 and beta 242.0, percentage 5.490196078431373
The arm 21 has vector {0:0.24888103515891624,1:0.340060860429666,2:0.42694860127262935,3:0.3127701847825499,4:0.41386690015125716,5:0.5407751191978544} with alpha 5.0 and beta 118.0, percentage 3.3057851239669422
The arm 22 has vector {0:0.039132545250589845,1:0.8899725928763714,2:0.25968829950448447,3:0.8877044161968941,4:0.28115761986086185,5:0.8095975889534958} with alpha 17.0 and beta 238.0, percentage 6.324110671936759
The arm 23 has vector {0:0.14618606917685717,1:0.37497857314049465,2:0.41120442404107527,3:0.5645199791106437,4:0.3776062620263959,5:0.27228211333519936} with alpha 14.0 and beta 231.0, percentage 5.349794238683128
The arm 24 has vector {0:0.27343366180596407,1:0.8436885027291412,2:0.8028130830119723,3:0.14940219985174685,4:0.5771724156860728,5:0.6888248629536764} with alpha 8.0 and beta 124.0, percentage 5.384615384615385
The arm 25 has vector {0:0.5903425986317548,1:0.7201058522253113,2:0.29228947381421166,3:0.9951890875819909,4:0.37627763617764176,5:0.8494453431374459} with alpha 23.0 and beta 335.0, percentage 6.179775280898876
The arm 26 has vector {0:0.9254354178498448,1:0.8113506953861361,2:0.6447158417701723,3:0.422233552323772,4:0.40071116442626076,5:0.6034434607095772} with alpha 37.0 and beta 458.0, percentage 7.302231237322515
The arm 27 has vector {0:0.0854971502677887,1:0.17733343402388302,2:0.6489624813990564,3:0.8723893106574605,4:0.4175034576301766,5:0.00911366699284577} with alpha 42.0 and beta 511.0, percentage 7.441016333938294
The arm 28 has vector {0:0.49306038156014764,1:0.3538288842422679,2:0.5480511083156361,3:0.008649322150425465,4:0.4829759858910865,5:0.8983399295466501} with alpha 33.0 and beta 403.0, percentage 7.373271889400922
The arm 29 has vector {0:0.37244344242296357,1:0.684584950748702,2:0.928410200809749,3:0.2375186080760009,4:0.41371961218697617,5:0.3338865880106707} with alpha 43.0 and beta 518.0, percentage 7.5134168157423975
The arm 30 has vector {0:0.7715687768621544,1:0.6967665688836773,2:0.19272981850975224,3:0.45793779626406095,4:0.917744001736152,5:0.24248017601564698} with alpha 44.0 and beta 542.0, percentage 7.363013698630137
The arm 31 has vector {0:0.8921393210579832,1:0.6424069700910979,2:0.03452752649772617,3:0.8752847254539365,4:0.40705707920127776,5:0.555051083315875} with alpha 16.0 and beta 246.0, percentage 5.769230769230769
The arm 32 has vector {0:0.913390539194226,1:0.6860364935236524,2:0.5336388125871924,3:0.770460146904451,4:0.07978804072736612,5:0.992883318842655} with alpha 33.0 and beta 439.0, percentage 6.808510638297872
The arm 33 has vector {0:0.0938304795140803,1:0.8207203539260766,2:0.048538889688570785,3:0.5627303291283006,4:0.9040489652316948,5:0.5665201494199593} with alpha 49.0 and beta 577.0, percentage 7.6923076923076925
The arm 34 has vector {0:0.079470250062598,1:0.850368842270385,2:0.75773491947286,3:0.8830205300525756,4:0.035707126261579014,5:0.3082221225346934} with alpha 10.0 and beta 178.0, percentage 4.838709677419355
The arm 35 has vector {0:0.4927741389707364,1:0.3604038678064031,2:0.3526270088618949,3:0.09692781229423675,4:0.37554247110046635,5:0.8191255614064155} with alpha 32.0 and beta 377.0, percentage 7.616707616707617
The arm 36 has vector {0:0.6998781793221327,1:0.9684466942550461,2:0.69953409955302,3:0.6781521350195044,4:0.9813599445884721,5:0.419112700912606} with alpha 31.0 and beta 408.0, percentage 6.864988558352403
The arm 37 has vector {0:0.924544265036968,1:0.21307738535837728,2:0.8879800193701081,3:0.9362409527585042,4:0.5084522682906912,5:0.38162044355588975} with alpha 11.0 and beta 193.0, percentage 4.9504950495049505
The arm 38 has vector {0:0.34278817570290265,1:0.21704646678692008,2:0.5145652674204022,3:0.7311124341785488,4:0.05719271214240895,5:0.16200035878893615} with alpha 9.0 and beta 168.0, percentage 4.571428571428571
The arm 39 has vector {0:0.4926472591180898,1:0.9152813070491806,2:0.7506584094598506,3:0.6814252744149073,4:0.9470962716837403,5:0.18530160394358586} with alpha 7.0 and beta 150.0, percentage 3.870967741935484
The arm 40 has vector {0:0.31144707176552067,1:0.943824031549737,2:0.017772696359338203,3:0.11621887239232676,4:0.20456401119359502,5:0.9799741116552109} with alpha 28.0 and beta 381.0, percentage 6.6339066339066335
The arm 41 has vector {0:0.6324678850954282,1:0.20050592671931078,2:0.6727697697405488,3:0.5388324717642212,4:0.4689821481089542,5:0.15170562212201244} with alpha 27.0 and beta 359.0, percentage 6.770833333333333
The arm 42 has vector {0:0.6434124638785219,1:0.0980962476361078,2:0.014960089089635975,3:0.7113035405543282,4:0.35336482281340487,5:0.7134558421196235} with alpha 32.0 and beta 422.0, percentage 6.8584070796460175
The arm 43 has vector {0:0.14518785797437905,1:0.48580514606972824,2:0.7460448048596249,3:0.7966382595555516,4:0.4575948345040416,5:0.009022277094157816} with alpha 14.0 and beta 219.0, percentage 5.627705627705628
The arm 44 has vector {0:0.856293619006879,1:0.8738244571743455,2:0.593759631044134,3:0.786927411112551,4:0.5971640866058173,5:0.06239649935761227} with alpha 34.0 and beta 429.0, percentage 7.158351409978309
The arm 45 has vector {0:0.0419725161697575,1:0.6915208803077447,2:0.35513254424852037,3:0.15083517401748014,4:0.7486488378517993,5:0.16363304620650176} with alpha 41.0 and beta 486.0, percentage 7.6190476190476195
The arm 46 has vector {0:0.949487812141545,1:0.04499967983236053,2:0.2757249365841441,3:0.2992018732127685,4:0.8174838720511984,5:0.8464683748421352} with alpha 26.0 and beta 354.0, percentage 6.613756613756613
The arm 47 has vector {0:0.3855439883276177,1:0.2896666524767395,2:0.07318053521726464,3:0.4294919776063423,4:0.6289810065517814,5:0.2352543017993438} with alpha 24.0 and beta 328.0, percentage 6.571428571428571
The arm 48 has vector {0:0.8071762919723939,1:0.28100793082918196,2:0.6320071631864004,3:0.818312123972328,4:0.22867411566776197,5:0.9262524955645055} with alpha 9.0 and beta 172.0, percentage 4.4692737430167595
The arm 49 has vector {0:0.9651401013590616,1:0.03237883097861838,2:0.3736216114560884,3:0.6333751753575042,4:0.16886104406024105,5:0.15643474447836403} with alpha 66.0 and beta 760.0, percentage 7.8883495145631075
The best arm is 49 with vector {0:0.9651401013590616,1:0.03237883097861838,2:0.3736216114560884,3:0.6333751753575042,4:0.16886104406024105,5:0.15643474447836403} with alpha 66.0 and beta 760.0, percentage 7.8883495145631075
The right guesses are: 1169 which means 6.68% correct
Done
The current arm is 49 with vector {0:0.9651401013590616,1:0.03237883097861838,2:0.3736216114560884,3:0.6333751753575042,4:0.16886104406024105,5:0.15643474447836403} with alpha 1.0 and beta 1.0
The order information:
Date: 2010-02-23T15:01:23.000+01:00
It predicted these items for order 1102153 :
   334 with score of 1.7549500211949298
   356 with score of 1.7549500211949298
   558 with score of 1.7549500211949298
   765 with score of 1.7549500211949298
   1362 with score of 1.7549500211949298
   1667 with score of 1.7549500211949298
   1728 with score of 1.7549500211949298
   2229 with score of 1.7549500211949298
   2318 with score of 1.7549500211949298
   2794 with score of 1.7549500211949298
These are the actual items bought: 
   1197
   303
The current arm is 49 with vector {0:0.9651401013590616,1:0.03237883097861838,2:0.3736216114560884,3:0.6333751753575042,4:0.16886104406024105,5:0.15643474447836403} with alpha 163.0 and beta 839.0
The order information:
Date: 2010-02-23T22:59:25.000+01:00
It predicted these items for order 1103153 :
   816 with score of 1.7549500211949298
   1468 with score of 1.7549500211949298
   1895 with score of 1.7549500211949298
   3000 with score of 1.7549500211949298
   3323 with score of 1.7549500211949298
   4214 with score of 1.7549500211949298
   4256 with score of 1.7549500211949298
   4724 with score of 1.7549500211949298
   5133 with score of 1.7549500211949298
   5526 with score of 1.7549500211949298
These are the actual items bought: 
   709
The current arm is 49 with vector {0:0.9651401013590616,1:0.03237883097861838,2:0.3736216114560884,3:0.6333751753575042,4:0.16886104406024105,5:0.15643474447836403} with alpha 292.0 and beta 1710.0
The order information:
Date: 2010-02-24T13:47:47.000+01:00
It predicted these items for order 1104153 :
   975 with score of 1.2904358898976667
   3293 with score of 1.2904358898976667
   5055 with score of 1.2904358898976667
   3289 with score of 1.1652880943149755
   5367 with score of 1.1535554884790982
   1242 with score of 1.1513827836946764
   3224 with score of 1.1504679606275514
   4296 with score of 1.1382291114862855
   6097 with score of 1.137725782192597
   652 with score of 1.1375564805210836
These are the actual items bought: 
   4296
   178
   652
   3327
   652
   4737
   5025
   1480
The current arm is 49 with vector {0:0.9651401013590616,1:0.03237883097861838,2:0.3736216114560884,3:0.6333751753575042,4:0.16886104406024105,5:0.15643474447836403} with alpha 380.0 and beta 2622.0
The order information:
Date: 2010-02-24T19:50:06.000+01:00
It predicted these items for order 1105154 :
   2482 with score of 1.7549500211949298
   3472 with score of 1.7549500211949298
   4851 with score of 1.7549500211949298
   555 with score of 1.6767326489557477
   2616 with score of 1.6767326489557477
   3430 with score of 1.6767326489557477
   3492 with score of 1.6767326489557477
   7149 with score of 1.6767326489557477
   3847 with score of 1.650660191542687
   4871 with score of 1.650660191542687
These are the actual items bought: 
   555
   695
The current arm is 49 with vector {0:0.9651401013590616,1:0.03237883097861838,2:0.3736216114560884,3:0.6333751753575042,4:0.16886104406024105,5:0.15643474447836403} with alpha 476.0 and beta 3526.0
The order information:
Date: 2010-02-25T00:24:21.000+01:00
It predicted these items for order 1106156 :
   1677 with score of 1.7549500211949298
   1910 with score of 1.7549500211949298
   2542 with score of 1.7549500211949298
   2805 with score of 1.7549500211949298
   3353 with score of 1.7549500211949298
   4183 with score of 1.7549500211949298
   4723 with score of 1.7549500211949298
   4889 with score of 1.7549500211949298
   5229 with score of 1.7549500211949298
   5364 with score of 1.7549500211949298
These are the actual items bought: 
   1325
   600
   6508
   2816
The current arm is 49 with vector {0:0.9651401013590616,1:0.03237883097861838,2:0.3736216114560884,3:0.6333751753575042,4:0.16886104406024105,5:0.15643474447836403} with alpha 550.0 and beta 4452.0
The order information:
Date: 2010-02-25T19:49:08.000+01:00
It predicted these items for order 1107156 :
   904 with score of 1.2904358898976667
   6803 with score of 1.2904358898976667
   2711 with score of 1.2435054665541574
   2934 with score of 1.223392427978368
   1283 with score of 1.2122185176584845
   2719 with score of 1.2122185176584845
   683 with score of 1.186146060245424
   1066 with score of 1.186146060245424
   5803 with score of 1.186146060245424
   1068 with score of 1.1731098315388937
These are the actual items bought: 
   683
   670
The current arm is 49 with vector {0:0.9651401013590616,1:0.03237883097861838,2:0.3736216114560884,3:0.6333751753575042,4:0.16886104406024105,5:0.15643474447836403} with alpha 619.0 and beta 5383.0
The order information:
Date: 2010-02-26T12:11:04.000+01:00
It predicted these items for order 1108156 :
   2370 with score of 1.7549500211949298
   2589 with score of 1.7549500211949298
   3719 with score of 1.7549500211949298
   4409 with score of 1.7549500211949298
   5724 with score of 1.7549500211949298
   6182 with score of 1.7549500211949298
   1335 with score of 1.7158413350753388
   1434 with score of 1.7158413350753388
   2371 with score of 1.7102543799153973
   3244 with score of 1.7028051063688086
These are the actual items bought: 
   5632
   2036
The current arm is 49 with vector {0:0.9651401013590616,1:0.03237883097861838,2:0.3736216114560884,3:0.6333751753575042,4:0.16886104406024105,5:0.15643474447836403} with alpha 679.0 and beta 6323.0
The order information:
Date: 2010-02-26T22:23:47.000+01:00
It predicted these items for order 1109159 :
   6172 with score of 1.7549500211949298
   1442 with score of 1.6767326489557477
   4348 with score of 1.6767326489557477
   1207 with score of 1.6571783058959524
   839 with score of 1.650660191542687
   1348 with score of 1.650660191542687
   1382 with score of 1.650660191542687
   4437 with score of 1.650660191542687
   4913 with score of 1.650660191542687
   5263 with score of 1.650660191542687
These are the actual items bought: 
   3792
   2601
   611
The current arm is 49 with vector {0:0.9651401013590616,1:0.03237883097861838,2:0.3736216114560884,3:0.6333751753575042,4:0.16886104406024105,5:0.15643474447836403} with alpha 734.0 and beta 7268.0
The order information:
Date: 2010-02-27T19:41:47.000+01:00
It predicted these items for order 1110159 :
   1457 with score of 1.7549500211949298
   2167 with score of 1.7549500211949298
   2267 with score of 1.7549500211949298
   3420 with score of 1.7549500211949298
   5134 with score of 1.7549500211949298
   6539 with score of 1.7549500211949298
   6766 with score of 1.7549500211949298
   2265 with score of 1.7393065467470934
   6173 with score of 1.7158413350753388
   6979 with score of 1.7158413350753388
These are the actual items bought: 
   1249
   6496
The current arm is 49 with vector {0:0.9651401013590616,1:0.03237883097861838,2:0.3736216114560884,3:0.6333751753575042,4:0.16886104406024105,5:0.15643474447836403} with alpha 774.0 and beta 8228.0
The order information:
Date: 2010-02-28T16:55:47.000+01:00
It predicted these items for order 1111160 :
   261 with score of 1.7549500211949298
   455 with score of 1.7549500211949298
   949 with score of 1.7549500211949298
   1217 with score of 1.7549500211949298
   1267 with score of 1.7549500211949298
   1569 with score of 1.7549500211949298
   1601 with score of 1.7549500211949298
   1773 with score of 1.7549500211949298
   1996 with score of 1.7549500211949298
   2200 with score of 1.7549500211949298
These are the actual items bought: 
   611
The current arm is 49 with vector {0:0.9651401013590616,1:0.03237883097861838,2:0.3736216114560884,3:0.6333751753575042,4:0.16886104406024105,5:0.15643474447836403} with alpha 825.0 and beta 9177.0
The order information:
Date: 2010-02-28T22:36:16.000+01:00
It predicted these items for order 1112160 :
   992 with score of 1.7549500211949298
   2543 with score of 1.7549500211949298
   2902 with score of 1.7549500211949298
   3234 with score of 1.7549500211949298
   3465 with score of 1.7549500211949298
   3926 with score of 1.7549500211949298
   5131 with score of 1.7549500211949298
   1456 with score of 1.7028051063688086
   2412 with score of 1.7028051063688086
   3214 with score of 1.7028051063688086
These are the actual items bought: 
   6380
The current arm is 49 with vector {0:0.9651401013590616,1:0.03237883097861838,2:0.3736216114560884,3:0.6333751753575042,4:0.16886104406024105,5:0.15643474447836403} with alpha 862.0 and beta 10140.0
The order information:
Date: 2010-03-02T16:49:58.000+01:00
It predicted these items for order 1113161 :
   1675 with score of 1.7549500211949298
   1994 with score of 1.7549500211949298
   2268 with score of 1.7549500211949298
   2435 with score of 1.7549500211949298
   2612 with score of 1.7549500211949298
   2683 with score of 1.7549500211949298
   2840 with score of 1.7549500211949298
   3134 with score of 1.7549500211949298
   3272 with score of 1.7549500211949298
   3385 with score of 1.7549500211949298
These are the actual items bought: 
   2469
   194
   611
   6251
   1248
   831
   6251
   1261
   3332
The current arm is 49 with vector {0:0.9651401013590616,1:0.03237883097861838,2:0.3736216114560884,3:0.6333751753575042,4:0.16886104406024105,5:0.15643474447836403} with alpha 923.0 and beta 11079.0
The order information:
Date: 2010-03-04T10:41:09.000+01:00
It predicted these items for order 1114164 :
   798 with score of 1.2904358898976667
   4590 with score of 1.2904358898976667
   2277 with score of 1.2122185176584845
   7374 with score of 1.2122185176584845
   1585 with score of 1.186146060245424
   351 with score of 1.1652880943149755
   1152 with score of 1.1652880943149755
   5203 with score of 1.1652880943149755
   4773 with score of 1.1600736028323633
   573 with score of 1.156348966059069
These are the actual items bought: 
   7394
   1207
   795
The current arm is 49 with vector {0:0.9651401013590616,1:0.03237883097861838,2:0.3736216114560884,3:0.6333751753575042,4:0.16886104406024105,5:0.15643474447836403} with alpha 982.0 and beta 12020.0
The order information:
Date: 2010-03-06T15:14:41.000+01:00
It predicted these items for order 1115172 :
   480 with score of 1.7549500211949298
   544 with score of 1.7549500211949298
   1205 with score of 1.7549500211949298
   1316 with score of 1.7549500211949298
   1987 with score of 1.7549500211949298
   2381 with score of 1.7549500211949298
   3650 with score of 1.7549500211949298
   4487 with score of 1.7549500211949298
   5295 with score of 1.7549500211949298
   5445 with score of 1.7549500211949298
These are the actual items bought: 
   7744
   7744
The current arm is 49 with vector {0:0.9651401013590616,1:0.03237883097861838,2:0.3736216114560884,3:0.6333751753575042,4:0.16886104406024105,5:0.15643474447836403} with alpha 1050.0 and beta 12952.0
The order information:
Date: 2010-03-08T16:36:05.000+01:00
It predicted these items for order 1116175 :
   2643 with score of 1.1687644219700501
   3651 with score of 1.1652880943149755
   1241 with score of 1.149644619867139
   793 with score of 1.1360869420123474
   652 with score of 1.1345658917892607
   653 with score of 1.1343078802123974
   167 with score of 1.1340011454193026
   168 with score of 1.1340011454193026
   199 with score of 1.1340011454193026
   200 with score of 1.1340011454193026
These are the actual items bought: 
   4306
   7148
The current arm is 49 with vector {0:0.9651401013590616,1:0.03237883097861838,2:0.3736216114560884,3:0.6333751753575042,4:0.16886104406024105,5:0.15643474447836403} with alpha 1086.0 and beta 13916.0
The order information:
Date: 2010-03-10T09:24:51.000+01:00
It predicted these items for order 1117178 :
   634 with score of 1.7549500211949298
   1791 with score of 1.7549500211949298
   1837 with score of 1.7549500211949298
   2145 with score of 1.7549500211949298
   2741 with score of 1.7549500211949298
   3785 with score of 1.7549500211949298
   4126 with score of 1.7549500211949298
   4446 with score of 1.7549500211949298
   4538 with score of 1.7549500211949298
   4679 with score of 1.7549500211949298
These are the actual items bought: 
   652
The current arm is 49 with vector {0:0.9651401013590616,1:0.03237883097861838,2:0.3736216114560884,3:0.6333751753575042,4:0.16886104406024105,5:0.15643474447836403} with alpha 1115.0 and beta 14887.0
The order information:
Date: 2010-03-12T15:21:48.000+01:00
It predicted these items for order 1118180 :
   732 with score of 1.7549500211949298
   3411 with score of 1.7549500211949298
   3952 with score of 1.7549500211949298
   4759 with score of 1.7549500211949298
   5439 with score of 1.7549500211949298
   5836 with score of 1.7549500211949298
   1722 with score of 1.7028051063688086
   5494 with score of 1.7028051063688086
   1375 with score of 1.6923761234035841
   3235 with score of 1.6923761234035841
These are the actual items bought: 
   679
The current arm is 49 with vector {0:0.9651401013590616,1:0.03237883097861838,2:0.3736216114560884,3:0.6333751753575042,4:0.16886104406024105,5:0.15643474447836403} with alpha 1159.0 and beta 15843.0
The order information:
Date: 2010-03-14T21:42:18.000+01:00
It predicted these items for order 1119183 :
   834 with score of 1.7549500211949298
   878 with score of 1.7549500211949298
   2035 with score of 1.7549500211949298
   2310 with score of 1.7549500211949298
   3322 with score of 1.7549500211949298
   3532 with score of 1.7549500211949298
   4010 with score of 1.7549500211949298
   5480 with score of 1.7549500211949298
   5908 with score of 1.7549500211949298
   6001 with score of 1.7549500211949298
These are the actual items bought: 
   4485
   8081
The arm 49 has vector {0:0.9651401013590616,1:0.03237883097861838,2:0.3736216114560884,3:0.6333751753575042,4:0.16886104406024105,5:0.15643474447836403} with alpha 1186.0 and beta 16316.0, percentage 6.771428571428571
The best arm is 49 with vector {0:0.9651401013590616,1:0.03237883097861838,2:0.3736216114560884,3:0.6333751753575042,4:0.16886104406024105,5:0.15643474447836403} with alpha 1186.0 and beta 16316.0, percentage 6.771428571428571
The right guesses are: 1185 which means 6.771428571428571% correct
Done
291
