Items: 31014,2,2012-03-22 09:35:15.730000000,2013-01-31 22:08:19.360000000,0,0000000000000000000000000000000000000000000000000000000000000000000000000000000000000000000010000000000000000000000000000000000000000000000000000000000000000000000000000000000000000000000000000000000000000000000000000000000000000000000000000000000000000000
Items: 16065,3,2010-10-12 09:05:28.623000000,2011-10-19 12:41:59.293000000,0,0000000000000000000000000000000000000000000000000000000000000000000000000000000000000000000100000000000000000000000000000000000000000000000000000000000000000000000000000000000000000000000000000000000000000000000000000000000000000000000000000000000000000000
Items: 2897,1,2010-07-28 15:55:07.423000000,2013-07-15 05:02:15.650000000,0,0000000000000000000000000000000000000000000000000000000000000000000000000000000000000000000100000000000000000000000000000000000000000000000000000000000000000000000000000000000000000000000000000000000000000000000000000000000000000000000000000000000000000000
Users: 46671,2009-07-31 17:52:05.423000000,45238,,0
Users: 117404,2012-02-11 18:20:17.737000000,30295,1989-02-13 00:00:00,1
Users: 185087,2009-07-31 19:48:45.310000000,54234,1986-06-04 00:00:00,1
Users: 242612,2011-12-03 21:34:16.640000000,90627,1990-07-23 00:00:00,2
Users: 294436,2011-03-16 09:05:23.647000000,72233,1994-04-25 00:00:00,1
Users: 345704,2011-11-11 20:55:14.437000000,68600,1994-06-05 00:00:00,2
Users: 399809,2012-09-17 14:43:42.033000000,44491,1997-12-12 00:00:00,1
Users: 455390,2012-12-20 16:02:28.573000000,3274,1978-06-02 00:00:00,2
Users: 525182,2013-07-28 12:33:53.590000000,53372,1990-06-17 00:00:00,0
Orders: 35022,1033356,1457,2009-10-18 21:46:53.347000000
Orders: 214698,1082559,614,2010-01-24 20:16:55.153000000
Orders: 226305,1122161,1501,2010-03-20 16:23:03.950000000
Orders: 46541,1167569,11120,2010-05-26 12:55:02.417000000
Orders: 75824,1208142,11119,2010-07-27 23:14:48.377000000
Orders: 13287,1248778,12826,2010-09-21 21:56:27.157000000
Orders: 272654,1296031,653,2010-12-01 18:41:36.730000000
Orders: 285359,1344258,18628,2011-01-28 14:59:09.743000000
Orders: 157456,1388262,18371,2011-03-17 11:46:02.120000000
Orders: 307265,1432210,758,2011-04-29 21:28:48.340000000
Orders: 271030,1473349,21803,2011-06-14 15:24:35.467000000
Orders: 275827,1511037,21829,2011-07-28 21:58:50.970000000
Orders: 62527,1550712,24845,2011-09-10 18:44:47.023000000
Orders: 293365,1597283,27523,2011-11-12 08:21:31.203000000
Orders: 158173,1649466,24361,2011-12-28 14:06:54.430000000
Orders: 371623,1691322,28947,2012-01-31 15:54:20.570000000
Orders: 151193,1739094,2144,2012-03-22 17:02:48.527000000
Orders: 71320,1784958,7874,2012-05-16 17:00:59.817000000
Orders: 287161,1827735,20480,2012-06-29 22:23:24.193000000
Orders: 271514,1866722,31203,2012-08-11 21:38:56.863000000
Orders: 428803,1915657,35460,2012-10-09 20:15:44.210000000
Orders: 444954,1966435,29677,2012-12-01 22:51:49.073000000
Orders: 460415,2018674,31695,2013-01-07 22:20:30.543000000
Orders: 381441,2066329,35170,2013-02-19 22:08:16.833000000
Orders: 485606,2112774,39306,2013-03-26 15:04:37.277000000
Orders: 423890,2161061,11304,2013-05-03 09:35:38.190000000
Orders: 314770,2207605,26096,2013-06-05 19:04:54.837000000
Orders: 287308,2249841,40450,2013-07-13 20:23:09.463000000
Orders: 255027,2289235,33612,2013-08-13 17:15:05.073000000
Orders: 466261,2331294,43871,2013-09-15 21:02:00.180000000
Orders: 446724,2379393,448,2013-11-01 19:20:53.627000000

Startup information:
First order in training stage: 700000
First order in evaluation stage: 771338
Last order in evaluation stage: 777338

Number of orders in training stage: 71338
Number of orders in evaluation stage: 6000

The current arm is 34 with vector {0:0.6962715704541967,1:0.8277114765829421,2:0.8736296336478628,3:0.2900708700446961,4:0.919616964082086,5:0.03149705263531977,6:0.11200257710962258,7:0.37962479491965473,8:0.3897269991263105,9:0.564221721436763,10:0.15660408134229875,11:0.6753184111635347,12:0.6840507401409275,13:0.9372200906022115,14:0.08131337406222716,15:0.663426878565595,16:0.48319592227228414,17:0.5827744290015472,18:0.007791944769019232,19:0.34530760147535544,20:0.9997040082812869,21:0.4842563558526175,22:0.3255678824328999,23:0.01087388336455486,24:0.36476505975788653,25:0.07113814679922303,26:0.3045653556496948,27:0.5078243944723131,28:0.01891184104647159,29:0.3855264984721368,30:0.9238485785371005,31:0.24869720467869683,32:0.16577595028713665,33:0.98867035296164,34:0.2510908680924372,35:0.7457327480338168,36:0.9818350714152113,37:0.9626610245459007,38:0.40542307220552676,39:0.15341633576761815,40:0.9108866491521491} with alpha 4.0 and beta 13.0
The order information:
Date: 2012-05-09T17:07:05.000+02:00
It predicted these items for order 1778911 :
   31560 with score of 2.1077818291487853
   752 with score of 1.8436394418666626
   27900 with score of 1.7955508051054476
   748 with score of 1.7813625714387151
   31553 with score of 1.737972314503221
   23467 with score of 1.7350336789723477
   572 with score of 1.7214178113743321
   1663 with score of 1.7212214903918759
   23469 with score of 1.7155201846417574
   11380 with score of 1.69325191790613
These are the actual items bought: 
   11832
   30233
The current arm is 3 with vector {0:0.6879087864414353,1:0.9376360607517918,2:0.26955005377420516,3:0.9267057659869159,4:0.6362394828224986,5:0.9973744597792304,6:0.3127583957180835,7:0.04970060323063896,8:0.9833175242102075,9:0.4529891812040727,10:0.12928251400704105,11:0.9313501376884596,12:0.10543529590854339,13:0.7289961090719116,14:0.5026297961488972,15:0.8707161728803504,16:0.10000505420130845,17:0.7106579967378293,18:0.6481778120292577,19:0.4141696795899893,20:0.048451025148116056,21:0.42291271649212725,22:0.6938637880191103,23:0.3573914156209944,24:0.7460145449834471,25:0.5544975145624659,26:0.05536586269309551,27:0.8142198239808954,28:0.26976550850990566,29:0.9181111923964395,30:0.03296900678011039,31:0.7042976442041725,32:0.9590323454788501,33:0.5956864376921887,34:0.34858569694264485,35:0.3315928911138286,36:0.7130007931474859,37:0.13867953792094356,38:0.5390148896365102,39:0.9405510087731375,40:0.3102041099747822} with alpha 4.0 and beta 25.0
The order information:
Date: 2012-05-10T17:54:43.000+02:00
It predicted these items for order 1779917 :
   16520 with score of 2.6120346929090803
   26598 with score of 2.6120346929090803
   27408 with score of 2.6119890122075815
   31290 with score of 2.5836686481075324
   31871 with score of 2.5836686481075324
   24834 with score of 2.4800011780807107
   24194 with score of 2.417348210074663
   27109 with score of 2.417348210074663
   31711 with score of 2.365296923090573
   32162 with score of 2.3123792284155087
These are the actual items bought: 
   30342
   23374
   32289
The current arm is 12 with vector {0:0.3522779001487629,1:0.5062229422849254,2:0.478077636626968,3:0.847672515164687,4:0.5043569900841942,5:0.2619651141707041,6:0.7406693725532104,7:0.6481278867529953,8:0.6320889537980379,9:0.41518663910495335,10:0.9018204694135081,11:0.482835375494851,12:0.2999706379909711,13:0.20095199411510578,14:0.5528957790997141,15:0.5606192473698421,16:0.4157488058700691,17:0.2013957976083547,18:0.20490556501726143,19:0.9794312602948282,20:0.7006468278311343,21:0.7721542221063599,22:0.2819815892287175,23:0.9892816479285078,24:0.9703763648676247,25:0.9962872171499775,26:0.6155104720237552,27:0.9603300385179341,28:0.5625463230455017,29:0.09091588165204822,30:0.4422779101323536,31:0.6875544982289938,32:0.49800897262500976,33:0.7889433109003343,34:0.19441981240775752,35:0.264272431884899,36:0.5313005999168336,37:0.7282515993126002,38:0.28630981452959026,39:0.8752336410750295,40:0.09224251465764721} with alpha 20.0 and beta 78.0
The order information:
Date: 2012-05-11T22:39:32.000+02:00
It predicted these items for order 1780921 :
   31560 with score of 2.5885093338180205
   752 with score of 2.13729870405979
   748 with score of 1.9263321925466175
   21714 with score of 1.6884219992368121
   29669 with score of 1.6695106477701909
   27576 with score of 1.663398620448836
   27900 with score of 1.6498938343225262
   5003 with score of 1.6408274957748574
   20430 with score of 1.6381633700494729
   23467 with score of 1.6176627351679045
These are the actual items bought: 
   31776
The current arm is 43 with vector {0:0.9415328328870508,1:0.3167835470283774,2:0.875866041404558,3:0.8022710312936174,4:0.7035725904760656,5:0.12287685249012315,6:0.2374427279096597,7:0.8919087130188789,8:0.20795860553802314,9:0.24658638956273182,10:0.9506021986140224,11:0.9133552260822522,12:0.21837925778375977,13:0.33784720469409013,14:0.8464782809279547,15:0.09620483433416127,16:0.521648482975214,17:0.2761898309341462,18:0.08962891660973293,19:0.8955187849146754,20:0.4579475653732483,21:0.7876366396329034,22:0.09079967502412889,23:0.6414594034815301,24:0.6422257285628646,25:0.0516517071378777,26:0.33071179330620704,27:0.1192854728446352,28:0.8738061925293906,29:0.8286953860064961,30:0.07529851168131108,31:0.48770358045206774,32:0.44221886991374204,33:0.8397195423472879,34:0.8278025550941343,35:0.35616114355200323,36:0.34478748841974005,37:0.21123946732711596,38:0.8501929691636811,39:0.9130528668443876,40:0.5755701766493782} with alpha 24.0 and beta 101.0
The order information:
Date: 2012-05-13T15:53:25.000+02:00
It predicted these items for order 1781930 :
   31560 with score of 2.865476126951395
   752 with score of 2.367458476804589
   748 with score of 2.3496763659721864
   27900 with score of 2.196898066022815
   21714 with score of 2.1638014329423427
   20430 with score of 2.1574738439961676
   5003 with score of 2.1550676165411233
   29669 with score of 2.111991127571249
   27576 with score of 2.09847413359001
   23467 with score of 2.0625001169056243
These are the actual items bought: 
   2084
   29003
   31950
   20990
   31940
   30573
   20678
   30195
   25363
   27900
The current arm is 47 with vector {0:0.19966131770425444,1:0.4230938319977814,2:0.8365436540249516,3:0.17287002949821517,4:0.29812404896097133,5:0.25146214952491563,6:0.41395016059737544,7:0.9211048753781776,8:0.673847490637952,9:0.6986644749540288,10:0.7749057765648333,11:0.6027105777504557,12:0.6723207471488462,13:0.03467174073858992,14:0.07335390012755072,15:0.3572182906074899,16:0.8774511580437452,17:0.7895922758152835,18:0.34724351979730717,19:0.35784927010162226,20:0.1156513273928248,21:0.8685167214162899,22:0.7739590646597645,23:0.5877073896899404,24:0.361821728804848,25:0.39882894982113115,26:0.8405320069957738,27:0.579965846485822,28:0.6108216954271092,29:0.7207185659859182,30:0.15428018379118302,31:0.15337179580395544,32:0.11762722056141073,33:0.3082887702638114,34:0.1313690288919689,35:0.5723687987555381,36:0.24069468281619788,37:0.6681900962301102,38:0.9135908685303326,39:0.2586925200831838,40:0.9769775654043604} with alpha 141.0 and beta 472.0
The order information:
Date: 2012-05-14T16:46:54.000+02:00
It predicted these items for order 1782931 :
   31560 with score of 1.6671053684152886
   748 with score of 1.23411142068539
   752 with score of 1.1519059616566367
   21714 with score of 0.8928494012113212
   5003 with score of 0.8808973206599627
   27576 with score of 0.8665031598580903
   20430 with score of 0.850160273331921
   27900 with score of 0.8426542138093442
   29669 with score of 0.8278153654258009
   31553 with score of 0.7926936089849876
These are the actual items bought: 
   32564
The current arm is 28 with vector {0:0.9169234003256046,1:0.4361626272679223,2:0.1849312551150193,3:0.2731223824359784,4:0.24137572374213623,5:0.25541852621720873,6:0.5096877537671628,7:0.2089993340769175,8:0.11749794025301608,9:0.6295210554300215,10:0.7050007801145696,11:0.23023495275920125,12:0.5317610930697153,13:0.9866999554155587,14:0.34822864596148184,15:0.09876111539242505,16:0.6506458172874285,17:0.01908923172924637,18:0.9166653778685174,19:0.2831921018628153,20:0.832760761740332,21:0.9819999854432782,22:0.6490474234603547,23:0.517461410048738,24:0.9819766715924849,25:0.2768726209154929,26:0.5096032979857374,27:0.993435180491821,28:0.5456414567899739,29:0.7318565666071734,30:0.88380696318415,31:0.5791367945133672,32:0.8411529205985695,33:0.6291604522102928,34:0.801227435230973,35:0.28999426126470595,36:0.24468120858758724,37:0.31987869878412234,38:0.5919520304758926,39:0.9691490148715025,40:0.60463621338724} with alpha 291.0 and beta 1046.0
The order information:
Date: 2012-05-15T15:02:20.000+02:00
It predicted these items for order 1783936 :
   748 with score of 1.805813562942587
   31560 with score of 1.7871181194559354
   752 with score of 1.6247470564435205
   27576 with score of 1.5428100517878403
   21714 with score of 1.5072938644318472
   5003 with score of 1.4911687433945728
   29669 with score of 1.4767217512171655
   21776 with score of 1.4700287093847741
   21671 with score of 1.4673371418795238
   25201 with score of 1.4506710909629152
These are the actual items bought: 
   12096
The arm 0 has vector {0:0.16876052297263777,1:0.8573181006928484,2:0.5358575770590325,3:0.1619212617993735,4:0.6575635267353721,5:0.737636922771049,6:0.28976596787909714,7:0.23063228206593744,8:0.2841774688818972,9:0.49155416618094827,10:0.7890550176724505,11:0.475196060729997,12:0.18949681923825235,13:0.12144944159556703,14:0.4451446188587451,15:0.4945653274265024,16:0.5381039530120504,17:0.7558187376924635,18:0.8270680526059334,19:0.8846154556536971,20:0.4267516247332781,21:0.16601056142908188,22:0.4079602656813299,23:0.26999157357470327,24:0.5994837529929219,25:0.31858121638007786,26:0.11320017271425209,27:0.3283268231106298,28:0.7878572354853303,29:0.44421614185201885,30:0.4290337791704988,31:0.20944662163421313,32:0.12326462848083353,33:0.9511428456003073,34:0.0299780702481679,35:0.9200376312805967,36:0.07434641018221089,37:0.7499304523059049,38:0.5648638011341552,39:0.010902509064080301,40:0.4063859621687349} with alpha 3.0 and beta 34.0, percentage 5.714285714285714
The arm 1 has vector {0:0.11613305099764681,1:0.5687097001041291,2:0.736831743605657,3:0.25357895767372696,4:0.5412098101177782,5:0.8149615186970957,6:0.696687643595371,7:0.034051559919240804,8:0.6933166534604572,9:0.5149602229789715,10:0.023690486383997844,11:0.12404926176778797,12:0.009298335531008672,13:0.8081706167710214,14:0.11156761796898496,15:0.36163079087030114,16:0.3615472211113402,17:0.6318369748944699,18:0.8024408535709469,19:0.2416177317741932,20:0.8456714269535397,21:0.8305729192614358,22:0.8656265493977047,23:0.18799246466669006,24:0.7192103010686247,25:0.2619100409719419,26:0.30548520123140777,27:0.5233850263481973,28:0.040595120275057295,29:0.8521971325969669,30:0.12985582940925677,31:0.9464445432714677,32:0.7966772715889732,33:0.34755704428422085,34:0.06161228168732502,35:0.014524422078439403,36:0.24554236285526077,37:0.5478737192939832,38:0.7324433627492851,39:0.6194018815888338,40:0.49871038375306953} with alpha 4.0 and beta 42.0, percentage 6.8181818181818175
The arm 2 has vector {0:0.4088324190393374,1:0.28242482172898986,2:0.7218000837267112,3:0.68032606484005,4:0.8696976593364999,5:0.9422916694189643,6:0.7606037417495706,7:0.9124148425958787,8:0.19174055329413076,9:0.26333007800463315,10:0.8122367002699509,11:0.4049493206262633,12:0.2921071693019134,13:0.42079575086787424,14:0.06876783493749594,15:0.4968138566365803,16:0.8492155132302415,17:0.4793737724637327,18:0.5032449789500612,19:0.5899303286584413,20:0.24777903189013917,21:0.9757797016281811,22:0.11300430797947913,23:0.08413034824459842,24:0.13194591825073088,25:0.1790530570109098,26:0.05978911261798647,27:0.7610596043359669,28:0.5240431802594769,29:0.2656695173742769,30:0.8498780470571617,31:0.9678523986693346,32:0.9317059863102705,33:0.1070704238552932,34:0.7241958494099844,35:0.22330145562630965,36:0.03967780645555907,37:0.06220072960730483,38:0.07243954902537586,39:0.7941554566689263,40:0.09005116193462903} with alpha 3.0 and beta 40.0, percentage 4.878048780487805
The arm 3 has vector {0:0.6879087864414353,1:0.9376360607517918,2:0.26955005377420516,3:0.9267057659869159,4:0.6362394828224986,5:0.9973744597792304,6:0.3127583957180835,7:0.04970060323063896,8:0.9833175242102075,9:0.4529891812040727,10:0.12928251400704105,11:0.9313501376884596,12:0.10543529590854339,13:0.7289961090719116,14:0.5026297961488972,15:0.8707161728803504,16:0.10000505420130845,17:0.7106579967378293,18:0.6481778120292577,19:0.4141696795899893,20:0.048451025148116056,21:0.42291271649212725,22:0.6938637880191103,23:0.3573914156209944,24:0.7460145449834471,25:0.5544975145624659,26:0.05536586269309551,27:0.8142198239808954,28:0.26976550850990566,29:0.9181111923964395,30:0.03296900678011039,31:0.7042976442041725,32:0.9590323454788501,33:0.5956864376921887,34:0.34858569694264485,35:0.3315928911138286,36:0.7130007931474859,37:0.13867953792094356,38:0.5390148896365102,39:0.9405510087731375,40:0.3102041099747822} with alpha 6.0 and beta 55.0, percentage 8.47457627118644
The arm 4 has vector {0:0.3711470489701506,1:0.8466143325463897,2:0.09460211937497431,3:0.5294535495587566,4:0.8737273450341301,5:0.38862421192622876,6:0.46248000212458973,7:0.12317537992816419,8:0.5376416553238217,9:0.847212210253604,10:0.011533889781418005,11:0.8081687968703898,12:0.3383758637630938,13:0.5654417285767541,14:0.9663308877059777,15:0.93357276657377,16:0.5339633818209394,17:0.9152661388265301,18:0.1492619388156633,19:0.3576886934639678,20:0.3868654052058119,21:0.3512409281989268,22:0.9508863900418767,23:0.8976390840695441,24:0.45013448121693,25:0.5603053662567998,26:0.7340801874938142,27:0.0021422567374552726,28:0.5225444350455435,29:0.8538402631179254,30:0.7683918718755196,31:0.9601556020014006,32:0.04051259217531322,33:0.2039006038047393,34:0.2904819833666469,35:0.9174376999184871,36:0.8742397075154504,37:0.9691283995302865,38:0.8392249643713549,39:0.4795543391923407,40:0.22709252474959796} with alpha 18.0 and beta 92.0, percentage 15.74074074074074
The arm 5 has vector {0:0.7791210605482932,1:0.6132459463129648,2:0.18743631143804085,3:0.008981690120311137,4:0.4404830095682758,5:0.7890668883135818,6:0.30997243109718275,7:0.6616779296204045,8:0.7291499092066702,9:0.4390937404096811,10:0.13715380964365553,11:0.14523267123101546,12:0.9787505836207635,13:0.9103389480223695,14:0.1917164175364653,15:0.0704333583235589,16:0.23070592308770488,17:0.25030141530019323,18:0.17096943174786616,19:0.5399700629961783,20:0.7981418962876204,21:0.3237696329870112,22:0.6059019677601832,23:0.35808988626635785,24:0.558944696731323,25:0.7872025908214336,26:0.9983331200334732,27:0.02507015992150219,28:0.2303814788004156,29:0.005069249590110014,30:0.5127958158439349,31:0.7937028760681638,32:0.5254114267463258,33:0.8313766102042163,34:0.2013837818583376,35:0.0830942215378403,36:0.14155617723491187,37:0.2269045473043314,38:0.9181946813074302,39:0.6297847768624641,40:0.5283512690442989} with alpha 3.0 and beta 37.0, percentage 5.263157894736842
The arm 6 has vector {0:0.3952864207818608,1:0.21563559381575392,2:0.539975431606864,3:0.08475828019781773,4:0.7289585507533523,5:0.522258515086991,6:0.5589336560939022,7:0.8713580974047349,8:0.753619438301925,9:0.1875574430671355,10:0.3945594525821089,11:0.11847772213305163,12:0.4741720070891543,13:0.6451368856068549,14:0.35054557093251804,15:0.6326601206655299,16:0.09069882201784774,17:0.046491124644658655,18:0.6014168096425023,19:0.9344537109924896,20:0.9660485505572219,21:0.14753921875785403,22:0.08861567186190222,23:0.010009598447969004,24:0.11025147055229068,25:0.130789941112329,26:0.4864132087787929,27:0.6223820472499328,28:0.7870556237525633,29:0.9771313104598798,30:0.0452444094892156,31:0.2238006598801251,32:0.14424882590975519,33:0.4210659316471199,34:0.45850444935293555,35:0.8029923695893292,36:0.09673157152470901,37:0.42911854221898404,38:0.8582806126805218,39:0.1836107551776167,40:0.6480642591804989} with alpha 8.0 and beta 61.0, percentage 10.44776119402985
The arm 7 has vector {0:0.714870762990603,1:0.26942508395641385,2:0.9950052235385097,3:0.1572391185515235,4:0.35224621655161037,5:0.5817498386211892,6:0.39835546912484565,7:0.8808312055391576,8:0.8052037435058473,9:0.8542437878155176,10:0.2665019751764235,11:0.16310256504560483,12:0.15505330033614262,13:0.9888481176973413,14:0.6507226841458159,15:0.9578481698801996,16:0.27480672371060766,17:0.8465824886355895,18:0.029865151777011656,19:0.2924845173643985,20:0.30169666063646394,21:0.9131502075901005,22:0.033617872493002965,23:0.17960114002999905,24:0.5928138781108907,25:0.44890258721612597,26:0.2571346345152967,27:0.24852881935625248,28:0.3156653672483687,29:0.06906491075410448,30:0.22526860327698484,31:0.2829289214282008,32:0.2890608338730878,33:0.959292247517789,34:0.8901856986520583,35:0.42573405415115506,36:0.6872236378095481,37:0.8491531297250049,38:0.08795080320591386,39:0.289791627899076,40:0.7353693335472135} with alpha 13.0 and beta 90.0, percentage 11.881188118811881
The arm 8 has vector {0:0.9276101138913888,1:0.410772654762655,2:0.5310248529228115,3:0.781395229828461,4:0.12442827312040095,5:0.4912556426845026,6:0.6070566867972148,7:0.45818136284655975,8:0.9648028916761835,9:0.3735197181394484,10:0.06843839657443695,11:0.3996424515929706,12:0.06402365687662825,13:0.15827120704191677,14:0.9403791793606678,15:0.18934357211219388,16:0.2783320605802,17:0.3288613278912045,18:0.31527766039232186,19:0.9797304683763064,20:0.03755068802480188,21:0.732604685142316,22:0.8990494487992149,23:0.2384852527854916,24:0.7394451522217391,25:0.2853987058185221,26:0.6862977070538239,27:0.7934384841285422,28:0.9954912812224399,29:0.2551951112690577,30:0.3298329890572729,31:0.8392766127416077,32:0.9601405358412154,33:0.9034917921980947,34:0.10031624616755563,35:0.7534021359389852,36:0.23642646334385164,37:0.5680465556523626,38:0.4269963573896983,39:0.8805867492594437,40:0.31457992396617496} with alpha 3.0 and beta 39.0, percentage 5.0
The arm 9 has vector {0:0.6997126198047273,1:0.5917283421251809,2:0.3448327934062173,3:0.9780824153211385,4:0.3293134817291653,5:0.965918318687497,6:0.4055185377166953,7:0.7038460823846067,8:0.8102880003226686,9:0.187457387168106,10:0.36191799420034265,11:0.9469585322554884,12:5.109020253395435E-4,13:0.08358560861089104,14:0.8263679286943182,15:0.14222800235692667,16:0.600483252364554,17:0.013697542967072374,18:0.8026825758802352,19:0.3487338240980564,20:0.2438932673316423,21:0.009575765440462125,22:0.5505131027675715,23:0.602105822968817,24:0.23997500978924535,25:0.012513624229167575,26:0.21384592760119114,27:0.6940771226562209,28:0.30507435820912,29:0.3022223494122095,30:0.7329158161149893,31:0.23893584117397415,32:0.21134834193072372,33:0.1283214336370263,34:0.5816262430946245,35:0.8366408046986203,36:0.2114900709456765,37:0.03309651131047198,38:0.6899228404466979,39:0.08022705354967608,40:0.948537173305736} with alpha 1.0 and beta 27.0, percentage 0.0
The arm 10 has vector {0:0.9270697714398162,1:0.3634853296489864,2:0.2542382288092867,3:0.9333299420474276,4:0.17731721136000433,5:0.7011477957466132,6:0.9865249063999018,7:0.821758776907615,8:0.17756006556083337,9:0.7199421870338821,10:0.49960190650135283,11:0.9802461651691183,12:0.20799142570950813,13:0.7145600313899115,14:0.7268219316007442,15:0.7327310923538215,16:0.8221004914677139,17:0.13509565465911533,18:0.6707951137164572,19:0.52810113071027,20:0.31247229003750976,21:0.41870735519904756,22:0.6748692088710274,23:0.9418284970417988,24:0.17319499580922715,25:0.9933476211243714,26:0.23101051138603346,27:0.7468784202733441,28:0.5678649741719317,29:0.30023513575122496,30:0.32406000677455116,31:0.38663237941057726,32:0.7662901192390816,33:0.9143182727693421,34:0.07117760484243496,35:0.8331608334971656,36:0.3948344743134651,37:0.7746058426907527,38:0.8032006281715534,39:0.9078377901114074,40:0.672829571338933} with alpha 16.0 and beta 101.0, percentage 13.043478260869565
The arm 11 has vector {0:0.9509458705382328,1:0.6472649499229718,2:0.41732979848855956,3:0.8550464571100788,4:0.6234358110199587,5:0.6269459422213512,6:0.5749332680231709,7:0.28996609025007136,8:0.4959468515040375,9:0.426410440887249,10:0.22266725399509057,11:0.818933306582775,12:0.07835560771677719,13:0.4436209556941083,14:0.28301020366071894,15:0.6499273594927575,16:0.8853409640122717,17:0.5014777964106673,18:0.8996698151025075,19:0.012984948389814899,20:0.5179831267501974,21:0.3461674897864191,22:0.18116146169415492,23:0.9005634824847748,24:0.58372210239836,25:0.333562406001351,26:0.46696315561587676,27:0.030804684324005294,28:0.8171256591764772,29:0.36677336997140786,30:0.41094769032369216,31:0.7146227755370678,32:0.03646898936772591,33:0.14635874006886107,34:0.7025998264406264,35:0.7009577919255818,36:0.8044053264129338,37:0.2825019635085334,38:0.8183056852941779,39:0.8001671756438492,40:0.18909973912944655} with alpha 7.0 and beta 52.0, percentage 10.526315789473683
The arm 12 has vector {0:0.3522779001487629,1:0.5062229422849254,2:0.478077636626968,3:0.847672515164687,4:0.5043569900841942,5:0.2619651141707041,6:0.7406693725532104,7:0.6481278867529953,8:0.6320889537980379,9:0.41518663910495335,10:0.9018204694135081,11:0.482835375494851,12:0.2999706379909711,13:0.20095199411510578,14:0.5528957790997141,15:0.5606192473698421,16:0.4157488058700691,17:0.2013957976083547,18:0.20490556501726143,19:0.9794312602948282,20:0.7006468278311343,21:0.7721542221063599,22:0.2819815892287175,23:0.9892816479285078,24:0.9703763648676247,25:0.9962872171499775,26:0.6155104720237552,27:0.9603300385179341,28:0.5625463230455017,29:0.09091588165204822,30:0.4422779101323536,31:0.6875544982289938,32:0.49800897262500976,33:0.7889433109003343,34:0.19441981240775752,35:0.264272431884899,36:0.5313005999168336,37:0.7282515993126002,38:0.28630981452959026,39:0.8752336410750295,40:0.09224251465764721} with alpha 31.0 and beta 157.0, percentage 16.129032258064516
The arm 13 has vector {0:0.23809219766980771,1:0.5311502470211816,2:0.47095757714130093,3:0.6647416679892663,4:0.7645827427165657,5:0.5616425235738197,6:0.41712359503267615,7:0.8661062351571264,8:0.4652393824954869,9:0.1809932763554576,10:0.9378239161222928,11:0.4416758885113172,12:0.4503718278623836,13:0.4103518134747982,14:0.1390515575095982,15:0.8682022546590685,16:0.7131101158969452,17:0.06510221229107727,18:0.7426983545879701,19:0.15922802408705095,20:0.3918185433375735,21:0.26573278198674655,22:0.11002884360213627,23:0.11954424741564496,24:0.09424483952896046,25:0.8670775936885242,26:0.9393284977321036,27:0.9139853739677687,28:0.6129899683670313,29:0.8268995028860756,30:0.5351495728614302,31:0.938993940379866,32:0.2705216234090956,33:0.0407841863105598,34:0.26863025443745203,35:0.9357461482558614,36:0.5157484920243837,37:0.39576779001176765,38:0.615590626462001,39:0.9313306575088515,40:0.2710488002271356} with alpha 6.0 and beta 56.0, percentage 8.333333333333332
The arm 14 has vector {0:0.9357330958079453,1:0.5622443354647827,2:0.5104430873059362,3:0.7146556364249461,4:0.8321646713663783,5:0.8591838132398993,6:0.7064880141506626,7:0.39486403617984556,8:0.655754189006256,9:0.4844254486899492,10:0.11264871152529221,11:0.028880455338728073,12:0.3984055703106836,13:0.3853994991742453,14:0.12139453231306041,15:0.3782755566626572,16:0.15308966236708088,17:0.02276805434097684,18:0.35840431950141716,19:0.14081844070765337,20:0.8530497566085066,21:0.21096232938706616,22:0.7223183297900667,23:0.5725841336207723,24:0.5777924928599277,25:0.9214358259282137,26:0.14966819878264792,27:0.731187961232222,28:0.8466843871447087,29:0.3716375294403569,30:0.6138356140878355,31:0.013111302676501846,32:0.971389622839741,33:0.2909584614996016,34:0.9095272554012706,35:0.20393705997361855,36:0.5400593019293275,37:0.9812917616135656,38:0.1697935426728997,39:0.40535645098264395,40:0.41652755235629213} with alpha 2.0 and beta 34.0, percentage 2.941176470588235
The arm 15 has vector {0:0.9939279166649284,1:0.9470119359168845,2:0.15682578854978813,3:0.37334015424476186,4:0.4491854706083288,5:0.946226537931172,6:0.7758099911756444,7:0.14806720420864383,8:0.3493047779230921,9:0.7140424614148105,10:0.4925434309342839,11:0.9463690539271865,12:0.3030388823683874,13:0.6300492266049921,14:0.25242442608142446,15:0.9937224515796036,16:0.29093566397571446,17:0.7192894818829587,18:0.5447403049366206,19:0.7022519458923272,20:0.031474167278632836,21:0.33629165822419227,22:0.704453055486799,23:0.4626376158737776,24:0.7438491997214693,25:0.05720675120210228,26:0.3600197910992943,27:0.2501000239237041,28:0.8790628885577348,29:0.3809181676919403,30:0.8382107014823368,31:0.8437188656376123,32:0.975748316724247,33:0.2158913212177388,34:0.7058257814705245,35:0.5525622070217668,36:0.5452400607857841,37:0.31216264696883966,38:0.2653444861761086,39:0.3451836729133363,40:0.18298137452694418} with alpha 4.0 and beta 36.0, percentage 7.894736842105263
The arm 16 has vector {0:0.5645211653439148,1:0.14698478892951172,2:0.5238529066473712,3:0.35954724660482995,4:0.5472282032452234,5:0.18867831359214604,6:0.7257786091646402,7:0.3961097901380196,8:0.01865670468762326,9:0.5988614170089795,10:0.9496889693920576,11:0.6332551592741129,12:0.21077196740441784,13:0.9345595197564056,14:0.05916033790157749,15:0.34022323641106256,16:0.8464287117705891,17:0.9936929430090286,18:0.9271530503982888,19:0.31656758036303145,20:0.797964011040369,21:0.0835676385865387,22:0.9777037513527096,23:0.8491904342351029,24:0.2546039092011121,25:0.4949867987246842,26:0.38734727104055666,27:0.761331637700858,28:0.8790005437232482,29:0.7904169278279329,30:0.3891635633435444,31:0.8789990179355682,32:0.012724117485001352,33:0.05466970329737264,34:0.07130617976474962,35:0.4233492046103001,36:0.5215169497538253,37:0.13740526373877116,38:0.274738551180047,39:0.8092440923542737,40:0.057185124448642655} with alpha 29.0 and beta 147.0, percentage 16.091954022988507
The arm 17 has vector {0:0.047602931438568086,1:0.5023909294162674,2:0.5246347856198796,3:0.9731076500513218,4:0.37187165704644287,5:0.9450809416738447,6:0.6581750460603858,7:0.23637671851862574,8:0.8133767919266351,9:0.4984806718460111,10:0.09862821570192604,11:0.14185933418905838,12:0.3222408080282154,13:0.751299066985446,14:0.18667460591591434,15:0.6601530391676534,16:0.35934399967723496,17:0.8163018107944712,18:0.7367022279793941,19:0.07827975836242329,20:0.5654943489824763,21:0.9965895202342635,22:0.559095894449557,23:0.44994202577102904,24:0.99468601812442,25:0.4275044148858741,26:0.28421863879181297,27:0.509661654681154,28:0.7207880342452843,29:0.11826297414375975,30:0.34729103463472344,31:0.5687888432543663,32:0.8830090919574924,33:0.4061320038395302,34:0.6956148823761046,35:0.2063895623023183,36:0.4912119511187164,37:0.8012737753276288,38:0.4727665343352666,39:0.11621746463850635,40:0.7937633293444092} with alpha 3.0 and beta 39.0, percentage 5.0
The arm 18 has vector {0:0.8074567403913164,1:0.10674449327613911,2:0.014419918860906544,3:0.5527497157357136,4:0.0701710396700721,5:0.6517991099014816,6:0.36784309104387947,7:0.1723256766277228,8:0.16723991808728322,9:0.3337987798173757,10:0.5079224979709906,11:0.1280840763687231,12:0.5886302908065627,13:0.5567296674395508,14:0.143793329262782,15:0.9228493660615892,16:0.9997453276245539,17:0.7889494608586506,18:0.42528098927761915,19:0.9081473347900746,20:0.32768813271931474,21:0.6609894951850527,22:0.619594502802185,23:0.7457571502136372,24:0.6112779981429698,25:0.17768943976918017,26:0.970205246841445,27:0.09659076289874413,28:0.4841021403276151,29:0.6167814541698283,30:0.47099218398104437,31:0.03738840114134512,32:0.846085767944716,33:0.3940065825593545,34:0.5240743819906505,35:0.603692490525408,36:0.2236843850837521,37:0.29585564012652277,38:0.6702431280147371,39:0.16029181357960276,40:0.41634434334492265} with alpha 1.0 and beta 23.0, percentage 0.0
The arm 19 has vector {0:0.3161830035167431,1:0.5118247203365321,2:0.5051263016953382,3:0.900592102053356,4:0.33642354139194186,5:0.3728004361951739,6:0.008172954929191789,7:0.08623940246185535,8:0.8647105058518156,9:0.29366601241914947,10:0.8985113152953793,11:0.15946033577112761,12:0.6323778556543623,13:0.18410658774097255,14:0.9447081514494992,15:0.42474684681551245,16:0.7113976200886066,17:0.8586720748139763,18:0.5595747668410066,19:0.4206730597068219,20:0.19559821637977515,21:0.5737870060216594,22:0.5137175765644393,23:0.7540637433969438,24:0.16985991993023664,25:0.25170859263697876,26:0.2704023931121836,27:0.0713317083442857,28:0.6713151033842447,29:0.33975209924689553,30:0.11944440678566748,31:0.8350234990717941,32:0.49807059905897466,33:0.9086776896502021,34:0.2135562552177971,35:0.9720912511900364,36:0.7289172186569687,37:0.9962124246959729,38:0.9534234905162496,39:0.6505238327018532,40:0.218646660230725} with alpha 10.0 and beta 68.0, percentage 11.842105263157894
The arm 20 has vector {0:0.30735412564947606,1:0.8657600522348733,2:0.8556649042870934,3:0.06396065659450634,4:0.4989130302504826,5:0.3908325050040161,6:0.0732554187580231,7:0.7048029520976794,8:0.9899632926647345,9:0.7403710926938497,10:0.9621262384993363,11:0.6948085077568583,12:0.4606100705648084,13:0.6074328788341146,14:0.5574870318590559,15:0.7786776462616086,16:0.793261237494654,17:0.6767014484982719,18:0.13958683786486314,19:0.87541674605536,20:0.10011249111663945,21:0.680942645048971,22:0.783253922301584,23:0.6772268643387023,24:0.6938579882604039,25:0.5791723985346231,26:0.5354557025292479,27:0.7423383678545094,28:0.6526250730349382,29:0.015705681252813908,30:0.1850939864628568,31:0.6131670159595514,32:0.91492624898966,33:0.28852234587745484,34:0.2819225231654201,35:0.5398653846752902,36:0.3592067475683911,37:0.570198093937259,38:0.6417022273738154,39:0.052448201402527594,40:0.5453722831197196} with alpha 6.0 and beta 48.0, percentage 9.615384615384617
The arm 21 has vector {0:0.2726272186555715,1:0.7226356871994886,2:0.5301310829040935,3:0.2612370074620358,4:0.8708205307790766,5:0.5098434112682493,6:0.49410996104377414,7:0.7358925027157261,8:0.21333791470533037,9:0.5563694612051259,10:0.7778831732811775,11:0.1095808280051428,12:0.5733440872572345,13:0.34128114744575533,14:0.3635622358509554,15:0.45095985588422394,16:0.23138137232635492,17:0.6695895951767372,18:0.4740075368464489,19:0.2809584357327479,20:0.9191331935300556,21:0.5848290423597823,22:0.2647821974298642,23:0.3644306633604222,24:0.8945079481404733,25:0.4056120085989755,26:0.9105632229929935,27:0.5902231005295404,28:0.18636282762853884,29:0.43516810715716947,30:0.11160391845055706,31:0.3677045444356575,32:0.31175429353810413,33:0.6816226770085985,34:0.16919092660382828,35:0.5192537194287351,36:0.34223540118422624,37:0.4386488204401482,38:0.6836060635316046,39:0.23728197243536753,40:0.20699819628440863} with alpha 10.0 and beta 68.0, percentage 11.842105263157894
The arm 22 has vector {0:0.29150666665224434,1:0.46962486994636243,2:0.3185814274767794,3:0.767839284040575,4:0.23961275026818385,5:0.7647863375766781,6:0.7383957505503779,7:0.5529397046670195,8:0.8417553858999895,9:0.08789528009843539,10:0.2999272420561332,11:0.9746618481405344,12:0.13673519000211443,13:0.3267840583958376,14:0.8251281780944646,15:0.30489362973531087,16:0.3640120203085895,17:0.7824747605991215,18:0.9435510916115352,19:0.27414789814037577,20:0.061029343616504916,21:0.015662261626131713,22:0.8173974631027857,23:0.9711540736264487,24:0.8395633690482744,25:0.13925666918926216,26:0.591394198835447,27:0.20698745788559403,28:0.35046666006883775,29:0.8718695458123477,30:0.3735586187803056,31:0.28974858660576275,32:0.40993585578490566,33:0.6672532800230284,34:0.2199538944300916,35:0.4674361048475312,36:0.7610250015765974,37:0.307452213553959,38:0.482639120257796,39:0.5498143349125623,40:0.9829100554321621} with alpha 4.0 and beta 43.0, percentage 6.666666666666667
The arm 23 has vector {0:0.2734204133042125,1:0.38027334526860623,2:0.005419297706325099,3:0.5025077753116651,4:0.649915198008095,5:0.9781990085255244,6:0.2932331500367855,7:0.9793774773542082,8:0.13980096072868908,9:0.86999647697379,10:0.06621915112632693,11:0.3436644680768488,12:0.12778771574053172,13:0.14431699574744883,14:0.4209155911795852,15:0.6880125625793523,16:0.9049699471788546,17:0.3492847107146715,18:0.47711843348105354,19:0.5309058358400759,20:0.7010329258092086,21:0.3073064231391307,22:0.5302697878773419,23:0.3362871322438208,24:0.780705975170486,25:0.03132440992087837,26:0.9052429494633082,27:0.26626385308078904,28:0.62774648174827,29:0.6287428823679186,30:0.7634324135919822,31:0.8480252608304402,32:0.7277216455185945,33:0.10718861122758827,34:0.8533510395963905,35:0.19331807244098442,36:0.07275149507607381,37:0.8049360745757785,38:0.1759959504832146,39:0.36798593618602404,40:0.40267745794302257} with alpha 1.0 and beta 27.0, percentage 0.0
The arm 24 has vector {0:0.3392366470663968,1:0.20873756881311167,2:0.7159641774080693,3:0.46223198695292766,4:0.18480066463789535,5:0.7084788464757849,6:0.8851121640430206,7:0.07151644194644036,8:0.5184869528696475,9:0.9751484545217228,10:0.965112315383664,11:0.2098582451799006,12:0.8803795457504756,13:0.16520625149115586,14:0.3950206136291091,15:0.13466005591666286,16:0.18080346536881242,17:0.518266204646852,18:0.9295953355158039,19:0.10415672754077032,20:0.4352360209716323,21:0.8756833776517133,22:0.2601765352525992,23:0.6832195897847703,24:0.6457441572453498,25:0.8641413919255982,26:0.13940694591010516,27:0.26010432939642947,28:0.03891307513451858,29:0.5882267415412861,30:0.8504437928177496,31:0.26698329194513315,32:0.40521200744638464,33:0.14374436156468506,34:0.9869383289351343,35:0.04566975565980236,36:0.15229127130524878,37:0.025068329696060432,38:0.8361730030690597,39:0.05728850569983113,40:0.39707627638265053} with alpha 8.0 and beta 61.0, percentage 10.44776119402985
The arm 25 has vector {0:0.42187553568854874,1:0.04405426951135061,2:0.7096500778435421,3:0.6022142219526484,4:0.3631849132349684,5:0.9662539297408614,6:0.9877150436508674,7:0.9802356470052309,8:0.688419276687868,9:0.16541199193322775,10:0.07078693441203687,11:0.5805155298213164,12:0.8871536002738942,13:0.585567261038316,14:0.28874703909267274,15:0.9014678577619197,16:0.13072875044078514,17:0.3721488562260761,18:0.9793809861097379,19:0.3791030386387595,20:0.639519586004446,21:0.15498254463560768,22:0.866003233263588,23:0.1886601746817136,24:0.1923217142880027,25:0.982280010708712,26:0.655112309726269,27:0.8445258143605651,28:0.4660045177571802,29:0.15365383672266786,30:0.7710556857200328,31:0.2173797515185485,32:0.3168635810890349,33:0.15437417103232254,34:0.3225513992525938,35:0.6539419010573927,36:0.37610174926441864,37:0.3449483381781755,38:0.41941007816619147,39:0.44030601837876615,40:0.7527687510527361} with alpha 4.0 and beta 41.0, percentage 6.976744186046512
The arm 26 has vector {0:0.21018785846910226,1:0.7761784572394913,2:0.198481159238588,3:0.7376360372780694,4:0.13256726361985638,5:0.5618935832938018,6:0.43313306815466834,7:0.4307686874628509,8:0.020192017228417347,9:0.5817637605887584,10:0.21268266018724935,11:0.7655892225089832,12:0.9945070641336796,13:0.7993464511568991,14:0.32638826876475036,15:0.9465861561575614,16:0.6493625613252141,17:0.5450484444538473,18:0.5303412322965695,19:0.4014868163097741,20:0.793079777644705,21:0.4233957329922735,22:0.7150400983913774,23:0.9641457409232899,24:0.5181140437024613,25:0.789869855960594,26:0.5380694824774273,27:0.26809450299349313,28:0.64551880477021,29:0.5410188235158616,30:0.5821116956359055,31:0.12847173031267,32:0.447308841658546,33:0.8875926691290091,34:0.5602581962926271,35:0.5795804444188078,36:0.03981329175447823,37:0.9844981536260566,38:0.21532042372976856,39:0.5094121608189037,40:0.9377238769200836} with alpha 5.0 and beta 50.0, percentage 7.547169811320755
The arm 27 has vector {0:0.6222181115328147,1:0.29378908967422157,2:0.1943484787188795,3:0.20419623504197892,4:0.47871844484669124,5:0.08427053320713451,6:0.4671866272310876,7:0.03388824783425559,8:0.15132156862812662,9:0.05746855180666954,10:0.9630328398108601,11:0.7357443634613081,12:0.6981925797414483,13:0.8938081470437691,14:0.9687070166723316,15:0.4741728626099865,16:0.19363569317623786,17:0.35436037908973017,18:0.4116665335676425,19:0.47931623904687615,20:0.09136140116279945,21:0.12951854113312988,22:0.4996453881212992,23:0.9872325639175256,24:0.15321293972534478,25:0.2836884549454043,26:0.21282096816008333,27:0.5028700927392263,28:0.5507381041661239,29:0.28480818779225414,30:0.19221302895719428,31:0.721417162176497,32:0.5532129525563048,33:0.9109248688575573,34:0.5107911474313677,35:0.9787517894431279,36:0.9035953377736629,37:0.06159231082059102,38:0.34452662125265265,39:0.9215538605138813,40:0.08880256201824621} with alpha 41.0 and beta 191.0, percentage 17.391304347826086
The arm 28 has vector {0:0.9169234003256046,1:0.4361626272679223,2:0.1849312551150193,3:0.2731223824359784,4:0.24137572374213623,5:0.25541852621720873,6:0.5096877537671628,7:0.2089993340769175,8:0.11749794025301608,9:0.6295210554300215,10:0.7050007801145696,11:0.23023495275920125,12:0.5317610930697153,13:0.9866999554155587,14:0.34822864596148184,15:0.09876111539242505,16:0.6506458172874285,17:0.01908923172924637,18:0.9166653778685174,19:0.2831921018628153,20:0.832760761740332,21:0.9819999854432782,22:0.6490474234603547,23:0.517461410048738,24:0.9819766715924849,25:0.2768726209154929,26:0.5096032979857374,27:0.993435180491821,28:0.5456414567899739,29:0.7318565666071734,30:0.88380696318415,31:0.5791367945133672,32:0.8411529205985695,33:0.6291604522102928,34:0.801227435230973,35:0.28999426126470595,36:0.24468120858758724,37:0.31987869878412234,38:0.5919520304758926,39:0.9691490148715025,40:0.60463621338724} with alpha 316.0 and beta 1118.0, percentage 21.997206703910617
The arm 29 has vector {0:0.4043730046807904,1:0.025175616366598152,2:0.5525035803525555,3:0.6916816521108693,4:0.29820160252496786,5:0.8092197211355893,6:0.790912089822317,7:0.7959333509765132,8:0.32055679490533917,9:0.8132883734078901,10:0.5014350239104399,11:0.6471703417937807,12:0.4257564725580153,13:0.14304109257283482,14:0.11436074833939192,15:0.8319946686180048,16:0.9453740829897386,17:0.23681320905372705,18:0.9604675093661142,19:0.931160171084821,20:0.2252606649069644,21:0.9841807484545889,22:0.24384469054644975,23:0.30813192490144625,24:0.4317424743228766,25:0.3062379396084014,26:0.7733459021425947,27:0.5510442030473486,28:0.4341633006991069,29:0.9792049178090336,30:0.4368183414042879,31:0.7915671764618226,32:0.8236669885117165,33:0.9764400628295018,34:0.657747352619791,35:0.08662687109723799,36:0.653381148208374,37:0.28469423458351173,38:0.9204651232456584,39:0.9135568776101749,40:0.08529990744755633} with alpha 15.0 and beta 80.0, percentage 15.053763440860216
The arm 30 has vector {0:0.11088958904505952,1:0.040024086258689695,2:0.49527317978701035,3:0.11687067283607044,4:0.42812636993285025,5:0.7078608964516951,6:0.4632602961829724,7:0.48471486342379133,8:0.35438742365507614,9:0.671903566881584,10:0.909632494837779,11:0.7288957511489509,12:0.36014392241499515,13:0.45622359026168113,14:0.883896774124065,15:0.02458388876809603,16:0.16040880376388467,17:0.9753704392353764,18:0.7422656283260005,19:0.4142012780153882,20:0.8875989890513654,21:0.7983480177303675,22:0.1932895704041765,23:0.6845009600733049,24:0.08205636490864043,25:0.3912442315989778,26:0.858311546778731,27:0.7870183732497822,28:0.73621109482849,29:0.3378990584694086,30:0.7977547201667631,31:0.33934651327508614,32:0.43691200321623536,33:0.8772506438706178,34:0.2228144771792746,35:0.9570633844457308,36:0.32591293579132496,37:0.1220868353541601,38:0.7185552762218659,39:0.4829227419661818,40:0.4102548982407829} with alpha 1.0 and beta 26.0, percentage 0.0
The arm 31 has vector {0:0.3860833447783807,1:0.1318526331369313,2:0.9464821336916631,3:0.3154829158663677,4:0.7854847642736255,5:0.13855109140541177,6:0.7795122213397134,7:0.14081867736708797,8:0.04523408420828123,9:0.8367353980061449,10:0.718146685488032,11:0.5060991166545482,12:0.6433083876672784,13:0.6530511548988494,14:0.0018077829494851372,15:0.08257892080780471,16:0.8459719195579712,17:0.5624654288823451,18:0.8433272834701938,19:0.13023695682444691,20:0.26576171670657833,21:0.20033066960563906,22:0.5356058616962194,23:0.8344587433043377,24:0.9353661299627614,25:0.5495119179371996,26:0.38848286988104697,27:0.3844567664921712,28:0.5897100050040489,29:0.22328518214427617,30:0.7319722135425187,31:0.18443507467083797,32:0.620689755724239,33:0.5316769902075619,34:0.8594215395999152,35:0.5351690620612479,36:0.32753293354676527,37:0.8186494983773049,38:0.4683934439978559,39:0.4636023580341476,40:0.4745518892344359} with alpha 21.0 and beta 111.0, percentage 15.384615384615385
The arm 32 has vector {0:0.19397181387948426,1:0.23070510937011746,2:0.4350214608789813,3:0.5045564679171085,4:0.5034859638045656,5:0.2239098848282679,6:0.7623718118529825,7:0.3888950778458369,8:0.5846611640212255,9:0.07442388908032471,10:0.6866898771333154,11:0.4490180133644016,12:0.950696845788439,13:0.06287332183442029,14:0.33110273557925407,15:0.06180873461865066,16:0.8624103254886878,17:0.5973322233539416,18:0.37073915241413136,19:0.9701945858772985,20:0.1775773795399629,21:0.6358969677413873,22:0.26766922607680876,23:0.4577656309613728,24:0.1352611573257766,25:0.11180819065338776,26:0.26044404096653806,27:0.0037888164511202804,28:0.3443041103518327,29:0.3403683310460467,30:0.355009185043873,31:0.9529338774028997,32:0.06962303508775569,33:0.42109507464645235,34:0.2802650624875678,35:0.6198440762167755,36:0.5654489695971834,37:0.22912474410548012,38:0.1613016608404374,39:0.13381662066262634,40:0.4080438383481043} with alpha 17.0 and beta 103.0, percentage 13.559322033898304
The arm 33 has vector {0:0.48147408174574513,1:0.9533982667243364,2:0.28225812030502206,3:0.3466769004364689,4:0.9197137408852314,5:0.2652956286194469,6:0.1481683149325569,7:0.3618570404908261,8:0.23997100355886358,9:0.9076010922355555,10:0.28530491257308965,11:0.34915323675658616,12:0.9997357213995611,13:0.38816817642135093,14:0.24835303602902836,15:0.1283065631538629,16:0.8843375285613624,17:0.25855745326507396,18:0.5910893071092136,19:0.053400964252745764,20:0.7383301641716815,21:0.06736752562643478,22:0.09640488150103421,23:0.3630850287298686,24:0.23159276934283557,25:0.9954386439621447,26:0.4919517289137326,27:0.0886590455204288,28:0.20985869055165463,29:0.1689775915955326,30:0.4555808872236413,31:0.8397212818656605,32:0.42936689950632023,33:0.7108437581866637,34:0.9198943282819585,35:0.15711026843059828,36:0.21350498338278623,37:0.6836103214731435,38:0.01485310992247002,39:0.2565313367302223,40:0.9515509607743305} with alpha 20.0 and beta 112.0, percentage 14.615384615384617
The arm 34 has vector {0:0.6962715704541967,1:0.8277114765829421,2:0.8736296336478628,3:0.2900708700446961,4:0.919616964082086,5:0.03149705263531977,6:0.11200257710962258,7:0.37962479491965473,8:0.3897269991263105,9:0.564221721436763,10:0.15660408134229875,11:0.6753184111635347,12:0.6840507401409275,13:0.9372200906022115,14:0.08131337406222716,15:0.663426878565595,16:0.48319592227228414,17:0.5827744290015472,18:0.007791944769019232,19:0.34530760147535544,20:0.9997040082812869,21:0.4842563558526175,22:0.3255678824328999,23:0.01087388336455486,24:0.36476505975788653,25:0.07113814679922303,26:0.3045653556496948,27:0.5078243944723131,28:0.01891184104647159,29:0.3855264984721368,30:0.9238485785371005,31:0.24869720467869683,32:0.16577595028713665,33:0.98867035296164,34:0.2510908680924372,35:0.7457327480338168,36:0.9818350714152113,37:0.9626610245459007,38:0.40542307220552676,39:0.15341633576761815,40:0.9108866491521491} with alpha 8.0 and beta 60.0, percentage 10.606060606060606
The arm 35 has vector {0:0.11856029293707782,1:0.4015742064038106,2:0.14868932991790884,3:0.03750268506264409,4:0.5506315033350693,5:0.8015428763245095,6:0.08597493315475191,7:0.682863779096342,8:0.9206856246773619,9:0.5874009423312532,10:0.6104635611835643,11:0.20220563062780328,12:0.533135254584446,13:0.3719380310053161,14:0.352309289194114,15:0.23775016809330274,16:0.03232102754735744,17:0.8787133070817318,18:0.9512132167944717,19:0.6640113813734427,20:0.14186159553074762,21:0.7863643140730635,22:0.2926568013901232,23:0.02604857494108792,24:0.45292132277642316,25:0.873788530511232,26:0.9032967250542842,27:0.80152562386077,28:0.6552033169080224,29:0.8438485546690109,30:0.22096602309662727,31:0.13872983357985658,32:0.6828542510312479,33:0.33755785766020263,34:0.2904321686616814,35:0.359992914555609,36:0.32656708393687317,37:0.706158706408561,38:0.05723640870320301,39:0.8131806307627575,40:0.5645094305426126} with alpha 9.0 and beta 67.0, percentage 10.81081081081081
The arm 36 has vector {0:0.20843095707566017,1:0.7465851951074314,2:0.708858214045965,3:0.8290737436268882,4:0.9266331282364288,5:0.6371218643294384,6:0.6605933540065994,7:0.6052926069948281,8:0.011941003156171637,9:0.17249791351857913,10:0.7958315547217508,11:0.4184131227355834,12:0.23005625724664247,13:0.8845076687367286,14:0.248504415354869,15:0.10926068419249124,16:0.7819761302505618,17:0.03405468675214418,18:0.6750254193036351,19:0.05785903395309355,20:0.9741595756167943,21:0.17876779698730783,22:0.5987924686907614,23:0.09225589995760008,24:0.5352687224764524,25:0.18170539733341085,26:0.47716909372068994,27:0.2350613102771536,28:0.13696928176084566,29:0.7883759019082753,30:0.8518817769184469,31:0.13115926827608015,32:0.5413725972104846,33:0.6438923082855706,34:0.4579477998344156,35:0.4673934924631351,36:0.5679702924672524,37:0.42059598354784855,38:0.03417865156688005,39:0.735711309931673,40:0.058956072672951} with alpha 13.0 and beta 82.0, percentage 12.903225806451612
The arm 37 has vector {0:0.5059809803437316,1:0.5223404572148941,2:0.04825204403701944,3:0.9638840679251761,4:0.6195658685884545,5:0.8745477951742786,6:0.23970078746157808,7:0.5202494009617035,8:0.3020595271404998,9:0.17816637144419456,10:0.36155428592587824,11:0.2959670080914516,12:0.46620926328912005,13:0.8492521126456167,14:0.17841602114313304,15:0.21764962407113286,16:0.5367143865308593,17:0.4830313298435801,18:0.4563670601967502,19:0.7639972470909243,20:0.5420345034189114,21:0.7235728406201998,22:0.4735573639178273,23:0.3570146282164032,24:0.7592856399486552,25:0.02792672767617821,26:0.15600929838767408,27:0.41303786410894716,28:0.49247775448619424,29:0.35145172727342866,30:0.5215558287470061,31:0.6962656405944252,32:0.08965614266044108,33:0.1575101486617737,34:0.7027951545838197,35:0.4765230863636135,36:0.11517294381027199,37:0.2893197065164257,38:0.31673031597412316,39:0.7452189867725987,40:0.8118415128981131} with alpha 6.0 and beta 54.0, percentage 8.620689655172415
The arm 38 has vector {0:0.8522933559626408,1:0.7776712449143091,2:0.13750427781315322,3:0.9979321104783299,4:0.4108346646206935,5:0.21126368249236283,6:0.2705123576429368,7:0.0926906890575625,8:0.0031914415918156136,9:0.6480332430100347,10:0.04882730629053722,11:0.35405348005944615,12:0.9054771101202501,13:0.9582402547584852,14:0.4603520427339737,15:0.6635144422987339,16:0.10339387427728675,17:0.8771755785712406,18:0.00623762447333287,19:0.04352231372756876,20:0.4670521727543132,21:0.42042835120822863,22:0.2129706812012626,23:0.47049693640489376,24:0.7628202155307502,25:0.36355476333714454,26:0.6623163699537272,27:0.6071897866028861,28:0.5334098468396614,29:0.7985066401925288,30:0.5819036012028851,31:0.0603879485377018,32:0.17437652111930113,33:0.3166988105010282,34:0.9683526188974663,35:0.2848554121209891,36:0.8319819116069515,37:0.09839934731759836,38:0.7652997989483008,39:0.24269170405067741,40:0.8652322743283998} with alpha 32.0 and beta 148.0, percentage 17.415730337078653
The arm 39 has vector {0:0.028702529185828163,1:0.7492404984211399,2:0.6392824569001816,3:0.29552884700971904,4:0.04343009212260007,5:0.9931189247819714,6:0.6868756613131315,7:0.02664540539601301,8:0.8225353184926385,9:0.27063203699941984,10:0.04636945797017933,11:0.04893973071413327,12:0.6244489704930202,13:0.899150598010469,14:0.12246389989221884,15:0.42812188062443024,16:0.86074030214118,17:0.6123568281811691,18:0.4984286231074775,19:0.5091103765226894,20:0.49121355412925616,21:0.3927422352303199,22:0.3921376678021079,23:0.8284208101286954,24:0.32679076211624003,25:0.6798549329464609,26:0.3434579235646502,27:0.05516726979852671,28:0.20956818638187313,29:0.27581727311197957,30:0.48274672388969864,31:0.57784419573555,32:0.5780922683335086,33:0.01656724595753256,34:0.9060552292739501,35:0.3274129079446383,36:0.47578625013511444,37:0.9512155543810544,38:0.22786848000214088,39:0.7340579943657038,40:0.9498997653155271} with alpha 4.0 and beta 44.0, percentage 6.521739130434782
The arm 40 has vector {0:0.13629938169901512,1:0.7124050586777483,2:0.5772324818278909,3:0.08319475142042765,4:0.1664320100259682,5:0.624138737189755,6:0.35616489560957243,7:0.6226183050549438,8:0.1312248330506185,9:0.9942836737962447,10:0.9516641826941311,11:0.6597356020473015,12:0.44168744370793034,13:0.7983815956963731,14:0.9417834198665263,15:0.08670456835794305,16:0.6489563415850299,17:0.11791171099155406,18:0.5214639186504403,19:0.819542060641716,20:0.412735540873151,21:0.17099188096129536,22:0.754544390604833,23:0.1375800300736293,24:0.5161204183219481,25:0.7149123119993706,26:0.23834060909908505,27:0.6144982924305393,28:0.058808126067323996,29:0.3881222149537694,30:0.44406423643727644,31:0.6472117315950864,32:0.061463139533046496,33:0.2223325630189671,34:0.8860628401183687,35:0.642155141327254,36:0.21513990158342744,37:0.05490602110003728,38:0.9244308117152286,39:0.43773575598413395,40:0.11464964541007239} with alpha 8.0 and beta 53.0, percentage 11.864406779661017
The arm 41 has vector {0:0.9815198765981332,1:0.7556428440112307,2:0.4123762429670723,3:0.35766761135550473,4:0.5225449859306844,5:0.3714097882189903,6:0.16859562028422503,7:0.4012571724649908,8:0.07076832940773625,9:0.07023126983488337,10:0.6323776522498205,11:0.48536006873676074,12:0.9839288612255864,13:0.08007717677890636,14:0.17238769247567032,15:0.9943623756554764,16:0.6714609113451667,17:0.8929639102601769,18:0.47079041373117103,19:0.7537425188245702,20:0.638530987678764,21:0.2163912375573096,22:0.7261861927271588,23:0.8592901651456,24:0.4380180118757193,25:0.1459125276929153,26:0.2390355410780569,27:0.4798726333257919,28:0.859186470070801,29:0.06331825501025812,30:0.8442506615640056,31:0.38678926430794514,32:0.24933557157244557,33:0.4492220442983116,34:0.03101018992023108,35:0.6736133352095911,36:0.147816730342621,37:0.3500871368630586,38:0.14388981296158143,39:0.43035082152246695,40:0.9664857664528564} with alpha 12.0 and beta 75.0, percentage 12.941176470588237
The arm 42 has vector {0:0.9964054136314155,1:0.11242655651686184,2:0.08681476334297555,3:0.45542690555414156,4:0.7599128790665618,5:0.4546161220747469,6:0.1395418454995484,7:0.19987038920082578,8:0.7364758386504626,9:0.7340908363970831,10:0.4137057813322861,11:0.8357804015682243,12:0.9418990498614997,13:0.5685703386457395,14:0.056041060164885304,15:0.9122444645181343,16:0.13565842001697792,17:0.35051156103175407,18:0.027853950663559113,19:0.2871362813122206,20:0.525699253375242,21:0.9091863234089458,22:0.049824894973405365,23:0.2333365919671322,24:0.20896117937473835,25:0.4222943388882374,26:0.8890943155332833,27:0.7464883920691013,28:0.08455014202938027,29:0.01796913711455783,30:0.5426994960478686,31:0.42534784138700565,32:0.20175882267206413,33:0.10401576572557558,34:0.3504932346213304,35:0.5445988962180746,36:0.01641830699011637,37:0.13699935696162147,38:0.16979745256685874,39:0.07134802981965249,40:0.35813339421980817} with alpha 3.0 and beta 36.0, percentage 5.405405405405405
The arm 43 has vector {0:0.9415328328870508,1:0.3167835470283774,2:0.875866041404558,3:0.8022710312936174,4:0.7035725904760656,5:0.12287685249012315,6:0.2374427279096597,7:0.8919087130188789,8:0.20795860553802314,9:0.24658638956273182,10:0.9506021986140224,11:0.9133552260822522,12:0.21837925778375977,13:0.33784720469409013,14:0.8464782809279547,15:0.09620483433416127,16:0.521648482975214,17:0.2761898309341462,18:0.08962891660973293,19:0.8955187849146754,20:0.4579475653732483,21:0.7876366396329034,22:0.09079967502412889,23:0.6414594034815301,24:0.6422257285628646,25:0.0516517071378777,26:0.33071179330620704,27:0.1192854728446352,28:0.8738061925293906,29:0.8286953860064961,30:0.07529851168131108,31:0.48770358045206774,32:0.44221886991374204,33:0.8397195423472879,34:0.8278025550941343,35:0.35616114355200323,36:0.34478748841974005,37:0.21123946732711596,38:0.8501929691636811,39:0.9130528668443876,40:0.5755701766493782} with alpha 54.0 and beta 245.0, percentage 17.845117845117844
The arm 44 has vector {0:0.23484714569337317,1:0.060642087508871456,2:0.03425969912359739,3:0.9937301880586275,4:0.4838459111091413,5:0.10820151622656804,6:0.6410612239158096,7:0.6429186676218681,8:0.2917422499304503,9:0.6115286364689222,10:0.025641285659254942,11:0.7483784739804284,12:0.6239483085483274,13:0.7237103640695912,14:0.423441000770131,15:0.21151815769800186,16:0.5057817275573505,17:0.14436448300402394,18:0.8083662364624062,19:0.5887843479279138,20:0.9343739533630011,21:0.22045132783054044,22:0.8536811482598217,23:0.5653511119861298,24:0.23746098354369782,25:0.8419010134310888,26:0.6606903708222674,27:0.18929792827357883,28:0.2131626987455364,29:0.25834928990759665,30:0.32388157651600114,31:0.2550750044426061,32:0.7287108065752742,33:0.3962576545178058,34:0.35628410616046013,35:0.29522845909092166,36:0.8206504924901862,37:0.9588323995234033,38:0.774259791176909,39:0.3864941876499509,40:0.47847287780703496} with alpha 18.0 and beta 99.0, percentage 14.782608695652174
The arm 45 has vector {0:0.43814992813703924,1:0.8080042614010051,2:0.99843032579179,3:0.727126590108327,4:0.11153692504538959,5:0.6237107119853551,6:0.9349338168289166,7:0.4154141532653578,8:0.13296110382316362,9:0.6858969250838681,10:0.7997263557021586,11:0.9725363264076218,12:0.5363409515531596,13:0.5945399767297685,14:0.7986858481483406,15:0.21449461601031394,16:0.231164684256693,17:0.2583705336356169,18:0.45835575851298793,19:0.581437617574542,20:0.3759517192305025,21:0.726622166451707,22:0.18317865518931387,23:0.8262785003227765,24:0.11886618310097607,25:0.14590047390473015,26:0.8323399097570209,27:0.838570344547904,28:0.14428182016137392,29:0.2935583618316535,30:0.07874974022638459,31:0.06403709491042653,32:0.6539824194199653,33:0.9039737330203539,34:0.6375132995001367,35:0.7448445997767306,36:0.2168325332428106,37:0.5617602572359415,38:0.2636927237727339,39:0.5421907666803656,40:0.5934124723378266} with alpha 7.0 and beta 60.0, percentage 9.230769230769232
The arm 46 has vector {0:0.5252192722057752,1:0.4335230915786231,2:0.9488330919298549,3:0.9255466271852898,4:0.24912477774096653,5:0.857589581850868,6:0.2910673676569576,7:0.07719302019221075,8:0.9590890434741447,9:0.02300682919064856,10:0.6176486785894789,11:0.08855806246482345,12:0.09564078072330706,13:0.5312293571314362,14:0.050946630560454675,15:0.35203173815838995,16:0.3508858612305946,17:0.9370893870010432,18:0.768573062944769,19:0.9682094801224446,20:0.06686542585885114,21:0.678837255967507,22:0.8231450097241707,23:0.5073011961707323,24:0.25198400294475787,25:0.7869086208134833,26:0.5754027083763539,27:0.3696589276706389,28:0.25810907351046675,29:0.7977981680537541,30:0.13856299664284832,31:0.41722458827869846,32:0.7048837000891592,33:0.5795153437035757,34:0.37302965023780665,35:0.5966222581220056,36:0.9579184686947804,37:0.7841083016328514,38:0.9095519217757027,39:0.7454658949216051,40:0.9588760746603997} with alpha 3.0 and beta 38.0, percentage 5.128205128205128
The arm 47 has vector {0:0.19966131770425444,1:0.4230938319977814,2:0.8365436540249516,3:0.17287002949821517,4:0.29812404896097133,5:0.25146214952491563,6:0.41395016059737544,7:0.9211048753781776,8:0.673847490637952,9:0.6986644749540288,10:0.7749057765648333,11:0.6027105777504557,12:0.6723207471488462,13:0.03467174073858992,14:0.07335390012755072,15:0.3572182906074899,16:0.8774511580437452,17:0.7895922758152835,18:0.34724351979730717,19:0.35784927010162226,20:0.1156513273928248,21:0.8685167214162899,22:0.7739590646597645,23:0.5877073896899404,24:0.361821728804848,25:0.39882894982113115,26:0.8405320069957738,27:0.579965846485822,28:0.6108216954271092,29:0.7207185659859182,30:0.15428018379118302,31:0.15337179580395544,32:0.11762722056141073,33:0.3082887702638114,34:0.1313690288919689,35:0.5723687987555381,36:0.24069468281619788,37:0.6681900962301102,38:0.9135908685303326,39:0.2586925200831838,40:0.9769775654043604} with alpha 176.0 and beta 651.0, percentage 21.21212121212121
The arm 48 has vector {0:0.14033122624643868,1:0.5367619603675845,2:0.8591221057624207,3:0.9839421109432429,4:0.7126870140375249,5:0.8576969500013988,6:0.08541580784275415,7:0.24500504551127156,8:0.8861729621368251,9:0.2354450449835922,10:0.06827848978492346,11:0.3285833348242323,12:0.8100265533740255,13:0.963512560171403,14:0.3484581824791142,15:0.6491644466716446,16:0.5245012731347264,17:0.7415807417288771,18:0.39286063747850397,19:0.5054345445798016,20:0.48558626395795057,21:0.8524737212223846,22:0.5300349248506442,23:0.3951271787117898,24:0.2076839154548299,25:0.9859319891491815,26:0.14739023567046472,27:0.16678096942464726,28:0.41742865650185634,29:0.5668724315184817,30:0.920648097600645,31:0.1428803409355185,32:0.16724607823353665,33:0.47768204580356655,34:0.21812896943574822,35:0.3716353677583344,36:0.7523277279913343,37:0.3065896545506236,38:0.499691696000389,39:0.044469136397741194,40:0.8528894418988506} with alpha 3.0 and beta 33.0, percentage 5.88235294117647
The arm 49 has vector {0:0.5286921872793735,1:0.9182928340608829,2:0.3017418818517297,3:0.6150604704364645,4:0.8228644162272954,5:0.5520546947265327,6:0.20860311773897366,7:0.10998353850845832,8:0.5031684066729463,9:0.8155118827238207,10:0.2478791933139406,11:0.220516880363129,12:0.4748495765981211,13:0.3638462386622041,14:0.6430063031741999,15:0.49917884825995174,16:0.42510876322585855,17:0.9966302840772643,18:0.12959802900267936,19:0.3608309877324395,20:0.13941759037583823,21:0.3568393864888336,22:0.40150598443693963,23:0.8729260452236309,24:0.6106555188415206,25:0.11138950780497436,26:0.14362617487635887,27:0.3747881570264112,28:0.04382401643632661,29:0.6534241535099379,30:0.19032470567506043,31:0.7863747505012725,32:0.09310859927140958,33:0.9340398944497801,34:0.27055032290896386,35:0.5272477517775546,36:0.5268174906356412,37:0.18368039115873447,38:0.9570599102209004,39:0.6024682407712306,40:0.42045478356813726} with alpha 4.0 and beta 46.0, percentage 6.25
The best arm is 28 with vector {0:0.9169234003256046,1:0.4361626272679223,2:0.1849312551150193,3:0.2731223824359784,4:0.24137572374213623,5:0.25541852621720873,6:0.5096877537671628,7:0.2089993340769175,8:0.11749794025301608,9:0.6295210554300215,10:0.7050007801145696,11:0.23023495275920125,12:0.5317610930697153,13:0.9866999554155587,14:0.34822864596148184,15:0.09876111539242505,16:0.6506458172874285,17:0.01908923172924637,18:0.9166653778685174,19:0.2831921018628153,20:0.832760761740332,21:0.9819999854432782,22:0.6490474234603547,23:0.517461410048738,24:0.9819766715924849,25:0.2768726209154929,26:0.5096032979857374,27:0.993435180491821,28:0.5456414567899739,29:0.7318565666071734,30:0.88380696318415,31:0.5791367945133672,32:0.8411529205985695,33:0.6291604522102928,34:0.801227435230973,35:0.28999426126470595,36:0.24468120858758724,37:0.31987869878412234,38:0.5919520304758926,39:0.9691490148715025,40:0.60463621338724} with alpha 316.0 and beta 1118.0, percentage 21.997206703910617
The right guesses are: 950 which means 15.833333333333332% correct
Done
The current arm is 28 with vector {0:0.9169234003256046,1:0.4361626272679223,2:0.1849312551150193,3:0.2731223824359784,4:0.24137572374213623,5:0.25541852621720873,6:0.5096877537671628,7:0.2089993340769175,8:0.11749794025301608,9:0.6295210554300215,10:0.7050007801145696,11:0.23023495275920125,12:0.5317610930697153,13:0.9866999554155587,14:0.34822864596148184,15:0.09876111539242505,16:0.6506458172874285,17:0.01908923172924637,18:0.9166653778685174,19:0.2831921018628153,20:0.832760761740332,21:0.9819999854432782,22:0.6490474234603547,23:0.517461410048738,24:0.9819766715924849,25:0.2768726209154929,26:0.5096032979857374,27:0.993435180491821,28:0.5456414567899739,29:0.7318565666071734,30:0.88380696318415,31:0.5791367945133672,32:0.8411529205985695,33:0.6291604522102928,34:0.801227435230973,35:0.28999426126470595,36:0.24468120858758724,37:0.31987869878412234,38:0.5919520304758926,39:0.9691490148715025,40:0.60463621338724} with alpha 119.0 and beta 545.0
The order information:
Date: 2012-05-09T17:07:05.000+02:00
It predicted these items for order 1778911 :
   31560 with score of 1.8791426535027735
   752 with score of 1.6218639512601323
   1693 with score of 1.4137176502849496
   13688 with score of 1.4137176502849496
   21769 with score of 1.4137176502849496
   25013 with score of 1.4137176502849496
   31278 with score of 1.4137176502849496
   748 with score of 1.401489977502991
   23467 with score of 1.3886639804066279
   27900 with score of 1.3760071920005363
These are the actual items bought: 
   11832
   30233
The current arm is 28 with vector {0:0.9169234003256046,1:0.4361626272679223,2:0.1849312551150193,3:0.2731223824359784,4:0.24137572374213623,5:0.25541852621720873,6:0.5096877537671628,7:0.2089993340769175,8:0.11749794025301608,9:0.6295210554300215,10:0.7050007801145696,11:0.23023495275920125,12:0.5317610930697153,13:0.9866999554155587,14:0.34822864596148184,15:0.09876111539242505,16:0.6506458172874285,17:0.01908923172924637,18:0.9166653778685174,19:0.2831921018628153,20:0.832760761740332,21:0.98199998544