Items: 31014,2,2012-03-22 09:35:15.730000000,2013-01-31 22:08:19.360000000,0,0000000000000000000000000000000000000000000000000000000000000000000000000000000000000000000010000000000000000000000000000000000000000000000000000000000000000000000000000000000000000000000000000000000000000000000000000000000000000000000000000000000000000000
Items: 16065,3,2010-10-12 09:05:28.623000000,2011-10-19 12:41:59.293000000,0,0000000000000000000000000000000000000000000000000000000000000000000000000000000000000000000100000000000000000000000000000000000000000000000000000000000000000000000000000000000000000000000000000000000000000000000000000000000000000000000000000000000000000000
Items: 2897,1,2010-07-28 15:55:07.423000000,2013-07-15 05:02:15.650000000,0,0000000000000000000000000000000000000000000000000000000000000000000000000000000000000000000100000000000000000000000000000000000000000000000000000000000000000000000000000000000000000000000000000000000000000000000000000000000000000000000000000000000000000000
Users: 46671,2009-07-31 17:52:05.423000000,45238,,0
Users: 117404,2012-02-11 18:20:17.737000000,30295,1989-02-13 00:00:00,1
Users: 185087,2009-07-31 19:48:45.310000000,54234,1986-06-04 00:00:00,1
Users: 242612,2011-12-03 21:34:16.640000000,90627,1990-07-23 00:00:00,2
Users: 294436,2011-03-16 09:05:23.647000000,72233,1994-04-25 00:00:00,1
Users: 345704,2011-11-11 20:55:14.437000000,68600,1994-06-05 00:00:00,2
Users: 399809,2012-09-17 14:43:42.033000000,44491,1997-12-12 00:00:00,1
Users: 455390,2012-12-20 16:02:28.573000000,3274,1978-06-02 00:00:00,2
Users: 525182,2013-07-28 12:33:53.590000000,53372,1990-06-17 00:00:00,0
Orders: 35022,1033356,1457,2009-10-18 21:46:53.347000000
Orders: 214698,1082559,614,2010-01-24 20:16:55.153000000
Orders: 226305,1122161,1501,2010-03-20 16:23:03.950000000
Orders: 46541,1167569,11120,2010-05-26 12:55:02.417000000
Orders: 75824,1208142,11119,2010-07-27 23:14:48.377000000
Orders: 13287,1248778,12826,2010-09-21 21:56:27.157000000
Orders: 272654,1296031,653,2010-12-01 18:41:36.730000000
Orders: 285359,1344258,18628,2011-01-28 14:59:09.743000000
Orders: 157456,1388262,18371,2011-03-17 11:46:02.120000000
Orders: 307265,1432210,758,2011-04-29 21:28:48.340000000
Orders: 271030,1473349,21803,2011-06-14 15:24:35.467000000
Orders: 275827,1511037,21829,2011-07-28 21:58:50.970000000
Orders: 62527,1550712,24845,2011-09-10 18:44:47.023000000
Orders: 293365,1597283,27523,2011-11-12 08:21:31.203000000
Orders: 158173,1649466,24361,2011-12-28 14:06:54.430000000
Orders: 371623,1691322,28947,2012-01-31 15:54:20.570000000
Orders: 151193,1739094,2144,2012-03-22 17:02:48.527000000
Orders: 71320,1784958,7874,2012-05-16 17:00:59.817000000
Orders: 287161,1827735,20480,2012-06-29 22:23:24.193000000
Orders: 271514,1866722,31203,2012-08-11 21:38:56.863000000
Orders: 428803,1915657,35460,2012-10-09 20:15:44.210000000
Orders: 444954,1966435,29677,2012-12-01 22:51:49.073000000
Orders: 460415,2018674,31695,2013-01-07 22:20:30.543000000
Orders: 381441,2066329,35170,2013-02-19 22:08:16.833000000
Orders: 485606,2112774,39306,2013-03-26 15:04:37.277000000
Orders: 423890,2161061,11304,2013-05-03 09:35:38.190000000
Orders: 314770,2207605,26096,2013-06-05 19:04:54.837000000
Orders: 287308,2249841,40450,2013-07-13 20:23:09.463000000
Orders: 255027,2289235,33612,2013-08-13 17:15:05.073000000
Orders: 466261,2331294,43871,2013-09-15 21:02:00.180000000
Orders: 446724,2379393,448,2013-11-01 19:20:53.627000000

Startup information:
First order in training stage: 700000
First order in evaluation stage: 771338
Last order in evaluation stage: 779338

Number of orders in training stage: 71338
Number of orders in evaluation stage: 8000

The current arm is 24 with vector {0:0.013504062672973993,1:0.02407318452098295,2:0.8019740242254418,3:0.030298941257487222,4:0.7414462398933955,5:0.9881243173387296,6:0.7572613605014521,7:0.5116366507367365,8:0.37164401525866364,9:0.7105310703115596,10:0.7775022167814166,11:0.7314631034740988,12:0.6454208820297841,13:0.8957138248492991,14:0.07085828088933477,15:0.9857514568577346,16:0.23412101615221337,17:0.7794516276964537,18:0.5462587053291491,19:0.8781191445191561,20:0.29223081807204254,21:0.47582668639055314,22:0.9166447876029247,23:0.3775741734165632,24:0.7477039622175199,25:0.8899793624378135,26:0.2645723978897059,27:0.4003275369301591,28:0.3427472706862783,29:0.22362349087770172,30:0.35388886214029835,31:0.19384552195032756,32:0.8043671904486491,33:0.38069621896699346,34:0.6301784102794029,35:0.05119404870466704,36:0.3689713555464996,37:0.3943332322582229,38:0.9684120950755724,39:0.9459524406496793,40:0.813427876476058} with alpha 3.0 and beta 11.0
The order information:
Date: 2012-05-09T17:07:05.000+02:00
It predicted these items for order 1778911 :
   31560 with score of 2.0321908268027276
   1693 with score of 1.7430746199050993
   13688 with score of 1.7430746199050993
   21769 with score of 1.7430746199050993
   25013 with score of 1.7430746199050993
   31278 with score of 1.7430746199050993
   752 with score of 1.5263970898471375
   31911 with score of 1.510226719779485
   28913 with score of 1.2494924205703841
   25015 with score of 1.2490124612357343
These are the actual items bought: 
   11832
   30233
The current arm is 8 with vector {0:0.6418861671527273,1:0.5416624769707529,2:0.49411149792581976,3:0.388076735077586,4:0.2738888050642261,5:0.7690643227140975,6:0.5725655165181035,7:0.45979730920064144,8:0.05271757266525123,9:0.005358237975396696,10:0.1014514188729505,11:0.5222826078162984,12:0.13454440562001801,13:0.5195622736051231,14:0.5363178359846564,15:0.3672628814507214,16:0.9881616452431943,17:0.6017850937648639,18:0.32484993487884595,19:0.7119226961993697,20:0.1831649013616662,21:0.10102469609970299,22:0.497782287003932,23:0.8103360735669645,24:0.21744315611391873,25:0.9904005892693757,26:0.47548621196165197,27:0.7661327941378907,28:0.5811171172452024,29:0.6600345265726963,30:0.8543832880519305,31:0.7391849871012596,32:0.46097175806892465,33:0.5011822253560221,34:0.430259108368958,35:0.15179505761131817,36:0.9567125118147517,37:0.939636992314374,38:0.5973141345414268,39:0.3923574052817148,40:0.2873965148357204} with alpha 4.0 and beta 19.0
The order information:
Date: 2012-05-10T17:54:43.000+02:00
It predicted these items for order 1779917 :
   31560 with score of 2.0623257279490583
   16520 with score of 1.7994498327653672
   26598 with score of 1.7994498327653672
   27408 with score of 1.7990272249444108
   24834 with score of 1.7909162475338485
   752 with score of 1.712957181476444
   31290 with score of 1.6115189818701325
   31871 with score of 1.6115189818701325
   5003 with score of 1.6089573497622276
   21714 with score of 1.586839706994849
These are the actual items bought: 
   30342
   23374
   32289
The current arm is 29 with vector {0:0.035745855086259715,1:0.439091245742513,2:0.4676515502589359,3:0.3669457113693222,4:0.38712988564471906,5:0.3256025998037666,6:0.7513807955029012,7:0.9448045038958414,8:0.4719591772184971,9:0.5337626838603586,10:0.08999538135146501,11:0.8230514244937849,12:0.5552609658697676,13:0.5890667977272508,14:0.7554635221078541,15:0.9128738596273678,16:0.5287679037048928,17:0.04601092251013006,18:0.4529776940962412,19:0.9802771203143947,20:0.07775277273577519,21:0.9870511289782498,22:0.6479833641751843,23:0.14034803238998794,24:0.5107873775175024,25:0.6597921036017018,26:0.9765978422083503,27:0.743656590839356,28:0.46272397655363806,29:0.05935680453888714,30:0.24734919338998163,31:0.7657233702222789,32:0.6446849362093627,33:0.2555647775782388,34:0.4336965224246161,35:0.9000784763260615,36:0.7364788958929434,37:0.1032793267887947,38:0.921971096165962,39:0.7154994724292644,40:0.1616004202856417} with alpha 21.0 and beta 93.0
The order information:
Date: 2012-05-11T22:39:32.000+02:00
It predicted these items for order 1780921 :
   31560 with score of 2.0981754922842994
   752 with score of 1.47132721071018
   748 with score of 1.2576197038589605
   21714 with score of 0.9842640950761361
   27900 with score of 0.9677629328299004
   29669 with score of 0.9577877476749517
   20430 with score of 0.9493111573890259
   27576 with score of 0.9467243938074231
   5003 with score of 0.9375382334196769
   23467 with score of 0.8949691052438344
These are the actual items bought: 
   31776
The current arm is 42 with vector {0:0.9870454461829556,1:0.809512313106693,2:0.6075650582916206,3:0.8874074650386476,4:0.838276686378199,5:0.07576114499858633,6:0.5039377358338839,7:0.7064816777807764,8:0.04747371390667321,9:0.3809203904987418,10:0.7772816578834498,11:0.7176504051363131,12:0.7856446658689932,13:0.39253551419900634,14:0.3589492452206432,15:0.9381126448539744,16:0.6950130726337118,17:0.6309267283427957,18:0.8833646059669421,19:0.34309770758839553,20:0.5269510820464671,21:0.44122994376006286,22:0.7322241655356515,23:0.03995489863976143,24:0.21045973591650768,25:0.3858968356415524,26:0.28309945365196665,27:0.0349422238395517,28:0.1443799993740943,29:0.113623615298723,30:0.4167186365857676,31:0.38154156536302664,32:0.28835660848524036,33:0.2354213864295911,34:0.8274618447546541,35:0.5804837775371138,36:0.45582904007441727,37:0.5917358200462435,38:0.9189388123340654,39:0.4452971584860581,40:0.6468521390862922} with alpha 35.0 and beta 107.0
The order information:
Date: 2012-05-13T15:53:25.000+02:00
It predicted these items for order 1781930 :
   31560 with score of 3.0650036842073725
   27900 with score of 2.732829739423081
   752 with score of 2.6842007578075817
   748 with score of 2.6264238371514934
   21777 with score of 2.5218909453012763
   24355 with score of 2.4840696456388804
   21823 with score of 2.4275143069523124
   31042 with score of 2.4269088397484784
   32113 with score of 2.4164640834849216
   6702 with score of 2.410559923435156
These are the actual items bought: 
   2084
   29003
   31950
   20990
   31940
   30573
   20678
   30195
   25363
   27900
The current arm is 11 with vector {0:0.08258777534536044,1:0.1448799888526583,2:0.788679044184316,3:0.6960802441579231,4:0.587708209013934,5:0.2784099687493473,6:0.7468120690894983,7:0.42374848063064474,8:0.14728481395894,9:0.09944192176257638,10:0.22480030725187294,11:0.17066016311522003,12:0.12204586654560334,13:0.5494048020990193,14:0.8758194832253671,15:0.4521987101940218,16:0.6933823666554844,17:0.5921309693537946,18:0.4260847789765605,19:0.330836093744604,20:0.6479227691061669,21:0.21457770292233647,22:0.8866764829956202,23:0.8818503236660353,24:0.11372347847236353,25:0.8680016856055595,26:0.16575534884448584,27:0.39895791767767175,28:0.6198891642893055,29:0.8633187680814427,30:0.05475916450736418,31:0.3620915364722245,32:0.5388760956628359,33:0.6202343469948761,34:0.26063395454698846,35:0.5149515854787531,36:0.3033129531951937,37:0.2832037213486899,38:0.24199965008047553,39:0.10645545388022737,40:0.2858183594667755} with alpha 24.0 and beta 103.0
The order information:
Date: 2012-05-14T16:46:54.000+02:00
It predicted these items for order 1782931 :
   31560 with score of 1.8730181103619925
   748 with score of 1.7347995362139437
   752 with score of 1.6244948291854004
   21714 with score of 1.3017462006706932
   27576 with score of 1.288559930948389
   5003 with score of 1.27084098951251
   29669 with score of 1.2497271052021244
   23467 with score of 1.2072596366654067
   27900 with score of 1.2009900407581764
   20430 with score of 1.185577403851985
These are the actual items bought: 
   32564
The current arm is 48 with vector {0:0.9128644717475388,1:0.5555195230918402,2:0.48560545602451666,3:0.40443165017105287,4:0.1065525682933175,5:0.2950578797510526,6:0.3011605077831384,7:0.9027540462634464,8:0.5322448731740902,9:0.2893225397326018,10:0.9863954401034067,11:0.24429779443261168,12:0.6603944683251913,13:0.9791652729663998,14:0.22619871513940415,15:0.08683899348027213,16:0.455396798823413,17:0.5137646304169556,18:0.025784767799605923,19:0.6580750200380112,20:0.18272315360373803,21:0.593944139151452,22:0.3104821390095809,23:0.1486214880763801,24:0.403938003275379,25:0.6031553024016125,26:0.1505446615828242,27:0.18323848586276326,28:0.20203689254151436,29:0.2786438777922531,30:0.04947002124441302,31:0.29229918138972055,32:0.1894392244970602,33:0.0269080959997009,34:0.3889189668901115,35:0.09557078090704274,36:0.2699566525121493,37:0.674521293687167,38:0.3693497251569695,39:0.6751403353057901,40:0.32966890449062836} with alpha 14.0 and beta 81.0
The order information:
Date: 2012-05-15T15:02:20.000+02:00
It predicted these items for order 1783936 :
   31560 with score of 2.4519170258842014
   748 with score of 2.0748407346120956
   752 with score of 1.929043459660286
   27576 with score of 1.7823004660598103
   5003 with score of 1.7713209840689046
   21714 with score of 1.7692148775740126
   20430 with score of 1.7295549761174347
   27900 with score of 1.7121456128868153
   29669 with score of 1.7065844910539696
   31553 with score of 1.684507761722868
These are the actual items bought: 
   12096
The current arm is 28 with vector {0:0.05217600463547545,1:0.333127112111834,2:0.7395927147648922,3:0.5589674462061776,4:0.6927631099640446,5:0.09731005751474031,6:0.4537769054443117,7:0.48785992111530485,8:0.9030538534028396,9:0.24519725955855354,10:0.20503320235299893,11:0.7750837785614247,12:0.38951982676471586,13:0.4368961542049836,14:0.44872446876774386,15:0.6280918986155389,16:0.4780477320912875,17:0.7369167366832562,18:0.17128533140967728,19:0.09473328642722789,20:0.9487899200213962,21:0.06031738787655683,22:0.7958580669788122,23:0.5898224505316754,24:0.9815074394645698,25:0.636683958955307,26:0.37435131056944093,27:0.7492717474904186,28:0.28132460013653626,29:0.23841733566659018,30:0.3896274095036014,31:0.15021029183820422,32:0.8282465172930973,33:0.4448399418625475,34:0.4483416204489271,35:0.20869775874667296,36:0.6353387730916642,37:0.8191889440515521,38:0.49778718292221613,39:0.1303155744758765,40:0.060834525816311213} with alpha 100.0 and beta 384.0
The order information:
Date: 2012-05-16T16:36:57.000+02:00
It predicted these items for order 1784944 :
   31560 with score of 1.527995207910915
   748 with score of 1.4519842510298406
   752 with score of 1.2201322028249204
   23467 with score of 1.0759651448031575
   1663 with score of 1.0346563394341124
   31553 with score of 1.02829616469877
   27900 with score of 1.0259926220604292
   572 with score of 1.0181290920495454
   30800 with score of 0.9843587966874099
   11380 with score of 0.9761305495177766
These are the actual items bought: 
   29149
The current arm is 49 with vector {0:0.9031943284880781,1:0.6790124087571275,2:0.5177681733719713,3:0.2514525761526524,4:0.7932354589765369,5:0.19176138950919275,6:0.4171175492971727,7:0.37440329646165127,8:0.04166711548043889,9:0.7763200000615569,10:0.9519200844135717,11:0.812500056734408,12:0.8134326281563871,13:0.6018442143924401,14:0.13662608193889558,15:0.61935895701107,16:0.23013894666606605,17:0.2626412627027549,18:0.35099076275916796,19:0.41398086895411035,20:0.6409958325049815,21:0.2305818392995288,22:0.6981229170545427,23:0.3438034422558812,24:0.8742310054062047,25:0.10833073749865785,26:0.015507037220036324,27:0.6332162842506431,28:0.697183770019655,29:0.06360535024922931,30:0.3410781687919574,31:0.3989764748122264,32:0.3980105758065564,33:0.0886070264996871,34:0.36906415112390667,35:0.5126515189031096,36:0.5335161253006523,37:0.8928217021248533,38:0.61218026885443,39:0.4466327147126222,40:0.8677062346232067} with alpha 87.0 and beta 327.0
The order information:
Date: 2012-05-17T23:37:38.000+02:00
It predicted these items for order 1785980 :
   748 with score of 1.7881867933590587
   31560 with score of 1.7724048718902152
   752 with score of 1.5606846135467674
   27576 with score of 1.5568047532531237
   21714 with score of 1.5486270206733208
   1663 with score of 1.482850287961765
   23467 with score of 1.4710422832062782
   5003 with score of 1.4604307102039238
   11832 with score of 1.4273998989760788
   21776 with score of 1.4233320489838488
These are the actual items bought: 
   32343
The arm 0 has vector {0:0.6796350152963428,1:0.5610202856134979,2:0.29444558005196275,3:0.2325138592448207,4:0.30643982136347114,5:0.4596574445113616,6:0.2339624148324243,7:0.0951984291358724,8:0.9618461587278262,9:0.47202501068531155,10:0.36244514618579504,11:0.3183675576382812,12:0.40285540780418005,13:0.5402696764245928,14:0.5838544396188988,15:0.3263567154544832,16:0.6096073608893751,17:0.7448033793472328,18:0.5022213253967501,19:0.04639923318621042,20:0.07285665248378936,21:0.5987630816340599,22:0.9232525099513208,23:0.6141123809951188,24:0.5835479280424003,25:0.4894486716066967,26:0.08078803953537939,27:0.10847458234118967,28:0.9828219820254045,29:0.6351797496674377,30:0.29500242826916956,31:0.27068389254116976,32:0.3102257689704545,33:0.028518024158049826,34:0.753583257280044,35:0.30858309453690747,36:0.7805532871995478,37:0.368224067801201,38:0.6170499441025128,39:0.10045174008529212,40:0.25314786170843406} with alpha 4.0 and beta 40.0, percentage 7.142857142857142
The arm 1 has vector {0:0.7929633265872761,1:0.8786773869817472,2:0.8370781728641256,3:0.19735960760840843,4:0.09756269646411464,5:0.15486869169573414,6:0.030324739976606785,7:0.4775226975638204,8:0.1362722432083303,9:0.12224722834691304,10:0.03942770657035666,11:0.24105938952540162,12:0.28455355446832964,13:0.9613028098736741,14:0.3603774899349548,15:0.6147643026768866,16:0.7362990891544052,17:0.6815268672483924,18:0.8353918607912831,19:0.40408735931469375,20:0.21818374817068908,21:0.9745669803921194,22:0.07954923081139464,23:0.5402113042653787,24:0.8791391405111261,25:0.3622727300983405,26:0.2592691986359611,27:0.7654078654052685,28:0.6481366675066007,29:0.5036320629120578,30:0.16260671529012072,31:0.25024274431845683,32:0.6360901643381934,33:0.7889333191519025,34:0.8089928272064923,35:0.4148544519910783,36:0.8445270991572214,37:0.41607894408690815,38:0.07768156613677113,39:0.10823835178054586,40:0.14194008644676215} with alpha 24.0 and beta 116.0, percentage 16.666666666666664
The arm 2 has vector {0:0.1407927710461403,1:0.711560925913612,2:0.18826594182520762,3:0.4535488435217703,4:0.27191032585309594,5:0.7305201582713287,6:0.8834367928520782,7:0.21366673378489132,8:0.33918013460227747,9:0.6986311202020523,10:0.49244903059374545,11:0.5950030638138859,12:0.9037993127574065,13:0.7478140717713528,14:0.38207834943605257,15:0.7147672018050596,16:0.5057724053008932,17:0.9817558008299876,18:0.5613266166346627,19:0.8753236381224783,20:0.46843150217630536,21:0.8204926873354595,22:0.9756891036330604,23:0.7912413943682146,24:0.4844614124937128,25:0.16039207027975366,26:0.12459579934315734,27:0.339730992957631,28:0.9519512248980123,29:0.6565158118190239,30:0.8399318829880331,31:0.1780843992213853,32:0.6554749546431735,33:0.3817818539904073,34:0.1650490709468556,35:0.600117674512758,36:0.19225853139513205,37:0.2845497877123939,38:0.455106855388108,39:0.8087726966714021,40:0.7113616708954105} with alpha 8.0 and beta 64.0, percentage 10.0
The arm 3 has vector {0:0.9093972810804359,1:0.600028122627993,2:0.5316762958811979,3:0.20386530552241822,4:0.29956887677597666,5:0.1997898871580417,6:0.932348888163072,7:0.6084941242023206,8:0.8781163071343574,9:0.4636939044094166,10:0.70294746188392,11:0.9096967568277379,12:0.340885751910633,13:0.7097850600020267,14:0.002887694431807142,15:0.8903433904876294,16:0.5470852191215986,17:0.42696626919916725,18:0.3359497653536191,19:0.9125188380813926,20:0.3659995771206077,21:0.6573175767909827,22:0.5133120982338115,23:0.6408131198924195,24:0.04904129946661162,25:0.28842879278041256,26:0.16205651162117585,27:0.6246007235416043,28:0.3622921479766753,29:0.9457810626510259,30:0.25717077268446853,31:0.8851262329965167,32:0.49644729599287474,33:0.19326683251792198,34:0.4242665453651776,35:0.8404081636174509,36:0.7541587932145267,37:0.41265645046378585,38:0.4579645319400544,39:0.577195991370117,40:0.4981234356389287} with alpha 116.0 and beta 433.0, percentage 21.023765996343695
The arm 4 has vector {0:0.3679597322897684,1:0.006140637516717451,2:0.40335155001908973,3:0.9047318306701598,4:0.584227941300277,5:0.8952354400825034,6:0.8524051191745892,7:0.6563060417035729,8:0.9398046585437231,9:0.8055997316296567,10:0.6127983550034839,11:0.2992558561262787,12:0.9168606522263927,13:0.528221929069524,14:0.8756016298604378,15:0.39828611265619496,16:0.23649299308727134,17:0.7150587289048875,18:0.5353949183329761,19:0.9863194134775307,20:0.12835800943842735,21:0.5298920207754226,22:0.6544422429653912,23:0.27716909022014335,24:0.1582385712877431,25:0.735029376177806,26:0.892181951465346,27:0.054783612516070446,28:0.9898227948024255,29:0.6097974817356964,30:0.19512938645833589,31:0.6855875391603538,32:0.4034135960789391,33:0.13527136329434508,34:0.8111251151231559,35:0.037624396572657925,36:0.4324327760084692,37:0.4374980928504484,38:0.4309913208757905,39:0.9856538254798424,40:0.6206024446173899} with alpha 2.0 and beta 32.0, percentage 3.125
The arm 5 has vector {0:0.39730916277134476,1:0.5791922596412203,2:0.6617275957991665,3:0.2406710951393709,4:0.8502497496542194,5:0.353584458659549,6:0.2769286184876335,7:0.10984272249607718,8:0.6523918276389271,9:0.7573611450455854,10:0.37336161255358935,11:0.023291247942592963,12:0.054670478784436094,13:0.26793529556928875,14:0.21907046820563914,15:0.9467760053005326,16:0.17039983228074795,17:0.7486522823977437,18:0.920387105762476,19:0.12810273412528372,20:0.3015977605627398,21:0.9642181880758541,22:0.5513222806542879,23:0.9512425101315972,24:0.15644172401966883,25:0.5289043800008915,26:0.6241626391857121,27:0.7014198219642505,28:0.09228659009685725,29:0.34227602760072406,30:0.21047607722290573,31:0.8069228494348117,32:0.07770903232093695,33:0.04893831037263929,34:0.4506376968711605,35:0.3412022346058915,36:0.039666558948389885,37:0.8549395433372129,38:0.16842948814103342,39:0.10093023055306993,40:0.7959083527020729} with alpha 10.0 and beta 67.0, percentage 12.0
The arm 6 has vector {0:0.8512273129045185,1:0.523036996594257,2:0.15853539019448326,3:0.42211335081544565,4:0.5127798562514112,5:0.8212109484205405,6:0.10269286733145,7:0.4485209911737251,8:0.850474383655833,9:0.3773814571615255,10:0.3393787650959854,11:0.5517227663300399,12:0.5510305333355132,13:0.7270227571010054,14:0.6485303240912086,15:0.8346282953508808,16:0.003647831970594817,17:0.10185429033516158,18:0.6147648966300682,19:0.835021730332464,20:0.8950495500926339,21:0.7283978562631385,22:0.7230161295623947,23:0.4636175812308567,24:0.9070416222479328,25:0.7916281947816083,26:0.41977818612081075,27:0.07996003629326176,28:0.2768359155760156,29:0.649751586475438,30:0.013955828594602648,31:0.3709746095752796,32:0.9854425176031726,33:0.1082179370781321,34:0.6251934512634902,35:0.6103761535605866,36:0.3211459579699898,37:0.8335409083245866,38:0.1096959649416428,39:0.3101266477020812,40:0.15846549089281448} with alpha 3.0 and beta 36.0, percentage 5.405405405405405
The arm 7 has vector {0:0.8626701052203053,1:0.25602747316157637,2:0.17969964444694853,3:0.1557675365670319,4:0.8510314884043331,5:0.44376722116551215,6:0.39710941776544695,7:0.6509776476413703,8:0.8870743151025031,9:0.963123752580576,10:0.5395742816273447,11:0.6589118225611323,12:0.4492115736975473,13:0.8640126755862256,14:0.7944350760578912,15:0.060245179574020646,16:0.4182213781109122,17:0.1210856985848523,18:0.5090077155697031,19:0.29633299887461917,20:0.42043859098480474,21:0.5007417740632086,22:0.032531726581346176,23:0.0069730563533356715,24:0.6028953190935759,25:0.3279394779457908,26:0.5136476352122762,27:0.3971446124214034,28:0.11871823501926515,29:0.8246557797691457,30:0.07199913383127154,31:0.07934500718158921,32:0.22910271533932414,33:0.24321876080737048,34:0.912313919531614,35:0.4435759027601637,36:0.8645340752306826,37:0.692893060397188,38:0.35259618282560035,39:0.43858920482707164,40:0.037107044859006955} with alpha 12.0 and beta 75.0, percentage 12.941176470588237
The arm 8 has vector {0:0.6418861671527273,1:0.5416624769707529,2:0.49411149792581976,3:0.388076735077586,4:0.2738888050642261,5:0.7690643227140975,6:0.5725655165181035,7:0.45979730920064144,8:0.05271757266525123,9:0.005358237975396696,10:0.1014514188729505,11:0.5222826078162984,12:0.13454440562001801,13:0.5195622736051231,14:0.5363178359846564,15:0.3672628814507214,16:0.9881616452431943,17:0.6017850937648639,18:0.32484993487884595,19:0.7119226961993697,20:0.1831649013616662,21:0.10102469609970299,22:0.497782287003932,23:0.8103360735669645,24:0.21744315611391873,25:0.9904005892693757,26:0.47548621196165197,27:0.7661327941378907,28:0.5811171172452024,29:0.6600345265726963,30:0.8543832880519305,31:0.7391849871012596,32:0.46097175806892465,33:0.5011822253560221,34:0.430259108368958,35:0.15179505761131817,36:0.9567125118147517,37:0.939636992314374,38:0.5973141345414268,39:0.3923574052817148,40:0.2873965148357204} with alpha 6.0 and beta 57.0, percentage 8.19672131147541
The arm 9 has vector {0:0.013120956501119885,1:0.329005847507155,2:0.17370797524855286,3:0.9497969065144815,4:0.15934860442978271,5:0.8185409670636171,6:0.5966581354927617,7:0.5364874256693207,8:0.6247053638581,9:0.4939657825755551,10:0.3888568324825167,11:0.9274463700647074,12:0.9134633782562104,13:0.4007509583856744,14:0.8800042379566198,15:0.8658530565615602,16:0.462559376612799,17:0.375239482068231,18:0.0696550060344141,19:0.9639173173784996,20:0.6594541990013384,21:0.7718864274666964,22:0.11961935594920103,23:0.6967458221502455,24:0.8653086180458168,25:0.41381791977851123,26:0.9720178437832406,27:0.10654772429156045,28:0.4130399709650626,29:0.20116802858612493,30:0.17010714650562275,31:0.9612504877725567,32:0.15889820874081806,33:0.2344976699569078,34:0.1272236981721887,35:0.5629753555465701,36:0.7493625550008666,37:0.46469796204787106,38:0.992538865035492,39:0.978422999748726,40:0.4718505803487769} with alpha 20.0 and beta 99.0, percentage 16.23931623931624
The arm 10 has vector {0:0.5689163360454896,1:0.823990317099045,2:0.215069673111973,3:0.227573967754078,4:0.7665157870745661,5:0.6770814123632024,6:0.10829083958778274,7:0.9357766255994577,8:0.5729638382933768,9:0.8321092463072134,10:0.7941558448985777,11:0.23760395832336623,12:0.5281094428293838,13:0.08879817813941138,14:0.09309752720321385,15:0.3283888726944122,16:0.6953375930187276,17:0.8918066616412443,18:0.37882480060862955,19:0.41491425480180577,20:0.23007965246752538,21:0.3870124062322423,22:0.16758578824965753,23:0.8720360327204328,24:0.7423786480703092,25:0.5433876397067355,26:0.8919996763088535,27:0.496238537061919,28:0.10651172876604031,29:0.5150439577796274,30:0.07520875650476766,31:0.9448644285944713,32:0.182678911293237,33:0.030116824134184594,34:0.9791712905890767,35:0.015395576917928588,36:0.9933838424677743,37:0.4759807978167496,38:0.08339472231380318,39:0.6092444197899087,40:0.6877899935353858} with alpha 14.0 and beta 86.0, percentage 13.26530612244898
The arm 11 has vector {0:0.08258777534536044,1:0.1448799888526583,2:0.788679044184316,3:0.6960802441579231,4:0.587708209013934,5:0.2784099687493473,6:0.7468120690894983,7:0.42374848063064474,8:0.14728481395894,9:0.09944192176257638,10:0.22480030725187294,11:0.17066016311522003,12:0.12204586654560334,13:0.5494048020990193,14:0.8758194832253671,15:0.4521987101940218,16:0.6933823666554844,17:0.5921309693537946,18:0.4260847789765605,19:0.330836093744604,20:0.6479227691061669,21:0.21457770292233647,22:0.8866764829956202,23:0.8818503236660353,24:0.11372347847236353,25:0.8680016856055595,26:0.16575534884448584,27:0.39895791767767175,28:0.6198891642893055,29:0.8633187680814427,30:0.05475916450736418,31:0.3620915364722245,32:0.5388760956628359,33:0.6202343469948761,34:0.26063395454698846,35:0.5149515854787531,36:0.3033129531951937,37:0.2832037213486899,38:0.24199965008047553,39:0.10645545388022737,40:0.2858183594667755} with alpha 121.0 and beta 423.0, percentage 22.14022140221402
The arm 12 has vector {0:0.4105585941925619,1:0.49156884660079847,2:0.1514064998786845,3:0.33970590089882025,4:0.5812213276706386,5:0.4438449234332549,6:0.9279554039381114,7:0.23131639061595177,8:0.1624004345537292,9:0.3181458031573885,10:0.4395170190886428,11:0.3386020930489627,12:0.634862273144768,13:0.13096893709313517,14:0.8611306591196998,15:0.5919423053396806,16:0.2635578264788253,17:0.45970162369609624,18:0.7461562365333609,19:0.29149405031008424,20:0.736395015200448,21:0.6092618622497628,22:0.9369807965787031,23:0.6013847866675328,24:0.9480336897780479,25:0.730609782809757,26:0.8724723494763874,27:0.5800754635689623,28:0.15650066000611484,29:0.18170700742477697,30:0.010888145007423411,31:0.23943477258008705,32:0.5899591618614883,33:0.30201358818236745,34:0.5979492017389593,35:0.6887199158152575,36:0.44022047927458186,37:0.07250469262023829,38:0.9600122362153923,39:0.8914645170531036,40:0.5301013151351134} with alpha 29.0 and beta 146.0, percentage 16.184971098265898
The arm 13 has vector {0:0.5657888473565653,1:0.832993069164819,2:0.2211346742731547,3:0.13897874953772726,4:0.5301909572573926,5:0.013726708188061654,6:0.1678585080879743,7:0.8224267566462817,8:0.7333001055745288,9:0.6957898239319271,10:0.31996061646467056,11:0.02054169510311754,12:0.00136500583725363,13:0.4052708517909477,14:0.6454088298378187,15:0.3227596153118043,16:0.0198167324500087,17:0.040098198939101715,18:0.7980733449936056,19:0.6154397748625627,20:0.7582247288966811,21:0.20027555101596872,22:0.11560947519972742,23:0.7366294468400238,24:0.2189881286972154,25:0.8505290457861762,26:0.21675357272953788,27:0.44008683854773845,28:0.9827657622198018,29:0.7711169475929851,30:0.6733925073956732,31:0.8698866893897114,32:0.6573335906656961,33:0.6186544410736395,34:0.5581587980698399,35:0.21101329839702343,36:0.12931145720761417,37:0.19687691782847616,38:0.8297140029915199,39:0.27476744021359056,40:0.9531707094780733} with alpha 15.0 and beta 95.0, percentage 12.962962962962962
The arm 14 has vector {0:0.2325087831248729,1:0.23490045906847623,2:0.930911543083664,3:0.8642891079360195,4:0.6537515244646275,5:0.28154667586904114,6:0.8020867555188024,7:0.7595700111367985,8:0.3303270860432438,9:0.7575227435301172,10:0.8644619869323812,11:0.45142662561305436,12:0.9963638852206248,13:0.21673105653943703,14:0.432771914092679,15:0.01705690830151818,16:0.6969194342345281,17:0.8771903813133136,18:0.6086046730976576,19:0.2404618042363137,20:0.356529012957285,21:0.4005364713548748,22:0.6796569840385038,23:0.30260829619994956,24:0.30948687875167824,25:0.7261485968964375,26:0.31737516107970687,27:0.2793184540136734,28:0.3795481186113471,29:0.5514082489703321,30:0.31451067374028085,31:0.5189227135024577,32:0.5417235955927515,33:0.6415061605905145,34:0.5613097067071524,35:0.4666732238371518,36:0.3534666673380388,37:0.7043826516434447,38:0.6607769947737457,39:0.02626212356025226,40:0.8848488486966392} with alpha 73.0 and beta 289.0, percentage 20.0
The arm 15 has vector {0:0.7726681287269399,1:0.5339557675114166,2:0.47977250095288493,3:0.29741792047670157,4:0.04241720285638251,5:0.36294387493376956,6:0.6669272924428151,7:0.23409566272097193,8:0.27253378766034664,9:0.7153862562752447,10:0.11873700227907169,11:0.717797544533502,12:0.28479875099226126,13:0.5811305673727167,14:0.05844316434785135,15:0.6883390597528182,16:0.6854646441400993,17:0.5727367333352078,18:0.7467501200820493,19:0.12564632419025457,20:0.7054304111541179,21:0.8078050884608768,22:0.7080546375549931,23:0.9356432170595368,24:0.7569765877988738,25:0.3423776294451183,26:0.3944878989383326,27:0.9295518594680534,28:0.8176060940703204,29:0.3005113405531079,30:0.6413744917926665,31:0.26758909147648846,32:0.20846057025114206,33:0.9303672439543931,34:0.537671695697642,35:0.5008526697340459,36:0.5167135933789403,37:0.869967181463524,38:0.16386159582104032,39:0.8898774748400926,40:0.36922627557591525} with alpha 32.0 and beta 116.0, percentage 21.232876712328768
The arm 16 has vector {0:0.7464486757245152,1:0.9132119541502243,2:0.3856687979055782,3:0.6739481551821409,4:0.3592649584427957,5:0.013470084444283992,6:0.1780855416438124,7:0.4496790334672933,8:0.10221878993628797,9:0.6495350240559471,10:0.5280921714926874,11:0.793060676601629,12:0.6543815498907325,13:0.01871171265541105,14:0.9152307667014313,15:0.6906244198453692,16:0.4885645060586862,17:0.5090642483255561,18:0.05553494378160562,19:0.21780555018773062,20:0.640247490492898,21:0.7958291318634494,22:0.2783908126954352,23:0.4205484361919142,24:0.790807672022544,25:0.1886762799487106,26:0.43366834942771726,27:0.006118606693948925,28:0.9848018298592364,29:0.3315130083528436,30:0.2849034551167139,31:0.7595125183507718,32:0.5688542314966005,33:0.7864442078478616,34:0.723573000381606,35:0.08097630232181596,36:0.08652538567751145,37:0.32618013615649366,38:0.4913979561030274,39:0.6293083445547726,40:0.14044274931629885} with alpha 4.0 and beta 46.0, percentage 6.25
The arm 17 has vector {0:0.7497128643652023,1:0.7389276568870501,2:0.10308823556237967,3:0.6469123113980053,4:0.8609947812537899,5:0.5308907415350032,6:0.15657495476170225,7:0.9099242286190222,8:0.5296802293138265,9:0.8294553089040795,10:0.2866103398542018,11:0.5142886250105229,12:0.8805367330118421,13:0.5668491607651588,14:0.01182779401305234,15:0.7794371601459306,16:0.3802873329548503,17:0.5995143792180814,18:0.33367171574581445,19:0.7593244810982558,20:0.8139814934137796,21:0.14653927990319626,22:0.19312187143500226,23:0.5042601653441441,24:0.728870152891502,25:0.35883229758877955,26:0.23282407795520899,27:0.07141557651402419,28:0.055130379479568226,29:0.11265120939773554,30:0.6723686537379521,31:0.7837876393183248,32:0.841197215777279,33:0.026828737734006403,34:0.88445964095368,35:0.7391150523700923,36:0.8073440580793347,37:0.7223751426533267,38:0.5906150637558947,39:0.42194563936493634,40:0.6422355531297592} with alpha 3.0 and beta 37.0, percentage 5.263157894736842
The arm 18 has vector {0:0.5513107377013028,1:0.3780853127780702,2:0.4343642111031233,3:0.4712931744572244,4:0.3961973598342238,5:0.2565581365746086,6:0.8943835757879129,7:0.2217154886095708,8:0.8981647201698716,9:0.42606652832514424,10:0.25617559338106,11:0.3008609760057336,12:0.016859611196554325,13:0.5484519782779941,14:0.1763116076305027,15:0.4960370090602211,16:0.4752695018654727,17:0.021727898520879863,18:0.6386426330325099,19:0.4199951416641533,20:0.27807894061126814,21:0.47554070551681993,22:0.5358671730822493,23:0.6151646698992099,24:0.1634999117582716,25:0.23274956552673953,26:0.8620060489279782,27:0.7394613568119116,28:0.351024765712318,29:0.9127648240786701,30:0.9035155564579498,31:0.43747909236090765,32:0.47314190748812734,33:0.28644801117350316,34:0.6476692906271155,35:0.3560019286387136,36:0.5367892282351747,37:0.51891762810829,38:0.4708650158908665,39:0.37434938809956486,40:0.6644298313393856} with alpha 161.0 and beta 603.0, percentage 20.99737532808399
The arm 19 has vector {0:0.867931660594633,1:0.9930439665263944,2:0.3519045965820635,3:0.2009111301736093,4:0.739324113787764,5:0.8126318249077193,6:0.6830216225090847,7:0.13158328339015124,8:0.9359941193210866,9:0.9768197621529171,10:0.08738036812283079,11:0.2535577520367359,12:0.4411499539624615,13:0.6037677806684355,14:0.5446662343336991,15:0.1835285814977724,16:0.6236882144037059,17:0.6947187719780322,18:0.029976007545263084,19:0.3583881421960826,20:0.6760870246183329,21:0.3093944881249855,22:0.48386331426607365,23:0.334581599429402,24:0.8162706507964691,25:0.7680972574382473,26:0.5677446995907753,27:0.5833823371492359,28:0.13024131479006562,29:0.7777885307435742,30:0.04829734411904407,31:0.7494540939784851,32:0.5466787707104278,33:0.9363584550689734,34:0.1715598043066846,35:0.5208828411702525,36:0.12911220340446816,37:0.13030600190200647,38:0.3381786029372793,39:0.6735448987005658,40:0.8844033826791288} with alpha 6.0 and beta 53.0, percentage 8.771929824561402
The arm 20 has vector {0:0.5172591923513221,1:0.7294982650493782,2:0.4679782625542668,3:0.4627155664974376,4:0.8813464264271826,5:0.9751001398060367,6:0.650465992932455,7:0.20930908888870725,8:0.4931896786752201,9:0.31746935072807814,10:0.5709938239433866,11:0.5038842041758099,12:0.6680488094094438,13:0.8496145657882039,14:0.33325508246518953,15:0.9813466122914235,16:0.8178954357470339,17:0.45803214176841744,18:0.774781099704816,19:0.13763928866353436,20:0.7448201795117684,21:0.06245834397181382,22:0.10354517899041993,23:0.6091252346852272,24:0.8831548020685787,25:0.43237677816760967,26:0.243719078220898,27:0.11027889928290213,28:0.46655161474775597,29:0.2170206463879819,30:0.8719777813249072,31:0.5736079487682006,32:0.9611147213056491,33:0.6570133901843437,34:0.018495110413561888,35:0.743777191226268,36:0.8903329733527058,37:0.9912933679307128,38:0.9258027915142389,39:0.11643565151975188,40:0.4176805728121007} with alpha 10.0 and beta 68.0, percentage 11.842105263157894
The arm 21 has vector {0:0.5408728253648273,1:0.028325621616474894,2:0.4438345311505365,3:0.6663613647403716,4:0.10563929490775803,5:0.15552213453969976,6:0.35915280258821325,7:0.07506248718083464,8:0.8897524079119853,9:0.7695544122358133,10:0.12996656785192784,11:0.0859418176243667,12:0.41740574005545916,13:0.20583817212881583,14:0.5927162468571933,15:0.7544447225003977,16:0.9387758276228341,17:0.06013810485668636,18:0.46247473185809906,19:0.4080830769107072,20:0.03808516382521121,21:0.5132813702985667,22:0.4982185086105605,23:0.7020036853968371,24:0.2299939754503767,25:0.815689428768813,26:0.6935380861667236,27:0.6971946507969955,28:0.21273635043753847,29:0.604836198822186,30:0.12378967649133743,31:0.9848749004542564,32:0.37564976472852485,33:0.7930845510614348,34:0.3717852516016671,35:0.7170209038793136,36:0.9570272181937954,37:0.7739148460455598,38:0.5554819661501104,39:0.7365113179585893,40:0.4961769024612852} with alpha 96.0 and beta 359.0, percentage 20.97130242825607
The arm 22 has vector {0:0.4290324710942932,1:0.3869868598603714,2:0.037043121768118636,3:0.09656393417689524,4:0.6710559454241967,5:0.42523168696995606,6:0.4314233273799529,7:0.6864145072360722,8:0.6217687520905373,9:0.725935841577739,10:0.1672538507118303,11:0.8514676368689614,12:0.48031032755168723,13:0.8458902777171499,14:0.11821282051814208,15:0.8328910428200237,16:0.163425468745667,17:0.32466984527289544,18:0.29778894074745066,19:0.6029881003260993,20:0.2348263929204173,21:0.3792292983499149,22:0.251232161133768,23:0.9180834394690672,24:0.9925952817427998,25:0.09073917533361409,26:0.8988070775193765,27:0.8174504893120376,28:0.05473204428681733,29:0.8006473307652134,30:0.900729805680837,31:0.6546251521832017,32:0.6062959423451072,33:0.49452517441968435,34:0.08617724612328392,35:0.4993842069808313,36:0.7464528424701203,37:0.6997721916048818,38:0.8560158076275973,39:0.08452000218119582,40:0.14743946624537008} with alpha 9.0 and beta 61.0, percentage 11.76470588235294
The arm 23 has vector {0:0.078483996290585,1:0.13602814356824766,2:0.23096852961581926,3:0.06017137089552638,4:0.7163810286655022,5:0.7798744380672585,6:0.407805672876546,7:0.16536640382119816,8:0.8835641815949339,9:0.5610308719448615,10:0.8978238672138112,11:0.03658854924538901,12:0.4403504480583663,13:0.4205519397934222,14:0.24029226866626507,15:0.9558522625394362,16:0.04470059585544062,17:0.6079755617418935,18:0.4336108459122766,19:0.5683223912964767,20:0.5171954830343636,21:0.9571353621500309,22:0.739977580692103,23:0.5749163527944935,24:0.8062521319775304,25:0.5784522228545999,26:0.7525068244951042,27:0.4992368678115958,28:0.2904258802626143,29:0.2486824458082999,30:0.8362921903068288,31:0.7745062509822476,32:0.804593403699251,33:0.5560340694766547,34:0.020201261079516586,35:0.2581082118049389,36:0.3153807382465845,37:0.5749966869077661,38:0.4621913528015207,39:0.38525375482821245,40:0.5674404118175111} with alpha 3.0 and beta 37.0, percentage 5.263157894736842
The arm 24 has vector {0:0.013504062672973993,1:0.02407318452098295,2:0.8019740242254418,3:0.030298941257487222,4:0.7414462398933955,5:0.9881243173387296,6:0.7572613605014521,7:0.5116366507367365,8:0.37164401525866364,9:0.7105310703115596,10:0.7775022167814166,11:0.7314631034740988,12:0.6454208820297841,13:0.8957138248492991,14:0.07085828088933477,15:0.9857514568577346,16:0.23412101615221337,17:0.7794516276964537,18:0.5462587053291491,19:0.8781191445191561,20:0.29223081807204254,21:0.47582668639055314,22:0.9166447876029247,23:0.3775741734165632,24:0.7477039622175199,25:0.8899793624378135,26:0.2645723978897059,27:0.4003275369301591,28:0.3427472706862783,29:0.22362349087770172,30:0.35388886214029835,31:0.19384552195032756,32:0.8043671904486491,33:0.38069621896699346,34:0.6301784102794029,35:0.05119404870466704,36:0.3689713555464996,37:0.3943332322582229,38:0.9684120950755724,39:0.9459524406496793,40:0.813427876476058} with alpha 18.0 and beta 96.0, percentage 15.178571428571427
The arm 25 has vector {0:0.7326619794052786,1:0.214779086249961,2:0.01141732470545509,3:0.6503528205881496,4:0.6903812922764594,5:0.9008794854187163,6:0.9064709346546934,7:0.3848434744057301,8:0.6651593494489483,9:0.6047215019804845,10:0.0984071575750034,11:0.754155801955016,12:0.1900719812941698,13:0.33480240416401563,14:0.5447586723697118,15:0.833170365237474,16:0.17873384762630162,17:0.03894649831005648,18:0.8643641414694467,19:0.3292230197669115,20:0.5386385596756879,21:0.20189502962412076,22:0.44980501955668684,23:0.17872706045439313,24:0.5582153252016578,25:0.8747862586382597,26:0.56504946821678,27:0.6101127315242946,28:0.9243431285718082,29:0.7075382581015902,30:0.5117592336521752,31:0.756483664321101,32:0.5292628505890855,33:0.5454301709757824,34:0.735205214563939,35:0.9177438243122802,36:0.29989932450945955,37:0.37615389489169004,38:0.40578848151238855,39:0.8398056054371025,40:0.4144959681162692} with alpha 9.0 and beta 60.0, percentage 11.940298507462686
The arm 26 has vector {0:0.47580241263609846,1:0.6974705932683604,2:0.2658562907258305,3:0.37757859689237283,4:0.6538286220499988,5:0.6598573273693711,6:0.5797705869453178,7:0.11858852638519224,8:0.8532961344529019,9:0.5686323228302839,10:0.647189495863357,11:0.5668332483339131,12:0.1404430311807372,13:0.11464015542242267,14:0.20741621823100143,15:0.15963743554723808,16:0.743410580380198,17:0.65387090135031,18:0.23665831520852976,19:0.7255348197749689,20:0.399866593815152,21:0.55285305188627,22:0.3245682200222756,23:0.3948608023206336,24:0.14355504658460494,25:0.6290756624638641,26:0.9745315067331289,27:0.4097167173753926,28:0.5105863438066779,29:0.04035486611949124,30:0.10746739409989214,31:0.12635122041001823,32:0.31798969801254917,33:0.4731066302542113,34:0.3963492737470613,35:0.6194827498673623,36:0.39595223730637763,37:0.8428348286752986,38:0.7277827834115279,39:0.6115150721248939,40:0.927241187074352} with alpha 2.0 and beta 32.0, percentage 3.125
The arm 27 has vector {0:0.7804289707151074,1:0.9089887069532321,2:0.9750257442846024,3:0.18119054030168535,4:0.8305300896653743,5:0.4193778115308425,6:0.01495131189992227,7:0.7416594858802701,8:0.5438997828560934,9:0.9439394492437679,10:0.7281441219542698,11:0.21098760140201134,12:0.8891317839179209,13:0.11731534478676808,14:0.2943182786240134,15:0.10825923211575228,16:0.8953042708644167,17:0.13461386511790507,18:0.19971292268069962,19:0.4730651850801251,20:0.11315815314586486,21:0.2380621979608275,22:0.5659810981753974,23:0.5286941846053695,24:0.26469842723944015,25:0.44476589191702565,26:0.007869278836368454,27:0.053103597850314155,28:0.3526813732061401,29:0.5728986792424329,30:0.09857528560336704,31:0.8734496402268923,32:0.5643620990991248,33:0.8525895211240296,34:0.9546613905131331,35:0.3604174765870817,36:0.866982243127729,37:0.9340211109870337,38:0.0030391860553911076,39:0.40342990703885506,40:0.8743038983879834} with alpha 11.0 and beta 72.0, percentage 12.345679012345679
The arm 28 has vector {0:0.05217600463547545,1:0.333127112111834,2:0.7395927147648922,3:0.5589674462061776,4:0.6927631099640446,5:0.09731005751474031,6:0.4537769054443117,7:0.48785992111530485,8:0.9030538534028396,9:0.24519725955855354,10:0.20503320235299893,11:0.7750837785614247,12:0.38951982676471586,13:0.4368961542049836,14:0.44872446876774386,15:0.6280918986155389,16:0.4780477320912875,17:0.7369167366832562,18:0.17128533140967728,19:0.09473328642722789,20:0.9487899200213962,21:0.06031738787655683,22:0.7958580669788122,23:0.5898224505316754,24:0.9815074394645698,25:0.636683958955307,26:0.37435131056944093,27:0.7492717474904186,28:0.28132460013653626,29:0.23841733566659018,30:0.3896274095036014,31:0.15021029183820422,32:0.8282465172930973,33:0.4448399418625475,34:0.4483416204489271,35:0.20869775874667296,36:0.6353387730916642,37:0.8191889440515521,38:0.49778718292221613,39:0.1303155744758765,40:0.060834525816311213} with alpha 107.0 and beta 426.0, percentage 19.962335216572505
The arm 29 has vector {0:0.035745855086259715,1:0.439091245742513,2:0.4676515502589359,3:0.3669457113693222,4:0.38712988564471906,5:0.3256025998037666,6:0.7513807955029012,7:0.9448045038958414,8:0.4719591772184971,9:0.5337626838603586,10:0.08999538135146501,11:0.8230514244937849,12:0.5552609658697676,13:0.5890667977272508,14:0.7554635221078541,15:0.9128738596273678,16:0.5287679037048928,17:0.04601092251013006,18:0.4529776940962412,19:0.9802771203143947,20:0.07775277273577519,21:0.9870511289782498,22:0.6479833641751843,23:0.14034803238998794,24:0.5107873775175024,25:0.6597921036017018,26:0.9765978422083503,27:0.743656590839356,28:0.46272397655363806,29:0.05935680453888714,30:0.24734919338998163,31:0.7657233702222789,32:0.6446849362093627,33:0.2555647775782388,34:0.4336965224246161,35:0.9000784763260615,36:0.7364788958929434,37:0.1032793267887947,38:0.921971096165962,39:0.7154994724292644,40:0.1616004202856417} with alpha 23.0 and beta 127.0, percentage 14.864864864864865
The arm 30 has vector {0:0.27225411598254,1:0.4253507923231731,2:0.17853137789124884,3:0.031081486927308832,4:0.18274179886693043,5:0.9773769900469912,6:0.3473452849970229,7:0.8849815019617068,8:0.20788845987537352,9:0.5527795730439524,10:0.24095793204004468,11:0.7500182130006645,12:0.24122858960580784,13:0.6435461650014335,14:0.5645993662316678,15:0.852980891664782,16:0.3966618447936533,17:0.2757685290049747,18:0.008758346406259387,19:0.9389134111422142,20:0.3022039922804354,21:0.15412190265541026,22:0.9061184411104438,23:0.6398050994343937,24:0.07908017887640573,25:0.9574921907543448,26:0.9058920195707111,27:0.7974488304471262,28:0.7259433663374624,29:0.8195447385915168,30:0.028539637479333302,31:0.5535927117826863,32:0.9625169977944127,33:0.6972287817515149,34:0.060635399085856356,35:0.7331944406542763,36:0.6142078434422839,37:0.9514066786164087,38:0.32443720533488896,39:0.18145043057824128,40:0.8738216027959002} with alpha 5.0 and beta 41.0, percentage 9.090909090909092
The arm 31 has vector {0:0.15026138843980252,1:0.3188311543015494,2:0.3288163066238412,3:0.823891103009948,4:0.6448660330997236,5:0.6028075895319221,6:0.003884316690063394,7:0.32485002576655564,8:0.7290094802229048,9:0.1830281568099822,10:0.728674413498932,11:0.6433188685627897,12:0.3415136302625613,13:0.023809092461461234,14:0.879121420622986,15:0.18321618886996727,16:0.6595203138857451,17:0.7957185516606725,18:0.4929433465552058,19:0.36708472077420995,20:0.4414074991222282,21:0.8499223633206701,22:0.6615088618178949,23:0.15363999774237747,24:0.34682216988014625,25:0.4406279946812802,26:0.6586173261033561,27:0.0754097854489173,28:0.4671510162842224,29:0.8868544803570481,30:0.015187370713803494,31:0.3317298900631156,32:0.10644225230104076,33:0.7789304693614277,34:0.824258729418615,35:0.8074245378988094,36:0.25929657376916115,37:0.4905986980811041,38:0.7804862248284186,39:0.7908188876441928,40:0.5861143480767756} with alpha 5.0 and beta 42.0, percentage 8.88888888888889
The arm 32 has vector {0:0.7560800947916716,1:0.2382619810153569,2:0.20203811945329542,3:0.03961998902955843,4:0.5838891467555132,5:0.3048869367721252,6:0.920899716582284,7:0.7620646719789937,8:0.9575631288851418,9:0.04280806986231578,10:0.1300166533033933,11:0.9260266033793454,12:0.7552207499875162,13:0.5990367088948652,14:0.9288206363408158,15:0.0021759569679249413,16:0.07730974745138519,17:0.5938309352355554,18:0.7018177197350054,19:0.19610314268283113,20:0.4145403054440252,21:0.4846505437947589,22:0.9809145380472603,23:0.7978506596915289,24:0.21665980521481343,25:0.7833416488020557,26:0.7828163329511443,27:0.7168998355121965,28:0.17162336673918077,29:0.439719333603766,30:0.7810785454574464,31:0.668251881031708,32:0.09093535949593257,33:0.890780366659156,34:0.31517153689703603,35:0.9077493214942979,36:0.5507438436846412,37:0.14606553793764876,38:0.22987768711232381,39:0.5337810924792297,40:0.6940137134098189} with alpha 17.0 and beta 94.0, percentage 14.678899082568808
The arm 33 has vector {0:0.9764550330269747,1:0.6871222330615493,2:0.8884733612604155,3:0.29764277984851484,4:0.21969617710328948,5:0.6726393235631961,6:0.2724700419898034,7:0.5611673743895704,8:0.6185218865350026,9:0.46846493807443745,10:0.32170246371559685,11:0.5744808225577047,12:0.0314492892438335,13:0.08005564086748584,14:0.7840391460564397,15:0.06487330946748116,16:0.314636321778739,17:0.14693987823856358,18:0.42216166337726213,19:0.22988432282396176,20:0.7401806080367277,21:0.3340839466160501,22:0.12167393855902553,23:0.3382654707851268,24:0.34919409255019696,25:0.8666155005575987,26:0.9420074504547984,27:0.97846619677383,28:0.8735215696218944,29:0.3729267583056365,30:0.2701924885171584,31:0.8285484905260149,32:0.21053875226141394,33:0.5434832335924821,34:0.6768830073436367,35:0.9321383605624071,36:0.8347521929977081,37:0.9282736724820602,38:0.47793104095229555,39:0.24699118973514755,40:0.3746936706298031} with alpha 12.0 and beta 77.0, percentage 12.643678160919542
The arm 34 has vector {0:0.3153279177390039,1:0.9938053429604027,2:0.665919058695232,3:0.8005872420280801,4:0.22238976818014533,5:0.7484349813713527,6:0.8919323248917517,7:0.33683653797887003,8:0.06707793306673726,9:0.10040149276560495,10:0.8191613760179349,11:0.9550908166877596,12:0.05710877008999826,13:0.3433020657969743,14:0.34446328022579265,15:0.8525567474565952,16:0.13560079258878455,17:0.028705951115697403,18:0.9869938770927942,19:0.38658004035460036,20:0.5049513904560683,21:0.13597681769982706,22:0.8940134329117359,23:0.22811847208297842,24:0.8812511927877932,25:0.48653686520232187,26:0.4902893023747116,27:0.059603667672950555,28:0.7381998087269799,29:0.8599646151981565,30:0.49568595552160455,31:0.22802911167405415,32:0.4458491045673002,33:0.14627479067369198,34:0.24465612984664165,35:0.08789879816597934,36:0.2045817464280052,37:0.2651399163206468,38:0.2979888112067549,39:0.202324765575556,40:0.7542514919939314} with alpha 6.0 and beta 51.0, percentage 9.090909090909092
The arm 35 has vector {0:0.4201407091553431,1:0.44478356186411383,2:0.060122520170244,3:0.7592538801245416,4:0.2852625711813157,5:0.6554604392690404,6:0.5069992266416519,7:0.4450284981525747,8:0.7010967614098788,9:0.20617768169968598,10:0.4632494394001787,11:0.6842543473758044,12:0.6837086442991541,13:0.678269935647854,14:0.4195458271458564,15:0.7779051776801942,16:0.5160596508997266,17:0.15677569144949466,18:0.5624354056886708,19:0.7646092981766264,20:0.5061822013037993,21:0.6250654098092477,22:0.9918649145817456,23:0.6605198960201464,24:0.48188117589576085,25:0.6770621372723855,26:0.28966445234618454,27:0.9907486585961189,28:0.253069287144145,29:0.15669350313942343,30:0.345849688781816,31:0.5489936661663114,32:0.35000487590615725,33:0.8472541089667317,34:0.6048749026284513,35:0.21996320515675238,36:0.36442202648144684,37:0.679760174828632,38:0.38241322503546127,39:0.3918797815907672,40:0.4744037852321834} with alpha 1.0 and beta 26.0, percentage 0.0
The arm 36 has vector {0:0.271084138001082,1:0.8149766923932411,2:0.8330950464458033,3:0.15992954475887,4:0.4688642025802623,5:0.5393128490711988,6:0.4384493139287071,7:0.9017999718694462,8:0.6497791380367998,9:0.36365136520969166,10:0.49138679117016293,11:0.938854956860614,12:0.9674504985506863,13:0.6350255258888132,14:0.44908883484037976,15:0.7257491511438909,16:0.010672519565039229,17:0.2445936503256061,18:0.9018283761923948,19:0.5398019078887706,20:0.34918615241419626,21:0.540125638590846,22:0.7442049496842261,23:0.48299665955917814,24:0.6312339331238926,25:0.7211696472790154,26:0.010879292463956691,27:0.8254794165144559,28:0.6893935502567626,29:0.5870422490586132,30:0.8356523181559378,31:0.26202440501849,32:0.8641553386884492,33:0.7131464084051597,34:0.6262585652781201,35:0.5951176601810725,36:0.9687026604834517,37:0.3367608059592162,38:0.8320526994875529,39:0.02630183999224256,40:0.11045686887217687} with alpha 18.0 and beta 105.0, percentage 14.049586776859504
The arm 37 has vector {0:0.39563660436664105,1:0.29528141778401706,2:0.8722756022879911,3:0.4535827368304477,4:0.7561659004033867,5:0.2978861616011901,6:0.5686150488052077,7:0.8687344516074383,8:0.7617145353407525,9:0.05508845754633995,10:0.6408358694462803,11:0.04433160243632217,12:0.4726831375024161,13:0.8855712268474669,14:0.39244790391514806,15:0.22038775726555215,16:0.7196902840090966,17:0.3653851850403844,18:0.8624473255682431,19:0.6044694635293887,20:0.32106949734759904,21:0.46198500238695117,22:0.9090269044487387,23:0.3001965093982567,24:0.27834771076880627,25:0.9928070155928731,26:0.9166706045217158,27:0.6577218832231163,28:0.03498646388160087,29:0.8577377808731157,30:0.8819526903037707,31:0.5779799999505032,32:0.022841445890967038,33:0.08012850928050907,34:0.7236202138796816,35:0.05552465328509404,36:0.3388364496027968,37:0.301720831416308,38:0.9662703161818843,39:0.803213494012999,40:0.7613535602995015} with alpha 71.0 and beta 290.0, percentage 19.498607242339833
The arm 38 has vector {0:0.24938972990268615,1:0.8887957664598498,2:0.09495758098267137,3:0.30098557917145896,4:0.4062395079680863,5:0.6531615247822322,6:0.5347939659991994,7:0.44005022746588707,8:0.2214606732993104,9:0.7652588125839255,10:0.8185004348311072,11:0.570256004169744,12:0.3259362219643308,13:0.8494041657768047,14:0.1472460159415796,15:0.1459319600112522,16:0.31317757259124024,17:0.2919362494073271,18:0.667992643236879,19:0.13097600668393528,20:0.7336899523178785,21:0.6409759044164995,22:0.5537504375372807,23:0.720124927423554,24:0.7329666750463583,25:0.5976092571455393,26:0.0722243074917297,27:0.20855396137686022,28:0.4232746013245907,29:0.6225217919829054,30:0.3198219155303572,31:0.42561937078992307,32:0.6069430678703284,33:0.48733299072969216,34:0.04060917781471485,35:0.17261115409636074,36:0.3975892948787494,37:0.28162978743000266,38:0.6571494838130619,39:0.5479645326389594,40:0.29034704864928473} with alpha 2.0 and beta 33.0, percentage 3.0303030303030303
The arm 39 has vector {0:0.4233163744052726,1:0.43905167855151306,2:0.5011097151286046,3:0.12740317059116357,4:0.31107652905312577,5:0.5321347851739281,6:3.015356364383104E-4,7:0.5704813209867472,8:0.7919465929510573,9:0.9040333144470061,10:0.3738356617496805,11:0.9468312032443468,12:0.3288077285422015,13:0.01596311250350957,14:0.37454571108785584,15:0.09541141708306489,16:0.8860943942733566,17:0.14521711291419281,18:0.07408049681827245,19:0.5596391268596164,20:0.7202553946140039,21:0.4334000782016407,22:0.24530663112264506,23:0.7082459383434178,24:0.2752924377454925,25:0.5690628299617642,26:0.4746959322446761,27:0.5907164118812417,28:0.5813608586945653,29:0.4360315886569829,30:0.6847177745523236,31:0.4146924568013889,32:0.9228209270195408,33:0.2852412315719335,34:0.3805682096427069,35:0.5586961340599399,36:0.05528635904740409,37:0.46017547180968277,38:0.21231841869561485,39:0.535588404725792,40:0.8657823164762672} with alpha 1.0 and beta 28.0, percentage 0.0
The arm 40 has vector {0:0.3500357651003215,1:0.2856538818243357,2:0.06501728683313779,3:0.32937766878569685,4:0.9541411198947779,5:0.3907650078384488,6:0.988239054230894,7:0.5391616993356827,8:0.4095392780438637,9:0.5532342862045118,10:0.5202888900064109,11:0.9611068384109676,12:0.05905488827504668,13:0.019370355579948706,14:0.5743965915467649,15:0.2559410021374203,16:0.21573478980547012,17:0.6564195021418887,18:0.987705231095789,19:0.534217863259346,20:0.4491880286693761,21:0.7262732450493913,22:0.049485918359830405,23:0.3866763239119696,24:0.6505268377047273,25:0.24137920458091322,26:0.7892670172173392,27:0.27950826696071596,28:0.29625345866124386,29:0.4665744888258504,30:0.7312520026320691,31:0.7152590149682819,32:0.7451726614846054,33:0.7058479756816011,34:0.32311905038442745,35:0.44764691357778075,36:0.12998131188388784,37:0.35710024184948663,38:0.07318759395990315,39:0.2669529356158139,40:0.6558529119227607} with alpha 22.0 and beta 118.0, percentage 15.217391304347828
The arm 41 has vector {0:0.020364538225354112,1:0.5802062306629312,2:0.7030847200365746,3:0.6246004502398603,4:0.6371672107477113,5:0.15469286343753685,6:0.579210168596218,7:0.3947092811625118,8:0.4715089479188842,9:0.469278420399168,10:0.4128774637273177,11:0.25886060643329156,12:0.9164816045176506,13:0.8889892485594106,14:0.563404756960886,15:0.9556339705239513,16:0.3815940204389874,17:0.45699976883965865,18:0.12710436347234522,19:0.19142496932125042,20:0.6643266592246356,21:0.5506015284099003,22:0.2185988124307633,23:0.5357724421081304,24:0.5858305931774741,25:0.13015271582351085,26:0.8671058833008356,27:0.22527228081560458,28:0.6835278945931962,29:0.26688470937102315,30:0.49170142266825556,31:0.5808467414062549,32:0.6340202754135401,33:0.8513380052359077,34:0.7939594441549231,35:0.2585401486365937,36:0.9122145033411636,37:0.29701812304115127,38:0.18181370465261826,39:0.1695940378037254,40:0.03487367043690648} with alpha 71.0 and beta 284.0, percentage 19.8300283286119
The arm 42 has vector {0:0.9870454461829556,1:0.809512313106693,2:0.6075650582916206,3:0.8874074650386476,4:0.838276686378199,5:0.07576114499858633,6:0.5039377358338839,7:0.7064816777807764,8:0.04747371390667321,9:0.3809203904987418,10:0.7772816578834498,11:0.7176504051363131,12:0.7856446658689932,13:0.39253551419900634,14:0.3589492452206432,15:0.9381126448539744,16:0.6950130726337118,17:0.6309267283427957,18:0.8833646059669421,19:0.34309770758839553,20:0.5269510820464671,21:0.44122994376006286,22:0.7322241655356515,23:0.03995489863976143,24:0.21045973591650768,25:0.3858968356415524,26:0.28309945365196665,27:0.0349422238395517,28:0.1443799993740943,29:0.113623615298723,30:0.4167186365857676,31:0.38154156536302664,32:0.28835660848524036,33:0.2354213864295911,34:0.8274618447546541,35:0.5804837775371138,36:0.45582904007441727,37:0.5917358200462435,38:0.9189388123340654,39:0.4452971584860581,40:0.6468521390862922} with alpha 45.0 and beta 212.0, percentage 17.254901960784313
The arm 43 has vector {0:0.7569928836771322,1:0.8882910353410421,2:0.8719110779450625,3:0.6229721762023834,4:0.5464266753608538,5:0.9556119126921578,6:0.39469516523234294,7:0.06587320112287842,8:0.791026756701158,9:0.03308800639331322,10:0.8005110640000717,11:0.4973564479213056,12:0.1215496651767547,13:0.8648432950683108,14:0.6347088413243525,15:0.49626160646623463,16:0.526173653942364,17:0.821454937014941,18:0.9952568669453467,19:0.12672292312772715,20:0.8726402347058364,21:0.4593155436508273,22:0.584816645750243,23:0.4476525008667881,24:0.22144207709974695,25:0.5123478513173295,26:0.06513267716110804,27:0.6084676866284093,28:0.002145088286579,29:0.44797205888512925,30:0.028917684598853355,31:0.8493983197878979,32:0.6666670825534411,33:0.8975025252735808,34:0.18941884354912153,35:0.7817770927834262,36:0.7573086732108115,37:0.37566243738577565,38:0.5726003267961612,39:0.5312254199951759,40:0.4680645587980842} with alpha 1.0 and beta 25.0, percentage 0.0
The arm 44 has vector {0:0.974236799753548,1:0.15410398349137266,2:0.9803648782980862,3:0.18201977679807746,4:0.13678584994037501,5:0.42022273352599426,6:0.5313485992036452,7:0.5751193147356164,8:0.2478061901114692,9:0.3343868939965837,10:0.22514311916823837,11:0.34772573206262347,12:0.4253742002673001,13:0.03715248276438465,14:0.3983207654560199,15:0.0511076882183612,16:0.6332628314546954,17:0.9808910855085339,18:0.36359053482148906,19:0.1284761170575378,20:0.17395289796911384,21:0.8838207532569358,22:0.6339167529792736,23:0.743738172102361,24:0.008825216170710082,25:0.4746123032481824,26:0.7845882098790948,27:0.0382092072003537,28:0.44518633406066466,29:0.9403384647193598,30:0.014491323095239372,31:0.3677174324025724,32:0.8913138802898536,33:0.5706258919717921,34:0.6871543668771478,35:0.0556094000326387,36:0.5690541576201458,37:0.8658571315852427,38:0.7850243265534763,39:0.3980775447003224,40:0.92034536394666} with alpha 14.0 and beta 88.0, percentage 13.0
The arm 45 has vector {0:0.9284424202786554,1:0.5467999378030675,2:0.024768479376319208,3:0.22600317479982235,4:0.09898051935394636,5:0.9522622411550539,6:0.7330238125747549,7:0.27853422547022333,8:0.6235388192054581,9:0.19539783472740146,10:0.4657448056117224,11:0.955452067703937,12:0.6584956614934244,13:0.07853451399416334,14:0.5168852142307857,15:0.5253793562284285,16:0.28444750824957243,17:0.13553369324782205,18:0.9387837818590797,19:0.48000266899517374,20:0.16910034157396736,21:0.02850834433275229,22:0.8557158611807472,23:0.3731901801973182,24:0.2019316880389973,25:0.6046770013696432,26:0.2778782417108745,27:0.3250887584238493,28:0.32626010313194564,29:0.7278463031729641,30:0.9971500997943611,31:0.6924070750193256,32:0.8421105368557579,33:0.4278371884121793,34:0.8851117631297064,35:0.5242713018381995,36:0.29398733909251107,37:0.20223895878630627,38:0.2518879218085486,39:0.8692976154707245,40:0.848371908074586} with alpha 10.0 and beta 70.0, percentage 11.538461538461538
The arm 46 has vector {0:0.29139897414640936,1:0.6007755494602018,2:0.6412075596026323,3:0.18368864602865653,4:0.6591311602847092,5:0.33363858062893337,6:0.8786059492447523,7:0.23057551586221758,8:0.8087628333821508,9:0.9682784770469614,10:0.4466725929276074,11:0.4892085405771587,12:0.9596983725604883,13:0.38213239980016644,14:0.6192796994486338,15:0.642845981869502,16:0.015380070996136253,17:0.30685438721708336,18:0.5535939992828044,19:0.057111133649041856,20:0.7359755372140149,21:0.5980283358761308,22:0.9793799685728564,23:0.8875801427205187,24:0.6915602659736305,25:0.5368133550569808,26:0.3647188781319587,27:0.6512622382328962,28:0.6439486254837714,29:0.015844219453726494,30:0.4031203871308999,31:0.48973572485696737,32:0.00804557281899998,33:0.40278648354111823,34:0.13612948720013263,35:0.71981898147077,36:0.12656748863619138,37:0.01783226858010256,38:0.925824289409411,39:0.4077452797360056,40:0.545211776370119} with alpha 79.0 and beta 308.0, percentage 20.259740259740262
The arm 47 has vector {0:0.19678527513746868,1:0.17120785228058,2:0.038488058838453965,3:0.9433402931611693,4:0.4975427271148253,5:0.5515066664440619,6:0.016993529004898145,7:0.8922823457735156,8:0.6758707489251616,9:0.5726332128842626,10:0.03451128701930384,11:0.45005585633595857,12:0.12735011027186605,13:0.8350584250204216,14:0.4031704562105555,15:0.4732650738987114,16:0.9593348002423797,17:0.21876210139136676,18:0.783476572358466,19:0.8460453848307808,20:0.30277813473611515,21:0.7461213954820146,22:0.8316615741764997,23:0.8882221299159384,24:0.22659231125499668,25:0.8486208285004931,26:0.2820468522455688,27:0.40976566495434497,28:0.3067473765906943,29:0.684519553109202,30:0.4291876091558947,31:0.7265340464600217,32:0.7225065596492178,33:0.5819881360622623,34:0.055287632400565334,35:0.006969980764167549,36:0.6905762652943347,37:0.6191786970717327,38:0.6103454843763481,39:0.06930111403240347,40:0.3666524452101909} with alpha 14.0 and beta 79.0, percentage 14.285714285714285
The arm 48 has vector {0:0.9128644717475388,1:0.5555195230918402,2:0.48560545602451666,3:0.40443165017105287,4:0.1065525682933175,5:0.2950578797510526,6:0.3011605077831384,7:0.9027540462634464,8:0.5322448731740902,9:0.2893225397326018,10:0.9863954401034067,11:0.24429779443261168,12:0.6603944683251913,13:0.9791652729663998,14:0.22619871513940415,15:0.08683899348027213,16:0.455396798823413,17:0.5137646304169556,18:0.025784767799605923,19:0.6580750200380112,20:0.18272315360373803,21:0.593944139151452,22:0.3104821390095809,23:0.1486214880763801,24:0.403938003275379,25:0.6031553024016125,26:0.1505446615828242,27:0.18323848586276326,28:0.20203689254151436,29:0.2786438777922531,30:0.04947002124441302,31:0.29229918138972055,32:0.1894392244970602,33:0.0269080959997009,34:0.3889189668901115,35:0.09557078090704274,36:0.2699566525121493,37:0.674521293687167,38:0.3693497251569695,39:0.6751403353057901,40:0.32966890449062836} with alpha 14.0 and beta 89.0, percentage 12.871287128712872
The arm 49 has vector {0:0.9031943284880781,1:0.6790124087571275,2:0.5177681733719713,3:0.2514525761526524,4:0.7932354589765369,5:0.19176138950919275,6:0.4171175492971727,7:0.37440329646165127,8:0.04166711548043889,9:0.7763200000615569,10:0.9519200844135717,11:0.812500056734408,12:0.8134326281563871,13:0.6018442143924401,14:0.13662608193889558,15:0.61935895701107,16:0.23013894666606605,17:0.2626412627027549,18:0.35099076275916796,19:0.41398086895411035,20:0.6409958325049815,21:0.2305818392995288,22:0.6981229170545427,23:0.3438034422558812,24:0.8742310054062047,25:0.10833073749865785,26:0.015507037220036324,27:0.6332162842506431,28:0.697183770019655,29:0.06360535024922931,30:0.3410781687919574,31:0.3989764748122264,32:0.3980105758065564,33:0.0886070264996871,34:0.36906415112390667,35:0.5126515189031096,36:0.5335161253006523,37:0.8928217021248533,38:0.61218026885443,39:0.4466327147126222,40:0.8677062346232067} with alpha 90.0 and beta 340.0, percentage 20.794392523364486
The best arm is 11 with vector {0:0.08258777534536044,1:0.1448799888526583,2:0.788679044184316,3:0.6960802441579231,4:0.587708209013934,5:0.2784099687493473,6:0.7468120690894983,7:0.42374848063064474,8:0.14728481395894,9:0.09944192176257638,10:0.22480030725187294,11:0.17066016311522003,12:0.12204586654560334,13:0.5494048020990193,14:0.8758194832253671,15:0.4521987101940218,16:0.6933823666554844,17:0.5921309693537946,18:0.4260847789765605,19:0.330836093744604,20:0.6479227691061669,21:0.21457770292233647,22:0.8866764829956202,23:0.8818503236660353,24:0.11372347847236353,25:0.8680016856055595,26:0.16575534884448584,27:0.39895791767767175,28:0.6198891642893055,29:0.8633187680814427,30:0.05475916450736418,31:0.3620915364722245,32:0.5388760956628359,33:0.6202343469948761,34:0.26063395454698846,35:0.5149515854787531,36:0.3033129531951937,37:0.2832037213486899,38:0.24199965008047553,39:0.10645545388022737,40:0.2858183594667755} with alpha 121.0 and beta 423.0, percentage 22.14022140221402
The right guesses are: 1399 which means 17.4875% correct
Done
The current arm is 11 with vector {0:0.08258777534536044,1:0.1448799888526583,2:0.788679044184316,3:0.6960802441579231,4:0.587708209013934,5:0.2784099687493473,6:0.7468120690894983,7:0.42374848063064474,8:0.14728481395894,9:0.09944192176257638,10:0.22480030725187294,11:0.17066016311522003,12:0.12204586654560334,13:0.5494048020990193,14:0.8758194832253671,15:0.4521987101940218,16:0.6933823666554844,17:0.5921309693537946,18:0.4260847789765605,19:0.330836093744604,20:0.6479227691061669,21:0.21457770292233647,22:0.8866764829956202,23:0.8818503236660353,24:0.11372347847236353,25:0.8680016856055595,26:0.16575534884448584,27:0.39895791767767175,28:0.6198891642893055,29:0.8633187680814427,30:0.05475916450736418,31:0.3620915364722245,32:0.5388760956628359,33:0.6202343469948761,34:0.26063395454698846,35:0.5149515854787531,36:0.3033129531951937,37:0.2832037213486899,38:0.24199965008047553,39:0.10645545388022737,40:0.2858183594667755} with alpha 115.0 and beta 549.0
The order information:
Date: 2012-05-09T17:07:05.000+02:00
It predicted these items for order 1778911 :
   31560 with score of 1.8432070872865145
   752 with score of 1.3929020032807198
   748 with score of 1.0648538042521118
   27900 with score of 1.0347200315191192
   23467 with score of 1.030744279988232
   1693 with score of 0.9487059531086417
   13688 with score of 0.9487059531086417
   21769 with score of 0.9487059531086417
   25013 with score of 0.9487059531086417
   31278 with score of 0.9487059531086417
These are the actual items bought: 
   11832
   30233
The current arm is 11 with vector {0:0.08258777534536044,1:0.1448799888526583,2:0.788679044184316,3:0.6960802441579231,4:0.587708209013934,5:0.2784099687493473,6:0.7468120690894983,7:0.42374848063064474,8:0.14728481395894,9:0.09944192176257638,10:0.22480030725187294,11:0.17066016311522003,12:0.12204586654560334,13:0.5494048020990193,14:0.8758194832253671,15:0.4521987101940218,16:0.6933823666554844,17:0.5921309693537946,18:0.4260847789765605,19:0.330836093744604,20:0.6479227691061669,21:0.21457770292233647,22:0.8866764829956202,23:0.8818503236660353,24:0.11372347847236353,25:0.8680016856055595,26:0.16575534884448584,27:0.39895791767767175,28:0.6198891642893055,29:0.8633187680814427,30:0.05475916450736418,31:0.3620915364722245,32:0.5388760956628359,33:0.6202343469948761,34:0.26063395454698846,35:0.5149515854787531,36:0.3033129531951937,37:0.2832037213486899,38:0.24199965008047553,39:0.10645545388022737,40:0.2858183594667755} with alpha 289.0 and beta 1375.0
The order information:
Date: 2012-05-10T17:54:43.000+02:00
It predicted these items for order 1779917 :
   31560 with score of 1.9492285692234268
   752 with score of 1.5950966616997695
   21714 with score of 1.306573299774801
   29669 with score of 1.2920651830115684
   5003 with score of 1.2818804495105165
   21803 with score of 1.222467943919495
   748 with score of 1.2133153603677431
   23467 with score of 1.2031284665175292
   27900 with score of 1.1637779570693718
   23469 with score of 1.1591852757638959
These are the actual items bought: 
   30342
   23374
   32289
The current arm is 11 with vector {0:0.08258777534536044,1:0.1448799888526583,2:0.788679044184316,3:0.6960802441579231,4:0.587708209013934,5:0.2784099687493473,6:0.7468120690894983,7:0.42374848063064474,8:0.14728481395894,9:0.09944192176257638,10:0.22480030725187294,11:0.17066016311522003,12:0.12204586654560334,13:0.5494048020990193,14:0.8758194832253671,15:0.4521987101940218,16:0.6933823666554844,17:0.5921309693537946,18:0.4260847789765605,19:0.330836093744604,20:0.6479227691061669,21:0.21457770292233647,22:0.8866764829956202,23:0.8818503236660353,24:0.11372347847236353,25:0.8680016856055595,26:0.16575534884448584,27:0.39895791767767175,28:0.6198891642893055,29:0.8633187680814427,30:0.05475916450736418,31:0.3620915364722245,32:0.5388760956628359,33:0.6202343469948761,34:0.26063395454698846,35:0.5149515854787531,36:0.3033129531951937,37:0.2832037213486899,38:0.24199965008047553,39:0.10645545388022737,40:0.2858183594667755} with alpha 470.0 and beta 2194.0
The order information:
Date: 2012-05-11T22:39:32.000+02:00
It predicted these items for order 1780921 :
   31560 with score of 1.9497465535490783
   752 with score of 1.63035977409665
   748 with score of 1.4171389420360865
   21714 with score of 1.203760823180467
   29669 with score of 1.1893184164382828
   27576 with score of 1.1877820279460345
   5003 with score of 1.1541177845314468
   23467 with score of 1.1458858097811864
   27900 with score of 1.1457083119721565
   20430 with score of 1.1389720762318811
These are the actual items bought: 
   31776
The current arm is 11 with vector {0:0.08258777534536044,1:0.1448799888526583,2:0.788679044184316,3:0.6960802441579231,4:0.587708209013934,5:0.2784099687493473,6:0.7468120690894983,7:0.42374848063064474,8:0.14728481395894,9:0.09944192176257638,10:0.22480030725187294,11:0.17066016311522003,12:0.12204586654560334,13:0.5494048020990193,14:0.8758194832253671,15:0.4521987101940218,16:0.6933823666554844,17:0.5921309693537946,18:0.4260847789765605,19:0.330836093744604,20:0.6479227691061669,21:0.21457770292233647,22:0.8866764829956202,23:0.8818503236660353,24:0.11372347847236353,25:0.8680016856055595,26:0.16575534884448584,27:0.39895791767767175,28:0.6198891642893055,29:0.8633187680814427,30:0.05475916450736418,31:0.3620915364722245,32:0.5388760956628359,33:0.6202343469948761,34:0.26063395454698846,35:0.5149515854787531,36:0.3033129531951937,37:0.2832037213486899,38:0.24199965008047553,39:0.10645545388022737,40:0.2858183594667755} with alpha 663.0 and beta 3001.0
The order information:
Date: 2012-05-13T15:53:25.000+02:00
It predicted these items for order 1781930 :
   31560 with score of 1.922990300310234
   27900 with score of 1.7112563552635618
   752 with score of 1.7100789705431683
   748 with score of 1.6168633682190465
   31865 with score of 1.5899399355866306
   31634 with score of 1.5895119068183168
   31854 with score of 1.5895119068183168
   21252 with score of 1.589083878050003
   31845 with score of 1.5771834872047636
   29011 with score of 1.5310672550205275
These are the actual items bought: 
   2084
   29003
   31950
   20990
   31940
   30573
   20678
   30195
   25363
   27900
The current arm is 11 with vector {0:0.08258777534536044,1:0.1448799888526583,2:0.788679044184316,3:0.6960802441579231,4:0.587708209013934,5:0.2784099687493473,6:0.7468120690894983,7:0.42374848063064474,8:0.14728481395894,9:0.09944192176257638,10:0.22480030725187294,11:0.17066016311522003,12:0.12204586654560334,13:0.5494048020990193,14:0.8758194832253671,15:0.4521987101940218,16:0.6933823666554844,17:0.5921309693537946,18:0.4260847789765605,19:0.330836093744604,20:0.6479227691061669,21:0.21457770292233647,22:0.8866764829956202,23:0.8818503236660353,24:0.11372347847236353,25:0.8680016856055595,26:0.16575534884448584,27:0.39895791767767175,28:0.6198891642893055,29:0.8633187680814427,30:0.05475916450736418,31:0.3620915364722245,32:0.5388760956628359,33:0.6202343469948761,34:0.26063395454698846,35:0.5149515854787531,36:0.3033129531951937,37:0.2832037213486899,38:0.24199965008047553,39:0.10645545388022737,40:0.2858183594667755} with alpha 859.0 and beta 3805.0
The order information:
Date: 2012-05-14T16:46:54.000+02:00
It predicted these items for order 1782931 :
   31560 with score of 1.8730181103619925
   748 with score of 1.7347995362139437
   752 with score of 1.6244948291854004
   21714 with score of 1.3017462006706932
   27576 with score of 1.288559930948389
   5003 with score of 1.27084098951251
   29669 with score of 1.2497271052021244
   23467 with score of 1.2072596366654067
   27900 with score of 1.2009900407581764
   20430 with score of 1.185577403851985
These are the actual items bought: 
   32564
The current arm is 11 with vector {0:0.08258777534536044,1:0.1448799888526583,2:0.788679044184316,3:0.6960802441579231,4:0.587708209013934,5:0.2784099687493473,6:0.7468120690894983,7:0.42374848063064474,8:0.14728481395894,9:0.09944192176257638,10:0.22480030725187294,11:0.17066016311522003,12:0.12204586654560334,13:0.5494048020990193,14:0.8758194832253671,15:0.4521987101940218,16:0.6933823666554844,17:0.5921309693537946,18:0.4260847789765605,19:0.330836093744604,20:0.6479227691061669,21:0.21457770292233647,22:0.8866764829956202,23:0.8818503236660353,24:0.11372347847236353,25:0.8680016856055595,26:0.16575534884448584,27:0.39895791767767175,28:0.6198891642893055,29:0.8633187680814427,30:0.05475916450736418,31:0.3620915364722245,32:0.5388760956628359,33:0.6202343469948761,34:0.26063395454698846,35:0.5149515854787531,36:0.3033129531951937,37:0.2832037213486899,38:0.24199965008047553,39:0.10645545388022737,40:0.2858183594667755} with alpha 1017.0 and beta 4647.0
The order information:
Date: 2012-05-15T15:02:20.000+02:00
It predicted these items for order 1783936 :
   31560 with score of 1.7693288503576534
   748 with score of 1.7372822880600214
   752 with score of 1.466994063904272
   27576 with score of 1.332138422348708
   21714 with score of 1.282543243948965
   5003 with score of 1.260160586670646
   29669 with score of 1.2301776315314032
   21776 with score of 1.2131522337599572
   25201 with score of 1.1887137573270041
   23467 with score of 1.1820937536590805
These are the actual items bought: 
   12096
The current arm is 11 with vector {0:0.08258777534536044,1:0.1448799888526583,2:0.788679044184316,3:0.6960802441579231,4:0.587708209013934,5:0.2784099687493473,6:0.7468120690894983,7:0.42374848063064474,8:0.14728481395894,9:0.09944192176257638,10:0.22480030725187294,11:0.17066016311522003,12:0.12204586654560334,13:0.5494048020990193,14:0.8758194832253671,15:0.4521987101940218,16:0.6933823666554844,17:0.5921309693537946,18:0.4260847789765605,19:0.330836093744604,20:0.6479227691061669,21:0.21457770292233647,22:0.8866764829956202,23:0.8818503236660353,24:0.11372347847236353,25:0.8680016856055595,26:0.16575534884448584,27:0.39895791767767175,28:0.6198891642893055,29:0.8633187680814427,30:0.05475916450736418,31:0.3620915364722245,32:0.5388760956628359,33:0.6202343469948761,34:0.26063395454698846,35:0.5149515854787531,36:0.3033129531951937,37:0.2832037213486899,38:0.24199965008047553,39:0.10645545388022737,40:0.2858183594667755} with alpha 1205.0 and beta 5459.0
The order information:
Date: 2012-05-16T16:36:57.000+02:00
It predicted these items for order 1784944 :
   748 with score of 1.6403410897128474
   31560 with score of 1.5819457153440473
   752 with score of 1.2794147097368211
   23467 with score of 1.1050495010974926
   1663 with score of 1.051494154835241
   31553 with score of 1.0393174851496103
   572 with score of 1.025166924292159
   27900 with score of 1.0143540514939096
   30800 with score of 0.998825257700426
   11380 with score of 0.986716268775294
These are the actual items bought: 
   29149
The current arm is 11 with vector {0:0.08258777534536044,1:0.1448799888526583,2:0.788679044184316,3:0.6960802441579231,4:0.587708209013934,5:0.2784099687493473,6:0.7468120690894983,7:0.42374848063064474,8:0.14728481395894,9:0.09944192176257638,10:0.22480030725187294,11:0.17066016311522003,12:0.12204586654560334,13:0.5494048020990193,14:0.8758194832253671,15:0.4521987101940218,16:0.6933823666554844,17:0.5921309693537946,18:0.4260847789765605,19:0.330836093744604,20:0.6479227691061669,21:0.21457770292233647,22:0.8866764829956202,23:0.8818503236660353,24:0.11372347847236353,25:0.8680016856055595,26:0.16575534884448584,27:0.39895791767767175,28:0.6198891642893055,29:0.8633187680814427,30:0.05475916450736418,31:0.3620915364722245,32:0.5388760956628359,33:0.6202343469948761,34:0.26063395454698846,35:0.5149515854787531,36:0.3033129531951937,37:0.2832037213486899,38:0.24199965008047553,39:0.10645545388022737,40:0.2858183594667755} with alpha 1428.0 and beta 6236.0
The order information:
Date: 2012-05-17T23:37:38.000+02:00
It predicted these items for order 1785980 :
   748 with score of 1.7722891166125938
   31560 with score of 1.6378534577671244
   27576 with score of 1.4059966446036243
   21714 with score of 1.3875819108262926
   752 with score of 1.384894763765741
   1663 with score of 1.2894884214363926
   23467 with score of 1.2614418265349614
   5003 with score of 1.2388551492772417
   30800 with score of 1.1984460658171525
   21776 with score of 1.1980279230472752
These are the actual items bought: 
   32343
The arm 11 has vector {0:0.08258777534536044,1:0.1448799888526583,2:0.788679044184316,3:0.6960802441579231,4:0.587708209013934,5:0.2784099687493473,6:0.7468120690894983,7:0.42374848063064474,8:0.14728481395894,9:0.09944192176257638,10:0.22480030725187294,11:0.17066016311522003,12:0.12204586654560334,13:0.5494048020990193,14:0.8758194832253671,15:0.4521987101940218,16:0.6933823666554844,17:0.5921309693537946,18:0.4260847789765605,19:0.330836093744604,20:0.6479227691061669,21:0.21457770292233647,22:0.8866764829956202,23:0.8818503236660353,24:0.11372347847236353,25:0.8680016856055595,26:0.16575534884448584,27:0.39895791767767175,28:0.6198891642893055,29:0.8633187680814427,30:0.05475916450736418,31:0.3620915364722245,32:0.5388760956628359,33:0.6202343469948761,34:0.26063395454698846,35:0.5149515854787531,36:0.3033129531951937,37:0.2832037213486899,38:0.24199965008047553,39:0.10645545388022737,40:0.2858183594667755} with alpha 1477.0 and beta 6525.0, percentage 18.45
The best arm is 11 with vector {0:0.08258777534536044,1:0.1448799888526583,2:0.788679044184316,3:0.6960802441579231,4:0.587708209013934,5:0.2784099687493473,6:0.7468120690894983,7:0.42374848063064474,8:0.14728481395894,9:0.09944192176257638,10:0.22480030725187294,11:0.17066016311522003,12:0.12204586654560334,13:0.5494048020990193,14:0.8758194832253671,15:0.4521987101940218,16:0.6933823666554844,17:0.5921309693537946,18:0.4260847789765605,19:0.330836093744604,20:0.6479227691061669,21:0.21457770292233647,22:0.8866764829956202,23:0.8818503236660353,24:0.11372347847236353,25:0.8680016856055595,26:0.16575534884448584,27:0.39895791767767175,28:0.6198891642893055,29:0.8633187680814427,30:0.05475916450736418,31:0.3620915364722245,32:0.5388760956628359,33:0.6202343469948761,34:0.26063395454698846,35:0.5149515854787531,36:0.3033129531951937,37:0.2832037213486899,38:0.24199965008047553,39:0.10645545388022737,40:0.2858183594667755} with alpha 1477.0 and beta 6525.0, percentage 18.45
The right guesses are: 1476 which means 18.45% correct
Done
646
