Items: 31014,2,2012-03-22 09:35:15.730000000,2013-01-31 22:08:19.360000000,0,0000000000000000000000000000000000000000000000000000000000000000000000000000000000000000000010000000000000000000000000000000000000000000000000000000000000000000000000000000000000000000000000000000000000000000000000000000000000000000000000000000000000000000
Items: 16065,3,2010-10-12 09:05:28.623000000,2011-10-19 12:41:59.293000000,0,0000000000000000000000000000000000000000000000000000000000000000000000000000000000000000000100000000000000000000000000000000000000000000000000000000000000000000000000000000000000000000000000000000000000000000000000000000000000000000000000000000000000000000
Items: 2897,1,2010-07-28 15:55:07.423000000,2013-07-15 05:02:15.650000000,0,0000000000000000000000000000000000000000000000000000000000000000000000000000000000000000000100000000000000000000000000000000000000000000000000000000000000000000000000000000000000000000000000000000000000000000000000000000000000000000000000000000000000000000
Users: 46671,2009-07-31 17:52:05.423000000,45238,,0
Users: 117404,2012-02-11 18:20:17.737000000,30295,1989-02-13 00:00:00,1
Users: 185087,2009-07-31 19:48:45.310000000,54234,1986-06-04 00:00:00,1
Users: 242612,2011-12-03 21:34:16.640000000,90627,1990-07-23 00:00:00,2
Users: 294436,2011-03-16 09:05:23.647000000,72233,1994-04-25 00:00:00,1
Users: 345704,2011-11-11 20:55:14.437000000,68600,1994-06-05 00:00:00,2
Users: 399809,2012-09-17 14:43:42.033000000,44491,1997-12-12 00:00:00,1
Users: 455390,2012-12-20 16:02:28.573000000,3274,1978-06-02 00:00:00,2
Users: 525182,2013-07-28 12:33:53.590000000,53372,1990-06-17 00:00:00,0
Orders: 35022,1033356,1457,2009-10-18 21:46:53.347000000
Orders: 214698,1082559,614,2010-01-24 20:16:55.153000000
Orders: 226305,1122161,1501,2010-03-20 16:23:03.950000000
Orders: 46541,1167569,11120,2010-05-26 12:55:02.417000000
Orders: 75824,1208142,11119,2010-07-27 23:14:48.377000000
Orders: 13287,1248778,12826,2010-09-21 21:56:27.157000000
Orders: 272654,1296031,653,2010-12-01 18:41:36.730000000
Orders: 285359,1344258,18628,2011-01-28 14:59:09.743000000
Orders: 157456,1388262,18371,2011-03-17 11:46:02.120000000
Orders: 307265,1432210,758,2011-04-29 21:28:48.340000000
Orders: 271030,1473349,21803,2011-06-14 15:24:35.467000000
Orders: 275827,1511037,21829,2011-07-28 21:58:50.970000000
Orders: 62527,1550712,24845,2011-09-10 18:44:47.023000000
Orders: 293365,1597283,27523,2011-11-12 08:21:31.203000000
Orders: 158173,1649466,24361,2011-12-28 14:06:54.430000000
Orders: 371623,1691322,28947,2012-01-31 15:54:20.570000000
Orders: 151193,1739094,2144,2012-03-22 17:02:48.527000000
Orders: 71320,1784958,7874,2012-05-16 17:00:59.817000000
Orders: 287161,1827735,20480,2012-06-29 22:23:24.193000000
Orders: 271514,1866722,31203,2012-08-11 21:38:56.863000000
Orders: 428803,1915657,35460,2012-10-09 20:15:44.210000000
Orders: 444954,1966435,29677,2012-12-01 22:51:49.073000000
Orders: 460415,2018674,31695,2013-01-07 22:20:30.543000000
Orders: 381441,2066329,35170,2013-02-19 22:08:16.833000000
Orders: 485606,2112774,39306,2013-03-26 15:04:37.277000000
Orders: 423890,2161061,11304,2013-05-03 09:35:38.190000000
Orders: 314770,2207605,26096,2013-06-05 19:04:54.837000000
Orders: 287308,2249841,40450,2013-07-13 20:23:09.463000000
Orders: 255027,2289235,33612,2013-08-13 17:15:05.073000000
Orders: 466261,2331294,43871,2013-09-15 21:02:00.180000000
Orders: 446724,2379393,448,2013-11-01 19:20:53.627000000

Startup information:
First order in training stage: 700000
First order in evaluation stage: 771338
Last order in evaluation stage: 777338

Number of orders in training stage: 71338
Number of orders in evaluation stage: 6000

The current arm is 2 with vector {0:0.02094531058490645,1:0.01946819082139506,2:0.5037325538457276,3:0.9752438250502248,4:0.28970049967354317,5:0.47746845146408634,6:0.03401090508808491,7:0.7225146904037468,8:0.06148971082969956,9:0.9745941998193964,10:0.49515080670073663,11:0.4660944533485204,12:0.5522899409864096,13:0.0767725530927641,14:0.8647367635352621,15:0.546432315828682,16:0.8777774404872204,17:0.15728159045071033,18:0.16857522036343153,19:0.4219357663829826,20:0.35137051705287115,21:0.9609863407250212,22:0.46381900343536286,23:0.5867200475143035,24:0.2902330919790519,25:0.37300791392630905,26:0.30679389921718736,27:0.652175328098152,28:0.43789386985582845,29:0.03865762605733514,30:0.00874035534735429,31:0.1336307448039683,32:0.27211123328334297,33:0.6130839095622965,34:0.28686075806499767,35:0.5100282276135241,36:0.25321944801654905,37:0.9347580209018349,38:0.7125861679391929,39:0.018844587550031155,40:0.019809753131834196} with alpha 2.0 and beta 10.0
The order information:
Date: 2012-05-09T17:07:05.000+02:00
It predicted these items for order 1778911 :
   31560 with score of 1.0712025652842183
   1693 with score of 0.788114261722536
   13688 with score of 0.788114261722536
   21769 with score of 0.788114261722536
   25013 with score of 0.788114261722536
   31278 with score of 0.788114261722536
   31911 with score of 0.6720090572864333
   752 with score of 0.6145050713312117
   27900 with score of 0.6109146288809799
   748 with score of 0.5719852153621862
These are the actual items bought: 
   11832
   30233
The current arm is 21 with vector {0:0.9263597647658709,1:0.5397368955863701,2:0.36046586501381017,3:0.8753612030835229,4:0.4694615472635002,5:0.49438992216426836,6:0.09996709458053332,7:0.5766629225377227,8:0.03422425732165135,9:0.048766899317323364,10:0.4735230017817287,11:0.8271051634831655,12:0.2386285467399919,13:0.12120368687623562,14:0.2836244975222221,15:0.04800392274970022,16:0.3408217963883282,17:0.5918594232503095,18:0.6265688064361185,19:0.4520566763133511,20:0.6637591326808879,21:0.4304676549253682,22:0.05568471270811981,23:0.09892483825858389,24:0.9196390620245113,25:0.11072069668946527,26:0.49007132019341726,27:0.7726429512424485,28:0.31848672135767264,29:0.6880867241701586,30:0.9994906674296063,31:0.6560009516823615,32:0.08266807740147397,33:0.447291789633416,34:0.04618310513004742,35:0.23190645352697037,36:0.9328720593689271,37:0.9016680063737802,38:0.15940222120291814,39:0.4059624315063476,40:0.9061694224474024} with alpha 3.0 and beta 21.0
The order information:
Date: 2012-05-10T17:54:43.000+02:00
It predicted these items for order 1779917 :
   31560 with score of 2.47835098496765
   16520 with score of 2.2966409110821715
   26598 with score of 2.2966409110821715
   27408 with score of 2.2961108900136624
   24834 with score of 2.277384606988736
   31290 with score of 2.2529571868217197
   31871 with score of 2.2529571868217197
   5003 with score of 2.2106918427465514
   21714 with score of 2.1950834011430094
   24194 with score of 2.1694988243239903
These are the actual items bought: 
   30342
   23374
   32289
The current arm is 24 with vector {0:0.9587559776616238,1:0.604650361444551,2:0.464332697236034,3:0.6844598864290703,4:0.17974811302925975,5:0.21602986623680975,6:0.5710513151744082,7:0.8187888207332741,8:0.8327261346452085,9:0.6726382068192324,10:0.4849352334095888,11:0.9424832206073078,12:0.4782641342713607,13:0.561974465499972,14:0.010130630029948073,15:0.72747040183629,16:0.5872744666985436,17:0.04084212073924931,18:0.6352362315440487,19:0.830994713990699,20:0.5651512021094935,21:0.5217200483929865,22:0.033359712320818025,23:0.6777348621178078,24:0.10678030487075407,25:0.07634344796542847,26:0.019310030526143773,27:0.9571749109889152,28:0.3740434093885504,29:0.2166995856152113,30:0.8408182158824147,31:0.8911172900632075,32:0.3487429779077631,33:0.25654731361239047,34:0.049420042426040256,35:0.9731359996199426,36:0.13323403756326146,37:0.425152777605296,38:0.47973094282717854,39:0.6619555452198165,40:0.9769834864707629} with alpha 13.0 and beta 60.0
The order information:
Date: 2012-05-11T22:39:32.000+02:00
It predicted these items for order 1780921 :
   31560 with score of 3.032032169709656
   752 with score of 2.496054661741337
   748 with score of 2.3339617267660016
   21714 with score of 2.1142205587366356
   27900 with score of 2.1105635253009014
   20430 with score of 2.094367654852661
   29669 with score of 2.092558552136343
   27576 with score of 2.08182321514365
   5003 with score of 2.079599479401942
   23467 with score of 2.0406659137208925
These are the actual items bought: 
   31776
The current arm is 12 with vector {0:0.10740819133068025,1:0.9710253813383919,2:0.5801791736520615,3:0.6498916787412152,4:0.24491773033381037,5:0.21817944617579932,6:0.1434375193835844,7:0.9455176769014513,8:0.9158002050921152,9:0.6691717271860763,10:0.9340380334972628,11:0.09058342705519118,12:0.8007856751110243,13:0.5545311231014681,14:0.9175911587660827,15:0.4827110243296766,16:0.35137628659294606,17:0.5756131949079194,18:0.41500422141587134,19:0.10374532872298614,20:0.7103065901877804,21:0.7623667865095288,22:0.417318565458237,23:0.6354840470272946,24:0.5586074114935214,25:0.8158385200917901,26:0.8970402335046601,27:0.6539376443012185,28:0.22805607880443934,29:0.6248680459959723,30:0.1539141625376257,31:0.016818961438410773,32:0.15491684380899806,33:0.39976119926695275,34:0.2646082206682353,35:0.4018953535210693,36:0.51997645901248,37:0.028535040957370472,38:0.5857520559206993,39:0.8814845770281594,40:0.4398200498594744} with alpha 7.0 and beta 43.0
The order information:
Date: 2012-05-13T15:53:25.000+02:00
It predicted these items for order 1781930 :
   31560 with score of 1.844394117505268
   27900 with score of 1.3960316566973883
   752 with score of 1.3106057885390487
   748 with score of 1.307629036199689
   31865 with score of 1.22778059224365
   31634 with score of 1.2268255238831434
   31854 with score of 1.2268255238831434
   21252 with score of 1.225870455522637
   31845 with score of 1.2222622385619935
   29011 with score of 1.1859817493947957
These are the actual items bought: 
   2084
   29003
   31950
   20990
   31940
   30573
   20678
   30195
   25363
   27900
The current arm is 36 with vector {0:0.2904094686896018,1:0.13003696547723598,2:0.3833572944687025,3:0.38134792855757804,4:0.007838648134166903,5:0.007876736922449168,6:0.767641504121108,7:0.2500469500660627,8:0.20851163087148072,9:0.38253917777918034,10:0.9334081326093985,11:0.1369382391885271,12:0.9362075817830952,13:0.4378249057092032,14:0.6459275555205982,15:0.862528736318812,16:0.02338063561863979,17:0.4185201428738182,18:0.6819926900592224,19:0.6043549709887036,20:0.3159894477465577,21:0.14754713662947105,22:0.2813467622709894,23:0.09628614452358975,24:0.1172353932694864,25:0.059556510031396726,26:0.8621885248925114,27:0.4892822317821013,28:0.4903203376744204,29:0.37992651929938004,30:0.21333922710516662,31:0.044067611358165504,32:0.734910547832844,33:0.34457522228549353,34:0.04146791120206206,35:0.9953891479520621,36:0.6858556478472678,37:0.404546502937535,38:0.4377129549770846,39:0.8650578578300698,40:0.62150809385929} with alpha 92.0 and beta 293.0
The order information:
Date: 2012-05-14T16:46:54.000+02:00
It predicted these items for order 1782931 :
   31560 with score of 1.606062934298005
   748 with score of 1.559656327942322
   752 with score of 1.4526158706497367
   21714 with score of 1.1452882796043216
   27576 with score of 1.1340667970971887
   5003 with score of 1.1112873784950428
   29669 with score of 1.1001156043578793
   23467 with score of 1.0600106394533735
   12338 with score of 1.0514831989514628
   27900 with score of 1.0399289157227796
These are the actual items bought: 
   32564
The current arm is 36 with vector {0:0.2904094686896018,1:0.13003696547723598,2:0.3833572944687025,3:0.38134792855757804,4:0.007838648134166903,5:0.007876736922449168,6:0.767641504121108,7:0.2500469500660627,8:0.20851163087148072,9:0.38253917777918034,10:0.9334081326093985,11:0.1369382391885271,12:0.9362075817830952,13:0.4378249057092032,14:0.6459275555205982,15:0.862528736318812,16:0.02338063561863979,17:0.4185201428738182,18:0.6819926900592224,19:0.6043549709887036,20:0.3159894477465577,21:0.14754713662947105,22:0.2813467622709894,23:0.09628614452358975,24:0.1172353932694864,25:0.059556510031396726,26:0.8621885248925114,27:0.4892822317821013,28:0.4903203376744204,29:0.37992651929938004,30:0.21333922710516662,31:0.044067611358165504,32:0.734910547832844,33:0.34457522228549353,34:0.04146791120206206,35:0.9953891479520621,36:0.6858556478472678,37:0.404546502937535,38:0.4377129549770846,39:0.8650578578300698,40:0.62150809385929} with alpha 117.0 and beta 428.0
The order information:
Date: 2012-05-15T15:02:20.000+02:00
It predicted these items for order 1783936 :
   748 with score of 1.55714923255135
   31560 with score of 1.4995757573534632
   752 with score of 1.2903659703131893
   27576 with score of 1.1752197414386896
   21714 with score of 1.1249607341812229
   5003 with score of 1.0981257079504365
   29669 with score of 1.0799815727787403
   21776 with score of 1.0702236043422002
   25201 with score of 1.0400229444000597
   23467 with score of 1.0325923531888916
These are the actual items bought: 
   12096
The arm 0 has vector {0:0.18959080141545592,1:0.7765422556823661,2:0.21824338982471714,3:0.1835851686591966,4:0.9745272645201755,5:0.35660544920505344,6:0.19009724563116193,7:0.9607951736422439,8:0.517316314853996,9:0.7203553499604286,10:0.9693671099857628,11:0.4219062149641355,12:0.17438626998641515,13:0.5222964193609259,14:0.2873179653620318,15:0.028470223524321492,16:0.2582116751799254,17:0.37428368118839317,18:0.639427821473655,19:0.4725830768175755,20:0.25175944105395875,21:0.2476555234054192,22:0.8019898829175655,23:0.6999764594058066,24:0.28195384161607184,25:0.8452645423190307,26:0.1356955410421553,27:0.09627137996303237,28:0.45855696008517344,29:0.5749817783282223,30:0.33634833062076175,31:0.4858943613123573,32:0.5135353626690986,33:0.3385891481970128,34:0.6456794008950029,35:0.8456688379354962,36:0.39370173090477056,37:0.6191899549314349,38:0.7594737392551244,39:0.9888829410653357,40:0.8045685173350324} with alpha 87.0 and beta 256.0, percentage 25.219941348973606
The arm 1 has vector {0:0.5843028646528661,1:0.3842985947755143,2:0.9906830067389487,3:0.7666388216654626,4:0.45477206110991963,5:0.17143061841437612,6:0.41756190854517494,7:0.835625673747481,8:0.7779677188593417,9:0.955465376449462,10:0.3748877429476699,11:0.40937643301161375,12:0.4760060006159943,13:0.03258966730792645,14:0.043572783689835526,15:0.2606814669021006,16:0.2924066276105417,17:0.6671213149674483,18:0.024418288979929037,19:0.5622388753020321,20:0.8599495026992436,21:0.3600861401880239,22:0.6837091613498656,23:0.85234604515531,24:0.9705636506480457,25:0.390168353593527,26:0.7024088168121073,27:0.9586453564990691,28:0.7960604715427706,29:0.12430558621774757,30:0.4945707343514568,31:0.8969767726252843,32:0.813853508147294,33:0.1878654063388192,34:0.03316306732876184,35:0.1936311894907854,36:0.5947992384498277,37:0.5867166978447974,38:0.40360129177688486,39:0.8378901285890203,40:0.05472883590131572} with alpha 106.0 and beta 408.0, percentage 20.5078125
The arm 2 has vector {0:0.02094531058490645,1:0.01946819082139506,2:0.5037325538457276,3:0.9752438250502248,4:0.28970049967354317,5:0.47746845146408634,6:0.03401090508808491,7:0.7225146904037468,8:0.06148971082969956,9:0.9745941998193964,10:0.49515080670073663,11:0.4660944533485204,12:0.5522899409864096,13:0.0767725530927641,14:0.8647367635352621,15:0.546432315828682,16:0.8777774404872204,17:0.15728159045071033,18:0.16857522036343153,19:0.4219357663829826,20:0.35137051705287115,21:0.9609863407250212,22:0.46381900343536286,23:0.5867200475143035,24:0.2902330919790519,25:0.37300791392630905,26:0.30679389921718736,27:0.652175328098152,28:0.43789386985582845,29:0.03865762605733514,30:0.00874035534735429,31:0.1336307448039683,32:0.27211123328334297,33:0.6130839095622965,34:0.28686075806499767,35:0.5100282276135241,36:0.25321944801654905,37:0.9347580209018349,38:0.7125861679391929,39:0.018844587550031155,40:0.019809753131834196} with alpha 3.0 and beta 36.0, percentage 5.405405405405405
The arm 3 has vector {0:0.39675900630787697,1:0.2979838275092511,2:0.8782485123918822,3:0.5843777712665778,4:0.33288240540842706,5:0.7881862301995638,6:0.7193227223031489,7:0.8550919224091889,8:0.6202072934360721,9:0.4160990105068242,10:0.6665440935595086,11:0.11600574234085714,12:0.5236705483397633,13:0.6678692491061315,14:0.6142760177291245,15:0.3021823096066505,16:0.2147256990958315,17:0.682021264590213,18:0.2634297768622823,19:0.472680801970622,20:0.9272939254476522,21:0.19727032247105059,22:0.7690099456766257,23:0.87804715616113,24:0.3661377043416546,25:0.24305327612861927,26:0.3915640417428109,27:0.1839330029174283,28:0.09145830348161765,29:0.8522490688190006,30:0.9210242486201252,31:0.11371322018328922,32:0.11195091117938105,33:0.8446113323615632,34:0.8100630651156726,35:0.15756358663388292,36:0.18881921933915757,37:0.9168753809945919,38:0.6960212607563718,39:0.22095849707107706,40:0.4046548145633059} with alpha 1.0 and beta 23.0, percentage 0.0
The arm 4 has vector {0:0.3980445754859767,1:0.5602798026460811,2:0.7486441374083604,3:0.1805418632699568,4:0.5849867927922114,5:0.10386919541397377,6:0.3987573602738139,7:0.82635384235201,8:0.5873053305729691,9:0.4864601436822642,10:0.6356123567254941,11:0.547117405208063,12:0.4384456994992705,13:0.424721571974328,14:0.6938045551280764,15:0.4486478613519137,16:0.13552839337494305,17:0.575244087215872,18:0.43299589622116563,19:0.2625373486616964,20:0.645327387410889,21:0.6124383887701593,22:0.5898611955358035,23:0.20622736325679836,24:0.1419125476193276,25:0.8173918075569422,26:0.3381385925886641,27:0.18807223161737507,28:0.9183182518729647,29:0.751400458999118,30:0.16350544147858048,31:0.6221199726537142,32:0.7113372074455125,33:0.7857873336187107,34:0.35039586093400255,35:0.3655153039685205,36:0.16039610008295369,37:0.044148254074630855,38:0.10850074259253395,39:0.7529076093655004,40:0.6073035484838825} with alpha 1.0 and beta 23.0, percentage 0.0
The arm 5 has vector {0:0.5101386343847042,1:0.9301524658237256,2:0.9023439304299922,3:0.38893340104553464,4:0.22707078824695526,5:0.7784097719704998,6:0.2915712196761766,7:0.4361489150576301,8:0.5602759947105403,9:0.32159026127081936,10:0.7256061285298836,11:0.4391811108416561,12:0.9583423590106058,13:0.3027239966403128,14:0.8108844848118969,15:0.1635166871634488,16:0.615901657173099,17:0.9076062406515824,18:0.622575029747206,19:0.6019902687822588,20:0.4397081318167886,21:0.9820949076565468,22:0.9461420992842864,23:0.24600505611431567,24:0.35580222274389006,25:0.6244760828604298,26:0.8384400995768566,27:0.4249308787350201,28:0.139860381753509,29:0.6834255598999588,30:0.0638827193096263,31:0.08693603686739448,32:0.7786845300408649,33:0.38558389530952375,34:0.7907660316578509,35:0.5422698722905422,36:0.013674821560957784,37:0.3276013315177094,38:0.6791722266395779,39:0.6001806930306011,40:0.9764478950592838} with alpha 3.0 and beta 33.0, percentage 5.88235294117647
The arm 6 has vector {0:0.7204588086418471,1:0.42726156461359477,2:0.2877067908533162,3:0.7100436107327391,4:0.5767528091401649,5:0.08062211522104179,6:0.6052490160643719,7:0.8120976122927135,8:0.39733018239410467,9:0.7554572977219354,10:0.9081107821068463,11:0.7939524071694554,12:0.3826233487686884,13:0.5485337896945965,14:0.5883326164860443,15:0.5238378041761831,16:0.04440106774512742,17:0.24067841334340767,18:0.3867744684046549,19:0.10542326977687277,20:0.7036181067752852,21:0.019064636341676433,22:0.6093329159353373,23:0.3346899374480695,24:0.6765084024259321,25:0.3324617165307121,26:0.6999783679667743,27:0.8867880138894281,28:0.7703955546872971,29:0.5998371279565163,30:0.9719217838631772,31:0.16097982862291293,32:0.1477615853864982,33:0.35518735925713674,34:0.8433934068048321,35:0.8499053449598781,36:0.2902736934917367,37:0.3673995838603974,38:0.615047209501553,39:0.37396837357582624,40:0.41546336864306277} with alpha 28.0 and beta 138.0, percentage 16.463414634146343
The arm 7 has vector {0:0.49003859699355434,1:0.03798860463832565,2:0.6053761300152946,3:0.814453931196286,4:0.3370839711805025,5:0.5276017032337801,6:0.9686168737901883,7:0.3032102734395179,8:0.8661711797875676,9:0.41040484512513853,10:0.15627723679007866,11:0.5392622338530394,12:0.7770958400074792,13:0.6600164673840836,14:0.20615480526623697,15:0.07761822631052062,16:0.9538228487521659,17:0.014809879840247842,18:0.882793749960523,19:0.6946027015638279,20:0.03775891295210332,21:0.344468412608547,22:0.8004930982386068,23:0.8962310994780655,24:0.8361709867193847,25:0.6633639102369151,26:0.7143849992511444,27:0.47428471379734327,28:0.5781427098442726,29:0.9024810743607629,30:0.7299994357504314,31:0.6628920731801993,32:0.8684703975549963,33:0.7571355438524541,34:0.0710391424805441,35:0.6088654008371254,36:0.06841318371226313,37:0.40058301591967316,38:0.14057402279172182,39:0.13617869700944385,40:0.7510583968764697} with alpha 25.0 and beta 122.0, percentage 16.551724137931036
The arm 8 has vector {0:0.5143593926642258,1:0.727132031365769,2:0.8010409532081869,3:0.5633636597760654,4:0.216750464315139,5:0.5874076541743917,6:0.05723839509062156,7:0.09546044955820199,8:0.30011856137983395,9:0.7927720089385453,10:0.7060822101185195,11:0.9809167388737963,12:0.8695032745607032,13:0.9596755345310283,14:0.6784548609370058,15:0.4130499038809621,16:0.3586846076898601,17:0.15018546023075197,18:0.8144465853813093,19:0.9735419902348504,20:0.2533934620030017,21:0.591877144735655,22:0.6433031732856038,23:0.16150298384051076,24:0.8437287934657308,25:0.05181809964196438,26:0.5550912596031083,27:0.44004302393061256,28:0.47933115577892405,29:0.6708442280021711,30:0.8491208527540919,31:0.9001118939145932,32:0.5106085453228791,33:0.5728742352595673,34:0.3938445980199373,35:0.43875731078866675,36:0.3808007702394074,37:0.17509184593045857,38:0.15488432853961354,39:0.27341498037459144,40:0.38610135855068994} with alpha 5.0 and beta 44.0, percentage 8.51063829787234
The arm 9 has vector {0:0.1467122345600117,1:0.7336291275369128,2:0.6159909443993107,3:0.21379689636481525,4:0.7548784914163035,5:0.11543555310559372,6:0.8732985428828172,7:0.9657940000501405,8:0.3995964820468102,9:0.03492313339635311,10:0.0031520079769126186,11:0.967452930915719,12:0.29451315745378936,13:0.15802084756966484,14:0.11805153546342428,15:0.6502360228777262,16:0.3892354539550984,17:0.6374299056636797,18:0.7035224057246365,19:0.3888595369669532,20:0.6912099557707507,21:0.9185176244905864,22:0.3465318647807435,23:0.43149212107568824,24:0.9030811912409709,25:0.33093798890010906,26:0.15606755144483853,27:0.3895005797201312,28:0.5986086349446123,29:0.4591626864925308,30:0.605470027816974,31:0.7472942311723766,32:0.7788345310939643,33:0.3858283773599993,34:0.9418366182524679,35:0.9772547999138672,36:0.5677174155852259,37:0.5255533311082343,38:0.9647799373186657,39:0.5044363980691539,40:0.10752034763236529} with alpha 26.0 and beta 128.0, percentage 16.447368421052634
The arm 10 has vector {0:0.8662343688846496,1:0.6409966135688128,2:0.2660303353690725,3:0.3341201818620585,4:0.21394645150397562,5:0.9540351773991224,6:0.879204741998512,7:0.5921702387687935,8:0.7229978139148674,9:0.0936620470634667,10:0.6395821771603298,11:0.8544279887750901,12:0.4635233224753704,13:0.2605604115738094,14:0.2694319216090847,15:0.712771407991288,16:0.4884928894608165,17:0.8005297768846926,18:0.8896820872498159,19:0.4031538011243465,20:0.9722914677654051,21:0.7693500537697927,22:0.39619100099078464,23:0.9007281709446123,24:0.19440719639181747,25:0.15249388445750178,26:0.8533629290731881,27:0.0852031169283416,28:0.5539243639811929,29:0.3257613632974765,30:0.4100137090766225,31:0.6329514938284097,32:0.5153135029778348,33:0.7451370198463179,34:0.8845288208100978,35:0.5006941225477352,36:0.7287897128953894,37:0.722948791437074,38:0.9689141217244718,39:0.2527830338040761,40:0.25236553998452294} with alpha 9.0 and beta 67.0, percentage 10.81081081081081
The arm 11 has vector {0:0.6478718337327478,1:0.7533704069264004,2:0.3438482817787911,3:0.921204633112817,4:0.9485336419864248,5:0.6007219790834293,6:0.34625103487402287,7:0.30545149358948764,8:0.976061465272568,9:0.4387101676785591,10:0.20884138482993952,11:0.07449396203478664,12:0.7160805443761221,13:0.04987897668036756,14:0.3333328969601258,15:0.6527319083400236,16:0.13067360721208943,17:0.609406765749697,18:0.8879652773536011,19:0.8283637597570076,20:0.6250652062705834,21:0.6495152953770922,22:0.022130487288311573,23:0.556067442567457,24:0.19531571704148565,25:0.532076375201693,26:0.6809321002142513,27:0.8227729137124495,28:0.2908073057830435,29:0.43743676084808425,30:0.5148469352176677,31:0.5617248662263097,32:0.08082976787324403,33:0.689011731238621,34:0.7791580953604033,35:0.34456094832511996,36:0.8939505294768,37:0.1685997470631484,38:0.26578655837983023,39:0.5269221790898903,40:0.06476342631258103} with alpha 8.0 and beta 60.0, percentage 10.606060606060606
The arm 12 has vector {0:0.10740819133068025,1:0.9710253813383919,2:0.5801791736520615,3:0.6498916787412152,4:0.24491773033381037,5:0.21817944617579932,6:0.1434375193835844,7:0.9455176769014513,8:0.9158002050921152,9:0.6691717271860763,10:0.9340380334972628,11:0.09058342705519118,12:0.8007856751110243,13:0.5545311231014681,14:0.9175911587660827,15:0.4827110243296766,16:0.35137628659294606,17:0.5756131949079194,18:0.41500422141587134,19:0.10374532872298614,20:0.7103065901877804,21:0.7623667865095288,22:0.417318565458237,23:0.6354840470272946,24:0.5586074114935214,25:0.8158385200917901,26:0.8970402335046601,27:0.6539376443012185,28:0.22805607880443934,29:0.6248680459959723,30:0.1539141625376257,31:0.016818961438410773,32:0.15491684380899806,33:0.39976119926695275,34:0.2646082206682353,35:0.4018953535210693,36:0.51997645901248,37:0.028535040957370472,38:0.5857520559206993,39:0.8814845770281594,40:0.4398200498594744} with alpha 14.0 and beta 83.0, percentage 13.684210526315791
The arm 13 has vector {0:0.2709335213474945,1:0.2594449528883771,2:0.4606398228173264,3:0.7115996220992462,4:0.5031282724250924,5:0.4265467403667691,6:0.9394571140077841,7:0.9802306373316483,8:0.1611572020443952,9:0.7749440988498828,10:0.21917934039610076,11:0.45908538958738565,12:0.9916151503029502,13:0.5131100754141493,14:0.9096151728980884,15:0.31541283615330107,16:0.35403969556476167,17:0.6876560807589105,18:0.594354150263103,19:0.6405489681809564,20:0.05996454069499457,21:0.3775691715122851,22:0.14964000197837724,23:0.1676407332107014,24:0.7289340738013551,25:0.16082361360718167,26:0.3982304560291632,27:0.9875696128725278,28:0.8443337147596031,29:0.7737169558049173,30:0.3300085749020357,31:0.21586823031154423,32:0.9298238969260598,33:0.3164375361526166,34:0.8236759686112485,35:0.22090280536863682,36:0.962535669875218,37:0.16856163132108004,38:0.2530709347735678,39:0.6377789369453504,40:0.8808814041825205} with alpha 11.0 and beta 70.0, percentage 12.658227848101266
The arm 14 has vector {0:0.8703035199057221,1:0.7250256698994373,2:0.44576957251326343,3:0.6670885639002104,4:0.4741521136348209,5:0.49537739702772,6:0.5080411548967431,7:0.2229323735397961,8:0.6188752789512326,9:0.7449607664492199,10:0.08154954393334912,11:0.4094455057705382,12:0.35686282391802326,13:0.8054058061220545,14:0.7309205813447313,15:0.17718990624108022,16:0.21364315399474565,17:0.9422089236203888,18:0.10344234174652256,19:0.8568870814754982,20:0.8599580186483509,21:0.5593253786043836,22:0.18671651365688346,23:0.6995297374021308,24:0.9383924282641676,25:0.5414482662064259,26:0.09987261482411758,27:0.20615590732314593,28:0.7106900950570283,29:0.30292939974487065,30:0.36194640450179205,31:0.6399251547252895,32:0.34737053817361885,33:0.7730267817086207,34:0.5393222081637989,35:0.06857135879939136,36:0.04156301965302289,37:0.8754481540454008,38:0.11291770908840759,39:0.6524191456072023,40:0.14278278571624392} with alpha 3.0 and beta 35.0, percentage 5.555555555555555
The arm 15 has vector {0:0.40019266220165184,1:0.7378158503243814,2:0.6055007327391401,3:0.35774136962069203,4:0.36406609963636916,5:0.9983509206234704,6:0.4388476769668571,7:0.8073348473971765,8:0.010456961766932449,9:0.1539345138578,10:0.5833769815693448,11:0.6576697709238237,12:0.7500312932027259,13:0.02505195172247865,14:0.0896104295555259,15:0.30076527221739235,16:0.5596451616042192,17:0.8991459292099523,18:0.17936819462977316,19:0.6068727146012722,20:0.13115686367548451,21:0.3520840031723549,22:0.9667385090182108,23:0.5412317649908708,24:0.8191097454675317,25:0.6019267041597858,26:0.7194120304965254,27:0.42119632666067075,28:0.29853661866754444,29:0.9498463914135562,30:0.3887414755485673,31:5.495241382934557E-4,32:0.13854323070503638,33:0.4876885045506191,34:0.632640734650626,35:0.5528283868883251,36:0.854819564055641,37:0.9682064461451364,38:0.828878398450297,39:0.7885462798548952,40:0.9852659604092718} with alpha 2.0 and beta 25.0, percentage 4.0
The arm 16 has vector {0:0.397894733489807,1:0.5156722022535881,2:0.2547096020878863,3:0.6627846429230649,4:0.7079671089754185,5:0.9028725646856752,6:0.24659031705878365,7:0.0010661334365371644,8:0.5515490086182946,9:0.9857618809858016,10:0.4756214223453923,11:0.4217860720869425,12:0.3658110139840701,13:0.24431367904416978,14:0.20627189978235894,15:0.33540980521758135,16:0.09703707976417197,17:0.540126451885959,18:0.2957031679435258,19:0.6150618340962837,20:0.8975133062367339,21:0.48057442870325584,22:0.7341011830155649,23:0.6016722859832292,24:0.5503813723633472,25:0.6686250132825835,26:0.16612082016094964,27:0.1035291208797432,28:0.8637919560044396,29:0.5609373946840802,30:0.24577223625438982,31:0.5584511062371156,32:0.44241055439531884,33:0.8408566817021325,34:0.5771846545375474,35:0.5129025980864118,36:0.8894353289039149,37:0.14187257012470733,38:0.5826486789041497,39:0.040338634707066334,40:0.7878114640613415} with alpha 1.0 and beta 26.0, percentage 0.0
The arm 17 has vector {0:0.719468437611963,1:0.9211592122361661,2:0.16260793338831026,3:0.19105794763813144,4:0.2593059231709347,5:0.22083570542938336,6:0.8480621561793763,7:0.1359448448204389,8:0.3960643225812567,9:0.9154024983071858,10:0.008035749897642552,11:0.9845764813337975,12:0.09437526013392972,13:0.31810769071788536,14:0.3074816008992681,15:0.4094910045652196,16:0.48169771423125296,17:0.6018440843390008,18:0.7947311273409718,19:0.205896768557156,20:0.7085713047053968,21:0.18116143268393414,22:0.2351157159171401,23:0.5908571005907662,24:0.9717235125911257,25:0.3573890640098909,26:0.2668741975670049,27:0.4856554078236168,28:0.8993864906404908,29:0.22138720770489018,30:0.8056991705693789,31:0.7369586225291891,32:0.4735574864272236,33:0.3239928218737037,34:0.7069858368352486,35:0.17286791799742285,36:0.005020855957840187,37:0.2954091918905454,38:0.932408728471302,39:0.26380010655034214,40:0.6750803507154344} with alpha 7.0 and beta 54.0, percentage 10.16949152542373
The arm 18 has vector {0:0.7392957708649809,1:0.6996855696047248,2:0.12612573395745508,3:0.250664384932755,4:0.4756340163657996,5:0.6721864407848465,6:0.7010334417970866,7:0.2469111554888872,8:0.9448206358940112,9:0.4554332103403267,10:0.5227877815203851,11:0.8335756757193535,12:0.07668048961402052,13:0.6711920566234343,14:0.45628035593818905,15:0.220299163636256,16:0.07246009916805984,17:0.689509230348184,18:0.9780669516021228,19:0.5838222821129823,20:0.9968476414978347,21:0.7706404080188436,22:0.4550778616883273,23:0.849967904290886,24:0.9195452975732518,25:0.36676766479187894,26:0.9070411031520023,27:0.7683633956375527,28:0.7970636430995154,29:0.780536289883376,30:0.6182068550701018,31:0.35765669854360727,32:0.865177789845955,33:0.6297090521003511,34:0.3116373887715227,35:0.5656196023059813,36:0.832152253166485,37:0.32608161623478726,38:0.7594444048557336,39:0.9552609145974649,40:0.5258292823173829} with alpha 9.0 and beta 63.0, percentage 11.428571428571429
The arm 19 has vector {0:0.8801656516966507,1:0.9004844464723971,2:0.4952441884175033,3:0.17298234706121574,4:0.8282921095483423,5:0.559134769106698,6:0.10775815542357559,7:0.015192984668553344,8:0.4437589425493139,9:0.14786750057536746,10:0.12443026164073934,11:0.42475279559878065,12:0.5742405513808402,13:0.9318029225015761,14:0.263667143051329,15:0.35995421777625214,16:0.49577313694033975,17:0.5426079551031503,18:0.3571872164290205,19:0.3199305537283771,20:0.7024505112077603,21:0.7935262847503778,22:0.7170368481627339,23:0.14932722295356282,24:0.6229956799997847,25:0.044168884234526584,26:0.4464214643088982,27:0.40859057270321797,28:0.08093427230873418,29:0.03753108476058431,30:0.9392671984352032,31:0.45581510585938645,32:0.21181869192886482,33:0.03305840474740007,34:0.2319110958854399,35:0.4517520427164363,36:0.2261218973607919,37:0.9959603874461245,38:0.36702733619481,39:0.07694056248403669,40:0.5556925654951873} with alpha 4.0 and beta 41.0, percentage 6.976744186046512
The arm 20 has vector {0:0.4532089300266259,1:0.8493237827953262,2:0.0455221460121753,3:0.06321377040418386,4:0.8481699020512155,5:0.6957169465533056,6:0.2705348198911792,7:0.6915080834880616,8:0.8283464356003103,9:0.25974141019679886,10:0.23620301087222806,11:0.24209767848114683,12:0.7653183007763275,13:0.9981475186341497,14:0.5211420033540777,15:0.8085939387359362,16:0.7149854172902629,17:0.7775922676023859,18:0.7717151614984521,19:0.6997430514283258,20:0.6115462451707123,21:0.045204124778401744,22:0.7724456124180749,23:0.10644272973050406,24:0.8866070144118714,25:0.7620387103774222,26:0.9066483134715746,27:0.728892610904676,28:0.2042792069770928,29:0.48274945925939194,30:0.9336072753339727,31:0.2823451863516926,32:0.9534759614645861,33:0.5298418469382868,34:0.31850270089920707,35:0.3731018718715161,36:0.7415725447993612,37:0.057323484513375766,38:0.7955415720882939,39:0.24358539398103207,40:0.5337002975099062} with alpha 7.0 and beta 55.0, percentage 10.0
The arm 21 has vector {0:0.9263597647658709,1:0.5397368955863701,2:0.36046586501381017,3:0.8753612030835229,4:0.4694615472635002,5:0.49438992216426836,6:0.09996709458053332,7:0.5766629225377227,8:0.03422425732165135,9:0.048766899317323364,10:0.4735230017817287,11:0.8271051634831655,12:0.2386285467399919,13:0.12120368687623562,14:0.2836244975222221,15:0.04800392274970022,16:0.3408217963883282,17:0.5918594232503095,18:0.6265688064361185,19:0.4520566763133511,20:0.6637591326808879,21:0.4304676549253682,22:0.05568471270811981,23:0.09892483825858389,24:0.9196390620245113,25:0.11072069668946527,26:0.49007132019341726,27:0.7726429512424485,28:0.31848672135767264,29:0.6880867241701586,30:0.9994906674296063,31:0.6560009516823615,32:0.08266807740147397,33:0.447291789633416,34:0.04618310513004742,35:0.23190645352697037,36:0.9328720593689271,37:0.9016680063737802,38:0.15940222120291814,39:0.4059624315063476,40:0.9061694224474024} with alpha 14.0 and beta 79.0, percentage 14.285714285714285
The arm 22 has vector {0:0.5073298149232477,1:0.18402044436266862,2:0.4898747178102524,3:0.21805792763750453,4:0.8532268445458095,5:0.4738016313820729,6:0.44616186065227603,7:0.08353855588451609,8:0.44146305702214483,9:0.2837467782648053,10:0.29622018237209924,11:0.7743242183773122,12:0.8597517040805215,13:0.15305993623245218,14:0.12069862968049772,15:0.7599999243293478,16:0.0015367201363374328,17:0.5709192667562296,18:0.17572242429173446,19:0.821455557474981,20:0.27951188365444424,21:0.01905564740789878,22:0.19045763342599797,23:0.04179112128802076,24:0.9291610082521803,25:0.13674330021543768,26:0.8677875581172981,27:0.1789579046698665,28:0.8195711529710655,29:0.4049386694926935,30:0.22496286074993943,31:0.8663729565284624,32:0.1314146027287192,33:0.43291490977751523,34:0.54280044637287,35:0.6012700919949889,36:0.8151086608418607,37:0.6448997249904684,38:0.87451804979383,39:0.6589273050187235,40:0.47832271814485605} with alpha 18.0 and beta 102.0, percentage 14.40677966101695
The arm 23 has vector {0:0.6396049149666114,1:0.26174892404539407,2:0.5446360685231849,3:0.4414426703207769,4:0.3106024544419945,5:0.5205330585242065,6:0.22665283248073442,7:0.5815263840403343,8:0.5346545608802259,9:0.8056288532385013,10:0.04857726940963092,11:0.6212040026321235,12:0.9744822253900318,13:0.1358998085981873,14:0.5586753754557725,15:0.8334505063834245,16:0.008059918864645743,17:0.91537033800367,18:0.8648832357356663,19:0.3944530626961724,20:0.7933560874949832,21:0.7985620289670251,22:0.460073387014876,23:0.25494817695888194,24:0.7725987542833685,25:0.6573581182254109,26:0.32560905272339635,27:0.4535915651617134,28:0.20830641695582452,29:0.7274352022078543,30:0.4516886704061126,31:0.5655583374088979,32:0.6532489379336373,33:0.06807646187855076,34:0.5539880765813688,35:0.14494682548130866,36:0.17149402803029823,37:0.893096831233802,38:0.09613961799837578,39:0.18328458614065157,40:0.8840530263140215} with alpha 11.0 and beta 66.0, percentage 13.333333333333334
The arm 24 has vector {0:0.9587559776616238,1:0.604650361444551,2:0.464332697236034,3:0.6844598864290703,4:0.17974811302925975,5:0.21602986623680975,6:0.5710513151744082,7:0.8187888207332741,8:0.8327261346452085,9:0.6726382068192324,10:0.4849352334095888,11:0.9424832206073078,12:0.4782641342713607,13:0.561974465499972,14:0.010130630029948073,15:0.72747040183629,16:0.5872744666985436,17:0.04084212073924931,18:0.6352362315440487,19:0.830994713990699,20:0.5651512021094935,21:0.5217200483929865,22:0.033359712320818025,23:0.6777348621178078,24:0.10678030487075407,25:0.07634344796542847,26:0.019310030526143773,27:0.9571749109889152,28:0.3740434093885504,29:0.2166995856152113,30:0.8408182158824147,31:0.8911172900632075,32:0.3487429779077631,33:0.25654731361239047,34:0.049420042426040256,35:0.9731359996199426,36:0.13323403756326146,37:0.425152777605296,38:0.47973094282717854,39:0.6619555452198165,40:0.9769834864707629} with alpha 44.0 and beta 184.0, percentage 19.02654867256637
The arm 25 has vector {0:0.8023519853668862,1:0.34098659081021165,2:0.9187978092998582,3:0.565609197064422,4:0.6400115736646631,5:0.7472548837520772,6:0.23249127437853034,7:0.5331162483007159,8:0.4100153720326861,9:0.40284747140379606,10:0.23084384786120593,11:0.7956004079038025,12:0.9778813921561311,13:0.9522955947839443,14:0.5051348179786151,15:0.6698758277932675,16:0.117699562791439,17:0.6080852830013682,18:0.26357052518218116,19:0.08994870590282544,20:0.29239928563732986,21:0.3571089255487856,22:0.20277894415443898,23:0.017752824254987365,24:0.5308964231204143,25:0.051169985227510595,26:0.763326681064149,27:0.9606138903382437,28:0.37026659570438536,29:0.44246758764903515,30:0.24825302380638015,31:0.8976637084310263,32:0.8515635210327424,33:0.19317507626915376,34:0.3632238572360662,35:0.28630190755275364,36:0.6761076730718428,37:0.7828001208760266,38:0.5798718325584167,39:0.7469942210545574,40:0.02646713384044941} with alpha 3.0 and beta 35.0, percentage 5.555555555555555
The arm 26 has vector {0:0.919603117103351,1:0.9624443763181431,2:0.6422928191849793,3:0.12003191255650325,4:0.5358274652659605,5:0.6896556685032791,6:0.512595730534053,7:0.6073685652726812,8:0.4583081506301897,9:0.18772294220818286,10:0.7524735523587938,11:0.9246658949440988,12:0.3592191671300995,13:0.23056954965206689,14:0.6929476356792849,15:0.12379414876385142,16:0.13102080821533346,17:0.8668312975050384,18:0.7381061202751352,19:0.43514222921332,20:0.5281095447170153,21:0.7000683320256953,22:0.656203187865641,23:0.8886902227088885,24:0.8965445980006324,25:0.14146806892843145,26:0.9886882498611871,27:0.19684806477080308,28:0.5888614348370527,29:0.1253807563269581,30:0.1866871127440538,31:0.24351775350341198,32:0.8741759162023581,33:0.5759426573930387,34:0.8901337136397541,35:0.7451608565308011,36:0.7914043709048263,37:0.20510483229154697,38:0.4914712107765501,39:0.35920529760968956,40:0.6392112925708868} with alpha 1.0 and beta 22.0, percentage 0.0
The arm 27 has vector {0:0.12855388580727334,1:0.4907346673122136,2:0.6816232303902252,3:0.9890221058660706,4:0.26600543864967197,5:0.6017996464342841,6:0.4290797186814529,7:0.5742324846251133,8:0.10929538694003782,9:0.5823078593275116,10:0.08563116246066682,11:0.18717030331925677,12:0.9191820744383763,13:0.19921550581939096,14:0.738339600858286,15:0.3566432899667584,16:0.8173289533343405,17:0.3605370230952667,18:0.37718298733241307,19:0.3347183214194449,20:0.49548596510814924,21:0.8742263813638157,22:0.3569400588244557,23:0.4553612064977117,24:0.009720490757768041,25:0.904621958270623,26:0.5574901952695998,27:0.2314774309475347,28:0.1905913848629318,29:0.05315814500073324,30:0.8697983484515728,31:0.42675764212905254,32:0.31303760325695373,33:0.4636970848272961,34:0.9854120468786509,35:0.8181773633693302,36:0.7549946376800757,37:0.8620656333760962,38:0.8481556287314095,39:0.768685782667503,40:0.5318525959148206} with alpha 2.0 and beta 30.0, percentage 3.3333333333333335
The arm 28 has vector {0:0.692700932456391,1:0.8892130917867926,2:0.4697976424187309,3:0.9522590028938471,4:0.7154751332991289,5:0.9982928586627949,6:0.41662806568014,7:0.949456353180372,8:0.5934891673650384,9:0.9585915654860868,10:0.18924801612937225,11:0.27140403983824946,12:0.38652702351842383,13:0.8911113219904384,14:0.31864339672897113,15:0.5730958931682355,16:0.7696748584845372,17:0.28545683835492486,18:0.40190178673752563,19:0.49941975570322006,20:0.9963439431904304,21:0.31836038402294764,22:0.05356883594269901,23:0.6091611887120317,24:0.5048797751794158,25:0.5653841634602523,26:0.6036745958701603,27:0.6245148177508729,28:0.6268648412352791,29:0.6057994670526501,30:0.03674403820794003,31:0.9097902619851576,32:0.969637152016938,33:0.34290949528987413,34:0.429867449621421,35:0.7320773526518811,36:0.3372228929368658,37:0.6444942587750864,38:0.26149228685381676,39:0.5823887013691483,40:0.6910567853135665} with alpha 2.0 and beta 31.0, percentage 3.225806451612903
The arm 29 has vector {0:0.23693372065330476,1:0.18294304924794058,2:0.8239716970619855,3:0.7557574428460027,4:0.6430332494589891,5:0.6659327094617269,6:0.32184793696558356,7:0.4729733590603149,8:0.23892289506566033,9:0.6727250781867243,10:0.7378513697333233,11:0.5067542022217486,12:0.1139797023508029,13:0.013872431205019908,14:0.41308383157800665,15:0.45254563821759675,16:0.5116879345224545,17:0.1500615521473524,18:0.8214402031315693,19:0.6450149273123436,20:0.29899801463825915,21:0.09668170523146402,22:0.895041962946991,23:0.021139174226649904,24:0.7662564237178799,25:0.28246741163490297,26:0.36482228961729224,27:0.19385333248672088,28:0.25475116055868785,29:0.3387552232496739,30:0.24953844403152037,31:0.21772254349409492,32:0.2618820160447545,33:0.7490013411238138,34:0.19187976530740203,35:0.8914329642338165,36:0.15488066394239097,37:0.8979793800082553,38:0.7669022851472617,39:0.3511836851974488,40:0.2693349748870303} with alpha 4.0 and beta 42.0, percentage 6.8181818181818175
The arm 30 has vector {0:0.26558931777465644,1:0.9123679751113711,2:0.3799010366470734,3:0.39095895279641346,4:0.75510061112823,5:0.6505969143588931,6:0.11914940545804087,7:0.43955030485998714,8:0.587188018990961,9:6.19184275228668E-4,10:0.20603291036577875,11:0.45484942286547436,12:0.22444462570903534,13:0.8257465886096714,14:0.29693292679301053,15:0.9017521071948779,16:0.5865320043631624,17:0.15961070551642842,18:0.6692692150886601,19:0.6382370747008577,20:0.8277162477081756,21:0.26859456264007076,22:0.028312018409214268,23:0.3882686295712964,24:0.180982205379418,25:0.7335706456796753,26:0.548146784942436,27:0.7152110686716294,28:0.9153048584933099,29:0.734715983750078,30:0.6923749359768847,31:0.3601392000089956,32:0.07667231767968696,33:0.3271364603191602,34:0.9957114187054282,35:0.4685232109297659,36:0.05781344353451956,37:0.36819473834425775,38:0.9673778567452719,39:0.8303985211151672,40:0.8922209247471848} with alpha 1.0 and beta 26.0, percentage 0.0
The arm 31 has vector {0:0.41072457660489614,1:0.46416538035973454,2:0.9122362476017967,3:0.8213825893111918,4:0.4294273516522913,5:0.72167011839261,6:0.5630418735153714,7:0.09206535450300257,8:0.8536966038505487,9:0.21274746634888475,10:0.5485927509580902,11:0.44340585494529683,12:0.6831935115443099,13:0.6894855738926083,14:0.15102858425485877,15:0.4128510983373177,16:0.9433271943911676,17:0.6395496328994071,18:0.4969011646301271,19:0.030460712343963414,20:0.11567113579271515,21:0.4327139703745724,22:0.7042356818165466,23:0.24748188003642924,24:0.8844882378712008,25:0.4069869056295353,26:0.9047543140805933,27:0.09345291883343532,28:0.14319288535701657,29:0.4578633103700437,30:0.8282051186728765,31:0.2390492182183459,32:0.5456917043886509,33:0.9574583411982321,34:0.943818668957016,35:0.9560329787332789,36:0.4660452347558033,37:0.2425845685902276,38:0.5140360996716843,39:0.14725086422754252,40:0.5935961030458999} with alpha 3.0 and beta 31.0, percentage 6.25
The arm 32 has vector {0:0.41855175311550075,1:0.05572948284529833,2:0.3950153574332934,3:0.9673038763011157,4:0.46660487081832847,5:0.2652488503532484,6:0.08967878247144012,7:0.9571527539229834,8:0.09274211330154825,9:0.9586526933555433,10:0.1814059065142929,11:0.9838375460579788,12:0.8161416102191877,13:0.20920102770308546,14:0.953938005373308,15:0.2510740233361435,16:0.46688361481101925,17:0.07500346135573743,18:0.6933872629081362,19:0.2019579468555226,20:0.4468080391828435,21:0.1479574000667867,22:0.7854314108165141,23:0.44790670239388686,24:0.7946035466111403,25:0.16591997493936494,26:0.20096483834479673,27:0.9119184365438895,28:0.831481304497495,29:0.9869171050883292,30:0.972168316045189,31:0.8314421139423959,32:0.4098414121012003,33:0.32551297636442067,34:0.556307021195651,35:0.12137593444211137,36:0.4381131582497577,37:0.005044571255731767,38:0.8468194102737656,39:0.05938275105538959,40:0.09935466759045819} with alpha 27.0 and beta 132.0, percentage 16.560509554140125
The arm 33 has vector {0:0.4578679397979921,1:0.2644993623743629,2:0.07592339758430289,3:0.4199558647767637,4:0.6706172634530698,5:0.12550820992844014,6:0.5029034197712565,7:0.388448344894052,8:0.9788772329039745,9:0.8762941166271329,10:0.2951113115760138,11:0.7001837372151554,12:0.903694652960046,13:0.9022112575239736,14:0.014175035456761131,15:0.5180939051583976,16:0.25606708864142924,17:0.5440875625308339,18:0.333735525130176,19:0.4772014559638572,20:0.20085004912618543,21:0.056992816431715276,22:0.4576000025577739,23:0.4864692590185391,24:0.15406838341040563,25:0.18169701354639312,26:0.9200413133365329,27:0.8257872003714203,28:0.6713770822881628,29:0.4023597826668709,30:0.38404025887287196,31:0.4813994144729389,32:0.7095066405968349,33:0.8532105233848679,34:0.8611557979460045,35:0.23113590837448783,36:0.876739498182333,37:0.6153974934380992,38:0.76758622897072,39:0.3800225806525064,40:0.23759595104254905} with alpha 101.0 and beta 386.0, percentage 20.618556701030926
The arm 34 has vector {0:0.9476948439018502,1:0.33468329789921225,2:0.9507518145086595,3:0.13450668090239504,4:0.08276027172528433,5:0.3387011376561747,6:0.44344029765536475,7:0.16456549810187815,8:0.17382679393175826,9:0.32960599816039127,10:0.9127345435265021,11:0.20917037806422978,12:0.997678909677306,13:0.9216987373440928,14:0.16338942449201477,15:0.21482413665220512,16:0.15860134774726908,17:0.9624815953077178,18:0.10516129936906227,19:0.1309550205839477,20:0.01798779161733255,21:0.4996230874906863,22:0.1759725895187454,23:0.8699079731218329,24:0.3406006940372891,25:0.3556161113371611,26:0.6710737139059381,27:0.46746101551470054,28:0.8517331374937271,29:0.9315414525508188,30:0.339508029764359,31:0.06385456227765063,32:0.3007940638149049,33:0.9982649599396837,34:0.6284388831435417,35:0.5808497074215393,36:0.03784254612433546,37:0.9699594873603369,38:0.5364037676799278,39:0.475153786603392,40:0.033740972049243645} with alpha 12.0 and beta 69.0, percentage 13.924050632911392
The arm 35 has vector {0:0.6045467787997821,1:0.8515357900770166,2:0.12337786107817195,3:0.08536656227671491,4:0.45977740656362387,5:0.3573139989327083,6:0.07596230916851188,7:0.1477518497876622,8:0.19906884236103473,9:0.5751331982866457,10:0.7509360948372126,11:0.7713815374920286,12:0.40631109096582796,13:0.8535376567704493,14:0.823316762924347,15:0.8253863212290238,16:0.10209984236105862,17:0.2125906881417866,18:0.9671746357914843,19:0.6677664019698474,20:0.03237668091174439,21:0.33216113505369205,22:0.4097407814835615,23:0.07390742001737816,24:0.4875440554253979,25:0.7538506071268922,26:0.4629815297717931,27:0.38660723992236135,28:0.30032532364207654,29:0.3460813779657025,30:0.27668598530334787,31:0.5418634203022232,32:0.9959604934932609,33:0.494192737630921,34:0.46384426607564344,35:0.3816704381298306,36:0.9506914486841046,37:0.019108669048913174,38:0.7123736759702949,39:0.09937770993569484,40:0.5218657157155203} with alpha 2.0 and beta 27.0, percentage 3.7037037037037033
The arm 36 has vector {0:0.2904094686896018,1:0.13003696547723598,2:0.3833572944687025,3:0.38134792855757804,4:0.007838648134166903,5:0.007876736922449168,6:0.767641504121108,7:0.2500469500660627,8:0.20851163087148072,9:0.38253917777918034,10:0.9334081326093985,11:0.1369382391885271,12:0.9362075817830952,13:0.4378249057092032,14:0.6459275555205982,15:0.862528736318812,16:0.02338063561863979,17:0.4185201428738182,18:0.6819926900592224,19:0.6043549709887036,20:0.3159894477465577,21:0.14754713662947105,22:0.2813467622709894,23:0.09628614452358975,24:0.1172353932694864,25:0.059556510031396726,26:0.8621885248925114,27:0.4892822317821013,28:0.4903203376744204,29:0.37992651929938004,30:0.21333922710516662,31:0.044067611358165504,32:0.734910547832844,33:0.34457522228549353,34:0.04146791120206206,35:0.9953891479520621,36:0.6858556478472678,37:0.404546502937535,38:0.4377129549770846,39:0.8650578578300698,40:0.62150809385929} with alpha 119.0 and beta 441.0, percentage 21.14695340501792
The arm 37 has vector {0:0.8802720629159605,1:0.7666131591844787,2:0.957762914007731,3:0.3866131278760515,4:0.46983063243044687,5:0.30880075784730876,6:0.8556998293279621,7:0.5476547392032243,8:0.5374938566281313,9:0.17245046644604778,10:0.5825646685462674,11:0.4899528338847773,12:0.3729670429110723,13:0.3652614065702402,14:0.6880388222735446,15:0.09734062536188814,16:0.5734280733947498,17:0.03598542748206368,18:0.22118046828551818,19:0.36866324235213654,20:0.30520320743115925,21:0.5684106697035234,22:0.12454946109745368,23:0.17983783078282667,24:0.8522098746521385,25:0.842426950648767,26:0.7215022062874158,27:0.5497944029933037,28:0.12158837038440462,29:0.3680022014352252,30:0.7514900471822948,31:0.4604538978061292,32:0.3270650452831577,33:0.5905857772827031,34:0.9595177697247853,35:0.5072677827592428,36:0.35059177226024685,37:0.9229712088196065,38:0.36688431268593324,39:0.9017290383939,40:0.23554476344406672} with alpha 48.0 and beta 204.0, percentage 18.8
The arm 38 has vector {0:0.5520417415107222,1:0.9609615969056409,2:0.4561114003718677,3:0.40244477552523794,4:0.3163305987646299,5:0.5292844971731191,6:0.7171457215426468,7:0.8366321160224591,8:0.6385911495636064,9:0.7204297050947915,10:0.07270016568426807,11:0.7033391128080605,12:0.22827098795651535,13:0.474814900317059,14:0.90235237166748,15:0.2138548304724045,16:0.07622020052550571,17:0.6014354356134359,18:0.39609465468365945,19:0.8808511312416234,20:0.11156485783741543,21:0.12390647693965318,22:0.7477667138059542,23:0.11047563467951227,24:0.31594708342363265,25:0.13246581907984434,26:0.11477035661201973,27:0.7580921319447667,28:0.09540442690753737,29:0.1307242185853218,30:0.7241692265598217,31:0.6822399205420921,32:0.573990941720202,33:0.5635048318509934,34:0.25096090100972634,35:0.12087409878644506,36:0.7213960668382002,37:0.6355146441544799,38:0.31727895778227055,39:0.21822309402786844,40:0.7098083782432789} with alpha 21.0 and beta 111.0, percentage 15.384615384615385
The arm 39 has vector {0:0.06929862679565268,1:0.15140046569618526,2:0.5810187395290154,3:0.3133712204878496,4:0.06907780725316415,5:0.5902340422782034,6:0.22928357556218903,7:0.6496554651107126,8:0.6818402172571699,9:0.14121965431165773,10:0.055185611412531865,11:0.2012228967158578,12:0.4555489447671365,13:0.4839274130204222,14:0.39233623021943187,15:0.5516230584320648,16:0.7058811419579759,17:0.4695173433094899,18:0.5492598253493004,19:0.45197389586939485,20:0.7261912923457607,21:0.7454540602998908,22:0.5022754446003846,23:0.2679081583989381,24:0.02453086067981103,25:0.6354803291990216,26:0.23751431340201534,27:0.2737391198557916,28:0.3360126030720171,29:0.5488361036828702,30:0.9178243549438688,31:0.8923567337035593,32:0.24131679759176494,33:0.9983268866949202,34:0.44822580482742347,35:0.8847296455496554,36:0.9606597543077081,37:0.5044387764790836,38:0.3751549244355957,39:0.7922245824128074,40:0.6222021759105233} with alpha 9.0 and beta 66.0, percentage 10.95890410958904
The arm 40 has vector {0:0.47549174787741255,1:0.7461474357212927,2:0.5575785844093412,3:0.4838435803369957,4:0.5107030911123938,5:0.7947481876743904,6:0.8926983265779015,7:0.7638828932961784,8:0.5075502888500908,9:0.6789490845004741,10:0.8172623238324958,11:0.9875712739022366,12:0.4827559049371912,13:0.8789214296918412,14:0.48513463645216004,15:0.3214677445929086,16:0.5049648847763489,17:0.2600410995924979,18:0.3858994278287431,19:0.12045617462289138,20:0.45952809373567083,21:0.13917947473537284,22:0.5149490234556614,23:0.16711617971008075,24:0.013748360366377166,25:0.539611713035499,26:0.49778608930840074,27:0.7343323569593643,28:0.10814916802357433,29:0.06117391704668873,30:0.06607285807175756,31:0.22949757948738625,32:0.9475593123180154,33:0.7010201286131328,34:0.8283979298956924,35:0.7013486685411294,36:0.9914669560264839,37:0.4073754119668357,38:0.9965281729743275,39:0.12455371474850885,40:0.1502481818733753} with alpha 2.0 and beta 29.0, percentage 3.4482758620689653
The arm 41 has vector {0:0.2329744635173543,1:0.7502626113508278,2:0.11162748514093856,3:0.9586362966999569,4:0.3055673919467028,5:0.5692228758498904,6:0.4769540768550792,7:0.955691837345405,8:0.2613179688773517,9:0.7726456807647283,10:0.15224616799423019,11:0.9785811281171717,12:0.19685381918140665,13:0.015094417792635428,14:0.12312621716681116,15:0.4807104927013093,16:0.7661204167040628,17:0.9569731612979283,18:0.9439961769935752,19:0.041410324543323496,20:0.44346599216279603,21:0.8612571189246587,22:0.9568666565397588,23:0.9223031076412509,24:0.19229938768248755,25:0.78163336166026,26:0.7108595772209629,27:0.3881374154600371,28:0.9862006530584825,29:0.04396260774176597,30:0.7772603983055926,31:0.8997976285782262,32:0.13323349386085437,33:0.8492253696489928,34:0.21198078854565783,35:0.12347299572830328,36:0.543123494637219,37:0.11320760773850114,38:0.12432419160547603,39:0.17119934368289824,40:0.4232184677192852} with alpha 27.0 and beta 122.0, percentage 17.687074829931973
The arm 42 has vector {0:0.4629059896030544,1:0.5771022093118107,2:0.19769847871639035,3:0.38167314470069813,4:0.24695988482132702,5:0.4711027711936948,6:0.2849271066164416,7:0.8285635336202111,8:0.8495412212663376,9:0.2929665085029719,10:0.8212409620400258,11:0.49889381743664085,12:0.9157648143103094,13:0.1710485162542723,14:0.5238376364665298,15:0.03751773554382132,16:0.0030452014228117275,17:0.20527279790309805,18:0.9686775444398625,19:0.3391859838835859,20:0.3250042475223436,21:0.8010155389697236,22:0.7391684907396114,23:0.2514885146796795,24:0.8843369304757764,25:0.9303767480982857,26:0.5618473602182363,27:0.11816477544075876,28:0.8228938310065896,29:0.2844524612089001,30:0.10720928687498887,31:0.5762174312371596,32:0.35192532008967947,33:0.0903592191916801,34:0.44742141504248667,35:0.7575404110772208,36:0.88892992027413,37:0.419013112715914,38:0.8558574970600122,39:0.49804902837770526,40:0.4699985138867001} with alpha 21.0 and beta 104.0, percentage 16.260162601626014
The arm 43 has vector {0:0.617003906262398,1:0.8184739030673778,2:0.6929560669221296,3:0.35130668505094553,4:0.16566857869123763,5:0.9003537570478591,6:0.5429028219844751,7:0.36419532859217474,8:0.435738857569423,9:0.38200238068024506,10:0.4343082805931572,11:0.006818069799725102,12:0.9662696677807998,13:0.5625151268200612,14:0.8528281759889296,15:0.4418715461601712,16:0.8417586329355327,17:0.4955160285512772,18:0.5748512634405125,19:0.2223071450709535,20:0.5289786603849325,21:0.4658448611788788,22:0.691545644544517,23:0.33550191954175324,24:0.757538561743368,25:0.33606677805067775,26:0.7594602169024046,27:0.8523883554817344,28:0.5403674437956129,29:0.7553872399819956,30:0.958417739250402,31:0.8102441305693434,32:0.8073460877224314,33:0.638364673020177,34:0.4355925399949665,35:0.7202697408548971,36:0.1626737359166296,37:0.8896292192377359,38:0.5825739327635108,39:0.34932369364907456,40:0.7552659389232016} with alpha 1.0 and beta 26.0, percentage 0.0
The arm 44 has vector {0:0.5533153623105804,1:0.7465786114113148,2:0.3019453046420405,3:0.28478362686359426,4:0.3815515558254965,5:0.7666024511467123,6:0.4716156918725358,7:0.6025379603214319,8:0.7579147296201598,9:0.9940313369787062,10:0.39391004288290565,11:0.14138120007103283,12:0.7977659457974224,13:0.5137578272829254,14:0.9316313456238247,15:0.6638597118748564,16:0.03961611936504006,17:0.40757710519071355,18:0.44688475973997377,19:0.8530450785709482,20:0.30871288996600466,21:0.2675394472813043,22:0.880864768439738,23:0.9211128145787741,24:0.1341781393211282,25:0.8455944139857072,26:0.696916522032597,27:0.5650393902055475,28:0.051621275432549796,29:0.12508358905809247,30:0.8903054182777369,31:0.8995685517366919,32:0.304316322468957,33:0.6900184433236157,34:0.8152598252527303,35:0.16248175000221687,36:0.6537912712685549,37:0.7337462629903008,38:0.4380176672838425,39:0.5667166001034644,40:0.9374951062982121} with alpha 1.0 and beta 22.0, percentage 0.0
The arm 45 has vector {0:0.8423169161379511,1:0.8428415468327016,2:0.42105867662111784,3:0.26711127405528023,4:0.8774945074375627,5:0.6624787883672846,6:0.5216986020873094,7:0.6612549049022154,8:0.6254279224751208,9:0.2751747500190298,10:0.10730581391404781,11:0.36622260234344095,12:0.38370644988523417,13:0.3770306570665011,14:0.07877004709612112,15:0.3786576204182197,16:0.35609312189798026,17:0.3940705839670423,18:0.4102852425345721,19:0.03330540858458164,20:0.047649896407150116,21:0.4013026263648912,22:0.7820018022099292,23:0.2809403635877704,24:0.3635966820398856,25:0.374239449140221,26:0.9348781936201316,27:0.6350701936681891,28:0.4965639414152023,29:0.4715283199348257,30:0.5753986227576104,31:0.7135377192177592,32:0.7525850753783567,33:0.42644997952302266,34:0.6752130365225862,35:0.5023482236973104,36:0.9558676951855739,37:0.3862304033061609,38:0.3250174811853669,39:0.6787740386097639,40:0.5851144357790623} with alpha 3.0 and beta 37.0, percentage 5.263157894736842
The arm 46 has vector {0:0.506939098091417,1:0.515082312308605,2:0.1985437423352927,3:0.14922535119857405,4:0.6080529881207641,5:0.36108083188051776,6:0.11386017595338438,7:0.7312231185253306,8:0.17189569807154248,9:0.6340020905424957,10:0.9453951531682716,11:0.5452929936453377,12:0.28742060044547857,13:0.3976179011334764,14:0.8043773783122349,15:0.8139197802088157,16:0.7180171527988493,17:0.2975747358900298,18:0.5784769245530836,19:0.9356632980509763,20:0.5844895064934732,21:0.2521804445482615,22:0.10789999919476245,23:0.3858480690629744,24:0.48059721428600877,25:0.42484202315789554,26:0.5076318437928629,27:0.5740362576968487,28:0.7169211018620723,29:0.052308595078277675,30:0.7418131664973973,31:0.6272186767085428,32:0.1860104206894153,33:0.7987865389173717,34:0.2394400378031486,35:0.7035671875093772,36:0.707069824083979,37:0.40539748468937065,38:0.8945538643977113,39:0.4658213898081066,40:0.44440600197937974} with alpha 16.0 and beta 85.0, percentage 15.151515151515152
The arm 47 has vector {0:0.751228672099824,1:0.8904996281969942,2:0.45504514717675204,3:0.6935285929663332,4:0.3754299187041239,5:0.21624270700170656,6:0.3740605204678228,7:0.8593765115811085,8:0.8695727776134109,9:0.7114585919233695,10:0.4458427469279398,11:0.2155598253121902,12:0.9931177058030746,13:0.5754845069558985,14:0.9781613422560647,15:0.3067808577714559,16:0.6043379779291611,17:0.12809396119849192,18:0.16610835553755499,19:0.19670503220302604,20:0.6751013541685081,21:0.031282387374693355,22:0.8969632567200582,23:0.9824828224439085,24:0.15489096247786005,25:0.1478549862734322,26:0.7044530020607391,27:0.01649859239236995,28:0.013082583422317273,29:0.6820953666995684,30:0.19749750598497262,31:0.6051621771461781,32:0.8286020823411366,33:0.6991594605416108,34:0.17283201258683922,35:0.5486561553655932,36:0.7418155176317291,37:0.5912528034722045,38:0.6450177883849617,39:0.9247502159879701,40:0.6968468586417872} with alpha 184.0 and beta 640.0, percentage 22.26277372262774
The arm 48 has vector {0:0.5901705086236972,1:0.6952171848859119,2:0.9205338368445456,3:0.2034040610675888,4:0.77118408399518,5:0.08803663096857017,6:0.07311838536016158,7:0.19735004166478431,8:0.9551277327764848,9:0.9354802343799571,10:0.9473490374085741,11:0.02585652126398552,12:0.6536604792708113,13:0.08814415311653057,14:0.3175407439897584,15:0.6897518835712583,16:0.46931292792536117,17:0.4706488531042049,18:0.12082507398855158,19:0.9785518861405317,20:0.6422156498058731,21:0.8431989763251343,22:0.45078887192328954,23:0.539999010639363,24:0.822021256918549,25:0.8421975800284057,26:0.7533739197415315,27:0.765338549646257,28:0.6242415539597623,29:0.009954560678371527,30:0.09469338840527519,31:0.23801008366505405,32:0.13579265902339566,33:0.29821761650901335,34:0.9900595664219438,35:0.8061371180061421,36:0.8506160505341683,37:0.863644780004594,38:0.8238059781179414,39:0.13768475314515105,40:0.9966077282240584} with alpha 9.0 and beta 63.0, percentage 11.428571428571429
The arm 49 has vector {0:0.8792793216825121,1:0.15812513597621036,2:0.9598931963409574,3:0.43431836894072573,4:0.19253577511053965,5:0.9748943829358381,6:0.04313233311510534,7:0.8083135921404545,8:0.5372672076150623,9:0.42703048960098844,10:0.6661764777102227,11:0.2560798919491857,12:0.7238317854370966,13:0.7931049078959747,14:0.19908457302036353,15:0.06995047935065735,16:0.25489616031203366,17:0.940209704305009,18:0.043424747463827296,19:0.8348129304811062,20:0.83416537959888,21:0.37506838189512404,22:0.20325877813837145,23:0.5494345094720291,24:0.8558423920527656,25:0.8999244797747117,26:0.6461844193978328,27:0.18475583444507848,28:0.017706941948233967,29:0.10407774672586256,30:0.827546809808236,31:0.25640366070225185,32:0.9417230306135074,33:0.9579140946361545,34:0.3574604993547922,35:0.5248201184802125,36:0.028496704420973074,37:0.7044948103186471,38:0.1562645762153314,39:0.7097154543108475,40:0.46248566928007706} with alpha 3.0 and beta 29.0, percentage 6.666666666666667
The best arm is 0 with vector {0:0.18959080141545592,1:0.7765422556823661,2:0.21824338982471714,3:0.1835851686591966,4:0.9745272645201755,5:0.35660544920505344,6:0.19009724563116193,7:0.9607951736422439,8:0.517316314853996,9:0.7203553499604286,10:0.9693671099857628,11:0.4219062149641355,12:0.17438626998641515,13:0.5222964193609259,14:0.2873179653620318,15:0.028470223524321492,16:0.2582116751799254,17:0.37428368118839317,18:0.639427821473655,19:0.4725830768175755,20:0.25175944105395875,21:0.2476555234054192,22:0.8019898829175655,23:0.6999764594058066,24:0.28195384161607184,25:0.8452645423190307,26:0.1356955410421553,27:0.09627137996303237,28:0.45855696008517344,29:0.5749817783282223,30:0.33634833062076175,31:0.4858943613123573,32:0.5135353626690986,33:0.3385891481970128,34:0.6456794008950029,35:0.8456688379354962,36:0.39370173090477056,37:0.6191899549314349,38:0.7594737392551244,39:0.9888829410653357,40:0.8045685173350324} with alpha 87.0 and beta 256.0, percentage 25.219941348973606
The right guesses are: 1019 which means 16.983333333333334% correct
Done
The current arm is 0 with vector {0:0.18959080141545592,1:0.7765422556823661,2:0.21824338982471714,3:0.1835851686591966,4:0.9745272645201755,5:0.35660544920505344,6:0.19009724563116193,7:0.9607951736422439,8:0.517316314853996,9:0.7203553499604286,10:0.9693671099857628,11:0.4219062149641355,12:0.17438626998641515,13:0.5222964193609259,14:0.2873179653620318,15:0.028470223524321492,16:0.2582116751799254,17:0.37428368118839317,18:0.639427821473655,19:0.4725830768175755,20:0.25175944105395875,21:0.2476555234054192,22:0.8019898829175655,23:0.6999764594058066,24:0.28195384161607184,25:0.8452645423190307,26:0.1356955410421553,27:0.09627137996303237,28:0.45855696008517344,29:0.5749817783282223,30:0.33634833062076175,31:0.4858943613123573,32:0.5135353626690986,33:0.3385891481970128,34:0.6456794008950029,35:0.8456688379354962,36:0.39370173090477056,37:0.6191899549314349,38:0.7594737392551244,39:0.9888829410653357,40:0.8045685173350324} with alpha 113.0 and beta 551.0
The order information:
Date: 2012-05-09T17:07:05.000+02:00
It predicted these items for order 1778911 :
   31560 with score of 2.3180212253993235
   752 with score of 1.6736394034316855
   27900 with score of 1.597783800884115
   748 with score of 1.5558197417373678
   1693 with score of 1.5207235151406848
   13688 with score of 1.5207235151406848
   21769 with score of 1.5207235151406848
   25013 with score of 1.5207235151406848
   31278 with score of 1.5207235151406848
   31553 with score of 1.459511567439772
These are the actual items bought: 
   11832
   30233
The current arm is 0 with vector {0:0.18959080141545592,1:0.7765422556823661,2:0.21824338982471714,3:0.1835851686591966,4:0.9745272645201755,5:0.35660544920505344,6:0.19009724563116193,7:0.9607951736422439,8:0.517316314853996,9:0.7203553499604286,10:0.9693671099857628,11:0.4219062149641355,12:0.17438626998641515,13:0.5222964193609259,14:0.2873179653620318,15:0.028470223524321492,16:0.2582116751799254,17:0.37428368118839317,18:0.639427821473655,19:0.4725830768175755,20:0.25175944105395875,21:0.2476555234054192,22:0.8019898829175655,23:0.6999764594058066,24:0.28195384161607184,25:0.8452645423190307,26:0.1356955410421553,27:0.09627137996303237,28:0.45855696008517344,29:0.5749817783282223,30:0.33634833062076175,31:0.4858943613123573,32:0.5135353626690986,33:0.3385891481970128,34:0.6456794008950029,35:0.8456688379354962,36:0.39370173090477056,37:0.6191899549314349,38:0.7594737392551244,39:0.9888829410653357,40:0.8045685173350324} with alpha 278.0 and beta 1386.0
The order information:
Date: 2012-05-10T17:54:43.000+02:00
It predicted these items for order 1779917 :
   31560 with score of 1.5240683893480584
   5003 with score of 1.2212619952835002
   31290 with score of 1.0476863328084542
   31871 with score of 1.0476863328084542
   31774 with score of 1.0445983896666131
   23390 with score of 1.0234264792550614
   9441 with score of 0.9903784612027352
   31711 with score of 0.9895440613673236
   24194 with score of 0.9864859236756716
   27109 with score of 0.9864859236756716
These are the actual items bought: 
   30342
   23374
   32289
The current arm is 0 with vector {0:0.18959080141545592,1:0.7765422556823661,2:0.21824338982471714,3:0.1835851686591966,4:0.9745272645201755,5:0.35660544920505344,6:0.19009724563116193,7:0.9607951736422439,8:0.517316314853996,9:0.7203553499604286,10:0.9693671099857628,11:0.4219062149641355,12:0.17438626998641515,13:0.5222964193609259,14:0.2873179653620318,15:0.028470223524321492,16:0.2582116751799254,17:0.37428368118839317,18:0.639427821473655,19:0.4725830768175755,20:0.25175944105395875,21:0.2476555234054192,22:0.8019898829175655,23:0.6999764594058066,24:0.28195384161607184,25:0.8452645423190307,26:0.1356955410421553,27:0.09627137996303237,28:0.45855696008517344,29:0.5749817783282223,30:0.33634833062076175,31:0.4858943613123573,32:0.5135353626690986,33:0.3385891481970128,34:0.6456794008950029,35:0.8456688379354962,36:0.39370173090477056,37:0.6191899549314349,38:0.7594737392551244,39:0.9888829410653357,40:0.8045685173350324} with alpha 436.0 and beta 2228.0
The order information:
Date: 2012-05-11T22:39:32.000+02:00
It predicted these items for order 1780921 :
   31560 with score of 1.5235154726603646
   752 with score of 0.9407354880702767
   748 with score of 0.88693476849807
   27900 with score of 0.7894703757059488
   20430 with score of 0.7680483761998074
   21714 with score of 0.7391908656319249
   32354 with score of 0.7315734938969807
   23218 with score of 0.730713325364713
   30664 with score of 0.730713325364713
   30678 with score of 0.730713325364713
These are the actual items bought: 
   31776
The current arm is 0 with vector {0:0.18959080141545592,1:0.7765422556823661,2:0.21824338982471714,3:0.1835851686591966,4:0.9745272645201755,5:0.35660544920505344,6:0.19009724563116193,7:0.9607951736422439,8:0.517316314853996,9:0.7203553499604286,10:0.9693671099857628,11:0.4219062149641355,12:0.17438626998641515,13:0.5222964193609259,14:0.2873179653620318,15:0.028470223524321492,16:0.2582116751799254,17:0.37428368118839317,18:0.639427821473655,19:0.4725830768175755,20:0.25175944105395875,21:0.2476555234054192,22:0.8019898829175655,23:0.6999764594058066,24:0.28195384161607184,25:0.8452645423190307,26:0.1356955410421553,27:0.09627137996303237,28:0.45855696008517344,29:0.5749817783282223,30:0.33634833062076175,31:0.4858943613123573,32:0.5135353626690986,33:0.3385891481970128,34:0.6456794008950029,35:0.8456688379354962,36:0.39370173090477056,37:0.6191899549314349,38:0.7594737392551244,39:0.9888829410653357,40:0.8045685173350324} with alpha 600.0 and beta 3064.0
The order information:
Date: 2012-05-13T15:53:25.000+02:00
It predicted these items for order 1781930 :
   31560 with score of 1.5229038046346006
   27900 with score of 1.2655055212565594
   31865 with score of 1.2129163493810375
   31634 with score of 1.2119458492056414
   31854 with score of 1.2119458492056414
   21252 with score of 1.2109753490302453
   31845 with score of 1.1971664684424472
   29011 with score of 1.1404641952299102
   31513 with score of 1.1008413675404598
   31728 with score of 1.0748464111505314
These are the actual items bought: 
   2084
   29003
   31950
   20990
   31940
   30573
   20678
   30195
   25363
   27900
The current arm is 0 with vector {0:0.18959080141545592,1:0.7765422556823661,2:0.21824338982471714,3:0.1835851686591966,4:0.9745272645201755,5:0.35660544920505344,6:0.19009724563116193,7:0.9607951736422439,8:0.517316314853996,9:0.7203553499604286,10:0.9693671099857628,11:0.4219062149641355,12:0.17438626998641515,13:0.5222964193609259,14:0.2873179653620318,15:0.028470223524321492,16:0.2582116751799254,17:0.37428368118839317,18:0.639427821473655,19:0.4725830768175755,20:0.25175944105395875,21:0.2476555234054192,22:0.8019898829175655,23:0.6999764594058066,24:0.28195384161607184,25:0.8452645423190307,26:0.1356955410421553,27:0.09627137996303237,28:0.45855696008517344,29:0.5749817783282223,30:0.33634833062076175,31:0.4858943613123573,32:0.5135353626690986,33:0.3385891481970128,34:0.6456794008950029,35:0.8456688379354962,36:0.39370173090477056,37:0.6191899549314349,38:0.7594737392551244,39:0.9888829410653357,40:0.8045685173350324} with alpha 774.0 and beta 3890.0
The order information:
Date: 2012-05-14T16:46:54.000+02:00
It predicted these items for order 1782931 :
   31560 with score of 1.509851171285692
   748 with score of 1.0321561940574102
   752 with score of 0.9774737991173797
   21714 with score of 0.7938844980214933
   5003 with score of 0.7929998948724428
   20430 with score of 0.7927938377198391
   27900 with score of 0.775437020143938
   27576 with score of 0.7687082812987704
   21671 with score of 0.7454329496135722
   29669 with score of 0.7366237178964028
These are the actual items bought: 
   32564
The current arm is 0 with vector {0:0.18959080141545592,1:0.7765422556823661,2:0.21824338982471714,3:0.1835851686591966,4:0.9745272645201755,5:0.35660544920505344,6:0.19009724563116193,7:0.9607951736422439,8:0.517316314853996,9:0.7203553499604286,10:0.9693671099857628,11:0.4219062149641355,12:0.17438626998641515,13:0.5222964193609259,14:0.2873179653620318,15:0.028470223524321492,16:0.2582116751799254,17:0.37428368118839317,18:0.639427821473655,19:0.4725830768175755,20:0.25175944105395875,21:0.2476555234054192,22:0.8019898829175655,23:0.6999764594058066,24:0.28195384161607184,25:0.8452645423190307,26:0.1356955410421553,27:0.09627137996303237,28:0.45855696008517344,29:0.5749817783282223,30:0.33634833062076175,31:0.4858943613123573,32:0.5135353626690986,33:0.3385891481970128,34:0.6456794008950029,35:0.8456688379354962,36:0.39370173090477056,37:0.6191899549314349,38:0.7594737392551244,39:0.9888829410653357,40:0.8045685173350324} with alpha 928.0 and beta 4736.0
The order information:
Date: 2012-05-15T15:02:20.000+02:00
It predicted these items for order 1783936 :
   31560 with score of 1.4833609838407975
   748 with score of 1.051378231990494
   752 with score of 0.9391524092506103
   5003 with score of 0.7994192416963746
   27576 with score of 0.797168894702539
   21714 with score of 0.7918276502809491
   20430 with score of 0.775829748156978
   27900 with score of 0.7524438552341493
   21671 with score of 0.745066189958237
   31434 with score of 0.7365680653094695
These are the actual items bought: 
   12096
The arm 0 has vector {0:0.18959080141545592,1:0.7765422556823661,2:0.21824338982471714,3:0.1835851686591966,4:0.9745272645201755,5:0.35660544920505344,6:0.19009724563116193,7:0.9607951736422439,8:0.517316314853996,9:0.7203553499604286,10:0.9693671099857628,11:0.4219062149641355,12:0.17438626998641515,13:0.5222964193609259,14:0.2873179653620318,15:0.028470223524321492,16:0.2582116751799254,17:0.37428368118839317,18:0.639427821473655,19:0.4725830768175755,20:0.25175944105395875,21:0.2476555234054192,22:0.8019898829175655,23:0.6999764594058066,24:0.28195384161607184,25:0.8452645423190307,26:0.1356955410421553,27:0.09627137996303237,28:0.45855696008517344,29:0.5749817783282223,30:0.33634833062076175,31:0.4858943613123573,32:0.5135353626690986,33:0.3385891481970128,34:0.6456794008950029,35:0.8456688379354962,36:0.39370173090477056,37:0.6191899549314349,38:0.7594737392551244,39:0.9888829410653357,40:0.8045685173350324} with alpha 1017.0 and beta 4985.0, percentage 16.933333333333334
The best arm is 0 with vector {0:0.18959080141545592,1:0.7765422556823661,2:0.21824338982471714,3:0.1835851686591966,4:0.9745272645201755,5:0.35660544920505344,6:0.19009724563116193,7:0.9607951736422439,8:0.517316314853996,9:0.7203553499604286,10:0.9693671099857628,11:0.4219062149641355,12:0.17438626998641515,13:0.5222964193609259,14:0.2873179653620318,15:0.028470223524321492,16:0.2582116751799254,17:0.37428368118839317,18:0.639427821473655,19:0.4725830768175755,20:0.25175944105395875,21:0.2476555234054192,22:0.8019898829175655,23:0.6999764594058066,24:0.28195384161607184,25:0.8452645423190307,26:0.1356955410421553,27:0.09627137996303237,28:0.45855696008517344,29:0.5749817783282223,30:0.33634833062076175,31:0.4858943613123573,32:0.5135353626690986,33:0.3385891481970128,34:0.6456794008950029,35:0.8456688379354962,36:0.39370173090477056,37:0.6191899549314349,38:0.7594737392551244,39:0.9888829410653357,40:0.8045685173350324} with alpha 1017.0 and beta 4985.0, percentage 16.933333333333334
The right guesses are: 1016 which means 16.933333333333334% correct
Done
The order information:
Date: 2012-05-10T17:54:43.000+02:00
It predicted these items for order 1779917 :
   8862 with score of 7.75
   1663 with score of 5.75
   5003 with score of 5.5
   29669 with score of 5.5
   31777 with score of 3.5
   28284 with score of 3.5
   23469 with score of 3.25
   23913 with score of 3.0
   29685 with score of 2.75
   23467 with score of 2.75
These are the actual items bought: 
   30342
   23374
   32289
The order information:
Date: 2012-05-13T15:53:25.000+02:00
It predicted these items for order 1781930 :
   31042 with score of 17.375
   23318 with score of 14.0
   23250 with score of 11.375
   1023 with score of 5.875
   4806 with score of 5.5
   23364 with score of 5.0
   1002 with score of 4.5
   20990 with score of 4.375
   27659 with score of 3.875
   22855 with score of 3.625
These are the actual items bought: 
   2084
   29003
   31950
   20990
   31940
   30573
   20678
   30195
   25363
   27900
The current arm is 0 with vector {0:0.3539864628549403} with alpha 82.0 and beta 582.0
The order information:
Date: 2012-05-09T17:07:05.000+02:00
It predicted these items for order 1778911 :
   31560 with score of 247.0
   752 with score of 185.0
   5003 with score of 96.0
   21714 with score of 93.0
   23467 with score of 89.0
   27576 with score of 86.0
   748 with score of 82.0
   21787 with score of 69.0
   21803 with score of 66.0
   27900 with score of 64.0
These are the actual items bought: 
   11832
   30233
The current arm is 0 with vector {0:0.3539864628549403} with alpha 229.0 and beta 1435.0
The order information:
Date: 2012-05-10T17:54:43.000+02:00
It predicted these items for order 1779917 :
   31560 with score of 230.0
   752 with score of 201.0
   5003 with score of 102.0
   21714 with score of 96.0
   748 with score of 89.0
   27576 with score of 85.0
   29669 with score of 78.0
   21787 with score of 72.0
   23467 with score of 72.0
   21803 with score of 70.0
These are the actual items bought: 
   30342
   23374
   32289
The current arm is 0 with vector {0:0.3539864628549403} with alpha 388.0 and beta 2276.0
The order information:
Date: 2012-05-11T22:39:32.000+02:00
It predicted these items for order 1780921 :
   31560 with score of 221.0
   752 with score of 200.0
   748 with score of 137.0
   27576 with score of 88.0
   21714 with score of 87.0
   29669 with score of 87.0
   21803 with score of 80.0
   23467 with score of 78.0
   5003 with score of 72.0
   21787 with score of 66.0
These are the actual items bought: 
   31776
The current arm is 0 with vector {0:0.3539864628549403} with alpha 551.0 and beta 3113.0
The order information:
Date: 2012-05-13T15:53:25.000+02:00
It predicted these items for order 1781930 :
   752 with score of 189.0
   31560 with score of 181.0
   748 with score of 163.0
   21714 with score of 101.0
   29669 with score of 90.0
   27576 with score of 88.0
   5003 with score of 87.0
   12338 with score of 79.0
   21803 with score of 79.0
   23467 with score of 75.0
These are the actual items bought: 
   2084
   29003
   31950
   20990
   31940
   30573
   20678
   30195
   25363
   27900
The current arm is 0 with vector {0:0.3539864628549403} with alpha 705.0 and beta 3959.0
The order information:
Date: 2012-05-14T16:46:54.000+02:00
It predicted these items for order 1782931 :
   748 with score of 193.0
   31560 with score of 172.0
   752 with score of 168.0
   21714 with score of 98.0
   27576 with score of 97.0
   29669 with score of 90.0
   5003 with score of 89.0
   12338 with score of 89.0
   23467 with score of 81.0
   21776 with score of 75.0
These are the actual items bought: 
   32564
The current arm is 0 with vector {0:0.3539864628549403} with alpha 836.0 and beta 4828.0
The order information:
Date: 2012-05-15T15:02:20.000+02:00
It predicted these items for order 1783936 :
   748 with score of 200.0
   31560 with score of 152.0
   752 with score of 133.0
   27576 with score of 111.0
   21714 with score of 97.0
   21776 with score of 90.0
   5003 with score of 89.0
   29669 with score of 89.0
   25201 with score of 80.0
   12338 with score of 78.0
These are the actual items bought: 
   12096
The arm 0 has vector {0:0.3539864628549403} with alpha 878.0 and beta 5124.0, percentage 14.616666666666667
The best arm is 0 with vector {0:0.3539864628549403} with alpha 878.0 and beta 5124.0, percentage 14.616666666666667
The right guesses are: 877 which means 14.616666666666667% correct
Done
1050
