Items: 31014,2,2012-03-22 09:35:15.730000000,2013-01-31 22:08:19.360000000,0,0000000000000000000000000000000000000000000000000000000000000000000000000000000000000000000010000000000000000000000000000000000000000000000000000000000000000000000000000000000000000000000000000000000000000000000000000000000000000000000000000000000000000000
Items: 16065,3,2010-10-12 09:05:28.623000000,2011-10-19 12:41:59.293000000,0,0000000000000000000000000000000000000000000000000000000000000000000000000000000000000000000100000000000000000000000000000000000000000000000000000000000000000000000000000000000000000000000000000000000000000000000000000000000000000000000000000000000000000000
Items: 2897,1,2010-07-28 15:55:07.423000000,2013-07-15 05:02:15.650000000,0,0000000000000000000000000000000000000000000000000000000000000000000000000000000000000000000100000000000000000000000000000000000000000000000000000000000000000000000000000000000000000000000000000000000000000000000000000000000000000000000000000000000000000000
Users: 46671,2009-07-31 17:52:05.423000000,45238,,0
Users: 117404,2012-02-11 18:20:17.737000000,30295,1989-02-13 00:00:00,1
Users: 185087,2009-07-31 19:48:45.310000000,54234,1986-06-04 00:00:00,1
Users: 242612,2011-12-03 21:34:16.640000000,90627,1990-07-23 00:00:00,2
Users: 294436,2011-03-16 09:05:23.647000000,72233,1994-04-25 00:00:00,1
Users: 345704,2011-11-11 20:55:14.437000000,68600,1994-06-05 00:00:00,2
Users: 399809,2012-09-17 14:43:42.033000000,44491,1997-12-12 00:00:00,1
Users: 455390,2012-12-20 16:02:28.573000000,3274,1978-06-02 00:00:00,2
Users: 525182,2013-07-28 12:33:53.590000000,53372,1990-06-17 00:00:00,0
Orders: 35022,1033356,1457,2009-10-18 21:46:53.347000000
Orders: 214698,1082559,614,2010-01-24 20:16:55.153000000
Orders: 226305,1122161,1501,2010-03-20 16:23:03.950000000
Orders: 46541,1167569,11120,2010-05-26 12:55:02.417000000
Orders: 75824,1208142,11119,2010-07-27 23:14:48.377000000
Orders: 13287,1248778,12826,2010-09-21 21:56:27.157000000
Orders: 272654,1296031,653,2010-12-01 18:41:36.730000000
Orders: 285359,1344258,18628,2011-01-28 14:59:09.743000000
Orders: 157456,1388262,18371,2011-03-17 11:46:02.120000000
Orders: 307265,1432210,758,2011-04-29 21:28:48.340000000
Orders: 271030,1473349,21803,2011-06-14 15:24:35.467000000
Orders: 275827,1511037,21829,2011-07-28 21:58:50.970000000
Orders: 62527,1550712,24845,2011-09-10 18:44:47.023000000
Orders: 293365,1597283,27523,2011-11-12 08:21:31.203000000
Orders: 158173,1649466,24361,2011-12-28 14:06:54.430000000
Orders: 371623,1691322,28947,2012-01-31 15:54:20.570000000
Orders: 151193,1739094,2144,2012-03-22 17:02:48.527000000
Orders: 71320,1784958,7874,2012-05-16 17:00:59.817000000
Orders: 287161,1827735,20480,2012-06-29 22:23:24.193000000
Orders: 271514,1866722,31203,2012-08-11 21:38:56.863000000
Orders: 428803,1915657,35460,2012-10-09 20:15:44.210000000
Orders: 444954,1966435,29677,2012-12-01 22:51:49.073000000
Orders: 460415,2018674,31695,2013-01-07 22:20:30.543000000
Orders: 381441,2066329,35170,2013-02-19 22:08:16.833000000
Orders: 485606,2112774,39306,2013-03-26 15:04:37.277000000
Orders: 423890,2161061,11304,2013-05-03 09:35:38.190000000
Orders: 314770,2207605,26096,2013-06-05 19:04:54.837000000
Orders: 287308,2249841,40450,2013-07-13 20:23:09.463000000
Orders: 255027,2289235,33612,2013-08-13 17:15:05.073000000
Orders: 466261,2331294,43871,2013-09-15 21:02:00.180000000
Orders: 446724,2379393,448,2013-11-01 19:20:53.627000000

Startup information:
First order in training stage: 700000
First order in evaluation stage: 771338
Last order in evaluation stage: 788838

Number of orders in training stage: 71338
Number of orders in evaluation stage: 17500

The order information:
Date: 2012-05-10T17:54:43.000+02:00
It predicted these items for order 1779917 :
   8862 with score of 7.75
   1663 with score of 5.75
   5003 with score of 5.5
   29669 with score of 5.5
   31777 with score of 3.5
   28284 with score of 3.5
   23469 with score of 3.25
   23913 with score of 3.0
   29685 with score of 2.75
   23467 with score of 2.75
These are the actual items bought: 
   30342
   23374
   32289
The order information:
Date: 2012-05-13T15:53:25.000+02:00
It predicted these items for order 1781930 :
   31042 with score of 17.375
   23318 with score of 14.0
   23250 with score of 11.375
   1023 with score of 5.875
   4806 with score of 5.5
   23364 with score of 5.0
   1002 with score of 4.5
   20990 with score of 4.375
   27659 with score of 3.875
   22855 with score of 3.625
These are the actual items bought: 
   2084
   29003
   31950
   20990
   31940
   30573
   20678
   30195
   25363
   27900
The order information:
Date: 2012-05-20T19:46:05.000+02:00
It predicted these items for order 1787986 :
   11380 with score of 4.999999999999999
   5003 with score of 4.0
   28670 with score of 2.333333333333333
   4936 with score of 2.333333333333333
   19742 with score of 2.333333333333333
   17310 with score of 1.9999999999999998
   27576 with score of 1.6666666666666665
   18317 with score of 1.6666666666666665
   12096 with score of 1.6666666666666665
   572 with score of 1.6666666666666665
These are the actual items bought: 
   9892
   2750
   30011
The order information:
Date: 2012-05-23T10:57:04.000+02:00
It predicted these items for order 1790996 :
   20747 with score of 16.0
   24349 with score of 8.5
   23873 with score of 6.5
   27900 with score of 5.0
   18516 with score of 5.0
   23375 with score of 4.5
   23755 with score of 4.0
   22859 with score of 3.0
   29004 with score of 3.0
   23318 with score of 3.0
These are the actual items bought: 
   15449
   21787
   21787
The order information:
Date: 2012-05-25T09:03:22.000+02:00
It predicted these items for order 1793007 :
   27900 with score of 4.75
   23332 with score of 4.125
   23318 with score of 2.625
   23250 with score of 2.25
   21986 with score of 1.75
   1023 with score of 1.75
   31560 with score of 1.75
   1002 with score of 1.625
   20974 with score of 1.5
   232 with score of 1.5
These are the actual items bought: 
   31184
   9876
   24045
   32886
The order information:
Date: 2012-05-26T13:29:41.000+02:00
It predicted these items for order 1794012 :
   24428 with score of 13.666666666666679
   27576 with score of 13.000000000000005
   31553 with score of 12.49999999999999
   32110 with score of 10.666666666666668
   1667 with score of 10.333333333333332
   21799 with score of 9.833333333333332
   23467 with score of 9.83333333333333
   1663 with score of 8.83333333333333
   30221 with score of 8.666666666666664
   21804 with score of 6.333333333333336
These are the actual items bought: 
   31457
   24942
   21839
   1002
424
