Items: 31014,2,2012-03-22 09:35:15.730000000,2013-01-31 22:08:19.360000000,0,0000000000000000000000000000000000000000000000000000000000000000000000000000000000000000000010000000000000000000000000000000000000000000000000000000000000000000000000000000000000000000000000000000000000000000000000000000000000000000000000000000000000000000
Items: 16065,3,2010-10-12 09:05:28.623000000,2011-10-19 12:41:59.293000000,0,0000000000000000000000000000000000000000000000000000000000000000000000000000000000000000000100000000000000000000000000000000000000000000000000000000000000000000000000000000000000000000000000000000000000000000000000000000000000000000000000000000000000000000
Items: 2897,1,2010-07-28 15:55:07.423000000,2013-07-15 05:02:15.650000000,0,0000000000000000000000000000000000000000000000000000000000000000000000000000000000000000000100000000000000000000000000000000000000000000000000000000000000000000000000000000000000000000000000000000000000000000000000000000000000000000000000000000000000000000
Users: 46671,2009-07-31 17:52:05.423000000,45238,,0
Users: 117404,2012-02-11 18:20:17.737000000,30295,1989-02-13 00:00:00,1
Users: 185087,2009-07-31 19:48:45.310000000,54234,1986-06-04 00:00:00,1
Users: 242612,2011-12-03 21:34:16.640000000,90627,1990-07-23 00:00:00,2
Users: 294436,2011-03-16 09:05:23.647000000,72233,1994-04-25 00:00:00,1
Users: 345704,2011-11-11 20:55:14.437000000,68600,1994-06-05 00:00:00,2
Users: 399809,2012-09-17 14:43:42.033000000,44491,1997-12-12 00:00:00,1
Users: 455390,2012-12-20 16:02:28.573000000,3274,1978-06-02 00:00:00,2
Users: 525182,2013-07-28 12:33:53.590000000,53372,1990-06-17 00:00:00,0
Orders: 35022,1033356,1457,2009-10-18 21:46:53.347000000
Orders: 214698,1082559,614,2010-01-24 20:16:55.153000000
Orders: 226305,1122161,1501,2010-03-20 16:23:03.950000000
Orders: 46541,1167569,11120,2010-05-26 12:55:02.417000000
Orders: 75824,1208142,11119,2010-07-27 23:14:48.377000000
Orders: 13287,1248778,12826,2010-09-21 21:56:27.157000000
Orders: 272654,1296031,653,2010-12-01 18:41:36.730000000
Orders: 285359,1344258,18628,2011-01-28 14:59:09.743000000
Orders: 157456,1388262,18371,2011-03-17 11:46:02.120000000
Orders: 307265,1432210,758,2011-04-29 21:28:48.340000000
Orders: 271030,1473349,21803,2011-06-14 15:24:35.467000000
Orders: 275827,1511037,21829,2011-07-28 21:58:50.970000000
Orders: 62527,1550712,24845,2011-09-10 18:44:47.023000000
Orders: 293365,1597283,27523,2011-11-12 08:21:31.203000000
Orders: 158173,1649466,24361,2011-12-28 14:06:54.430000000
Orders: 371623,1691322,28947,2012-01-31 15:54:20.570000000
Orders: 151193,1739094,2144,2012-03-22 17:02:48.527000000
Orders: 71320,1784958,7874,2012-05-16 17:00:59.817000000
Orders: 287161,1827735,20480,2012-06-29 22:23:24.193000000
Orders: 271514,1866722,31203,2012-08-11 21:38:56.863000000
Orders: 428803,1915657,35460,2012-10-09 20:15:44.210000000
Orders: 444954,1966435,29677,2012-12-01 22:51:49.073000000
Orders: 460415,2018674,31695,2013-01-07 22:20:30.543000000
Orders: 381441,2066329,35170,2013-02-19 22:08:16.833000000
Orders: 485606,2112774,39306,2013-03-26 15:04:37.277000000
Orders: 423890,2161061,11304,2013-05-03 09:35:38.190000000
Orders: 314770,2207605,26096,2013-06-05 19:04:54.837000000
Orders: 287308,2249841,40450,2013-07-13 20:23:09.463000000
Orders: 255027,2289235,33612,2013-08-13 17:15:05.073000000
Orders: 466261,2331294,43871,2013-09-15 21:02:00.180000000
Orders: 446724,2379393,448,2013-11-01 19:20:53.627000000

Startup information:
First order in training stage: 100000
First order in evaluation stage: 101000
Last order in evaluation stage: 107133

Number of orders in training stage: 1000
Number of orders in evaluation stage: 6133

The current arm is 3 with vector {0:0.14021254776207825,1:0.10154203243038529} with alpha 1.0 and beta 1.0
The order information:
Date: 2010-02-23T15:01:23.000+01:00
It predicted these items for order 1102153 :
   6596 with score of 0.24175458019246354
   6583 with score of 0.23464415136327343
   611 with score of 0.22042329370489322
   5411 with score of 0.2133128648757031
   653 with score of 0.1919815783881328
   5049 with score of 0.17776072072975263
   652 with score of 0.17065029190056252
   1248 with score of 0.1422085765838021
   190 with score of 0.12087729009623177
   5720 with score of 0.12087729009623177
These are the actual items bought: 
   1197
   303
The current arm is 49 with vector {0:0.9003387106726217,1:0.4611871906589008} with alpha 11.0 and beta 33.0
The order information:
Date: 2010-02-23T22:59:25.000+01:00
It predicted these items for order 1103153 :
   6583 with score of 1.3615259013315226
   7328 with score of 1.0589645899245175
   611 with score of 0.8908749724761814
   7344 with score of 0.8908749724761814
   652 with score of 0.8236391254968469
   653 with score of 0.7395943167726788
   5720 with score of 0.6387405463036772
   6596 with score of 0.6387405463036772
   5273 with score of 0.60512262281401
   5411 with score of 0.5883136610691764
These are the actual items bought: 
   709
The current arm is 31 with vector {0:0.36479245091171986,1:0.1652480873840626} with alpha 10.0 and beta 39.0
The order information:
Date: 2010-02-24T13:47:47.000+01:00
It predicted these items for order 1104153 :
   6583 with score of 0.5300405382957825
   652 with score of 0.34808632365693176
   653 with score of 0.3203976388205849
   611 with score of 0.3085310596050077
   7328 with score of 0.25710921633750644
   5720 with score of 0.21359842588038994
   7344 with score of 0.20964289947519754
   3343 with score of 0.20568737307000512
   1259 with score of 0.20173184666481275
   5273 with score of 0.19777632025962033
These are the actual items bought: 
   4296
   178
   652
   3327
   652
   4737
   5025
   1480
The current arm is 31 with vector {0:0.36479245091171986,1:0.1652480873840626} with alpha 29.0 and beta 109.0
The order information:
Date: 2010-02-24T19:50:06.000+01:00
It predicted these items for order 1105154 :
   6583 with score of 0.5300405382957825
   652 with score of 0.343962476979178
   653 with score of 0.30449137306353463
   611 with score of 0.2932139148019222
   3343 with score of 0.20581361327442615
   6596 with score of 0.19453615501281377
   7328 with score of 0.1917167904474107
   1263 with score of 0.18889742588200756
   5273 with score of 0.18889742588200756
   1259 with score of 0.18607806131660448
These are the actual items bought: 
   555
   695
The current arm is 1 with vector {0:0.4980231720379782,1:0.5208644491727091} with alpha 22.0 and beta 104.0
The order information:
Date: 2010-02-25T00:24:21.000+01:00
It predicted these items for order 1106156 :
   6583 with score of 1.0188876212106872
   653 with score of 0.7785839369628837
   652 with score of 0.7064928316885426
   611 with score of 0.6920746106336744
   3343 with score of 0.4902195158655194
   1263 with score of 0.4613830737557829
   6596 with score of 0.42293448427613434
   5273 with score of 0.40851626322126616
   1259 with score of 0.4037101895363101
   5720 with score of 0.37967982111152965
These are the actual items bought: 
   1325
   600
   6508
   2816
The current arm is 2 with vector {0:0.7821493445712494,1:0.8050098370430786} with alpha 58.0 and beta 231.0
The order information:
Date: 2010-02-25T19:49:08.000+01:00
It predicted these items for order 1107156 :
   6583 with score of 1.587159181614328
   653 with score of 1.3584419196349709
   611 with score of 1.1505171360173732
   652 with score of 1.1089321792938536
   6596 with score of 0.8455607867115634
   3343 with score of 0.7901141777468708
   1263 with score of 0.783183351626284
   1248 with score of 0.6376360030939658
   5273 with score of 0.6376360030939658
   5720 with score of 0.6237743508527926
These are the actual items bought: 
   683
   670
The current arm is 44 with vector {0:0.3771787107487665,1:0.6043676617544655} with alpha 126.0 and beta 267.0
The order information:
Date: 2010-02-26T12:11:04.000+01:00
It predicted these items for order 1108156 :
   6583 with score of 0.9815463725032321
   653 with score of 0.931637234918322
   4303 with score of 0.8983644765283818
   611 with score of 0.7486370637736515
   1499 with score of 0.7403188741761666
   652 with score of 0.7153643053837114
   4306 with score of 0.6862506417925139
   4541 with score of 0.6612960730000589
   310 with score of 0.6446596938050888
   1361 with score of 0.6446596938050888
These are the actual items bought: 
   5632
   2036
The arm 0 has vector {0:0.8526846325631029,1:0.4846026971881421} with alpha 2.0 and beta 32.0, percentage 3.125
The arm 1 has vector {0:0.4980231720379782,1:0.5208644491727091} with alpha 33.0 and beta 151.0, percentage 17.582417582417584
The arm 2 has vector {0:0.7821493445712494,1:0.8050098370430786} with alpha 68.0 and beta 286.0, percentage 19.03409090909091
The arm 3 has vector {0:0.14021254776207825,1:0.10154203243038529} with alpha 14.0 and beta 77.0, percentage 14.606741573033707
The arm 4 has vector {0:0.5014334762110784,1:0.5817870427675811} with alpha 11.0 and beta 68.0, percentage 12.987012987012985
The arm 5 has vector {0:0.8426976656380614,1:0.603085720057782} with alpha 7.0 and beta 54.0, percentage 10.16949152542373
The arm 6 has vector {0:0.20720519848678443,1:0.30743781016450245} with alpha 21.0 and beta 119.0, percentage 14.492753623188406
The arm 7 has vector {0:0.6337064284192392,1:0.12703941097469829} with alpha 12.0 and beta 83.0, percentage 11.827956989247312
The arm 8 has vector {0:0.33146204283720193,1:0.13221954903641908} with alpha 14.0 and beta 85.0, percentage 13.402061855670103
The arm 9 has vector {0:0.8238888600071546,1:0.802218020250486} with alpha 4.0 and beta 42.0, percentage 6.8181818181818175
The arm 10 has vector {0:0.544247693700528,1:0.7064718347816703} with alpha 10.0 and beta 71.0, percentage 11.39240506329114
The arm 11 has vector {0:0.583281574313431,1:0.17792400133624275} with alpha 16.0 and beta 99.0, percentage 13.274336283185843
The arm 12 has vector {0:0.08033510654594356,1:0.20321617788965718} with alpha 9.0 and beta 67.0, percentage 10.81081081081081
The arm 13 has vector {0:0.22734777587609845,1:0.19693968852491683} with alpha 4.0 and beta 42.0, percentage 6.8181818181818175
The arm 14 has vector {0:0.28800882884815726,1:0.04862881386512641} with alpha 37.0 and beta 185.0, percentage 16.363636363636363
The arm 15 has vector {0:0.6203070373457024,1:0.937176395828122} with alpha 47.0 and beta 214.0, percentage 17.760617760617762
The arm 16 has vector {0:0.6544994955855113,1:0.46150481781223196} with alpha 6.0 and beta 53.0, percentage 8.771929824561402
The arm 17 has vector {0:0.7910401931295893,1:0.738677667804442} with alpha 28.0 and beta 139.0, percentage 16.363636363636363
The arm 18 has vector {0:0.014692234516640146,1:0.3106599181258911} with alpha 56.0 and beta 258.0, percentage 17.628205128205128
The arm 19 has vector {0:0.711648707190319,1:0.010267097280899473} with alpha 1.0 and beta 23.0, percentage 0.0
The arm 20 has vector {0:0.745184884609847,1:0.6118314989521826} with alpha 11.0 and beta 76.0, percentage 11.76470588235294
The arm 21 has vector {0:0.5650295775077796,1:0.34354756511447604} with alpha 10.0 and beta 74.0, percentage 10.975609756097562
The arm 22 has vector {0:0.93865997708792,1:0.9234480021342002} with alpha 22.0 and beta 120.0, percentage 15.0
The arm 23 has vector {0:0.8680330202797453,1:0.21973918045317486} with alpha 12.0 and beta 61.0, percentage 15.492957746478872
The arm 24 has vector {0:0.7356056104541965,1:0.07251248301482405} with alpha 21.0 and beta 98.0, percentage 17.094017094017094
The arm 25 has vector {0:0.45072761285668395,1:0.3247461390770787} with alpha 26.0 and beta 131.0, percentage 16.129032258064516
The arm 26 has vector {0:0.6907800052822227,1:0.07694626571229113} with alpha 15.0 and beta 94.0, percentage 13.084112149532709
The arm 27 has vector {0:0.46275076810607696,1:0.45340285492703536} with alpha 16.0 and beta 89.0, percentage 14.563106796116504
The arm 28 has vector {0:0.535746302320987,1:0.5669929102869884} with alpha 9.0 and beta 63.0, percentage 11.428571428571429
The arm 29 has vector {0:0.32234330511202947,1:0.6956210357712084} with alpha 18.0 and beta 87.0, percentage 16.50485436893204
The arm 30 has vector {0:0.7919612005807752,1:0.5253196484452745} with alpha 5.0 and beta 45.0, percentage 8.333333333333332
The arm 31 has vector {0:0.36479245091171986,1:0.1652480873840626} with alpha 55.0 and beta 250.0, percentage 17.82178217821782
The arm 32 has vector {0:0.9945214234832668,1:0.737221227662313} with alpha 13.0 and beta 68.0, percentage 15.18987341772152
The arm 33 has vector {0:0.09635475502273438,1:0.8347578200569216} with alpha 24.0 and beta 133.0, percentage 14.838709677419354
The arm 34 has vector {0:0.6387633359239928,1:0.19093791136580207} with alpha 16.0 and beta 94.0, percentage 13.88888888888889
The arm 35 has vector {0:0.304384488378311,1:0.5452242999247122} with alpha 20.0 and beta 110.0, percentage 14.84375
The arm 36 has vector {0:0.11216074539218379,1:0.14465052734393935} with alpha 2.0 and beta 28.0, percentage 3.571428571428571
The arm 37 has vector {0:0.15824188654314442,1:0.16338119336100787} with alpha 11.0 and beta 77.0, percentage 11.627906976744185
The arm 38 has vector {0:0.9627244160320334,1:0.5547982816523314} with alpha 2.0 and beta 31.0, percentage 3.225806451612903
The arm 39 has vector {0:0.7672904831421636,1:0.8916041432310676} with alpha 8.0 and beta 51.0, percentage 12.280701754385964
The arm 40 has vector {0:0.20790924490605045,1:0.7023608428005665} with alpha 17.0 and beta 102.0, percentage 13.675213675213676
The arm 41 has vector {0:0.39948309387395875,1:0.976211051495336} with alpha 14.0 and beta 79.0, percentage 14.285714285714285
The arm 42 has vector {0:0.22456953290469983,1:0.050084407593027125} with alpha 13.0 and beta 86.0, percentage 12.371134020618557
The arm 43 has vector {0:0.6759595943019694,1:0.14124883969057567} with alpha 9.0 and beta 54.0, percentage 13.114754098360656
The arm 44 has vector {0:0.3771787107487665,1:0.6043676617544655} with alpha 143.0 and beta 375.0, percentage 27.51937984496124
The arm 45 has vector {0:0.6349599779581607,1:0.7616420683392439} with alpha 1.0 and beta 26.0, percentage 0.0
The arm 46 has vector {0:0.22804207034140855,1:0.7955686329708589} with alpha 16.0 and beta 92.0, percentage 14.150943396226415
The arm 47 has vector {0:0.8439549758745408,1:0.6811859956684255} with alpha 25.0 and beta 129.0, percentage 15.789473684210526
The arm 48 has vector {0:0.4371231297225283,1:0.23745199736189027} with alpha 34.0 and beta 160.0, percentage 17.1875
The arm 49 has vector {0:0.9003387106726217,1:0.4611871906589008} with alpha 36.0 and beta 178.0, percentage 16.50943396226415
The best arm is 44 with vector {0:0.3771787107487665,1:0.6043676617544655} with alpha 143.0 and beta 375.0, percentage 27.51937984496124
The right guesses are: 974 which means 15.881297896624815% correct
Done
The current arm is 44 with vector {0:0.3771787107487665,1:0.6043676617544655} with alpha 1.0 and beta 1.0
The order information:
Date: 2010-02-23T15:01:23.000+01:00
It predicted these items for order 1102153 :
   6596 with score of 0.9815463725032321
   6583 with score of 0.9526773615472546
   611 with score of 0.8949393396352998
   5411 with score of 0.8660703286793223
   653 with score of 0.7794632958113901
   5049 with score of 0.7217252738994354
   652 with score of 0.692856262943458
   1248 with score of 0.5773802191195483
   190 with score of 0.49077318625161603
   5720 with score of 0.49077318625161603
These are the actual items bought: 
   1197
   303
The current arm is 44 with vector {0:0.3771787107487665,1:0.6043676617544655} with alpha 151.0 and beta 851.0
The order information:
Date: 2010-02-23T22:59:25.000+01:00
It predicted these items for order 1103153 :
   6583 with score of 0.9815463725032321
   7328 with score of 0.7634249563914027
   611 with score of 0.6422463918848309
   7344 with score of 0.6422463918848309
   652 with score of 0.5937749660822021
   653 with score of 0.5331856838289162
   5720 with score of 0.46047854512497305
   6596 with score of 0.46047854512497305
   5273 with score of 0.43624283222365867
   5411 with score of 0.42412497577300146
These are the actual items bought: 
   709
The current arm is 44 with vector {0:0.3771787107487665,1:0.6043676617544655} with alpha 294.0 and beta 1708.0
The order information:
Date: 2010-02-24T13:47:47.000+01:00
It predicted these items for order 1104153 :
   6583 with score of 0.9815463725032321
   652 with score of 0.6445976177633166
   653 with score of 0.5933228072594163
   611 with score of 0.5713478884720307
   7328 with score of 0.47612324039335885
   5720 with score of 0.3955485381729443
   7344 with score of 0.3882235652438156
   3343 with score of 0.3808985923146871
   1259 with score of 0.37357361938555844
   5273 with score of 0.3662486464564299
These are the actual items bought: 
   4296
   178
   652
   3327
   652
   4737
   5025
   1480
The current arm is 44 with vector {0:0.3771787107487665,1:0.6043676617544655} with alpha 440.0 and beta 2562.0
The order information:
Date: 2010-02-24T19:50:06.000+01:00
It predicted these items for order 1105154 :
   6583 with score of 0.9815463725032321
   652 with score of 0.6369609438584805
   653 with score of 0.5638670650550484
   611 with score of 0.542983099682639
   3343 with score of 0.3811323680464678
   6596 with score of 0.36024840267405855
   7328 with score of 0.3550274113309563
   1263 with score of 0.349806419987854
   5273 with score of 0.349806419987854
   1259 with score of 0.34458542864475167
These are the actual items bought: 
   555
   695
The current arm is 44 with vector {0:0.3771787107487665,1:0.6043676617544655} with alpha 621.0 and beta 3381.0
The order information:
Date: 2010-02-25T00:24:21.000+01:00
It predicted these items for order 1106156 :
   6583 with score of 0.9815463725032321
   653 with score of 0.7500495865354887
   652 with score of 0.6806005507451657
   611 with score of 0.6667107435871009
   3343 with score of 0.4722534433741966
   1263 with score of 0.4444738290580673
   6596 with score of 0.40743434330322836
   5273 with score of 0.3935445361451638
   1259 with score of 0.38891460042580894
   5720 with score of 0.36576492182903453
These are the actual items bought: 
   1325
   600
   6508
   2816
The current arm is 44 with vector {0:0.3771787107487665,1:0.6043676617544655} with alpha 748.0 and beta 4254.0
The order information:
Date: 2010-02-25T19:49:08.000+01:00
It predicted these items for order 1107156 :
   6583 with score of 0.9815463725032321
   653 with score of 0.8401008253739453
   611 with score of 0.7115139643473211
   652 with score of 0.6857965921419962
   6596 with score of 0.5229199015082722
   3343 with score of 0.4886300719011723
   1263 with score of 0.4843438432002848
   1248 with score of 0.3943330404816478
   5273 with score of 0.3943330404816478
   5720 with score of 0.3857605830798728
These are the actual items bought: 
   683
   670
The current arm is 44 with vector {0:0.3771787107487665,1:0.6043676617544655} with alpha 957.0 and beta 5045.0
The order information:
Date: 2010-02-26T12:11:04.000+01:00
It predicted these items for order 1108156 :
   6583 with score of 0.9815463725032321
   653 with score of 0.931637234918322
   4303 with score of 0.8983644765283818
   611 with score of 0.7486370637736515
   1499 with score of 0.7403188741761666
   652 with score of 0.7153643053837114
   4306 with score of 0.6862506417925139
   4541 with score of 0.6612960730000589
   310 with score of 0.6446596938050888
   1361 with score of 0.6446596938050888
These are the actual items bought: 
   5632
   2036
The arm 44 has vector {0:0.3771787107487665,1:0.6043676617544655} with alpha 975.0 and beta 5160.0, percentage 15.881297896624815
The best arm is 44 with vector {0:0.3771787107487665,1:0.6043676617544655} with alpha 975.0 and beta 5160.0, percentage 15.881297896624815
The right guesses are: 974 which means 15.881297896624815% correct
Done
141
