Items: 31014,2,2012-03-22 09:35:15.730000000,2013-01-31 22:08:19.360000000,0,0000000000000000000000000000000000000000000000000000000000000000000000000000000000000000000010000000000000000000000000000000000000000000000000000000000000000000000000000000000000000000000000000000000000000000000000000000000000000000000000000000000000000000
Items: 16065,3,2010-10-12 09:05:28.623000000,2011-10-19 12:41:59.293000000,0,0000000000000000000000000000000000000000000000000000000000000000000000000000000000000000000100000000000000000000000000000000000000000000000000000000000000000000000000000000000000000000000000000000000000000000000000000000000000000000000000000000000000000000
Items: 2897,1,2010-07-28 15:55:07.423000000,2013-07-15 05:02:15.650000000,0,0000000000000000000000000000000000000000000000000000000000000000000000000000000000000000000100000000000000000000000000000000000000000000000000000000000000000000000000000000000000000000000000000000000000000000000000000000000000000000000000000000000000000000
Users: 46671,2009-07-31 17:52:05.423000000,45238,,0
Users: 117404,2012-02-11 18:20:17.737000000,30295,1989-02-13 00:00:00,1
Users: 185087,2009-07-31 19:48:45.310000000,54234,1986-06-04 00:00:00,1
Users: 242612,2011-12-03 21:34:16.640000000,90627,1990-07-23 00:00:00,2
Users: 294436,2011-03-16 09:05:23.647000000,72233,1994-04-25 00:00:00,1
Users: 345704,2011-11-11 20:55:14.437000000,68600,1994-06-05 00:00:00,2
Users: 399809,2012-09-17 14:43:42.033000000,44491,1997-12-12 00:00:00,1
Users: 455390,2012-12-20 16:02:28.573000000,3274,1978-06-02 00:00:00,2
Users: 525182,2013-07-28 12:33:53.590000000,53372,1990-06-17 00:00:00,0
Orders: 35022,1033356,1457,2009-10-18 21:46:53.347000000
Orders: 214698,1082559,614,2010-01-24 20:16:55.153000000
Orders: 226305,1122161,1501,2010-03-20 16:23:03.950000000
Orders: 46541,1167569,11120,2010-05-26 12:55:02.417000000
Orders: 75824,1208142,11119,2010-07-27 23:14:48.377000000
Orders: 13287,1248778,12826,2010-09-21 21:56:27.157000000
Orders: 272654,1296031,653,2010-12-01 18:41:36.730000000
Orders: 285359,1344258,18628,2011-01-28 14:59:09.743000000
Orders: 157456,1388262,18371,2011-03-17 11:46:02.120000000
Orders: 307265,1432210,758,2011-04-29 21:28:48.340000000
Orders: 271030,1473349,21803,2011-06-14 15:24:35.467000000
Orders: 275827,1511037,21829,2011-07-28 21:58:50.970000000
Orders: 62527,1550712,24845,2011-09-10 18:44:47.023000000
Orders: 293365,1597283,27523,2011-11-12 08:21:31.203000000
Orders: 158173,1649466,24361,2011-12-28 14:06:54.430000000
Orders: 371623,1691322,28947,2012-01-31 15:54:20.570000000
Orders: 151193,1739094,2144,2012-03-22 17:02:48.527000000
Orders: 71320,1784958,7874,2012-05-16 17:00:59.817000000
Orders: 287161,1827735,20480,2012-06-29 22:23:24.193000000
Orders: 271514,1866722,31203,2012-08-11 21:38:56.863000000
Orders: 428803,1915657,35460,2012-10-09 20:15:44.210000000
Orders: 444954,1966435,29677,2012-12-01 22:51:49.073000000
Orders: 460415,2018674,31695,2013-01-07 22:20:30.543000000
Orders: 381441,2066329,35170,2013-02-19 22:08:16.833000000
Orders: 485606,2112774,39306,2013-03-26 15:04:37.277000000
Orders: 423890,2161061,11304,2013-05-03 09:35:38.190000000
Orders: 314770,2207605,26096,2013-06-05 19:04:54.837000000
Orders: 287308,2249841,40450,2013-07-13 20:23:09.463000000
Orders: 255027,2289235,33612,2013-08-13 17:15:05.073000000
Orders: 466261,2331294,43871,2013-09-15 21:02:00.180000000
Orders: 446724,2379393,448,2013-11-01 19:20:53.627000000

Startup information:
First order in training stage: 700000
First order in evaluation stage: 771338
Last order in evaluation stage: 777471

Number of orders in training stage: 71338
Number of orders in evaluation stage: 6133

The current arm is 27 with vector {0:0.12277780011281803,1:0.2793590864072306,2:0.6487877409224024,3:0.012798376967221303,4:0.996984002159363,5:0.8160853878919548} with alpha 1.0 and beta 11.0
The order information:
Date: 2012-05-09T17:07:05.000+02:00
It predicted these items for order 1778911 :
   1693 with score of 1.9358471901641359
   13688 with score of 1.9358471901641359
   21769 with score of 1.9358471901641359
   25013 with score of 1.9358471901641359
   31278 with score of 1.9358471901641359
   31911 with score of 1.7318258431911473
   25015 with score of 1.5278044962181585
   26254 with score of 1.5278044962181585
   27819 with score of 1.5278044962181585
   28913 with score of 1.5278044962181585
These are the actual items bought: 
   11832
   30233
The current arm is 28 with vector {0:0.3206826159013776,1:0.7203922513752011,2:0.3389844654697546,3:0.7630758563871824,4:0.6939975124300518,5:0.4111870701173824} with alpha 3.0 and beta 49.0
The order information:
Date: 2012-05-10T17:54:43.000+02:00
It predicted these items for order 1779917 :
   16520 with score of 1.4949455424059424
   26598 with score of 1.4949455424059424
   27408 with score of 1.4949455424059424
   24834 with score of 1.412708128382466
   4986 with score of 1.3578831857001483
   17990 with score of 1.3578831857001483
   27455 with score of 1.3187225123556356
   9020 with score of 1.2893520073472513
   17169 with score of 1.2893520073472513
   22248 with score of 1.2893520073472513
These are the actual items bought: 
   30342
   23374
   32289
The current arm is 37 with vector {0:0.19200473784221517,1:0.09058168681751311,2:0.38633664099584575,3:0.2342843787504778,4:0.572336005542527,5:0.2678981240243994} with alpha 2.0 and beta 52.0
The order information:
Date: 2012-05-11T22:39:32.000+02:00
It predicted these items for order 1780921 :
   2027 with score of 0.6941872406170924
   18741 with score of 0.6941872406170924
   22594 with score of 0.6941872406170924
   23198 with score of 0.6941872406170924
   23218 with score of 0.6941872406170924
   29229 with score of 0.6941872406170924
   30664 with score of 0.6941872406170924
   30678 with score of 0.6941872406170924
   31755 with score of 0.6941872406170924
   32122 with score of 0.6941872406170924
These are the actual items bought: 
   31776
The current arm is 28 with vector {0:0.3206826159013776,1:0.7203922513752011,2:0.3389844654697546,3:0.7630758563871824,4:0.6939975124300518,5:0.4111870701173824} with alpha 3.0 and beta 89.0
The order information:
Date: 2012-05-13T15:53:25.000+02:00
It predicted these items for order 1781930 :
   8264 with score of 1.4949455424059424
   18989 with score of 1.4949455424059424
   21252 with score of 1.4949455424059424
   21625 with score of 1.4949455424059424
   23970 with score of 1.4949455424059424
   27096 with score of 1.4949455424059424
   27876 with score of 1.4949455424059424
   28637 with score of 1.4949455424059424
   31634 with score of 1.4949455424059424
   31854 with score of 1.4949455424059424
These are the actual items bought: 
   2084
   29003
   31950
   20990
   31940
   30573
   20678
   30195
   25363
   27900
The current arm is 40 with vector {0:0.16913626834716144,1:0.8507992100014796,2:0.2863950285441694,3:0.924565127892054,4:0.7722991544938035,5:0.4820918058748266} with alpha 2.0 and beta 79.0
The order information:
Date: 2012-05-14T16:46:54.000+02:00
It predicted these items for order 1782931 :
   2406 with score of 1.575793202114042
   2951 with score of 1.575793202114042
   4863 with score of 1.575793202114042
   4892 with score of 1.575793202114042
   18707 with score of 1.575793202114042
   21533 with score of 1.575793202114042
   21671 with score of 1.575793202114042
   22400 with score of 1.575793202114042
   23479 with score of 1.575793202114042
   24162 with score of 1.575793202114042
These are the actual items bought: 
   32564
The current arm is 32 with vector {0:0.41821849115761345,1:0.7881794554043438,2:0.8258170352376881,3:0.9791821501343043,4:0.3680186548516895,5:0.6889263872737024} with alpha 14.0 and beta 221.0
The order information:
Date: 2012-05-15T15:02:20.000+02:00
It predicted these items for order 1783936 :
   2406 with score of 2.08632702856562
   2951 with score of 2.08632702856562
   4863 with score of 2.08632702856562
   4892 with score of 2.08632702856562
   18707 with score of 2.08632702856562
   21533 with score of 2.08632702856562
   21671 with score of 2.08632702856562
   22400 with score of 2.08632702856562
   23479 with score of 2.08632702856562
   24162 with score of 2.08632702856562
These are the actual items bought: 
   12096
The arm 0 has vector {0:0.5989782971502815,1:0.3455102644203307,2:0.9181173680840409,3:0.16060064303067223,4:0.8474654563992924,5:0.30240570703483305} with alpha 3.0 and beta 123.0, percentage 1.6129032258064515
The arm 1 has vector {0:0.16635228601898078,1:0.5205053522851377,2:0.582757741231346,3:0.8978671423302458,4:0.8838093889593394,5:0.6907196888506781} with alpha 15.0 and beta 346.0, percentage 3.8997214484679668
The arm 2 has vector {0:0.47503155982171374,1:0.7203803359255411,2:0.4049586485563217,3:0.5985222356302079,4:0.5024266991942257,5:0.5636418252984462} with alpha 5.0 and beta 154.0, percentage 2.547770700636943
The arm 3 has vector {0:0.9788230958958403,1:0.37854323158861614,2:0.9724273463581913,3:0.6949022281523233,4:0.22145387758225588,5:0.8041752224720577} with alpha 5.0 and beta 117.0, percentage 3.3333333333333335
The arm 4 has vector {0:0.23043127649216666,1:0.6897271834363888,2:0.6159328845605014,3:0.08827226161411739,4:0.24935664537713098,5:0.03975188358604809} with alpha 3.0 and beta 108.0, percentage 1.834862385321101
The arm 5 has vector {0:0.7960798865516627,1:0.8266415506644184,2:0.7891939697750808,3:0.5255703801557073,4:0.964738059621519,5:0.45006820492406274} with alpha 2.0 and beta 98.0, percentage 1.0204081632653061
The arm 6 has vector {0:0.6900036710988978,1:0.1906208422627913,2:0.6270481707619119,3:0.5778304917346817,4:0.7855458923696496,5:0.8818777190327284} with alpha 1.0 and beta 77.0, percentage 0.0
The arm 7 has vector {0:0.4529111080692204,1:0.3142405817672893,2:0.2649402433152518,3:0.7446201806787079,4:0.8171222803522817,5:0.8650606035991958} with alpha 2.0 and beta 95.0, percentage 1.0526315789473684
The arm 8 has vector {0:0.7860321994767918,1:0.5546085132277213,2:0.7181504146203526,3:0.016869239720025297,4:0.8141206419764404,5:0.06653009864208814} with alpha 2.0 and beta 101.0, percentage 0.9900990099009901
The arm 9 has vector {0:0.025796401400603464,1:0.9863231315837707,2:0.835580966579861,3:0.5256877831706959,4:0.5186418393187209,5:0.3866014624185746} with alpha 3.0 and beta 112.0, percentage 1.7699115044247788
The arm 10 has vector {0:0.5331344301280659,1:0.8429664050733789,2:0.3143648085954034,3:0.3039555781362755,4:0.4295861259943319,5:0.8872017955204018} with alpha 6.0 and beta 182.0, percentage 2.6881720430107525
The arm 11 has vector {0:0.7550866380548593,1:0.1348235259753472,2:0.7577217542936561,3:0.4611409625758405,4:0.19626640534205897,5:0.845098757109118} with alpha 1.0 and beta 72.0, percentage 0.0
The arm 12 has vector {0:0.5461041514521665,1:0.04638324550616868,2:0.47449730353273767,3:0.4501617810864733,4:0.9559271998147876,5:0.5954379900624878} with alpha 3.0 and beta 125.0, percentage 1.5873015873015872
The arm 13 has vector {0:0.8029304427614731,1:0.20835806645960708,2:0.039885068445559724,3:0.2191385251314557,4:0.5567137801458043,5:0.5388767954447214} with alpha 2.0 and beta 100.0, percentage 1.0
The arm 14 has vector {0:0.2653771836079176,1:0.9694363268742967,2:0.7415528928131266,3:0.15736661792377338,4:0.8012968675004677,5:0.024526023091110294} with alpha 1.0 and beta 76.0, percentage 0.0
The arm 15 has vector {0:0.11396791102965509,1:0.7189623852438624,2:0.6815730732861536,3:0.8703338347195605,4:0.30120122459071574,5:0.7189682573005981} with alpha 2.0 and beta 104.0, percentage 0.9615384615384616
The arm 16 has vector {0:0.048320605210829704,1:0.7956147381722236,2:0.8473283092179614,3:0.12022319858890873,4:0.9869313333436912,5:0.940931904429206} with alpha 8.0 and beta 215.0, percentage 3.167420814479638
The arm 17 has vector {0:0.34623966331274436,1:0.9425745500160128,2:0.1849299309946476,3:0.2519425189934389,4:0.7486287353728697,5:0.2778190556217768} with alpha 3.0 and beta 118.0, percentage 1.680672268907563
The arm 18 has vector {0:0.7964509953198968,1:0.9010037146081833,2:0.13006564555893596,3:0.319676862760804,4:0.8481300888473243,5:0.9063937786395059} with alpha 3.0 and beta 121.0, percentage 1.639344262295082
The arm 19 has vector {0:0.424416389975688,1:0.5749036301935059,2:0.5652524559043515,3:0.502309145483582,4:0.5847298466255761,5:0.41938969051646313} with alpha 3.0 and beta 119.0, percentage 1.6666666666666667
The arm 20 has vector {0:0.43607655859658734,1:0.6271750155408317,2:0.997005955728437,3:0.20813829943852535,4:0.6687854307583845,5:0.8169454026793381} with alpha 1.0 and beta 72.0, percentage 0.0
The arm 21 has vector {0:0.19131100634412745,1:0.5571916514093787,2:0.23383577179014303,3:0.37644785646537526,4:0.10084332064894075,5:0.06788842776847082} with alpha 2.0 and beta 101.0, percentage 0.9900990099009901
The arm 22 has vector {0:0.8191264275558153,1:0.5661422640271327,2:0.07701495402991432,3:0.9712497809214233,4:0.6809177228828969,5:0.14210031123135658} with alpha 3.0 and beta 118.0, percentage 1.680672268907563
The arm 23 has vector {0:0.09601186233001402,1:0.8993573304516995,2:0.08869877949541816,3:0.6175180970951364,4:0.6718876461037279,5:0.8940901819332504} with alpha 3.0 and beta 128.0, percentage 1.550387596899225
The arm 24 has vector {0:0.9842245372323513,1:0.6817598933727474,2:0.9965855966335848,3:0.029857537392983136,4:0.8616124685192307,5:0.8000315350140589} with alpha 3.0 and beta 128.0, percentage 1.550387596899225
The arm 25 has vector {0:0.9080413170779121,1:0.8626970792282945,2:0.4935354322767117,3:0.03943686006316083,4:0.19046069147297773,5:0.7260112598742225} with alpha 3.0 and beta 117.0, percentage 1.694915254237288
The arm 26 has vector {0:0.3795907277027304,1:0.18586205077446138,2:0.060010477060288725,3:0.6251748718242873,4:0.6813261757745581,5:0.1790757639316144} with alpha 2.0 and beta 100.0, percentage 1.0
The arm 27 has vector {0:0.12277780011281803,1:0.2793590864072306,2:0.6487877409224024,3:0.012798376967221303,4:0.996984002159363,5:0.8160853878919548} with alpha 2.0 and beta 94.0, percentage 1.0638297872340425
The arm 28 has vector {0:0.3206826159013776,1:0.7203922513752011,2:0.3389844654697546,3:0.7630758563871824,4:0.6939975124300518,5:0.4111870701173824} with alpha 3.0 and beta 126.0, percentage 1.574803149606299
The arm 29 has vector {0:0.6631763849333664,1:0.5385000271478239,2:0.5341965795714227,3:0.22731279598577037,4:0.26908353931900975,5:0.9195001426611381} with alpha 1.0 and beta 71.0, percentage 0.0
The arm 30 has vector {0:0.30720291005386835,1:0.2927559092451478,2:0.6929949553446022,3:0.50764968088087,4:0.7950345912830655,5:0.13625785583639205} with alpha 2.0 and beta 93.0, percentage 1.0752688172043012
The arm 31 has vector {0:0.5279921554634728,1:0.058828929141669484,2:0.5061687755368892,3:0.5294331079386652,4:0.2095697489332624,5:0.171824521382011} with alpha 2.0 and beta 93.0, percentage 1.0752688172043012
The arm 32 has vector {0:0.41821849115761345,1:0.7881794554043438,2:0.8258170352376881,3:0.9791821501343043,4:0.3680186548516895,5:0.6889263872737024} with alpha 21.0 and beta 355.0, percentage 5.347593582887701
The arm 33 has vector {0:0.4598621758328273,1:0.009870136573100874,2:0.9499511095502007,3:0.8880699441543125,4:0.05671620053740489,5:0.7118785712988861} with alpha 2.0 and beta 87.0, percentage 1.1494252873563218
The arm 34 has vector {0:0.6711128929391645,1:0.9609865790466386,2:0.7007388027631072,3:0.31505615745777193,4:0.6101774321146773,5:0.6682923290136988} with alpha 5.0 and beta 159.0, percentage 2.4691358024691357
The arm 35 has vector {0:0.17498035795285938,1:0.027012397650129416,2:0.3430773508379753,3:0.049192307795133616,4:0.13204103137032308,5:0.3936840780957592} with alpha 3.0 and beta 99.0, percentage 2.0
The arm 36 has vector {0:0.7233401518045358,1:0.46692301785658585,2:0.21658396644702071,3:0.6317469986093068,4:0.06513224255719618,5:0.3818767206911572} with alpha 1.0 and beta 75.0, percentage 0.0
The arm 37 has vector {0:0.19200473784221517,1:0.09058168681751311,2:0.38633664099584575,3:0.2342843787504778,4:0.572336005542527,5:0.2678981240243994} with alpha 4.0 and beta 122.0, percentage 2.4193548387096775
The arm 38 has vector {0:0.9715856244911435,1:0.5198795567649845,2:0.9616523294783398,3:0.9450917266944779,4:0.7252863164242582,5:0.7704458253023657} with alpha 1.0 and beta 71.0, percentage 0.0
The arm 39 has vector {0:0.4650308711429465,1:0.20529678037320953,2:0.5986397838656956,3:0.6626256166711041,4:0.9450397824004388,5:0.41192695651425626} with alpha 6.0 and beta 174.0, percentage 2.8089887640449436
The arm 40 has vector {0:0.16913626834716144,1:0.8507992100014796,2:0.2863950285441694,3:0.924565127892054,4:0.7722991544938035,5:0.4820918058748266} with alpha 2.0 and beta 99.0, percentage 1.0101010101010102
The arm 41 has vector {0:0.010951665583865067,1:0.9056681744625454,2:0.39487615792323316,3:0.16505207572273672,4:0.5468463273354673,5:0.35126224141263407} with alpha 1.0 and beta 75.0, percentage 0.0
The arm 42 has vector {0:0.6094709158589502,1:0.5377764128384824,2:0.4043846810574231,3:0.1264404429375604,4:0.7534587257522534,5:0.7879067796498882} with alpha 9.0 and beta 210.0, percentage 3.686635944700461
The arm 43 has vector {0:0.627593298547784,1:0.6502546435681029,2:0.6404789126763505,3:0.0670112029350276,4:0.04813168234025522,5:0.48877772426128985} with alpha 1.0 and beta 76.0, percentage 0.0
The arm 44 has vector {0:0.07596220277249133,1:0.4817887080611344,2:0.3225775322714368,3:0.447033857641028,4:0.5449858242249058,5:0.6857513918384908} with alpha 4.0 and beta 142.0, percentage 2.083333333333333
The arm 45 has vector {0:0.6742790888513145,1:0.021268030865887577,2:0.2552414585189554,3:0.4750273695472501,4:0.41944064104008316,5:0.3331399959566952} with alpha 2.0 and beta 88.0, percentage 1.1363636363636365
The arm 46 has vector {0:0.8690866342179373,1:0.47267694839328955,2:0.10141825152262374,3:0.8540938906809611,4:0.7924661828932091,5:0.26156198728907176} with alpha 1.0 and beta 75.0, percentage 0.0
The arm 47 has vector {0:0.5931848196896352,1:0.5312937997397008,2:0.7992417681251626,3:0.2398761608727885,4:0.6812425656915377,5:0.9816129622385394} with alpha 3.0 and beta 106.0, percentage 1.8691588785046727
The arm 48 has vector {0:0.20665368736740264,1:0.8122793212884231,2:0.5256900643203068,3:0.12171671189235989,4:0.8900733970674897,5:0.1032188378378881} with alpha 2.0 and beta 100.0, percentage 1.0
The arm 49 has vector {0:0.11734797516088968,1:0.5639437288187698,2:0.008387318686302159,3:0.6321978864296903,4:0.5509826819817866,5:0.18158984634833353} with alpha 4.0 and beta 144.0, percentage 2.054794520547945
The best arm is 32 with vector {0:0.41821849115761345,1:0.7881794554043438,2:0.8258170352376881,3:0.9791821501343043,4:0.3680186548516895,5:0.6889263872737024} with alpha 21.0 and beta 355.0, percentage 5.347593582887701
The right guesses are: 122 which means 1.9892385455731287% correct
Done
The current arm is 32 with vector {0:0.41821849115761345,1:0.7881794554043438,2:0.8258170352376881,3:0.9791821501343043,4:0.3680186548516895,5:0.6889263872737024} with alpha 12.0 and beta 652.0
The order information:
Date: 2012-05-09T17:07:05.000+02:00
It predicted these items for order 1778911 :
   1693 with score of 1.4751635332830053
   13688 with score of 1.4751635332830053
   21769 with score of 1.4751635332830053
   25013 with score of 1.4751635332830053
   31278 with score of 1.4751635332830053
   31911 with score of 1.3029319364645797
   25015 with score of 1.1307003396461541
   26254 with score of 1.1307003396461541
   27819 with score of 1.1307003396461541
   28913 with score of 1.1307003396461541
These are the actual items bought: 
   11832
   30233
The current arm is 32 with vector {0:0.41821849115761345,1:0.7881794554043438,2:0.8258170352376881,3:0.9791821501343043,4:0.3680186548516895,5:0.6889263872737024} with alpha 30.0 and beta 1634.0
The order information:
Date: 2012-05-10T17:54:43.000+02:00
It predicted these items for order 1779917 :
   16520 with score of 2.08632702856562
   26598 with score of 2.08632702856562
   27408 with score of 2.08632702856562
   24834 with score of 1.9485417511108798
   4986 with score of 1.856684899474386
   17990 with score of 1.856684899474386
   27455 with score of 1.7910728625911763
   9020 with score of 1.741863834928769
   17169 with score of 1.741863834928769
   22248 with score of 1.741863834928769
These are the actual items bought: 
   30342
   23374
   32289
The current arm is 32 with vector {0:0.41821849115761345,1:0.7881794554043438,2:0.8258170352376881,3:0.9791821501343043,4:0.3680186548516895,5:0.6889263872737024} with alpha 53.0 and beta 2611.0
The order information:
Date: 2012-05-11T22:39:32.000+02:00
It predicted these items for order 1780921 :
   2027 with score of 2.08632702856562
   18741 with score of 2.08632702856562
   22594 with score of 2.08632702856562
   23198 with score of 2.08632702856562
   23218 with score of 2.08632702856562
   29229 with score of 2.08632702856562
   30664 with score of 2.08632702856562
   30678 with score of 2.08632702856562
   31755 with score of 2.08632702856562
   32122 with score of 2.08632702856562
These are the actual items bought: 
   31776
The current arm is 32 with vector {0:0.41821849115761345,1:0.7881794554043438,2:0.8258170352376881,3:0.9791821501343043,4:0.3680186548516895,5:0.6889263872737024} with alpha 63.0 and beta 3601.0
The order information:
Date: 2012-05-13T15:53:25.000+02:00
It predicted these items for order 1781930 :
   8264 with score of 2.08632702856562
   18989 with score of 2.08632702856562
   21252 with score of 2.08632702856562
   21625 with score of 2.08632702856562
   23970 with score of 2.08632702856562
   27096 with score of 2.08632702856562
   27876 with score of 2.08632702856562
   28637 with score of 2.08632702856562
   31634 with score of 2.08632702856562
   31854 with score of 2.08632702856562
These are the actual items bought: 
   2084
   29003
   31950
   20990
   31940
   30573
   20678
   30195
   25363
   27900
The current arm is 32 with vector {0:0.41821849115761345,1:0.7881794554043438,2:0.8258170352376881,3:0.9791821501343043,4:0.3680186548516895,5:0.6889263872737024} with alpha 81.0 and beta 4583.0
The order information:
Date: 2012-05-14T16:46:54.000+02:00
It predicted these items for order 1782931 :
   2406 with score of 2.08632702856562
   2951 with score of 2.08632702856562
   4863 with score of 2.08632702856562
   4892 with score of 2.08632702856562
   18707 with score of 2.08632702856562
   21533 with score of 2.08632702856562
   21671 with score of 2.08632702856562
   22400 with score of 2.08632702856562
   23479 with score of 2.08632702856562
   24162 with score of 2.08632702856562
These are the actual items bought: 
   32564
The current arm is 32 with vector {0:0.41821849115761345,1:0.7881794554043438,2:0.8258170352376881,3:0.9791821501343043,4:0.3680186548516895,5:0.6889263872737024} with alpha 107.0 and beta 5557.0
The order information:
Date: 2012-05-15T15:02:20.000+02:00
It predicted these items for order 1783936 :
   2406 with score of 2.08632702856562
   2951 with score of 2.08632702856562
   4863 with score of 2.08632702856562
   4892 with score of 2.08632702856562
   18707 with score of 2.08632702856562
   21533 with score of 2.08632702856562
   21671 with score of 2.08632702856562
   22400 with score of 2.08632702856562
   23479 with score of 2.08632702856562
   24162 with score of 2.08632702856562
These are the actual items bought: 
   12096
The arm 32 has vector {0:0.41821849115761345,1:0.7881794554043438,2:0.8258170352376881,3:0.9791821501343043,4:0.3680186548516895,5:0.6889263872737024} with alpha 122.0 and beta 6013.0, percentage 1.9729333115930214
The best arm is 32 with vector {0:0.41821849115761345,1:0.7881794554043438,2:0.8258170352376881,3:0.9791821501343043,4:0.3680186548516895,5:0.6889263872737024} with alpha 122.0 and beta 6013.0, percentage 1.9729333115930214
The right guesses are: 121 which means 1.9729333115930214% correct
Done
185
