Items: 31014,2,2012-03-22 09:35:15.730000000,2013-01-31 22:08:19.360000000,0,0000000000000000000000000000000000000000000000000000000000000000000000000000000000000000000010000000000000000000000000000000000000000000000000000000000000000000000000000000000000000000000000000000000000000000000000000000000000000000000000000000000000000000
Items: 16065,3,2010-10-12 09:05:28.623000000,2011-10-19 12:41:59.293000000,0,0000000000000000000000000000000000000000000000000000000000000000000000000000000000000000000100000000000000000000000000000000000000000000000000000000000000000000000000000000000000000000000000000000000000000000000000000000000000000000000000000000000000000000
Items: 2897,1,2010-07-28 15:55:07.423000000,2013-07-15 05:02:15.650000000,0,0000000000000000000000000000000000000000000000000000000000000000000000000000000000000000000100000000000000000000000000000000000000000000000000000000000000000000000000000000000000000000000000000000000000000000000000000000000000000000000000000000000000000000
Users: 46671,2009-07-31 17:52:05.423000000,45238,,0
Users: 117404,2012-02-11 18:20:17.737000000,30295,1989-02-13 00:00:00,1
Users: 185087,2009-07-31 19:48:45.310000000,54234,1986-06-04 00:00:00,1
Users: 242612,2011-12-03 21:34:16.640000000,90627,1990-07-23 00:00:00,2
Users: 294436,2011-03-16 09:05:23.647000000,72233,1994-04-25 00:00:00,1
Users: 345704,2011-11-11 20:55:14.437000000,68600,1994-06-05 00:00:00,2
Users: 399809,2012-09-17 14:43:42.033000000,44491,1997-12-12 00:00:00,1
Users: 455390,2012-12-20 16:02:28.573000000,3274,1978-06-02 00:00:00,2
Users: 525182,2013-07-28 12:33:53.590000000,53372,1990-06-17 00:00:00,0
Orders: 35022,1033356,1457,2009-10-18 21:46:53.347000000
Orders: 214698,1082559,614,2010-01-24 20:16:55.153000000
Orders: 226305,1122161,1501,2010-03-20 16:23:03.950000000
Orders: 46541,1167569,11120,2010-05-26 12:55:02.417000000
Orders: 75824,1208142,11119,2010-07-27 23:14:48.377000000
Orders: 13287,1248778,12826,2010-09-21 21:56:27.157000000
Orders: 272654,1296031,653,2010-12-01 18:41:36.730000000
Orders: 285359,1344258,18628,2011-01-28 14:59:09.743000000
Orders: 157456,1388262,18371,2011-03-17 11:46:02.120000000
Orders: 307265,1432210,758,2011-04-29 21:28:48.340000000
Orders: 271030,1473349,21803,2011-06-14 15:24:35.467000000
Orders: 275827,1511037,21829,2011-07-28 21:58:50.970000000
Orders: 62527,1550712,24845,2011-09-10 18:44:47.023000000
Orders: 293365,1597283,27523,2011-11-12 08:21:31.203000000
Orders: 158173,1649466,24361,2011-12-28 14:06:54.430000000
Orders: 371623,1691322,28947,2012-01-31 15:54:20.570000000
Orders: 151193,1739094,2144,2012-03-22 17:02:48.527000000
Orders: 71320,1784958,7874,2012-05-16 17:00:59.817000000
Orders: 287161,1827735,20480,2012-06-29 22:23:24.193000000
Orders: 271514,1866722,31203,2012-08-11 21:38:56.863000000
Orders: 428803,1915657,35460,2012-10-09 20:15:44.210000000
Orders: 444954,1966435,29677,2012-12-01 22:51:49.073000000
Orders: 460415,2018674,31695,2013-01-07 22:20:30.543000000
Orders: 381441,2066329,35170,2013-02-19 22:08:16.833000000
Orders: 485606,2112774,39306,2013-03-26 15:04:37.277000000
Orders: 423890,2161061,11304,2013-05-03 09:35:38.190000000
Orders: 314770,2207605,26096,2013-06-05 19:04:54.837000000
Orders: 287308,2249841,40450,2013-07-13 20:23:09.463000000
Orders: 255027,2289235,33612,2013-08-13 17:15:05.073000000
Orders: 466261,2331294,43871,2013-09-15 21:02:00.180000000
Orders: 446724,2379393,448,2013-11-01 19:20:53.627000000

Startup information:
First order in training stage: 700000
First order in evaluation stage: 771338
Last order in evaluation stage: 777471

Number of orders in training stage: 71338
Number of orders in evaluation stage: 6133

The current arm is 34 with vector {0:0.5914894721659142,1:0.40910922460080157,2:0.5952500362674754,3:0.24344257242456346,4:0.5060166167254352,5:0.1695722919904341,6:0.7687148210919692,7:0.06779269525794696,8:0.1751990564261079,9:0.17019922179894897,10:0.546943386117184,11:0.19307884172142453,12:0.44585796018663926,13:0.7125801373378546,14:0.14841455610193188,15:0.19417284668523815,16:0.31980364734569366,17:0.9704991061726249,18:0.8884466079434632,19:0.8957203894800426,20:0.9847645815968595,21:0.8859052613664135,22:0.32562486221764264,23:0.3615124026253479,24:0.3735513901258757,25:0.7711484112831457,26:0.6822731396314986,27:0.333677651099511,28:0.3464418032786065,29:0.9363134451907169,30:0.0529267795567121,31:0.781260295161393,32:0.6457041433206485,33:0.1849169783655772,34:0.5924024127009214,35:0.15452611175684317,36:0.8046487647021223,37:0.4064432205451636,38:0.7789393190624841,39:0.616661528193645,40:0.662324138536254} with alpha 3.0 and beta 16.0
The order information:
Date: 2012-05-09T17:07:05.000+02:00
It predicted these items for order 1778911 :
   31560 with score of 1.935445266243061
   752 with score of 1.7007539746724907
   23467 with score of 1.3908595609534875
   748 with score of 1.3779260510269673
   27900 with score of 1.3254539094244255
   572 with score of 1.2930488081349525
   377 with score of 1.28261816306243
   23469 with score of 1.2783331562667903
   1663 with score of 1.2768442350177287
   1693 with score of 1.2670783808817836
These are the actual items bought: 
   11832
   30233
The current arm is 47 with vector {0:0.6387600770510277,1:0.39533663262265795,2:0.8888719257157237,3:0.6236067109172583,4:0.5776701387063913,5:0.5326760707355505,6:0.4617517949833936,7:0.27885310196300717,8:0.7392894061792308,9:0.19028353663513464,10:0.8341995295022979,11:0.8913176236712861,12:0.46569026302158245,13:0.37973951445476706,14:0.6120793280321312,15:0.6400334754358366,16:0.7148367646490396,17:0.038684528375771965,18:0.580039117533478,19:0.34659728246305754,20:0.6145513901440488,21:0.6750497721583649,22:0.18445343943238035,23:0.4387246982271479,24:0.6043444867197821,25:0.6621990280530641,26:0.14105720293097623,27:0.35810434321760465,28:0.3219767830472755,29:0.6902605410263242,30:0.5445431671690135,31:0.04029884022098007,32:0.4546218394799604,33:0.5135388192794724,34:0.826204198122235,35:0.4741551949901277,36:0.9593939703524902,37:0.27655941092277503,38:0.8677916987784626,39:0.4617985751772622,40:0.4086735651328329} with alpha 5.0 and beta 29.0
The order information:
Date: 2012-05-10T17:54:43.000+02:00
It predicted these items for order 1779917 :
   31560 with score of 2.0029716849146864
   16520 with score of 1.7952991575107875
   26598 with score of 1.7952991575107875
   27408 with score of 1.7950428587038363
   752 with score of 1.7773488601686578
   24834 with score of 1.6887639433636774
   17990 with score of 1.622011999072411
   4986 with score of 1.617740467265604
   27455 with score of 1.5670094129098373
   5003 with score of 1.5453148070810656
These are the actual items bought: 
   30342
   23374
   32289
The current arm is 45 with vector {0:0.40011573837805825,1:0.004118487527948744,2:0.927839691878583,3:0.09430693902140708,4:0.4232787403522388,5:0.47432919622689795,6:0.15573961755349486,7:0.7210804901954933,8:0.07304269527642293,9:0.7691605566468745,10:0.05712608778758399,11:0.8908881638878186,12:0.5444169104879303,13:0.34056168095979455,14:0.8388891844810775,15:0.29968468195887854,16:0.9263215942092274,17:0.5047352091600035,18:0.7303211953143113,19:0.6563875354319445,20:0.02568513196398381,21:0.5910759497455811,22:0.7153320376250146,23:0.34856812837968476,24:0.10324352712260365,25:0.6867896842943089,26:0.18503014685937647,27:0.2123027908141737,28:0.4225794080825943,29:0.5022808638494496,30:0.85322024873688,31:0.7225013371102614,32:0.24088140671444802,33:0.4261507914770829,34:0.5176002013316248,35:0.20024421910215529,36:0.259858370422854,37:0.17668071576368782,38:0.9117812974774435,39:0.8126396024313113,40:0.6070163506054372} with alpha 5.0 and beta 35.0
The order information:
Date: 2012-05-11T22:39:32.000+02:00
It predicted these items for order 1780921 :
   31560 with score of 1.3721277902877924
   32354 with score of 0.9701559768957404
   23218 with score of 0.9694512727439146
   30664 with score of 0.9694512727439146
   30678 with score of 0.9694512727439146
   31755 with score of 0.9694512727439146
   32122 with score of 0.9694512727439146
   32190 with score of 0.9694512727439146
   2027 with score of 0.9687518736263633
   18741 with score of 0.9687518736263633
These are the actual items bought: 
   31776
The current arm is 32 with vector {0:0.4326616649888433,1:0.7698842150851359,2:0.9309481458239708,3:0.4600922960282273,4:0.6208333632647794,5:0.6833156288897975,6:0.6207354857178611,7:0.36540446254251346,8:0.10567744702601456,9:0.6414529985175232,10:0.018327912036642857,11:0.5502451201166982,12:0.5960512800326215,13:0.4834220563501418,14:0.395181798698399,15:0.4164253106110265,16:0.14886279597725283,17:0.2728907049103988,18:0.7971608935637178,19:0.8968612439476066,20:0.3753996444180764,21:0.37644994349483696,22:0.979758711190213,23:0.1312376468102675,24:0.6971050271131596,25:0.26370123175020077,26:0.4482946371505243,27:0.051692889471690484,28:0.905852102328999,29:0.23949262600018817,30:0.9079218011238581,31:0.5141592221508872,32:0.13470418846433807,33:0.27675026775372547,34:0.09360477958564573,35:0.5480673268603663,36:0.8362366712229284,37:0.21816215617431656,38:0.7839991476973905,39:0.6095114520222433,40:0.9531857706278578} with alpha 11.0 and beta 64.0
The order information:
Date: 2012-05-13T15:53:25.000+02:00
It predicted these items for order 1781930 :
   31560 with score of 1.865806184201686
   752 with score of 1.6749046812019586
   748 with score of 1.6026574597296153
   32454 with score of 1.5797230000628257
   21625 with score of 1.5768077807402874
   31865 with score of 1.5768077807402874
   18989 with score of 1.576438685323578
   31634 with score of 1.576438685323578
   31854 with score of 1.576438685323578
   8264 with score of 1.5760695899068682
These are the actual items bought: 
   2084
   29003
   31950
   20990
   31940
   30573
   20678
   30195
   25363
   27900
The current arm is 38 with vector {0:0.8523806780217705,1:0.03752887079600642,2:0.32721703761390264,3:0.9045747528833955,4:0.37085009091744947,5:0.10149310210817908,6:0.467444480255215,7:0.9225063267733298,8:0.48365869234641146,9:0.2720729498444735,10:0.16575976062526687,11:0.08946636334556823,12:0.6791728767594214,13:0.9820521842772768,14:0.9280073515793885,15:0.7478055503475519,16:0.007984275433888244,17:0.4205730339327757,18:0.15017459350480344,19:0.25764828378010773,20:0.2190457448492361,21:0.08221193561688966,22:0.46986242449795,23:0.36367004037283157,24:0.24612532326965553,25:0.05171800267999249,26:0.3049531390064881,27:0.5902527908818322,28:0.020475913512720934,29:0.16670908246261373,30:0.07632784019283567,31:0.3891612102515384,32:0.3943588355883303,33:0.7677766246996741,34:0.6267162492261438,35:0.713113102533727,36:0.8307379030464108,37:0.24496706127541623,38:0.7024872898307836,39:0.9283470207183161,40:0.5101604404580935} with alpha 10.0 and beta 70.0
The order information:
Date: 2012-05-14T16:46:54.000+02:00
It predicted these items for order 1782931 :
   31560 with score of 3.0978849517783695
   748 with score of 2.669578562331954
   752 with score of 2.5807856364990065
   21714 with score of 2.3038027299702093
   5003 with score of 2.288869911371486
   27576 with score of 2.275463730852575
   20430 with score of 2.2503639841572713
   27900 with score of 2.245977687067534
   29669 with score of 2.2355899441766356
   23467 with score of 2.1978044039966975
These are the actual items bought: 
   32564
The current arm is 30 with vector {0:0.7358933320681766,1:0.9351748296582175,2:0.12111957095977954,3:0.7902170320036358,4:0.43476155031069497,5:0.2613350743926379,6:0.4260145431301221,7:0.7851288136479478,8:0.33395857508474613,9:0.9716966343031519,10:0.08971130776924219,11:0.32474191438716105,12:0.036062947831271175,13:0.12609363444992439,14:0.09869061182400118,15:0.1819744916520898,16:0.055788647803004965,17:0.3692624323181828,18:0.624122441771919,19:0.12038641572487618,20:0.7062959638682595,21:0.5827378999792184,22:0.7463974854673155,23:0.20692281880253383,24:0.18331057531537942,25:0.004300610970501384,26:0.8735685422816517,27:0.6398725585287162,28:0.591617449539893,29:0.3689917236832333,30:0.0911726077117424,31:0.8978862545025815,32:0.3670647679781408,33:0.15003758592203276,34:0.2562938351406687,35:0.34177834345197755,36:0.12313393600259537,37:0.45467436217262946,38:0.788699797743129,39:0.8417336731861591,40:0.8190651724015047} with alpha 31.0 and beta 188.0
The order information:
Date: 2012-05-15T15:02:20.000+02:00
It predicted these items for order 1783936 :
   31560 with score of 2.636455454953324
   748 with score of 2.3475398627034334
   752 with score of 2.1662772411675855
   27576 with score of 2.0207814545337444
   21714 with score of 1.997977687199356
   5003 with score of 1.9933310861099163
   29669 with score of 1.9370431353576179
   20430 with score of 1.9310341362601826
   27900 with score of 1.921542138395982
   23467 with score of 1.9055084029010727
These are the actual items bought: 
   12096
The arm 0 has vector {0:0.964354884215511,1:0.5022032784869462,2:0.8946154871556873,3:0.6767551180823684,4:0.6710826652873194,5:0.5267306402552715,6:0.17777765343397556,7:0.4947335655018581,8:0.19243488632413075,9:0.5815108526716577,10:0.7007372398454605,11:0.860965261503318,12:0.30153025355287155,13:0.5721226408755373,14:0.05500860915208872,15:0.1995171451710348,16:0.4545637742448425,17:0.05827027423892994,18:0.9079253493500007,19:0.023397597569585926,20:0.559142994025457,21:0.009894899838677307,22:0.6669955492390967,23:0.4585725440407913,24:0.05762760499022801,25:0.9416093205731509,26:0.35517710457034557,27:0.7402096542945228,28:0.5657593119215477,29:0.42936237008554123,30:0.45646859865748723,31:0.5667932113414844,32:0.533071404701156,33:0.36621531701674837,34:0.6939669388788292,35:0.32585214447560873,36:0.8793452439833901,37:0.37208814177780336,38:0.957684319528211,39:0.32002422841765366,40:0.9102252479319806} with alpha 10.0 and beta 91.0, percentage 9.090909090909092
The arm 1 has vector {0:0.62053131136779,1:0.7757584172006586,2:0.3508223697784174,3:0.9946789238450481,4:0.44526760755361017,5:0.5660218566739473,6:0.780453650767487,7:0.19295088546598305,8:0.10247238240772516,9:0.9141545848824509,10:0.8021948443982797,11:0.3913933669546491,12:0.2537665507522078,13:0.4039256352844295,14:0.8069623733901181,15:0.05413910612981487,16:0.21574835555189942,17:0.5710616906436704,18:0.8912317669768967,19:0.48720004865558375,20:0.6673222688275535,21:0.5968715018905096,22:0.703935305423526,23:0.5517553995842734,24:0.05652461474751602,25:0.34391167303769954,26:0.7509291116703435,27:0.4040489615753252,28:0.4873464386600974,29:0.7130669090318025,30:0.9710841897948274,31:0.8122889794378615,32:0.21586008095885512,33:0.7606514857403048,34:0.3645679352220038,35:0.8889267673647794,36:0.4945584612364695,37:0.031676098627679394,38:0.9882205660074499,39:0.9638458599555648,40:0.20479981672964276} with alpha 6.0 and beta 62.0, percentage 7.575757575757576
The arm 2 has vector {0:0.7655244312274663,1:0.9357842868783856,2:0.025874501488578505,3:0.7751975711348749,4:0.023610066410965636,5:0.7818583448068837,6:0.48594410991958314,7:0.3102408064112223,8:0.40598397337276304,9:0.013749076033709895,10:0.08420767088023418,11:0.23797137966196558,12:0.5285197747713064,13:0.9860605758312937,14:0.1717500050136772,15:0.9425459022919211,16:0.5020005670354417,17:0.11900819957768716,18:0.17475727109525108,19:0.007442876835274781,20:0.8598002616263748,21:0.384761922104363,22:0.7367464538797822,23:0.06409282069237443,24:0.7929287278409339,25:0.5682344997420038,26:0.5067738317639131,27:0.5731568186303264,28:0.8160132688824885,29:0.18454580917619667,30:0.5576090868107784,31:0.9552551614031171,32:0.8919302990382778,33:0.7911283542255165,34:0.9052976029194602,35:0.13786019220815238,36:0.27144034353648405,37:0.1699971411419724,38:0.5098383160322312,39:0.22876544008712363,40:0.9900370594993467} with alpha 5.0 and beta 64.0, percentage 5.970149253731343
The arm 3 has vector {0:0.3490140284635924,1:0.3055884661670014,2:0.36407603969512015,3:0.25130489992222693,4:0.33159410433359315,5:0.5906984106320339,6:0.38128545058362673,7:0.8951359679084638,8:0.959777519092774,9:0.8999127269864353,10:0.7161757118295556,11:0.477768653088287,12:0.304856176988733,13:0.9606315936621084,14:0.15485453671058658,15:0.8790555703351433,16:0.09649027372692431,17:0.006592075677522402,18:0.036176978958846084,19:0.10528348193874337,20:0.03847190513045695,21:0.6968638709985504,22:0.6059509733048255,23:0.32145284892983106,24:0.4572800814783673,25:0.11695125932166461,26:0.9046831972657278,27:0.5683488769381712,28:0.21091899916852908,29:0.18890457239691782,30:0.6305492722076401,31:0.1586233103105329,32:0.04551704191480821,33:0.8783016738168352,34:0.47093890496243174,35:0.9995399807606592,36:0.13662772638025977,37:0.5316778847991487,38:0.7576864018557022,39:0.30125461877811155,40:0.7781817369714182} with alpha 6.0 and beta 55.0, percentage 8.47457627118644
The arm 4 has vector {0:0.7430462615055894,1:0.19143787657718725,2:0.07012017813163551,3:0.5770962975463545,4:0.5868941488878829,5:0.980897978442532,6:0.2712124913501418,7:0.6103950348194638,8:0.006078386600059327,9:0.17406113872291873,10:0.8627759545272284,11:0.03135694527013111,12:0.22121122838320817,13:0.48281441175588447,14:0.15486312704286487,15:0.9493908069812622,16:0.6127571459189837,17:0.23862549817356948,18:0.9881749565386937,19:0.3509674289260707,20:0.8423225847626848,21:0.693267892818619,22:0.8552878509738114,23:0.8526652803557458,24:0.021858768575576226,25:0.5806394018115592,26:0.07103848652118272,27:0.6009595785560317,28:0.8038694881421936,29:0.23093250156201994,30:0.643251022758788,31:0.9305552643007438,32:0.4113425575143479,33:0.4536377743289184,34:0.6510867255476405,35:0.49472598344577456,36:0.18201280831102062,37:0.8343245059581025,38:0.6405711119317992,39:0.1789456493242393,40:0.8812737097007193} with alpha 5.0 and beta 51.0, percentage 7.4074074074074066
The arm 5 has vector {0:0.5482468668514587,1:0.07053413012456711,2:0.09225500710013601,3:0.25551953520783866,4:0.6668209589726118,5:0.7528704204804569,6:0.05945061037339072,7:0.616661268271391,8:0.9256085996083105,9:0.44003454848186974,10:0.6537102054957651,11:0.26470676840209717,12:0.6388970993630628,13:0.7168056711302543,14:0.10911139291789584,15:0.5251217566443888,16:0.20483056340044292,17:0.4047479361637073,18:0.5193337950570214,19:0.540889450968316,20:0.4223409956752364,21:0.8649939448176838,22:0.5398964999848216,23:0.11596608412041254,24:0.48268545562477394,25:0.6793660255676311,26:0.9387801635174843,27:0.4432995116910844,28:0.39269627338239277,29:0.2668275699995999,30:0.19938767395623058,31:0.9572530097467643,32:0.1723384497433409,33:0.13516454185109272,34:0.872023440684964,35:0.0598521605943213,36:0.09499038910700908,37:0.6711227012454082,38:0.826062134351331,39:0.1871730945298391,40:0.4193629670296606} with alpha 1.0 and beta 32.0, percentage 0.0
The arm 6 has vector {0:0.7449513320325941,1:0.6943494635063029,2:0.666254640659618,3:0.9886174644849184,4:0.24834470023959,5:0.10128935366877323,6:0.2934336257976832,7:0.5163431226238613,8:0.09691436412015497,9:0.5649693668763391,10:0.6377073416930726,11:0.645869698671473,12:0.6010786528878341,13:0.6072125836498347,14:0.3228936087715304,15:0.25008532928434835,16:0.1763573090314775,17:0.3435710577946667,18:0.6955467419212185,19:0.9326107011998969,20:0.32215616917946777,21:0.23209334292193717,22:0.7967925044330462,23:0.5989503271905153,24:0.5767815328077212,25:0.16447642345935398,26:0.23456841568670683,27:0.5306690685427307,28:0.30229291674113445,29:0.08441769166118906,30:0.2310446826934861,31:0.7605804479295027,32:0.5441108564532349,33:0.43092275487525045,34:0.3494978651395838,35:0.2095029826104624,36:0.8073189937481818,37:0.6125116228714526,38:0.24158666014695696,39:0.7581634144805066,40:0.42514035488559954} with alpha 17.0 and beta 124.0, percentage 11.510791366906476
The arm 7 has vector {0:0.3768450077612171,1:0.8132701836789962,2:0.5187631382045528,3:0.36706395248678136,4:0.1504635775515023,5:0.02408164696351167,6:0.5253273497727122,7:0.6609292801086425,8:0.7373027848774557,9:0.529664559664591,10:0.43581453088195854,11:0.5445972305961305,12:0.6860514644191127,13:0.12130388755581512,14:0.9480665959638188,15:0.8957898151337347,16:0.27765233495810115,17:0.8144856713257481,18:0.055597802838491805,19:0.7486974123419073,20:0.9043017585392956,21:0.45167994427127733,22:0.2812921332534848,23:0.9415111644926625,24:0.21679223189790975,25:0.5572546897936875,26:0.19716384528925524,27:0.7028836594415362,28:0.6752879596223338,29:0.36920348343991505,30:0.04146695064236727,31:0.2763653929126558,32:0.2869444485410172,33:0.3651321102575368,34:0.8030632979711595,35:0.9214964352740043,36:0.21823684198485227,37:0.3914391234646244,38:0.6550812904106088,39:0.9977902781953827,40:0.21040368791212305} with alpha 7.0 and beta 74.0, percentage 7.59493670886076
The arm 8 has vector {0:0.8170053819109422,1:0.08433814633363779,2:0.6552230615691803,3:0.7486467805122167,4:0.9018233150225807,5:0.8471470645009811,6:0.4794410444123667,7:0.10371652000290921,8:0.783650212791887,9:0.6765145414421104,10:0.7259013885605728,11:0.6204376771327273,12:0.7555799236240854,13:0.6007919149569704,14:0.2510519162239969,15:0.41547551550359074,16:0.8927707202184947,17:0.34952433956222795,18:0.7964168337485538,19:0.8279380204575889,20:0.6161192597220936,21:0.49747818610982286,22:0.769537156959715,23:0.4463875718949464,24:0.06084862802559943,25:0.8048353161594154,26:0.9468443043908237,27:0.012845577788302864,28:0.5836428876480895,29:0.6221171738300646,30:0.03313352417337423,31:0.47878384440141364,32:0.3251031181322369,33:0.8996533774060197,34:0.9445462803295844,35:0.12841013966647152,36:0.3589665662981184,37:0.8584238599195119,38:0.7160850482780262,39:0.14209108717761942,40:0.6375079679064148} with alpha 2.0 and beta 33.0, percentage 3.0303030303030303
The arm 9 has vector {0:0.28745854449132735,1:0.8235173609899602,2:0.6722203196776604,3:0.7873084909203696,4:0.7119669284291924,5:0.43839417614488985,6:0.47690493866026407,7:0.9601081331508604,8:0.3600498153794105,9:0.16375719927583776,10:0.04636443861461492,11:0.010184895726888077,12:0.1753527395677681,13:0.2674434399164354,14:0.11958364646600306,15:0.12230231607902853,16:0.10724856795506077,17:0.680484673172357,18:0.6231309783442082,19:0.6282519173510803,20:0.947890792807929,21:0.8557248077507864,22:0.9489931531341046,23:0.9365034805783888,24:0.6851009345616692,25:0.7709589067612456,26:0.5443865922798229,27:0.980134742203957,28:0.9475569614862588,29:0.05158692538206888,30:0.018442815380574684,31:0.3213221295302896,32:0.6453031274803545,33:0.8934252675371096,34:0.3948660124640848,35:0.6430017369334338,36:0.9416494006423108,37:0.9143990544464526,38:0.6661884781880102,39:0.052720436575498075,40:0.7990186703903449} with alpha 30.0 and beta 181.0, percentage 13.875598086124402
The arm 10 has vector {0:0.8072659649784424,1:0.9347406896170737,2:0.0706241201769181,3:0.8135369175459475,4:0.48357672365072724,5:0.19547811123208325,6:0.07245834772343318,7:0.6775743370204464,8:0.0755064282883855,9:0.1796596703098453,10:0.838360099573894,11:0.8975724455512343,12:0.8241793867824917,13:0.7361773686838755,14:0.8853149845297394,15:0.39339669905714947,16:0.4014881926271848,17:0.7931265190036357,18:0.1155138746671368,19:0.5404093886285217,20:0.03313063414977602,21:0.6920982117460505,22:0.21794118061704693,23:0.5113802828066405,24:0.5413191814112712,25:0.4780662661291093,26:0.961781181425023,27:0.26484594828923447,28:0.8084430125288707,29:0.4097950254503351,30:0.7048775979150829,31:0.08770460032983063,32:0.7846936208117049,33:0.04780088304426544,34:0.44572998561568344,35:0.6648973547521867,36:0.4812579272999994,37:0.5176561417088997,38:0.4233348808679799,39:0.5764228994173946,40:0.24368401793122563} with alpha 29.0 and beta 189.0, percentage 12.962962962962962
The arm 11 has vector {0:0.8841848243247524,1:0.978546719777714,2:0.24347361041377202,3:0.11937898394251256,4:0.9294091735813581,5:0.6265665518466633,6:0.7682113422787876,7:0.10420946324344182,8:0.1819612335688967,9:0.22815949234608923,10:0.24285787812340542,11:0.19836216404699458,12:0.4249981691444863,13:0.9917175931777317,14:0.21101740117994894,15:0.5660451231786475,16:0.007969910627421584,17:0.7460121708354769,18:0.788505507319545,19:0.31605853001674655,20:0.7776988903795596,21:0.10253861086848082,22:0.9157499056067628,23:0.48166739254495794,24:0.0967113031553718,25:0.2868750154694575,26:0.5942296381437653,27:0.9097128563920465,28:0.28162070309332,29:0.9442495393935262,30:0.3020014817378093,31:0.3576485216359174,32:0.20143879210038385,33:0.5694451537315255,34:0.8311688256746802,35:0.7747699314809106,36:0.8823530723786357,37:0.5761380474717005,38:0.19657603505598542,39:0.2827336186989191,40:0.7441305970344895} with alpha 12.0 and beta 103.0, percentage 9.734513274336283
The arm 12 has vector {0:0.2194575973910159,1:0.5371114375358117,2:0.0034617733685011753,3:0.4966955672703032,4:0.7233236910338484,5:0.8614144375906734,6:0.02598752607397692,7:0.7204447437701603,8:0.3887105956586454,9:0.2760278879010917,10:0.8969575631774799,11:0.05293252598391007,12:0.02129786271505918,13:0.4430668358362394,14:0.49389514175775595,15:0.2919919676877075,16:0.5316214368539307,17:0.8373736963605057,18:0.7165731337919362,19:0.3309768856191423,20:0.3413390378550477,21:0.9677194299378155,22:0.46841523153989084,23:0.3621155351814518,24:0.7822229489424112,25:0.5384371549931691,26:0.23105576219093393,27:0.5974041755836884,28:0.970744809197781,29:0.9330099272816508,30:0.5272605970300448,31:0.17867726985403243,32:0.3885713366050042,33:0.7581148332627492,34:0.619924298689706,35:0.6694825094904697,36:0.5637839889762774,37:0.6985835775537496,38:0.3255235708203915,39:0.5504884165446724,40:0.6133685073358067} with alpha 3.0 and beta 51.0, percentage 3.8461538461538463
The arm 13 has vector {0:0.502070828060845,1:0.08440601511352452,2:0.17038722764374037,3:0.11033478111925998,4:0.11983661314896055,5:0.803177832654431,6:0.2281259729294578,7:0.8125192297113437,8:0.9119984537645117,9:0.6906878872207829,10:0.20629163259091188,11:0.07813883075411521,12:0.0018726243834785716,13:0.888904828350115,14:0.591207388692786,15:0.20241650518177123,16:0.39784381296672744,17:0.6974485211677696,18:0.4966922576296101,19:0.9020982001602336,20:0.14892045003640098,21:0.9767415779482665,22:0.8603128433967326,23:0.6296506861218468,24:0.8747198127818543,25:0.5585276722138452,26:0.6734144688959124,27:0.7447419344774884,28:0.279488717869775,29:0.697994687619886,30:0.724268038324796,31:0.2621758288910364,32:0.6939306803913547,33:0.11813205163111962,34:0.11038544983933596,35:0.3355157199055039,36:0.14900955710851904,37:0.6910318836475506,38:0.9517492154408072,39:0.34292266888125156,40:0.8195846681474488} with alpha 1.0 and beta 33.0, percentage 0.0
The arm 14 has vector {0:0.7353054382900218,1:0.513093738093391,2:0.27193493014868053,3:0.9216168904231021,4:0.13388863244376625,5:0.557390079711077,6:0.7660700779423081,7:0.20760075454010884,8:0.37934326692679743,9:0.725365653453563,10:0.040868590935897675,11:0.9199199148686998,12:0.7736450459100516,13:0.15749148433372673,14:0.27572622097084065,15:0.10672419940243949,16:0.90488329808671,17:0.3244181344286877,18:0.8610597627191977,19:0.49874003092520847,20:0.0827961192367207,21:0.41173973752000126,22:0.7809237536913222,23:0.40274758278385936,24:0.988525388142495,25:0.9207636275043882,26:0.8504674477378482,27:0.08649371920414206,28:0.42794733845032984,29:0.20062399165122013,30:0.13181593353897259,31:0.06363486822136166,32:0.2952716186541071,33:0.38306290111943675,34:0.4400329194641234,35:0.5703919432911614,36:0.8215678513983699,37:0.9510308453216652,38:0.07089802286740199,39:0.43269744731707527,40:0.1376556559757366} with alpha 2.0 and beta 31.0, percentage 3.225806451612903
The arm 15 has vector {0:0.18493205989166894,1:0.275757718616512,2:0.29203877008491363,3:0.4969049782327968,4:0.598282924892158,5:0.6889766398190406,6:0.07551824796244433,7:0.9819983329872387,8:0.16547470100817308,9:0.07614384730943857,10:0.001784878100400955,11:0.10541181013296785,12:0.7472735192846546,13:0.706388476455711,14:0.7444838659354838,15:0.3750770408870763,16:0.7648175909720742,17:0.9930842807289374,18:0.28817004809279845,19:0.0038600284460286183,20:0.9645765301729042,21:0.17140051516551436,22:0.48495640346364977,23:0.38679345500641416,24:0.9919511730316956,25:0.16644644233463246,26:0.7691139785875308,27:0.3326279729529541,28:0.6718171160036582,29:0.889324372924466,30:0.6613970659774403,31:0.6292316333097502,32:0.4268647401590733,33:0.8323825961519682,34:0.06917792805563627,35:0.09391020420879226,36:0.03646178190879312,37:0.5378871568651737,38:0.8097424209438165,39:0.5749670663938515,40:0.4425629310844017} with alpha 5.0 and beta 62.0, percentage 6.153846153846154
The arm 16 has vector {0:0.27317621275940684,1:0.5814346514745491,2:0.360166948218416,3:0.09367164498453784,4:0.5580679203146129,5:0.7713679105243834,6:0.20632219804523122,7:0.6228895494692545,8:0.6406686929310934,9:0.8474781201174612,10:0.06616614947755128,11:0.41347499396826715,12:0.5250394276034706,13:0.7020228825570928,14:0.5127027823824032,15:0.12952155974766755,16:0.7774600258048424,17:0.3948352248270236,18:0.09804955549931538,19:0.3207923010975541,20:0.7019174740804065,21:0.9823430945524679,22:0.11981746852460762,23:0.63507886318533,24:0.5028407770857353,25:0.7315205655182493,26:0.6732586343853414,27:0.260079107923302,28:0.4336796923648708,29:0.064855047740345,30:0.8997370189162709,31:0.5295521239236022,32:0.798874229875073,33:0.4406576058488273,34:0.46616403966697295,35:0.9653600914398112,36:0.18935479091431684,37:0.6379544822796013,38:0.05727355408891699,39:0.46777451386190805,40:0.04117960064281789} with alpha 1.0 and beta 34.0, percentage 0.0
The arm 17 has vector {0:0.24444408503855086,1:0.11039616858674905,2:0.8377898193546394,3:0.5211809832087259,4:0.3498336326981649,5:0.8354558718600401,6:0.45937808695521354,7:0.3153108212677038,8:0.7260840080703499,9:0.6089942074974599,10:0.3328493286667017,11:0.02086631503996428,12:0.44970465636049006,13:0.18930857377994903,14:0.8240253814085099,15:0.8374596149045556,16:0.23756556450058774,17:0.6786601636417238,18:0.1371549644757023,19:0.0845670741201422,20:0.484457127988569,21:0.9269299986630399,22:0.7749407582423895,23:0.3030958534930561,24:0.032166180841050385,25:0.5682264160336393,26:0.766651195604791,27:0.015079033377797701,28:0.6219026713731182,29:0.9416272487324203,30:0.8157497401988386,31:0.14566928656440503,32:0.15886686858462862,33:0.24913908105643046,34:0.3444588377690134,35:0.40654827543316263,36:0.6207968666742687,37:0.3371869718290428,38:0.8760605754451312,39:0.9999312142136562,40:0.5659663473105409} with alpha 4.0 and beta 51.0, percentage 5.660377358490567
The arm 18 has vector {0:0.06340684696006427,1:0.2910582713181431,2:0.5408683534490352,3:0.3214006770893071,4:0.5898100125840389,5:0.4848298097152193,6:0.037821345699852515,7:0.10142075099045467,8:0.7014559049811088,9:0.592719301769199,10:0.5403021902530548,11:0.12062468778407809,12:0.9649562983207393,13:0.4441146647424181,14:0.8626239205952401,15:0.2973942695841192,16:0.8413251582631394,17:0.4684246492743853,18:5.407930920038329E-4,19:0.05710644573012147,20:0.8768785126959909,21:0.6280790640102741,22:0.9199767297535634,23:0.19878172870173882,24:0.20776082633374693,25:0.9739384944127526,26:0.5883452104090543,27:0.43142736227455913,28:0.9219935587340942,29:0.0838895344609879,30:0.8335115809141588,31:0.713635740217646,32:0.5931302670824509,33:0.0011682384710633986,34:0.7617270607563562,35:0.1939651873439241,36:0.6171559472794447,37:0.3636062066160215,38:0.02255146474619074,39:0.36543516893283234,40:0.9346242476680012} with alpha 1.0 and beta 31.0, percentage 0.0
The arm 19 has vector {0:0.03664584849389707,1:0.6698537371804586,2:0.18139883784177935,3:0.9156896584481401,4:0.17440628167957184,5:0.9923099817959976,6:0.9111249230956395,7:0.6385355186894646,8:0.20266057055358777,9:0.2795613543240124,10:0.4729641771534653,11:0.13314730129461494,12:0.7920632176804978,13:0.16998320285623547,14:0.2302357491681969,15:0.47614400296524695,16:0.3965798138373824,17:0.8483744775620742,18:0.33214783293427985,19:0.29538228495822993,20:0.8570933707371721,21:0.3994449691419575,22:0.8657416652316818,23:0.6063884449055105,24:0.18031553976310788,25:0.10425244743557982,26:0.6410353941237303,27:0.09513386193728324,28:0.2452018092267808,29:0.3989076095300499,30:0.8197791082892348,31:0.9096498466331124,32:0.04882654529506181,33:0.5914607828157509,34:0.23219695597754986,35:0.6358549611107486,36:0.1098999925074936,37:0.3718121986070717,38:0.2713930979837631,39:0.06721398803339906,40:0.9513554764029536} with alpha 1.0 and beta 32.0, percentage 0.0
The arm 20 has vector {0:0.06363079338789146,1:0.03561458630986536,2:0.6746666088917772,3:0.6390422851088614,4:0.18363073508262862,5:0.6472160624113933,6:0.1818091922824252,7:0.39006551742770623,8:0.2424479055846348,9:0.04450227359666514,10:0.7790591368397868,11:0.3274737670379819,12:0.22909757782221551,13:0.8173985109639204,14:0.48980590288218817,15:0.2234996047715304,16:0.6497578048055435,17:0.7116335572235549,18:0.9527115387624487,19:0.5694656807379429,20:0.5088784005321139,21:0.3292809514232179,22:0.8646301870428874,23:0.11633857123154212,24:0.6491221496784534,25:0.0019389088910130026,26:0.6341980266791171,27:0.17114704599864694,28:0.040345321638317166,29:0.3027767281191426,30:0.5346423720206531,31:0.6464216364711265,32:0.5220572988216579,33:0.7576410184621132,34:0.2526208433852495,35:0.2478677049123349,36:0.1980470651067162,37:0.8524719595593451,38:0.6556675154946161,39:0.8063659525062625,40:0.24348631615798888} with alpha 1.0 and beta 31.0, percentage 0.0
The arm 21 has vector {0:0.10815713748302336,1:0.909146938491453,2:0.17792030021922978,3:0.4365898935504636,4:0.7456113284197342,5:0.42271517015839644,6:0.24863134507335816,7:0.6980818984317746,8:0.7339661786287022,9:0.864808466160526,10:0.270802696283858,11:0.8420990505334954,12:0.09853916568542287,13:0.9918583986569067,14:0.6104902881995472,15:0.6286967455900276,16:0.41121613708503657,17:0.3505577138972874,18:0.6623082443275105,19:0.024465547667987253,20:0.4647468505138057,21:0.6161606617607085,22:0.30655490520337236,23:0.9131142018004156,24:0.001939130113289389,25:0.13368663923250768,26:0.19610796569414723,27:0.3050400185269533,28:0.16912304243344545,29:0.5843805355253531,30:0.6741098322304673,31:0.040424872167087345,32:0.2805202395632641,33:0.4082898729884834,34:0.49612004531812737,35:0.13615598394869144,36:0.8095546086025259,37:0.4808902492944035,38:0.9874672758133527,39:0.8323826233405437,40:0.14165458169446565} with alpha 4.0 and beta 56.0, percentage 5.172413793103448
The arm 22 has vector {0:0.2922758897602372,1:0.6927090377180258,2:0.07027995891399785,3:0.06116502641081922,4:0.11825305846915768,5:0.9114849115057223,6:0.35813815025328277,7:0.5592890922093675,8:0.1274522961321023,9:0.6198288026989281,10:0.7359240579754208,11:0.7453271933485275,12:0.5468298115285628,13:0.7644175852238176,14:0.3244224694484955,15:0.1475218563772911,16:0.3334290947926707,17:0.9234562059272847,18:0.29223990108717623,19:0.6768259401775663,20:0.08681543906706879,21:0.9756915377587285,22:0.8865901171991872,23:0.5826465626131679,24:0.09267490218135432,25:0.5054970209666775,26:0.7940660966568166,27:0.38326221451938103,28:0.38821438634565053,29:0.9290626238135208,30:0.09029217430430958,31:0.5344423783544875,32:0.768575374400919,33:0.6666076167603722,34:0.970602982130099,35:0.4919830873103854,36:0.24754430966149832,37:0.7498328996931899,38:0.9266135029040498,39:0.8586439734038522,40:0.9655978592687972} with alpha 1.0 and beta 30.0, percentage 0.0
The arm 23 has vector {0:0.850553035323889,1:0.5141371369538835,2:0.08510017569657269,3:0.6454549620974491,4:0.20489422505535548,5:0.3116767057593346,6:0.45812053252766605,7:0.6399614788230796,8:0.16997431239964889,9:0.7831628387081655,10:0.31393243499216195,11:0.6318658935478565,12:0.8840872836331773,13:0.25619670904059566,14:0.6585812757041786,15:0.9002352872165714,16:0.3970457357335718,17:0.943051647257813,18:0.7150097847894094,19:0.4464284412553219,20:0.6873406238549807,21:0.6723122370205229,22:0.3644236876666247,23:0.2245135353190052,24:0.6621425830510199,25:0.24446187125128394,26:0.07889570950637981,27:0.5186175814956396,28:0.9840004823627857,29:0.7166552886782683,30:0.9878287289178642,31:0.5092915683047278,32:0.35534632042997283,33:0.02730833599059157,34:0.85423651889801,35:0.83050122713249,36:0.026881946393897516,37:0.8920544409259502,38:0.5000807566477359,39:0.12720944620119978,40:0.7539439002644721} with alpha 38.0 and beta 233.0, percentage 13.754646840148698
The arm 24 has vector {0:0.6341449173508548,1:0.38288570456230153,2:0.27174330577737704,3:0.32020548321464937,4:0.42556634144475514,5:0.8220355735031073,6:0.3763647480997405,7:0.5321222035682195,8:0.9812777412742848,9:0.13962911687687118,10:0.7534922483853936,11:0.6425875744317683,12:0.36554267690504516,13:0.7303446983755568,14:0.01588522336780296,15:0.8796945982090023,16:0.45921938133343143,17:0.3512868771408826,18:0.9059421505807942,19:0.983231967291467,20:0.475583067584722,21:0.7324908970803549,22:0.6734150061443945,23:0.23570973675585538,24:0.38152374433718805,25:0.7293268262319588,26:0.2800799132690248,27:0.6780107436500926,28:0.18524500939434163,29:0.9243727007632929,30:0.29945515384075017,31:0.9071850913553682,32:0.19659611121806075,33:0.5253028750823971,34:0.4367240878783384,35:0.37807490566413793,36:0.7277376891747641,37:0.4372050173312164,38:0.7618766390117495,39:0.6088883033368868,40:0.35069421790515476} with alpha 5.0 and beta 63.0, percentage 6.0606060606060606
The arm 25 has vector {0:0.037235759583055694,1:0.38235373840744846,2:0.535703541750849,3:0.8798998554014601,4:0.6913311683487171,5:0.8801235239307328,6:0.3632437770038309,7:0.001350992155825237,8:0.9860904911604359,9:0.7090861901234968,10:0.5519893641609275,11:0.4549876106012507,12:0.15318026104323257,13:0.736835290332304,14:0.6834848132094082,15:0.2915409138102696,16:0.9887457937542733,17:0.16012916112033293,18:0.5853691484396627,19:0.1382302856023786,20:0.5677765111100034,21:0.9371872668111118,22:0.03113973494189648,23:0.45159120845799583,24:0.023410567558367568,25:0.05576911517452199,26:0.37422560193645094,27:0.45318007570190966,28:0.0023324845358903,29:0.7729556652417834,30:0.11442480128339849,31:0.6298157009802863,32:0.11197246735460609,33:0.19846917009320553,34:0.5398180589750222,35:0.011747292820877941,36:0.4027815814431087,37:0.5251881208777367,38:0.3839472445211519,39:0.606375255765519,40:0.6795287020702772} with alpha 2.0 and beta 39.0, percentage 2.564102564102564
The arm 26 has vector {0:0.6572187879697684,1:0.6899013312670452,2:0.21768103627847613,3:0.4863356006223105,4:0.18228212322657045,5:0.3934376657261982,6:0.29112338391795334,7:0.9488078260954941,8:0.4036059666230344,9:0.18604047211794128,10:0.003419678551787597,11:0.022972274409466475,12:0.47605498703375815,13:0.43705000889739,14:0.19805860877362924,15:0.8434178254804375,16:0.3276077066296744,17:0.511743882997922,18:0.8251369464496672,19:0.36127227177032606,20:0.797638905586576,21:0.42442392222132297,22:0.9848870255375369,23:0.73046530325787,24:0.20259724317254257,25:0.5143547636172897,26:0.9021911011924403,27:0.6083210476580297,28:0.165246536379693,29:0.4177045526478912,30:0.5320669393069022,31:0.4580696711075264,32:0.1273232483358272,33:0.7532264898724562,34:0.16982364172594266,35:0.0015671452848566858,36:0.6396347056509315,37:0.4198145649312651,38:0.037212387029379124,39:0.5976245144150709,40:0.6049210511699852} with alpha 40.0 and beta 256.0, percentage 13.26530612244898
The arm 27 has vector {0:0.4841438207583951,1:0.4889638363100074,2:0.493039409142793,3:0.12729656522220478,4:0.12870050189432214,5:0.40818659961735493,6:0.8129615188963789,7:0.9649209928432072,8:0.6513005057915257,9:0.18084593026248463,10:0.9543649813670427,11:0.13509828284843084,12:0.03870715021830118,13:0.9777779899274475,14:0.269350087635876,15:0.03552123174451505,16:0.4305296486605702,17:0.8365447202728177,18:0.3019031966385437,19:0.044669931740884294,20:0.8225511412583076,21:0.10358532302687695,22:0.27179629139028505,23:0.575109402173479,24:0.4097828231637387,25:0.009258663425271152,26:0.36843566175806175,27:0.09597818622121834,28:0.024803487719106898,29:0.6323826127747484,30:0.12724977736826026,31:0.7848263315880853,32:0.42486312727719666,33:0.13957157294731937,34:0.461685025585702,35:0.1706261338678441,36:0.2737719763996591,37:0.0978862462225989,38:0.8348178388265752,39:0.24741610732833363,40:0.6459444974406788} with alpha 120.0 and beta 622.0, percentage 16.08108108108108
The arm 28 has vector {0:0.6365708831856287,1:0.7751675434478259,2:0.3747904735224735,3:0.8102276588456822,4:0.5922102133390436,5:0.01980891655041339,6:0.20429245804067764,7:0.9553504774585416,8:0.06965773786583407,9:0.9499339909850842,10:0.4274735939084131,11:0.4230084692531716,12:0.9945158181901186,13:0.9454774124814156,14:0.6954058606463082,15:0.02058882761878278,16:0.9279269523005892,17:0.7713169389713418,18:0.6413649043007891,19:0.9246049592930178,20:0.5574566176107716,21:0.1625222494145684,22:0.8113870429187806,23:0.00850181138930628,24:0.7508789507391697,25:0.12446394210858303,26:0.24103097948585384,27:0.011416281228555869,28:0.8732891233685751,29:0.7535701243771197,30:0.6928566894624724,31:0.20897035042847978,32:0.09816143257270593,33:0.25649203575984236,34:0.24403534986069897,35:0.6170412400565671,36:0.3223343765078611,37:0.005586411298409866,38:0.4864749958138479,39:0.3218249215419987,40:0.8662334288663407} with alpha 30.0 and beta 197.0, percentage 12.88888888888889
The arm 29 has vector {0:0.20173379980997996,1:0.9726379974979658,2:0.08797574709115841,3:0.9178997432090727,4:0.7797358182520305,5:0.5990617045513565,6:0.40539827029416475,7:0.31107007427670064,8:0.3245594009326438,9:0.014493038004462666,10:0.5033574190192551,11:0.05883996601496777,12:0.2010175216039991,13:0.05509141708702514,14:0.5431917571925353,15:0.7037986306401178,16:0.8508506039432512,17:0.9140920833283187,18:0.9308199801346833,19:0.8842123902353182,20:0.2601190491602584,21:0.17590336912925508,22:0.9278547531057781,23:0.559436659434374,24:0.7744918692720744,25:0.9703267597561951,26:0.7498746574544489,27:0.08065433867294125,28:0.42874850230300177,29:0.14931752016558586,30:0.8523849347886325,31:0.059831909140259154,32:0.27959917773383103,33:0.7518288194238056,34:0.35963322745422355,35:0.9979029956626778,36:0.23667088637358502,37:0.43949536363164765,38:0.7476842056935021,39:0.9235772255628777,40:0.8994631024789174} with alpha 1.0 and beta 31.0, percentage 0.0
The arm 30 has vector {0:0.7358933320681766,1:0.9351748296582175,2:0.12111957095977954,3:0.7902170320036358,4:0.43476155031069497,5:0.2613350743926379,6:0.4260145431301221,7:0.7851288136479478,8:0.33395857508474613,9:0.9716966343031519,10:0.08971130776924219,11:0.32474191438716105,12:0.036062947831271175,13:0.12609363444992439,14:0.09869061182400118,15:0.1819744916520898,16:0.055788647803004965,17:0.3692624323181828,18:0.624122441771919,19:0.12038641572487618,20:0.7062959638682595,21:0.5827378999792184,22:0.7463974854673155,23:0.20692281880253383,24:0.18331057531537942,25:0.004300610970501384,26:0.8735685422816517,27:0.6398725585287162,28:0.591617449539893,29:0.3689917236832333,30:0.0911726077117424,31:0.8978862545025815,32:0.3670647679781408,33:0.15003758592203276,34:0.2562938351406687,35:0.34177834345197755,36:0.12313393600259537,37:0.45467436217262946,38:0.788699797743129,39:0.8417336731861591,40:0.8190651724015047} with alpha 32.0 and beta 206.0, percentage 13.135593220338984
The arm 31 has vector {0:0.9133593918769162,1:0.612394845587931,2:0.8056793362837057,3:0.31682182865400765,4:0.8653327270641766,5:0.021368900601533403,6:0.17600606940876307,7:0.7259086557313643,8:0.9006321246236164,9:0.5927248252849231,10:0.40386484070462936,11:0.25335486449973066,12:0.16723291676202368,13:0.036326499156069,14:0.25179475205366986,15:0.9866478342656635,16:0.606617444393834,17:0.2451551941709037,18:0.7428122214299713,19:0.7867465155921779,20:0.09853994152544387,21:0.8022761428492895,22:0.02603226261938052,23:0.28551756297293696,24:0.48551972545845035,25:0.647563579137831,26:0.8396624025120494,27:0.8904523327829382,28:0.76123983519822,29:0.49962685400161544,30:0.7082787298031218,31:0.651418576913305,32:0.1634142141243229,33:0.9637687850882741,34:0.6079547331733176,35:0.7708525556568115,36:0.3451203204087371,37:0.5451730083798573,38:0.8843343471578486,39:0.02794914520350733,40:0.7355787391179878} with alpha 11.0 and beta 99.0, percentage 9.25925925925926
The arm 32 has vector {0:0.4326616649888433,1:0.7698842150851359,2:0.9309481458239708,3:0.4600922960282273,4:0.6208333632647794,5:0.6833156288897975,6:0.6207354857178611,7:0.36540446254251346,8:0.10567744702601456,9:0.6414529985175232,10:0.018327912036642857,11:0.5502451201166982,12:0.5960512800326215,13:0.4834220563501418,14:0.395181798698399,15:0.4164253106110265,16:0.14886279597725283,17:0.2728907049103988,18:0.7971608935637178,19:0.8968612439476066,20:0.3753996444180764,21:0.37644994349483696,22:0.979758711190213,23:0.1312376468102675,24:0.6971050271131596,25:0.26370123175020077,26:0.4482946371505243,27:0.051692889471690484,28:0.905852102328999,29:0.23949262600018817,30:0.9079218011238581,31:0.5141592221508872,32:0.13470418846433807,33:0.27675026775372547,34:0.09360477958564573,35:0.5480673268603663,36:0.8362366712229284,37:0.21816215617431656,38:0.7839991476973905,39:0.6095114520222433,40:0.9531857706278578} with alpha 21.0 and beta 153.0, percentage 11.627906976744185
The arm 33 has vector {0:0.9380873390737205,1:0.35753408946323206,2:0.2995942313537683,3:0.11087561095271636,4:0.714327319146194,5:0.5661596421648686,6:0.3830192696470428,7:0.39472664420999237,8:0.5000147087800239,9:0.41319149630567187,10:0.43189870079513193,11:0.9898160261437015,12:0.5982682585576438,13:0.91736363369711,14:0.6995838730109691,15:0.6493705296928518,16:0.864565821138845,17:0.5653730370002643,18:0.06346636993750898,19:0.7175529065151177,20:0.6035856771211254,21:0.7839857782381646,22:0.09350660900995578,23:0.2751742642203502,24:0.27405281085163635,25:0.6248164005091705,26:0.9047102237944937,27:0.8412805442318149,28:0.36481140221884534,29:0.6885100531072902,30:0.6379329435288762,31:0.28615867133589057,32:0.748889711044461,33:0.11707326150648223,34:0.7844425486983331,35:0.6178065281667423,36:0.47277896449138,37:0.6146247535499562,38:0.6346334193729587,39:0.3974704225315382,40:0.6714090384167619} with alpha 2.0 and beta 40.0, percentage 2.5
The arm 34 has vector {0:0.5914894721659142,1:0.40910922460080157,2:0.5952500362674754,3:0.24344257242456346,4:0.5060166167254352,5:0.1695722919904341,6:0.7687148210919692,7:0.06779269525794696,8:0.1751990564261079,9:0.17019922179894897,10:0.546943386117184,11:0.19307884172142453,12:0.44585796018663926,13:0.7125801373378546,14:0.14841455610193188,15:0.19417284668523815,16:0.31980364734569366,17:0.9704991061726249,18:0.8884466079434632,19:0.8957203894800426,20:0.9847645815968595,21:0.8859052613664135,22:0.32562486221764264,23:0.3615124026253479,24:0.3735513901258757,25:0.7711484112831457,26:0.6822731396314986,27:0.333677651099511,28:0.3464418032786065,29:0.9363134451907169,30:0.0529267795567121,31:0.781260295161393,32:0.6457041433206485,33:0.1849169783655772,34:0.5924024127009214,35:0.15452611175684317,36:0.8046487647021223,37:0.4064432205451636,38:0.7789393190624841,39:0.616661528193645,40:0.662324138536254} with alpha 70.0 and beta 385.0, percentage 15.2317880794702
The arm 35 has vector {0:0.28428150953139153,1:0.43106321183042073,2:0.8084166447866281,3:0.11481911358731878,4:0.4857063838807104,5:0.8966682015902794,6:0.7151984385131924,7:0.019962243467026908,8:0.6313582690834652,9:0.6918503728406891,10:0.20326284385872206,11:0.4686599610513976,12:0.9302492157846507,13:0.4015455872060866,14:0.15400664422021126,15:0.47131171278797157,16:0.13561073807499913,17:0.8286953871684428,18:0.721019229686668,19:0.23984976156014193,20:0.8893282447996211,21:0.4174018044130924,22:0.24700578600565348,23:0.449397220219682,24:0.25294955103318717,25:0.42660482318579784,26:0.40204472360623167,27:0.3868403807333315,28:0.43469575213160505,29:0.051722477483199136,30:0.5759656959232685,31:0.2776983847043827,32:0.37041075420396286,33:0.17265800467252868,34:0.6133558103946588,35:0.06911768654828887,36:0.5261634554383314,37:0.14363983945669712,38:0.8740859415356748,39:0.4277270368759917,40:0.0627704280657575} with alpha 4.0 and beta 57.0, percentage 5.084745762711865
The arm 36 has vector {0:0.058480358047537595,1:0.6018470313154843,2:0.19668008759702016,3:0.32705878890592477,4:0.0272874725618808,5:0.17704525949155459,6:0.9155931891929345,7:0.5801836318349998,8:0.2736130481366009,9:0.027434853159758354,10:0.005186263344961195,11:0.39211290741012217,12:0.2923263371674101,13:0.4102058264560231,14:0.3620534570192311,15:0.25342008218988177,16:0.971508020380208,17:0.08394988755447741,18:0.19339163984199326,19:0.2562050984006279,20:0.8083411262765748,21:0.07860427954934313,22:0.22312720769774352,23:0.7731348304257987,24:0.12655221574278885,25:0.20699180392478134,26:0.6145744211711189,27:0.047977116617283544,28:0.01487763774064399,29:0.5015232643956744,30:0.25410762510429097,31:0.26911345287204236,32:0.22007601430411394,33:0.6058269621731694,34:0.9543402143289014,35:0.6174242063136247,36:0.7234056134941206,37:0.8141648323396381,38:0.8374687480254597,39:0.28810098231698233,40:0.8746520497915008} with alpha 4.0 and beta 56.0, percentage 5.172413793103448
The arm 37 has vector {0:0.22411710345625868,1:0.24855530838554285,2:0.30464612619055287,3:0.5729600132364622,4:0.28956244897837946,5:0.7634017832750661,6:0.17624438032112033,7:0.6249739509498462,8:0.8323143887823884,9:0.832390872104462,10:0.9312828843374802,11:0.134125084583967,12:0.6924776202242036,13:0.9253408602559932,14:0.5129722445613389,15:0.033296744459033745,16:0.6276570640869995,17:0.5393403773800823,18:0.004325758375591793,19:0.45111408626380467,20:0.2033499187409974,21:0.8342750733171141,22:0.289073016678584,23:0.44443009952069357,24:0.4663362227001264,25:0.7261086433940489,26:0.7389523823920298,27:0.18042732474279477,28:0.6474065942935644,29:0.05024068125002934,30:0.14855998190298347,31:0.5002830557063952,32:0.03475267019370276,33:0.9484071009087407,34:0.7521627895526452,35:0.2564866427067105,36:0.6822777940088156,37:0.8774105126681566,38:0.7146637784120314,39:0.8004808062340787,40:0.24438935721028077} with alpha 4.0 and beta 57.0, percentage 5.084745762711865
The arm 38 has vector {0:0.8523806780217705,1:0.03752887079600642,2:0.32721703761390264,3:0.9045747528833955,4:0.37085009091744947,5:0.10149310210817908,6:0.467444480255215,7:0.9225063267733298,8:0.48365869234641146,9:0.2720729498444735,10:0.16575976062526687,11:0.08946636334556823,12:0.6791728767594214,13:0.9820521842772768,14:0.9280073515793885,15:0.7478055503475519,16:0.007984275433888244,17:0.4205730339327757,18:0.15017459350480344,19:0.25764828378010773,20:0.2190457448492361,21:0.08221193561688966,22:0.46986242449795,23:0.36367004037283157,24:0.24612532326965553,25:0.05171800267999249,26:0.3049531390064881,27:0.5902527908818322,28:0.020475913512720934,29:0.16670908246261373,30:0.07632784019283567,31:0.3891612102515384,32:0.3943588355883303,33:0.7677766246996741,34:0.6267162492261438,35:0.713113102533727,36:0.8307379030464108,37:0.24496706127541623,38:0.7024872898307836,39:0.9283470207183161,40:0.5101604404580935} with alpha 14.0 and beta 105.0, percentage 11.11111111111111
The arm 39 has vector {0:0.3860873532951573,1:0.23699784318004324,2:0.6914960378153898,3:0.27864777354115633,4:0.18012442167064768,5:0.0468101601807992,6:0.9170387705626615,7:0.291624932700434,8:0.9909780829963822,9:0.5241443602290957,10:0.07395517209109703,11:0.6650159865174873,12:0.9454907677918972,13:0.3616547790570773,14:0.22169532719278828,15:0.9030683978385005,16:0.3858738092406977,17:0.6548085482204375,18:0.3524217708002979,19:0.8253401244546903,20:0.4305473362756802,21:0.3145634014389673,22:0.7799036031036473,23:0.11233210878204647,24:0.08691629438096915,25:0.1122927303595107,26:0.2743726355704914,27:0.4969492803566914,28:0.47915178863398156,29:0.2904875071574642,30:0.0066365687235471205,31:0.3327746578286642,32:0.9576813252174075,33:0.27825626825536065,34:0.527027378583614,35:0.41318990688744095,36:0.8475548108325673,37:0.3804545166443343,38:0.14241731922549894,39:0.3944207721090751,40:0.6136116278672193} with alpha 58.0 and beta 331.0, percentage 14.728682170542637
The arm 40 has vector {0:0.7033067313200642,1:0.38807250683926464,2:0.9472134121087502,3:0.09663373184320956,4:0.4910298973685093,5:0.30679064502831377,6:0.23092334549152083,7:0.8378750712249413,8:0.40106026781553505,9:0.40601858401188684,10:0.02506585369946157,11:0.2450651069456038,12:0.7487929873083972,13:0.9928342641141592,14:0.047799728254669716,15:0.33312206941564293,16:0.17879137995798566,17:0.295024415716462,18:0.4816426363212104,19:0.08349211976851201,20:0.6066767686950921,21:0.0589507071908949,22:0.9375647097371829,23:0.21244742426598773,24:0.7482329991280113,25:0.20565871078850162,26:0.1708748713847058,27:0.8503395421977289,28:0.6104171346132784,29:0.4955948984044092,30:0.20229706510571976,31:0.6402782412054554,32:0.7686260085788708,33:0.08381857704856166,34:0.7299857999831532,35:0.4980673338962921,36:0.6790913393240066,37:0.8787966503207866,38:0.054780636627540624,39:0.18776133022547326,40:0.3932686165718289} with alpha 17.0 and beta 127.0, percentage 11.267605633802818
The arm 41 has vector {0:0.33399071975857586,1:0.251054001100959,2:0.515798195820287,3:0.8173231930809337,4:0.6340320188408918,5:0.6206511749501961,6:0.5928993251691803,7:0.8352113520685657,8:0.5533920766719869,9:0.6781394539387323,10:0.8510772760986635,11:0.26242637064526597,12:0.7869074860376013,13:0.9456950561642464,14:0.39221246997209436,15:0.07534447884580542,16:0.6664155621902006,17:0.5453171336402036,18:0.828818231880567,19:0.938957158057414,20:0.8362739893583315,21:0.3956770475929521,22:0.7843288066003794,23:0.24793328702990147,24:0.12115854487454447,25:0.9224895886708484,26:0.05766339825887912,27:0.9459212573138492,28:0.956875888911134,29:0.21773715047046183,30:0.8988506296737513,31:0.5553700211414658,32:0.2362004783749989,33:0.22783994940583896,34:0.03728294157652012,35:0.7625948900138582,36:0.6854254378651241,37:0.8604109654896337,38:0.4154966601540233,39:0.9655508737968104,40:0.32799615143903516} with alpha 6.0 and beta 65.0, percentage 7.246376811594203
The arm 42 has vector {0:0.30187553400067113,1:0.6708075176768522,2:0.6769548483459484,3:0.9097167932618,4:0.33540274667753944,5:0.3616220373850445,6:0.8978757316162143,7:0.5309483711377204,8:0.6480861978610498,9:0.37876400180359626,10:0.22324047453864404,11:0.3435791544761544,12:0.23493475599380287,13:0.8047744713810829,14:0.0107433664301676,15:0.9611988911546419,16:0.2784959369053618,17:0.7389628613277508,18:0.3866798107907887,19:0.10309724928418929,20:0.34681097109499315,21:0.9705814117826218,22:0.6914752200297228,23:0.48302802015008794,24:0.1272354492337462,25:0.867674788267632,26:0.6479432713972377,27:0.43450815388763664,28:0.8259203457083701,29:0.6406818732208971,30:0.9132704722183914,31:0.657368172830421,32:0.44205169788260823,33:0.7587013645801857,34:0.9655513385571732,35:0.8349298796510465,36:0.5844550962569838,37:0.33074256000439783,38:0.5611789392519745,39:0.15662121725244804,40:0.138814906189618} with alpha 11.0 and beta 88.0, percentage 10.309278350515463
The arm 43 has vector {0:0.05849224596956626,1:0.16361709751106635,2:0.3971275555332906,3:0.7148232255454183,4:0.4987972553830913,5:0.005935414904209346,6:0.25739413504825903,7:0.10291669172813,8:0.6015742076082972,9:0.5514317606488163,10:0.41599751640618743,11:0.020170155062486872,12:0.1359970188152564,13:0.6211951415060007,14:0.14534840612561462,15:0.2547059258898814,16:0.4066369293010107,17:0.32735856565655597,18:0.8769614003232699,19:0.04525919332126904,20:0.7525428044709572,21:0.4235558918610548,22:0.021792070340796554,23:0.2545585215153957,24:0.41752745465056784,25:0.3967872457652296,26:0.152638424856804,27:0.018521885326588605,28:0.14178703739211918,29:0.4858266801109482,30:0.2516976613415831,31:0.5196367251291079,32:0.5353848407705384,33:0.6329195621101862,34:0.09223842671675819,35:0.6237349474676158,36:0.8515517994847515,37:0.4392047359968867,38:0.8708483689678094,39:0.6892030853492401,40:0.0287603746554147} with alpha 20.0 and beta 149.0, percentage 11.377245508982035
The arm 44 has vector {0:0.12262198789944223,1:0.7626733746105347,2:0.8503445372504524,3:0.41664952918257314,4:0.08215235466449933,5:0.4163307924746339,6:0.21950442635861722,7:0.7657868564257593,8:0.7952336348008229,9:0.8266785664004787,10:0.5328741685360784,11:0.25780395443616055,12:0.6780169982430486,13:0.06492049669469602,14:0.8598910736730521,15:0.3619670807572244,16:0.22605874098671308,17:0.42716842149142165,18:0.24927076055563868,19:0.1487159853356449,20:0.4084956500830903,21:0.9495623428763584,22:0.9613662674020934,23:0.390287737746452,24:0.11223270542338293,25:0.3960465669957862,26:0.9693077822156417,27:0.4977598855903811,28:0.05489298249857877,29:0.472025046753646,30:0.4306940697374859,31:0.8513268702917761,32:0.3660228637169797,33:0.1479434402237736,34:0.5213512228385442,35:0.7598061590244164,36:0.3189207880983458,37:0.12159715298224028,38:0.5640142457398751,39:0.6445893454372078,40:0.6735854886645999} with alpha 9.0 and beta 77.0, percentage 9.523809523809524
The arm 45 has vector {0:0.40011573837805825,1:0.004118487527948744,2:0.927839691878583,3:0.09430693902140708,4:0.4232787403522388,5:0.47432919622689795,6:0.15573961755349486,7:0.7210804901954933,8:0.07304269527642293,9:0.7691605566468745,10:0.05712608778758399,11:0.8908881638878186,12:0.5444169104879303,13:0.34056168095979455,14:0.8388891844810775,15:0.29968468195887854,16:0.9263215942092274,17:0.5047352091600035,18:0.7303211953143113,19:0.6563875354319445,20:0.02568513196398381,21:0.5910759497455811,22:0.7153320376250146,23:0.34856812837968476,24:0.10324352712260365,25:0.6867896842943089,26:0.18503014685937647,27:0.2123027908141737,28:0.4225794080825943,29:0.5022808638494496,30:0.85322024873688,31:0.7225013371102614,32:0.24088140671444802,33:0.4261507914770829,34:0.5176002013316248,35:0.20024421910215529,36:0.259858370422854,37:0.17668071576368782,38:0.9117812974774435,39:0.8126396024313113,40:0.6070163506054372} with alpha 7.0 and beta 73.0, percentage 7.6923076923076925
The arm 46 has vector {0:0.5626250341613925,1:0.9666657361026119,2:0.8391104668571324,3:0.4726546539844705,4:0.5075712312992127,5:0.27780545661050426,6:0.7273835789528079,7:0.6215303057003562,8:0.7962264132971418,9:0.6862136212796287,10:0.7255389279745457,11:0.3911381658539137,12:0.08269081889884833,13:0.300256426838889,14:0.7355981799283801,15:0.3078727537373923,16:0.7347074244945933,17:0.5491951939999038,18:0.8592528688284,19:0.7708664474677548,20:0.589080511962166,21:0.008448429937717106,22:0.7870099306461203,23:0.16949359813170473,24:0.7516305740018049,25:0.47344493117150865,26:0.2049544367221925,27:0.8720838189628523,28:0.6174999919582651,29:0.6660654704650335,30:0.42731684905634904,31:0.4349826609088491,32:0.44150213516032455,33:0.5519070077057711,34:0.4159507128198674,35:0.26287155025371667,36:0.48191329257594484,37:0.9804848969787215,38:0.509136818545832,39:0.6384498313761588,40:0.6631174471277798} with alpha 47.0 and beta 276.0, percentage 14.330218068535824
The arm 47 has vector {0:0.6387600770510277,1:0.39533663262265795,2:0.8888719257157237,3:0.6236067109172583,4:0.5776701387063913,5:0.5326760707355505,6:0.4617517949833936,7:0.27885310196300717,8:0.7392894061792308,9:0.19028353663513464,10:0.8341995295022979,11:0.8913176236712861,12:0.46569026302158245,13:0.37973951445476706,14:0.6120793280321312,15:0.6400334754358366,16:0.7148367646490396,17:0.038684528375771965,18:0.580039117533478,19:0.34659728246305754,20:0.6145513901440488,21:0.6750497721583649,22:0.18445343943238035,23:0.4387246982271479,24:0.6043444867197821,25:0.6621990280530641,26:0.14105720293097623,27:0.35810434321760465,28:0.3219767830472755,29:0.6902605410263242,30:0.5445431671690135,31:0.04029884022098007,32:0.4546218394799604,33:0.5135388192794724,34:0.826204198122235,35:0.4741551949901277,36:0.9593939703524902,37:0.27655941092277503,38:0.8677916987784626,39:0.4617985751772622,40:0.4086735651328329} with alpha 13.0 and beta 100.0, percentage 10.81081081081081
The arm 48 has vector {0:0.13809326579544978,1:0.8894297462740144,2:0.4949745775852967,3:0.103784413055384,4:0.07049105920750498,5:0.16462759701845242,6:0.9105467308724299,7:0.8749564555711862,8:0.9161319183779552,9:0.04198402813022395,10:0.757483232455013,11:0.5509085423058314,12:0.8532769073826412,13:0.9203278078292246,14:0.5923949913947842,15:0.45882448827553957,16:0.8241818487278897,17:0.16787007659236497,18:0.9662139022724959,19:0.9635475168369402,20:0.2875677500359495,21:0.5715433787046689,22:0.8933612644455239,23:0.6489290218553294,24:0.4192761131864371,25:0.8512976897465983,26:0.669267245401382,27:0.17788447468828128,28:0.24994897362481538,29:0.09093671225292432,30:0.5616011037579897,31:0.6027686598938068,32:0.9284775911197106,33:0.8408556712627157,34:0.25786490539606366,35:0.076161368600557,36:0.3266162243027684,37:0.8496027533414027,38:0.9894453729031539,39:0.7682125410415925,40:0.38165565818581104} with alpha 4.0 and beta 52.0, percentage 5.555555555555555
The arm 49 has vector {0:0.0946223716847181,1:0.46192205446086376,2:0.6287632258328831,3:0.28406450455819154,4:0.3510275317206153,5:0.9876779489713661,6:0.18594204980628737,7:0.987223980434736,8:0.037801991617231634,9:0.44171092975235016,10:0.40904526027465304,11:0.567648206249636,12:0.3169712455950007,13:0.0442316796310015,14:0.9081465588714968,15:0.7688856583932219,16:0.9311064649844131,17:0.7394374269750282,18:0.8404125808109811,19:0.12861088975679125,20:0.6172897139631792,21:0.7205824088146751,22:0.30113485636487014,23:0.24851544407765047,24:0.4364884625778067,25:0.8824273075934843,26:0.7247891694703825,27:0.9987058008694448,28:0.8954684551910712,29:0.6257629116396488,30:0.5837314538360647,31:0.2356233041471285,32:0.4274752865253457,33:0.07418986181662512,34:0.6637971499475896,35:0.28520266655762705,36:0.04173594171285777,37:0.3960542906551525,38:0.19387949284745754,39:0.34472356567819373,40:0.3657474154170156} with alpha 3.0 and beta 48.0, percentage 4.081632653061225
The best arm is 27 with vector {0:0.4841438207583951,1:0.4889638363100074,2:0.493039409142793,3:0.12729656522220478,4:0.12870050189432214,5:0.40818659961735493,6:0.8129615188963789,7:0.9649209928432072,8:0.6513005057915257,9:0.18084593026248463,10:0.9543649813670427,11:0.13509828284843084,12:0.03870715021830118,13:0.9777779899274475,14:0.269350087635876,15:0.03552123174451505,16:0.4305296486605702,17:0.8365447202728177,18:0.3019031966385437,19:0.044669931740884294,20:0.8225511412583076,21:0.10358532302687695,22:0.27179629139028505,23:0.575109402173479,24:0.4097828231637387,25:0.009258663425271152,26:0.36843566175806175,27:0.09597818622121834,28:0.024803487719106898,29:0.6323826127747484,30:0.12724977736826026,31:0.7848263315880853,32:0.42486312727719666,33:0.13957157294731937,34:0.461685025585702,35:0.1706261338678441,36:0.2737719763996591,37:0.0978862462225989,38:0.8348178388265752,39:0.24741610732833363,40:0.6459444974406788} with alpha 120.0 and beta 622.0, percentage 16.08108108108108
The right guesses are: 697 which means 11.364748084135007% correct
Done
The current arm is 27 with vector {0:0.4841438207583951,1:0.4889638363100074,2:0.493039409142793,3:0.12729656522220478,4:0.12870050189432214,5:0.40818659961735493,6:0.8129615188963789,7:0.9649209928432072,8:0.6513005057915257,9:0.18084593026248463,10:0.9543649813670427,11:0.13509828284843084,12:0.03870715021830118,13:0.9777779899274475,14:0.269350087635876,15:0.03552123174451505,16:0.4305296486605702,17:0.8365447202728177,18:0.3019031966385437,19:0.044669931740884294,20:0.8225511412583076,21:0.10358532302687695,22:0.27179629139028505,23:0.575109402173479,24:0.4097828231637387,25:0.009258663425271152,26:0.36843566175806175,27:0.09597818622121834,28:0.024803487719106898,29:0.6323826127747484,30:0.12724977736826026,31:0.7848263315880853,32:0.42486312727719666,33:0.13957157294731937,34:0.461685025585702,35:0.1706261338678441,36:0.2737719763996591,37:0.0978862462225989,38:0.8348178388265752,39:0.24741610732833363,40:0.6459444974406788} with alpha 89.0 and beta 575.0
The order information:
Date: 2012-05-09T17:07:05.000+02:00
It predicted these items for order 1778911 :
   31560 with score of 2.394173062719279
   752 with score of 1.5910092448785866
   748 with score of 1.2134428098240124
   27900 with score of 1.210120179247404
   23467 with score of 1.1106330059633724
   5003 with score of 1.071756289218735
   21714 with score of 1.0546298204121416
   1693 with score of 1.0210309222700722
   13688 with score of 1.0210309222700722
   21769 with score of 1.0210309222700722
These are the actual items bought: 
   11832
   30233
The current arm is 27 with vector {0:0.4841438207583951,1:0.4889638363100074,2:0.493039409142793,3:0.12729656522220478,4:0.12870050189432214,5:0.40818659961735493,6:0.8129615188963789,7:0.9649209928432072,8:0.6513005057915257,9:0.18084593026248463,10:0.9543649813670427,11:0.13509828284843084,12:0.03870715021830118,13:0.9777779899274475,14:0.269350087635876,15:0.03552123174451505,16:0.4305296486605702,17:0.8365447202728177,18:0.3019031966385437,19:0.044669931740884294,20:0.8225511412583076,21:0.10358532302687695,22:0.27179629139028505,23:0.575109402173479,24:0.4097828231637387,25:0.009258663425271152,26:0.36843566175806175,27:0.09597818622121834,28:0.024803487719106898,29:0.6323826127747484,30:0.12724977736826026,31:0.7848263315880853,32:0.42486312727719666,33:0.13957157294731937,34:0.461685025585702,35:0.1706261338678441,36:0.2737719763996591,37:0.0978862462225989,38:0.8348178388265752,39:0.24741610732833363,40:0.6459444974406788} with alpha 246.0 and beta 1418.0
The order information:
Date: 2012-05-10T17:54:43.000+02:00
It predicted these items for order 1779917 :
   31560 with score of 2.389322897720186
   752 with score of 1.6924688679926496
   748 with score of 1.2577127389303555
   5003 with score of 1.2424682998592584
   27900 with score of 1.2209737057392689
   21714 with score of 1.2159393525867235
   27576 with score of 1.133601664577233
   20430 with score of 1.1297712685529808
   29669 with score of 1.1265968757311813
   23467 with score of 1.071588040651609
These are the actual items bought: 
   30342
   23374
   32289
The current arm is 27 with vector {0:0.4841438207583951,1:0.4889638363100074,2:0.493039409142793,3:0.12729656522220478,4:0.12870050189432214,5:0.40818659961735493,6:0.8129615188963789,7:0.9649209928432072,8:0.6513005057915257,9:0.18084593026248463,10:0.9543649813670427,11:0.13509828284843084,12:0.03870715021830118,13:0.9777779899274475,14:0.269350087635876,15:0.03552123174451505,16:0.4305296486605702,17:0.8365447202728177,18:0.3019031966385437,19:0.044669931740884294,20:0.8225511412583076,21:0.10358532302687695,22:0.27179629139028505,23:0.575109402173479,24:0.4097828231637387,25:0.009258663425271152,26:0.36843566175806175,27:0.09597818622121834,28:0.024803487719106898,29:0.6323826127747484,30:0.12724977736826026,31:0.7848263315880853,32:0.42486312727719666,33:0.13957157294731937,34:0.461685025585702,35:0.1706261338678441,36:0.2737719763996591,37:0.0978862462225989,38:0.8348178388265752,39:0.24741610732833363,40:0.6459444974406788} with alpha 399.0 and beta 2265.0
The order information:
Date: 2012-05-11T22:39:32.000+02:00
It predicted these items for order 1780921 :
   31560 with score of 2.389082385490009
   752 with score of 1.7449554175326965
   748 with score of 1.5133909136175587
   21714 with score of 1.2250116956511574
   27900 with score of 1.2014031602509765
   29669 with score of 1.1965042316538792
   27576 with score of 1.1863095008581148
   20430 with score of 1.1825848042290128
   5003 with score of 1.1736994590878234
   23467 with score of 1.1313096234457207
These are the actual items bought: 
   31776
The current arm is 27 with vector {0:0.4841438207583951,1:0.4889638363100074,2:0.493039409142793,3:0.12729656522220478,4:0.12870050189432214,5:0.40818659961735493,6:0.8129615188963789,7:0.9649209928432072,8:0.6513005057915257,9:0.18084593026248463,10:0.9543649813670427,11:0.13509828284843084,12:0.03870715021830118,13:0.9777779899274475,14:0.269350087635876,15:0.03552123174451505,16:0.4305296486605702,17:0.8365447202728177,18:0.3019031966385437,19:0.044669931740884294,20:0.8225511412583076,21:0.10358532302687695,22:0.27179629139028505,23:0.575109402173479,24:0.4097828231637387,25:0.009258663425271152,26:0.36843566175806175,27:0.09597818622121834,28:0.024803487719106898,29:0.6323826127747484,30:0.12724977736826026,31:0.7848263315880853,32:0.42486312727719666,33:0.13957157294731937,34:0.461685025585702,35:0.1706261338678441,36:0.2737719763996591,37:0.0978862462225989,38:0.8348178388265752,39:0.24741610732833363,40:0.6459444974406788} with alpha 563.0 and beta 3101.0
The order information:
Date: 2012-05-13T15:53:25.000+02:00
It predicted these items for order 1781930 :
   31560 with score of 2.3627891133930436
   752 with score of 1.8436160231050753
   748 with score of 1.7509451068709954
   21714 with score of 1.3636831386629644
   5003 with score of 1.3147148315348391
   29669 with score of 1.2829982529055113
   27576 with score of 1.258020942982255
   20430 with score of 1.251275967014772
   27900 with score of 1.2291319926982818
   23467 with score of 1.1832703922131824
These are the actual items bought: 
   2084
   29003
   31950
   20990
   31940
   30573
   20678
   30195
   25363
   27900
The current arm is 27 with vector {0:0.4841438207583951,1:0.4889638363100074,2:0.493039409142793,3:0.12729656522220478,4:0.12870050189432214,5:0.40818659961735493,6:0.8129615188963789,7:0.9649209928432072,8:0.6513005057915257,9:0.18084593026248463,10:0.9543649813670427,11:0.13509828284843084,12:0.03870715021830118,13:0.9777779899274475,14:0.269350087635876,15:0.03552123174451505,16:0.4305296486605702,17:0.8365447202728177,18:0.3019031966385437,19:0.044669931740884294,20:0.8225511412583076,21:0.10358532302687695,22:0.27179629139028505,23:0.575109402173479,24:0.4097828231637387,25:0.009258663425271152,26:0.36843566175806175,27:0.09597818622121834,28:0.024803487719106898,29:0.6323826127747484,30:0.12724977736826026,31:0.7848263315880853,32:0.42486312727719666,33:0.13957157294731937,34:0.461685025585702,35:0.1706261338678441,36:0.2737719763996591,37:0.0978862462225989,38:0.8348178388265752,39:0.24741610732833363,40:0.6459444974406788} with alpha 714.0 and beta 3950.0
The order information:
Date: 2012-05-14T16:46:54.000+02:00
It predicted these items for order 1782931 :
   31560 with score of 2.308268292548356
   748 with score of 1.8963410518235304
   752 with score of 1.7607194060125717
   21714 with score of 1.350182073110073
   27576 with score of 1.3222335341527134
   5003 with score of 1.320451820161335
   29669 with score of 1.2671868112166247
   27900 with score of 1.244685698040529
   20430 with score of 1.239959785493582
   23467 with score of 1.2121654314425312
These are the actual items bought: 
   32564
The current arm is 27 with vector {0:0.4841438207583951,1:0.4889638363100074,2:0.493039409142793,3:0.12729656522220478,4:0.12870050189432214,5:0.40818659961735493,6:0.8129615188963789,7:0.9649209928432072,8:0.6513005057915257,9:0.18084593026248463,10:0.9543649813670427,11:0.13509828284843084,12:0.03870715021830118,13:0.9777779899274475,14:0.269350087635876,15:0.03552123174451505,16:0.4305296486605702,17:0.8365447202728177,18:0.3019031966385437,19:0.044669931740884294,20:0.8225511412583076,21:0.10358532302687695,22:0.27179629139028505,23:0.575109402173479,24:0.4097828231637387,25:0.009258663425271152,26:0.36843566175806175,27:0.09597818622121834,28:0.024803487719106898,29:0.6323826127747484,30:0.12724977736826026,31:0.7848263315880853,32:0.42486312727719666,33:0.13957157294731937,34:0.461685025585702,35:0.1706261338678441,36:0.2737719763996591,37:0.0978862462225989,38:0.8348178388265752,39:0.24741610732833363,40:0.6459444974406788} with alpha 816.0 and beta 4848.0
The order information:
Date: 2012-05-15T15:02:20.000+02:00
It predicted these items for order 1783936 :
   31560 with score of 2.1953591367732592
   748 with score of 1.909721904946356
   752 with score of 1.590321254261036
   27576 with score of 1.3799676442188489
   21714 with score of 1.3309578343484214
   5003 with score of 1.3141635714074202
   29669 with score of 1.2452371118560723
   21776 with score of 1.2001541603138497
   20430 with score of 1.1921659416206567
   27900 with score of 1.189838994620758
These are the actual items bought: 
   12096
The arm 27 has vector {0:0.4841438207583951,1:0.4889638363100074,2:0.493039409142793,3:0.12729656522220478,4:0.12870050189432214,5:0.40818659961735493,6:0.8129615188963789,7:0.9649209928432072,8:0.6513005057915257,9:0.18084593026248463,10:0.9543649813670427,11:0.13509828284843084,12:0.03870715021830118,13:0.9777779899274475,14:0.269350087635876,15:0.03552123174451505,16:0.4305296486605702,17:0.8365447202728177,18:0.3019031966385437,19:0.044669931740884294,20:0.8225511412583076,21:0.10358532302687695,22:0.27179629139028505,23:0.575109402173479,24:0.4097828231637387,25:0.009258663425271152,26:0.36843566175806175,27:0.09597818622121834,28:0.024803487719106898,29:0.6323826127747484,30:0.12724977736826026,31:0.7848263315880853,32:0.42486312727719666,33:0.13957157294731937,34:0.461685025585702,35:0.1706261338678441,36:0.2737719763996591,37:0.0978862462225989,38:0.8348178388265752,39:0.24741610732833363,40:0.6459444974406788} with alpha 873.0 and beta 5262.0, percentage 14.21816403065384
The best arm is 27 with vector {0:0.4841438207583951,1:0.4889638363100074,2:0.493039409142793,3:0.12729656522220478,4:0.12870050189432214,5:0.40818659961735493,6:0.8129615188963789,7:0.9649209928432072,8:0.6513005057915257,9:0.18084593026248463,10:0.9543649813670427,11:0.13509828284843084,12:0.03870715021830118,13:0.9777779899274475,14:0.269350087635876,15:0.03552123174451505,16:0.4305296486605702,17:0.8365447202728177,18:0.3019031966385437,19:0.044669931740884294,20:0.8225511412583076,21:0.10358532302687695,22:0.27179629139028505,23:0.575109402173479,24:0.4097828231637387,25:0.009258663425271152,26:0.36843566175806175,27:0.09597818622121834,28:0.024803487719106898,29:0.6323826127747484,30:0.12724977736826026,31:0.7848263315880853,32:0.42486312727719666,33:0.13957157294731937,34:0.461685025585702,35:0.1706261338678441,36:0.2737719763996591,37:0.0978862462225989,38:0.8348178388265752,39:0.24741610732833363,40:0.6459444974406788} with alpha 873.0 and beta 5262.0, percentage 14.21816403065384
The right guesses are: 872 which means 14.21816403065384% correct
Done
The current arm is 0 with vector {0:0.17174432326977906} with alpha 77.0 and beta 587.0
The order information:
Date: 2012-05-09T17:07:05.000+02:00
It predicted these items for order 1778911 :
   31560 with score of 1066.0
   27900 with score of 422.0
   752 with score of 403.0
   20430 with score of 379.0
   748 with score of 359.0
   11832 with score of 300.0
   5003 with score of 297.0
   31553 with score of 290.0
   21714 with score of 288.0
   27576 with score of 244.0
These are the actual items bought: 
   11832
   30233
The current arm is 0 with vector {0:0.17174432326977906} with alpha 229.0 and beta 1435.0
The order information:
Date: 2012-05-10T17:54:43.000+02:00
It predicted these items for order 1779917 :
   31560 with score of 1088.0
   752 with score of 413.0
   27900 with score of 410.0
   748 with score of 374.0
   20430 with score of 372.0
   5003 with score of 305.0
   11832 with score of 303.0
   21714 with score of 299.0
   31553 with score of 298.0
   29669 with score of 270.0
These are the actual items bought: 
   30342
   23374
   32289
The current arm is 0 with vector {0:0.17174432326977906} with alpha 370.0 and beta 2294.0
The order information:
Date: 2012-05-11T22:39:32.000+02:00
It predicted these items for order 1780921 :
   31560 with score of 1028.0
   748 with score of 422.0
   752 with score of 420.0
   27900 with score of 389.0
   20430 with score of 366.0
   5003 with score of 311.0
   21714 with score of 304.0
   11832 with score of 298.0
   29669 with score of 282.0
   31553 with score of 275.0
These are the actual items bought: 
   31776
The current arm is 0 with vector {0:0.17174432326977906} with alpha 533.0 and beta 3131.0
The order information:
Date: 2012-05-13T15:53:25.000+02:00
It predicted these items for order 1781930 :
   31560 with score of 990.0
   748 with score of 443.0
   752 with score of 428.0
   20430 with score of 368.0
   27900 with score of 354.0
   5003 with score of 334.0
   21714 with score of 325.0
   29669 with score of 279.0
   11832 with score of 277.0
   27576 with score of 269.0
These are the actual items bought: 
   2084
   29003
   31950
   20990
   31940
   30573
   20678
   30195
   25363
   27900
The current arm is 0 with vector {0:0.17174432326977906} with alpha 679.0 and beta 3985.0
The order information:
Date: 2012-05-14T16:46:54.000+02:00
It predicted these items for order 1782931 :
   31560 with score of 989.0
   748 with score of 475.0
   752 with score of 445.0
   20430 with score of 361.0
   27900 with score of 339.0
   5003 with score of 338.0
   21714 with score of 331.0
   27576 with score of 302.0
   31553 with score of 286.0
   11832 with score of 282.0
These are the actual items bought: 
   32564
The current arm is 0 with vector {0:0.17174432326977906} with alpha 777.0 and beta 4887.0
The order information:
Date: 2012-05-15T15:02:20.000+02:00
It predicted these items for order 1783936 :
   31560 with score of 991.0
   748 with score of 496.0
   752 with score of 448.0
   20430 with score of 354.0
   5003 with score of 349.0
   21714 with score of 335.0
   27900 with score of 326.0
   27576 with score of 323.0
   31553 with score of 280.0
   11832 with score of 277.0
These are the actual items bought: 
   12096
The arm 0 has vector {0:0.17174432326977906} with alpha 831.0 and beta 5304.0, percentage 13.53334420348932
The best arm is 0 with vector {0:0.17174432326977906} with alpha 831.0 and beta 5304.0, percentage 13.53334420348932
The right guesses are: 830 which means 13.53334420348932% correct
Done
645
