Items: 31014,2,2012-03-22 09:35:15.730000000,2013-01-31 22:08:19.360000000,0,0000000000000000000000000000000000000000000000000000000000000000000000000000000000000000000010000000000000000000000000000000000000000000000000000000000000000000000000000000000000000000000000000000000000000000000000000000000000000000000000000000000000000000
Items: 16065,3,2010-10-12 09:05:28.623000000,2011-10-19 12:41:59.293000000,0,0000000000000000000000000000000000000000000000000000000000000000000000000000000000000000000100000000000000000000000000000000000000000000000000000000000000000000000000000000000000000000000000000000000000000000000000000000000000000000000000000000000000000000
Items: 2897,1,2010-07-28 15:55:07.423000000,2013-07-15 05:02:15.650000000,0,0000000000000000000000000000000000000000000000000000000000000000000000000000000000000000000100000000000000000000000000000000000000000000000000000000000000000000000000000000000000000000000000000000000000000000000000000000000000000000000000000000000000000000
Users: 46671,2009-07-31 17:52:05.423000000,45238,,0
Users: 117404,2012-02-11 18:20:17.737000000,30295,1989-02-13 00:00:00,1
Users: 185087,2009-07-31 19:48:45.310000000,54234,1986-06-04 00:00:00,1
Users: 242612,2011-12-03 21:34:16.640000000,90627,1990-07-23 00:00:00,2
Users: 294436,2011-03-16 09:05:23.647000000,72233,1994-04-25 00:00:00,1
Users: 345704,2011-11-11 20:55:14.437000000,68600,1994-06-05 00:00:00,2
Users: 399809,2012-09-17 14:43:42.033000000,44491,1997-12-12 00:00:00,1
Users: 455390,2012-12-20 16:02:28.573000000,3274,1978-06-02 00:00:00,2
Users: 525182,2013-07-28 12:33:53.590000000,53372,1990-06-17 00:00:00,0
Orders: 35022,1033356,1457,2009-10-18 21:46:53.347000000
Orders: 214698,1082559,614,2010-01-24 20:16:55.153000000
Orders: 226305,1122161,1501,2010-03-20 16:23:03.950000000
Orders: 46541,1167569,11120,2010-05-26 12:55:02.417000000
Orders: 75824,1208142,11119,2010-07-27 23:14:48.377000000
Orders: 13287,1248778,12826,2010-09-21 21:56:27.157000000
Orders: 272654,1296031,653,2010-12-01 18:41:36.730000000
Orders: 285359,1344258,18628,2011-01-28 14:59:09.743000000
Orders: 157456,1388262,18371,2011-03-17 11:46:02.120000000
Orders: 307265,1432210,758,2011-04-29 21:28:48.340000000
Orders: 271030,1473349,21803,2011-06-14 15:24:35.467000000
Orders: 275827,1511037,21829,2011-07-28 21:58:50.970000000
Orders: 62527,1550712,24845,2011-09-10 18:44:47.023000000
Orders: 293365,1597283,27523,2011-11-12 08:21:31.203000000
Orders: 158173,1649466,24361,2011-12-28 14:06:54.430000000
Orders: 371623,1691322,28947,2012-01-31 15:54:20.570000000
Orders: 151193,1739094,2144,2012-03-22 17:02:48.527000000
Orders: 71320,1784958,7874,2012-05-16 17:00:59.817000000
Orders: 287161,1827735,20480,2012-06-29 22:23:24.193000000
Orders: 271514,1866722,31203,2012-08-11 21:38:56.863000000
Orders: 428803,1915657,35460,2012-10-09 20:15:44.210000000
Orders: 444954,1966435,29677,2012-12-01 22:51:49.073000000
Orders: 460415,2018674,31695,2013-01-07 22:20:30.543000000
Orders: 381441,2066329,35170,2013-02-19 22:08:16.833000000
Orders: 485606,2112774,39306,2013-03-26 15:04:37.277000000
Orders: 423890,2161061,11304,2013-05-03 09:35:38.190000000
Orders: 314770,2207605,26096,2013-06-05 19:04:54.837000000
Orders: 287308,2249841,40450,2013-07-13 20:23:09.463000000
Orders: 255027,2289235,33612,2013-08-13 17:15:05.073000000
Orders: 466261,2331294,43871,2013-09-15 21:02:00.180000000
Orders: 446724,2379393,448,2013-11-01 19:20:53.627000000
The current arm is 37 with vector {0:0.23311280251474042,1:0.6955383819491052,2:0.6832696198372635,3:0.21258781764460488,4:0.35249372958925007,5:0.7975887923132091,6:0.23145246039979261,7:0.4316011036541314,8:0.9812835146986016,9:0.035739628396109224,10:0.14311401732140705,11:0.8135400662368911,12:0.240451436065662,13:0.6808009530303747,14:0.26017880673556526,15:0.44565301874642205,16:0.8447654743991017,17:0.3836889016907289,18:0.11130193887133055,19:0.22645310546217645,20:0.05650573289963878,21:0.4523960131683028,22:0.24691904505245899,23:0.3831115958334641,24:0.41151938131365384,25:0.18541903431820628,26:0.7488680025383398,27:0.593477888342067,28:0.38786287664587493,29:0.7327301661313835,30:0.8881663484844817,31:0.743480104986439,32:0.8981379171149156,33:0.9033825827187222,34:0.9694508285494096,35:0.15563901681654424,36:0.6931064615653306,37:0.6725957842661605,38:0.3412179151286193,39:0.8690873810330285,40:0.4213168182300091} with alpha 1.0 and beta 12.0
The order information:
Date: 2012-05-09T17:07:05.000+02:00
It predicted these items for order 1778911 :
   1693 with score of 1.3831953244171995
   13688 with score of 1.3831953244171995
   21769 with score of 1.3831953244171995
   25013 with score of 1.3831953244171995
   31278 with score of 1.3831953244171995
   31560 with score of 1.25539396025812
   31911 with score of 1.1891658606574935
   32379 with score of 1.0320435284075988
   2010 with score of 1.0307015948279497
   18682 with score of 1.0307015948279497
These are the actual items bought: 
   11832
   30233
The current arm is 34 with vector {0:0.5182546615857818,1:0.05089056103995726,2:0.34175523435046706,3:0.5120401587193123,4:0.9413337185598218,5:0.6318644743314894,6:0.12091717639998634,7:0.13280292268017124,8:0.4927932490911914,9:0.46800356415164435,10:0.030348461592854314,11:0.8249051681435098,12:0.9805951425820425,13:0.48487619456652886,14:0.36621137439381435,15:0.3602415958064654,16:0.1623775053708163,17:0.4541965101855544,18:0.617413170523691,19:0.6314174847768594,20:0.17621540217264497,21:0.6335021529026861,22:0.5025235996660934,23:0.37594161230738743,24:0.5431321913440874,25:0.05651249578064377,26:0.23650456061241487,27:0.2614449024968837,28:0.343026468670494,29:0.17317419804224077,30:0.0440275355831925,31:0.011035957293533016,32:0.07614155864356298,33:0.3213421398134877,34:0.06878644452363158,35:0.05101645819263945,36:0.42303961780416655,37:0.9991957694944184,38:0.8437225164659911,39:0.9376707036976768,40:0.8296020973295093} with alpha 3.0 and beta 33.0
The order information:
Date: 2012-05-10T17:54:43.000+02:00
It predicted these items for order 1779917 :
   16520 with score of 1.6622813561463998
   26598 with score of 1.6622813561463998
   27408 with score of 1.6621592946365835
   24834 with score of 1.535908461280102
   17990 with score of 1.4528333799202122
   4986 with score of 1.45165986470257
   27455 with score of 1.3914822957186186
   31984 with score of 1.3469969073443844
   22248 with score of 1.3464711804904714
   25716 with score of 1.3464711804904714
These are the actual items bought: 
   30342
   23374
   32289
The current arm is 9 with vector {0:0.38076800958901025,1:0.9378503944401512,2:0.4611998823582023,3:0.9963550411153036,4:0.1926584654266349,5:0.12036263246350964,6:0.9443734448074107,7:0.5727419417712951,8:0.77712686709271,9:0.21843666327344224,10:0.8007035367710512,11:0.032764185207729946,12:0.7398013358326464,13:0.694288520506271,14:0.9399355321964408,15:0.6721584564049,16:0.6979336612557884,17:0.1567543430294117,18:0.7759795399834672,19:0.17709959323658642,20:0.19088896436148495,21:0.24247047036507718,22:0.12886667104430405,23:0.6660215661079255,24:0.747342437285561,25:0.4966784961870956,26:0.04245966235942211,27:0.5241076815485157,28:0.6261135874128587,29:0.10177593477384062,30:0.34325059930816715,31:0.08635401656605557,32:0.5461319496669303,33:0.9046657607033854,34:0.5908166262612927,35:0.4828605340632087,36:0.6164442804020158,37:0.5563874277137749,38:0.6720306525780225,39:0.04267462014653711,40:0.4459627391273696} with alpha 43.0 and beta 199.0
The order information:
Date: 2012-05-11T22:39:32.000+02:00
It predicted these items for order 1780921 :
   31560 with score of 2.8949954349714693
   752 with score of 2.467151648139771
   748 with score of 2.198557922234357
   21714 with score of 1.9209210779724726
   29669 with score of 1.9063293114383053
   27576 with score of 1.900888268841893
   5003 with score of 1.8599315350959418
   27900 with score of 1.8549584918857251
   23467 with score of 1.8474433453115147
   20430 with score of 1.8461310792025725
These are the actual items bought: 
   31776
The current arm is 46 with vector {0:0.6760569241825188,1:0.5671608334497479,2:0.03756984744863823,3:0.5601141708878248,4:0.09901214227397781,5:0.08396947820976464,6:0.3914223186251271,7:0.746642650801084,8:0.9447633960317025,9:0.0827399493929506,10:0.5344109915470043,11:0.8164136565538004,12:0.004568119089654488,13:0.0874896188046399,14:0.8898003845250083,15:0.9098130146277729,16:0.5093198061425669,17:0.9910198279246176,18:0.6798494699672395,19:0.5830533913551662,20:0.3504273933462845,21:0.4391493421298004,22:0.07380948353046446,23:0.24735748946074165,24:0.7574842286998444,25:0.19643495814075562,26:0.37279333683066496,27:0.4815397729644668,28:0.3339251636236401,29:0.8011761593514751,30:0.33176595415030485,31:0.39085415302120563,32:0.8813490492745532,33:0.8946213961910051,34:0.21335426354690323,35:0.6866918564261184,36:0.5308405214808755,37:0.45198693311463267,38:0.9565882796615734,39:0.6180190434512255,40:0.840854117340471} with alpha 42.0 and beta 224.0
The order information:
Date: 2012-05-13T15:53:25.000+02:00
It predicted these items for order 1781930 :
   31560 with score of 2.3592883876402246
   752 with score of 1.950807397921541
   748 with score of 1.9092086857383006
   21714 with score of 1.6906669501401559
   5003 with score of 1.668970339889123
   20430 with score of 1.6486496768466856
   29669 with score of 1.6355517848362566
   27900 with score of 1.6327843168507639
   27576 with score of 1.622504463540455
   23467 with score of 1.5789724321929115
These are the actual items bought: 
   2084
   29003
   31950
   20990
   31940
   30573
   20678
   30195
   25363
   27900
The current arm is 46 with vector {0:0.6760569241825188,1:0.5671608334497479,2:0.03756984744863823,3:0.5601141708878248,4:0.09901214227397781,5:0.08396947820976464,6:0.3914223186251271,7:0.746642650801084,8:0.9447633960317025,9:0.0827399493929506,10:0.5344109915470043,11:0.8164136565538004,12:0.004568119089654488,13:0.0874896188046399,14:0.8898003845250083,15:0.9098130146277729,16:0.5093198061425669,17:0.9910198279246176,18:0.6798494699672395,19:0.5830533913551662,20:0.3504273933462845,21:0.4391493421298004,22:0.07380948353046446,23:0.24735748946074165,24:0.7574842286998444,25:0.19643495814075562,26:0.37279333683066496,27:0.4815397729644668,28:0.3339251636236401,29:0.8011761593514751,30:0.33176595415030485,31:0.39085415302120563,32:0.8813490492745532,33:0.8946213961910051,34:0.21335426354690323,35:0.6866918564261184,36:0.5308405214808755,37:0.45198693311463267,38:0.9565882796615734,39:0.6180190434512255,40:0.840854117340471} with alpha 74.0 and beta 399.0
The order information:
Date: 2012-05-14T16:46:54.000+02:00
It predicted these items for order 1782931 :
   31560 with score of 2.333168833836485
   748 with score of 1.9879426353885568
   752 with score of 1.9143766424419555
   21714 with score of 1.6854292990813051
   5003 with score of 1.6727388486867307
   27576 with score of 1.6624453068813707
   20430 with score of 1.6398885889131267
   27900 with score of 1.6367985161539456
   29669 with score of 1.6296885760498945
   23467 with score of 1.5984935905844226
These are the actual items bought: 
   32564
The current arm is 3 with vector {0:0.2707981053595444,1:0.4670440491909382,2:0.4568308173269595,3:0.2470492603694041,4:0.25142357206170163,5:0.7271895260193167,6:0.35667729739417087,7:0.9696776876254352,8:0.057608163062721984,9:0.48766058375801546,10:0.20576639577074352,11:0.4765641252535767,12:0.17555756489711105,13:0.15793632151654002,14:0.6260840738840787,15:0.018445805277829463,16:0.25640260626976674,17:0.9120400128279376,18:0.12397665521996692,19:0.013773354938249494,20:0.3397026331528902,21:0.5829082294443461,22:0.07305477330247523,23:0.6532867748510126,24:0.08274515615902589,25:0.6374699490654038,26:0.9995150596189778,27:0.8967564850423654,28:0.5447187011225553,29:0.9274260382248618,30:0.4982338263983733,31:0.9682099668657146,32:0.6123777338095553,33:0.12833788674100322,34:0.037111606171345235,35:0.15771364217452832,36:0.9504579901183579,37:0.29057275231243285,38:0.1667114179176019,39:0.5125402617101024,40:0.07546207630391566} with alpha 2.0 and beta 40.0
The order information:
Date: 2012-05-15T15:02:20.000+02:00
It predicted these items for order 1783936 :
   31560 with score of 1.7715413078878566
   748 with score of 1.3784192900477026
   21671 with score of 1.267131855996205
   31434 with score of 1.2518862800564168
   29461 with score of 1.247798762279258
   2951 with score of 1.2469938598363086
   28144 with score of 1.2469938598363086
   21533 with score of 1.246015375792287
   25390 with score of 1.246015375792287
   29703 with score of 1.246015375792287
These are the actual items bought: 
   12096
The current arm is 46 with vector {0:0.6760569241825188,1:0.5671608334497479,2:0.03756984744863823,3:0.5601141708878248,4:0.09901214227397781,5:0.08396947820976464,6:0.3914223186251271,7:0.746642650801084,8:0.9447633960317025,9:0.0827399493929506,10:0.5344109915470043,11:0.8164136565538004,12:0.004568119089654488,13:0.0874896188046399,14:0.8898003845250083,15:0.9098130146277729,16:0.5093198061425669,17:0.9910198279246176,18:0.6798494699672395,19:0.5830533913551662,20:0.3504273933462845,21:0.4391493421298004,22:0.07380948353046446,23:0.24735748946074165,24:0.7574842286998444,25:0.19643495814075562,26:0.37279333683066496,27:0.4815397729644668,28:0.3339251636236401,29:0.8011761593514751,30:0.33176595415030485,31:0.39085415302120563,32:0.8813490492745532,33:0.8946213961910051,34:0.21335426354690323,35:0.6866918564261184,36:0.5308405214808755,37:0.45198693311463267,38:0.9565882796615734,39:0.6180190434512255,40:0.840854117340471} with alpha 98.0 and beta 611.0
The order information:
Date: 2012-05-16T16:36:57.000+02:00
It predicted these items for order 1784944 :
   31560 with score of 1.7763448112664584
   748 with score of 1.5530163405086586
   752 with score of 1.3344240347836889
   23467 with score of 1.1569266022725309
   21714 with score of 1.1314158973651502
   27900 with score of 1.1211278258729374
   27576 with score of 1.117841867411916
   1663 with score of 1.1106664814359952
   31553 with score of 1.1068409885317032
   5003 with score of 1.0978361066546782
These are the actual items bought: 
   29149
The current arm is 48 with vector {0:0.8268265290835555,1:0.6126105304163063,2:0.5824010392337855,3:0.3544662189644182,4:0.9103407219998629,5:0.4841377955333397,6:0.9780682665510784,7:0.7570636878673569,8:0.885377460390319,9:0.6374505686876959,10:0.4455721973530704,11:0.33155965130864173,12:0.867846827322541,13:0.37992809627394697,14:0.6715332200786882,15:0.01590852642185503,16:0.7261089377528793,17:0.8575910877837589,18:0.1326355878496026,19:0.7285650531534235,20:0.07971598590821982,21:0.2189998396827848,22:0.6600440125291452,23:0.33840377173226,24:0.22222990490880568,25:0.022793073182789225,26:0.32982961520513276,27:0.6203235106159304,28:0.8857076813362795,29:0.32426762857991076,30:0.4836212929575284,31:0.3466980934417968,32:0.538681754822105,33:0.5026760523260557,34:0.5035404117688564,35:0.5912319980732423,36:0.3318210124566382,37:0.36447278223139645,38:0.10058797948851028,39:0.2068869833919753,40:0.8889252130530125} with alpha 36.0 and beta 228.0
The order information:
Date: 2012-05-17T23:37:38.000+02:00
It predicted these items for order 1785980 :
   748 with score of 2.5999042516042055
   31560 with score of 2.5091233126735784
   27576 with score of 2.0793585708659457
   752 with score of 2.0745899258785947
   21714 with score of 2.0581169335277782
   1663 with score of 1.9137841256420738
   23467 with score of 1.882980242128097
   5003 with score of 1.8562044417215333
   11832 with score of 1.7843860102147273
   21776 with score of 1.781399077506458
These are the actual items bought: 
   32343
The current arm is 19 with vector {0:0.46732037724805575,1:0.20178224025020197,2:0.9708770493521618,3:0.13942435354236626,4:0.3779595614849841,5:0.5033159078763743,6:0.8454887106021088,7:0.38424861420681355,8:0.8141354958271597,9:0.2027593384494848,10:0.12898327461650094,11:0.7093538657960201,12:0.1182692344147287,13:0.1641024142790133,14:0.2681399180398635,15:0.355940689671993,16:0.030682410559520812,17:0.47425209810316127,18:0.41349058638771397,19:0.34075714982180183,20:0.5368895722870838,21:0.7027001299850782,22:0.755791029055438,23:0.5452126176341567,24:0.9201131255738219,25:0.9060549030360922,26:0.07642635105707551,27:0.41792303201986425,28:0.157903952508764,29:0.31652684860916924,30:0.38839754273366867,31:0.443869410626646,32:0.45889757786622276,33:0.7913275882847429,34:0.3875554134676976,35:0.28307227877529506,36:0.6434525704767481,37:0.12325643574123712,38:0.2699420156361325,39:0.7804985667103849,40:0.2062659784346259} with alpha 19.0 and beta 160.0
The order information:
Date: 2012-05-19T14:02:12.000+02:00
It predicted these items for order 1786983 :
   748 with score of 1.69080917176199
   31560 with score of 1.5907891560130176
   27576 with score of 1.3479337881714972
   21714 with score of 1.2878664961337833
   1663 with score of 1.2679197706335232
   752 with score of 1.2535977356484438
   23467 with score of 1.1951762090065141
   21776 with score of 1.1586317665377235
   5003 with score of 1.154437179082455
   12338 with score of 1.1359985329096682
These are the actual items bought: 
   18405
   13678
   28010
   30947
   31265
   26587
   30304
   13678
   24965
The current arm is 15 with vector {0:0.24193014700846183,1:0.755439718010833,2:0.4762488017582853,3:0.5135516817715869,4:0.21370406281435184,5:0.029958451656310614,6:0.7094106001684787,7:0.22906809934496042,8:0.18941946186615333,9:0.6432360238316365,10:0.3245936166866217,11:0.8890888807537022,12:0.05002312119868069,13:0.5390224246828004,14:0.7532408043431319,15:0.35092887852690324,16:0.6306503343459754,17:0.7281046676689304,18:0.8877685416493555,19:0.668680731191847,20:0.7720497384298831,21:0.4210842814943422,22:0.9675385093104983,23:0.6224573239505798,24:0.05494434428775308,25:0.8664429690530769,26:0.7748558170634073,27:0.21748333343508908,28:0.749989882223947,29:0.7475174443817185,30:0.2300040960660018,31:0.19319015263956474,32:0.38753875724970543,33:0.7244944689015281,34:0.6318574977931557,35:0.7261864705617974,36:0.7202145269331707,37:0.21965654306121496,38:0.07962026876004957,39:0.5669104753249932,40:0.11719189352970938} with alpha 92.0 and beta 623.0
The order information:
Date: 2012-05-20T19:46:05.000+02:00
It predicted these items for order 1787986 :
   31560 with score of 1.3525451781065936
   748 with score of 1.3034271868251524
   23588 with score of 1.0362463202707033
   23467 with score of 1.0336545418882557
   1663 with score of 1.0034311519934846
   752 with score of 0.9801609167748838
   27576 with score of 0.951518832815198
   11380 with score of 0.9344163967585536
   30800 with score of 0.9052224951166035
   27900 with score of 0.8625844276422081
These are the actual items bought: 
   9892
   2750
   30011
The current arm is 48 with vector {0:0.8268265290835555,1:0.6126105304163063,2:0.5824010392337855,3:0.3544662189644182,4:0.9103407219998629,5:0.4841377955333397,6:0.9780682665510784,7:0.7570636878673569,8:0.885377460390319,9:0.6374505686876959,10:0.4455721973530704,11:0.33155965130864173,12:0.867846827322541,13:0.37992809627394697,14:0.6715332200786882,15:0.01590852642185503,16:0.7261089377528793,17:0.8575910877837589,18:0.1326355878496026,19:0.7285650531534235,20:0.07971598590821982,21:0.2189998396827848,22:0.6600440125291452,23:0.33840377173226,24:0.22222990490880568,25:0.022793073182789225,26:0.32982961520513276,27:0.6203235106159304,28:0.8857076813362795,29:0.32426762857991076,30:0.4836212929575284,31:0.3466980934417968,32:0.538681754822105,33:0.5026760523260557,34:0.5035404117688564,35:0.5912319980732423,36:0.3318210124566382,37:0.36447278223139645,38:0.10058797948851028,39:0.2068869833919753,40:0.8889252130530125} with alpha 172.0 and beta 937.0
The order information:
Date: 2012-05-21T17:53:53.000+02:00
It predicted these items for order 1788991 :
   31560 with score of 3.472299205501854
   748 with score of 3.0644643275305756
   23467 with score of 2.7245346645131354
   752 with score of 2.6626464163627817
   23588 with score of 2.5825624383821633
   1663 with score of 2.485715150516996
   11380 with score of 2.402562206458125
   30800 with score of 2.391933681975999
   27900 with score of 2.3376239742875975
   572 with score of 2.2542390868211504
These are the actual items bought: 
   19597
The current arm is 48 with vector {0:0.8268265290835555,1:0.6126105304163063,2:0.5824010392337855,3:0.3544662189644182,4:0.9103407219998629,5:0.4841377955333397,6:0.9780682665510784,7:0.7570636878673569,8:0.885377460390319,9:0.6374505686876959,10:0.4455721973530704,11:0.33155965130864173,12:0.867846827322541,13:0.37992809627394697,14:0.6715332200786882,15:0.01590852642185503,16:0.7261089377528793,17:0.8575910877837589,18:0.1326355878496026,19:0.7285650531534235,20:0.07971598590821982,21:0.2189998396827848,22:0.6600440125291452,23:0.33840377173226,24:0.22222990490880568,25:0.022793073182789225,26:0.32982961520513276,27:0.6203235106159304,28:0.8857076813362795,29:0.32426762857991076,30:0.4836212929575284,31:0.3466980934417968,32:0.538681754822105,33:0.5026760523260557,34:0.5035404117688564,35:0.5912319980732423,36:0.3318210124566382,37:0.36447278223139645,38:0.10058797948851028,39:0.2068869833919753,40:0.8889252130530125} with alpha 232.0 and beta 1341.0
The order information:
Date: 2012-05-22T15:04:22.000+02:00
It predicted these items for order 1789993 :
   31560 with score of 2.908684235624406
   748 with score of 2.637373527934897
   23467 with score of 2.233296796292428
   752 with score of 2.2160174208345236
   27576 with score of 2.2004964284645894
   1663 with score of 2.0749395929940952
   11832 with score of 1.9673882272757388
   30800 with score of 1.9499826713271136
   21714 with score of 1.940903528585289
   29669 with score of 1.9290348950851939
These are the actual items bought: 
   21242
The current arm is 42 with vector {0:0.22864930693420016,1:0.32017661650663964,2:0.43984363108683433,3:0.1640437418115498,4:0.7895388149588596,5:0.27537389337480334,6:0.8380158509885464,7:0.6143619497223168,8:0.26871486718116844,9:0.18545876228429137,10:0.6407656167518454,11:0.2772322546433691,12:0.9057844901767874,13:0.4405913586993079,14:0.007257255487035819,15:0.31949565795526924,16:0.48633550931361524,17:0.796227586743457,18:0.007891737431969914,19:0.1006400032781859,20:0.9070713291370646,21:0.5324310390453294,22:0.4949356312166132,23:0.5822765376560535,24:0.1515698623164199,25:0.3569738779889179,26:0.7828638865646648,27:0.07874889107061056,28:0.7162250444256882,29:0.4020350657775529,30:0.36935217612351534,31:0.2250390921673323,32:0.7718471328032612,33:0.8696621507601785,34:0.5783075069659915,35:0.3116869662277557,36:0.06678729255268334,37:0.07535525311808122,38:0.6781189012370193,39:0.2546460668989996,40:0.8782802255347911} with alpha 35.0 and beta 256.0
The order information:
Date: 2012-05-23T10:57:04.000+02:00
It predicted these items for order 1790996 :
   31560 with score of 2.4707705094489265
   748 with score of 2.1676093120786946
   23467 with score of 1.9550929256361358
   752 with score of 1.9039405980537265
   23588 with score of 1.865186294610442
   1663 with score of 1.8019465815726914
   30800 with score of 1.7565555802918646
   27900 with score of 1.64164467748094
   11380 with score of 1.6231852011880432
   572 with score of 1.4962058912346607
These are the actual items bought: 
   15449
   21787
   21787
The current arm is 48 with vector {0:0.8268265290835555,1:0.6126105304163063,2:0.5824010392337855,3:0.3544662189644182,4:0.9103407219998629,5:0.4841377955333397,6:0.9780682665510784,7:0.7570636878673569,8:0.885377460390319,9:0.6374505686876959,10:0.4455721973530704,11:0.33155965130864173,12:0.867846827322541,13:0.37992809627394697,14:0.6715332200786882,15:0.01590852642185503,16:0.7261089377528793,17:0.8575910877837589,18:0.1326355878496026,19:0.7285650531534235,20:0.07971598590821982,21:0.2189998396827848,22:0.6600440125291452,23:0.33840377173226,24:0.22222990490880568,25:0.022793073182789225,26:0.32982961520513276,27:0.6203235106159304,28:0.8857076813362795,29:0.32426762857991076,30:0.4836212929575284,31:0.3466980934417968,32:0.538681754822105,33:0.5026760523260557,34:0.5035404117688564,35:0.5912319980732423,36:0.3318210124566382,37:0.36447278223139645,38:0.10058797948851028,39:0.2068869833919753,40:0.8889252130530125} with alpha 314.0 and beta 1870.0
The order information:
Date: 2012-05-24T04:15:47.000+02:00
It predicted these items for order 1792001 :
   31560 with score of 2.9192663036140734
   748 with score of 2.486119977896313
   27576 with score of 2.3661436611062223
   23467 with score of 2.3121155801765343
   752 with score of 2.2863619054677016
   30800 with score of 2.1163997109145445
   1663 with score of 2.055491561629927
   5003 with score of 2.03913085735231
   29669 with score of 2.025743168905524
   11832 with score of 1.9245828673506904
These are the actual items bought: 
   29355
The current arm is 45 with vector {0:0.7384679788540061,1:0.2888627204227404,2:0.2729590257691147,3:0.15249580542134245,4:0.4240723592474579,5:0.329158254440881,6:0.6859160684648424,7:0.18236930283012942,8:0.341605076780087,9:0.13365438729624024,10:0.8560179488433102,11:0.9333311541658303,12:0.3018589919965642,13:0.5852724592443216,14:0.1647682423748491,15:0.30464944705892893,16:0.46029900305580984,17:0.285657379901358,18:0.8124768140791438,19:0.5200803676690331,20:0.7040155744302875,21:0.003300397233553465,22:0.8774510124538033,23:0.06108998764399687,24:0.4103170133053221,25:0.8052121257304419,26:0.8622968165423961,27:0.04619490719469055,28:0.8309477167891974,29:0.19856553386988196,30:0.435713490546194,31:0.7210380872853815,32:0.26373383955842855,33:0.9940525567129372,34:0.686741833428506,35:0.23104280283304057,36:0.7753655923417799,37:0.49942297578575146,38:0.6702403956886321,39:0.7824885280513744,40:0.12794503720661077} with alpha 68.0 and beta 497.0
The order information:
Date: 2012-05-25T09:03:22.000+02:00
It predicted these items for order 1793007 :
   31560 with score of 1.7641619653380947
   23467 with score of 1.5637591400167605
   748 with score of 1.501503818232015
   21803 with score of 1.4800516684352667
   752 with score of 1.4112130768048439
   27576 with score of 1.3870949195940199
   30800 with score of 1.3485722480838527
   5003 with score of 1.2863172412423092
   32289 with score of 1.2785470010205047
   29669 with score of 1.2776692135547285
These are the actual items bought: 
   31184
   9876
   24045
   32886
The current arm is 19 with vector {0:0.46732037724805575,1:0.20178224025020197,2:0.9708770493521618,3:0.13942435354236626,4:0.3779595614849841,5:0.5033159078763743,6:0.8454887106021088,7:0.38424861420681355,8:0.8141354958271597,9:0.2027593384494848,10:0.12898327461650094,11:0.7093538657960201,12:0.1182692344147287,13:0.1641024142790133,14:0.2681399180398635,15:0.355940689671993,16:0.030682410559520812,17:0.47425209810316127,18:0.41349058638771397,19:0.34075714982180183,20:0.5368895722870838,21:0.7027001299850782,22:0.755791029055438,23:0.5452126176341567,24:0.9201131255738219,25:0.9060549030360922,26:0.07642635105707551,27:0.41792303201986425,28:0.157903952508764,29:0.31652684860916924,30:0.38839754273366867,31:0.443869410626646,32:0.45889757786622276,33:0.7913275882847429,34:0.3875554134676976,35:0.28307227877529506,36:0.6434525704767481,37:0.12325643574123712,38:0.2699420156361325,39:0.7804985667103849,40:0.2062659784346259} with alpha 123.0 and beta 729.0
The order information:
Date: 2012-05-26T13:29:41.000+02:00
It predicted these items for order 1794012 :
   31560 with score of 1.8406359695570587
   23467 with score of 1.5314023198925675
   748 with score of 1.3757461677999796
   752 with score of 1.276305545233937
   21803 with score of 1.2614040491792078
   30800 with score of 1.2555245753611053
   27576 with score of 1.2269810105507923
   23065 with score of 1.1104875815714703
   31595 with score of 1.1104875815714703
   32243 with score of 1.1104875815714703
These are the actual items bought: 
   31457
   24942
   21839
   1002
The current arm is 49 with vector {0:0.9520045773090863,1:0.5000756261183263,2:0.4495948272482023,3:0.1422696405193402,4:0.7663188005249346,5:0.5218514227921837,6:0.43571877078665067,7:0.5419527573881114,8:0.28252753150198096,9:0.10372623335567999,10:0.967958863139083,11:0.6054291812718489,12:0.29289808216815705,13:0.6897401184070474,14:0.17410586452096866,15:0.31627122930623164,16:0.7984246827335953,17:0.980578566711371,18:0.43769757040783275,19:0.3299378575530024,20:0.621904158078154,21:0.37145558291371095,22:0.2682039296613631,23:0.8180770059646003,24:0.881207774841884,25:0.3412482465640384,26:0.6781510591673262,27:0.9979680699295196,28:0.7602178364925454,29:0.2160005356588064,30:0.6510615040609948,31:0.3339513462748719,32:0.026127414206182253,33:0.732538907859458,34:0.33979919094671784,35:0.7044997609493779,36:0.9067756701000009,37:0.9068674791952258,38:0.4178499018742763,39:0.7150405135440385,40:0.4698021080027853} with alpha 33.0 and beta 253.0
The order information:
Date: 2012-05-27T18:26:02.000+02:00
It predicted these items for order 1795019 :
   31560 with score of 2.085936400769735
   23467 with score of 1.8096853651485614
   748 with score of 1.6957214229521562
   752 with score of 1.6463494880234408
   25317 with score of 1.6192912525212417
   32331 with score of 1.6187214601664421
   32664 with score of 1.6187214601664421
   32796 with score of 1.6187214601664421
   19243 with score of 1.6161256406206101
   21405 with score of 1.6161256406206101
These are the actual items bought: 
   7420
The current arm is 48 with vector {0:0.8268265290835555,1:0.6126105304163063,2:0.5824010392337855,3:0.3544662189644182,4:0.9103407219998629,5:0.4841377955333397,6:0.9780682665510784,7:0.7570636878673569,8:0.885377460390319,9:0.6374505686876959,10:0.4455721973530704,11:0.33155965130864173,12:0.867846827322541,13:0.37992809627394697,14:0.6715332200786882,15:0.01590852642185503,16:0.7261089377528793,17:0.8575910877837589,18:0.1326355878496026,19:0.7285650531534235,20:0.07971598590821982,21:0.2189998396827848,22:0.6600440125291452,23:0.33840377173226,24:0.22222990490880568,25:0.022793073182789225,26:0.32982961520513276,27:0.6203235106159304,28:0.8857076813362795,29:0.32426762857991076,30:0.4836212929575284,31:0.3466980934417968,32:0.538681754822105,33:0.5026760523260557,34:0.5035404117688564,35:0.5912319980732423,36:0.3318210124566382,37:0.36447278223139645,38:0.10058797948851028,39:0.2068869833919753,40:0.8889252130530125} with alpha 432.0 and beta 2623.0
The order information:
Date: 2012-05-28T14:17:50.000+02:00
It predicted these items for order 1796028 :
   31560 with score of 2.920595538345755
   23467 with score of 2.600716118840388
   748 with score of 2.2829744087441255
   30800 with score of 2.2561780673766143
   752 with score of 2.197434298506476
   27576 with score of 2.1822204876387454
   21803 with score of 2.164883975515561
   32289 with score of 1.9077647790113519
   21714 with score of 1.9072627933164827
   29669 with score of 1.8574488094347545
These are the actual items bought: 
   21224
The current arm is 10 with vector {0:0.6774904525377802,1:0.8890203676388536,2:0.1780312861708705,3:0.13102999098095647,4:0.08659011837927111,5:0.7349388149156163,6:0.997744369752507,7:0.9709885602983591,8:0.9488647780227524,9:0.6225201325872213,10:0.2484930860418484,11:0.16942517617015096,12:0.588120868877843,13:0.4075492905117776,14:0.02385866315322005,15:0.22871469922037702,16:0.9517738375352088,17:0.4291103016619163,18:0.16677940619898335,19:0.9383133323079215,20:0.017216270816088453,21:0.453296626194442,22:0.9900655363058345,23:0.272971713996372,24:0.6797833543795382,25:0.7247682683146411,26:0.8990369292570471,27:0.9712954816556414,28:0.37283970560265844,29:0.9725677849671515,30:0.10515698661491935,31:0.47148211168895005,32:0.8836844917935628,33:0.2127440201011268,34:0.4063238053583491,35:0.4820185734434519,36:0.360395156522194,37:0.031368496498994536,38:0.86979247080642,39:0.17961688857190483,40:0.5501277917345458} with alpha 17.0 and beta 181.0
The order information:
Date: 2012-05-28T22:58:00.000+02:00
It predicted these items for order 1797034 :
   31560 with score of 2.7805875094765433
   23467 with score of 2.224668827025837
   30800 with score of 1.9490531523171168
   748 with score of 1.9270276291387918
   752 with score of 1.897079788156229
   21803 with score of 1.7832740026907123
   27576 with score of 1.7352401279024505
   21714 with score of 1.6668160685437048
   5003 with score of 1.6074665794716663
   32289 with score of 1.5787406413994312
These are the actual items bought: 
   24447
The current arm is 41 with vector {0:0.9653241395450687,1:0.8410080035616845,2:0.47308398255444384,3:0.7442257393116024,4:0.09985676122349318,5:0.254058643446204,6:0.4719779039570784,7:0.9685649464524989,8:0.8361857882566505,9:0.7668607712499717,10:0.09742264700031467,11:0.3954536385290872,12:0.15953130561938922,13:0.9897456581765369,14:0.5532207710929198,15:0.32913528088872124,16:0.05500872379687982,17:0.06390698841912135,18:0.9140168979744939,19:0.25894110427128314,20:0.4991776029486592,21:0.13163624465513157,22:0.9273708033179874,23:0.4767462325643059,24:0.7330933416556142,25:0.8166648499151284,26:0.9237441677066297,27:0.09570081319338086,28:0.8242521666853242,29:0.42645221089073637,30:0.23152379490115693,31:0.9603640297728455,32:0.8306300955689859,33:0.46675511894538935,34:0.3795208800797123,35:0.1389313475206957,36:0.5909833302743246,37:0.7372336966066657,38:0.6374572265432765,39:0.8257190829515125,40:0.30840534903854044} with alpha 188.0 and beta 1223.0
The order information:
Date: 2012-05-29T21:07:49.000+02:00
It predicted these items for order 1798038 :
   31560 with score of 3.1510611866110243
   23467 with score of 2.61177826544036
   748 with score of 2.539882055523661
   752 with score of 2.5357640255904705
   30800 with score of 2.415876586007685
   27576 with score of 2.37885110811391
   21803 with score of 2.3410938512701875
   21714 with score of 2.31529406287354
   5003 with score of 2.2846642294767854
   32289 with score of 2.2350610961004804
These are the actual items bought: 
   21857
   23469
The current arm is 19 with vector {0:0.46732037724805575,1:0.20178224025020197,2:0.9708770493521618,3:0.13942435354236626,4:0.3779595614849841,5:0.5033159078763743,6:0.8454887106021088,7:0.38424861420681355,8:0.8141354958271597,9:0.2027593384494848,10:0.12898327461650094,11:0.7093538657960201,12:0.1182692344147287,13:0.1641024142790133,14:0.2681399180398635,15:0.355940689671993,16:0.030682410559520812,17:0.47425209810316127,18:0.41349058638771397,19:0.34075714982180183,20:0.5368895722870838,21:0.7027001299850782,22:0.755791029055438,23:0.5452126176341567,24:0.9201131255738219,25:0.9060549030360922,26:0.07642635105707551,27:0.41792303201986425,28:0.157903952508764,29:0.31652684860916924,30:0.38839754273366867,31:0.443869410626646,32:0.45889757786622276,33:0.7913275882847429,34:0.3875554134676976,35:0.28307227877529506,36:0.6434525704767481,37:0.12325643574123712,38:0.2699420156361325,39:0.7804985667103849,40:0.2062659784346259} with alpha 163.0 and beta 1121.0
The order information:
Date: 2012-05-30T19:21:53.000+02:00
It predicted these items for order 1799051 :
   31560 with score of 2.078750138013233
   23467 with score of 1.5726141213363234
   30800 with score of 1.4868899181984636
   748 with score of 1.4215762922134985
   752 with score of 1.4095819168304295
   32289 with score of 1.3802412913736948
   31472 with score of 1.349045786438696
   22374 with score of 1.3485958466094141
   28097 with score of 1.3485958466094141
   28318 with score of 1.3485958466094141
These are the actual items bought: 
   20534
The current arm is 45 with vector {0:0.7384679788540061,1:0.2888627204227404,2:0.2729590257691147,3:0.15249580542134245,4:0.4240723592474579,5:0.329158254440881,6:0.6859160684648424,7:0.18236930283012942,8:0.341605076780087,9:0.13365438729624024,10:0.8560179488433102,11:0.9333311541658303,12:0.3018589919965642,13:0.5852724592443216,14:0.1647682423748491,15:0.30464944705892893,16:0.46029900305580984,17:0.285657379901358,18:0.8124768140791438,19:0.5200803676690331,20:0.7040155744302875,21:0.003300397233553465,22:0.8774510124538033,23:0.06108998764399687,24:0.4103170133053221,25:0.8052121257304419,26:0.8622968165423961,27:0.04619490719469055,28:0.8309477167891974,29:0.19856553386988196,30:0.435713490546194,31:0.7210380872853815,32:0.26373383955842855,33:0.9940525567129372,34:0.686741833428506,35:0.23104280283304057,36:0.7753655923417799,37:0.49942297578575146,38:0.6702403956886321,39:0.7824885280513744,40:0.12794503720661077} with alpha 129.0 and beta 908.0
The order information:
Date: 2012-05-31T18:59:26.000+02:00
It predicted these items for order 1800061 :
   31560 with score of 1.7624294285600874
   23467 with score of 1.320423739852796
   30800 with score of 1.3010002438083863
   32289 with score of 1.2680089101236318
   5003 with score of 1.250946086491196
   21803 with score of 1.2488897796130953
   29264 with score of 1.222758129784315
   748 with score of 1.22244789099011
   29166 with score of 1.2203258033003972
   30450 with score of 1.2203258033003972
These are the actual items bought: 
   5003
The current arm is 27 with vector {0:0.6460209295778815,1:0.11443655803644148,2:0.029187720218922353,3:0.9723897939527628,4:0.648950296047781,5:0.07409437453510814,6:0.47588719502502197,7:0.8402969345155273,8:0.31991018766446677,9:0.456575291394302,10:0.25307356540202974,11:0.20430506245463065,12:0.836991255168213,13:0.8844896598028177,14:0.2161561405085719,15:0.4182021101737692,16:0.18030733498278706,17:0.38246802538381686,18:0.46050636345320095,19:0.16955703281238865,20:0.019565812797444293,21:0.11103665050247058,22:0.996476896829507,23:0.39642697285936135,24:0.4670255316277262,25:0.40056397898388996,26:0.2174619229322563,27:0.11898577472781358,28:0.5482725132444447,29:0.1467076306265238,30:0.4333643859367723,31:0.2837534181200254,32:0.4439738606492821,33:0.7039359814832917,34:0.38593003587920327,35:0.7248455458142865,36:0.2197607735114,37:0.14653148241804093,38:0.7774437257161088,39:0.28066404343151974,40:0.31778350349818885} with alpha 302.0 and beta 1959.0
The order information:
Date: 2012-06-01T21:06:50.000+02:00
It predicted these items for order 1801065 :
   31560 with score of 2.9358536327205886
   748 with score of 2.2662897858498376
   752 with score of 2.2478808908816825
   23467 with score of 2.22179470680444
   5003 with score of 2.1936370197464647
   30800 with score of 2.1712401310903924
   32289 with score of 2.112397034491086
   27576 with score of 2.1077493662716047
   21714 with score of 2.0806879029467846
   572 with score of 2.0457632604951765
These are the actual items bought: 
   23072
The current arm is 48 with vector {0:0.8268265290835555,1:0.6126105304163063,2:0.5824010392337855,3:0.3544662189644182,4:0.9103407219998629,5:0.4841377955333397,6:0.9780682665510784,7:0.7570636878673569,8:0.885377460390319,9:0.6374505686876959,10:0.4455721973530704,11:0.33155965130864173,12:0.867846827322541,13:0.37992809627394697,14:0.6715332200786882,15:0.01590852642185503,16:0.7261089377528793,17:0.8575910877837589,18:0.1326355878496026,19:0.7285650531534235,20:0.07971598590821982,21:0.2189998396827848,22:0.6600440125291452,23:0.33840377173226,24:0.22222990490880568,25:0.022793073182789225,26:0.32982961520513276,27:0.6203235106159304,28:0.8857076813362795,29:0.32426762857991076,30:0.4836212929575284,31:0.3466980934417968,32:0.538681754822105,33:0.5026760523260557,34:0.5035404117688564,35:0.5912319980732423,36:0.3318210124566382,37:0.36447278223139645,38:0.10058797948851028,39:0.2068869833919753,40:0.8889252130530125} with alpha 585.0 and beta 3703.0
The order information:
Date: 2012-06-03T13:10:07.000+02:00
It predicted these items for order 1802072 :
   31560 with score of 3.4780432132454697
   752 with score of 2.480471502916366
   748 with score of 2.3982121517231625
   32289 with score of 2.39732234841326
   23588 with score of 2.394071557779697
   30800 with score of 2.379748025806098
   23467 with score of 2.3344626919227087
   11380 with score of 2.3205734303209353
   572 with score of 2.2791239317307443
   9111 with score of 2.222128837354372
These are the actual items bought: 
   18489
The current arm is 10 with vector {0:0.6774904525377802,1:0.8890203676388536,2:0.1780312861708705,3:0.13102999098095647,4:0.08659011837927111,5:0.7349388149156163,6:0.997744369752507,7:0.9709885602983591,8:0.9488647780227524,9:0.6225201325872213,10:0.2484930860418484,11:0.16942517617015096,12:0.588120868877843,13:0.4075492905117776,14:0.02385866315322005,15:0.22871469922037702,16:0.9517738375352088,17:0.4291103016619163,18:0.16677940619898335,19:0.9383133323079215,20:0.017216270816088453,21:0.453296626194442,22:0.9900655363058345,23:0.272971713996372,24:0.6797833543795382,25:0.7247682683146411,26:0.8990369292570471,27:0.9712954816556414,28:0.37283970560265844,29:0.9725677849671515,30:0.10515698661491935,31:0.47148211168895005,32:0.8836844917935628,33:0.2127440201011268,34:0.4063238053583491,35:0.4820185734434519,36:0.360395156522194,37:0.031368496498994536,38:0.86979247080642,39:0.17961688857190483,40:0.5501277917345458} with alpha 23.0 and beta 215.0
The order information:
Date: 2012-06-04T06:36:28.000+02:00
It predicted these items for order 1803078 :
   31560 with score of 2.783717926092225
   5003 with score of 1.7272489508180542
   752 with score of 1.6165450374796113
   748 with score of 1.5476524041498312
   1235 with score of 1.543459258434353
   2386 with score of 1.543459258434353
   5247 with score of 1.543459258434353
   5267 with score of 1.543459258434353
   16519 with score of 1.543459258434353
   19288 with score of 1.543459258434353
These are the actual items bought: 
   31872
The current arm is 15 with vector {0:0.24193014700846183,1:0.755439718010833,2:0.4762488017582853,3:0.5135516817715869,4:0.21370406281435184,5:0.029958451656310614,6:0.7094106001684787,7:0.22906809934496042,8:0.18941946186615333,9:0.6432360238316365,10:0.3245936166866217,11:0.8890888807537022,12:0.05002312119868069,13:0.5390224246828004,14:0.7532408043431319,15:0.35092887852690324,16:0.6306503343459754,17:0.7281046676689304,18:0.8877685416493555,19:0.668680731191847,20:0.7720497384298831,21:0.4210842814943422,22:0.9675385093104983,23:0.6224573239505798,24:0.05494434428775308,25:0.8664429690530769,26:0.7748558170634073,27:0.21748333343508908,28:0.749989882223947,29:0.7475174443817185,30:0.2300040960660018,31:0.19319015263956474,32:0.38753875724970543,33:0.7244944689015281,34:0.6318574977931557,35:0.7261864705617974,36:0.7202145269331707,37:0.21965654306121496,38:0.07962026876004957,39:0.5669104753249932,40:0.11719189352970938} with alpha 147.0 and beta 1029.0
The order information:
Date: 2012-06-04T22:48:26.000+02:00
It predicted these items for order 1804098 :
   31560 with score of 1.6945413060315748
   5003 with score of 1.1455183060165035
   32289 with score of 1.0733123181870547
   11832 with score of 1.0594789582273594
   29353 with score of 1.0525786059608524
   752 with score of 1.0468774911018948
   12338 with score of 1.0193278382504807
   748 with score of 1.0132648811062421
   572 with score of 1.0035691961779474
   20451 with score of 0.9945559732407961
These are the actual items bought: 
   20051
   31484
   13678
   13672
The current arm is 33 with vector {0:0.038093134706879805,1:0.7374236562186425,2:0.9004689661373512,3:0.1446394097785293,4:0.21289056508093307,5:0.20357050524892673,6:0.5514936936849143,7:0.6462557273508546,8:0.27244807684701666,9:0.603979277429058,10:0.3892125362752882,11:0.15480164733868107,12:0.20020608648621407,13:0.1271866564500872,14:0.6259624997246263,15:0.18364706174280454,16:0.18023661088956633,17:0.08588404452259757,18:0.6022757537176431,19:0.1650851611755979,20:0.19350533785733603,21:0.7865341556927341,22:0.5544252834736714,23:0.0362706810057436,24:0.08104023543954064,25:0.8571822141260117,26:0.8415317079301121,27:0.5673151387814459,28:0.5896105617869135,29:0.818649344515762,30:0.3814674258889976,31:0.5266473745835282,32:0.807800432504238,33:0.438371238511305,34:0.09783319329709217,35:0.6525594290648488,36:0.2709446237959332,37:0.6589727441085759,38:0.19851790525604762,39:0.2696527497979848,40:0.7085266466930109} with alpha 122.0 and beta 896.0
The order information:
Date: 2012-06-06T00:51:18.000+02:00
It predicted these items for order 1805107 :
   31560 with score of 1.3839141342081989
   5003 with score of 0.7150643736874529
   748 with score of 0.6383432551191023
   752 with score of 0.6367904963687494
   32289 with score of 0.633120720030624
   11832 with score of 0.5843325950275834
   23467 with score of 0.5668642371124473
   30800 with score of 0.5397045885613303
   27576 with score of 0.5284569426170849
   12338 with score of 0.5284521964448321
These are the actual items bought: 
   752
The current arm is 1 with vector {0:0.7709344798220004,1:0.6536181419194204,2:0.050609333570638904,3:0.533222343583575,4:0.9515504945302075,5:0.517974192041051,6:0.5932808810796686,7:0.8677950608214383,8:0.10164571139020095,9:0.8578939827457758,10:0.6788023365689094,11:0.48750584808813613,12:0.7067369711237833,13:0.20890049374399655,14:0.5935957218146037,15:0.17196122043543194,16:0.7395243743774663,17:0.26380369910798596,18:0.7759506963147295,19:0.6380253946900685,20:0.5453993606123457,21:0.642971707073319,22:0.30309029236429763,23:0.40430945423074005,24:0.307428065114266,25:0.5814166762328794,26:0.7438381875317216,27:0.9596510621728994,28:0.6731974556472423,29:0.9701104540258199,30:0.26810535757913023,31:0.805389308708236,32:0.020510920534809962,33:0.26383688278896655,34:0.529089442161433,35:0.4288784595852313,36:0.6896911097232529,37:0.31387860414512814,38:0.4178461516745827,39:0.1791297968915604,40:0.5368882782953933} with alpha 29.0 and beta 270.0
The order information:
Date: 2012-06-07T08:29:43.000+02:00
It predicted these items for order 1806121 :
   31560 with score of 2.7702848749826474
   5003 with score of 1.906238845964587
   748 with score of 1.88888283890817
   752 with score of 1.8555613327339469
   32289 with score of 1.853771234697141
   31778 with score of 1.8266088021381715
   8978 with score of 1.8249342283511079
   33085 with score of 1.8249342283511079
   32123 with score of 1.8230265727849353
   32406 with score of 1.8230265727849353
These are the actual items bought: 
   33075
The current arm is 9 with vector {0:0.38076800958901025,1:0.9378503944401512,2:0.4611998823582023,3:0.9963550411153036,4:0.1926584654266349,5:0.12036263246350964,6:0.9443734448074107,7:0.5727419417712951,8:0.77712686709271,9:0.21843666327344224,10:0.8007035367710512,11:0.032764185207729946,12:0.7398013358326464,13:0.694288520506271,14:0.9399355321964408,15:0.6721584564049,16:0.6979336612557884,17:0.1567543430294117,18:0.7759795399834672,19:0.17709959323658642,20:0.19088896436148495,21:0.24247047036507718,22:0.12886667104430405,23:0.6660215661079255,24:0.747342437285561,25:0.4966784961870956,26:0.04245966235942211,27:0.5241076815485157,28:0.6261135874128587,29:0.10177593477384062,30:0.34325059930816715,31:0.08635401656605557,32:0.5461319496669303,33:0.9046657607033854,34:0.5908166262612927,35:0.4828605340632087,36:0.6164442804020158,37:0.5563874277137749,38:0.6720306525780225,39:0.04267462014653711,40:0.4459627391273696} with alpha 236.0 and beta 1606.0
The order information:
Date: 2012-06-08T09:20:14.000+02:00
It predicted these items for order 1807131 :
   31560 with score of 2.894903758366989
   32289 with score of 1.9902237050706915
   5003 with score of 1.9436922918818846
   11832 with score of 1.8920711249300732
   29353 with score of 1.8707316086710388
   748 with score of 1.8583913169798396
   752 with score of 1.820969822480105
   572 with score of 1.7836625313918304
   21803 with score of 1.7544545143353658
   12338 with score of 1.7542162943465036
These are the actual items bought: 
   32886
The current arm is 33 with vector {0:0.038093134706879805,1:0.7374236562186425,2:0.9004689661373512,3:0.1446394097785293,4:0.21289056508093307,5:0.20357050524892673,6:0.5514936936849143,7:0.6462557273508546,8:0.27244807684701666,9:0.603979277429058,10:0.3892125362752882,11:0.15480164733868107,12:0.20020608648621407,13:0.1271866564500872,14:0.6259624997246263,15:0.18364706174280454,16:0.18023661088956633,17:0.08588404452259757,18:0.6022757537176431,19:0.1650851611755979,20:0.19350533785733603,21:0.7865341556927341,22:0.5544252834736714,23:0.0362706810057436,24:0.08104023543954064,25:0.8571822141260117,26:0.8415317079301121,27:0.5673151387814459,28:0.5896105617869135,29:0.818649344515762,30:0.3814674258889976,31:0.5266473745835282,32:0.807800432504238,33:0.438371238511305,34:0.09783319329709217,35:0.6525594290648488,36:0.2709446237959332,37:0.6589727441085759,38:0.19851790525604762,39:0.2696527497979848,40:0.7085266466930109} with alpha 135.0 and beta 1001.0
The order information:
Date: 2012-06-09T20:08:02.000+02:00
It predicted these items for order 1808142 :
   31560 with score of 1.3857353979146987
   32289 with score of 0.7496679360628028
   5003 with score of 0.684558362173904
   748 with score of 0.6405341075548017
   11832 with score of 0.6094239887965999
   12338 with score of 0.5640917494088911
   29353 with score of 0.5574213484781488
   572 with score of 0.5440119345714391
   23467 with score of 0.5437946424768949
   752 with score of 0.5436873874871071
These are the actual items bought: 
   20952
The current arm is 46 with vector {0:0.6760569241825188,1:0.5671608334497479,2:0.03756984744863823,3:0.5601141708878248,4:0.09901214227397781,5:0.08396947820976464,6:0.3914223186251271,7:0.746642650801084,8:0.9447633960317025,9:0.0827399493929506,10:0.5344109915470043,11:0.8164136565538004,12:0.004568119089654488,13:0.0874896188046399,14:0.8898003845250083,15:0.9098130146277729,16:0.5093198061425669,17:0.9910198279246176,18:0.6798494699672395,19:0.5830533913551662,20:0.3504273933462845,21:0.4391493421298004,22:0.07380948353046446,23:0.24735748946074165,24:0.7574842286998444,25:0.19643495814075562,26:0.37279333683066496,27:0.4815397729644668,28:0.3339251636236401,29:0.8011761593514751,30:0.33176595415030485,31:0.39085415302120563,32:0.8813490492745532,33:0.8946213961910051,34:0.21335426354690323,35:0.6866918564261184,36:0.5308405214808755,37:0.45198693311463267,38:0.9565882796615734,39:0.6180190434512255,40:0.840854117340471} with alpha 358.0 and beta 2390.0
The order information:
Date: 2012-06-10T22:09:10.000+02:00
It predicted these items for order 1809154 :
   31560 with score of 1.9139980040563507
   32289 with score of 1.3504896849605705
   23588 with score of 1.279135299324899
   748 with score of 1.276632167553971
   11380 with score of 1.2568854023145533
   752 with score of 1.1452820375219819
   5003 with score of 1.144338306872468
   23469 with score of 1.1335366861469043
   23467 with score of 1.1268601027615497
   572 with score of 1.1257062077839406
These are the actual items bought: 
   758
The current arm is 46 with vector {0:0.6760569241825188,1:0.5671608334497479,2:0.03756984744863823,3:0.5601141708878248,4:0.09901214227397781,5:0.08396947820976464,6:0.3914223186251271,7:0.746642650801084,8:0.9447633960317025,9:0.0827399493929506,10:0.5344109915470043,11:0.8164136565538004,12:0.004568119089654488,13:0.0874896188046399,14:0.8898003845250083,15:0.9098130146277729,16:0.5093198061425669,17:0.9910198279246176,18:0.6798494699672395,19:0.5830533913551662,20:0.3504273933462845,21:0.4391493421298004,22:0.07380948353046446,23:0.24735748946074165,24:0.7574842286998444,25:0.19643495814075562,26:0.37279333683066496,27:0.4815397729644668,28:0.3339251636236401,29:0.8011761593514751,30:0.33176595415030485,31:0.39085415302120563,32:0.8813490492745532,33:0.8946213961910051,34:0.21335426354690323,35:0.6866918564261184,36:0.5308405214808755,37:0.45198693311463267,38:0.9565882796615734,39:0.6180190434512255,40:0.840854117340471} with alpha 376.0 and beta 2515.0
The order information:
Date: 2012-06-11T22:12:13.000+02:00
It predicted these items for order 1810164 :
   31560 with score of 2.374763663924649
   32289 with score of 1.829674401546422
   5003 with score of 1.7177461789777526
   748 with score of 1.7022445172753582
   12338 with score of 1.639551114520778
   11832 with score of 1.6381090701689147
   752 with score of 1.610826275246876
   23469 with score of 1.5906264866327
   572 with score of 1.5841331036518924
   23467 with score of 1.5824245115671063
These are the actual items bought: 
   32829
The current arm is 9 with vector {0:0.38076800958901025,1:0.9378503944401512,2:0.4611998823582023,3:0.9963550411153036,4:0.1926584654266349,5:0.12036263246350964,6:0.9443734448074107,7:0.5727419417712951,8:0.77712686709271,9:0.21843666327344224,10:0.8007035367710512,11:0.032764185207729946,12:0.7398013358326464,13:0.694288520506271,14:0.9399355321964408,15:0.6721584564049,16:0.6979336612557884,17:0.1567543430294117,18:0.7759795399834672,19:0.17709959323658642,20:0.19088896436148495,21:0.24247047036507718,22:0.12886667104430405,23:0.6660215661079255,24:0.747342437285561,25:0.4966784961870956,26:0.04245966235942211,27:0.5241076815485157,28:0.6261135874128587,29:0.10177593477384062,30:0.34325059930816715,31:0.08635401656605557,32:0.5461319496669303,33:0.9046657607033854,34:0.5908166262612927,35:0.4828605340632087,36:0.6164442804020158,37:0.5563874277137749,38:0.6720306525780225,39:0.04267462014653711,40:0.4459627391273696} with alpha 289.0 and beta 1981.0
The order information:
Date: 2012-06-12T21:33:55.000+02:00
It predicted these items for order 1811173 :
   31560 with score of 2.092588651754335
   32289 with score of 1.3561751492429264
   23588 with score of 1.2648151969781514
   11380 with score of 1.252105662164094
   748 with score of 1.109166332880271
   23469 with score of 1.0434100898476497
   752 with score of 1.015027821092799
   572 with score of 1.0052563700605917
   27900 with score of 0.9603531998554269
   5003 with score of 0.9534553125306433
These are the actual items bought: 
   32563
   21986
   21833
   29794
The current arm is 23 with vector {0:0.9884346837304957,1:0.49581841466589016,2:0.04612938702544711,3:0.9807641773224806,4:0.33400900011048684,5:0.20020305027457508,6:0.924747531664604,7:0.48529873887161123,8:0.6721355061344787,9:0.3849976277585223,10:0.3840616031408226,11:0.7187129193249809,12:0.3143313553398518,13:0.3703521493302476,14:0.38187489088123405,15:0.7393527849917984,16:0.7864785721943248,17:0.8489359855277027,18:0.09728974877510832,19:0.9140410799398486,20:0.42905674819671025,21:0.9627631671638665,22:0.006734810483659981,23:0.5319351026957501,24:0.6413781692511379,25:0.46068515062676196,26:0.43419587400861315,27:0.07732544585400813,28:0.101718985134297,29:0.7672407020106582,30:0.9346547931300101,31:0.626227196458052,32:0.370442353371246,33:0.49440314274616437,34:0.619966725459056,35:0.5482670483860322,36:0.48390193299845174,37:0.8156175809112673,38:0.706103253026832,39:0.998581612984111,40:0.3443993575008234} with alpha 291.0 and beta 2038.0
The order information:
Date: 2012-06-13T23:05:47.000+02:00
It predicted these items for order 1812178 :
   31560 with score of 2.7346376550098075
   32289 with score of 2.1062023986028184
   23588 with score of 2.0102429623126707
   11380 with score of 1.9646316464314273
   748 with score of 1.9037517463288958
   23469 with score of 1.798826111338505
   752 with score of 1.7497582433410552
   572 with score of 1.739042980443994
   27900 with score of 1.7204023615277595
   1663 with score of 1.6657374178323974
These are the actual items bought: 
   30584
   29944
   30425
   30466
The current arm is 23 with vector {0:0.9884346837304957,1:0.49581841466589016,2:0.04612938702544711,3:0.9807641773224806,4:0.33400900011048684,5:0.20020305027457508,6:0.924747531664604,7:0.48529873887161123,8:0.6721355061344787,9:0.3849976277585223,10:0.3840616031408226,11:0.7187129193249809,12:0.3143313553398518,13:0.3703521493302476,14:0.38187489088123405,15:0.7393527849917984,16:0.7864785721943248,17:0.8489359855277027,18:0.09728974877510832,19:0.9140410799398486,20:0.42905674819671025,21:0.9627631671638665,22:0.006734810483659981,23:0.5319351026957501,24:0.6413781692511379,25:0.46068515062676196,26:0.43419587400861315,27:0.07732544585400813,28:0.101718985134297,29:0.7672407020106582,30:0.9346547931300101,31:0.626227196458052,32:0.370442353371246,33:0.49440314274616437,34:0.619966725459056,35:0.5482670483860322,36:0.48390193299845174,37:0.8156175809112673,38:0.706103253026832,39:0.998581612984111,40:0.3443993575008234} with alpha 296.0 and beta 2079.0
The order information:
Date: 2012-06-15T16:19:38.000+02:00
It predicted these items for order 1813189 :
   31560 with score of 2.7359797323177637
   32289 with score of 2.036694196812637
   23588 with score of 2.0141430525020803
   748 with score of 1.9798559702569232
   11380 with score of 1.966872687553653
   23469 with score of 1.8796420572914778
   752 with score of 1.7783357367242476
   5003 with score of 1.758295479855805
   1663 with score of 1.7223040010462751
   27900 with score of 1.7142805905344296
These are the actual items bought: 
   20420
   13461
   31940
   1002
The current arm is 42 with vector {0:0.22864930693420016,1:0.32017661650663964,2:0.43984363108683433,3:0.1640437418115498,4:0.7895388149588596,5:0.27537389337480334,6:0.8380158509885464,7:0.6143619497223168,8:0.26871486718116844,9:0.18545876228429137,10:0.6407656167518454,11:0.2772322546433691,12:0.9057844901767874,13:0.4405913586993079,14:0.007257255487035819,15:0.31949565795526924,16:0.48633550931361524,17:0.796227586743457,18:0.007891737431969914,19:0.1006400032781859,20:0.9070713291370646,21:0.5324310390453294,22:0.4949356312166132,23:0.5822765376560535,24:0.1515698623164199,25:0.3569738779889179,26:0.7828638865646648,27:0.07874889107061056,28:0.7162250444256882,29:0.4020350657775529,30:0.36935217612351534,31:0.2250390921673323,32:0.7718471328032612,33:0.8696621507601785,34:0.5783075069659915,35:0.3116869662277557,36:0.06678729255268334,37:0.07535525311808122,38:0.6781189012370193,39:0.2546460668989996,40:0.8782802255347911} with alpha 72.0 and beta 583.0
The order information:
Date: 2012-06-17T17:19:20.000+02:00
It predicted these items for order 1814192 :
   31560 with score of 2.4725722897687668
   748 with score of 1.7979785731989217
   23588 with score of 1.7210911531306057
   32289 with score of 1.7093177517875517
   11380 with score of 1.6522698194338226
   23469 with score of 1.5523897504707644
   752 with score of 1.5048120444079713
   572 with score of 1.4165664936428408
   1663 with score of 1.4059864980994425
   30800 with score of 1.3490844856499837
These are the actual items bought: 
   21815
The current arm is 41 with vector {0:0.9653241395450687,1:0.8410080035616845,2:0.47308398255444384,3:0.7442257393116024,4:0.09985676122349318,5:0.254058643446204,6:0.4719779039570784,7:0.9685649464524989,8:0.8361857882566505,9:0.7668607712499717,10:0.09742264700031467,11:0.3954536385290872,12:0.15953130561938922,13:0.9897456581765369,14:0.5532207710929198,15:0.32913528088872124,16:0.05500872379687982,17:0.06390698841912135,18:0.9140168979744939,19:0.25894110427128314,20:0.4991776029486592,21:0.13163624465513157,22:0.9273708033179874,23:0.4767462325643059,24:0.7330933416556142,25:0.8166648499151284,26:0.9237441677066297,27:0.09570081319338086,28:0.8242521666853242,29:0.42645221089073637,30:0.23152379490115693,31:0.9603640297728455,32:0.8306300955689859,33:0.46675511894538935,34:0.3795208800797123,35:0.1389313475206957,36:0.5909833302743246,37:0.7372336966066657,38:0.6374572265432765,39:0.8257190829515125,40:0.30840534903854044} with alpha 354.0 and beta 2456.0
The order information:
Date: 2012-06-18T19:09:52.000+02:00
It predicted these items for order 1815195 :
   31560 with score of 3.153434090109758
   5003 with score of 2.496207005405448
   32289 with score of 2.416471377471693
   748 with score of 2.4031463393960695
   21803 with score of 2.255899878575124
   11832 with score of 2.252434046485292
   23469 with score of 2.2217560545415065
   12338 with score of 2.221344983796119
   27576 with score of 2.2032109730763403
   752 with score of 2.1795344111478085
These are the actual items bought: 
   19179
   22396
   22394
The current arm is 36 with vector {0:0.1826575816428332,1:0.5303560103350304,2:0.07513093651690139,3:0.09209365389208246,4:0.6340705100125618,5:0.23692849295202434,6:0.6796301576389414,7:0.014887102375513162,8:0.25121025348552883,9:0.08376493779273286,10:0.09477631637108697,11:0.4903904953473467,12:0.1457186542930512,13:0.34598146462185764,14:0.11598610054341574,15:0.5565055276193855,16:0.9432496777989523,17:0.789617108017527,18:0.5457566453961452,19:0.550646241896649,20:0.4811555081779817,21:0.7999265042891957,22:0.04020935526682434,23:0.18915696917205393,24:0.45553050460852773,25:0.08360202673635575,26:0.7534373733758539,27:0.913329501426629,28:0.5880083510747911,29:0.4556905632372449,30:0.678027967807863,31:0.9671414824333888,32:0.9897158027822277,33:0.7081046501643281,34:0.6042846380549448,35:0.2461596588513223,36:0.5013783781473421,37:0.8224031279480538,38:0.07622582243818876,39:0.02543930747427492,40:0.12848617118223682} with alpha 185.0 and beta 1390.0
The order information:
Date: 2012-06-19T21:02:22.000+02:00
It predicted these items for order 1816202 :
   31560 with score of 0.9753463191759523
   5003 with score of 0.8754976120332129
   748 with score of 0.8173705251611179
   21803 with score of 0.6863153431587428
   32289 with score of 0.682582570409049
   12338 with score of 0.677500276671954
   11832 with score of 0.6723282212110123
   27576 with score of 0.6629062284979729
   14951 with score of 0.602286126967931
   23469 with score of 0.6022651387232468
These are the actual items bought: 
   29916
   31039
   21781
   21776
   29837
   29578
The current arm is 48 with vector {0:0.8268265290835555,1:0.6126105304163063,2:0.5824010392337855,3:0.3544662189644182,4:0.9103407219998629,5:0.4841377955333397,6:0.9780682665510784,7:0.7570636878673569,8:0.885377460390319,9:0.6374505686876959,10:0.4455721973530704,11:0.33155965130864173,12:0.867846827322541,13:0.37992809627394697,14:0.6715332200786882,15:0.01590852642185503,16:0.7261089377528793,17:0.8575910877837589,18:0.1326355878496026,19:0.7285650531534235,20:0.07971598590821982,21:0.2189998396827848,22:0.6600440125291452,23:0.33840377173226,24:0.22222990490880568,25:0.022793073182789225,26:0.32982961520513276,27:0.6203235106159304,28:0.8857076813362795,29:0.32426762857991076,30:0.4836212929575284,31:0.3466980934417968,32:0.538681754822105,33:0.5026760523260557,34:0.5035404117688564,35:0.5912319980732423,36:0.3318210124566382,37:0.36447278223139645,38:0.10058797948851028,39:0.2068869833919753,40:0.8889252130530125} with alpha 944.0 and beta 6457.0
The order information:
Date: 2012-06-21T09:44:30.000+02:00
It predicted these items for order 1817208 :
   31560 with score of 2.919673949416297
   5003 with score of 2.463479604999481
   748 with score of 2.3840768959764107
   11832 with score of 2.196648758862635
   21803 with score of 2.1763263084978903
   12338 with score of 2.1388440299644
   27576 with score of 2.1312052887255213
   32289 with score of 2.124403302784958
   29669 with score of 2.0922153654668216
   572 with score of 2.0131776233561225
These are the actual items bought: 
   30901
The current arm is 35 with vector {0:0.28643091037929325,1:0.387664013758397,2:0.8163957564603609,3:0.07266827950009846,4:0.5040605939183601,5:0.017321496692556893,6:0.20307002375246286,7:0.4534139338305735,8:0.33230798589555177,9:0.05234399651401578,10:0.9844262164386772,11:0.9441605361334386,12:0.5623567984704645,13:0.5090241675459966,14:0.312380941938019,15:0.9916910006290033,16:0.5371410169898081,17:0.7645056780346089,18:0.8184508615491177,19:0.12789696953612306,20:0.7564271826064475,21:0.33983666313500693,22:0.44963857551824415,23:0.5390612817131384,24:0.3568874703165369,25:0.6912267805597587,26:0.6990033494717496,27:0.13902433121448354,28:0.22319600084003888,29:0.44460112982478606,30:0.09855392159417808,31:0.14118107802322877,32:0.9067729445155128,33:0.8022243599395726,34:0.30426231062262643,35:0.7039708626607691,36:0.06935786056753712,37:0.26351685331832875,38:0.05775456571455562,39:0.21403923849200768,40:0.5436122084168142} with alpha 120.0 and beta 966.0
The order information:
Date: 2012-06-22T22:11:26.000+02:00
It predicted these items for order 1818221 :
   31560 with score of 1.447112994717243
   748 with score of 1.143642096508467
   32289 with score of 1.098836585664469
   30800 with score of 1.0653680021010385
   23588 with score of 1.0494572284498274
   27900 with score of 1.0487915702480388
   11380 with score of 1.045636930762167
   572 with score of 1.039746181186425
   23469 with score of 1.003137708137853
   752 with score of 0.9943065808172415
These are the actual items bought: 
   13289
   14951
   14951
The current arm is 15 with vector {0:0.24193014700846183,1:0.755439718010833,2:0.4762488017582853,3:0.5135516817715869,4:0.21370406281435184,5:0.029958451656310614,6:0.7094106001684787,7:0.22906809934496042,8:0.18941946186615333,9:0.6432360238316365,10:0.3245936166866217,11:0.8890888807537022,12:0.05002312119868069,13:0.5390224246828004,14:0.7532408043431319,15:0.35092887852690324,16:0.6306503343459754,17:0.7281046676689304,18:0.8877685416493555,19:0.668680731191847,20:0.7720497384298831,21:0.4210842814943422,22:0.9675385093104983,23:0.6224573239505798,24:0.05494434428775308,25:0.8664429690530769,26:0.7748558170634073,27:0.21748333343508908,28:0.749989882223947,29:0.7475174443817185,30:0.2300040960660018,31:0.19319015263956474,32:0.38753875724970543,33:0.7244944689015281,34:0.6318574977931557,35:0.7261864705617974,36:0.7202145269331707,37:0.21965654306121496,38:0.07962026876004957,39:0.5669104753249932,40:0.11719189352970938} with alpha 258.0 and beta 1911.0
The order information:
Date: 2012-06-24T14:08:03.000+02:00
It predicted these items for order 1819229 :
   31560 with score of 1.6942740925498123
   748 with score of 1.3735399039265912
   27900 with score of 1.3545227589951427
   5003 with score of 1.3434185162875736
   27576 with score of 1.3057404400831831
   29669 with score of 1.2997965746372913
   30800 with score of 1.2939951526060873
   12338 with score of 1.2779824405549312
   11832 with score of 1.2196777681405602
   14951 with score of 1.205262535190009
These are the actual items bought: 
   21815
   11833
   33199
   33224
   6097
The current arm is 13 with vector {0:0.32736249237795334,1:0.16870717354118858,2:0.46745920628156556,3:0.019035692429853146,4:0.5099930960034801,5:0.3807464196874446,6:0.44255338360931296,7:0.4148291015138911,8:0.794449378002027,9:0.34153383278244576,10:0.6530827490286512,11:3.748428877837773E-4,12:0.8800162999837106,13:0.6690178688119128,14:0.3897495855152633,15:0.2820314059923392,16:0.7274645368040125,17:0.8353751972681746,18:0.6140194857554807,19:0.8177922033219523,20:0.18729559258145423,21:0.44434726222936605,22:0.4551012642325204,23:0.6048227342985799,24:0.7874941655755944,25:0.8300795739837105,26:0.009618200284915446,27:0.9317458612772059,28:0.16530826627490813,29:0.18562160469961952,30:0.9374324166940916,31:0.6160709701573708,32:0.3001778576535137,33:0.8246480210577275,34:0.7261137016355562,35:0.30897079055647025,36:0.09945075341694087,37:0.1397091422704584,38:0.6333817113648053,39:0.9198626128748909,40:0.07532225506063894} with alpha 64.0 and beta 571.0
The order information:
Date: 2012-06-24T23:07:04.000+02:00
It predicted these items for order 1820233 :
   31560 with score of 1.2126812355860417
   27900 with score of 0.8984982538617026
   5003 with score of 0.8149420996822885
   748 with score of 0.805438267113868
   30800 with score of 0.7871165275942646
   27576 with score of 0.7680334029602088
   12338 with score of 0.7621464512171576
   33133 with score of 0.7315143712583788
   33249 with score of 0.7315143712583788
   29669 with score of 0.7313664626616795
These are the actual items bought: 
   27900
   32213
The current arm is 9 with vector {0:0.38076800958901025,1:0.9378503944401512,2:0.4611998823582023,3:0.9963550411153036,4:0.1926584654266349,5:0.12036263246350964,6:0.9443734448074107,7:0.5727419417712951,8:0.77712686709271,9:0.21843666327344224,10:0.8007035367710512,11:0.032764185207729946,12:0.7398013358326464,13:0.694288520506271,14:0.9399355321964408,15:0.6721584564049,16:0.6979336612557884,17:0.1567543430294117,18:0.7759795399834672,19:0.17709959323658642,20:0.19088896436148495,21:0.24247047036507718,22:0.12886667104430405,23:0.6660215661079255,24:0.747342437285561,25:0.4966784961870956,26:0.04245966235942211,27:0.5241076815485157,28:0.6261135874128587,29:0.10177593477384062,30:0.34325059930816715,31:0.08635401656605557,32:0.5461319496669303,33:0.9046657607033854,34:0.5908166262612927,35:0.4828605340632087,36:0.6164442804020158,37:0.5563874277137749,38:0.6720306525780225,39:0.04267462014653711,40:0.4459627391273696} with alpha 412.0 and beta 2979.0
The order information:
Date: 2012-06-25T19:16:27.000+02:00
It predicted these items for order 1821236 :
   31560 with score of 2.896354589912095
   27900 with score of 2.474392721142012
   30800 with score of 2.2833622128870075
   5003 with score of 2.193133802724891
   748 with score of 2.139302698753599
   27576 with score of 2.117324618247327
   12338 with score of 2.0797665704319375
   11832 with score of 1.988778458852118
   29669 with score of 1.9845945696675584
   14951 with score of 1.945266681290119
These are the actual items bought: 
   30427
The current arm is 46 with vector {0:0.6760569241825188,1:0.5671608334497479,2:0.03756984744863823,3:0.5601141708878248,4:0.09901214227397781,5:0.08396947820976464,6:0.3914223186251271,7:0.746642650801084,8:0.9447633960317025,9:0.0827399493929506,10:0.5344109915470043,11:0.8164136565538004,12:0.004568119089654488,13:0.0874896188046399,14:0.8898003845250083,15:0.9098130146277729,16:0.5093198061425669,17:0.9910198279246176,18:0.6798494699672395,19:0.5830533913551662,20:0.3504273933462845,21:0.4391493421298004,22:0.07380948353046446,23:0.24735748946074165,24:0.7574842286998444,25:0.19643495814075562,26:0.37279333683066496,27:0.4815397729644668,28:0.3339251636236401,29:0.8011761593514751,30:0.33176595415030485,31:0.39085415302120563,32:0.8813490492745532,33:0.8946213961910051,34:0.21335426354690323,35:0.6866918564261184,36:0.5308405214808755,37:0.45198693311463267,38:0.9565882796615734,39:0.6180190434512255,40:0.840854117340471} with alpha 513.0 and beta 3705.0
The order information:
Date: 2012-06-26T10:49:49.000+02:00
It predicted these items for order 1822239 :
   31560 with score of 1.914206899743991
   27900 with score of 1.41099812733544
   30800 with score of 1.3151815939715286
   5003 with score of 1.2769510834022162
   748 with score of 1.264378085507476
   11380 with score of 1.2423926802228642
   12338 with score of 1.1585222673408708
   32289 with score of 1.1549932665081306
   29669 with score of 1.150055520783129
   23469 with score of 1.1459051832206906
These are the actual items bought: 
   26866
   28993
   24761
The current arm is 13 with vector {0:0.32736249237795334,1:0.16870717354118858,2:0.46745920628156556,3:0.019035692429853146,4:0.5099930960034801,5:0.3807464196874446,6:0.44255338360931296,7:0.4148291015138911,8:0.794449378002027,9:0.34153383278244576,10:0.6530827490286512,11:3.748428877837773E-4,12:0.8800162999837106,13:0.6690178688119128,14:0.3897495855152633,15:0.2820314059923392,16:0.7274645368040125,17:0.8353751972681746,18:0.6140194857554807,19:0.8177922033219523,20:0.18729559258145423,21:0.44434726222936605,22:0.4551012642325204,23:0.6048227342985799,24:0.7874941655755944,25:0.8300795739837105,26:0.009618200284915446,27:0.9317458612772059,28:0.16530826627490813,29:0.18562160469961952,30:0.9374324166940916,31:0.6160709701573708,32:0.3001778576535137,33:0.8246480210577275,34:0.7261137016355562,35:0.30897079055647025,36:0.09945075341694087,37:0.1397091422704584,38:0.6333817113648053,39:0.9198626128748909,40:0.07532225506063894} with alpha 66.0 and beta 601.0
The order information:
Date: 2012-06-26T21:15:21.000+02:00
It predicted these items for order 1823247 :
   31560 with score of 1.2084633018949358
   27900 with score of 0.9309622283912828
   30800 with score of 0.8131588271263107
   5003 with score of 0.8046622952340042
   29669 with score of 0.7455310238454428
   27576 with score of 0.7449040704549761
   748 with score of 0.7347679667875044
   33258 with score of 0.730866877895893
   33048 with score of 0.7276128088987657
   25863 with score of 0.7271446044952511
These are the actual items bought: 
   20003
   30394
   18343
The current arm is 9 with vector {0:0.38076800958901025,1:0.9378503944401512,2:0.4611998823582023,3:0.9963550411153036,4:0.1926584654266349,5:0.12036263246350964,6:0.9443734448074107,7:0.5727419417712951,8:0.77712686709271,9:0.21843666327344224,10:0.8007035367710512,11:0.032764185207729946,12:0.7398013358326464,13:0.694288520506271,14:0.9399355321964408,15:0.6721584564049,16:0.6979336612557884,17:0.1567543430294117,18:0.7759795399834672,19:0.17709959323658642,20:0.19088896436148495,21:0.24247047036507718,22:0.12886667104430405,23:0.6660215661079255,24:0.747342437285561,25:0.4966784961870956,26:0.04245966235942211,27:0.5241076815485157,28:0.6261135874128587,29:0.10177593477384062,30:0.34325059930816715,31:0.08635401656605557,32:0.5461319496669303,33:0.9046657607033854,34:0.5908166262612927,35:0.4828605340632087,36:0.6164442804020158,37:0.5563874277137749,38:0.6720306525780225,39:0.04267462014653711,40:0.4459627391273696} with alpha 443.0 and beta 3270.0
The order information:
Date: 2012-06-27T16:08:11.000+02:00
It predicted these items for order 1824252 :
   31560 with score of 2.8955006293180814
   27900 with score of 2.370698055809968
   30800 with score of 2.2459043381034927
   5003 with score of 2.1646515201788947
   748 with score of 2.0480270554457265
   29669 with score of 2.0348313703965797
   27576 with score of 2.030166288373299
   12338 with score of 1.9970088526421386
   11833 with score of 1.9406385782588313
   23469 with score of 1.908859101293156
These are the actual items bought: 
   9632
The current arm is 15 with vector {0:0.24193014700846183,1:0.755439718010833,2:0.4762488017582853,3:0.5135516817715869,4:0.21370406281435184,5:0.029958451656310614,6:0.7094106001684787,7:0.22906809934496042,8:0.18941946186615333,9:0.6432360238316365,10:0.3245936166866217,11:0.8890888807537022,12:0.05002312119868069,13:0.5390224246828004,14:0.7532408043431319,15:0.35092887852690324,16:0.6306503343459754,17:0.7281046676689304,18:0.8877685416493555,19:0.668680731191847,20:0.7720497384298831,21:0.4210842814943422,22:0.9675385093104983,23:0.6224573239505798,24:0.05494434428775308,25:0.8664429690530769,26:0.7748558170634073,27:0.21748333343508908,28:0.749989882223947,29:0.7475174443817185,30:0.2300040960660018,31:0.19319015263956474,32:0.38753875724970543,33:0.7244944689015281,34:0.6318574977931557,35:0.7261864705617974,36:0.7202145269331707,37:0.21965654306121496,38:0.07962026876004957,39:0.5669104753249932,40:0.11719189352970938} with alpha 280.0 and beta 2186.0
The order information:
Date: 2012-06-28T07:32:03.000+02:00
It predicted these items for order 1825252 :
   31560 with score of 1.6941610030849983
   27900 with score of 1.47271768643775
   30800 with score of 1.4108611485971398
   5003 with score of 1.2381059017691112
   27576 with score of 1.2071284406463032
   748 with score of 1.2021657359975877
   29669 with score of 1.1702636191138849
   12338 with score of 1.141524438002568
   23469 with score of 1.1369963550648963
   32731 with score of 1.1321723964051507
These are the actual items bought: 
   11832
   30058
The current arm is 13 with vector {0:0.32736249237795334,1:0.16870717354118858,2:0.46745920628156556,3:0.019035692429853146,4:0.5099930960034801,5:0.3807464196874446,6:0.44255338360931296,7:0.4148291015138911,8:0.794449378002027,9:0.34153383278244576,10:0.6530827490286512,11:3.748428877837773E-4,12:0.8800162999837106,13:0.6690178688119128,14:0.3897495855152633,15:0.2820314059923392,16:0.7274645368040125,17:0.8353751972681746,18:0.6140194857554807,19:0.8177922033219523,20:0.18729559258145423,21:0.44434726222936605,22:0.4551012642325204,23:0.6048227342985799,24:0.7874941655755944,25:0.8300795739837105,26:0.009618200284915446,27:0.9317458612772059,28:0.16530826627490813,29:0.18562160469961952,30:0.9374324166940916,31:0.6160709701573708,32:0.3001778576535137,33:0.8246480210577275,34:0.7261137016355562,35:0.30897079055647025,36:0.09945075341694087,37:0.1397091422704584,38:0.6333817113648053,39:0.9198626128748909,40:0.07532225506063894} with alpha 70.0 and beta 648.0
The order information:
Date: 2012-06-28T20:49:13.000+02:00
It predicted these items for order 1826253 :
   31560 with score of 1.207267939386932
   27900 with score of 0.8728114367246134
   30800 with score of 0.847447822666962
   5003 with score of 0.7806057605026921
   748 with score of 0.7353983866900382
   31820 with score of 0.7304727968530693
   32867 with score of 0.7276176137330093
   33015 with score of 0.7276176137330093
   4347 with score of 0.7271446044952511
   7126 with score of 0.7271446044952511
These are the actual items bought: 
   18977
   17093
The current arm is 35 with vector {0:0.28643091037929325,1:0.387664013758397,2:0.8163957564603609,3:0.07266827950009846,4:0.5040605939183601,5:0.017321496692556893,6:0.20307002375246286,7:0.4534139338305735,8:0.33230798589555177,9:0.05234399651401578,10:0.9844262164386772,11:0.9441605361334386,12:0.5623567984704645,13:0.5090241675459966,14:0.312380941938019,15:0.9916910006290033,16:0.5371410169898081,17:0.7645056780346089,18:0.8184508615491177,19:0.12789696953612306,20:0.7564271826064475,21:0.33983666313500693,22:0.44963857551824415,23:0.5390612817131384,24:0.3568874703165369,25:0.6912267805597587,26:0.6990033494717496,27:0.13902433121448354,28:0.22319600084003888,29:0.44460112982478606,30:0.09855392159417808,31:0.14118107802322877,32:0.9067729445155128,33:0.8022243599395726,34:0.30426231062262643,35:0.7039708626607691,36:0.06935786056753712,37:0.26351685331832875,38:0.05775456571455562,39:0.21403923849200768,40:0.5436122084168142} with alpha 155.0 and beta 1257.0
The order information:
Date: 2012-06-29T16:13:38.000+02:00
It predicted these items for order 1827257 :
   31560 with score of 1.0161421365985552
   27900 with score of 0.6857877062107034
   30800 with score of 0.6818314869797896
   5003 with score of 0.6754553548772884
   12338 with score of 0.6442620741912556
   748 with score of 0.6308475476376995
   27576 with score of 0.606585500444206
   23469 with score of 0.6031818092887611
   11832 with score of 0.5980837656275098
   11833 with score of 0.5945068332858693
These are the actual items bought: 
   31085
The current arm is 23 with vector {0:0.9884346837304957,1:0.49581841466589016,2:0.04612938702544711,3:0.9807641773224806,4:0.33400900011048684,5:0.20020305027457508,6:0.924747531664604,7:0.48529873887161123,8:0.6721355061344787,9:0.3849976277585223,10:0.3840616031408226,11:0.7187129193249809,12:0.3143313553398518,13:0.3703521493302476,14:0.38187489088123405,15:0.7393527849917984,16:0.7864785721943248,17:0.8489359855277027,18:0.09728974877510832,19:0.9140410799398486,20:0.42905674819671025,21:0.9627631671638665,22:0.006734810483659981,23:0.5319351026957501,24:0.6413781692511379,25:0.46068515062676196,26:0.43419587400861315,27:0.07732544585400813,28:0.101718985134297,29:0.7672407020106582,30:0.9346547931300101,31:0.626227196458052,32:0.370442353371246,33:0.49440314274616437,34:0.619966725459056,35:0.5482670483860322,36:0.48390193299845174,37:0.8156175809112673,38:0.706103253026832,39:0.998581612984111,40:0.3443993575008234} with alpha 409.0 and beta 3162.0
The order information:
Date: 2012-06-30T11:21:48.000+02:00
It predicted these items for order 1828259 :
   31560 with score of 3.3818869862732273
   30800 with score of 3.053885461997432
   27900 with score of 2.981872668736825
   32731 with score of 2.8035392937744352
   20480 with score of 2.7567332029116765
   5003 with score of 2.690326791112755
   12338 with score of 2.68811834994455
   11833 with score of 2.6512603869268525
   27576 with score of 2.6319289144762883
   23469 with score of 2.6204581365662816
These are the actual items bought: 
   758
   29700
   32185
   9700
   31808
The current arm is 9 with vector {0:0.38076800958901025,1:0.9378503944401512,2:0.4611998823582023,3:0.9963550411153036,4:0.1926584654266349,5:0.12036263246350964,6:0.9443734448074107,7:0.5727419417712951,8:0.77712686709271,9:0.21843666327344224,10:0.8007035367710512,11:0.032764185207729946,12:0.7398013358326464,13:0.694288520506271,14:0.9399355321964408,15:0.6721584564049,16:0.6979336612557884,17:0.1567543430294117,18:0.7759795399834672,19:0.17709959323658642,20:0.19088896436148495,21:0.24247047036507718,22:0.12886667104430405,23:0.6660215661079255,24:0.747342437285561,25:0.4966784961870956,26:0.04245966235942211,27:0.5241076815485157,28:0.6261135874128587,29:0.10177593477384062,30:0.34325059930816715,31:0.08635401656605557,32:0.5461319496669303,33:0.9046657607033854,34:0.5908166262612927,35:0.4828605340632087,36:0.6164442804020158,37:0.5563874277137749,38:0.6720306525780225,39:0.04267462014653711,40:0.4459627391273696} with alpha 479.0 and beta 3736.0
The order information:
Date: 2012-06-30T20:09:27.000+02:00
It predicted these items for order 1829261 :
   31560 with score of 2.8822061989791496
   30800 with score of 2.526918131359096
   32731 with score of 2.444294238504087
   27900 with score of 2.3951031405371865
   20480 with score of 2.3681899632331787
   5003 with score of 2.17428233117