Items: 31014,2,2012-03-22 09:35:15.730000000,2013-01-31 22:08:19.360000000,0,0000000000000000000000000000000000000000000000000000000000000000000000000000000000000000000010000000000000000000000000000000000000000000000000000000000000000000000000000000000000000000000000000000000000000000000000000000000000000000000000000000000000000000
Items: 16065,3,2010-10-12 09:05:28.623000000,2011-10-19 12:41:59.293000000,0,0000000000000000000000000000000000000000000000000000000000000000000000000000000000000000000100000000000000000000000000000000000000000000000000000000000000000000000000000000000000000000000000000000000000000000000000000000000000000000000000000000000000000000
Items: 2897,1,2010-07-28 15:55:07.423000000,2013-07-15 05:02:15.650000000,0,0000000000000000000000000000000000000000000000000000000000000000000000000000000000000000000100000000000000000000000000000000000000000000000000000000000000000000000000000000000000000000000000000000000000000000000000000000000000000000000000000000000000000000
Users: 46671,2009-07-31 17:52:05.423000000,45238,,0
Users: 117404,2012-02-11 18:20:17.737000000,30295,1989-02-13 00:00:00,1
Users: 185087,2009-07-31 19:48:45.310000000,54234,1986-06-04 00:00:00,1
Users: 242612,2011-12-03 21:34:16.640000000,90627,1990-07-23 00:00:00,2
Users: 294436,2011-03-16 09:05:23.647000000,72233,1994-04-25 00:00:00,1
Users: 345704,2011-11-11 20:55:14.437000000,68600,1994-06-05 00:00:00,2
Users: 399809,2012-09-17 14:43:42.033000000,44491,1997-12-12 00:00:00,1
Users: 455390,2012-12-20 16:02:28.573000000,3274,1978-06-02 00:00:00,2
Users: 525182,2013-07-28 12:33:53.590000000,53372,1990-06-17 00:00:00,0
Orders: 35022,1033356,1457,2009-10-18 21:46:53.347000000
Orders: 214698,1082559,614,2010-01-24 20:16:55.153000000
Orders: 226305,1122161,1501,2010-03-20 16:23:03.950000000
Orders: 46541,1167569,11120,2010-05-26 12:55:02.417000000
Orders: 75824,1208142,11119,2010-07-27 23:14:48.377000000
Orders: 13287,1248778,12826,2010-09-21 21:56:27.157000000
Orders: 272654,1296031,653,2010-12-01 18:41:36.730000000
Orders: 285359,1344258,18628,2011-01-28 14:59:09.743000000
Orders: 157456,1388262,18371,2011-03-17 11:46:02.120000000
Orders: 307265,1432210,758,2011-04-29 21:28:48.340000000
Orders: 271030,1473349,21803,2011-06-14 15:24:35.467000000
Orders: 275827,1511037,21829,2011-07-28 21:58:50.970000000
Orders: 62527,1550712,24845,2011-09-10 18:44:47.023000000
Orders: 293365,1597283,27523,2011-11-12 08:21:31.203000000
Orders: 158173,1649466,24361,2011-12-28 14:06:54.430000000
Orders: 371623,1691322,28947,2012-01-31 15:54:20.570000000
Orders: 151193,1739094,2144,2012-03-22 17:02:48.527000000
Orders: 71320,1784958,7874,2012-05-16 17:00:59.817000000
Orders: 287161,1827735,20480,2012-06-29 22:23:24.193000000
Orders: 271514,1866722,31203,2012-08-11 21:38:56.863000000
Orders: 428803,1915657,35460,2012-10-09 20:15:44.210000000
Orders: 444954,1966435,29677,2012-12-01 22:51:49.073000000
Orders: 460415,2018674,31695,2013-01-07 22:20:30.543000000
Orders: 381441,2066329,35170,2013-02-19 22:08:16.833000000
Orders: 485606,2112774,39306,2013-03-26 15:04:37.277000000
Orders: 423890,2161061,11304,2013-05-03 09:35:38.190000000
Orders: 314770,2207605,26096,2013-06-05 19:04:54.837000000
Orders: 287308,2249841,40450,2013-07-13 20:23:09.463000000
Orders: 255027,2289235,33612,2013-08-13 17:15:05.073000000
Orders: 466261,2331294,43871,2013-09-15 21:02:00.180000000
Orders: 446724,2379393,448,2013-11-01 19:20:53.627000000

Startup information:
First order in training stage: 700000
First order in evaluation stage: 771338
Last order in evaluation stage: 788838

Number of orders in training stage: 71338
Number of orders in evaluation stage: 17500

The current arm is 0 with vector {0:0.3666442202974912} with alpha 82.0 and beta 582.0
The order information:
Date: 2012-05-09T17:07:05.000+02:00
It predicted these items for order 1778911 :
   31560 with score of 247.0
   752 with score of 185.0
   5003 with score of 96.0
   21714 with score of 93.0
   23467 with score of 89.0
   27576 with score of 86.0
   748 with score of 82.0
   21787 with score of 69.0
   21803 with score of 66.0
   27900 with score of 64.0
These are the actual items bought: 
   11832
   30233
The current arm is 0 with vector {0:0.3666442202974912} with alpha 229.0 and beta 1435.0
The order information:
Date: 2012-05-10T17:54:43.000+02:00
It predicted these items for order 1779917 :
   31560 with score of 230.0
   752 with score of 201.0
   5003 with score of 102.0
   21714 with score of 96.0
   748 with score of 89.0
   27576 with score of 85.0
   29669 with score of 78.0
   21787 with score of 72.0
   23467 with score of 72.0
   21803 with score of 70.0
These are the actual items bought: 
   30342
   23374
   32289
The current arm is 0 with vector {0:0.3666442202974912} with alpha 388.0 and beta 2276.0
The order information:
Date: 2012-05-11T22:39:32.000+02:00
It predicted these items for order 1780921 :
   31560 with score of 221.0
   752 with score of 200.0
   748 with score of 137.0
   27576 with score of 88.0
   21714 with score of 87.0
   29669 with score of 87.0
   21803 with score of 80.0
   23467 with score of 78.0
   5003 with score of 72.0
   21787 with score of 66.0
These are the actual items bought: 
   31776
The current arm is 0 with vector {0:0.3666442202974912} with alpha 551.0 and beta 3113.0
The order information:
Date: 2012-05-13T15:53:25.000+02:00
It predicted these items for order 1781930 :
   752 with score of 189.0
   31560 with score of 181.0
   748 with score of 163.0
   21714 with score of 101.0
   29669 with score of 90.0
   27576 with score of 88.0
   5003 with score of 87.0
   12338 with score of 79.0
   21803 with score of 79.0
   23467 with score of 75.0
These are the actual items bought: 
   2084
   29003
   31950
   20990
   31940
   30573
   20678
   30195
   25363
   27900
The current arm is 0 with vector {0:0.3666442202974912} with alpha 705.0 and beta 3959.0
The order information:
Date: 2012-05-14T16:46:54.000+02:00
It predicted these items for order 1782931 :
   748 with score of 193.0
   31560 with score of 172.0
   752 with score of 168.0
   21714 with score of 98.0
   27576 with score of 97.0
   29669 with score of 90.0
   5003 with score of 89.0
   12338 with score of 89.0
   23467 with score of 81.0
   21776 with score of 75.0
These are the actual items bought: 
   32564
The current arm is 0 with vector {0:0.3666442202974912} with alpha 836.0 and beta 4828.0
The order information:
Date: 2012-05-15T15:02:20.000+02:00
It predicted these items for order 1783936 :
   748 with score of 200.0
   31560 with score of 152.0
   752 with score of 133.0
   27576 with score of 111.0
   21714 with score of 97.0
   21776 with score of 90.0
   5003 with score of 89.0
   29669 with score of 89.0
   25201 with score of 80.0
   12338 with score of 78.0
These are the actual items bought: 
   12096
The current arm is 0 with vector {0:0.3666442202974912} with alpha 951.0 and beta 5713.0
The order information:
Date: 2012-05-16T16:36:57.000+02:00
It predicted these items for order 1784944 :
   748 with score of 201.0
   31560 with score of 130.0
   752 with score of 111.0
   21714 with score of 98.0
   27576 with score of 98.0
   5003 with score of 85.0
   21776 with score of 84.0
   23467 with score of 82.0
   12338 with score of 80.0
   25201 with score of 80.0
These are the actual items bought: 
   29149
The current arm is 0 with vector {0:0.3666442202974912} with alpha 1125.0 and beta 6539.0
The order information:
Date: 2012-05-17T23:37:38.000+02:00
It predicted these items for order 1785980 :
   748 with score of 184.0
   27576 with score of 115.0
   21714 with score of 109.0
   31560 with score of 107.0
   23588 with score of 102.0
   752 with score of 98.0
   1663 with score of 93.0
   23467 with score of 83.0
   30800 with score of 83.0
   11380 with score of 80.0
These are the actual items bought: 
   32343
The current arm is 0 with vector {0:0.3666442202974912} with alpha 1252.0 and beta 7412.0
The order information:
Date: 2012-05-19T14:02:12.000+02:00
It predicted these items for order 1786983 :
   748 with score of 164.0
   31560 with score of 115.0
   27576 with score of 114.0
   1663 with score of 103.0
   21714 with score of 102.0
   23588 with score of 98.0
   12338 with score of 87.0
   21776 with score of 87.0
   23467 with score of 87.0
   752 with score of 86.0
These are the actual items bought: 
   18405
   13678
   28010
   30947
   31265
   26587
   30304
   13678
   24965
The current arm is 0 with vector {0:0.3666442202974912} with alpha 1374.0 and beta 8290.0
The order information:
Date: 2012-05-20T19:46:05.000+02:00
It predicted these items for order 1787986 :
   748 with score of 135.0
   31560 with score of 127.0
   27576 with score of 118.0
   23588 with score of 104.0
   23467 with score of 94.0
   1663 with score of 90.0
   21776 with score of 88.0
   11380 with score of 81.0
   752 with score of 78.0
   11832 with score of 77.0
These are the actual items bought: 
   9892
   2750
   30011
The current arm is 0 with vector {0:0.3666442202974912} with alpha 1536.0 and beta 9128.0
The order information:
Date: 2012-05-21T17:53:53.000+02:00
It predicted these items for order 1788991 :
   31560 with score of 155.0
   748 with score of 138.0
   23588 with score of 114.0
   23467 with score of 110.0
   752 with score of 87.0
   27576 with score of 86.0
   11832 with score of 82.0
   1663 with score of 80.0
   30800 with score of 79.0
   11380 with score of 78.0
These are the actual items bought: 
   19597
The current arm is 0 with vector {0:0.3666442202974912} with alpha 1674.0 and beta 9990.0
The order information:
Date: 2012-05-22T15:04:22.000+02:00
It predicted these items for order 1789993 :
   748 with score of 148.0
   31560 with score of 146.0
   23588 with score of 118.0
   23467 with score of 113.0
   27576 with score of 105.0
   752 with score of 96.0
   1663 with score of 94.0
   30800 with score of 90.0
   11832 with score of 83.0
   24428 with score of 82.0
These are the actual items bought: 
   21242
The current arm is 0 with vector {0:0.3666442202974912} with alpha 1827.0 and beta 10837.0
The order information:
Date: 2012-05-23T10:57:04.000+02:00
It predicted these items for order 1790996 :
   31560 with score of 153.0
   748 with score of 141.0
   23588 with score of 131.0
   23467 with score of 122.0
   27576 with score of 109.0
   30800 with score of 106.0
   1663 with score of 104.0
   752 with score of 102.0
   5003 with score of 86.0
   11832 with score of 86.0
These are the actual items bought: 
   15449
   21787
   21787
The current arm is 0 with vector {0:0.3666442202974912} with alpha 1960.0 and beta 11704.0
The order information:
Date: 2012-05-24T04:15:47.000+02:00
It predicted these items for order 1792001 :
   31560 with score of 162.0
   23588 with score of 141.0
   748 with score of 137.0
   27576 with score of 135.0
   23467 with score of 127.0
   30800 with score of 118.0
   752 with score of 112.0
   1663 with score of 100.0
   29669 with score of 97.0
   5003 with score of 93.0
These are the actual items bought: 
   29355
The current arm is 0 with vector {0:0.3666442202974912} with alpha 2148.0 and beta 12516.0
The order information:
Date: 2012-05-25T09:03:22.000+02:00
It predicted these items for order 1793007 :
   31560 with score of 195.0
   23467 with score of 163.0
   21803 with score of 148.0
   748 with score of 140.0
   752 with score of 117.0
   27576 with score of 116.0
   23588 with score of 115.0
   30800 with score of 113.0
   32289 with score of 98.0
   5003 with score of 91.0
These are the actual items bought: 
   31184
   9876
   24045
   32886
The current arm is 0 with vector {0:0.3666442202974912} with alpha 2312.0 and beta 13352.0
The order information:
Date: 2012-05-26T13:29:41.000+02:00
It predicted these items for order 1794012 :
   31560 with score of 220.0
   23467 with score of 186.0
   748 with score of 139.0
   30800 with score of 135.0
   21803 with score of 134.0
   752 with score of 117.0
   23588 with score of 114.0
   27576 with score of 114.0
   32289 with score of 98.0
   5003 with score of 87.0
These are the actual items bought: 
   31457
   24942
   21839
   1002
The current arm is 0 with vector {0:0.3666442202974912} with alpha 2453.0 and beta 14211.0
The order information:
Date: 2012-05-27T18:26:02.000+02:00
It predicted these items for order 1795019 :
   31560 with score of 222.0
   23467 with score of 204.0
   30800 with score of 148.0
   21803 with score of 141.0
   748 with score of 129.0
   752 with score of 115.0
   27576 with score of 110.0
   32289 with score of 105.0
   23588 with score of 104.0
   29669 with score of 85.0
These are the actual items bought: 
   7420
The arm 0 has vector {0:0.3666442202974912} with alpha 2565.0 and beta 14937.0, percentage 14.651428571428571
The best arm is 0 with vector {0:0.3666442202974912} with alpha 2565.0 and beta 14937.0, percentage 14.651428571428571
The right guesses are: 2564 which means 14.651428571428571% correct
Done
418
