Items: 31014,2,2012-03-22 09:35:15.730000000,2013-01-31 22:08:19.360000000,0,0000000000000000000000000000000000000000000000000000000000000000000000000000000000000000000010000000000000000000000000000000000000000000000000000000000000000000000000000000000000000000000000000000000000000000000000000000000000000000000000000000000000000000
Items: 16065,3,2010-10-12 09:05:28.623000000,2011-10-19 12:41:59.293000000,0,0000000000000000000000000000000000000000000000000000000000000000000000000000000000000000000100000000000000000000000000000000000000000000000000000000000000000000000000000000000000000000000000000000000000000000000000000000000000000000000000000000000000000000
Items: 2897,1,2010-07-28 15:55:07.423000000,2013-07-15 05:02:15.650000000,0,0000000000000000000000000000000000000000000000000000000000000000000000000000000000000000000100000000000000000000000000000000000000000000000000000000000000000000000000000000000000000000000000000000000000000000000000000000000000000000000000000000000000000000
Users: 46671,2009-07-31 17:52:05.423000000,45238,,0
Users: 117404,2012-02-11 18:20:17.737000000,30295,1989-02-13 00:00:00,1
Users: 185087,2009-07-31 19:48:45.310000000,54234,1986-06-04 00:00:00,1
Users: 242612,2011-12-03 21:34:16.640000000,90627,1990-07-23 00:00:00,2
Users: 294436,2011-03-16 09:05:23.647000000,72233,1994-04-25 00:00:00,1
Users: 345704,2011-11-11 20:55:14.437000000,68600,1994-06-05 00:00:00,2
Users: 399809,2012-09-17 14:43:42.033000000,44491,1997-12-12 00:00:00,1
Users: 455390,2012-12-20 16:02:28.573000000,3274,1978-06-02 00:00:00,2
Users: 525182,2013-07-28 12:33:53.590000000,53372,1990-06-17 00:00:00,0
Orders: 35022,1033356,1457,2009-10-18 21:46:53.347000000
Orders: 214698,1082559,614,2010-01-24 20:16:55.153000000
Orders: 226305,1122161,1501,2010-03-20 16:23:03.950000000
Orders: 46541,1167569,11120,2010-05-26 12:55:02.417000000
Orders: 75824,1208142,11119,2010-07-27 23:14:48.377000000
Orders: 13287,1248778,12826,2010-09-21 21:56:27.157000000
Orders: 272654,1296031,653,2010-12-01 18:41:36.730000000
Orders: 285359,1344258,18628,2011-01-28 14:59:09.743000000
Orders: 157456,1388262,18371,2011-03-17 11:46:02.120000000
Orders: 307265,1432210,758,2011-04-29 21:28:48.340000000
Orders: 271030,1473349,21803,2011-06-14 15:24:35.467000000
Orders: 275827,1511037,21829,2011-07-28 21:58:50.970000000
Orders: 62527,1550712,24845,2011-09-10 18:44:47.023000000
Orders: 293365,1597283,27523,2011-11-12 08:21:31.203000000
Orders: 158173,1649466,24361,2011-12-28 14:06:54.430000000
Orders: 371623,1691322,28947,2012-01-31 15:54:20.570000000
Orders: 151193,1739094,2144,2012-03-22 17:02:48.527000000
Orders: 71320,1784958,7874,2012-05-16 17:00:59.817000000
Orders: 287161,1827735,20480,2012-06-29 22:23:24.193000000
Orders: 271514,1866722,31203,2012-08-11 21:38:56.863000000
Orders: 428803,1915657,35460,2012-10-09 20:15:44.210000000
Orders: 444954,1966435,29677,2012-12-01 22:51:49.073000000
Orders: 460415,2018674,31695,2013-01-07 22:20:30.543000000
Orders: 381441,2066329,35170,2013-02-19 22:08:16.833000000
Orders: 485606,2112774,39306,2013-03-26 15:04:37.277000000
Orders: 423890,2161061,11304,2013-05-03 09:35:38.190000000
Orders: 314770,2207605,26096,2013-06-05 19:04:54.837000000
Orders: 287308,2249841,40450,2013-07-13 20:23:09.463000000
Orders: 255027,2289235,33612,2013-08-13 17:15:05.073000000
Orders: 466261,2331294,43871,2013-09-15 21:02:00.180000000
Orders: 446724,2379393,448,2013-11-01 19:20:53.627000000

Startup information:
First order in training stage: 700000
First order in evaluation stage: 771338
Last order in evaluation stage: 777338

Number of orders in training stage: 71338
Number of orders in evaluation stage: 6000

The current arm is 40 with vector {0:0.4667796908062991,1:0.04177875421500221,2:0.8294937843282117,3:0.11836090660826293,4:0.3399737538525621,5:0.13394383213132055,6:0.9529571756922786,7:0.5695501505914267,8:0.94492994911841,9:0.5332605605763484,10:0.5020986531173238,11:0.9542482860217163,12:0.9346345431165359,13:0.8271573448215555,14:0.44162344337035153,15:0.14753144339843705,16:0.5533020335894601,17:0.6749464026580515,18:0.8753148108482559,19:0.35002563888161686,20:0.6747623286418551,21:0.45428077256377886,22:0.36528121274020764,23:0.38626145712650983,24:0.3539823577750737,25:0.2599037898990263,26:0.17535694806979085,27:0.174797270315052,28:0.7926763975821426,29:0.8539914488721462,30:0.9801642370010243,31:0.5761765621436788,32:0.7840227190560051,33:0.38344069731853414,34:0.5699419995219512,35:0.131701434314214,36:0.567956904657464,37:0.5894093437081188,38:0.6225605631116975,39:0.6116123603427528,40:0.007767714700775641} with alpha 3.0 and beta 11.0
The order information:
Date: 2012-05-09T17:07:05.000+02:00
It predicted these items for order 1778911 :
   31560 with score of 2.330391628812343
   752 with score of 1.7372944258933951
   748 with score of 1.3168154305787052
   27900 with score of 1.2806667324072831
   23467 with score of 1.2695467809950527
   572 with score of 1.1498605434212288
   1663 with score of 1.1315660846370972
   23469 with score of 1.1259130784179663
   31553 with score of 1.120803656884028
   377 with score of 1.0864916799095514
These are the actual items bought: 
   11832
   30233
The current arm is 31 with vector {0:0.6196149824847295,1:0.18813888823265612,2:0.20227679195935955,3:0.5308985907476161,4:0.7955167350149444,5:0.4711001357420176,6:0.9888256085094657,7:0.3897160194917252,8:0.7142238387294397,9:0.22243990590894924,10:0.8008343454396335,11:0.21702885243902004,12:0.02413653992110698,13:0.7303987268073939,14:0.7382413473295384,15:0.05159526079055432,16:0.29485837582550256,17:0.3965542219761604,18:0.5075878502048291,19:0.8168786275151031,20:0.8168841699793316,21:0.3668883529354592,22:0.9555719401539132,23:0.8971749458734827,24:0.22503738319514288,25:0.3847746168424472,26:0.46547589816526946,27:0.6164643364644616,28:0.1693252563622465,29:0.5253334243219531,30:0.6663677871518146,31:0.07799711262893982,32:0.3167459301478708,33:0.5627769881996078,34:0.4380382235604785,35:0.837033687022906,36:0.031330739657528306,37:0.5998309972578065,38:0.08553904627032582,39:0.3057663523796402,40:0.12806878470762562} with alpha 8.0 and beta 34.0
The order information:
Date: 2012-05-10T17:54:43.000+02:00
It predicted these items for order 1779917 :
   31560 with score of 2.5290552012335366
   752 with score of 2.1675480843365875
   5003 with score of 1.8511688461984246
   21714 with score of 1.8244571342428129
   23467 with score of 1.6991571494747513
   748 with score of 1.6671109730080282
   23469 with score of 1.6433528405421483
   29669 with score of 1.6248983609921186
   16520 with score of 1.6219719038452196
   26598 with score of 1.6219719038452196
These are the actual items bought: 
   30342
   23374
   32289
The current arm is 36 with vector {0:0.9418289956279634,1:0.12415924392228261,2:0.8287019588398865,3:0.7595206385961557,4:0.9084694430316329,5:0.053898522838562446,6:0.4673245152669814,7:0.1537987682185269,8:0.35792120916251535,9:0.014512105426892075,10:0.8376928219487931,11:0.9595734573259715,12:0.5936592961413516,13:0.1252156359026032,14:0.6658337059155994,15:0.9835349363908328,16:0.11824224639138137,17:0.6498772850643842,18:0.40269594007236675,19:0.4387264003471224,20:0.710949121956143,21:0.9281241722282445,22:0.8689033527520098,23:0.23766278922357997,24:0.9751620355863566,25:0.6373048627745767,26:0.9120329783338456,27:0.039495173021321994,28:0.5493514937997698,29:0.3729817199350389,30:0.6036748444421037,31:0.7543689690823593,32:0.6659778881970594,33:0.8709119601277784,34:0.7502590330315004,35:0.7619865109345145,36:0.7487391154904293,37:0.6958804481572278,38:0.13762570323407297,39:0.4521702894124411,40:0.7502021868935974} with alpha 16.0 and beta 72.0
The order information:
Date: 2012-05-11T22:39:32.000+02:00
It predicted these items for order 1780921 :
   31560 with score of 2.3223643790410957
   752 with score of 2.1875444847967738
   748 with score of 2.0544008555620117
   21714 with score of 1.9318591474557432
   29669 with score of 1.9275318555772833
   27576 with score of 1.9273026937273043
   23467 with score of 1.903265427053607
   5003 with score of 1.9008299443564187
   21803 with score of 1.897777620773274
   27900 with score of 1.8885668854646378
These are the actual items bought: 
   31776
The current arm is 46 with vector {0:0.9985765425606137,1:0.195598497017342,2:0.6364106749584141,3:0.9415126488120805,4:0.8431079052249978,5:0.37578209060023404,6:0.6568355544556668,7:0.8178540550622653,8:0.10294461531452259,9:0.999312215366348,10:0.9511321833443223,11:0.6927701288829485,12:0.16149963516007937,13:0.9671693772240091,14:0.20585018451981474,15:0.630251921443993,16:0.32720886168530106,17:0.6942006054037789,18:0.36064516012096226,19:0.2205096505140931,20:0.4644126193218737,21:0.05447546311429996,22:0.8361932238080391,23:0.9326362116667929,24:0.07180777914961711,25:0.4469343069276229,26:0.5725255428423929,27:0.7945074641966292,28:0.32117318388316773,29:0.008160439586020751,30:0.9976600471999428,31:0.49000902156837745,32:0.21649887695829328,33:0.973694170319752,34:0.001496057991160149,35:0.1177743193705253,36:0.639568809805265,37:0.44306958142867336,38:0.816169958934323,39:0.2204479403582833,40:0.16116727320976154} with alpha 12.0 and beta 64.0
The order information:
Date: 2012-05-13T15:53:25.000+02:00
It predicted these items for order 1781930 :
   31560 with score of 3.3942281728208226
   27900 with score of 2.9552190235137674
   752 with score of 2.952395163250309
   748 with score of 2.8786127907384245
   31865 with score of 2.819239446672019
   31634 with score of 2.8184133314648854
   31854 with score of 2.8184133314648854
   21252 with score of 2.8175872162577518
   31845 with score of 2.802895719682877
   29011 with score of 2.741515121877457
These are the actual items bought: 
   2084
   29003
   31950
   20990
   31940
   30573
   20678
   30195
   25363
   27900
The current arm is 14 with vector {0:0.9592737052297733,1:0.028818936318365962,2:0.5786774240695177,3:0.017544884731690802,4:0.08498956617478304,5:0.570332252296798,6:0.7398506487700869,7:0.655005654079692,8:0.9144505916910456,9:0.9683509562222319,10:0.3845059295439096,11:0.38456734401008197,12:0.4775295395053748,13:0.015900040896054235,14:0.5064886115626868,15:0.9568679616261361,16:0.4292326829367047,17:0.1455125836847272,18:0.4002607369845349,19:0.8645845213287974,20:0.4271708181604188,21:0.581391788085564,22:0.9613417772655988,23:0.0710107548630442,24:0.6855935749288059,25:0.19981510541126135,26:0.576967267972864,27:0.38358153634761794,28:0.9763595820578252,29:0.5767104680686066,30:0.5715568810802519,31:0.696530996328976,32:0.5865947140414594,33:0.8797747264120295,34:0.5870899009928414,35:0.6247527396754332,36:0.285732232391247,37:0.7114119968092452,38:0.9275479508537838,39:0.6115164912477431,40:0.3802323325119956} with alpha 50.0 and beta 194.0
The order information:
Date: 2012-05-14T16:46:54.000+02:00
It predicted these items for order 1782931 :
   31560 with score of 2.3015158216136626
   748 with score of 2.043139316051624
   752 with score of 1.925973291753035
   21671 with score of 1.5831165534909823
   21714 with score of 1.5759059409224776
   27576 with score of 1.5592341719949725
   31434 with score of 1.551786878232537
   2951 with score of 1.5484754239651977
   28144 with score of 1.5484754239651977
   5003 with score of 1.5479278511361643
These are the actual items bought: 
   32564
The current arm is 1 with vector {0:0.013644430513146788,1:0.707725503337747,2:0.1657824814704998,3:0.5236797965643953,4:0.7119325656683805,5:0.22045719966570265,6:0.5254297500372421,7:0.5110898605723638,8:0.4773290268881023,9:0.2799546462580459,10:0.869664688346124,11:0.6294108355986787,12:0.0902411206679018,13:0.6104037675447771,14:0.862015665351124,15:0.7855639868678788,16:0.6060206039199916,17:0.6688868542438318,18:0.27649781700356,19:0.9578454928960053,20:0.3539363211625084,21:0.671331317054656,22:0.602355422745926,23:0.12444817000884123,24:0.7974827405763542,25:0.04701231561460062,26:0.039554602563204866,27:0.36993399376999825,28:0.7645919102372066,29:0.05283096356729833,30:0.6144028058172774,31:0.14654848824524813,32:0.8364901214481919,33:0.42407966843504663,34:0.38145721339676164,35:0.7932081963731182,36:0.10922603844794032,37:0.8843630161418663,38:0.3299704801087796,39:0.9031107822594856,40:0.3586519275949316} with alpha 30.0 and beta 142.0
The order information:
Date: 2012-05-15T15:02:20.000+02:00
It predicted these items for order 1783936 :
   31560 with score of 1.447710359707557
   748 with score of 1.3189831928294542
   752 with score of 1.1183218039576737
   27576 with score of 0.9965748690362883
   21714 with score of 0.9639982526881714
   5003 with score of 0.9513657055075095
   29669 with score of 0.914869698395626
   21776 with score of 0.8914962202096559
   25201 with score of 0.8808999513611754
   23467 with score of 0.8794713469531759
These are the actual items bought: 
   12096
The arm 0 has vector {0:0.11528815987947516,1:0.9427626926605798,2:0.6996052056689129,3:0.9599541252529024,4:0.14278395016241685,5:0.477779843354434,6:0.10749370565989491,7:0.5997853775994149,8:0.13003921606421864,9:0.33199744368968975,10:0.41111307270930375,11:0.6462701491552844,12:0.8384229785714439,13:0.9524729141605585,14:0.20645637108934312,15:0.9929235302620528,16:0.351049371923563,17:0.8305495454732985,18:0.48324807247567747,19:0.7564655238683419,20:0.019262323171146623,21:0.4651058159934096,22:0.8582898514687135,23:0.950341780312497,24:0.6439837966597929,25:0.19480681665270272,26:0.14931916947493706,27:0.6110259459585834,28:0.11963559712771676,29:0.5001941677860529,30:0.3671778907869929,31:0.07165525684017182,32:0.07656921791156968,33:0.6660958999865559,34:0.3440001837098794,35:0.7203676835803533,36:0.4638318313835982,37:0.4977296004216849,38:0.74540575483393,39:0.6865801437779945,40:0.4779552060792911} with alpha 7.0 and beta 57.0, percentage 9.67741935483871
The arm 1 has vector {0:0.013644430513146788,1:0.707725503337747,2:0.1657824814704998,3:0.5236797965643953,4:0.7119325656683805,5:0.22045719966570265,6:0.5254297500372421,7:0.5110898605723638,8:0.4773290268881023,9:0.2799546462580459,10:0.869664688346124,11:0.6294108355986787,12:0.0902411206679018,13:0.6104037675447771,14:0.862015665351124,15:0.7855639868678788,16:0.6060206039199916,17:0.6688868542438318,18:0.27649781700356,19:0.9578454928960053,20:0.3539363211625084,21:0.671331317054656,22:0.602355422745926,23:0.12444817000884123,24:0.7974827405763542,25:0.04701231561460062,26:0.039554602563204866,27:0.36993399376999825,28:0.7645919102372066,29:0.05283096356729833,30:0.6144028058172774,31:0.14654848824524813,32:0.8364901214481919,33:0.42407966843504663,34:0.38145721339676164,35:0.7932081963731182,36:0.10922603844794032,37:0.8843630161418663,38:0.3299704801087796,39:0.9031107822594856,40:0.3586519275949316} with alpha 31.0 and beta 145.0, percentage 17.24137931034483
The arm 2 has vector {0:0.8981367096449192,1:0.8527949640885091,2:0.44850298447242765,3:0.5212643318396538,4:0.2751938088981404,5:0.9082210642530875,6:0.7452612871923335,7:0.8299153358578695,8:0.25148529524104113,9:0.9455538646857704,10:0.8334951544976847,11:0.6755878578530309,12:0.09026822836888815,13:0.8044295173786004,14:0.1598019724205637,15:0.5788426181366907,16:0.5206429978971004,17:0.49672388713083315,18:0.5721914211388187,19:0.7257821527263981,20:0.36531552357755936,21:0.11325307161263198,22:0.35281837280805484,23:0.9818788822363002,24:0.8747120464003026,25:0.8986818673351522,26:0.1115140792808198,27:0.6129220654573899,28:0.7520282548866999,29:0.3885754462550185,30:0.7465154790813665,31:0.5995955289740744,32:0.6623871547087765,33:0.4869767119458799,34:0.25341065832620724,35:0.7076948272528778,36:0.6950080925133644,37:0.8208284634416698,38:0.7369656986307264,39:0.3342885850431483,40:0.6215255641108604} with alpha 15.0 and beta 91.0, percentage 13.461538461538462
The arm 3 has vector {0:0.842748136871365,1:0.3897365580838723,2:0.3317714979013606,3:0.7881187964044667,4:0.4828784343332786,5:0.6787793162833217,6:0.03255824989731382,7:0.6917238866192471,8:0.6629775735202325,9:0.39248264806336575,10:0.4181213879680654,11:0.4165627015175226,12:0.3783190036817644,13:0.005918183836745694,14:0.016236842565199083,15:0.997996115976067,16:0.7998679355807793,17:0.8373441859766431,18:0.674975135174781,19:0.7766663272898587,20:0.14960743972466328,21:0.05232477635617683,22:0.30163834856004323,23:0.19900513202204462,24:0.8139644998479438,25:0.9281485610925947,26:0.5288146947812774,27:0.8889993073727873,28:0.5756389560042525,29:0.9712421732146873,30:0.33235699220159665,31:0.4209539591074455,32:0.10974467756360828,33:0.3250126073273112,34:0.8198263382738573,35:0.1391492931370253,36:0.5609318313796752,37:0.38725389021689005,38:0.6883464156171863,39:0.9354020673631777,40:0.6379522866100843} with alpha 12.0 and beta 77.0, percentage 12.643678160919542
The arm 4 has vector {0:0.7016467536856176,1:0.2694481182948223,2:0.5332261386800987,3:0.5747388052322056,4:0.09580190481897322,5:0.3184255519630437,6:0.03890325859349486,7:0.6145830126000305,8:0.262510095461845,9:0.8591985674207868,10:0.1318362419847382,11:0.3540688412934533,12:0.6463006301875678,13:0.5161921644813453,14:0.858043214179108,15:0.8076584209171159,16:0.6563715160375756,17:0.642856008303985,18:0.710032858474331,19:0.06533922987775609,20:0.4600723855721697,21:0.7739393567098848,22:0.5145533505204063,23:0.8553782681766402,24:0.6953649567155561,25:0.7263111991583963,26:0.682275973305923,27:0.5189116412200929,28:0.12845325977327204,29:0.5690164755239693,30:0.1163804408037934,31:0.48389326682683387,32:0.09550541670152679,33:0.8361782792415372,34:0.12458171593013911,35:0.1127550487228024,36:0.6062545523045069,37:0.06449913429491805,38:0.33994913762367274,39:0.6589722054689132,40:0.04626107798218759} with alpha 4.0 and beta 44.0, percentage 6.521739130434782
The arm 5 has vector {0:0.8377453357663874,1:0.02411423986793948,2:0.9813178911927568,3:0.004363945172072725,4:0.835366596493656,5:0.6480800466398257,6:0.6387804865223099,7:0.26225518096763845,8:0.18346154446124907,9:0.8750910742543713,10:0.23398306432763794,11:0.8375925864857048,12:0.14472993186788963,13:0.7108874969704627,14:0.4600417520096004,15:0.956010975894826,16:0.48082390371096195,17:0.6510355312558389,18:0.25376624491636224,19:0.7581095225912355,20:0.8120641952131915,21:0.63423030277957,22:0.443129072491673,23:0.635398871805139,24:0.24383124840683712,25:0.5948941610961701,26:0.3077063866347488,27:0.6325050072622825,28:0.8370786300650974,29:0.0785883249330116,30:0.14298783180489927,31:0.2776463519134734,32:0.8717078133745738,33:0.4986231597332713,34:0.9958538894573525,35:0.46172069566844165,36:0.939590233360759,37:0.06847029772177926,38:0.748230426754762,39:0.12023249862074936,40:0.7487776800493253} with alpha 16.0 and beta 88.0, percentage 14.705882352941178
The arm 6 has vector {0:0.31182966446124294,1:0.4090415192932435,2:0.6286788539633081,3:0.5567282469027813,4:0.21641685361492957,5:0.575265453336628,6:0.3882950232825121,7:0.007488373934092629,8:0.8976462830933876,9:0.49425092588771213,10:0.47654474469464425,11:0.9084603250574523,12:0.8352404302228996,13:0.3996283718104112,14:0.08776047189287162,15:0.8465661454731522,16:0.10019417592758406,17:0.7752627172628018,18:0.2990071695340819,19:0.7411025369105666,20:0.4502348650242106,21:0.017869547187752577,22:0.5526000146847762,23:0.5878783367668126,24:0.7741861344043353,25:0.5231257646780642,26:0.3654633322589087,27:0.9699255220371231,28:0.7941667314380044,29:0.8571541160502437,30:0.7974300551616179,31:0.6572272049922916,32:0.9430662284571083,33:0.8509924748978764,34:0.6178214063103026,35:0.38871377793673256,36:0.04353611312912986,37:0.31998994751220766,38:0.8025813656135163,39:0.8917193602345584,40:0.4928962292974517} with alpha 5.0 and beta 45.0, percentage 8.333333333333332
The arm 7 has vector {0:0.12925940867784924,1:0.9598804512391806,2:0.6687106841845037,3:0.26515834541389927,4:0.10226005970980423,5:0.6077673165673049,6:0.6352276128482024,7:0.9819340293761811,8:0.47733650295272245,9:0.005538413878222959,10:0.4857008614896865,11:0.09877888923580525,12:0.009544105487052423,13:0.28166041370202344,14:0.6016759528344682,15:0.7542504465836557,16:0.7352534465463136,17:0.23705112912691995,18:0.027986377295700193,19:0.12066930430144318,20:0.8258605631245123,21:0.6430867551915681,22:0.4249721429121506,23:0.026002148645304257,24:0.0705890758848089,25:0.8082004565682162,26:0.7190127790944039,27:0.7699800023326999,28:0.4077917919263485,29:0.012428194845613971,30:0.8582739079915829,31:0.5593073215385356,32:0.5602096929984374,33:0.04332954172282155,34:0.628580166729474,35:0.8031400728349476,36:0.839465491338874,37:0.6998009203646263,38:0.45482203548092603,39:0.214404209744127,40:0.0653716638885885} with alpha 22.0 and beta 117.0, percentage 15.328467153284672
The arm 8 has vector {0:0.913611020478104,1:0.8138405060747244,2:0.8017090835879608,3:0.6452256050982152,4:0.7597998952004124,5:0.08643781872281908,6:0.38976544413342207,7:0.5270095932716555,8:0.31817067294979395,9:0.39537298361521256,10:0.0471621488543863,11:0.9363064423511044,12:0.21663270537872603,13:0.46063482058152905,14:0.16658399443028193,15:0.648933042042226,16:0.8634770518693251,17:0.381413094900669,18:0.5482106533716185,19:0.7795838197428032,20:0.859480501825,21:0.6201385666191194,22:0.385695044490573,23:0.17238167510962576,24:0.5068042210085074,25:0.42259628527082316,26:0.04370523630029055,27:0.15838879251337656,28:0.491095517675357,29:0.776311266455316,30:0.051917318961348546,31:0.4723922541598514,32:0.997036155897786,33:0.11309743387291216,34:0.39581529437961993,35:0.6299531520933496,36:0.4481646677802451,37:0.28874228577369077,38:0.4984809738041944,39:0.39947712235803945,40:0.013453017586979366} with alpha 8.0 and beta 59.0, percentage 10.76923076923077
The arm 9 has vector {0:0.3280383957320766,1:0.7097062858280213,2:0.4273001917025332,3:0.6069595646861436,4:0.02846496951322275,5:0.943500175283846,6:0.9440475231182612,7:0.5593489274954377,8:0.5303954103751547,9:0.2991702298809378,10:0.05668972202393985,11:0.7334368403245816,12:0.2382168467384599,13:0.24122153593901197,14:0.3492386001316514,15:0.2445177219539043,16:0.8695308464144671,17:0.9542914285458224,18:0.3186432930239699,19:0.8323013887041959,20:0.655735498514585,21:0.6177583288556628,22:0.7603305996009283,23:0.46085030385216585,24:0.10947328104282139,25:0.6880599782553978,26:0.7852423506653738,27:0.7588137733913736,28:0.6800722212372775,29:0.6108593798951726,30:0.5586583890597021,31:0.8817590328287943,32:0.8774857005922997,33:0.12138712702863652,34:0.8315609506319623,35:0.9992196628759276,36:0.17762351317959701,37:0.9708104030352748,38:0.36421403399424956,39:0.8434359369748305,40:0.25624103625844386} with alpha 11.0 and beta 70.0, percentage 12.658227848101266
The arm 10 has vector {0:0.7904883784836693,1:0.30138396406469725,2:0.2463952393804324,3:0.42342535844604456,4:0.8591511590421733,5:0.3533737775449769,6:0.1360873117358511,7:0.7872229573144065,8:0.21341169539508498,9:0.4764130603616903,10:0.4303763021574435,11:0.24723597092357874,12:0.7246144061595778,13:0.02404545546960879,14:0.7972783777124269,15:0.7843523307965192,16:0.32384967001815734,17:0.015771588107773016,18:0.9429725134139131,19:0.5454149159592421,20:0.7701144473392456,21:0.9049668201288831,22:0.5675320302047681,23:0.7978289951627674,24:0.04538243413425236,25:0.08682531008854766,26:0.5910764698578187,27:0.20047916316783476,28:0.29305447217955594,29:0.3781904229126736,30:0.8901968290652451,31:0.704358775184639,32:0.47328836238080285,33:0.5088597347902499,34:0.9367873582353732,35:0.5906893833314089,36:0.9221902075525386,37:0.5955664391397996,38:0.555118113430313,39:0.6619949334461438,40:0.9498453563440196} with alpha 34.0 and beta 161.0, percentage 17.098445595854923
The arm 11 has vector {0:0.801264517594415,1:0.7428494394795635,2:0.5955360880735233,3:0.2539998665941383,4:0.30299264424661654,5:0.5998920340218128,6:0.05141331266074911,7:0.4450447828995794,8:0.729592938815893,9:0.11069225455949572,10:0.6847838282078849,11:0.39621398175009936,12:0.009841240244724103,13:0.060712995148222926,14:0.7049053625449492,15:0.8121750474813604,16:0.9911057661605993,17:0.7272418164814844,18:0.0775424662230515,19:0.7933801254438833,20:0.26007691943552735,21:0.8244862328504154,22:0.366441763613223,23:0.289443075077767,24:0.9611642989177792,25:0.372586155387856,26:0.6031785457069226,27:0.37546879749294615,28:0.8745663170177874,29:0.2674569656003115,30:0.7352989602505953,31:0.7650955022634134,32:0.35191318674112193,33:0.6851769520753355,34:0.31131354800892663,35:0.3511888680306571,36:0.3867580498492863,37:0.19910886475684364,38:0.10674938879452422,39:0.7318936137668435,40:0.7232609895766754} with alpha 2.0 and beta 32.0, percentage 3.125
The arm 12 has vector {0:0.03846584233210493,1:0.8026883557850896,2:0.43631141243687577,3:0.466173196794877,4:0.679899027137306,5:0.8263450837111104,6:0.48346631265231077,7:0.918500869223629,8:0.00746366969043033,9:0.8236123829177728,10:0.1929042737946146,11:0.6925470686861438,12:0.6430162861495907,13:0.5480788574918802,14:0.9318343668678757,15:0.7423135496133737,16:0.4127272631268739,17:0.8540135706517408,18:0.6069747869878385,19:0.5119618228612424,20:0.08644385270213639,21:0.8162610892886347,22:0.9846158472790542,23:0.5137802622016866,24:0.7915359586294646,25:0.8556394445672703,26:0.039561022855494676,27:0.5752964361165702,28:0.0782536678904171,29:0.27699336299553123,30:0.3091714824659836,31:0.3842204068215711,32:0.03787816205322281,33:0.5723428483371863,34:0.4187280326674312,35:0.05701336695382253,36:0.5796983869172299,37:0.17804943997744005,38:0.34251953439117233,39:0.04389805710773875,40:0.40108593942354465} with alpha 8.0 and beta 56.0, percentage 11.29032258064516
The arm 13 has vector {0:0.07580548367493267,1:0.09824275962407725,2:0.6044759112539198,3:0.08409756327133688,4:0.12975728269366538,5:0.6944503380550008,6:0.7347266432586343,7:0.8529303896221526,8:0.9023200125995301,9:0.9629894314407423,10:0.28949552110505616,11:0.8158049411129448,12:0.34250895718582686,13:0.8438794815401215,14:0.9608351045686996,15:0.3211526305003036,16:0.4992585599978513,17:0.025268804890519858,18:0.38477766642470634,19:0.3543930316019013,20:0.4667036356476415,21:0.5667011620782382,22:0.7053167558874556,23:0.3061053108661258,24:0.4129478061590204,25:0.7583616298608478,26:0.8593609701686485,27:0.6657431325821526,28:0.29777238799280115,29:0.9607826210542546,30:0.7252678679932981,31:0.0631210731816918,32:0.29332281976114283,33:0.7931342353549146,34:0.325667072816174,35:0.2399019414383432,36:0.14229239435908358,37:0.8335184146925453,38:0.16457125603632294,39:0.3296078439963698,40:0.08615575158157185} with alpha 19.0 and beta 105.0, percentage 14.754098360655737
The arm 14 has vector {0:0.9592737052297733,1:0.028818936318365962,2:0.5786774240695177,3:0.017544884731690802,4:0.08498956617478304,5:0.570332252296798,6:0.7398506487700869,7:0.655005654079692,8:0.9144505916910456,9:0.9683509562222319,10:0.3845059295439096,11:0.38456734401008197,12:0.4775295395053748,13:0.015900040896054235,14:0.5064886115626868,15:0.9568679616261361,16:0.4292326829367047,17:0.1455125836847272,18:0.4002607369845349,19:0.8645845213287974,20:0.4271708181604188,21:0.581391788085564,22:0.9613417772655988,23:0.0710107548630442,24:0.6855935749288059,25:0.19981510541126135,26:0.576967267972864,27:0.38358153634761794,28:0.9763595820578252,29:0.5767104680686066,30:0.5715568810802519,31:0.696530996328976,32:0.5865947140414594,33:0.8797747264120295,34:0.5870899009928414,35:0.6247527396754332,36:0.285732232391247,37:0.7114119968092452,38:0.9275479508537838,39:0.6115164912477431,40:0.3802323325119956} with alpha 57.0 and beta 241.0, percentage 18.91891891891892
The arm 15 has vector {0:0.9493898276324221,1:0.218137542040706,2:0.7950808311972658,3:0.6793604639093507,4:0.5520497125301014,5:0.4114654629675265,6:0.6995652368785924,7:0.5686466589862829,8:0.318013796080153,9:0.14929524760593083,10:0.7598890276283329,11:0.15195791295008343,12:0.7735317768859298,13:0.1563176434669361,14:0.24746010285494635,15:0.7568977401651713,16:0.8945978772191648,17:0.6658126868031674,18:0.4013957811190956,19:0.6491843172562706,20:0.04379199330595196,21:0.09283934257245519,22:0.14917424751931685,23:0.017596092190168777,24:0.528063267733029,25:0.7663962329035963,26:0.06620025347140124,27:0.23433046336694363,28:0.5454324369906018,29:0.7592987285631169,30:0.0674255199303091,31:0.2446534114173724,32:0.8872799522593217,33:0.09608438286855037,34:0.5104432130942711,35:0.9866628066895635,36:0.3622223064672089,37:0.3972415483915732,38:0.63924743056293,39:0.5614564854175295,40:0.9193173357746571} with alpha 51.0 and beta 219.0, percentage 18.65671641791045
The arm 16 has vector {0:0.33163267523880435,1:0.3931440115410987,2:0.14389457456999288,3:0.2320519764838147,4:0.2872006199653838,5:0.21988475382025285,6:0.13739120313440678,7:0.05306515683437263,8:0.8376575073676943,9:0.3170868392527495,10:0.05743681174408122,11:0.02106418928852305,12:0.33894654359170884,13:0.8316376198318987,14:0.8548713834318955,15:0.8765440024795371,16:0.024051941969772006,17:0.8001995681369106,18:0.36523373115881774,19:0.00776453550333156,20:0.24452744844168672,21:0.8326464841618972,22:0.06182994047340806,23:0.9524389886039518,24:0.128588974114197,25:0.8327755241344905,26:0.8306683247534247,27:0.24858737206545267,28:0.9209781545417731,29:0.8586172297749769,30:0.2014970341027721,31:0.4552344921995477,32:0.39972507903375964,33:0.6309208310433465,34:0.6977999651832082,35:0.6797433351118171,36:0.3505940140763889,37:0.050435136043578965,38:0.6286307158836486,39:0.4216560775638514,40:0.9598677755590399} with alpha 9.0 and beta 57.0, percentage 12.5
The arm 17 has vector {0:0.593162084630424,1:0.7056176203352654,2:0.288583293534164,3:0.7452445238062337,4:0.05238002100620276,5:0.3218781778659493,6:0.9381696112000133,7:0.11581637643162757,8:0.16352746085297487,9:0.5406745840199477,10:0.1058479114057751,11:0.6760965488518306,12:0.34722002830015153,13:0.15462053003088116,14:0.7386670334711174,15:0.9609491831713236,16:0.5449817006747595,17:0.19858541250462225,18:0.08815738616215085,19:0.5602501325862468,20:0.42720004369848097,21:0.7558346196571301,22:0.18566926014639762,23:0.2506567155781073,24:0.9726189275115387,25:0.2840801918997071,26:0.9026236678578367,27:0.2167940831554207,28:0.5944215877128879,29:0.4249365221860254,30:0.9338991424973013,31:0.33451799710547814,32:0.31860203532857023,33:0.3068763350382391,34:0.8797832146669275,35:0.1322492472944513,36:0.49237022667150687,37:0.18391452613021786,38:0.40583516955415533,39:0.1812526280866663,40:0.3495450967719528} with alpha 10.0 and beta 70.0, percentage 11.538461538461538
The arm 18 has vector {0:0.029745471660800216,1:0.9691802144858874,2:0.5000175316423771,3:0.23366545651763493,4:0.9363475681417176,5:0.3446558841829801,6:0.8569468744658995,7:0.007789520686542151,8:0.05852574926473675,9:0.09311769063961639,10:0.8078810741898179,11:0.06116655727070708,12:0.4353481451728902,13:0.9766013525150314,14:0.02934829689422691,15:0.6439331256384414,16:0.24568627176144076,17:0.6526127944290664,18:0.8241390178192849,19:0.8973122557383049,20:0.6298171712743492,21:0.3085468973490251,22:0.8002205902997771,23:0.6461867556110147,24:0.4570704518397263,25:0.2126257004134281,26:0.38009037442095994,27:0.7658427518807716,28:0.43929785228167517,29:0.39507828629967345,30:0.6213107904046902,31:0.03686186530307489,32:0.4988065549890778,33:0.8543551407684336,34:0.7347539389756222,35:0.43905355934362034,36:0.6561519184451486,37:0.23178245276893583,38:0.797890635989732,39:0.6586152189327767,40:0.04960683703145419} with alpha 36.0 and beta 163.0, percentage 17.766497461928935
The arm 19 has vector {0:0.2855279398918855,1:0.09739177341559935,2:0.9960075868991197,3:0.5945156170028186,4:0.896958177279987,5:0.112395080692271,6:0.536351512262631,7:0.7045394515316,8:0.9120008122478482,9:0.5874179534119148,10:0.6589002926764947,11:0.35570187263008823,12:0.3258132256976467,13:0.8118456033927237,14:0.9012516403514956,15:0.28574181008160693,16:0.2341250146817554,17:0.987265016760864,18:0.7940406207938742,19:0.5677141189138193,20:0.09439887159598481,21:0.8248976632952476,22:0.17062968053699623,23:0.5098109608530642,24:0.5155580118475978,25:0.819964746313696,26:0.5731379382391567,27:0.12848874393565668,28:0.05984002714661707,29:0.5950664131065265,30:0.32083825736825555,31:0.42065757432183837,32:0.5110142277659498,33:0.8500675498515539,34:0.2582322714036528,35:0.9855560462671775,36:0.31574420600921926,37:0.7679608311674886,38:0.7463126195341654,39:0.21334899562258947,40:0.14446606668352757} with alpha 26.0 and beta 131.0, percentage 16.129032258064516
The arm 20 has vector {0:0.025580325719433694,1:0.5016671797758605,2:0.046074217966927455,3:0.6562065673170756,4:0.8921195898489539,5:0.4675372296689244,6:0.2531902851900646,7:0.550859209372627,8:0.1257820110512604,9:0.11654319739621721,10:0.7014562522532664,11:0.8205747288512141,12:0.6436184453842309,13:0.16759210681272518,14:0.9184404019471278,15:0.8232895598469622,16:0.21017790584584595,17:0.4857345872906359,18:0.5860030353758814,19:0.18498461287166268,20:0.834176110368452,21:0.09658872828595255,22:0.752859339616215,23:0.27297627412365033,24:0.007562348385003692,25:0.31177356816818247,26:0.22108719001668953,27:0.6146005085290871,28:0.5053360187720817,29:0.2588704538084913,30:0.9103053042530178,31:0.9740623158518792,32:0.8101261221420477,33:0.6279583225175495,34:0.593446691392787,35:0.7377500151945648,36:0.02849769805414515,37:0.7367297310077138,38:0.6521906981976272,39:0.9853146510771842,40:0.9660446689786891} with alpha 12.0 and beta 75.0, percentage 12.941176470588237
The arm 21 has vector {0:0.74845631915809,1:0.4336542932998748,2:0.34321002130443745,3:0.37813546552399613,4:0.22447829119945972,5:0.6826469626994489,6:0.49582076453737567,7:0.6653271677519454,8:0.9634590061062289,9:0.544263353941969,10:0.5242185334892367,11:0.9434945793144944,12:0.4882102929636196,13:0.6314838305876322,14:0.829557065626337,15:0.5655904071045162,16:0.1928178973782586,17:0.09982804395670752,18:0.9158668600809227,19:0.04074723532583868,20:0.3734116493558184,21:0.11816938462949056,22:0.013273925922323238,23:0.22750822841727314,24:0.9869637787899379,25:0.08725251066705308,26:0.9240444868300538,27:0.1892078343666288,28:0.46525424813736904,29:0.37236763126367023,30:0.467175782317774,31:0.6063684912179309,32:0.8965306126250517,33:0.9985338736892974,34:0.5654376321624325,35:0.5160583590800186,36:0.2968577843967848,37:0.4177986435399351,38:0.39220542601604336,39:0.860055942890983,40:0.7290267350373951} with alpha 1.0 and beta 24.0, percentage 0.0
The arm 22 has vector {0:0.814709289675453,1:0.5161456100597057,2:0.19431311679866148,3:0.34046358078073846,4:0.20494640062211777,5:0.7963782173733249,6:0.8572074970178406,7:0.6187820402026326,8:0.9997789313729525,9:0.5085234240938323,10:0.715926716910343,11:0.7723255677166723,12:0.016835896348507462,13:0.6594109176156808,14:0.8920632801274216,15:0.5973105784419644,16:0.7170083870729753,17:0.2961265596134367,18:0.3883204832719407,19:0.33710342549263894,20:0.31640903060438363,21:0.3205589321531652,22:0.33730387695670627,23:0.3810280724369577,24:0.3990927323541448,25:0.21451845331742092,26:0.8579312615387188,27:0.26514064535315063,28:0.1457161168621458,29:0.6271828348519439,30:0.6188351997931419,31:0.3579301441258623,32:0.6810556821173649,33:0.48959075742690894,34:0.09952011055910293,35:0.7887115560574706,36:0.1531397689621964,37:0.21442712970977795,38:0.893968529320356,39:0.5204078175149297,40:0.6444724262216639} with alpha 7.0 and beta 52.0, percentage 10.526315789473683
The arm 23 has vector {0:0.3654688402264834,1:0.24081551883816654,2:0.27190316993563346,3:0.4742641091028936,4:0.6651442523984264,5:0.7267876001295187,6:0.11592685118908719,7:0.15610032217352654,8:0.25014518599482005,9:0.16861098379567852,10:0.7222354206280724,11:0.2146815647847281,12:0.543321187420566,13:0.5060407618349125,14:0.2793812035519472,15:0.39883063249082995,16:0.5672685446462983,17:0.4114786141522697,18:0.787880311497102,19:0.7116944261684169,20:0.034931911023718176,21:0.07853459850864841,22:0.6959352780865643,23:0.06571756704791976,24:0.3867591799323489,25:0.04508064587226235,26:0.5694620422864182,27:0.5752723144515507,28:0.17384847537047488,29:0.7063573731496989,30:0.5475211067969307,31:0.007011880210706201,32:0.5650547890310841,33:0.059498168918760364,34:0.025076934603614487,35:0.03609831389645668,36:0.34885952625048877,37:0.1488866487879985,38:0.6253120207554871,39:0.489706376077638,40:0.4374899493755712} with alpha 2.0 and beta 31.0, percentage 3.225806451612903
The arm 24 has vector {0:0.6001964564999378,1:0.30709884881000715,2:0.6473567723556363,3:0.20544953454798442,4:0.33747658951097304,5:0.4500392592812821,6:0.887191822310391,7:0.5487954811582721,8:0.4635754798356526,9:0.5200609678954312,10:0.18234966153777077,11:0.183676082062735,12:0.06055210267394351,13:0.08977988394555447,14:0.36151839790803997,15:0.5309005170640453,16:0.37038769755585554,17:0.18562580871465229,18:0.03800214150084047,19:0.845561342191865,20:0.16128269883606516,21:0.7737363931499854,22:0.4521559023118098,23:0.27304953196375703,24:0.7545538744083545,25:0.1739087181399206,26:0.11446795153473532,27:0.8158212605022815,28:0.0970953357949248,29:0.4853708889246091,30:0.1968087282042179,31:0.039148426833819694,32:0.21269321581594547,33:0.1828765128340264,34:0.34413693480956986,35:0.7420348779988245,36:0.47783797955762564,37:0.3147875699515066,38:0.7271647449646502,39:0.2321038183409745,40:0.3989825543415165} with alpha 11.0 and beta 69.0, percentage 12.82051282051282
The arm 25 has vector {0:0.19821335739399182,1:0.34398720670727667,2:0.8448846706419038,3:0.30505124732816513,4:0.3066449371716571,5:0.6424534821049465,6:0.9100640279877975,7:0.521788234614088,8:0.5659565747535696,9:0.2947646044467839,10:0.09882495652116374,11:0.7118222488241894,12:0.23778850035064747,13:0.09918724989027494,14:0.92693161494134,15:0.15568957974568998,16:0.9880404214190296,17:0.9040477642943833,18:0.7769852368296419,19:0.1320195530252415,20:0.03550348085774824,21:0.8177634906923482,22:0.7560403471526627,23:0.06903320654158474,24:0.27767139715665834,25:0.09317301660878974,26:0.38507662192308434,27:0.813933160130248,28:0.7523373114657049,29:0.9552413370656443,30:0.2999308595022687,31:0.36656151838052164,32:0.3491214999155996,33:0.11791621405081343,34:9.94312849813106E-4,35:0.9396683688930348,36:0.1440541673417982,37:0.807194944443541,38:0.7028870114558826,39:0.05483586492707415,40:0.34676204679145084} with alpha 7.0 and beta 59.0, percentage 9.375
The arm 26 has vector {0:0.3490233170342111,1:0.5668353964722869,2:0.6604367648198594,3:0.7789808692329593,4:0.2692502380410067,5:0.36071459805464423,6:0.45289219123764834,7:0.8702367351366127,8:0.8145919393601074,9:0.041870293421061966,10:0.41339891059864176,11:0.6710671043078578,12:0.5546038406107174,13:0.3091810373834991,14:0.9086036677824717,15:0.34112098526503654,16:0.6728637213299776,17:0.9876879864785397,18:0.7127913108730163,19:0.14462685130337083,20:0.22653217335582332,21:0.012783034421299133,22:0.6316171318232224,23:0.8271440749289568,24:0.2884333396532499,25:0.759601477260286,26:0.9518041488682885,27:0.2670548712025399,28:0.25908820828016177,29:0.6329819106981694,30:0.2685602052697693,31:0.917460752973824,32:0.2643493919277883,33:0.9714797098314444,34:0.6328829332382124,35:0.6408740853862619,36:0.41169028229162985,37:0.31469592480123065,38:0.04928812062076138,39:0.8363796656140449,40:0.26763942970929044} with alpha 63.0 and beta 202.0, percentage 23.574144486692013
The arm 27 has vector {0:0.4895906103164427,1:0.6934433147270689,2:0.8303541177955546,3:0.4093135493466462,4:0.4312831802525473,5:0.7897765457370713,6:0.9550905963835993,7:0.05856605141705262,8:0.8922329164162409,9:0.03859354415794536,10:0.863778255098447,11:0.23923224933935394,12:0.9327026716059444,13:0.05954278351427955,14:0.7217518275077706,15:0.734473860918468,16:0.6415504416011566,17:0.12760940883738314,18:0.7791668447177702,19:0.15641379118463639,20:0.036018316840729314,21:0.7475792573083931,22:0.7981106467524166,23:0.22825148009393348,24:0.8951703146640663,25:0.9295967425816049,26:0.1562944116244157,27:0.8263909854734702,28:0.7018504282858518,29:0.6550510541784029,30:0.9248754842615268,31:0.25305776809097746,32:0.9940862097129739,33:0.031175083917779123,34:0.14858825761120575,35:0.20946324789623572,36:0.8629163309890358,37:0.3643869267144365,38:0.8681598063729054,39:0.8655548568497543,40:0.30312338286784957} with alpha 5.0 and beta 50.0, percentage 7.547169811320755
The arm 28 has vector {0:0.20221142352845456,1:0.10030428164119443,2:0.7379350785450505,3:0.6326662743305218,4:0.6268055754992805,5:0.3547506059084523,6:0.10625883989378038,7:0.6843738088062377,8:0.5074007451405059,9:0.13187701299669952,10:0.49410033946199516,11:0.21191131299642485,12:0.777467232657976,13:0.6705930775021461,14:0.5954419165391397,15:0.0705155627943741,16:0.18764448556167446,17:0.03940496484827938,18:0.2584106811488459,19:0.8850664099432414,20:0.1439082722437235,21:0.5489988402793411,22:0.8103394453590873,23:0.07070942140150915,24:0.7026530068838973,25:0.19432089001545705,26:0.9941027420073884,27:0.5096657243132431,28:0.879954758370971,29:0.4018279852078783,30:0.49423555998005997,31:0.46679147061065507,32:0.9625138395795825,33:0.03528524957649248,34:0.9862634580878809,35:0.2945449333551995,36:0.5599518337290441,37:0.4016026211013467,38:0.04833135946422151,39:0.8970207242542407,40:0.7075391706376035} with alpha 11.0 and beta 64.0, percentage 13.698630136986301
The arm 29 has vector {0:0.024224807573834495,1:0.5946581329504099,2:0.6669686483192411,3:0.3613504502640268,4:0.24036826951826984,5:0.5277117187859458,6:0.27030833334244586,7:0.3341657922457114,8:0.7812101069103377,9:0.8173347049533954,10:0.9957594125894345,11:0.6405740934432891,12:0.48859760129615115,13:0.42624004738155274,14:0.46773388743716526,15:0.2851963693695577,16:0.7162253423275654,17:0.5222138357083577,18:0.006024470691269435,19:0.42993582752551474,20:0.217731283540607,21:0.13641026166729298,22:0.3774353972004738,23:0.028717342535122148,24:0.7622626849064111,25:0.02069222587195907,26:0.18835630457271202,27:0.06813463352120297,28:0.5320785535673276,29:0.8946360873003754,30:0.6365286541957522,31:0.1648580986201923,32:0.09906259634282233,33:0.8709566947084546,34:0.18428486113672282,35:0.1179328825440975,36:0.43906073243591925,37:0.8583844059703908,38:0.46960832369421035,39:0.5015323391344794,40:0.44247878554592945} with alpha 3.0 and beta 37.0, percentage 5.263157894736842
The arm 30 has vector {0:0.5032899010710893,1:0.7814065956701708,2:0.5529708543033516,3:0.8784585825814714,4:0.7480504511293828,5:0.2950039848160978,6:0.9422404777269628,7:0.6004036724525855,8:0.2702148186701264,9:0.6689565226920565,10:0.47771521595218924,11:0.9181176458403368,12:0.8850747334643617,13:0.8770106654802309,14:0.951121897806361,15:0.22143858400697802,16:0.4965673164684119,17:0.11730281999293135,18:0.22338455554671688,19:0.7937053085438972,20:0.8127454901534172,21:0.8925515363928053,22:0.5946974946249729,23:0.15458428513446676,24:0.9503380803895908,25:0.024799000660218673,26:0.9925284341129752,27:0.9965122302072577,28:0.5708047372982318,29:0.15308773715391066,30:0.06381806819782232,31:0.8751009165570324,32:0.4006846175707791,33:0.4426954413598593,34:0.12505684489797564,35:0.5758269195526491,36:0.439304711839144,37:0.48019816532941406,38:0.198444103317875,39:0.8782588078481288,40:0.7984114877960652} with alpha 190.0 and beta 703.0, percentage 21.21212121212121
The arm 31 has vector {0:0.6196149824847295,1:0.18813888823265612,2:0.20227679195935955,3:0.5308985907476161,4:0.7955167350149444,5:0.4711001357420176,6:0.9888256085094657,7:0.3897160194917252,8:0.7142238387294397,9:0.22243990590894924,10:0.8008343454396335,11:0.21702885243902004,12:0.02413653992110698,13:0.7303987268073939,14:0.7382413473295384,15:0.05159526079055432,16:0.29485837582550256,17:0.3965542219761604,18:0.5075878502048291,19:0.8168786275151031,20:0.8168841699793316,21:0.3668883529354592,22:0.9555719401539132,23:0.8971749458734827,24:0.22503738319514288,25:0.3847746168424472,26:0.46547589816526946,27:0.6164643364644616,28:0.1693252563622465,29:0.5253334243219531,30:0.6663677871518146,31:0.07799711262893982,32:0.3167459301478708,33:0.5627769881996078,34:0.4380382235604785,35:0.837033687022906,36:0.031330739657528306,37:0.5998309972578065,38:0.08553904627032582,39:0.3057663523796402,40:0.12806878470762562} with alpha 33.0 and beta 167.0, percentage 16.161616161616163
The arm 32 has vector {0:0.21518093218179168,1:0.12356698264331978,2:0.6573326970304381,3:0.47022130876830215,4:0.925497863767996,5:0.6375063654423282,6:0.19358420281440192,7:0.6593374473092145,8:0.0130831692861344,9:8.78420386806189E-5,10:0.5133461171684529,11:0.45451135735498027,12:0.7835516370053925,13:0.8699527151451935,14:0.043672633563518026,15:0.7541092447863755,16:0.9901908784367764,17:0.9840481711910938,18:0.8499321294617534,19:0.40262284518508873,20:0.8274981013566731,21:0.36186374660660714,22:0.9775983727386042,23:0.645937016127307,24:0.6158466947592063,25:0.7830680160074535,26:0.00915676688295819,27:0.598784216390789,28:0.5621258211817524,29:0.3625787588542141,30:0.1787418074032957,31:0.017926867839297977,32:0.44491657136914364,33:0.31799042591116833,34:0.04969751832558955,35:0.20351856130171597,36:0.20404847277845184,37:0.508351872990261,38:0.5971525088035191,39:0.07195484845319411,40:0.2655906317137875} with alpha 15.0 and beta 92.0, percentage 13.333333333333334
The arm 33 has vector {0:0.3521535404588162,1:0.4873617107734246,2:0.6780281845884262,3:0.1095577297160053,4:0.321524311022769,5:0.9248891146032255,6:0.4707238215691474,7:0.2801024763410158,8:0.725921959835959,9:0.9084317351501129,10:0.7404745974206722,11:0.836097520632244,12:0.38168698930622136,13:0.18298769748715582,14:0.09271218591220487,15:0.025984032593474704,16:0.6694665094093198,17:0.8435619496645791,18:0.8992964291635429,19:0.6987315521177013,20:0.22092819771743044,21:0.1787152067849983,22:0.05451104058064038,23:0.4827523838531218,24:0.43691140615352164,25:0.12957233373135613,26:0.6966770619292997,27:0.8447730408768986,28:0.3210905149637897,29:0.41189764078508095,30:0.6271943382023907,31:0.48887544451844356,32:0.5159996827931924,33:0.9434703623759259,34:0.7753480342667798,35:0.8919066618739178,36:0.9247667598749472,37:0.7024849857594999,38:0.2555684718906637,39:0.8729854888451488,40:0.21137247606218312} with alpha 4.0 and beta 36.0, percentage 7.894736842105263
The arm 34 has vector {0:0.8996617661975389,1:0.056145636158687284,2:0.6733219522434074,3:0.9352731500559431,4:0.7455929226991387,5:0.29282499937453144,6:0.43492576683911954,7:0.20233087969362462,8:0.2064719997247365,9:0.09406554114389787,10:0.5054454782235281,11:0.7137042156054203,12:0.23902469515614688,13:0.8524046509666776,14:0.037757689671064076,15:0.6622107530308003,16:0.2643660870376372,17:0.3989670030535505,18:0.3574420420737363,19:0.6349228909571636,20:0.6136929455878413,21:0.08462004470961093,22:0.35244872325635745,23:0.8174440112033018,24:0.23982905918962583,25:0.8980073147072579,26:0.647723168397762,27:0.10992223879877572,28:0.8231456041582302,29:0.7997139420006725,30:0.3684893322298818,31:0.4384591796438243,32:0.8481627960725768,33:0.5866965182471076,34:0.4419588628719352,35:0.23895587529105533,36:0.6396167390937038,37:0.6400575599659826,38:0.8866060885839178,39:0.4477529525127578,40:0.15256723055407295} with alpha 13.0 and beta 81.0, percentage 13.043478260869565
The arm 35 has vector {0:0.40334056294862564,1:0.28920849979434027,2:0.4245195216263097,3:0.8220265348442053,4:0.6508050406609601,5:0.18785509951391133,6:0.027661783667415007,7:0.5109499171211527,8:0.6646445463405213,9:0.1619553496646593,10:0.7004081268678284,11:0.8601925791181323,12:0.3349381813990612,13:0.16765977990537007,14:0.31315082963104124,15:0.22998887839821414,16:0.32157577497660017,17:0.28655950653883255,18:0.3397180682902098,19:0.30349144731717825,20:0.2345199753404561,21:0.6391434787945606,22:0.3108074051581209,23:0.8938562712391593,24:0.5909101817580813,25:0.7708698307153707,26:0.8682360686997034,27:0.5157822042368302,28:0.11247104277235098,29:0.9400495004057591,30:0.6250376471325634,31:0.12915407658560873,32:0.6138764629898456,33:0.5014391178168085,34:0.38534788514267426,35:0.30063826085673984,36:0.6913193903463831,37:0.8073813471354064,38:0.1503137719291342,39:0.7135030913558549,40:0.301760154462153} with alpha 28.0 and beta 143.0, percentage 15.976331360946746
The arm 36 has vector {0:0.9418289956279634,1:0.12415924392228261,2:0.8287019588398865,3:0.7595206385961557,4:0.9084694430316329,5:0.053898522838562446,6:0.4673245152669814,7:0.1537987682185269,8:0.35792120916251535,9:0.014512105426892075,10:0.8376928219487931,11:0.9595734573259715,12:0.5936592961413516,13:0.1252156359026032,14:0.6658337059155994,15:0.9835349363908328,16:0.11824224639138137,17:0.6498772850643842,18:0.40269594007236675,19:0.4387264003471224,20:0.710949121956143,21:0.9281241722282445,22:0.8689033527520098,23:0.23766278922357997,24:0.9751620355863566,25:0.6373048627745767,26:0.9120329783338456,27:0.039495173021321994,28:0.5493514937997698,29:0.3729817199350389,30:0.6036748444421037,31:0.7543689690823593,32:0.6659778881970594,33:0.8709119601277784,34:0.7502590330315004,35:0.7619865109345145,36:0.7487391154904293,37:0.6958804481572278,38:0.13762570323407297,39:0.4521702894124411,40:0.7502021868935974} with alpha 50.0 and beta 216.0, percentage 18.560606060606062
The arm 37 has vector {0:0.29143780480503667,1:0.4480416914101557,2:0.5277520032302467,3:0.040996818680675506,4:0.23788245775234496,5:0.3595456930306574,6:0.4591931841838711,7:0.08492234854585645,8:0.657026762351448,9:0.49303035492392056,10:0.09406073813032645,11:0.474560721417988,12:0.3760003219885738,13:0.004681052758821025,14:0.10618937446999444,15:0.36806269637234346,16:0.940805799415087,17:0.6287315708423599,18:0.6250494370117665,19:0.5428214950009193,20:0.009165424157525082,21:0.7241659155074703,22:0.03943663727908875,23:0.8391947537084786,24:0.04582908332837177,25:0.37873878900369584,26:0.5473187224680307,27:0.5692597392089289,28:0.826713580985437,29:0.9068035951504665,30:0.5601139529282947,31:0.29996622080295965,32:0.5003171805286988,33:0.6726588726075786,34:0.899635891971696,35:0.4711042579349147,36:0.8451950334051318,37:0.519524972853221,38:0.15345982096974187,39:0.004785870757312516,40:0.4564617132626816} with alpha 27.0 and beta 130.0, percentage 16.7741935483871
The arm 38 has vector {0:0.2927467576786119,1:0.4791691285747083,2:0.3260816501203607,3:0.8784856481534274,4:0.4741131743288153,5:0.727437991090864,6:0.10545005916793848,7:0.8064422199884652,8:0.9293049011012082,9:0.6520573593565313,10:0.08212567797939341,11:0.5856050279535175,12:0.8007140131398663,13:0.33425065011198907,14:0.06397721606021955,15:0.8188445807867215,16:0.5737125170216749,17:0.5044093367905944,18:0.46658916924012905,19:0.6201583863019575,20:0.9295595142635723,21:0.04752080551016691,22:0.002925928800218247,23:0.08839915453944913,24:0.45216556447983725,25:0.5215364598403421,26:0.7420985388273411,27:0.7337174976049406,28:0.8521106610224407,29:0.40359077766197604,30:0.17438537628130846,31:0.7659046253216303,32:0.6401840926786244,33:0.05999403856690244,34:0.7512372951902998,35:0.1746797447297005,36:0.03836772689776602,37:0.3133670150265597,38:0.8767151789864778,39:0.7780847625462463,40:0.17391437163382129} with alpha 1.0 and beta 25.0, percentage 0.0
The arm 39 has vector {0:0.3379131266339387,1:0.23490710444858431,2:0.6622968506274123,3:0.3714757763276716,4:0.845372706259911,5:0.7837453909111027,6:0.740300995791191,7:0.006004696039688562,8:0.5358509996513668,9:0.94562643244676,10:0.015099009545026632,11:0.35162330946445797,12:0.060704340324470696,13:0.6305160258288752,14:0.04024011346932099,15:0.3158055387101921,16:0.7220085560957863,17:0.8626395333650269,18:0.033992681399938385,19:0.6148308166213937,20:0.9464865413402042,21:0.591153155314594,22:0.8192742558488336,23:0.030461945811814717,24:0.45234697673610025,25:0.9497156037845497,26:0.48089826464118324,27:0.09251737890619816,28:0.8198172373181694,29:0.6247592316762955,30:0.32494874491008674,31:0.7804937181812485,32:0.9817279167263846,33:0.778522973999619,34:0.31661255047847525,35:0.2760922985120725,36:0.25138684391212107,37:0.4184342363304774,38:0.2611830779221904,39:0.12606920036291858,40:0.24541241276983172} with alpha 1.0 and beta 26.0, percentage 0.0
The arm 40 has vector {0:0.4667796908062991,1:0.04177875421500221,2:0.8294937843282117,3:0.11836090660826293,4:0.3399737538525621,5:0.13394383213132055,6:0.9529571756922786,7:0.5695501505914267,8:0.94492994911841,9:0.5332605605763484,10:0.5020986531173238,11:0.9542482860217163,12:0.9346345431165359,13:0.8271573448215555,14:0.44162344337035153,15:0.14753144339843705,16:0.5533020335894601,17:0.6749464026580515,18:0.8753148108482559,19:0.35002563888161686,20:0.6747623286418551,21:0.45428077256377886,22:0.36528121274020764,23:0.38626145712650983,24:0.3539823577750737,25:0.2599037898990263,26:0.17535694806979085,27:0.174797270315052,28:0.7926763975821426,29:0.8539914488721462,30:0.9801642370010243,31:0.5761765621436788,32:0.7840227190560051,33:0.38344069731853414,34:0.5699419995219512,35:0.131701434314214,36:0.567956904657464,37:0.5894093437081188,38:0.6225605631116975,39:0.6116123603427528,40:0.007767714700775641} with alpha 12.0 and beta 75.0, percentage 12.941176470588237
The arm 41 has vector {0:0.8520322934334731,1:0.6772531081809717,2:0.5187682196354885,3:0.49187305722265806,4:0.09969571078186978,5:0.2610865905924089,6:0.2717738544949113,7:0.6966125047871666,8:0.9331037399010874,9:0.987378934495483,10:0.7418875082067521,11:0.12558863015874067,12:0.7253131918111287,13:0.7861592473024516,14:0.5224984942224254,15:0.40192070467680485,16:0.26910257822501404,17:0.5199662324797727,18:0.8024465463972009,19:0.3720273779832799,20:0.9600310214139712,21:0.962186052831745,22:0.5201369456661653,23:0.05097630898702343,24:0.6713891635826947,25:0.13120389916507835,26:0.30676766941431877,27:0.5899300841768197,28:0.2016048293453453,29:0.5854079822663549,30:0.7499454942537321,31:0.8329242281951443,32:0.8161841528512167,33:0.7593697658497494,34:0.31760019589063626,35:0.45611687861645656,36:0.8789158289856441,37:0.6465133263591605,38:0.1647430663430458,39:0.9589916980910821,40:0.24186012814057334} with alpha 67.0 and beta 217.0, percentage 23.404255319148938
The arm 42 has vector {0:0.022105649343766243,1:0.01885309864650131,2:0.9787374381980152,3:0.4341724931447961,4:0.060464087743326456,5:0.2162488311527656,6:0.1160039204586637,7:0.193547712348474,8:0.9534205874386079,9:0.39698600436898823,10:0.29879325498455866,11:0.3156420088474864,12:0.1906333688862587,13:0.39911693737763565,14:0.4751478035703851,15:0.9302281237441731,16:0.40384535833832125,17:4.7262342597953477E-4,18:0.8791468869224043,19:0.2963623962705759,20:0.5277474163231208,21:0.9914605020905393,22:0.07512373401005146,23:0.6310079997838445,24:0.6780998024010388,25:0.2295657419241588,26:0.7528138153848831,27:0.9769470646807249,28:5.101070310197242E-4,29:0.7214982380046809,30:0.11270497143481095,31:0.3973860571903549,32:0.23839926616787233,33:0.5139644144792378,34:0.5790042342984847,35:0.4082988127840772,36:0.8321996792655582,37:0.30182399250614445,38:0.6649983911479652,39:0.9776203414403027,40:0.7607230202678805} with alpha 6.0 and beta 50.0, percentage 9.25925925925926
The arm 43 has vector {0:0.15544862017384764,1:0.07422333220696098,2:0.9076645512844227,3:0.6604116725186282,4:0.09636487566506957,5:0.607421020119652,6:0.14880069860945455,7:0.09518729373181967,8:0.9974940711387081,9:0.4058395725725179,10:0.04046073890529178,11:0.793433501409808,12:0.40500403049489253,13:0.6768836552954856,14:0.09048979785984923,15:0.024410219183698012,16:0.49199309095415,17:0.16212288403078756,18:0.4664067522920623,19:0.2767261467538623,20:0.29019847226650686,21:0.10839225993806667,22:0.32054621036938624,23:0.8803549945480776,24:0.9818783616420739,25:0.057556429372903506,26:0.1155535469148673,27:0.19616631211582503,28:0.40511500453514737,29:0.07380689178089861,30:0.44312078454477954,31:0.52945172283755,32:0.7375344592679265,33:0.9118217519773066,34:0.05532264208662552,35:0.8289761706391974,36:0.39490813897329546,37:0.6333544052567113,38:0.573735567314462,39:0.6907662409292873,40:0.949226646140533} with alpha 9.0 and beta 62.0, percentage 11.594202898550725
The arm 44 has vector {0:0.23792075917610167,1:0.4646611595521062,2:0.5981668636482981,3:0.8659094809930507,4:0.42388717284637,5:0.8224937000617122,6:0.09383497434884369,7:0.1655747337673228,8:0.4054898618501921,9:0.5533451671898744,10:0.3441271162532389,11:0.426938554470631,12:0.3946130993538647,13:0.9497809213295778,14:0.7825666742557399,15:0.40361537980868045,16:0.590957042616086,17:0.633047425946577,18:0.11404981013319015,19:0.71299814332843,20:0.18440634948794388,21:0.2942567466852736,22:0.37728426715286423,23:0.5439889578530573,24:0.9065001467019019,25:0.05801761450393039,26:0.7481953752625926,27:0.5879420153341226,28:0.8424191771890682,29:0.5707896098292589,30:0.38449514675026475,31:0.30713959649833733,32:0.8033159414495659,33:0.023244993942277414,34:0.523081669417605,35:0.49349236184428225,36:0.38660362004447835,37:0.6436957550955418,38:0.3589253339380094,39:0.004868443118346666,40:0.6969346073837458} with alpha 6.0 and beta 49.0, percentage 9.433962264150944
The arm 45 has vector {0:0.12208881492544454,1:0.3411043536636976,2:0.4589701634277302,3:0.05257166021596349,4:0.9916416392726591,5:0.19117416246576469,6:0.12998806756624492,7:0.44031524203946226,8:0.2164928011444862,9:0.4480474244675401,10:0.9665395472940042,11:0.8042069553228608,12:0.22576617083042927,13:0.21647262068629902,14:0.17396676182402204,15:0.48188830482263634,16:0.4658626401473557,17:0.3962059717179347,18:0.19222895548526353,19:0.6229207483561061,20:0.017479528599189886,21:0.5774244554248177,22:0.37438777754797226,23:0.006706325550551728,24:0.2565129233286527,25:0.9037961390850588,26:0.5178226339644957,27:0.18247189106456152,28:0.2989805258320438,29:0.06724890586152998,30:0.5651583794565184,31:0.8500049395913224,32:0.16331059359687017,33:0.013861570294051218,34:0.8022413511992099,35:0.49420045410848046,36:0.9858018238512408,37:0.2343964440248092,38:0.01844448412794919,39:0.31054397235785136,40:0.7135868830759443} with alpha 11.0 and beta 69.0, percentage 12.82051282051282
The arm 46 has vector {0:0.9985765425606137,1:0.195598497017342,2:0.6364106749584141,3:0.9415126488120805,4:0.8431079052249978,5:0.37578209060023404,6:0.6568355544556668,7:0.8178540550622653,8:0.10294461531452259,9:0.999312215366348,10:0.9511321833443223,11:0.6927701288829485,12:0.16149963516007937,13:0.9671693772240091,14:0.20585018451981474,15:0.630251921443993,16:0.32720886168530106,17:0.6942006054037789,18:0.36064516012096226,19:0.2205096505140931,20:0.4644126193218737,21:0.05447546311429996,22:0.8361932238080391,23:0.9326362116667929,24:0.07180777914961711,25:0.4469343069276229,26:0.5725255428423929,27:0.7945074641966292,28:0.32117318388316773,29:0.008160439586020751,30:0.9976600471999428,31:0.49000902156837745,32:0.21649887695829328,33:0.973694170319752,34:0.001496057991160149,35:0.1177743193705253,36:0.639568809805265,37:0.44306958142867336,38:0.816169958934323,39:0.2204479403582833,40:0.16116727320976154} with alpha 20.0 and beta 102.0, percentage 15.833333333333332
The arm 47 has vector {0:0.7840929305359006,1:0.8163425368417981,2:0.9370873226190961,3:0.45864214384872126,4:0.9214263030876122,5:0.9756057031481572,6:0.2113019193337503,7:0.9720529350097867,8:0.19719035618220304,9:0.38274078986117777,10:0.7041724090730157,11:0.072606430620753,12:0.2569424943604296,13:0.4950631930584505,14:0.2877935733659609,15:0.1656110748720383,16:0.5132703509919946,17:0.6575470278269067,18:0.5979773424450336,19:0.08646314120245979,20:0.5569426564812484,21:0.30437938362042294,22:0.12811861251294632,23:0.4492112356083894,24:0.13193021397208005,25:0.597421719703357,26:0.26480656790360624,27:0.6819864753735619,28:0.9396584791050359,29:0.5109540044104884,30:0.20948551584666153,31:0.374127454709297,32:0.3960218750831892,33:0.7628686710460119,34:0.22049767811649112,35:0.8862624198907366,36:0.7456392177468619,37:0.4870107382739215,38:0.8468097255013315,39:0.9841218962305532,40:0.582764013556825} with alpha 5.0 and beta 50.0, percentage 7.547169811320755
The arm 48 has vector {0:0.9763364042827797,1:0.8183141381722181,2:0.10598423320133299,3:0.21163464477284966,4:0.5299248062643503,5:0.4080537706029935,6:0.05868799242292588,7:0.3669417974525573,8:0.4314642438128803,9:0.9322571548417985,10:0.7519281138066362,11:0.7627589113356334,12:0.35068547753341994,13:0.8780811381571223,14:0.7790297733831218,15:0.7655890947087758,16:0.24343200427688283,17:0.5168530683961933,18:0.5345773654305723,19:0.9143536612126896,20:0.14373662377689467,21:0.3336925042583919,22:0.2622152613638884,23:0.34150161912863064,24:0.01538215091326367,25:0.1315607288739119,26:0.6284848552774779,27:0.40035794394777335,28:0.5913661085824176,29:0.6390431460039072,30:0.4374423779755643,31:0.9869937648404508,32:0.24083325130282562,33:0.22030148287118856,34:0.6675288964935348,35:0.9337444634495445,36:0.9561700739692389,37:0.5644654050145396,38:0.4011866640031213,39:0.35830734787098717,40:0.8321828686376512} with alpha 8.0 and beta 56.0, percentage 11.29032258064516
The arm 49 has vector {0:0.44048697365772094,1:0.990440803838295,2:0.6253757220005561,3:0.5291378204258388,4:0.5029553520463311,5:0.6514827677919517,6:0.006999526274982015,7:0.278297696988246,8:0.869430579313187,9:0.2862188244936581,10:0.43024636733588373,11:0.8858593162970912,12:0.033703457863988096,13:0.5503407982170834,14:0.28098048546000676,15:0.8180733529415232,16:0.6357475604554411,17:0.2866527339369199,18:0.3659752131112938,19:0.42334313428898107,20:0.2942973359989728,21:0.7755977698790392,22:0.9699461562459437,23:0.6667872491315281,24:0.5957330805748092,25:0.4562782305594859,26:0.02920238050642554,27:0.8879468692039505,28:0.07702118009070547,29:0.5911044494361585,30:0.10769559892379266,31:0.6560299465825706,32:0.8368692067982951,33:0.6218766776087856,34:0.14500968960191996,35:0.6289324492810564,36:0.43306145455601075,37:0.9594299730421545,38:0.9877235299405496,39:0.9514745749366339,40:0.06136340645073357} with alpha 5.0 and beta 44.0, percentage 8.51063829787234
The best arm is 26 with vector {0:0.3490233170342111,1:0.5668353964722869,2:0.6604367648198594,3:0.7789808692329593,4:0.2692502380410067,5:0.36071459805464423,6:0.45289219123764834,7:0.8702367351366127,8:0.8145919393601074,9:0.041870293421061966,10:0.41339891059864176,11:0.6710671043078578,12:0.5546038406107174,13:0.3091810373834991,14:0.9086036677824717,15:0.34112098526503654,16:0.6728637213299776,17:0.9876879864785397,18:0.7127913108730163,19:0.14462685130337083,20:0.22653217335582332,21:0.012783034421299133,22:0.6316171318232224,23:0.8271440749289568,24:0.2884333396532499,25:0.759601477260286,26:0.9518041488682885,27:0.2670548712025399,28:0.25908820828016177,29:0.6329819106981694,30:0.2685602052697693,31:0.917460752973824,32:0.2643493919277883,33:0.9714797098314444,34:0.6328829332382124,35:0.6408740853862619,36:0.41169028229162985,37:0.31469592480123065,38:0.04928812062076138,39:0.8363796656140449,40:0.26763942970929044} with alpha 63.0 and beta 202.0, percentage 23.574144486692013
The right guesses are: 966 which means 16.1% correct
Done
The current arm is 26 with vector {0:0.3490233170342111,1:0.5668353964722869,2:0.6604367648198594,3:0.7789808692329593,4:0.2692502380410067,5:0.36071459805464423,6:0.45289219123764834,7:0.8702367351366127,8:0.8145919393601074,9:0.041870293421061966,10:0.41339891059864176,11:0.6710671043078578,12:0.5546038406107174,13:0.3091810373834991,14:0.9086036677824717,15:0.34112098526503654,16:0.6728637213299776,17:0.9876879864785397,18:0.7127913108730163,19:0.14462685130337083,20:0.22653217335582332,21:0.012783034421299133,22:0.6316171318232224,23:0.8271440749289568,24:0.2884333396532499,25:0.759601477260286,26:0.9518041488682885,27:0.2670548712025399,28:0.25908820828016177,29:0.6329819106981694,30:0.2685602052697693,31:0.917460752973824,32:0.2643493919277883,33:0.9714797098314444,34:0.6328829332382124,35:0.6408740853862619,36:0.41169028229162985,37:0.31469592480123065,38:0.04928812062076138,39:0.8363796656140449,40:0.26763942970929044} with alpha 122.0 and beta 542.0
The order information:
Date: 2012-05-09T17:07:05.000+02:00
It predicted these items for order 1778911 :
   31560 with score of 1.944447914266075
   752 with score of 1.2904347012893393
   27900 with score of 1.0842290731883515
   748 with score of 1.066779136883897
   1693 with score of 0.978988153129862
   13688 with score of 0.978988153129862
   21769 with score of 0.978988153129862
   25013 with score of 0.978988153129862
   31278 with score of 0.978988153129862
   23467 with score of 0.9661146048456716
These are the actual items bought: 
   11832
   30233
The current arm is 26 with vector {0:0.3490233170342111,1:0.5668353964722869,2:0.6604367648198594,3:0.7789808692329593,4:0.2692502380410067,5:0.36071459805464423,6:0.45289219123764834,7:0.8702367351366127,8:0.8145919393601074,9:0.041870293421061966,10:0.41339891059864176,11:0.6710671043078578,12:0.5546038406107174,13:0.3091810373834991,14:0.9086036677824717,15:0.34112098526503654,16:0.6728637213299776,17:0.9876879864785397,18:0.7127913108730163,19:0.14462685130337083,20:0