Items: 31014,2,2012-03-22 09:35:15.730000000,2013-01-31 22:08:19.360000000,0,0000000000000000000000000000000000000000000000000000000000000000000000000000000000000000000010000000000000000000000000000000000000000000000000000000000000000000000000000000000000000000000000000000000000000000000000000000000000000000000000000000000000000000
Items: 16065,3,2010-10-12 09:05:28.623000000,2011-10-19 12:41:59.293000000,0,0000000000000000000000000000000000000000000000000000000000000000000000000000000000000000000100000000000000000000000000000000000000000000000000000000000000000000000000000000000000000000000000000000000000000000000000000000000000000000000000000000000000000000
Items: 2897,1,2010-07-28 15:55:07.423000000,2013-07-15 05:02:15.650000000,0,0000000000000000000000000000000000000000000000000000000000000000000000000000000000000000000100000000000000000000000000000000000000000000000000000000000000000000000000000000000000000000000000000000000000000000000000000000000000000000000000000000000000000000
Users: 46671,2009-07-31 17:52:05.423000000,45238,,0
Users: 117404,2012-02-11 18:20:17.737000000,30295,1989-02-13 00:00:00,1
Users: 185087,2009-07-31 19:48:45.310000000,54234,1986-06-04 00:00:00,1
Users: 242612,2011-12-03 21:34:16.640000000,90627,1990-07-23 00:00:00,2
Users: 294436,2011-03-16 09:05:23.647000000,72233,1994-04-25 00:00:00,1
Users: 345704,2011-11-11 20:55:14.437000000,68600,1994-06-05 00:00:00,2
Users: 399809,2012-09-17 14:43:42.033000000,44491,1997-12-12 00:00:00,1
Users: 455390,2012-12-20 16:02:28.573000000,3274,1978-06-02 00:00:00,2
Users: 525182,2013-07-28 12:33:53.590000000,53372,1990-06-17 00:00:00,0
Orders: 35022,1033356,1457,2009-10-18 21:46:53.347000000
Orders: 214698,1082559,614,2010-01-24 20:16:55.153000000
Orders: 226305,1122161,1501,2010-03-20 16:23:03.950000000
Orders: 46541,1167569,11120,2010-05-26 12:55:02.417000000
Orders: 75824,1208142,11119,2010-07-27 23:14:48.377000000
Orders: 13287,1248778,12826,2010-09-21 21:56:27.157000000
Orders: 272654,1296031,653,2010-12-01 18:41:36.730000000
Orders: 285359,1344258,18628,2011-01-28 14:59:09.743000000
Orders: 157456,1388262,18371,2011-03-17 11:46:02.120000000
Orders: 307265,1432210,758,2011-04-29 21:28:48.340000000
Orders: 271030,1473349,21803,2011-06-14 15:24:35.467000000
Orders: 275827,1511037,21829,2011-07-28 21:58:50.970000000
Orders: 62527,1550712,24845,2011-09-10 18:44:47.023000000
Orders: 293365,1597283,27523,2011-11-12 08:21:31.203000000
Orders: 158173,1649466,24361,2011-12-28 14:06:54.430000000
Orders: 371623,1691322,28947,2012-01-31 15:54:20.570000000
Orders: 151193,1739094,2144,2012-03-22 17:02:48.527000000
Orders: 71320,1784958,7874,2012-05-16 17:00:59.817000000
Orders: 287161,1827735,20480,2012-06-29 22:23:24.193000000
Orders: 271514,1866722,31203,2012-08-11 21:38:56.863000000
Orders: 428803,1915657,35460,2012-10-09 20:15:44.210000000
Orders: 444954,1966435,29677,2012-12-01 22:51:49.073000000
Orders: 460415,2018674,31695,2013-01-07 22:20:30.543000000
Orders: 381441,2066329,35170,2013-02-19 22:08:16.833000000
Orders: 485606,2112774,39306,2013-03-26 15:04:37.277000000
Orders: 423890,2161061,11304,2013-05-03 09:35:38.190000000
Orders: 314770,2207605,26096,2013-06-05 19:04:54.837000000
Orders: 287308,2249841,40450,2013-07-13 20:23:09.463000000
Orders: 255027,2289235,33612,2013-08-13 17:15:05.073000000
Orders: 466261,2331294,43871,2013-09-15 21:02:00.180000000
Orders: 446724,2379393,448,2013-11-01 19:20:53.627000000

Startup information:
First order in training stage: 700000
First order in evaluation stage: 771338
Last order in evaluation stage: 777338

Number of orders in training stage: 71338
Number of orders in evaluation stage: 6000

The order information:
Date: 2012-05-10T17:54:43.000+02:00
It predicted these items for order 1779917 :
   8862 with score of 7.75
   1663 with score of 5.75
   5003 with score of 5.5
   29669 with score of 5.5
   31777 with score of 3.5
   28284 with score of 3.5
   23469 with score of 3.25
   23913 with score of 3.0
   29685 with score of 2.75
   23467 with score of 2.75
These are the actual items bought: 
   30342
   23374
   32289
The order information:
Date: 2012-05-13T15:53:25.000+02:00
It predicted these items for order 1781930 :
   31042 with score of 17.375
   23318 with score of 14.0
   23250 with score of 11.375
   1023 with score of 5.875
   4806 with score of 5.5
   23364 with score of 5.0
   1002 with score of 4.5
   20990 with score of 4.375
   27659 with score of 3.875
   22855 with score of 3.625
These are the actual items bought: 
   2084
   29003
   31950
   20990
   31940
   30573
   20678
   30195
   25363
   27900
The current arm is 42 with vector {0:0.1195213306544991,1:0.366618237643603,2:0.08341828816665209,3:0.9711975647599036,4:0.22788286296536808,5:0.1921318248822773,6:0.2552108604540473,7:0.7134263814592074,8:0.27382189062425977,9:0.339531490982545,10:0.08261059384267899,11:0.7047055493974337,12:0.8064802375420392,13:0.22826581442628002,14:0.8576034342843432,15:0.4996047798322121,16:0.4238120090306198,17:0.4969809229654586,18:0.2554572214358879,19:0.5815402265803447,20:0.4006851407274914,21:0.3126843893508633,22:0.7141161294521217,23:0.6067431828390906,24:0.26752033150380916,25:0.6512035320214822,26:0.262501438275867,27:0.5393278525160191,28:0.5110847259856501,29:0.9574086796748069,30:0.8401809602660792,31:0.7848603907287939,32:0.5419579598225109,33:0.37605164618723785,34:0.7345654201257907,35:0.5912701996656767,36:0.6880100704469552,37:0.6915897009253412,38:0.8181364964446404,39:0.55314828607008,40:0.08208557110841685} with alpha 13.0 and beta 31.0
The order information:
Date: 2012-05-09T17:07:05.000+02:00
It predicted these items for order 1778911 :
   31560 with score of 1.3176635616343795
   752 with score of 0.810372444374093
   27900 with score of 0.6981436087177123
   748 with score of 0.6750988790783686
   23467 with score of 0.5892912696684404
   31553 with score of 0.5851762770604283
   1663 with score of 0.5571263550147443
   572 with score of 0.5569455251698119
   23469 with score of 0.5461679626856756
   1693 with score of 0.5395360185021445
These are the actual items bought: 
   11832
   30233
The current arm is 6 with vector {0:0.15079596129010187,1:0.4390608756551825,2:0.25594410603086537,3:0.7672223319389909,4:0.7299053365481588,5:0.6988344306729527,6:0.25571978206800183,7:0.6609169631358306,8:0.5209332485642721,9:0.9337895093823142,10:0.855746764110697,11:0.4277977677632022,12:0.7341387426724708,13:0.7649965430294289,14:0.17875793047718103,15:0.4527635417977781,16:0.5927759704716312,17:0.5514462484858816,18:0.8616321458473686,19:0.2727982334055178,20:0.8707880797326395,21:0.6458658914432668,22:0.5910396176466439,23:0.04546901073003373,24:0.6768481118946853,25:0.6492567540014708,26:0.07868036999903238,27:0.7854601418111344,28:0.479077699335385,29:0.5877146776140545,30:0.349374405816515,31:0.9262698446581438,32:0.2152346192856882,33:0.8264726345430642,34:0.6008269728003146,35:0.08256219490805461,36:0.03538438928489074,37:0.11889729419992645,38:0.7497756952340485,39:0.059616354819858275,40:0.296192697519594} with alpha 6.0 and beta 22.0
The order information:
Date: 2012-05-10T17:54:43.000+02:00
It predicted these items for order 1779917 :
   31560 with score of 1.834655038432925
   16520 with score of 1.6174601843461043
   26598 with score of 1.6174601843461043
   27408 with score of 1.6168527239020456
   24834 with score of 1.59746272304536
   21714 with score of 1.4027492148403233
   752 with score of 1.3997227951235336
   31984 with score of 1.389531679426959
   25716 with score of 1.3884198542875328
   17990 with score of 1.3873464848446975
These are the actual items bought: 
   30342
   23374
   32289
The current arm is 17 with vector {0:0.9930924666233251,1:0.3584739076390411,2:0.15020332318781648,3:0.9120828452636353,4:0.5071906758346232,5:0.8712020122262191,6:0.856034474611622,7:0.7000148058729109,8:0.0197829645910923,9:0.24363134623733784,10:0.4917910584889119,11:0.11853053291277438,12:0.5393401453728122,13:0.8727010034455842,14:0.7378429877677353,15:0.1253822621204903,16:0.05894286750983868,17:0.9795883466461063,18:0.6264415411819158,19:0.7815768813646027,20:0.5790638022361888,21:0.5563792388539561,22:0.11871831370696062,23:0.012045340841885244,24:0.6795166384948979,25:0.45847181871585374,26:0.23152826453627828,27:0.45684147149292675,28:0.6420639354271832,29:0.3862140643164589,30:0.4580758214447008,31:0.3936550803829868,32:0.02492605989885821,33:0.48522006479538904,34:0.8722267566338286,35:0.8700928600087321,36:0.23502413334420458,37:0.5684864441688863,38:0.26233767731889657,39:0.024957530562712882,40:0.19379312608606503} with alpha 9.0 and beta 44.0
The order information:
Date: 2012-05-11T22:39:32.000+02:00
It predicted these items for order 1780921 :
   31560 with score of 3.464666949807968
   752 with score of 2.9751113867803145
   32354 with score of 2.7809297501083363
   23218 with score of 2.777056290947198
   30664 with score of 2.777056290947198
   30678 with score of 2.777056290947198
   31755 with score of 2.777056290947198
   32122 with score of 2.777056290947198
   32190 with score of 2.777056290947198
   2027 with score of 2.7763773241131795
These are the actual items bought: 
   31776
The current arm is 31 with vector {0:0.6584296538368263,1:0.5619040102452341,2:0.4724054545869085,3:0.19337155923188665,4:0.19651870777506286,5:0.4107809427340683,6:0.2592030399958999,7:0.5680644018832066,8:0.5156764691245952,9:0.4459165414978107,10:0.3625205312976073,11:0.7245504147070505,12:0.9469660284123843,13:0.06312959106329519,14:0.3086872530173952,15:0.7053049253361752,16:0.07932879288874894,17:0.5179610114799524,18:0.024384770298733538,19:0.5806437785386293,20:0.2857063623820585,21:0.49648303920047254,22:0.37853126558712935,23:0.6768984378775134,24:0.45382359154658647,25:0.9346532699522646,26:0.1596214024360767,27:0.5260427951915532,28:0.13629374039242803,29:0.17461557035711583,30:0.956310720964321,31:0.5910242058738227,32:0.5017354963161027,33:0.296068756804148,34:0.4165535977094794,35:0.8198273940624999,36:0.8157011468545243,37:0.889203452669162,38:0.7823824231548285,39:0.5927572495165422,40:0.46159026788706947} with alpha 3.0 and beta 32.0
The order information:
Date: 2012-05-13T15:53:25.000+02:00
It predicted these items for order 1781930 :
   31560 with score of 1.6760244492257628
   31865 with score of 1.4908485200073482
   31634 with score of 1.4902747175812034
   31854 with score of 1.4902747175812034
   21252 with score of 1.4897009151550589
   31845 with score of 1.4669332572945355
   29011 with score of 1.4035804830494567
   27900 with score of 1.3730870283823562
   752 with score of 1.3586611168587261
   31513 with score of 1.3579381560790045
These are the actual items bought: 
   2084
   29003
   31950
   20990
   31940
   30573
   20678
   30195
   25363
   27900
The current arm is 36 with vector {0:0.22391783062533088,1:0.2165895136830669,2:0.6426408854968456,3:0.045508498383700746,4:0.6271066263362634,5:0.3488692487736861,6:0.3133926822813421,7:0.766466826674529,8:0.9015126643455104,9:0.031826194958967435,10:0.5655999892946446,11:0.08802418544515811,12:0.9195087442922282,13:0.33375083145356,14:0.1353152791858072,15:0.3961596346527888,16:0.5171576405516372,17:0.13242189215583466,18:0.041920990776104894,19:0.5907790130678244,20:0.5621165742504833,21:0.9665968801999051,22:0.05159106691067761,23:0.6765367729888709,24:0.8428010774957229,25:0.8358500764553313,26:0.1147821933972708,27:0.5608041163911456,28:0.6084264191299209,29:0.57811107000571,30:0.3828036386756821,31:0.9576238442222398,32:0.46420039691117176,33:0.03164284623557401,34:0.9456527314064337,35:0.13921685062174738,36:0.4854773160068162,37:0.033863785577624705,38:0.05075104884435855,39:0.07064228084622226,40:0.8023339919548768} with alpha 58.0 and beta 205.0
The order information:
Date: 2012-05-14T16:46:54.000+02:00
It predicted these items for order 1782931 :
   31560 with score of 1.3215127604664558
   748 with score of 0.9582081951296144
   752 with score of 0.8934694080785475
   21714 with score of 0.6876458441752912
   5003 with score of 0.6796106930963575
   27576 with score of 0.6674426141362141
   20430 with score of 0.6588694701486248
   27900 with score of 0.6503697377626023
   21671 with score of 0.6374858819188653
   29669 with score of 0.6356426099787815
These are the actual items bought: 
   32564
The current arm is 13 with vector {0:0.17317524439627574,1:0.23986260356596056,2:0.9820903948113724,3:0.7706808330804424,4:0.5148520289773696,5:0.29412220104430786,6:0.9845304948475231,7:0.3414588360304436,8:0.4271430580529224,9:0.8329295167179279,10:0.24059947386262892,11:0.43506070847301104,12:0.8690673771831762,13:0.2740360453951728,14:0.15008919923195618,15:0.3739992288529218,16:0.44110271254463074,17:0.08062276655555556,18:0.2605657507524678,19:0.7286166148826717,20:0.6005751654964459,21:0.6001421813975224,22:0.508053936326762,23:0.5283784343990909,24:0.3219584198978189,25:0.2575346456752017,26:0.9681559653258799,27:0.15279970808723697,28:0.5413698258061392,29:0.767640923178526,30:0.5872429876547779,31:0.06379507915011129,32:0.7798685296577991,33:0.5289682310632642,34:0.7589722810652504,35:0.2487525696335946,36:0.4296452438031899,37:0.6564510640821819,38:0.5516569327164154,39:0.15164636058896253,40:0.8391279166937754} with alpha 37.0 and beta 159.0
The order information:
Date: 2012-05-15T15:02:20.000+02:00
It predicted these items for order 1783936 :
   748 with score of 2.0970499466006434
   31560 with score of 2.031384119467397
   752 with score of 1.751784119434967
   27576 with score of 1.6014140201980553
   21714 with score of 1.5341794142160607
   5003 with score of 1.50128780553865
   29669 with score of 1.4773288880191338
   21776 with score of 1.4660979358913009
   25201 with score of 1.4272762665647534
   23467 with score of 1.4156634311467609
These are the actual items bought: 
   12096
The arm 0 has vector {0:0.7240292628948112,1:0.23262220228263397,2:0.7110683966178001,3:0.806676610651883,4:0.7830730932054973,5:0.9799992408474465,6:0.3928220085474432,7:0.8039998037300183,8:0.20195568822764065,9:0.8636345208421918,10:0.71963853181765,11:0.7507086009124777,12:0.9429627651405852,13:0.701015337043648,14:0.22375657075522837,15:0.4978566157722607,16:0.26410587782270734,17:0.07646071643788166,18:0.27677387563964184,19:0.11987384415667979,20:0.012468813836317372,21:0.7413572288695739,22:0.3250372766304809,23:0.6156036594230014,24:0.8697784716406951,25:0.46661127302767125,26:0.007527010529141731,27:0.4538421224800915,28:0.7041120463996857,29:0.9660645536483298,30:0.12829785651325587,31:0.9854717630582241,32:0.8072837449993334,33:0.7019868509707589,34:0.7602006159123943,35:0.3715675575632691,36:0.30963599366070804,37:0.45412026100949165,38:0.024859953454529515,39:0.3656505004543664,40:0.14357960956208382} with alpha 7.0 and beta 57.0, percentage 9.67741935483871
The arm 1 has vector {0:0.1701436687922575,1:0.5702379550256532,2:0.38636593935179075,3:0.09266957593667025,4:0.10648404663485533,5:0.6443660436286862,6:0.10717113515958021,7:0.8018927858996949,8:0.23833923375615118,9:0.1425974976015566,10:0.8659049973955635,11:0.0923761685784007,12:0.07647439016427571,13:0.19593397575994997,14:0.23264313957705918,15:0.45967474995857127,16:0.19367203759972407,17:0.8263545948677641,18:0.6913514859641647,19:0.0032625076897681016,20:0.3101922988313137,21:0.1751195381243833,22:0.047833276682077486,23:0.19235069544507089,24:0.45132981613823664,25:0.1115993278306514,26:0.7921822045289443,27:0.9065280290419699,28:0.0022083242685713156,29:0.7521142837363128,30:0.04099462239847418,31:0.6482728308059419,32:0.4192558400736318,33:0.10989244055238656,34:0.0025883289157498934,35:0.5910414698867953,36:0.7443960333763485,37:0.899852829914613,38:0.7503767216120427,39:0.09917839563178699,40:0.45182719872285737} with alpha 7.0 and beta 52.0, percentage 10.526315789473683
The arm 2 has vector {0:0.05795057237803736,1:0.5648800009088328,2:0.12140068382482316,3:0.15641721340428838,4:0.14607749202241982,5:0.017075910707034292,6:0.1730665598532487,7:0.8132562769411649,8:0.14364395563559573,9:0.1881864894677573,10:0.787200214814237,11:0.8949098265167397,12:0.3812346264550197,13:0.31409600295230844,14:0.7672434493752697,15:0.9424920772913561,16:0.5748876128790799,17:0.32607400661345387,18:0.7785693624493876,19:0.8232475850971757,20:0.9935226564200937,21:0.7468717912399886,22:0.8366521920064176,23:0.03535214197936942,24:0.4961335294630407,25:0.059978712553146685,26:0.6984666676145447,27:0.16142834196185674,28:0.6204899915430092,29:0.6675309598880134,30:0.4705736921550291,31:0.6331327272891284,32:0.600127208079785,33:0.5131295438587814,34:0.2258322433438853,35:0.7143766797361942,36:0.8239337159768213,37:0.8155900515454458,38:0.5250891999804532,39:0.5040738852067409,40:0.8191905839781377} with alpha 65.0 and beta 251.0, percentage 20.382165605095544
The arm 3 has vector {0:0.3420067913593018,1:0.37700883771384264,2:0.4128501587067035,3:0.6837539089384455,4:0.7869692192393577,5:0.9557361585314685,6:0.23137661819727295,7:0.8437770895731075,8:0.07794359159323216,9:0.13024215488135837,10:0.442070590510491,11:0.6475738908070321,12:0.15873371677699744,13:0.526398876118887,14:0.43272629316192,15:0.06886387037750463,16:0.8842642995187106,17:0.5647581871588659,18:0.7988634861696184,19:0.44277960540489447,20:0.85311367776881,21:0.1846842100735976,22:0.7133161953831447,23:0.9359399605059693,24:0.8716284618286246,25:0.5293343826928313,26:0.0765887506327887,27:0.5641394921272348,28:0.6019304818146768,29:0.9534418685934848,30:0.8063713248210914,31:0.08517855085721193,32:0.7278946642904079,33:0.5096996181571098,34:0.19850032455650524,35:0.7653533687003601,36:0.33434358402355413,37:0.17776405394800177,38:0.518877356320791,39:0.37172363530101826,40:0.8489468449881495} with alpha 4.0 and beta 41.0, percentage 6.976744186046512
The arm 4 has vector {0:0.7397448513620918,1:0.5761335951636496,2:0.24170197307236918,3:0.4359191856878941,4:0.044528483697455434,5:0.3780675146932594,6:0.15449706873250157,7:0.8446549267635565,8:0.2684684705769713,9:0.9077189695217474,10:0.033871443215315655,11:0.4790101309649235,12:0.4953431029236349,13:0.49269377590009134,14:0.6449071173262757,15:0.15980017296551963,16:0.5977233793159045,17:0.22361656806877384,18:0.11667913449912337,19:0.3855830185175464,20:0.00766269925495322,21:0.6465125700469339,22:0.12797383845297283,23:0.6970794380196741,24:0.25800708998459776,25:0.8226607713462899,26:0.32640246008907114,27:0.8420441783072272,28:0.5021287317589168,29:0.4064495877298314,30:0.8511426644002952,31:0.42790893771037264,32:0.2350424650178652,33:0.48656753993350566,34:0.19491439521975396,35:0.11695718773964403,36:0.8386103258805556,37:0.012824646024726216,38:0.6317530637854863,39:0.30271137169282936,40:0.5529953716898288} with alpha 23.0 and beta 123.0, percentage 15.277777777777779
The arm 5 has vector {0:0.420502269172887,1:0.5374174168056979,2:0.5631222613711176,3:0.541811391790659,4:0.49495903581002754,5:0.1883144492885379,6:0.2852842691951918,7:0.3591603412814931,8:0.7939412153416613,9:0.4402636907632963,10:0.4213207476879852,11:0.19604467902089284,12:0.1288891031546867,13:0.6413596808715258,14:0.1925428680050163,15:0.6909664223630235,16:0.09820397600447295,17:0.2905991967525561,18:0.5603980549569387,19:0.6746333824791999,20:0.7460347092025029,21:0.9495739126303572,22:0.17087000522889428,23:0.9935271265275616,24:0.3570664523977737,25:0.23684154939285962,26:0.3949667365808761,27:0.4156947384648704,28:0.6169273566102397,29:0.9711051896843771,30:0.7576450214392912,31:0.2751649937064009,32:0.7719392698795613,33:0.38709948722648246,34:0.4569232679495564,35:0.566028801437139,36:0.9346341652160429,37:0.295270746711091,38:0.032714588724854,39:0.7167139112822039,40:0.22408517953748874} with alpha 19.0 and beta 97.0, percentage 15.789473684210526
The arm 6 has vector {0:0.15079596129010187,1:0.4390608756551825,2:0.25594410603086537,3:0.7672223319389909,4:0.7299053365481588,5:0.6988344306729527,6:0.25571978206800183,7:0.6609169631358306,8:0.5209332485642721,9:0.9337895093823142,10:0.855746764110697,11:0.4277977677632022,12:0.7341387426724708,13:0.7649965430294289,14:0.17875793047718103,15:0.4527635417977781,16:0.5927759704716312,17:0.5514462484858816,18:0.8616321458473686,19:0.2727982334055178,20:0.8707880797326395,21:0.6458658914432668,22:0.5910396176466439,23:0.04546901073003373,24:0.6768481118946853,25:0.6492567540014708,26:0.07868036999903238,27:0.7854601418111344,28:0.479077699335385,29:0.5877146776140545,30:0.349374405816515,31:0.9262698446581438,32:0.2152346192856882,33:0.8264726345430642,34:0.6008269728003146,35:0.08256219490805461,36:0.03538438928489074,37:0.11889729419992645,38:0.7497756952340485,39:0.059616354819858275,40:0.296192697519594} with alpha 7.0 and beta 59.0, percentage 9.375
The arm 7 has vector {0:0.8740066674962805,1:0.8959606923570073,2:0.08022014539498434,3:0.9778723706634136,4:0.6362572707739826,5:0.7522141173054543,6:0.4126718662330383,7:0.6657343800296045,8:0.12763929425276133,9:0.4763626118525349,10:0.777101203416836,11:0.9645553916587908,12:0.17888671579536175,13:0.20163256356237214,14:0.29731278949275974,15:0.027981592072793826,16:0.767862894864442,17:0.7153110740483402,18:0.7719775902265452,19:0.8230866185575351,20:0.6134598954090795,21:0.14104850856269635,22:0.08084701705850894,23:0.5955257666576202,24:0.8058996431885364,25:0.061565634411053116,26:0.6205110318690531,27:0.2890333492273971,28:0.7331252256024167,29:0.19985076279134995,30:0.1522744154090625,31:0.536104070545945,32:0.23467260016730185,33:0.1563781419403748,34:0.10171964828048075,35:0.9986969117866149,36:0.23849447666183377,37:0.17313532047021485,38:0.55788301054005,39:0.04077216777080628,40:0.46978203239397076} with alpha 6.0 and beta 50.0, percentage 9.25925925925926
The arm 8 has vector {0:0.09004829992514418,1:0.6715151910530823,2:0.9043337693776516,3:0.9678260044397701,4:0.7893389995173947,5:0.9274571812768423,6:0.35412094318690446,7:0.7668195646239491,8:0.5795552402481923,9:0.6308175335060952,10:0.8120003627601876,11:0.16623506155929701,12:0.39505257042010555,13:0.15208856508780288,14:0.8524685379888931,15:0.10728949196038529,16:0.768685764309466,17:0.7989860001703575,18:0.09426323572536399,19:0.15291281953395552,20:0.3983858903189619,21:0.4266846523310137,22:0.20060256135335985,23:0.940720875477016,24:0.7187073022766512,25:0.7611689510721166,26:0.8392006775112688,27:0.45157538524071406,28:0.24150833809698358,29:0.3625162673769311,30:0.24111883614249296,31:0.2560689509847853,32:0.9141780702183839,33:0.168575905368744,34:0.8039029097286896,35:0.9100612817248251,36:0.5525692865311076,37:0.47614917643717325,38:0.5567576986144703,39:0.45795118739983953,40:0.42760887100182277} with alpha 1.0 and beta 25.0, percentage 0.0
The arm 9 has vector {0:0.29553430473594966,1:0.4639433687256308,2:0.4330501333927764,3:0.2452713771587437,4:0.22014342900682804,5:0.4407223185037563,6:0.940331544463477,7:0.26243971312824554,8:0.900846888799741,9:0.09209253932716455,10:0.8782484675775729,11:0.2182611399217882,12:0.1944215367608868,13:0.1495972837865608,14:0.07392132004282326,15:0.19544302755458054,16:0.21230344102389487,17:0.45607621003046317,18:0.16341109196730463,19:0.3587716422307584,20:0.022445026989557415,21:0.7778572249541646,22:0.15742327791213184,23:0.24222909990246433,24:0.04339956097781761,25:0.3820269287637903,26:0.9329592164279236,27:0.42218144945742875,28:0.7854873455630247,29:0.3374368959046423,30:0.6681263439790237,31:0.022413697329692228,32:0.18891607413987777,33:0.7241636742348232,34:0.48235650704871036,35:0.38440723025012047,36:0.7861767588478636,37:0.12322213724752751,38:0.3477288942959972,39:0.6518062376324028,40:0.817545741584722} with alpha 31.0 and beta 137.0, percentage 18.072289156626507
The arm 10 has vector {0:0.9344420711611507,1:0.8173347441137309,2:0.23233818176944343,3:0.048548040998769526,4:0.7405844713259593,5:0.3788307060319591,6:0.633918940367762,7:0.6354094013440287,8:0.9341865183469394,9:0.1108999992062446,10:0.8135111221570464,11:0.12887976390938138,12:0.43213815653177523,13:0.9049227426374945,14:0.34852435742230714,15:0.09102081289771236,16:0.45906707799265134,17:0.6210762080930028,18:0.09368869423776693,19:0.503298394532177,20:0.24224299740444755,21:0.9875714078401697,22:0.48803269996874166,23:0.22653984364819701,24:0.8051513340753266,25:0.5550652194934362,26:0.7893153661829214,27:0.6298059269275406,28:0.08487007773825617,29:0.3961641283984454,30:0.1637835141317454,31:0.03918448353886217,32:0.25176017160963793,33:0.1057587147799327,34:0.2678339816538443,35:0.6015541639889632,36:0.37450685593379074,37:0.6191065534841084,38:0.238485538504988,39:0.9143422110794407,40:0.35502262841197896} with alpha 13.0 and beta 79.0, percentage 13.333333333333334
The arm 11 has vector {0:0.8463142523652818,1:0.2708976662755901,2:0.21261996192506039,3:0.40833634556191156,4:0.7746562713146674,5:0.4137917407402566,6:0.9024909557281334,7:0.29740735836238974,8:0.3206692583977141,9:0.4353891185814882,10:0.21962804970286187,11:0.17765621415481458,12:0.9798848600306501,13:0.9884331922932822,14:0.5694059537746631,15:0.30078438668436447,16:0.735915180718408,17:0.3212954634996089,18:0.65039866858238,19:0.6586515871789036,20:0.9456092994774086,21:0.4244262260758287,22:0.9230216871815476,23:0.1688795577987755,24:0.510568710018212,25:0.182133234795393,26:0.04043945072493138,27:0.8540794718292819,28:0.8543169937860963,29:0.4565101138873807,30:0.813473237036357,31:0.40218145769621483,32:0.3701741835068728,33:0.11841502111767366,34:0.5248997324884171,35:0.27858383583913005,36:0.16239991779480756,37:0.6982129150801614,38:0.7641116641650172,39:0.32526490737579783,40:0.8643097167822997} with alpha 49.0 and beta 217.0, percentage 18.181818181818183
The arm 12 has vector {0:0.2389530128841839,1:0.9906812185553772,2:0.7149425800550577,3:0.6985913525477119,4:0.028212488690866455,5:0.7791810598274045,6:0.2229578942894337,7:0.6624641271169104,8:0.62389189252575,9:0.14222704237951367,10:0.9841275094140494,11:0.12858610140727444,12:0.9629358976380191,13:0.8683083031609531,14:0.1942383960974814,15:0.5070954663078338,16:0.23606449461842782,17:0.24131762502269527,18:0.21044277558859004,19:0.3986748065005189,20:0.9337442140947333,21:0.25690828118239684,22:0.7264397172543008,23:0.8023068760287657,24:0.13540336149507615,25:0.8224575546124785,26:0.8149970674142163,27:0.3416499855428716,28:0.7569231396292727,29:0.039402911659024764,30:0.43360184295940696,31:0.42709253335365605,32:0.08104915196359397,33:0.5975201189949869,34:0.6839140933950109,35:0.1870972002762561,36:0.29703269968502233,37:0.03963914267236113,38:0.5199912089618343,39:0.2761746981054135,40:0.07282138511239966} with alpha 5.0 and beta 45.0, percentage 8.333333333333332
The arm 13 has vector {0:0.17317524439627574,1:0.23986260356596056,2:0.9820903948113724,3:0.7706808330804424,4:0.5148520289773696,5:0.29412220104430786,6:0.9845304948475231,7:0.3414588360304436,8:0.4271430580529224,9:0.8329295167179279,10:0.24059947386262892,11:0.43506070847301104,12:0.8690673771831762,13:0.2740360453951728,14:0.15008919923195618,15:0.3739992288529218,16:0.44110271254463074,17:0.08062276655555556,18:0.2605657507524678,19:0.7286166148826717,20:0.6005751654964459,21:0.6001421813975224,22:0.508053936326762,23:0.5283784343990909,24:0.3219584198978189,25:0.2575346456752017,26:0.9681559653258799,27:0.15279970808723697,28:0.5413698258061392,29:0.767640923178526,30:0.5872429876547779,31:0.06379507915011129,32:0.7798685296577991,33:0.5289682310632642,34:0.7589722810652504,35:0.2487525696335946,36:0.4296452438031899,37:0.6564510640821819,38:0.5516569327164154,39:0.15164636058896253,40:0.8391279166937754} with alpha 42.0 and beta 168.0, percentage 19.71153846153846
The arm 14 has vector {0:0.23139315473353073,1:0.15769455018530187,2:0.47003854103129405,3:0.6219857943126522,4:0.31355748518304793,5:0.5853352896003841,6:0.5427112034782051,7:0.6242369965702493,8:0.4565913063351721,9:0.10000131913586185,10:0.769014846547576,11:0.9511185410645678,12:0.809950201353265,13:0.9470827186019793,14:0.3842244071699151,15:0.28801160649179436,16:0.7314301839042846,17:0.69849839328375,18:0.6347560090437505,19:0.568344687158959,20:0.01612249708320601,21:0.4014954915775286,22:0.6077580900959539,23:0.6054004021964842,24:0.13592726974322655,25:0.7093597867078781,26:0.9627573305026478,27:0.44028567054979373,28:0.6174527632023293,29:0.34611379110374674,30:0.15813318880980443,31:0.23896605828903106,32:0.9903714539073037,33:0.5057586690261301,34:0.3677028949130785,35:0.3604137176700737,36:0.5185139656506295,37:0.45688399206130326,38:0.5123803764338816,39:0.3239899453852555,40:0.5216615076188689} with alpha 6.0 and beta 50.0, percentage 9.25925925925926
The arm 15 has vector {0:0.8782372337852448,1:0.11256463722617771,2:0.5800155986042878,3:0.16702972900668756,4:0.06020486704511685,5:0.516358032342112,6:0.21905601391919938,7:0.7947554161094417,8:0.40723235581324013,9:0.19556073626600923,10:0.8391313486669978,11:0.9462401232570817,12:0.1341235556530489,13:0.19942182632897298,14:0.5336326635764436,15:0.5719334043426242,16:0.4213983737022029,17:0.8570507773395732,18:0.8615955368572873,19:0.04745271485456193,20:0.6928956488685666,21:0.7990279324370727,22:0.5935377891535717,23:0.6805828164844595,24:0.01775835124446068,25:0.00776359723981257,26:0.06194176614327196,27:0.22376014714917625,28:0.4206880904409691,29:0.4161297567762694,30:0.8245954168676315,31:0.8571400798175706,32:0.083721200655266,33:0.7711961541790701,34:0.21131940915117664,35:0.5431745698742372,36:0.3590938532777239,37:0.47729081745883506,38:0.5784582662989917,39:0.4766822964547175,40:0.5672800926043355} with alpha 15.0 and beta 84.0, percentage 14.432989690721648
The arm 16 has vector {0:0.7406154453341841,1:0.5106228513882204,2:0.9958827317788345,3:0.901317843215385,4:0.3778727931364516,5:0.8124450695586165,6:0.44006184516209,7:0.7704076294517317,8:0.6580507672620238,9:0.7518118702397274,10:0.4156751876844016,11:0.8426632274150865,12:0.48391862230912475,13:0.01436732270607799,14:0.8883642894253967,15:0.37883574441824897,16:0.7319459489435302,17:0.8998690853696079,18:0.46686194678314985,19:0.301292452391159,20:0.5845487695147809,21:0.38643847967804934,22:0.6301101888562624,23:0.6643706587447151,24:0.9186972667705675,25:0.5882413085637557,26:0.12970620232883923,27:3.5855242106197505E-4,28:0.36859766649344394,29:0.5254433819242572,30:0.015083770470554092,31:0.6042209273270084,32:0.10618244690662415,33:0.8873126976919592,34:0.9841483433203556,35:0.07238919580362835,36:0.8327163023239639,37:0.8561050479215416,38:0.5652786726298581,39:0.23390928670756428,40:0.13910565074869718} with alpha 10.0 and beta 66.0, percentage 12.162162162162163
The arm 17 has vector {0:0.9930924666233251,1:0.3584739076390411,2:0.15020332318781648,3:0.9120828452636353,4:0.5071906758346232,5:0.8712020122262191,6:0.856034474611622,7:0.7000148058729109,8:0.0197829645910923,9:0.24363134623733784,10:0.4917910584889119,11:0.11853053291277438,12:0.5393401453728122,13:0.8727010034455842,14:0.7378429877677353,15:0.1253822621204903,16:0.05894286750983868,17:0.9795883466461063,18:0.6264415411819158,19:0.7815768813646027,20:0.5790638022361888,21:0.5563792388539561,22:0.11871831370696062,23:0.012045340841885244,24:0.6795166384948979,25:0.45847181871585374,26:0.23152826453627828,27:0.45684147149292675,28:0.6420639354271832,29:0.3862140643164589,30:0.4580758214447008,31:0.3936550803829868,32:0.02492605989885821,33:0.48522006479538904,34:0.8722267566338286,35:0.8700928600087321,36:0.23502413334420458,37:0.5684864441688863,38:0.26233767731889657,39:0.024957530562712882,40:0.19379312608606503} with alpha 15.0 and beta 89.0, percentage 13.725490196078432
The arm 18 has vector {0:0.18586385000190575,1:0.9812672118188882,2:0.8320133469166114,3:0.9831839358851676,4:0.5823822198504178,5:0.14217773556983693,6:0.2234587346212955,7:0.10100241181370673,8:0.8443734745974559,9:0.5639314649237515,10:0.5386331754043998,11:0.15816663788563612,12:0.17461571861405867,13:0.9600111284312449,14:0.7291081865928153,15:0.592427793787114,16:0.010560624264378982,17:0.4294841210397383,18:0.11910879888745207,19:0.16646252820986518,20:0.3155334652651697,21:0.16790702356412535,22:0.5329098395691242,23:0.6588860662347655,24:0.9340367586457222,25:0.22105457222852432,26:0.6250743279482867,27:0.32732547968346626,28:0.2547902690893922,29:0.26694272698288046,30:0.2781961360332592,31:0.009788610939854059,32:0.8825280448097074,33:0.2828246992041705,34:0.25458159124596513,35:0.43955543981077405,36:0.04859866133077717,37:0.7476063455860754,38:0.8144745386403439,39:0.4414845663603172,40:0.31517028098573907} with alpha 19.0 and beta 105.0, percentage 14.754098360655737
The arm 19 has vector {0:0.9928813087314953,1:0.2456132077080001,2:0.4544345660979643,3:0.2849810693893402,4:0.354672652386807,5:0.2160039006468346,6:0.7159329557200557,7:0.5353958422280901,8:0.5368984578244802,9:0.3159798693607535,10:0.7753801117680764,11:0.6352658162111219,12:0.7078617012833672,13:0.5997262465490999,14:0.19090713237283263,15:0.036060062365655954,16:0.042528943984548095,17:0.8144190948921781,18:0.7742937003853981,19:0.06578154013645865,20:0.4659118629707779,21:0.17672563039980538,22:0.44037604629583105,23:0.19411579546631041,24:0.23337031516522455,25:0.9656609073987912,26:0.5298275481801314,27:0.10202520581498031,28:0.987877891539359,29:0.07435052801475361,30:0.029079649850306755,31:0.46993639527191133,32:0.7502725779424386,33:0.3832668344123791,34:0.3292822168998698,35:0.3469073680206277,36:0.6099337036531263,37:0.6267752496081592,38:0.6643258682380601,39:0.12007795538605526,40:0.7816154774678089} with alpha 29.0 and beta 133.0, percentage 17.5
The arm 20 has vector {0:0.19894518716673815,1:0.6735502259227578,2:0.14621443080776342,3:0.9420549796754915,4:0.11020225635898628,5:0.9346987821095151,6:0.7409363536537984,7:0.6085181050302596,8:0.8489865597842199,9:0.7909882008393413,10:0.9329672483776392,11:0.6383938728243759,12:0.07817870720739617,13:0.5913922459832966,14:0.8058421580424445,15:0.029696789477015595,16:0.8566745645012095,17:0.6310202592505032,18:0.7788748651642418,19:0.957853854250005,20:0.931409415182882,21:0.7260871169648687,22:0.33558016459111095,23:0.754801076184243,24:0.9500964843112992,25:0.6497451460927544,26:0.06578990089486714,27:0.27156453876692466,28:0.26950935108703833,29:0.6861246429305596,30:0.8094457173521727,31:0.22936210300269566,32:0.3866314191129264,33:0.9433703574918564,34:0.4043132588144912,35:0.4854225788737816,36:0.4557415326508577,37:0.1531799339566462,38:0.7305978948859162,39:0.06579285621279296,40:0.030510848895909715} with alpha 3.0 and beta 40.0, percentage 4.878048780487805
The arm 21 has vector {0:0.09047285699874774,1:0.5490553638758199,2:0.502411546606904,3:0.44592283625943785,4:0.8877844020233259,5:0.8740125067909941,6:0.18747267974318937,7:0.058750252078459964,8:0.9605943262722474,9:0.4448119283763783,10:0.36579932034832663,11:0.9022219726003466,12:0.7863973905675793,13:0.8618787563206228,14:0.41939715144028855,15:0.5241636794305734,16:0.6345455152692043,17:0.15700804060772533,18:0.8855036927800936,19:0.4290529880370755,20:0.34044618492708567,21:0.974299077839801,22:0.22859231697209648,23:0.5521996843299115,24:0.5156551205321133,25:0.5544235140401752,26:0.15871396282475225,27:0.00996175260132337,28:0.06515669523321743,29:0.18644099110092482,30:0.05464100847547526,31:0.35766105101740164,32:0.10728121369299415,33:0.883832949331374,34:0.4136942417439826,35:0.6340264570598804,36:0.5440089027485264,37:0.1972232512100469,38:0.4588290788411944,39:0.4709735579689348,40:0.3280330801364205} with alpha 3.0 and beta 36.0, percentage 5.405405405405405
The arm 22 has vector {0:0.8143315918919668,1:0.1368891635542231,2:0.5186903647046315,3:0.7036939759442012,4:0.5280172242484925,5:0.9320282832148017,6:0.8788145647005057,7:0.17406671008158459,8:0.5047561683083559,9:0.9471919519825253,10:0.3161356453849824,11:0.3369890814956251,12:0.04295346519064924,13:0.7911752205654766,14:0.1975846150620727,15:0.8353934817498546,16:0.6287096628290075,17:0.8687909982373085,18:0.9775961338743597,19:0.9245962195806193,20:0.6329605461521208,21:0.8757101149962283,22:0.34406815800204604,23:0.9036134369096426,24:0.1168142379764695,25:0.7920976542901159,26:0.7746641548931673,27:0.23993871854557414,28:0.32257466387594447,29:0.9668102259588871,30:0.3958464288658039,31:0.0530217666908438,32:0.1414998874160458,33:0.5822609913958393,34:0.72552164462808,35:0.25328282689306303,36:0.5700540185944107,37:0.9208284533711392,38:0.0898425741911365,39:0.21947713357895293,40:0.245860337060545} with alpha 10.0 and beta 70.0, percentage 11.538461538461538
The arm 23 has vector {0:0.3915524846163333,1:0.1794231447867013,2:0.29332083958364963,3:0.9827043580596835,4:0.3160744938551492,5:0.9445621089542079,6:0.7688463497008449,7:0.29391913308072215,8:0.41563037812068415,9:0.8064250582497214,10:0.6427173010656242,11:0.791744489012945,12:0.4448624245392456,13:0.4820540305028469,14:0.2574624107982445,15:0.15165911863311876,16:0.6175770169580254,17:0.39805656303083914,18:0.42127839744158313,19:0.4259304004828276,20:0.20449137624648772,21:0.6688660435792073,22:0.12706167821621672,23:0.16150898079767328,24:0.9224423667752722,25:0.8970478819844329,26:0.331822296811339,27:0.6321747004067053,28:0.2321159945188772,29:0.47279522942170216,30:0.666461370091223,31:0.8499084312634982,32:0.0016467947171739938,33:0.6384059257139767,34:0.377447262600103,35:0.4579275242660813,36:0.2784718719292357,37:0.7511429038582713,38:0.1614794822102702,39:0.635967048601352,40:0.18179084616002916} with alpha 1.0 and beta 28.0, percentage 0.0
The arm 24 has vector {0:0.7222192522962254,1:0.09337120545116295,2:0.19618679833502228,3:0.311086696148535,4:0.9696463023301009,5:0.0669302449450846,6:0.5411217194634174,7:0.8298749097688305,8:0.294700866271313,9:0.44981839440637816,10:0.3771033360259668,11:0.7692180386129174,12:0.007091570701798777,13:0.4777594835495348,14:0.21948300711717827,15:0.2278076365195305,16:0.2528891668791423,17:0.975439047709642,18:0.9468008810698946,19:0.6832278396818872,20:0.41409810532936064,21:0.4141614933774921,22:0.88510177238201,23:0.3391071859863918,24:0.33998831547204633,25:0.2180831227704415,26:0.39181147537714045,27:0.7391356697034871,28:0.07917295588205842,29:0.86300438513908,30:0.6041498858253643,31:0.06532504947532447,32:0.21560903934209863,33:0.663241643945801,34:0.3020112526562151,35:0.6208748274344993,36:0.9844552244727729,37:0.16777338602271863,38:0.5442546045763019,39:0.2970322298316581,40:0.9275168135155404} with alpha 12.0 and beta 73.0, percentage 13.253012048192772
The arm 25 has vector {0:0.024424707468144402,1:0.7064048738915049,2:0.9204139035399247,3:0.4361393921412309,4:0.632742339780419,5:0.7962901919771055,6:0.03841126288402752,7:0.375653624709108,8:0.1871251196138899,9:0.6374954293334352,10:0.9112312596758355,11:0.37543359308837376,12:0.3989433135760352,13:0.9354138467701746,14:0.8361435471687706,15:0.0734870930821444,16:0.3912861277019608,17:0.8497794242464536,18:0.9956332057553124,19:0.5062614511184258,20:0.4253356270147646,21:0.9899855026156003,22:0.03555194990956334,23:0.7674751841331185,24:0.018438096992113406,25:0.5273660828681215,26:0.6244994238423458,27:0.7131714900549494,28:0.05946907111228705,29:0.9720318116335033,30:0.49473454437077213,31:0.9675500885366901,32:0.4814047941949412,33:0.3906365752146519,34:0.7793168783734917,35:0.1612392985582327,36:0.31275678134188134,37:0.8272874970701014,38:0.6590646815606629,39:0.6741825324473618,40:0.16737230316757556} with alpha 2.0 and beta 30.0, percentage 3.3333333333333335
The arm 26 has vector {0:0.3161903679362422,1:0.6219619292682108,2:0.24858814995910683,3:0.7101937337263234,4:0.8541459326827503,5:0.4846685569792145,6:0.7559913816984087,7:0.8407480804897011,8:0.787099934886886,9:0.5765321217740774,10:0.2779230377899061,11:0.3537343785871099,12:0.5497227437058699,13:0.08272260128704556,14:0.029132171799199358,15:0.24265562886938963,16:0.571754488429714,17:0.11053936054553792,18:0.6704076698200615,19:0.1733381771834709,20:0.8194698839105757,21:0.09369945226431498,22:0.035587664350213766,23:0.7350420309227429,24:0.7558898365556624,25:0.6634598257617121,26:0.9791585766637289,27:0.6041155147917328,28:0.1782937031573515,29:0.0433772365281363,30:0.7157491738754054,31:0.6953258587977988,32:0.07986654500441082,33:0.927586959290529,34:0.9914558995550966,35:0.10268492787252992,36:0.7273106257088956,37:0.827452077186976,38:0.7728075319794736,39:0.36587845017297327,40:0.895995476455187} with alpha 10.0 and beta 66.0, percentage 12.162162162162163
The arm 27 has vector {0:0.2245846297059222,1:0.6799614757853212,2:0.16516178111484103,3:0.9755779436992706,4:0.8222608359366523,5:0.37055865121176956,6:0.41756646317332646,7:0.5795106696051018,8:0.03073625548075254,9:0.3977524811428558,10:0.49961493950616376,11:0.6347460592794151,12:0.7504607386777606,13:0.41535707342573613,14:0.07655264597778833,15:0.302723481011276,16:0.5221001527261131,17:0.21259125199102724,18:0.6873388076038904,19:0.6574819820833138,20:0.9839743384762295,21:0.46420984164985934,22:0.48681369532308494,23:0.6171620364224822,24:0.7846883146590857,25:0.770418441681783,26:0.6989992095764923,27:0.4427514497210282,28:0.3034702607705194,29:0.5755072297632229,30:0.8784922762534975,31:0.33154221117893956,32:0.0022832095188372037,33:0.916949135108037,34:0.7648761006333477,35:0.16904515970808132,36:0.5183715709254694,37:0.34165950764578745,38:0.3195082038683358,39:0.16344092737069593,40:0.25952847627436026} with alpha 23.0 and beta 127.0, percentage 14.864864864864865
The arm 28 has vector {0:0.7904109898623536,1:0.23894811861994714,2:0.8531299714396092,3:0.7765071913965325,4:0.49138215199170965,5:0.7385134456532794,6:0.09873727885115913,7:0.3958720981110182,8:0.7855295031714149,9:0.22504718692564296,10:0.9931844460845797,11:0.7281505275044543,12:0.8708522306471451,13:0.251903246236846,14:0.9240359833471851,15:0.8553080369400229,16:0.4365187902729596,17:0.0304690692595474,18:0.7741982400896278,19:0.44848191002166826,20:0.07751041115421509,21:0.7091607034952758,22:0.16987384358176238,23:0.9108100957191263,24:0.6059913161328344,25:0.30067146666736233,26:0.029873553969609556,27:0.9636915000825544,28:0.9835399560186636,29:0.6097348662749165,30:0.8726012419888579,31:0.7317729399181051,32:0.01000693434833222,33:0.28825936710553446,34:0.7172031843869051,35:0.371524861437332,36:0.43257283069275687,37:0.9438373151269402,38:0.7411191946522424,39:0.5966042741721604,40:0.11764071981539348} with alpha 6.0 and beta 51.0, percentage 9.090909090909092
The arm 29 has vector {0:0.9892681406924116,1:0.47479338145294225,2:0.8339657364702429,3:0.8955076153847634,4:0.19864863330308036,5:0.5032104755250416,6:0.7842388576013549,7:0.011189464457955212,8:0.2200423325306673,9:0.5486792412622452,10:0.6780731994827769,11:0.8379349619112311,12:0.9024671168698877,13:0.32392981131540055,14:0.3591946911174172,15:0.623381316486515,16:0.0910186631427734,17:0.49265774213449964,18:0.26575610144862927,19:0.7975688785366298,20:0.13549351672993237,21:0.7666810126501653,22:0.793333381228986,23:0.14621696485523483,24:0.8409498384809363,25:0.8548304547660768,26:0.5233411838537794,27:0.10085790919825821,28:0.346739658687896,29:0.12510806628522997,30:0.521597412684189,31:0.015375224692432132,32:0.19969278491989984,33:0.3908797714923131,34:0.5903392311617389,35:0.8630394664169984,36:0.48273884578499404,37:0.0865510031121074,38:0.7996098327560508,39:0.3614845845882184,40:0.6241868724230549} with alpha 11.0 and beta 57.0, percentage 15.151515151515152
The arm 30 has vector {0:0.6193664630941489,1:0.6395968726142065,2:0.5542376935071658,3:0.29949112347900564,4:0.3290276613715456,5:0.37812638336487425,6:0.6232209482723745,7:0.05112774240038165,8:0.2645344443025146,9:0.07337144760513414,10:0.10799192362176557,11:0.23920662001397996,12:0.2852951793402857,13:0.48349629756321266,14:0.3972109968135915,15:0.3414706869593598,16:0.27858119595598085,17:0.0511127086612565,18:0.5010431724889277,19:0.6453349461329589,20:0.06348367611009753,21:0.7384320434470331,22:0.6737564357308556,23:0.2949655107888052,24:0.6953326115649767,25:0.44908876220379457,26:0.640911744824973,27:0.576870129874994,28:0.8933887105946062,29:0.4120571052437375,30:0.669179287570882,31:0.3199265189911148,32:0.12213014371359043,33:0.28284640513001114,34:0.27558841733253625,35:0.5740979743163775,36:0.10742779808053626,37:0.24154830152150508,38:0.35876803741454144,39:0.9815269811208694,40:0.61967300139654} with alpha 5.0 and beta 41.0, percentage 9.090909090909092
The arm 31 has vector {0:0.6584296538368263,1:0.5619040102452341,2:0.4724054545869085,3:0.19337155923188665,4:0.19651870777506286,5:0.4107809427340683,6:0.2592030399958999,7:0.5680644018832066,8:0.5156764691245952,9:0.4459165414978107,10:0.3625205312976073,11:0.7245504147070505,12:0.9469660284123843,13:0.06312959106329519,14:0.3086872530173952,15:0.7053049253361752,16:0.07932879288874894,17:0.5179610114799524,18:0.024384770298733538,19:0.5806437785386293,20:0.2857063623820585,21:0.49648303920047254,22:0.37853126558712935,23:0.6768984378775134,24:0.45382359154658647,25:0.9346532699522646,26:0.1596214024360767,27:0.5260427951915532,28:0.13629374039242803,29:0.17461557035711583,30:0.956310720964321,31:0.5910242058738227,32:0.5017354963161027,33:0.296068756804148,34:0.4165535977094794,35:0.8198273940624999,36:0.8157011468545243,37:0.889203452669162,38:0.7823824231548285,39:0.5927572495165422,40:0.46159026788706947} with alpha 4.0 and beta 42.0, percentage 6.8181818181818175
The arm 32 has vector {0:0.10305500350511099,1:0.09127414213663243,2:0.020017716878837688,3:0.9508019008066408,4:0.7258201499442312,5:0.7028682380649732,6:0.39526959513051907,7:0.7077623808273319,8:0.8359835657976109,9:0.98405382199286,10:0.026340389634871175,11:0.4580949178865441,12:0.20330999164124597,13:0.005729301538203169,14:0.6539733464646444,15:0.9688073900440038,16:0.2384467909931821,17:0.18613088460192684,18:0.41187027591104974,19:0.8196664988890282,20:0.6846008885081608,21:0.07124053967272181,22:0.46073524511206465,23:0.4313626448095579,24:0.7025120395377082,25:0.511622954285576,26:0.8739580018889229,27:0.1845573398656709,28:0.19806731411956935,29:0.14480305274228267,30:0.6530990572865097,31:0.23194198662274212,32:0.7464071113234682,33:0.9241177028377496,34:0.9464476185381021,35:0.09257495482868738,36:0.32926163567229094,37:0.7704979496533078,38:0.05572410661144567,39:0.9137554531401735,40:0.5722925020081236} with alpha 3.0 and beta 36.0, percentage 5.405405405405405
The arm 33 has vector {0:0.2600950390337875,1:0.9588811224865501,2:0.5337834479806818,3:0.5058380233527244,4:0.5822346092068335,5:0.6099318428098968,6:0.24130246308123127,7:0.40245432777293333,8:0.649104811548195,9:0.0184885257654146,10:0.0183208149653471,11:0.37360073273828365,12:0.9849757362232184,13:0.5525536921370031,14:0.721768089340532,15:0.29083405080493374,16:0.9514285866167118,17:0.989480363519399,18:0.78198221840205,19:0.7650889504586695,20:0.9234056307915491,21:0.44980604551494474,22:0.3348825695384835,23:0.498671402430639,24:0.9723619944008465,25:0.7314571889792854,26:0.402264218888823,27:0.9587395407460534,28:0.043010601498384315,29:0.4487635128766311,30:0.2613629459161778,31:0.8171613902745322,32:0.48121837665125433,33:0.9909718985188964,34:0.44850904261070457,35:0.6941208188354665,36:0.9820251177512404,37:0.03789626931578416,38:0.11157258451646046,39:0.19922105784257038,40:0.3593405766270663} with alpha 1.0 and beta 23.0, percentage 0.0
The arm 34 has vector {0:0.4919875620904042,1:0.7800674833845261,2:0.01603048362857329,3:0.8622068223866526,4:0.2220074031279866,5:0.5824124877541302,6:0.7970577285617472,7:0.9381424950678746,8:0.20566356777969264,9:0.7245516352782104,10:0.3652383981537918,11:0.29111148499079365,12:0.43454609783397746,13:0.22911239220407909,14:0.17763647682649397,15:0.8659214773894925,16:0.11172659902275073,17:0.7090102352357701,18:0.45600850798846937,19:0.2664906645998799,20:0.32902736188924575,21:0.8190379950068996,22:0.8300915836590596,23:0.07745073511364597,24:0.3403080133508387,25:0.49813834653477074,26:0.30877653695026974,27:0.43364746158564316,28:0.7879310524357883,29:0.31641640045110964,30:0.9661217758671776,31:0.5686731591332537,32:0.38470224229693717,33:0.9875313954339041,34:0.8114149859714739,35:0.5713527627729668,36:0.7083014075041354,37:0.5579302411673364,38:0.7026510306740494,39:0.09685371037053414,40:0.2873874257313521} with alpha 35.0 and beta 148.0, percentage 18.784530386740332
The arm 35 has vector {0:0.19206233248083404,1:0.962558096958475,2:0.4014645952190561,3:0.7352266228882842,4:0.3688718937976897,5:0.998072913312035,6:0.04189486850112156,7:0.6395968022444113,8:0.7471228511746714,9:0.14867138250616718,10:0.24234136450600718,11:0.2921292769873268,12:0.8442015123278201,13:0.9453450330835418,14:0.4773938893531745,15:0.7972193576119982,16:0.08990121694873587,17:0.5325006750295069,18:0.8063913962575006,19:0.6768075590257694,20:0.03483152127958522,21:0.8732285812937368,22:0.08485086167970546,23:0.8986944518862046,24:0.47917070171323195,25:0.21046875660894482,26:0.8015074024220702,27:0.3177004992816378,28:0.18699111156866566,29:0.20686445497670947,30:0.8663339502062256,31:0.596042579953585,32:0.12391864049545742,33:0.6031100195607314,34:0.3383503000102275,35:0.7203993934639736,36:0.09453134863527568,37:0.31158324135118565,38:0.6531273326502253,39:0.9791268507871052,40:0.7222223508122565} with alpha 2.0 and beta 33.0, percentage 3.0303030303030303
The arm 36 has vector {0:0.22391783062533088,1:0.2165895136830669,2:0.6426408854968456,3:0.045508498383700746,4:0.6271066263362634,5:0.3488692487736861,6:0.3133926822813421,7:0.766466826674529,8:0.9015126643455104,9:0.031826194958967435,10:0.5655999892946446,11:0.08802418544515811,12:0.9195087442922282,13:0.33375083145356,14:0.1353152791858072,15:0.3961596346527888,16:0.5171576405516372,17:0.13242189215583466,18:0.041920990776104894,19:0.5907790130678244,20:0.5621165742504833,21:0.9665968801999051,22:0.05159106691067761,23:0.6765367729888709,24:0.8428010774957229,25:0.8358500764553313,26:0.1147821933972708,27:0.5608041163911456,28:0.6084264191299209,29:0.57811107000571,30:0.3828036386756821,31:0.9576238442222398,32:0.46420039691117176,33:0.03164284623557401,34:0.9456527314064337,35:0.13921685062174738,36:0.4854773160068162,37:0.033863785577624705,38:0.05075104884435855,39:0.07064228084622226,40:0.8023339919548768} with alpha 78.0 and beta 299.0, percentage 20.533333333333335
The arm 37 has vector {0:0.8443674454781508,1:0.3844784346761503,2:0.31473439317410545,3:0.0675848205727515,4:0.9079879501754564,5:0.039115904145855196,6:0.13983427589186292,7:0.23619988924960378,8:0.44973761254966027,9:0.05346213630312169,10:0.31711889131562276,11:0.29531841279542614,12:0.5010536215611063,13:0.16192248683888555,14:0.3966642837162575,15:0.889699803221387,16:0.4494343979017694,17:0.46793588886023785,18:0.29667959554215106,19:0.8106692672955852,20:0.1808506643738862,21:0.6313916229670282,22:0.9808786041688656,23:0.11920843505223333,24:0.668237608427053,25:0.08166035202014332,26:0.274164064501368,27:0.4336525607132381,28:0.45274856394959895,29:0.8801929444502449,30:0.33545307600870355,31:0.8267586349253293,32:0.7733219338622397,33:0.9682919366135789,34:0.418716673137676,35:0.729857184257349,36:0.8537874362513974,37:0.6290009485573479,38:0.791980170885377,39:0.7777029638527759,40:0.7001910105715261} with alpha 36.0 and beta 167.0, percentage 17.412935323383085
The arm 38 has vector {0:0.750349424448424,1:0.047615508873766754,2:0.19461529889785878,3:0.15162604444286565,4:0.6994424404225535,5:0.1283961814574266,6:0.9252901524749714,7:0.5194971182186254,8:0.6158049287311582,9:0.8273481149149721,10:0.21235679621266057,11:0.3864157189856161,12:0.42194526784487196,13:0.48656920265328574,14:0.9716412940420909,15:0.3892219781665669,16:0.30597789805036,17:0.42187291868389765,18:0.394117819391146,19:0.5573272358484936,20:0.04371950439091499,21:0.7072934084856124,22:0.4599124982326602,23:0.5099900803916086,24:0.061574264592195616,25:0.2595196240096751,26:0.8707375677850248,27:0.7396476787392837,28:0.36063067823255546,29:0.42593871730731836,30:0.7930092621378331,31:0.891719550638241,32:0.9711204469392701,33:0.5717780412119101,34:0.5947283985625221,35:0.7931884564961338,36:0.6003939219072539,37:0.21480289214086568,38:0.8996020932237296,39:0.7650564364712831,40:0.15370048440921547} with alpha 59.0 and beta 244.0, percentage 19.269102990033225
The arm 39 has vector {0:0.24986791601538272,1:0.9984437532585717,2:0.7698513860636471,3:0.8407566557847962,4:0.22713912310333084,5:0.037475350805804775,6:0.12806767252978735,7:0.8183756860103198,8:0.10107843537682915,9:0.8856858106467458,10:0.5402002475171626,11:0.32820068518265055,12:0.08935753772969601,13:0.6716971778241592,14:0.6848705215652798,15:0.8772414042906865,16:0.45879624281458575,17:0.08303483498475861,18:0.9555590969772402,19:0.2092149965248986,20:0.5613887889864888,21:0.5168996691199856,22:0.7823721303321143,23:0.22604121860852577,24:0.2350198910677379,25:0.053317558712856816,26:0.5953903048712107,27:0.18349226894010517,28:0.6916119793966549,29:0.8143939784836097,30:0.9593190680291485,31:0.5801482116955753,32:0.22811638078768415,33:0.7784990781577757,34:0.6128148941591711,35:0.49845319546871525,36:0.38451338212358066,37:0.3526704323896416,38:0.40139335186055036,39:0.27844264053641976,40:0.4619393912043763} with alpha 10.0 and beta 69.0, percentage 11.688311688311687
The arm 40 has vector {0:0.03848986838876767,1:0.553435234328634,2:0.9450046001837423,3:0.5962559726820736,4:0.666831319563695,5:0.22520798824021837,6:0.002848577159598409,7:0.8464801162332222,8:0.4879146455009139,9:0.4535229746305647,10:0.6017305481459356,11:0.9048381981825346,12:0.8084039640640741,13:0.14104284162911185,14:0.492286352212001,15:0.008711316644797629,16:0.5426200396098734,17:0.5408265141511847,18:0.6308459432169529,19:0.5892816977883013,20:0.7593203421915152,21:0.5052387717509311,22:0.9946162823508479,23:0.8016149499938003,24:0.1724580121417103,25:0.820419858551004,26:0.37767919763407753,27:0.4579668572528487,28:0.5686310312031717,29:0.2760746060555189,30:0.6128095276409029,31:0.49300516240720793,32:0.8703034684170484,33:0.7507974564852538,34:0.6260652247437599,35:0.16851486549395855,36:0.7888456961936118,37:0.5818985108814433,38:0.44177069094336585,39:0.048076697325116324,40:0.6319688938041671} with alpha 36.0 and beta 141.0, percentage 20.0
The arm 41 has vector {0:0.08507159388531282,1:0.4685766023874528,2:0.006503759903168205,3:0.6567536121933629,4:0.45011107787054827,5:0.05949013783980017,6:0.6317885081650786,7:0.4369437231168707,8:0.9372037165664953,9:0.6251850877857631,10:0.5995399441146085,11:0.8779427833382296,12:0.2294016735384582,13:0.6507763375331953,14:0.7778184286352023,15:0.653263897119283,16:0.9870050532232804,17:0.692514791740966,18:0.12365128510293832,19:0.2001898251230485,20:0.645320266433862,21:0.2689689675329099,22:0.6009806859391892,23:0.1645029850526354,24:0.006870977007406132,25:0.34973842734949645,26:0.7570979014837314,27:0.11170704603249904,28:0.11233089440425692,29:0.9563538612241171,30:0.5040482392118842,31:0.1930693745630433,32:0.19400314364530769,33:0.6085483295126892,34:0.6446910747697319,35:0.08043978484282532,36:0.8973774039688693,37:0.5487846571631289,38:0.950015265011877,39:0.42148699044450955,40:0.8140096720093523} with alpha 17.0 and beta 99.0, percentage 14.035087719298245
The arm 42 has vector {0:0.1195213306544991,1:0.366618237643603,2:0.08341828816665209,3:0.9711975647599036,4:0.22788286296536808,5:0.1921318248822773,6:0.2552108604540473,7:0.7134263814592074,8:0.27382189062425977,9:0.339531490982545,10:0.08261059384267899,11:0.7047055493974337,12:0.8064802375420392,13:0.22826581442628002,14:0.8576034342843432,15:0.4996047798322121,16:0.4238120090306198,17:0.4969809229654586,18:0.2554572214358879,19:0.5815402265803447,20:0.4006851407274914,21:0.3126843893508633,22:0.7141161294521217,23:0.6067431828390906,24:0.26752033150380916,25:0.6512035320214822,26:0.262501438275867,27:0.5393278525160191,28:0.5110847259856501,29:0.9574086796748069,30:0.8401809602660792,31:0.7848603907287939,32:0.5419579598225109,33:0.37605164618723785,34:0.7345654201257907,35:0.5912701996656767,36:0.6880100704469552,37:0.6915897009253412,38:0.8181364964446404,39:0.55314828607008,40:0.08208557110841685} with alpha 101.0 and beta 373.0, percentage 21.1864406779661
The arm 43 has vector {0:0.9227885082293816,1:0.6007723727525025,2:0.3098102983595644,3:0.958243023778657,4:0.9026547199262565,5:0.27344037689947265,6:0.8855754765102017,7:0.3519643875042364,8:0.7811305513581962,9:0.5263187630647528,10:0.2300760834918486,11:0.42320308819727004,12:0.6601848804287973,13:0.24119344477355442,14:0.12334410879392121,15:0.004191233605849165,16:0.5438029787132156,17:0.7397485209990433,18:0.46724320696350796,19:0.6740336551955597,20:0.19123292549189153,21:0.588842086061641,22:0.47992532811527067,23:0.5580427120094925,24:0.9149555091412214,25:0.03428070421733065,26:0.3670260766587695,27:0.6176277462475488,28:0.48512782196455373,29:0.13782638396437374,30:0.747388204406152,31:0.7290937215675444,32:0.9225684552157426,33:0.541868969225801,34:0.6469475092174111,35:0.1930619518567036,36:0.19814814968434358,37:0.5196008238755778,38:0.9929550272691361,39:0.5628986483715723,40:0.4660544755440714} with alpha 14.0 and beta 80.0, percentage 14.130434782608695
The arm 44 has vector {0:0.6501489969810609,1:0.20879151777174831,2:0.9351765148188195,3:0.49050572934786807,4:0.13036762788123568,5:0.3675258680107858,6:0.8681038506841522,7:0.9185382032788966,8:0.019478477413842676,9:0.40614096641289377,10:0.5150197740624659,11:0.5985885605160283,12:0.5184444171073976,13:0.04481076139948814,14:0.4974181531262539,15:0.18040464218687613,16:0.1524416890913054,17:0.8567529926615642,18:0.2981265337034338,19:0.050244524203048035,20:0.9837109508291652,21:0.8478471031137353,22:0.4130363919751391,23:0.5792373822154476,24:0.10945815936476522,25:0.4493496583293696,26:0.33884738295875305,27:0.9823008282460016,28:0.7378885635899515,29:0.7038432039774889,30:0.5042312559131643,31:0.6654717270131464,32:0.35803124824924315,33:0.6471379441236722,34:0.8263952594613935,35:0.5613425186746882,36:0.6644061622577706,37:0.6548536836313978,38:0.8323910156947265,39:0.01713815117381401,40:0.25499156486718333} with alpha 49.0 and beta 213.0, percentage 18.461538461538463
The arm 45 has vector {0:0.1846606491605477,1:0.5202097091124702,2:0.10314159017102142,3:4.2909193772366905E-5,4:0.32636345396665756,5:0.9785256314622288,6:0.9258057731444628,7:0.9267627680740493,8:0.09596186725902311,9:0.607643443346684,10:0.6181778710396794,11:0.5920704346233951,12:0.8025323359854681,13:0.31398760951077775,14:0.4270527754611618,15:0.4259208956395324,16:0.5275106075966907,17:0.8907673305938811,18:0.3512579015407362,19:0.12422193473565257,20:0.13880657906321348,21:0.6015832082098499,22:0.08919258501675786,23:0.07369086311549577,24:0.5030174813141325,25:0.5833024014155445,26:0.6214354076470663,27:0.0635355376930864,28:0.39885324695888014,29:0.31212831287682774,30:0.9030577304205853,31:0.06388395182971474,32:0.06180926964048716,33:0.7419384956646928,34:0.9240034626063626,35:0.8764254882365003,36:0.6925888181610909,37:0.7170283529072887,38:0.9581603064840275,39:0.5320204636383329,40:0.8551122272352859} with alpha 7.0 and beta 47.0, percentage 11.538461538461538
The arm 46 has vector {0:0.08736644607277622,1:0.671870398797301,2:0.08494858604317124,3:0.1824387219898972,4:0.8362720364014805,5:0.3712838506289635,6:0.3236235145954214,7:0.3622192097550422,8:0.42961352452760804,9:0.6596822636330738,10:0.18873915790912876,11:0.334614541188748,12:0.8535270213586265,13:0.3612208141258202,14:0.03107813913095059,15:0.9256667099660812,16:0.9859760727711482,17:0.05289221436239999,18:0.38218167897307487,19:0.903889255408553,20:0.0380722287502715,21:0.2976588885272802,22:0.17358913483883454,23:0.47938945022902957,24:0.1751028259141003,25:0.8430259054723956,26:0.2546755070354505,27:0.6948672577446047,28:0.5258240938988543,29:0.3082145040371427,30:0.007814979745776607,31:0.14053771632116852,32:0.7552535257371539,33:0.46869531013487875,34:0.21332052270954405,35:0.3477565318036322,36:0.5152220959829646,37:0.30840413575351866,38:0.7755917795713612,39:0.8253168882183777,40:0.5901038778308427} with alpha 3.0 and beta 38.0, percentage 5.128205128205128
The arm 47 has vector {0:0.6206098676692104,1:0.14503950784342512,2:0.36497084189303,3:0.5235160376004219,4:0.10365965316936687,5:0.2875373685344216,6:0.23509721091734104,7:0.5532196555299916,8:0.5631117722870406,9:0.8872031899714339,10:0.5644176707442026,11:0.7547092522849234,12:0.7847721341332966,13:0.44661997347105886,14:0.354281518740018,15:0.8411828537098098,16:0.04006469962821302,17:0.6005096237774274,18:0.6015010079908534,19:0.6775628011942847,20:0.5699042181054341,21:0.3621077598863566,22:0.28577493289584877,23:0.8559941551179071,24:0.9300373710773993,25:0.3818911799349729,26:0.5126904268733214,27:0.7165461919748735,28:0.9628907052179979,29:0.8070355952354701,30:0.5905056101994732,31:0.15742454092016156,32:0.7437267377941964,33:0.38244724472314917,34:0.10136634857414006,35:0.5679409610747991,36:0.5078143072358452,37:0.8281267286398492,38:0.47420775463664355,39:0.3009920440519609,40:0.33590760733260405} with alpha 16.0 and beta 93.0, percentage 14.018691588785046
The arm 48 has vector {0:0.24218476985552562,1:0.647028282437392,2:0.9173436063110347,3:0.40075663065785905,4:0.33323943854720217,5:0.0352484752008807,6:0.2629017283305677,7:0.26052002187053014,8:0.4848555891271249,9:0.13398872340002133,10:0.8851305061804895,11:0.706869897201886,12:0.6302849459823515,13:0.13773969003960118,14:0.9583381717560099,15:0.2822082667274426,16:0.4363386223751985,17:0.018123500496500133,18:0.49160831358195245,19:0.3288997561066187,20:0.8082075808657428,21:0.36800832232881575,22:0.230477369497319,23:0.07901885504771544,24:0.32830225103261645,25:0.5023579955742016,26:0.7180677666129726,27:0.0998654245663726,28:0.7739839764986045,29:0.11838193043210077,30:0.9545376430819204,31:0.7236057059711558,32:0.8622226580634592,33:0.09626738111105648,34:0.10197260693546029,35:0.09257437080531916,36:0.27115408288455956,37:0.21212601003829,38:0.547181439244934,39:0.004239586470898282,40:0.06554943016190695} with alpha 78.0 and beta 322.0, percentage 19.34673366834171
The arm 49 has vector {0:0.7183980971811763,1:0.08016777684063514,2:0.954718704214447,3:0.46723596318607186,4:0.09240172554572923,5:0.3739883342353466,6:0.2681979886104572,7:0.6609075624621856,8:0.010681185421812844,9:0.6044884736923961,10:0.9512906832268265,11:0.5046179858778814,12:0.5797062553978436,13:0.562779250102461,14:0.12477057611297382,15:0.33954581439169507,16:0.3512659000551914,17:0.8622382962612428,18:0.52608273829295,19:0.3110141947909236,20:0.4221916556134311,21:0.019012629016986415,22:0.24697029681801042,23:0.24821901865133233,24:0.8914024599653827,25:0.5982215675067429,26:0.8562317115430808,27:0.8611143349346353,28:0.07032233691928758,29:0.9991473799576611,30:0.34398530004775674,31:0.260592435820025,32:0.6147856505135548,33:0.4665985450916542,34:0.464611064586548,35:0.08974616064242202,36:0.7488060035580847,37:0.8087646729526388,38:0.3764360595537175,39:0.278857494670371,40:0.2935175738796717} with alpha 10.0 and beta 68.0, percentage 11.842105263157894
The best arm is 42 with vector {0:0.1195213306544991,1:0.366618237643603,2:0.08341828816665209,3:0.9711975647599036,4:0.22788286296536808,5:0.1921318248822773,6:0.2552108604540473,7:0.7134263814592074,8:0.27382189062425977,9:0.339531490982545,10:0.08261059384267899,11:0.7047055493974337,12:0.8064802375420392,13:0.22826581442628002,14:0.8576034342843432,15:0.4996047798322121,16:0.4238120090306198,17:0.4969809229654586,18:0.2554572214358879,19:0.5815402265803447,20:0.4006851407274914,21:0.3126843893508633,22:0.7141161294521217,23:0.6067431828390906,24:0.26752033150380916,25:0.6512035320214822,26:0.262501438275867,27:0.5393278525160191,28:0.5110847259856501,29:0.9574086796748069,30:0.8401809602660792,31:0.7848603907287939,32:0.5419579598225109,33:0.37605164618723785,34:0.7345654201257907,35:0.5912701996656767,36:0.6880100704469552,37:0.6915897009253412,38:0.8181364964446404,39:0.55314828607008,40:0.08208557110841685} with alpha 101.0 and beta 373.0, percentage 21.1864406779661
The right guesses are: 968 which means 16.133333333333333% correct
Done
The current arm is 42 with vector {0:0.1195213306544991,1:0.366618237643603,2:0.08341828816665209,3:0.9711975647599036,4:0.22788286296536808,5:0.1921318248822773,6:0.2552108604540473,7:0.7134263814592074,8:0.27382189062425977,9:0.339531490982545,10:0.08261059384267899,11:0.7047055493974337,12:0.8064802375420392,13:0.22826581442628002,14:0.8576034342843432,15:0.4996047798322121,16:0.4238120090306198,17:0.4969809229654586,18:0.2554572214358879,19:0.5815402265803447,20:0.4006851407274914,21:0.3126843893508633,22:0.7141161294521217,23:0.6067431828390906,24:0.26752033150380916,25:0.6512035320214822,26:0.262501438275867,27:0.5393278525160191,28:0.5110847259856501,29:0.9574086796748069,30:0.8401809602660792,31:0.7848603907287939,32:0.5419579598225109,33:0.37605164618723785,34:0.7345654201257907,35:0.5912701996656767,36:0.6880100704469552,37:0.6915897009253412,38:0.8181364964446404,39:0.55314828607008,40:0.08208557110841685} with alpha 131.0 and beta 533.0
The order information:
Date: 2012-05-09T17:07:05.000+02:00
It predicted these items for order 1778911 :
   31560 with score of 1.3176635616343795
   752 with score of 0.810372444374093
   27900 with score of 0.6981436087177123
   748 with score of 0.6750988790783686
   23467 with score of 0.5892912696684404
   31553 with score of 0.5851762770604283
   1663 with score of 0.5571263550147443
   572 with score of 0.5569455251698119
   23469 with score of 0.5461679626856756
   1693 with score of 0.5395360185021445
These are the actual items bought: 
   11832
   30233
The current arm is 42 with vector {0:0.1195213306544991,1:0.366618237643603,2:0.08341828816665209,3:0.9711975647599036,4:0.22788286296536808,5:0.1921318248822773,6:0.2552108604540473,7:0.7134263814592074,8:0.27382189062425977,9:0.339531490982545,10:0.08261059384267899,11:0.7047055493974337,12:0.8064802375420392,13:0.22826581442628002,14:0.8576034342843432,15:0.4996047798322121,16:0.4238120090306198,17:0.4969809229654586,18:0.2554572214358879,19:0.5815402265803447,20:0.4006851407274914,21:0.3126843893508633,22:0.7141161294521217,23:0.6067431828390906,24:0.26752033150380916,25:0.6512035320214822,26:0.262501438275867,27:0.5393278525160191,28:0.5110847259856501,29:0.9574086796748069,30:0.8401809602660792,31:0.7848603907287939,32:0.5419579598225109,33:0.37605164618723785,34:0.7345654201257907,35:0.5912701996656767,36:0.6880100704469552,37:0.6915897009253412,38:0.8181364964446404,39:0.55314828607008,40:0.08208557110841685} with alpha 329.0 and beta 1335.0
The order information:
Date: 2012-05-10T17:54:43.000+02:00
It predicted these items for order 1779917 :
   31560 with score of 2.0593561373276574
   5003 with score of 1.6804689540069546
   752 with score of 1.5865842847882545
   21714 with score of 1.5281347628179198
   31774 with score of 1.5264783059151381
   23390 with score of 1.5028230019333422
   29669 with score of 1.482084996788489
   9441 with score of 1.473820529467314
   31290 with score of 1.4646703964447343
   31871 with score of 1.4646703964447343
These are the actual items bought: 
   30342
   23374
   32289
The current arm is 42 with vector {0:0.1195213306544991,1:0.366618237643603,2:0.08341828816665209,3:0.9711975647599036,4:0.22788286296536808,5:0.1921318248822773,6:0.2552108604540473,7:0.7134263814592074,8:0.27382189062425977,9:0.339531490982545,10:0.08261059384267899,11:0.7047055493974337,12:0.8064802375420392,13:0.22826581442628002,14:0.8576034342843432,15:0.4996047798322121,16:0.4238120090306198,17:0.4969809229654586,18:0.2554572214358879,19:0.5815402265803447,20:0.4006851407274914,21:0.3126843893508633,22:0.7141161294521217,23:0.6067431828390906,24:0.26752033150380916,25:0.6512035320214822,26:0.262501438275867,27:0.5393278525160191,28:0.5110847259856501,29:0.9574086796748069,30:0.8401809602660792,31:0.7848603907287939,32:0.5419579598225109,33:0.37605164618723785,34:0.7345654201257907,35:0.5912701996656767,36:0.6880100704469552,37:0.6915897009253412,38:0.8181364964446404,39:0.55314828607008,40:0.08208557110841685} with alpha 545.0 and beta 2119.0
The order information:
Date: 2012-05-11T22:39:32.000+02:00
It predicted these items for order 1780921 :
   31560 with score of 2.0584885881295145
   752 with score of 1.6145311185189886
   748 with score of 1.5423685363352995
   27900 with score of 1.4310472798446576
   20430 with score of 1.4158295895636037
   21714 with score of 1.4057929725262355
   5003 with score of 1.3920508777139569
   29669 with score of 1.3868427872102953
   27576 with score of 1.3764385443994738
   23467 with score of 1.3515396546394665
These are the actual items bought: 
   31776
The current arm is 42 with vector {0:0.1195213306544991,1:0.366618237643603,2:0.08341828816665209,3:0.9711975647599036,4:0.22788286296536808,5:0.1921318248822773,6:0.2552108604540473,7:0.7134263814592074,8:0.27382189062425977,9:0.339531490982545,10:0.08261059384267899,11:0.7047055493974337,12:0.8064802375420392,13:0.22826581442628002,14:0.8576034342843432,15:0.4996047798322121,16:0.4238120090306198,17:0.4969809229654586,18:0.2554572214358879,19:0.5815402265803447,20:0.4006851407274914,21:0.3126843893508633,22:0.7141161294521217,23:0.6067431828390906,24:0.26752033150380916,25:0.6512035320214822,26:0.262501438275867,27:0.5393278525160191,28:0.5110847259856501,29:0.9574086796748069,30:0.8401809602660792,31:0.7848603907287939,32:0.5419579598225109,33:0.37605164618723785,34:0.7345654201257907,35:0.5912701996656767,36:0.6880100704469552,37:0.6915897009253412,38:0.8181364964446404,39:0.55314828607008,40:0.08208557110841685} with alpha 784.0 and beta 2880.0
The order information:
Date: 2012-05-13T15:53:25.000+02:00
It predicted these items for order 1781930 :
   31560 with score of 2.052261368370633
   27900 with score of 1.8608242019576942
   31865 with score of 1.712761663385042
   31634 with score of 1.7120410306764975
   31854 with score of 1.7120410306764975
   21252 with score of 1.711320397967953
   31845 with score of 1.7072595740472276
   21777 with score of 1.6790255731215904
   29011 with score of 1.6751101312599044
   752 with score of 1.6553284736388227
These are the actual items bought: 
   2084
   29003
   31950
   20990
   31940
   30573
   20678
   30195
   25363
   27900
The current arm is 42 with vector {0:0.1195213306544991,1:0.366618237643603,2:0.08341828816665209,3:0.9711975647599036,4:0.22788286296536808,5:0.1921318248822773,6:0.2552108604540473,7:0.7134263814592074,8:0.27382189062425977,9:0.339531490982545,10:0.08261059384267899,11:0.7047055493974337,12:0.8064802375420392,13:0.22826581442628002,14:0.8576034342843432,15:0.4996047798322121,16:0.4238120090306198,17:0.4969809229654586,18:0.2554572214358879,19:0.5815402265803447,20:0.4006851407274914,21:0.3126843893508633,22:0.7141161294521217,23:0.6067431828390906,24:0.26752033150380916,25:0.6512035320214822,26:0.262501438275867,27:0.5393278525160191,28:0.5110847259856501,29:0.9574086796748069,30:0.8401809602660792,31:0.7848603907287939,32:0.5419579598225109,33:0.37605164618723785,34:0.7345654201257907,35:0.5912701996656767,36:0.6880100704469552,37:0.6915897009253412,38:0.8181364964446404,39:0.55314828607008,40:0.08208557110841685} with alpha 994.0 and beta 3670.0
The order information:
Date: 2012-05-14T16:46:54.000+02:00
It predicted these items for order 1782931 :
   31560 with score of 2.035071335864201
   748 with score of 1.69257914650037
   752 with score of 1.6373874835118198
   21714 with score of 1.460491172706282
   5003 with score of 1.4542752573117967
   27576 with score of 1.4403946200573428
   20430 with score of 1.4389255233156646
   27900 with score of 1.4307608089588246
   29669 with score of 1.4128157657342144
   31553 with score of 1.393020228122564
These are the actual items bought: 
   32564
The current arm is 42 with vector {0:0.1195213306544991,1:0.366618237643603,2:0.08341828816665209,3:0.9711975647599036,4:0.22788286296536808,5:0.1921318248822773,6:0.2552108604540473,7:0.7134263814592074,8:0.27382189062425977,9:0.339531490982545,10:0.08261059384267899,11:0.7047055493974337,12:0.8064802375420392,13:0.22826581442628002,14:0.8576034342843432,15:0.4996047798322121,16:0.4238120090306198,17:0.4969809229654586,18:0.2554572214358879,19:0.5815402265803447,20:0.4006851407274914,21:0.3126843893508633,22:0.7141161294521217,23:0.6067431828390906,24:0.26752033150380916,25:0.6512035320214822,26:0.262501438275867,27:0.5393278525160191,28:0.5110847259856501,29:0.9574086796748069,30:0.8401809602660792,31:0.7848603907287939,32:0.5419579598225109,33:0.37605164618723785,34:0.7345654201257907,35:0.5912701996656767,36:0.6880100704469552,37:0.6915897009253412,38:0.8181364964446404,39:0.55314828607008,40:0.08208557110841685} with alpha 1174.0 and beta 4490.0
The order information:
Date: 2012-05-15T15:02:20.000+02:00
It predicted these items for order 1783936 :
   31560 with score of 1.9996044274533573
   748 with score of 1.705381552562408
   752 with score of 1.5847563046442672
   27576 with score of 1.4669245174295291
   5003 with score of 1.4566326598068318
   21714 with score of 1.4558279029601051
   20430 with score of 1.4207064489616632
   27900 with score of 1.407869991961466
   29669 with score of 1.4053543177280186
   31553 with score of 1.3855068599304994
These are the actual items bought: 
   12096
The arm 42 has vector {0:0.1195213306544991,1:0.366618237643603,2:0.08341828816665209,3:0.9711975647599036,4:0.22788286296536808,5:0.1921318248822773,6:0.2552108604540473,7:0.7134263814592074,8:0.27382189062425977,9:0.339531490982545,10:0.08261059384267899,11:0.7047055493974337,12:0.8064802375420392,13:0.22826581442628002,14:0.8576034342843432,15:0.4996047798322121,16:0.4238120090306198,17:0.4969809229654586,18:0.2554572214358879,19:0.5815402265803447,20:0.4006851407274914,21:0.3126843893508633,22:0.7141161294521217,23:0.6067431828390906,24:0.26752033150380916,25:0.6512035320214822,26:0.262501438275867,27:0.5393278525160191,28:0.5110847259856501,29:0.9574086796748069,30:0.8401809602660792,31:0.7848603907287939,32:0.5419579598225109,33:0.37605164618723785,34:0.7345654201257907,35:0.5912701996656767,36:0.6880100704469552,37:0.6915897009253412,38:0.8181364964446404,39:0.55314828607008,40:0.08208557110841685} with alpha 1270.0 and beta 4732.0, percentage 21.15
The best arm is 42 with vector {0:0.1195213306544991,1:0.366618237643603,2:0.08341828816665209,3:0.9711975647599036,4:0.22788286296536808,5:0.1921318248822773,6:0.2552108604540473,7:0.7134263814592074,8:0.27382189062425977,9:0.339531490982545,10:0.08261059384267899,11:0.7047055493974337,12:0.8064802375420392,13:0.22826581442628002,14:0.8576034342843432,15:0.4996047798322121,16:0.4238120090306198,17:0.4969809229654586,18:0.2554572214358879,19:0.5815402265803447,20:0.4006851407274914,21:0.3126843893508633,22:0.7141161294521217,23:0.6067431828390906,24:0.26752033150380916,25:0.6512035320214822,26:0.262501438275867,27:0.5393278525160191,28:0.5110847259856501,29:0.9574086796748069,30:0.8401809602660792,31:0.7848603907287939,32:0.5419579598225109,33:0.37605164618723785,34:0.7345654201257907,35:0.5912701996656767,36:0.6880100704469552,37:0.6915897009253412,38:0.8181364964446404,39:0.55314828607008,40:0.08208557110841685} with alpha 1270.0 and beta 4732.0, percentage 21.15
The right guesses are: 1269 which means 21.15% correct
Done
The current arm is 0 with vector {0:0.6733449388321373} with alpha 77.0 and beta 587.0
The order information:
Date: 2012-05-09T17:07:05.000+02:00
It predicted these items for order 1778911 :
   31560 with score of 1066.0
   27900 with score of 422.0
   752 with score of 403.0
   20430 with score of 379.0
   748 with score of 359.0
   11832 with score of 300.0
   5003 with score of 297.0
   31553 with score of 290.0
   21714 with score of 288.0
   27576 with score of 244.0
These are the actual items bought: 
   11832
   30233
The current arm is 0 with vector {0:0.6733449388321373} with alpha 229.0 and beta 1435.0
The order information:
Date: 2012-05-10T17:54:43.000+02:00
It predicted these items for order 1779917 :
   31560 with score of 1088.0
   752 with score of 413.0
   27900 with score of 410.0
   748 with score of 374.0
   20430 with score of 372.0
   5003 with score of 305.0
   11832 with score of 303.0
   21714 with score of 299.0
   31553 with score of 298.0
   29669 with score of 270.0
These are the actual items bought: 
   30342
   23374
   32289
The current arm is 0 with vector {0:0.6733449388321373} with alpha 370.0 and beta 2294.0
The order information:
Date: 2012-05-11T22:39:32.000+02:00
It predicted these items for order 1780921 :
   31560 with score of 1028.0
   748 with score of 422.0
   752 with score of 420.0
   27900 with score of 389.0
   20430 with score of 366.0
   5003 with score of 311.0
   21714 with score of 304.0
   11832 with score of 298.0
   29669 with score of 282.0
   31553 with score of 275.0
These are the actual items bought: 
   31776
The current arm is 0 with vector {0:0.6733449388321373} with alpha 533.0 and beta 3131.0
The order information:
Date: 2012-05-13T15:53:25.000+02:00
It predicted these items for order 1781930 :
   31560 with score of 990.0
   748 with score of 443.0
   752 with score of 428.0
   20430 with score of 368.0
   27900 with score of 354.0
   5003 with score of 334.0
   21714 with score of 325.0
   29669 with score of 279.0
   11832 with score of 277.0
   27576 with score of 269.0
These are the actual items bought: 
   2084
   29003
   31950
   20990
   31940
   30573
   20678
   30195
   25363
   27900
The current arm is 0 with vector {0:0.6733449388321373} with alpha 679.0 and beta 3985.0
The order information:
Date: 2012-05-14T16:46:54.000+02:00
It predicted these items for order 1782931 :
   31560 with score of 989.0
   748 with score of 475.0
   752 with score of 445.0
   20430 with score of 361.0
   27900 with score of 339.0
   5003 with score of 338.0
   21714 with score of 331.0
   27576 with score of 302.0
   31553 with score of 286.0
   11832 with score of 282.0
These are the actual items bought: 
   32564
The current arm is 0 with vector {0:0.6733449388321373} with alpha 777.0 and beta 4887.0
The order information:
Date: 2012-05-15T15:02:20.000+02:00
It predicted these items for order 1783936 :
   31560 with score of 991.0
   748 with score of 496.0
   752 with score of 448.0
   20430 with score of 354.0
   5003 with score of 349.0
   21714 with score of 335.0
   27900 with score of 326.0
   27576 with score of 323.0
   31553 with score of 280.0
   11832 with score of 277.0
These are the actual items bought: 
   12096
The arm 0 has vector {0:0.6733449388321373} with alpha 819.0 and beta 5183.0, percentage 13.633333333333333
The best arm is 0 with vector {0:0.6733449388321373} with alpha 819.0 and beta 5183.0, percentage 13.633333333333333
The right guesses are: 818 which means 13.633333333333333% correct
Done
745
