Items: 31014,2,2012-03-22 09:35:15.730000000,2013-01-31 22:08:19.360000000,0,0000000000000000000000000000000000000000000000000000000000000000000000000000000000000000000010000000000000000000000000000000000000000000000000000000000000000000000000000000000000000000000000000000000000000000000000000000000000000000000000000000000000000000
Items: 16065,3,2010-10-12 09:05:28.623000000,2011-10-19 12:41:59.293000000,0,0000000000000000000000000000000000000000000000000000000000000000000000000000000000000000000100000000000000000000000000000000000000000000000000000000000000000000000000000000000000000000000000000000000000000000000000000000000000000000000000000000000000000000
Items: 2897,1,2010-07-28 15:55:07.423000000,2013-07-15 05:02:15.650000000,0,0000000000000000000000000000000000000000000000000000000000000000000000000000000000000000000100000000000000000000000000000000000000000000000000000000000000000000000000000000000000000000000000000000000000000000000000000000000000000000000000000000000000000000
Users: 46671,2009-07-31 17:52:05.423000000,45238,,0
Users: 117404,2012-02-11 18:20:17.737000000,30295,1989-02-13 00:00:00,1
Users: 185087,2009-07-31 19:48:45.310000000,54234,1986-06-04 00:00:00,1
Users: 242612,2011-12-03 21:34:16.640000000,90627,1990-07-23 00:00:00,2
Users: 294436,2011-03-16 09:05:23.647000000,72233,1994-04-25 00:00:00,1
Users: 345704,2011-11-11 20:55:14.437000000,68600,1994-06-05 00:00:00,2
Users: 399809,2012-09-17 14:43:42.033000000,44491,1997-12-12 00:00:00,1
Users: 455390,2012-12-20 16:02:28.573000000,3274,1978-06-02 00:00:00,2
Users: 525182,2013-07-28 12:33:53.590000000,53372,1990-06-17 00:00:00,0
Orders: 35022,1033356,1457,2009-10-18 21:46:53.347000000
Orders: 214698,1082559,614,2010-01-24 20:16:55.153000000
Orders: 226305,1122161,1501,2010-03-20 16:23:03.950000000
Orders: 46541,1167569,11120,2010-05-26 12:55:02.417000000
Orders: 75824,1208142,11119,2010-07-27 23:14:48.377000000
Orders: 13287,1248778,12826,2010-09-21 21:56:27.157000000
Orders: 272654,1296031,653,2010-12-01 18:41:36.730000000
Orders: 285359,1344258,18628,2011-01-28 14:59:09.743000000
Orders: 157456,1388262,18371,2011-03-17 11:46:02.120000000
Orders: 307265,1432210,758,2011-04-29 21:28:48.340000000
Orders: 271030,1473349,21803,2011-06-14 15:24:35.467000000
Orders: 275827,1511037,21829,2011-07-28 21:58:50.970000000
Orders: 62527,1550712,24845,2011-09-10 18:44:47.023000000
Orders: 293365,1597283,27523,2011-11-12 08:21:31.203000000
Orders: 158173,1649466,24361,2011-12-28 14:06:54.430000000
Orders: 371623,1691322,28947,2012-01-31 15:54:20.570000000
Orders: 151193,1739094,2144,2012-03-22 17:02:48.527000000
Orders: 71320,1784958,7874,2012-05-16 17:00:59.817000000
Orders: 287161,1827735,20480,2012-06-29 22:23:24.193000000
Orders: 271514,1866722,31203,2012-08-11 21:38:56.863000000
Orders: 428803,1915657,35460,2012-10-09 20:15:44.210000000
Orders: 444954,1966435,29677,2012-12-01 22:51:49.073000000
Orders: 460415,2018674,31695,2013-01-07 22:20:30.543000000
Orders: 381441,2066329,35170,2013-02-19 22:08:16.833000000
Orders: 485606,2112774,39306,2013-03-26 15:04:37.277000000
Orders: 423890,2161061,11304,2013-05-03 09:35:38.190000000
Orders: 314770,2207605,26096,2013-06-05 19:04:54.837000000
Orders: 287308,2249841,40450,2013-07-13 20:23:09.463000000
Orders: 255027,2289235,33612,2013-08-13 17:15:05.073000000
Orders: 466261,2331294,43871,2013-09-15 21:02:00.180000000
Orders: 446724,2379393,448,2013-11-01 19:20:53.627000000

Startup information:
First order in training stage: 700000
First order in evaluation stage: 771338
Last order in evaluation stage: 777338

Number of orders in training stage: 71338
Number of orders in evaluation stage: 6000

The current arm is 41 with vector {0:0.2396271050089369,1:0.149875888726008,2:0.8938570336786605,3:0.1311135515398344,4:0.10607683919502098,5:0.35721446636417864,6:0.9941060946203226,7:0.46931246185872755,8:0.3632137591435324,9:0.9642720813590876,10:0.38202813657423107,11:0.1275402047105203,12:0.7112018445241183,13:0.42102825286862544,14:0.6849030614501781,15:0.6926301175990264,16:0.7257591960563639,17:0.08869092808281442,18:0.053237059298906875,19:0.41182018620083305,20:0.4264175481060325,21:0.41524784285072536,22:0.04006237377997923,23:0.5300856639272754,24:0.6924176578850134,25:0.06386213173413724,26:0.08411710965429253,27:0.423669234027765,28:0.3787717701395136,29:0.1995949728736227,30:0.8255816950153004,31:0.728231910009723,32:0.9519494719220335,33:0.03226048826236061,34:0.5649864261087821,35:0.5213650141959719,36:0.9032979978124753,37:0.10170238090640438,38:0.3106575054987921,39:0.005748391999617075,40:0.9385237606946518} with alpha 17.0 and beta 32.0
The order information:
Date: 2012-05-09T17:07:05.000+01:00
It predicted these items for order 1778911 :
   31560 with score of 1.8121383826691972
   752 with score of 1.271620387798507
   748 with score of 0.8388140161938313
   23467 with score of 0.8057658993839609
   27900 with score of 0.7931383374153869
   5003 with score of 0.7592113172569259
   21714 with score of 0.7439573649374092
   1693 with score of 0.7029184105681365
   13688 with score of 0.7029184105681365
   21769 with score of 0.7029184105681365
These are the actual items bought: 
   11832
   30233
The current arm is 30 with vector {0:0.38029432727682966,1:0.11954669912783922,2:0.8615170013298362,3:0.9673982942454953,4:0.11888019980757247,5:0.20816133808451254,6:0.238931562167487,7:0.6418186082450313,8:0.2695100748649262,9:0.8783456709310329,10:0.801868061624677,11:0.9154850386250521,12:0.07178068742068511,13:0.7598359303527159,14:0.5378924247730077,15:0.8740059745226588,16:0.4926754816045362,17:0.7075923258046374,18:0.13190567775711715,19:0.2799769332176233,20:0.46487041563416076,21:8.403554269516E-4,22:0.28955428267262584,23:0.2929393998917811,24:0.44962487970555354,25:0.9562007204335776,26:0.5243684746263789,27:0.5797675346130553,28:0.44902708808660075,29:0.7193827614895936,30:0.06619484719106594,31:0.23211455467887876,32:0.5494607245043197,33:0.21753974294774858,34:0.094726031747428,35:0.636355903568945,36:0.767476896333391,37:0.11101040320984301,38:0.99843926342886,39:0.8999462748330845,40:0.3112479693539445} with alpha 24.0 and beta 67.0
The order information:
Date: 2012-05-10T17:54:43.000+01:00
It predicted these items for order 1779917 :
   31560 with score of 2.2284427919348433
   5003 with score of 2.083548289355619
   31774 with score of 1.9431466079014692
   23390 with score of 1.9212161205562055
   31290 with score of 1.902926241599221
   31871 with score of 1.902926241599221
   9441 with score of 1.8947593271828904
   8902 with score of 1.8783569334160188
   31711 with score of 1.8706986038287494
   24194 with score of 1.867052871633705
These are the actual items bought: 
   30342
   23374
   32289
The current arm is 37 with vector {0:0.5091909879812728,1:0.4724519345402187,2:0.9868334643355371,3:0.3215309800851305,4:0.24254648449699312,5:0.06500890156244699,6:0.44120021182225433,7:0.0927644972131102,8:0.7240752692355773,9:0.7841576335413952,10:0.3982507015108232,11:0.9667661428552362,12:0.20953863733875044,13:0.30995372876764316,14:0.22230176425374792,15:0.5677462052891046,16:0.534300508461475,17:0.7877653006463265,18:0.01897347984639619,19:0.3857236795081349,20:0.028446727876905387,21:0.014860351304790909,22:0.9670712958890145,23:0.03055195098373409,24:0.058749526669342744,25:0.6563804765180793,26:0.03014419943207136,27:0.4111059708923689,28:0.9743564462312736,29:0.5301895572657193,30:0.43312552203664834,31:0.3617192374801105,32:0.29022173222300685,33:0.19892049157240965,34:0.6351212237347365,35:0.9712956687358334,36:0.033502557519119125,37:0.963717740038725,38:0.37729252825620596,39:0.18984121384945918,40:0.5035037378080339} with alpha 20.0 and beta 78.0
The order information:
Date: 2012-05-11T22:39:32.000+01:00
It predicted these items for order 1780921 :
   31560 with score of 1.3648256123257991
   752 with score of 1.2685398197470958
   748 with score of 1.142679070753222
   21714 with score of 1.0331962603993412
   27576 with score of 1.0309243259491105
   29669 with score of 1.0299558435166625
   23467 with score of 1.0091821777146464
   21803 with score of 1.007121738001923
   5003 with score of 1.0034527180463109
   27900 with score of 0.9877408863306933
These are the actual items bought: 
   31776
The current arm is 48 with vector {0:0.3771299335200643,1:0.5901535711820591,2:0.6118774666766968,3:0.14195607923172782,4:0.26984598134763516,5:0.1947572050475075,6:0.26925639932581347,7:0.9958465184001565,8:0.20057898893568293,9:0.6516522693688965,10:0.6755844624772616,11:0.9382368278052502,12:0.8090177523131514,13:0.3322370275243912,14:0.7949188343232243,15:0.312603508225866,16:0.3314369507574406,17:0.27181797018493215,18:0.6030931127066701,19:0.0756768943832854,20:0.3971332234418361,21:0.008946341745074471,22:0.9343328902304916,23:0.5666254978202377,24:0.9093241608581754,25:0.8163384531921161,26:0.7246939513233822,27:0.8142443531445097,28:0.8850930313547541,29:0.47772905037124724,30:0.2780777214602955,31:0.7454212252412202,32:0.20732961325551735,33:0.8980684189484343,34:0.2471762524846517,35:0.8667277744154599,36:0.2071862634245344,37:0.8072157392328266,38:0.6935218957534242,39:0.36166865150542793,40:0.08404359542964845} with alpha 124.0 and beta 343.0
The order information:
Date: 2012-05-13T15:53:25.000+01:00
It predicted these items for order 1781930 :
   31560 with score of 1.7765503065881125
   27900 with score of 1.526953921651058
   21777 with score of 1.2848680955177056
   31865 with score of 1.2764547630858778
   31634 with score of 1.2754488575117362
   31854 with score of 1.2754488575117362
   21252 with score of 1.2744429519375946
   31845 with score of 1.273963037969712
   24355 with score of 1.2543669307622152
   29011 with score of 1.2402167232054224
These are the actual items bought: 
   2084
   29003
   31950
   20990
   31940
   30573
   20678
   30195
   25363
   27900
The current arm is 21 with vector {0:0.9257399121234083,1:0.4172767312810901,2:0.09258649003339747,3:0.15239072063291226,4:0.5887593604122007,5:0.7643871428619257,6:0.016629385072901903,7:0.08796179104518442,8:0.4207986389695938,9:0.6526802665258891,10:0.3855796516874531,11:0.8584717510713124,12:0.8961173125923826,13:0.4645315913722382,14:0.744848975294607,15:0.6376593433618369,16:0.12552833038878164,17:0.2355221649735172,18:0.47771663980586543,19:0.23517941846665757,20:0.6193326962042851,21:0.6021423990767582,22:0.13648455144802785,23:0.4288593409671887,24:0.9864813709061535,25:0.48524594186687187,26:0.0635134517726701,27:0.04387353823462348,28:0.3965664701854007,29:0.4900203324446659,30:0.6576248821235031,31:0.022804474274525255,32:0.4230686574770438,33:0.6394537237806092,34:0.5238145864997524,35:0.49619450725644765,36:0.9760538931806424,37:0.21898669671617987,38:0.057065974651544726,39:0.7541850826957345,40:0.6289257564176043} with alpha 2.0 and beta 30.0
The order information:
Date: 2012-05-14T16:46:54.000+01:00
It predicted these items for order 1782931 :
   21671 with score of 1.843918597613932
   31434 with score of 1.8431403565457651
   2951 with score of 1.8426956558832515
   28144 with score of 1.8426956558832515
   21533 with score of 1.8426067157507489
   25390 with score of 1.8426067157507489
   29703 with score of 1.8426067157507489
   30483 with score of 1.8426067157507489
   30823 with score of 1.8426067157507489
   31794 with score of 1.8426067157507489
These are the actual items bought: 
   32564
The current arm is 10 with vector {0:0.5669656549783052,1:0.27593385952639315,2:0.9000850384920294,3:0.12567405039045254,4:0.3707178321673258,5:0.2801268557203388,6:0.09843059327557813,7:0.7363560362434493,8:0.095833169205646,9:0.7286568650249469,10:0.6828283891667499,11:0.1949492440141093,12:0.903552262275999,13:0.8271154565873423,14:0.38455863516318356,15:0.7345681339623298,16:0.5824993999811461,17:0.22524409393413802,18:0.3468371585390754,19:0.9128434865342324,20:0.6590292439022816,21:0.5626750944921031,22:0.8096282040325764,23:0.241649663407413,24:0.5264563456033738,25:0.254385783582907,26:0.43188262897915597,27:0.9705835624216321,28:0.24666763567924943,29:0.4644266277035912,30:0.18040054002110217,31:0.26484942223137853,32:0.22202444196817173,33:0.9411323756804963,34:0.8920882613221407,35:0.13477802255027094,36:0.14469065977063744,37:0.7567667224775164,38:0.47560068565318125,39:0.37588381442157226,40:0.3713793399099147} with alpha 40.0 and beta 168.0
The order information:
Date: 2012-05-15T15:02:20.000+01:00
It predicted these items for order 1783936 :
   31560 with score of 1.508047635100516
   748 with score of 1.1657974531898112
   752 with score of 1.095412320842517
   5003 with score of 0.9985699595037543
   27576 with score of 0.9917412296484338
   21714 with score of 0.9908504428366938
   20430 with score of 0.9880098065509921
   21671 with score of 0.9826091498236391
   31434 with score of 0.9779678650787071
   2951 with score of 0.974252647943271
These are the actual items bought: 
   12096
The arm 0 has vector {0:0.016360651585458297,1:0.8265242065162743,2:0.48302878941731164,3:0.7281896819218479,4:0.2955954542095397,5:0.18669413303362747,6:0.7145598928308465,7:0.09626053226905573,8:0.6378377615470279,9:0.0935983692588288,10:0.6720562235303874,11:0.8568712648999793,12:0.9923534702134619,13:0.2896347081129458,14:0.9316035144624395,15:0.564993647214413,16:0.9638476627869443,17:0.7966103581287529,18:0.7648657951774374,19:0.7727680233544024,20:0.42577413712217216,21:0.46652836133199826,22:0.1605263026098881,23:0.8264817528047399,24:0.6196544862016415,25:0.2991342992361742,26:0.09693249428803041,27:0.8457962516846901,28:0.6930007998141611,29:0.9744123640755058,30:0.18945282294764887,31:0.7829277556806024,32:0.8724581362399898,33:0.5205392496949882,34:0.6429571382554599,35:0.5898238843121683,36:0.9486799120217738,37:0.5782472334661417,38:0.03524755808883362,39:0.19318401058227497,40:0.7991270887234518} with alpha 2.0 and beta 30.0, percentage 3.3333333333333335
The arm 1 has vector {0:0.021781736307028177,1:0.8742589328256144,2:0.7556701725269416,3:0.4181697614541441,4:0.7414022649345149,5:0.02481174238718864,6:0.41643361313947935,7:0.8427482937061966,8:0.7060451366427349,9:0.511606332186951,10:0.32542437574431893,11:0.6388979861311912,12:0.0028065414743118078,13:0.958933964592795,14:0.9756515670850515,15:0.7148332193108383,16:0.5119118093337994,17:0.49446421210962965,18:0.31106787186522167,19:0.5701859402620955,20:0.5440857753632027,21:0.8372035533409184,22:0.3994314688939009,23:0.11334733987624912,24:0.7524283708037656,25:0.09934480378731225,26:0.11449782362092764,27:0.6248030969049373,28:0.5545008749223532,29:0.04431045982658044,30:0.7349128641048125,31:0.5500942931268176,32:0.5376760422404198,33:0.557246486639881,34:0.8813061642336563,35:0.9584208890910582,36:0.21103694380175397,37:0.7643474674523357,38:0.281785720762584,39:0.2726270202589719,40:0.9552487634190655} with alpha 10.0 and beta 67.0, percentage 12.0
The arm 2 has vector {0:0.4879676091174583,1:0.4407566330960411,2:0.5617620601288805,3:0.8051135828381655,4:0.6160877765719536,5:0.5588010995232339,6:0.0014983822188339158,7:0.6652888554857659,8:0.8764219928017367,9:0.5501129220132794,10:0.6592138982563961,11:0.9865327509692704,12:0.556099857199465,13:0.4666789124505606,14:0.16059335378386297,15:0.4847793167720321,16:0.5949875107010191,17:0.9845468565370691,18:0.6227909322190781,19:0.375890473090165,20:0.33096088901239284,21:0.18811129230169554,22:0.030864730358786563,23:0.5429326869692542,24:0.9321462364042734,25:0.41889298661185614,26:0.9273548479989554,27:0.8035859921289721,28:0.404043323727562,29:0.3029079594364279,30:0.3032516190532284,31:0.45127056574969293,32:0.9418377375359871,33:0.30192929702042604,34:0.506657167813081,35:0.7267888114874547,36:0.7239320472218856,37:0.2644019569964725,38:0.15825515120987,39:0.15040594184421474,40:0.3857624280389399} with alpha 8.0 and beta 56.0, percentage 11.29032258064516
The arm 3 has vector {0:0.28429449116943073,1:0.8839996477265868,2:0.908303220145891,3:0.12706077761749712,4:0.5347888230913821,5:0.3061992709554511,6:0.289457836601934,7:0.016721958177384533,8:0.8850865388970243,9:0.21504060300520345,10:0.7228624106430401,11:0.6139946921541845,12:0.44139117150278717,13:0.5822271529326303,14:0.9027701561566164,15:0.9719248296193376,16:0.9909050650034061,17:0.9974941979830909,18:0.9416734728298094,19:0.5045340266602008,20:0.6450324528815785,21:0.3880779624509857,22:0.1746941343416737,23:0.7187790232066512,24:0.535791177889741,25:0.8858841309988097,26:0.5509340915069784,27:0.9403436643949277,28:0.019326197484167973,29:0.8029597717430285,30:0.20878635993819794,31:0.3756872382682118,32:0.2830719983016817,33:0.45724795062261037,34:0.33520010878262574,35:0.5701575197531111,36:0.7578722542844968,37:0.5576167729036513,38:0.04066077788475875,39:0.905115826795437,40:0.6494067466859514} with alpha 3.0 and beta 36.0, percentage 5.405405405405405
The arm 4 has vector {0:0.9546280244797682,1:0.6282162131866734,2:0.9930652258787859,3:0.8960333627785736,4:0.9297218089328722,5:0.4768371564095797,6:0.25635398344354987,7:0.028483796238062076,8:0.73623508897998,9:0.6800163268715338,10:0.22468693497455494,11:0.3275347918945749,12:0.017844900508655615,13:0.2403189048363117,14:0.8518429400319766,15:0.2781372612886499,16:0.5722423602677896,17:0.6830368237343987,18:0.05651160422988066,19:0.7319057237297094,20:0.6215988307965802,21:0.1807535767461207,22:0.3154690769567646,23:0.3662105436897676,24:0.19157616291622215,25:0.7918237775598425,26:0.8369960087722833,27:0.9027130933269123,28:0.22527729051308842,29:0.049023691456755225,30:0.481339417727749,31:0.5110224525918601,32:0.1637304548152455,33:0.10573982717837793,34:0.756948851061836,35:0.14683857678308487,36:0.8453704249678875,37:0.7265476576740737,38:0.5133207661923839,39:0.1398351203488516,40:0.5813000999064629} with alpha 2.0 and beta 31.0, percentage 3.225806451612903
The arm 5 has vector {0:0.11768590458734673,1:0.4977146997630336,2:0.7682253748726573,3:0.7738450030225127,4:0.9892313607885848,5:0.9639403299919278,6:0.18325278514432775,7:0.8935766169673091,8:0.14290626286520813,9:0.04030430189536782,10:0.7023388733392547,11:0.17607727784710547,12:0.5623111718542191,13:0.47398723212357396,14:0.6588207687502985,15:0.5821639193862251,16:0.8241811299193081,17:0.06513609756910144,18:0.6790692133670343,19:0.7474516881965964,20:0.5076781519193693,21:0.629646750627824,22:0.5192200861966138,23:0.19297277191784845,24:0.7610763276473997,25:0.8675549620021932,26:0.6685488648753392,27:0.2696062925716395,28:0.859723250926923,29:0.7243628377583125,30:0.48684573156166144,31:0.7260904849061744,32:0.8320168055438144,33:0.12543014245960182,34:0.5227832825073779,35:0.23082452125413422,36:0.8880286881262478,37:0.7398254059657522,38:0.9614508717687813,39:0.7876349302244056,40:0.7100345789577805} with alpha 4.0 and beta 42.0, percentage 6.8181818181818175
The arm 6 has vector {0:0.7232700297052518,1:0.8703901080954157,2:0.14450044386691574,3:0.41156846747979225,4:0.7457217951766962,5:0.46992814666021643,6:0.9233093102522992,7:0.9268880684949405,8:0.9436280279758897,9:0.3876426546109284,10:0.6544466782584376,11:0.02573177382010383,12:0.7997750959515355,13:0.10161883006099337,14:0.8811083339924385,15:0.5505138630114339,16:0.7385606204227979,17:0.09508034884551031,18:0.8058744585141097,19:0.5219158009284542,20:0.36530903412822335,21:0.3922123535760501,22:0.5269410263130272,23:0.8498395570424871,24:0.9256999966754669,25:0.6789813884664075,26:0.5021419693182062,27:0.4744297252799511,28:0.9218252694659543,29:0.06390588136200892,30:0.45536202396864933,31:0.6513663838644734,32:0.2385668007665619,33:0.8287768369224517,34:0.13811113748925452,35:0.9086329069082614,36:0.6745455289995117,37:0.48152497542040407,38:0.4531619089230883,39:0.4681167710106936,40:0.009483731858170086} with alpha 20.0 and beta 82.0, percentage 19.0
The arm 7 has vector {0:0.6510289860244803,1:0.37174037537548166,2:0.1807544189247492,3:0.4626671340347098,4:0.5890929309671955,5:0.10566796115310106,6:0.19021496939584104,7:0.38430348115957524,8:0.9618813926444454,9:0.3365940120978561,10:0.39304714991903433,11:0.4987619945256627,12:0.4820045334285409,13:0.6610940424738468,14:0.794818749173159,15:0.16022138236721728,16:0.9205572980573302,17:0.7842416914679399,18:0.20693382813443384,19:0.3437022281826694,20:0.9260303478871212,21:0.795507227778211,22:0.7630168139133926,23:0.6259025129691742,24:0.14421097467723898,25:0.6999919039064694,26:0.29202494925745515,27:0.24412912758425231,28:0.7771252068041666,29:0.8790622031218077,30:0.39968767853784437,31:0.6906358694685752,32:0.3101469538130538,33:0.5440411473618519,34:0.7718700979569485,35:0.9857763386988682,36:0.7855093593607821,37:0.884811481821207,38:0.386793443042896,39:0.4591197476998312,40:0.4654965706148383} with alpha 3.0 and beta 37.0, percentage 5.263157894736842
The arm 8 has vector {0:0.9414771586291741,1:0.49124749128519873,2:0.8102303194047746,3:0.43851529547632573,4:0.5617552359143788,5:0.22454176338311804,6:0.10502703333454189,7:0.6326686188065737,8:0.042687288890217556,9:0.6677640521982501,10:0.9808470373634839,11:0.5802826647793486,12:0.617185286826527,13:0.3184950803023653,14:0.34862799399757405,15:0.9941272828098124,16:0.1970318672556418,17:0.4683380863877509,18:0.007965335771792481,19:0.823775347551881,20:0.19435266112867,21:0.6506625352279899,22:0.20761697623201192,23:0.7841459859969069,24:0.09365728740518331,25:0.16773195626780835,26:0.9075810441794724,27:0.03600073348538679,28:0.5714961381354904,29:0.3483744923468629,30:0.8889746018559643,31:0.8530718391329355,32:0.24379974951091887,33:0.42486018904290257,34:0.4996386106244486,35:0.4060091732693112,36:0.7978559043005449,37:0.055249476894668414,38:0.5062137515297322,39:0.08822155326450787,40:0.31377929267817595} with alpha 60.0 and beta 220.0, percentage 21.223021582733814
The arm 9 has vector {0:0.320620156466478,1:0.5738221338695403,2:0.37943153386531614,3:0.3618619698938438,4:0.9411002717686966,5:0.41876943662270316,6:0.5888194452084012,7:0.015440595663175016,8:0.6210141288649638,9:0.7091446060798801,10:0.8401506566420349,11:0.5438038760534187,12:0.5429874708552922,13:0.591525165215786,14:0.20707777023526264,15:0.5230357539263316,16:0.6868914162912265,17:0.33353515572205383,18:0.8260246245113958,19:0.38875957488404334,20:0.6501122858388467,21:0.5711847620323045,22:0.027493230086002463,23:0.5294361027194322,24:0.40960686591870965,25:0.7319842840788745,26:0.017233683355006857,27:0.9670053762987101,28:0.0753346688498735,29:0.4172765525715837,30:0.4481076570174385,31:0.08423686724675705,32:0.9723213222769896,33:0.3107522358759557,34:0.624853890964246,35:0.5551968587425006,36:0.26151391345379227,37:0.10810430851788544,38:0.4303594848066479,39:0.6081498173958111,40:0.05710633890044392} with alpha 12.0 and beta 64.0, percentage 14.864864864864865
The arm 10 has vector {0:0.5669656549783052,1:0.27593385952639315,2:0.9000850384920294,3:0.12567405039045254,4:0.3707178321673258,5:0.2801268557203388,6:0.09843059327557813,7:0.7363560362434493,8:0.095833169205646,9:0.7286568650249469,10:0.6828283891667499,11:0.1949492440141093,12:0.903552262275999,13:0.8271154565873423,14:0.38455863516318356,15:0.7345681339623298,16:0.5824993999811461,17:0.22524409393413802,18:0.3468371585390754,19:0.9128434865342324,20:0.6590292439022816,21:0.5626750944921031,22:0.8096282040325764,23:0.241649663407413,24:0.5264563456033738,25:0.254385783582907,26:0.43188262897915597,27:0.9705835624216321,28:0.24666763567924943,29:0.4644266277035912,30:0.18040054002110217,31:0.26484942223137853,32:0.22202444196817173,33:0.9411323756804963,34:0.8920882613221407,35:0.13477802255027094,36:0.14469065977063744,37:0.7567667224775164,38:0.47560068565318125,39:0.37588381442157226,40:0.3713793399099147} with alpha 42.0 and beta 177.0, percentage 18.89400921658986
The arm 11 has vector {0:0.43980339204564767,1:0.8784297069496846,2:0.1569405254489591,3:0.662154362700271,4:0.6059021219163008,5:0.7684262468984078,6:0.01649336745287011,7:0.44749372784640085,8:0.5447736237581031,9:0.9716190695854457,10:0.9853380911915667,11:0.3353800200938267,12:0.17311779913057646,13:0.29559249162467105,14:0.7679600248543492,15:0.09569850557432547,16:0.37811190282427587,17:0.7056789620895011,18:0.9350646494981942,19:0.5371501271899974,20:0.5030593517324146,21:0.8708285131846366,22:0.4704534630347088,23:0.05974969535675734,24:0.3813310031162719,25:0.2492296266362065,26:0.23425971779972432,27:0.29453251166252703,28:0.8663113294947208,29:0.7048466408678098,30:0.5970060770516474,31:0.14368451619729405,32:0.18553626830799608,33:0.9090863960593472,34:0.08080932017474107,35:0.389008387810282,36:0.9402411607486356,37:0.8196670953097349,38:0.20801101197238148,39:0.06918870467795624,40:0.9984545611905148} with alpha 8.0 and beta 59.0, percentage 10.76923076923077
The arm 12 has vector {0:0.4978431367899957,1:0.6111492996735132,2:0.3912656558452261,3:0.9134936976865216,4:0.09841691804604391,5:0.19170671885377388,6:0.1468761321962233,7:0.288956860244732,8:0.8247150093295865,9:0.006839646825360091,10:0.15992920465910676,11:0.20343559121432997,12:0.4602208408884093,13:0.24921035820397885,14:0.5857007548655111,15:0.46736040551623703,16:0.6169849599314167,17:0.3098600781473072,18:0.017351013533477677,19:0.25124958288497323,20:0.7427122459287945,21:0.00864331250877226,22:0.31146294000697605,23:0.4492309290183969,24:0.028743771114048022,25:0.6533368013860421,26:0.7444395377037009,27:0.831540199726617,28:0.12443292676260775,29:0.7242497282720958,30:0.714036807621668,31:0.43474322546651967,32:0.7164992604588284,33:0.6468673160709028,34:0.6700013797840697,35:0.459984486181924,36:0.7884555325100886,37:0.35119673908073334,38:0.13285179867174113,39:0.27344831843260353,40:0.400128330996142} with alpha 32.0 and beta 140.0, percentage 18.235294117647058
The arm 13 has vector {0:0.46598858752591876,1:0.6276205469269368,2:0.9067235672633062,3:0.8604368783464331,4:0.27772053336694935,5:0.8429459030590839,6:0.026927357899841353,7:0.01182190991908616,8:0.576713697448901,9:0.17125929861236489,10:0.22134177532718968,11:0.4284723489454997,12:0.46673651688033135,13:0.4338994993212949,14:0.967358769097563,15:0.846287517025041,16:0.25184285465883793,17:0.619453437848002,18:0.9838189960230714,19:0.1511261455602877,20:0.06895217099790019,21:0.9647774000146844,22:0.32606709282094026,23:0.8144009687206387,24:0.8554976691603677,25:0.9971970789784671,26:0.05677864299392965,27:0.90544961085295,28:0.25514164922221216,29:0.2092166655994191,30:0.017359953428842778,31:0.4336178281263675,32:0.7918213306696289,33:0.07575260721613397,34:0.14775621952389428,35:0.3731341481819702,36:0.7434243228527426,37:0.3383170114363031,38:0.32300146357304327,39:0.5834922953352712,40:0.01129630497169154} with alpha 1.0 and beta 24.0, percentage 0.0
The arm 14 has vector {0:0.0997451781704205,1:0.24893987835425901,2:0.8791509141594595,3:0.21849467574501202,4:0.047608138071575046,5:0.8567558394312293,6:0.21905247073508638,7:0.22439348220413313,8:0.5893572320636264,9:0.04514980941151425,10:0.4188478711319178,11:0.158814897128993,12:0.7786648875740926,13:0.8139247475716064,14:0.4697347660208758,15:0.6301135408039988,16:0.25126893142181395,17:0.35190870660720364,18:0.9100995586155632,19:0.3993918886689709,20:0.6799387566809912,21:0.41232850806056853,22:0.8134181314727795,23:0.6397688312568279,24:0.4161266932112534,25:0.8773032691291822,26:0.7309364581732806,27:0.2576193260484321,28:0.3077796686405677,29:0.449264686977323,30:0.8277833168747747,31:0.015691275701946727,32:0.741256068523998,33:0.2208756090595273,34:0.3822404059521016,35:0.8818310572002458,36:0.7126135483497658,37:0.4756254986067955,38:0.7896367921511647,39:0.05741753863039445,40:0.1869704988150761} with alpha 4.0 and beta 38.0, percentage 7.5
The arm 15 has vector {0:0.40269933497096655,1:0.8656619773377194,2:0.8937326864440305,3:0.8858632914226966,4:0.28942572508151476,5:0.3547365492888256,6:0.171744197437263,7:0.8272034343253605,8:0.7730890151976326,9:0.2831992528616629,10:0.8491232369213366,11:0.4198305779729442,12:0.6630917788831738,13:0.2961684418426964,14:0.11763305421287995,15:0.8776789339557606,16:0.12342079246857263,17:0.2471545217147948,18:0.2104645990699665,19:0.5436190674333495,20:0.7525604373502467,21:0.39364836352236177,22:0.27662100534411205,23:0.9237930828501043,24:0.743733945148997,25:0.322308935340185,26:0.9220222416635162,27:0.8835504433418501,28:0.8328811777015908,29:0.4988817394316791,30:0.8066166794563097,31:0.23889141977192474,32:0.017961280506142097,33:0.9458974001499688,34:0.3971592491412156,35:0.3148765182652169,36:0.5864482689151422,37:0.7661969941232081,38:0.16548775563625395,39:0.6787505154621655,40:0.3067448360804468} with alpha 2.0 and beta 31.0, percentage 3.225806451612903
The arm 16 has vector {0:0.35387364462016246,1:0.3758045029577849,2:0.9203225698108126,3:0.4266529082407535,4:0.8738503223744895,5:0.8011889693502752,6:0.956736826550657,7:0.9269218862677396,8:0.660552346950424,9:0.3758243006313744,10:0.7541344581831017,11:0.15256705791519576,12:0.8373896821668176,13:0.17663308571226477,14:0.2747184479839093,15:0.3531539316267117,16:0.05831670550199308,17:0.7525160867603403,18:0.01806023892552333,19:0.37007227343988425,20:0.4836133396584663,21:0.4243331807580697,22:0.028944939008027415,23:0.3551436536664242,24:0.026248900059929303,25:0.19000049537222619,26:0.9260819925548215,27:0.5937792467689645,28:0.19428537416752722,29:0.9508317418352831,30:0.4006903840463307,31:0.6115930383618987,32:0.9340533269904431,33:0.357095623485693,34:0.4543055029254375,35:0.6498799032387427,36:0.6942083682172469,37:0.9290994451646604,38:0.22030951473812477,39:0.015737580868299905,40:0.8255805080086379} with alpha 4.0 and beta 41.0, percentage 6.976744186046512
The arm 17 has vector {0:0.3697354037794952,1:0.5740759390934125,2:0.7194947816360214,3:0.8440576939894736,4:0.7959931476587027,5:0.7058916235639069,6:0.9278772725970972,7:0.5434801433842983,8:0.7326709418257665,9:0.6904504809120254,10:0.5760839311159964,11:0.7730920148387249,12:0.19603703828475316,13:0.07036784482618996,14:0.3277563372220207,15:0.818283384453018,16:0.6199798048709974,17:0.20113929157943533,18:0.8567918263902176,19:0.7295533976828327,20:0.372286724225117,21:0.4904496628843803,22:0.9253790646461905,23:0.4982516564924113,24:0.0395263167295703,25:0.9244949304466679,26:0.7995895492406714,27:0.03400378614276456,28:0.2610187190539517,29:0.6012457932516538,30:0.9911790161109492,31:0.7027129053715121,32:0.4230747134927775,33:0.6702924596923778,34:0.002683541037676207,35:0.23537317982429362,36:0.4030575779974258,37:0.35737938328347274,38:0.24162124357009607,39:0.5480003500565997,40:0.3065152183847808} with alpha 3.0 and beta 37.0, percentage 5.263157894736842
The arm 18 has vector {0:0.38014094794883657,1:0.23197693336882685,2:0.3897721668664168,3:0.5178566668448598,4:0.26142370039841745,5:0.1820148134041324,6:0.4316557276111759,7:0.8167429234482673,8:0.16954909073844227,9:0.2747764123775679,10:0.6629954660902637,11:0.5798621327889234,12:0.26250420777497596,13:0.8931724966829802,14:0.35305879033768905,15:0.7442027276189166,16:0.535383964752284,17:0.6045090239307791,18:0.7057624121097382,19:0.741059651014638,20:0.44384226076813327,21:0.5437288981613346,22:0.030584732950592053,23:0.8369049951541218,24:0.1361553419511473,25:0.36412859040007073,26:0.34846502108796507,27:0.7013442902350893,28:0.40119609920709964,29:0.14102236578613547,30:0.6459947911251043,31:0.9723951214396235,32:0.6846897368708472,33:0.2073987908559103,34:0.2468051425113048,35:0.9525638899719538,36:0.6875744112195099,37:0.8604836269908075,38:0.4404428380683538,39:0.39773444919360623,40:0.38303267540630104} with alpha 82.0 and beta 322.0, percentage 20.149253731343283
The arm 19 has vector {0:0.2124824168326549,1:0.9314768560833045,2:0.016928176162996134,3:0.6755202302594502,4:0.1390468550471523,5:0.8820803512930542,6:0.017163056553495704,7:0.8990448010857381,8:0.24668990308093297,9:0.6782056713762759,10:0.13800606541224403,11:0.8164756894825109,12:0.9386932852585725,13:0.15790711438865668,14:0.3001534917971129,15:0.17551736323735045,16:0.5635636736123122,17:0.6612848749207004,18:0.2196987731858836,19:0.2998570600473289,20:0.546048785395485,21:0.011497397329192971,22:0.19069499535073864,23:0.3471161558592969,24:0.37885151565549946,25:0.4351560624089287,26:0.7604762360619493,27:0.716626806274986,28:0.8774870273611165,29:0.31922494982289384,30:0.26232636029441114,31:0.5077537605634687,32:0.5582230712489981,33:0.34675573687609684,34:0.9346851665530926,35:0.767292879650921,36:0.18350504365103004,37:0.023994657363549,38:0.9944395175717144,39:0.464968333797383,40:0.8137364159772859} with alpha 5.0 and beta 46.0, percentage 8.16326530612245
The arm 20 has vector {0:0.6390733803734125,1:0.2793099620594083,2:0.6925608596092266,3:0.08195965987907228,4:0.006611634649954734,5:0.563329392189386,6:0.7618060164323508,7:0.8950614555275735,8:0.41363346534318823,9:0.045676294537878914,10:0.6969435427267751,11:0.11906839448074324,12:0.2822571919885766,13:0.9836439854381747,14:0.9828657528074638,15:0.031727736237791015,16:0.1859076260515813,17:0.7895245737255633,18:0.428509117847403,19:0.6447285449912841,20:0.22638118244903216,21:0.9977369591199856,22:0.7376855392012572,23:0.6076988654181301,24:0.23429348998740385,25:0.15306736502389062,26:0.1331229397435203,27:0.5935634209979467,28:0.18495776125139152,29:0.9322228621371627,30:0.8823898307368672,31:0.48265158412240705,32:0.07650209837975985,33:0.19342495801828796,34:0.3828483457245283,35:0.7944057197559162,36:0.013253035945203218,37:0.16661631180728909,38:0.5329476212963207,39:0.7484053420320179,40:0.2996677176667423} with alpha 14.0 and beta 78.0, percentage 14.444444444444443
The arm 21 has vector {0:0.9257399121234083,1:0.4172767312810901,2:0.09258649003339747,3:0.15239072063291226,4:0.5887593604122007,5:0.7643871428619257,6:0.016629385072901903,7:0.08796179104518442,8:0.4207986389695938,9:0.6526802665258891,10:0.3855796516874531,11:0.8584717510713124,12:0.8961173125923826,13:0.4645315913722382,14:0.744848975294607,15:0.6376593433618369,16:0.12552833038878164,17:0.2355221649735172,18:0.47771663980586543,19:0.23517941846665757,20:0.6193326962042851,21:0.6021423990767582,22:0.13648455144802785,23:0.4288593409671887,24:0.9864813709061535,25:0.48524594186687187,26:0.0635134517726701,27:0.04387353823462348,28:0.3965664701854007,29:0.4900203324446659,30:0.6576248821235031,31:0.022804474274525255,32:0.4230686574770438,33:0.6394537237806092,34:0.5238145864997524,35:0.49619450725644765,36:0.9760538931806424,37:0.21898669671617987,38:0.057065974651544726,39:0.7541850826957345,40:0.6289257564176043} with alpha 2.0 and beta 31.0, percentage 3.225806451612903
The arm 22 has vector {0:0.4206882543428814,1:0.7938231855704795,2:0.9655717094996091,3:0.4501489408750089,4:0.6785106260238214,5:0.25648352431355903,6:0.1253044441891773,7:0.4449226380319843,8:0.5409221399964779,9:0.09276014704529756,10:0.12870219353980727,11:0.07328407014851879,12:0.905890260055413,13:0.7499177600552223,14:0.037432888000832665,15:0.4316747826366989,16:0.2830890796968909,17:0.011640483750593011,18:0.5595858564699793,19:0.9054862950639774,20:0.7964043009283409,21:0.7370717626284572,22:0.15785507589734016,23:0.579760976342637,24:0.7641514431070553,25:0.213970302882302,26:0.7520228675931464,27:0.016040886064218163,28:0.20654540360423101,29:0.7886934927498114,30:0.5565734020228266,31:0.7364850508642325,32:0.02006651759309197,33:0.1345496462668363,34:0.21292084302373904,35:0.9835824402351353,36:0.25359654518553043,37:0.5510718727494269,38:0.8261531485213668,39:0.49161054645211255,40:0.28358311713873663} with alpha 8.0 and beta 64.0, percentage 10.0
The arm 23 has vector {0:0.3703030476998449,1:0.88306858731305,2:0.49686715806668125,3:0.27775742696410033,4:0.44151185833109763,5:0.8827928537146504,6:0.8326161643206155,7:0.6904004929822057,8:0.5081392106688469,9:0.49980323356941947,10:0.3147967593686002,11:0.14097168575212327,12:0.7779107265343927,13:0.12193938375692748,14:0.8395693147003506,15:0.3639932307411049,16:0.09983918149677584,17:0.9495025896772685,18:0.659293734958763,19:0.2710375609090657,20:0.3870435360264174,21:0.09089853186493413,22:0.4418754957765313,23:0.07278982509669552,24:0.6351521176161302,25:0.0713647552553981,26:0.1848550118102832,27:0.1973826331283729,28:0.9463137563919166,29:0.37137310597667716,30:0.48231539794730827,31:0.36775772900779735,32:0.2879657031562106,33:0.6101383632613208,34:0.1382542670092599,35:0.6447366513104814,36:0.1827582863057593,37:0.6778192404280793,38:0.04813204925535097,39:0.7902630019884685,40:0.5421636975102501} with alpha 1.0 and beta 24.0, percentage 0.0
The arm 24 has vector {0:0.559763771116882,1:0.6340142738964631,2:0.45115913129233176,3:0.6449056911733801,4:0.23986340347413493,5:0.9795750675620528,6:0.2774639650557824,7:0.6308991397188203,8:0.44262567678541076,9:0.9598152241176996,10:0.1928716314583795,11:0.5943385445550446,12:0.897488469674069,13:0.6900078583490713,14:0.12826729421136351,15:0.1100796714514356,16:0.5125507231548193,17:0.7136347390744231,18:0.3493004132779133,19:0.4856281408695885,20:0.7065096042729127,21:0.4000007553364896,22:0.9342809537888871,23:0.3137058603793569,24:0.69386335972665,25:0.9815766257913793,26:0.9622260657600442,27:0.1436237680512502,28:0.948041763223504,29:0.8409702947261948,30:0.9555057144356969,31:0.14907097815294934,32:0.897203065730066,33:0.12414504926210734,34:0.38728901904074686,35:0.6575679311782554,36:0.7185056081584738,37:0.7385748010551807,38:0.6051427558528272,39:0.5202990630832802,40:0.41328634919240204} with alpha 1.0 and beta 24.0, percentage 0.0
The arm 25 has vector {0:0.6346258712586059,1:0.4001985788839909,2:0.6178745305693614,3:0.4289324222521015,4:0.5990726523864951,5:0.8882306085627746,6:0.15941702728239227,7:0.06356152187423825,8:0.7846932712937352,9:0.3316374659950079,10:0.8829718410913583,11:0.34534904424735846,12:0.008767425037740195,13:0.2758076655767905,14:0.4878747908912354,15:0.7076175629327979,16:0.6083523223638274,17:0.8801730850645213,18:0.9136662100889031,19:0.8412409137604004,20:0.3133766655631387,21:0.6386066117845463,22:0.837129547095787,23:0.4665928515370156,24:0.6721956185742146,25:0.42410235336433066,26:0.9627478084624016,27:0.3509084108380074,28:0.36050103605770334,29:0.8480223955365342,30:0.9535549249429445,31:0.2861726879232457,32:0.6310663563791526,33:0.3986173136414445,34:0.8195779222362959,35:0.5789074874647643,36:0.8889638521447365,37:0.9889429983866744,38:0.5193350303036943,39:0.8389907124395118,40:0.7116753994090623} with alpha 6.0 and beta 51.0, percentage 9.090909090909092
The arm 26 has vector {0:0.44179674058045726,1:0.24243033375785328,2:0.6382574850015547,3:0.10795729518695762,4:0.2932944290904933,5:0.6523076928426672,6:0.9426572708478924,7:0.292998029703913,8:0.8820439663477885,9:0.2853097472752474,10:0.06300378700123621,11:0.847852804388281,12:0.25436444093004196,13:0.8940191742660214,14:0.768661909182842,15:0.608896177007127,16:0.15144059330083104,17:0.11774099678476502,18:0.4785096492614389,19:0.9007010774500956,20:0.012009410700265843,21:0.3637569180879956,22:0.04198816417609097,23:0.6732514969425439,24:0.5500596393032683,25:0.7045811511519717,26:0.9965504825262101,27:0.34559104225935655,28:0.5703232793924321,29:0.43346518656710287,30:0.7790587260419278,31:0.13316444238666958,32:0.29575162414690037,33:0.6648292015350896,34:0.602194247590612,35:0.2788936710320611,36:0.18658335406043736,37:0.39712438388485904,38:0.8710135014987137,39:0.03208697902783253,40:0.27458943405741576} with alpha 20.0 and beta 103.0, percentage 15.702479338842975
The arm 27 has vector {0:0.09213671411117996,1:0.997610890095106,2:0.895629968151781,3:0.5888897078594678,4:0.07899958712080635,5:0.7072576558344001,6:0.5766713907578076,7:0.40892152819554395,8:0.956795618674755,9:0.753460522349707,10:0.7472113699059397,11:0.0725365592110565,12:0.8383383119027615,13:0.48858304677034425,14:0.18350186982613548,15:0.5504323129969861,16:0.3352079999691746,17:0.8779521521655135,18:0.6461712501690868,19:0.23927508557477184,20:0.6575711189174689,21:0.6902368857456274,22:0.1427863809953317,23:0.9579102526518465,24:0.17703929078093816,25:0.5343550939415357,26:0.6839692467596183,27:0.4847299054711075,28:0.3297111524652322,29:0.40712735749743256,30:0.8863387677906727,31:0.5364341276311845,32:0.5287800329749992,33:0.4687689021389131,34:0.6307962488746764,35:0.5749011879527368,36:0.3456884798357174,37:0.04866680310146898,38:0.4013456980304245,39:0.505996060071678,40:0.5045092588394704} with alpha 3.0 and beta 34.0, percentage 5.714285714285714
The arm 28 has vector {0:0.25234694823354464,1:0.11751950430724001,2:0.2812689794083211,3:0.3235088440487326,4:0.01034688394403871,5:0.9857489727926144,6:0.45122102169637146,7:0.0508969285121359,8:0.2750816362535822,9:0.8261372330560772,10:0.26666095255531197,11:0.6058483824125975,12:0.827146755411478,13:0.5224677156898975,14:0.212855550523255,15:0.97643227191792,16:0.5344150665430992,17:0.5376995952320275,18:0.5814886056182609,19:0.1028808361243505,20:0.5243083701252268,21:0.9304164374298698,22:0.2929317700907933,23:0.25286861690250495,24:0.8234199881235114,25:0.10158371788285891,26:0.7941497331462147,27:0.14328796310984881,28:0.9837287261780047,29:0.7874257526453853,30:0.33377564390547965,31:0.15285024075526044,32:0.5804685094680677,33:0.508473310178473,34:0.06900584645500085,35:0.31487045866499386,36:0.806631640287485,37:0.003489631671178328,38:0.042201881146069375,39:0.5308410707594716,40:0.35711227504861076} with alpha 4.0 and beta 40.0, percentage 7.142857142857142
The arm 29 has vector {0:0.09196991923687314,1:0.749307896559126,2:0.6524759040679939,3:0.5920166431084591,4:0.6058471397087817,5:0.15021059104425505,6:0.014286303628321062,7:0.424586945527725,8:0.046864220413469715,9:0.38853840514172844,10:0.5480110728392716,11:0.6626537399494083,12:0.20825311997264873,13:0.4930729537911458,14:0.5712546150279986,15:0.9568132756196638,16:0.9020460048295404,17:0.7698117806999895,18:0.761386597691004,19:0.704891507835089,20:0.9264004861208733,21:0.505744908925115,22:0.4440492915538323,23:0.1933554076208529,24:0.025718185584978848,25:0.9230720295156586,26:0.18406656080677075,27:0.19156981455841815,28:0.7192881493028493,29:0.05878030014471569,30:0.5015148781096365,31:0.6196143733379736,32:0.10120546718352896,33:0.13478941064106253,34:0.3605234330311884,35:0.16936009404779073,36:0.6081220111366945,37:0.39754424889122475,38:0.059174896860394455,39:0.25230620605375154,40:0.6062105729660411} with alpha 8.0 and beta 47.0, percentage 13.20754716981132
The arm 30 has vector {0:0.38029432727682966,1:0.11954669912783922,2:0.8615170013298362,3:0.9673982942454953,4:0.11888019980757247,5:0.20816133808451254,6:0.238931562167487,7:0.6418186082450313,8:0.2695100748649262,9:0.8783456709310329,10:0.801868061624677,11:0.9154850386250521,12:0.07178068742068511,13:0.7598359303527159,14:0.5378924247730077,15:0.8740059745226588,16:0.4926754816045362,17:0.7075923258046374,18:0.13190567775711715,19:0.2799769332176233,20:0.46487041563416076,21:8.403554269516E-4,22:0.28955428267262584,23:0.2929393998917811,24:0.44962487970555354,25:0.9562007204335776,26:0.5243684746263789,27:0.5797675346130553,28:0.44902708808660075,29:0.7193827614895936,30:0.06619484719106594,31:0.23211455467887876,32:0.5494607245043197,33:0.21753974294774858,34:0.094726031747428,35:0.636355903568945,36:0.767476896333391,37:0.11101040320984301,38:0.99843926342886,39:0.8999462748330845,40:0.3112479693539445} with alpha 57.0 and beta 219.0, percentage 20.437956204379564
The arm 31 has vector {0:0.44151248299834533,1:0.7560653966907366,2:0.5222360313701981,3:0.6225282311189143,4:0.8431625785702803,5:0.9051478535097627,6:0.37170792980021194,7:0.3667254986812951,8:0.984845243371255,9:0.15345231642423607,10:0.6689940038034965,11:0.1200447132184892,12:0.9011730836639474,13:0.9396705551077641,14:0.11385309351828232,15:0.18325966497183954,16:0.22500239262161836,17:0.8040461319311918,18:0.6911811297676774,19:0.7328312222698535,20:0.7125330960521526,21:0.5624272405787535,22:0.7945001038457042,23:0.04114519309330955,24:0.4640060953619911,25:0.5101322928480767,26:0.5846904001644317,27:0.8758809127499032,28:0.5584331988547717,29:0.14265354147424736,30:0.19357195526302318,31:0.15278984464621637,32:0.9566076425386912,33:0.5007096013472793,34:0.5007260411443888,35:0.02146798188492849,36:0.035794495914652225,37:0.7075674033405251,38:0.179747873543053,39:0.07807561167214017,40:0.11839347796350108} with alpha 2.0 and beta 31.0, percentage 3.225806451612903
The arm 32 has vector {0:0.6423561500622714,1:0.26921611241270504,2:0.8294706859149606,3:0.38997004252053613,4:0.013631414502139672,5:0.41515369920168743,6:0.5348989780292794,7:0.2287990370891163,8:0.8766654566763712,9:0.1712906969916005,10:0.3503404359088178,11:0.7862690482127879,12:0.09019963983480828,13:0.6468204276915501,14:0.2538318168493128,15:0.11623314082357017,16:0.7268018814164451,17:0.5335320645853141,18:0.6877258642943668,19:0.12201824150448914,20:0.3111763163343141,21:0.7116495406864289,22:0.04266980411482246,23:0.7966075757103667,24:0.701296649738511,25:0.35079940204743043,26:0.4083661385125589,27:0.8850490687709732,28:0.6142336416478938,29:0.1801685961196151,30:0.8208195137151495,31:0.18887181698149513,32:0.20938542483267508,33:0.4527086261894815,34:0.1458790165943319,35:0.006990317680414582,36:0.136851649975957,37:0.749678207471714,38:0.02611948784621465,39:0.4092363425347818,40:0.32031165674884055} with alpha 22.0 and beta 103.0, percentage 17.073170731707318
The arm 33 has vector {0:0.5945135718073283,1:0.6982603616280508,2:0.8175097026393022,3:0.2944659114152379,4:0.45492459396130014,5:0.3535246888605106,6:0.13503542543495173,7:0.8917528825960287,8:0.7824673387131562,9:0.8522337802994759,10:0.47575955527784675,11:0.9599803156017909,12:0.8819205441193735,13:0.17019580217847652,14:0.8135700289256337,15:0.16071150394335365,16:0.6657260982927717,17:0.7666407601832604,18:0.5410742499418867,19:0.6589027493010099,20:0.6151641469329797,21:0.31589145147415787,22:0.6871253103968487,23:0.14530196427660558,24:0.021355688906934067,25:0.7456589615018413,26:0.8826755291371994,27:0.15883183226006115,28:0.7374495740546971,29:0.5158735133213789,30:0.7135689045987633,31:0.5037939171191917,32:0.6526642169484155,33:0.3288111987601616,34:0.317253737289412,35:0.8463308936358575,36:0.325760981925155,37:0.8328582332587596,38:0.3069790764853464,39:0.07724379185182217,40:0.3637226901949355} with alpha 24.0 and beta 121.0, percentage 16.083916083916083
The arm 34 has vector {0:0.12127185999276247,1:0.9581786889025289,2:0.8761729830982501,3:0.5868887134407488,4:0.8899446971323234,5:0.43794171924949243,6:0.9193067232174761,7:0.02948869661633824,8:0.04739144159700415,9:0.5715580474885947,10:0.45921342365943996,11:0.43543132485465363,12:0.6685085894619827,13:0.10693190627831961,14:0.5418418142725104,15:0.926815297256153,16:0.39565461580444294,17:0.13900954556813827,18:0.3008939038166546,19:0.2723897639307048,20:0.03826709470449996,21:0.06039867371158947,22:0.3892399165676098,23:0.7320101317154114,24:0.1669419360528933,25:0.30527356369784897,26:0.45535956548787526,27:0.9162297552434812,28:0.3779978908579905,29:0.4992863693683205,30:0.20104708158953444,31:0.7832697636244769,32:0.28557296245785435,33:0.4222344237910082,34:0.5382889394327398,35:0.0243555420607241,36:0.2454908274002351,37:0.14781036069526798,38:0.18678267645326518,39:0.9643014198471478,40:0.7663210208944368} with alpha 23.0 and beta 86.0, percentage 20.5607476635514
The arm 35 has vector {0:0.9072783580446236,1:0.00393390445032249,2:0.15841405877243053,3:0.2558274378087213,4:0.35364595332063853,5:0.6654499193733486,6:0.5354537074279871,7:0.9619264931477268,8:0.3884422604068224,9:0.15727335225296124,10:0.5429556141567496,11:0.5098546841453653,12:0.9949957530512413,13:0.7005608217009088,14:0.1716754653044631,15:0.08161800833142407,16:0.35166572797100726,17:0.07512315842489203,18:0.96991175222243,19:0.9802052772806307,20:0.9897784861542648,21:0.43089201150438383,22:0.18453149409486924,23:0.9547115279850809,24:0.5875978356470553,25:0.555655056034859,26:0.163343008802751,27:0.8443186947036384,28:0.9543105983297175,29:0.5168803782722817,30:0.7145286324195437,31:0.302920055631009,32:0.24738122006072572,33:0.645891538737876,34:0.6926325604380433,35:0.786600199872029,36:0.555889542936244,37:0.6627617628890354,38:0.9485108946167141,39:0.6690143959945151,40:0.6881304901688098} with alpha 13.0 and beta 78.0, percentage 13.48314606741573
The arm 36 has vector {0:0.10220413990537447,1:0.6735352594897186,2:0.20946525330047439,3:0.043694694206386275,4:0.7699837389212,5:0.7988725603575383,6:0.56123816209577,7:0.08867600613135684,8:0.23402965879944826,9:0.1574824250435657,10:0.501857765750639,11:0.7434581674314847,12:0.9073755110125022,13:0.18788042119171933,14:0.8377591867866029,15:0.7800201462021626,16:0.7486037131701352,17:0.4567593899305964,18:0.31983763437471213,19:0.6693883350567358,20:0.41707152280327286,21:0.9542186996610812,22:0.6792849359243437,23:0.8914792725366285,24:0.7672871264823703,25:0.42646298764390145,26:0.19693142765998206,27:0.7885694044252816,28:0.7267890902357089,29:0.3836081642925455,30:0.501448238643892,31:0.5286970422523393,32:0.5049922768966973,33:0.3303952088833011,34:0.2399214142392081,35:0.7497664071998638,36:0.8149541338689203,37:0.8393687748144643,38:0.7079004326679423,39:0.06035068832573276,40:0.715873222677389} with alpha 6.0 and beta 48.0, percentage 9.615384615384617
The arm 37 has vector {0:0.5091909879812728,1:0.4724519345402187,2:0.9868334643355371,3:0.3215309800851305,4:0.24254648449699312,5:0.06500890156244699,6:0.44120021182225433,7:0.0927644972131102,8:0.7240752692355773,9:0.7841576335413952,10:0.3982507015108232,11:0.9667661428552362,12:0.20953863733875044,13:0.30995372876764316,14:0.22230176425374792,15:0.5677462052891046,16:0.534300508461475,17:0.7877653006463265,18:0.01897347984639619,19:0.3857236795081349,20:0.028446727876905387,21:0.014860351304790909,22:0.9670712958890145,23:0.03055195098373409,24:0.058749526669342744,25:0.6563804765180793,26:0.03014419943207136,27:0.4111059708923689,28:0.9743564462312736,29:0.5301895572657193,30:0.43312552203664834,31:0.3617192374801105,32:0.29022173222300685,33:0.19892049157240965,34:0.6351212237347365,35:0.9712956687358334,36:0.033502557519119125,37:0.963717740038725,38:0.37729252825620596,39:0.18984121384945918,40:0.5035037378080339} with alpha 56.0 and beta 227.0, percentage 19.572953736654807
The arm 38 has vector {0:0.49728292532578233,1:0.3366566905189482,2:0.16024942766908845,3:0.04806212221272588,4:0.4887819582957664,5:0.663884561198516,6:0.19689374875008836,7:0.7185809575656494,8:0.5440761525981933,9:0.8672349731986903,10:0.11244496929788439,11:0.59995568559893,12:0.6271919295259982,13:0.40479657014781945,14:0.11223041367000464,15:0.646158761094993,16:0.9774919403145399,17:0.7847038743368835,18:0.40184334923209586,19:0.09370242814998475,20:0.8938608682067205,21:0.613945127730681,22:0.5599684471815429,23:0.29028642307759,24:0.13155721637150009,25:0.590421078637185,26:0.8389213965806895,27:0.48300362121462614,28:0.0034433948783165746,29:0.9443420490642004,30:0.9536620385631388,31:0.16478809198140354,32:0.16928359159044948,33:0.8631506015148177,34:0.8368755699650972,35:0.23244896654763325,36:0.2636715770903827,37:0.7848103276944843,38:0.4309946063758725,39:0.6329818530366874,40:0.10107648929245239} with alpha 1.0 and beta 26.0, percentage 0.0
The arm 39 has vector {0:0.19771150152470074,1:0.9006580795102445,2:0.1765911167403873,3:0.8123619337869522,4:0.7221107902234711,5:0.4937021217351688,6:0.6569401515232629,7:0.49031756586760544,8:0.4102638696150833,9:0.732296594058846,10:0.2551075958582528,11:0.6345453774860066,12:0.4866101826226388,13:0.9228380024539591,14:0.3680849797239818,15:0.7174765165421754,16:0.8199463018457281,17:0.4717832935717964,18:0.7681835668872523,19:0.24012406889197935,20:0.18612803010175272,21:0.07454190984984832,22:0.32722054056462047,23:0.1156318202827138,24:0.6189642916092123,25:0.6066915414702214,26:0.7970322881716221,27:0.5447363575528459,28:0.6110809994988764,29:0.9815133523576868,30:0.6053568562064029,31:0.4722449619100104,32:0.7586547444329254,33:0.04563621376571325,34:0.925594028577388,35:0.6531861184004446,36:0.447120136331833,37:0.8493068103221,38:0.8667055185072958,39:0.26967749356842885,40:0.9241869150383926} with alpha 11.0 and beta 71.0, percentage 12.5
The arm 40 has vector {0:0.7853564769268045,1:0.3573393651494875,2:0.10498495827489485,3:0.524333416570494,4:0.3059981156104664,5:0.3941554260054547,6:0.14430506377730057,7:0.6736987397608731,8:0.3739288714139043,9:0.31926562295018546,10:0.017817310879208792,11:0.4464979357209472,12:0.3806806873763309,13:0.6133409543540146,14:0.533315318641285,15:0.9962024951887437,16:0.4548616516003664,17:0.07487486427520829,18:0.6435669974034098,19:0.02409119615964528,20:0.520348971206645,21:0.9507461333019381,22:0.7822023786363341,23:0.9171625280916952,24:0.5009317314373388,25:0.16434706755069362,26:0.0880242997421441,27:0.19210400232373137,28:0.3713576081107852,29:0.2592742845474425,30:0.714333864163242,31:0.9043930622073061,32:0.11426693876416427,33:0.6512130426619827,34:0.13612869987683007,35:0.37832036629479326,36:0.8361006625434414,37:0.8493872570115695,38:0.524562786653687,39:0.9399073684149264,40:0.15145004032553433} with alpha 20.0 and beta 109.0, percentage 14.960629921259844
The arm 41 has vector {0:0.2396271050089369,1:0.149875888726008,2:0.8938570336786605,3:0.1311135515398344,4:0.10607683919502098,5:0.35721446636417864,6:0.9941060946203226,7:0.46931246185872755,8:0.3632137591435324,9:0.9642720813590876,10:0.38202813657423107,11:0.1275402047105203,12:0.7112018445241183,13:0.42102825286862544,14:0.6849030614501781,15:0.6926301175990264,16:0.7257591960563639,17:0.08869092808281442,18:0.053237059298906875,19:0.41182018620083305,20:0.4264175481060325,21:0.41524784285072536,22:0.04006237377997923,23:0.5300856639272754,24:0.6924176578850134,25:0.06386213173413724,26:0.08411710965429253,27:0.423669234027765,28:0.3787717701395136,29:0.1995949728736227,30:0.8255816950153004,31:0.728231910009723,32:0.9519494719220335,33:0.03226048826236061,34:0.5649864261087821,35:0.5213650141959719,36:0.9032979978124753,37:0.10170238090640438,38:0.3106575054987921,39:0.005748391999617075,40:0.9385237606946518} with alpha 116.0 and beta 447.0, percentage 20.499108734402853
The arm 42 has vector {0:0.7669501662894322,1:0.41260723850625036,2:0.1683534846933441,3:0.739619023510252,4:0.31997169454285546,5:0.13933915377815476,6:0.010090760420631728,7:0.9649798521230795,8:0.8761706891934603,9:0.2675805952064718,10:0.5349544856226748,11:0.48895418466283425,12:0.3517856433793757,13:0.19579619640693635,14:0.40328952492323955,15:0.2535242356016507,16:0.7926037926183556,17:0.6688596301033228,18:0.5032208023502699,19:0.650163233754054,20:0.611133591878176,21:0.8589721652127293,22:0.5374510350173272,23:0.29443029791695763,24:0.3251745845734504,25:0.7287360135791476,26:0.8493255662750806,27:0.770760051916608,28:0.7879751143811957,29:0.15062978716303965,30:0.09620885021195813,31:0.3879632748771106,32:0.04245876239695312,33:0.7562178447275533,34:0.450110978654364,35:0.48891383000882904,36:0.08491799655848375,37:0.08167948390673319,38:0.803118786208625,39:0.48351257463745045,40:0.24625237316678494} with alpha 32.0 and beta 134.0, percentage 18.902439024390244
The arm 43 has vector {0:0.46215106429905906,1:0.15359786134092146,2:0.3145197864791178,3:0.2912530676497126,4:0.2936942061775121,5:0.9750738536888659,6:0.640490780076529,7:0.7485671884279013,8:0.06745911994130394,9:0.17970875616003024,10:0.5449998873806078,11:0.9437856616209047,12:0.09421855400357115,13:0.005869993159042353,14:0.022876648400873667,15:0.41266650677611727,16:0.8398436125886487,17:0.5122278247030579,18:0.43139534756588294,19:0.40696036645861466,20:0.2970013827096636,21:0.16694926981101343,22:0.07183924590404034,23:0.8594516869514075,24:0.9032361005709543,25:0.2060311316991823,26:0.19281814039696743,27:0.6599434491453782,28:0.5025216671964002,29:0.7602809468856777,30:0.3497854655338374,31:0.7388380421919457,32:0.39819440427735087,33:0.6920841313654525,34:0.9581366021614723,35:0.6847408570144535,36:0.20542598470650164,37:0.5531593343210239,38:0.54031674583187,39:0.24345777351578635,40:0.9622294758120913} with alpha 3.0 and beta 30.0, percentage 6.451612903225806
The arm 44 has vector {0:0.42926266456223783,1:0.538263308670019,2:0.725205716221379,3:0.2702544251545467,4:0.02755464280363429,5:0.5255227063088468,6:0.23619358322576678,7:0.5908796573273366,8:0.5237246873840548,9:0.9042762505356894,10:0.2674704821629805,11:0.696006637590182,12:0.8207903650259676,13:0.07318342344086526,14:0.5191793414841166,15:0.42360612225344463,16:0.2282384961651528,17:0.07880604667660407,18:0.7020839796835251,19:0.9491369506920974,20:0.033320864587480514,21:0.5315226154247173,22:0.4069066346617435,23:0.05305140276268172,24:0.7582353032003656,25:0.8592022518550003,26:0.4664305457075909,27:0.30025426966790225,28:0.6108219619636304,29:0.9583060017690236,30:0.08706370835482158,31:0.22524690003251124,32:0.03898973611044687,33:0.5859657485191759,34:0.594295194189461,35:0.5566733837979129,36:0.7590899936512978,37:0.9334874013676728,38:0.1721799669409272,39:0.6870327254399458,40:0.2163995229240322} with alpha 16.0 and beta 94.0, percentage 13.88888888888889
The arm 45 has vector {0:0.5916635110730339,1:0.8639434252140524,2:0.46737656703393415,3:0.9739552760388869,4:0.6690624821968737,5:0.2692504923735489,6:0.12494823872444039,7:0.7999187588200943,8:0.7118448390800052,9:0.6763175925461967,10:0.10256650851809423,11:0.43270881494317837,12:0.035753251366417715,13:0.4566770160056669,14:0.3805230009442351,15:0.5508040460612438,16:0.3581352028487029,17:0.10484163236392818,18:0.16769106981687143,19:0.5070228288732352,20:0.2719843014871559,21:0.6984393172379996,22:0.46818355232528674,23:0.9736220088753509,24:0.14868014494060322,25:0.2657616053828975,26:0.2089773697058086,27:0.594089718382668,28:0.6431350262807962,29:0.13878065679507157,30:0.9478947739041217,31:0.588649900008746,32:0.8925648330552626,33:0.5726505188209965,34:0.42053006680229643,35:0.11886579470914393,36:0.6166584099365443,37:0.9256577521375025,38:0.10256732843743799,39:0.9277413432597934,40:0.44883283566797827} with alpha 45.0 and beta 182.0, percentage 19.555555555555557
The arm 46 has vector {0:0.8764575262428309,1:0.7561322896652198,2:0.9297767446698654,3:0.5211705911071706,4:0.3425345692179431,5:0.4339157715186682,6:0.23945241048453925,7:0.6398026411186419,8:0.7644143703089334,9:0.058584712548617746,10:0.29742181133343626,11:0.460769263636439,12:0.783625815846979,13:0.7929388394122737,14:0.17240961200948912,15:0.5041970901181231,16:0.46110080596591796,17:0.8222174993736746,18:0.2442634142228831,19:0.7031353092625936,20:0.28884849299768334,21:0.5323724793394711,22:0.3428600129896102,23:0.6291180056751416,24:0.06598082033699837,25:0.6696236915781877,26:0.02348422853249743,27:0.862327182552336,28:0.9436167432454486,29:0.4243334332919103,30:0.3390852433738174,31:0.5648813084995894,32:0.76016217887206,33:0.3873922072729684,34:0.5286922021440364,35:0.9591411687353939,36:0.18310364707261417,37:0.2588001668793739,38:0.15004034004537015,39:0.27268145079277484,40:0.912022737472286} with alpha 11.0 and beta 61.0, percentage 14.285714285714285
The arm 47 has vector {0:0.45152995743876234,1:0.04462876211086342,2:0.5937347121553157,3:0.23300848898757842,4:0.3130423626122997,5:0.6201970981174566,6:0.4751987925813783,7:0.936395013652954,8:0.13991654759677286,9:0.19189314979990457,10:0.5547182718332366,11:0.5176562492818295,12:0.4487191326812491,13:0.3413838730351242,14:0.30962296411587764,15:0.6118287855437874,16:0.3010979805432088,17:0.7313867607576967,18:0.9021720567026866,19:0.4694820162876572,20:0.28386175410326675,21:0.24961418334780694,22:0.26744742002966293,23:0.33088677572804837,24:0.7345608685985795,25:0.7958463488059442,26:0.9698788551797819,27:0.9299991238831247,28:0.21986480470322933,29:0.03438906995588875,30:0.6174529309390766,31:0.086650298378953,32:0.6739134410139603,33:0.9063730347067025,34:0.2849306605800048,35:0.9606049013040326,36:0.035364497183677845,37:0.6662592981130211,38:0.09214609285479802,39:0.9676911127472403,40:0.3332274786604231} with alpha 18.0 and beta 103.0, percentage 14.285714285714285
The arm 48 has vector {0:0.3771299335200643,1:0.5901535711820591,2:0.6118774666766968,3:0.14195607923172782,4:0.26984598134763516,5:0.1947572050475075,6:0.26925639932581347,7:0.9958465184001565,8:0.20057898893568293,9:0.6516522693688965,10:0.6755844624772616,11:0.9382368278052502,12:0.8090177523131514,13:0.3322370275243912,14:0.7949188343232243,15:0.312603508225866,16:0.3314369507574406,17:0.27181797018493215,18:0.6030931127066701,19:0.0756768943832854,20:0.3971332234418361,21:0.008946341745074471,22:0.9343328902304916,23:0.5666254978202377,24:0.9093241608581754,25:0.8163384531921161,26:0.7246939513233822,27:0.8142443531445097,28:0.8850930313547541,29:0.47772905037124724,30:0.2780777214602955,31:0.7454212252412202,32:0.20732961325551735,33:0.8980684189484343,34:0.2471762524846517,35:0.8667277744154599,36:0.2071862634245344,37:0.8072157392328266,38:0.6935218957534242,39:0.36166865150542793,40:0.08404359542964845} with alpha 184.0 and beta 653.0, percentage 21.916167664670656
The arm 49 has vector {0:0.5829591868610874,1:0.9298800668443017,2:0.5732617885353539,3:0.11166148340706761,4:0.7557194464718139,5:0.3772978837306261,6:0.7207299466941222,7:0.9963077285342088,8:0.6352600255954077,9:0.9238968937450739,10:0.5770408999315759,11:0.5842768682779467,12:0.03735788378674365,13:0.25996351486871205,14:0.09227261163696521,15:0.4138436743418349,16:0.17925082557115224,17:0.2107197070966994,18:0.985364602901174,19:0.17589687015168065,20:0.20309648079841425,21:0.7556887769976091,22:0.6306320812008513,23:0.6325171997686646,24:0.6304350028905148,25:0.5125864872243763,26:0.7526459352248909,27:0.4221391325316328,28:0.9733986463652684,29:0.8582416640322358,30:0.5089546846836247,31:0.6958496900347145,32:0.15657470306147414,33:0.4561396159628892,34:0.6844902770867609,35:0.26196148997915447,36:0.4824503859993423,37:0.2438388825232507,38:0.02157097819063114,39:0.17328855151933542,40:0.4661822397375268} with alpha 31.0 and beta 136.0, percentage 18.181818181818183
The best arm is 48 with vector {0:0.3771299335200643,1:0.5901535711820591,2:0.6118774666766968,3:0.14195607923172782,4:0.26984598134763516,5:0.1947572050475075,6:0.26925639932581347,7:0.9958465184001565,8:0.20057898893568293,9:0.6516522693688965,10:0.6755844624772616,11:0.9382368278052502,12:0.8090177523131514,13:0.3322370275243912,14:0.7949188343232243,15:0.312603508225866,16:0.3314369507574406,17:0.27181797018493215,18:0.6030931127066701,19:0.0756768943832854,20:0.3971332234418361,21:0.008946341745074471,22:0.9343328902304916,23:0.5666254978202377,24:0.9093241608581754,25:0.8163384531921161,26:0.7246939513233822,27:0.8142443531445097,28:0.8850930313547541,29:0.47772905037124724,30:0.2780777214602955,31:0.7454212252412202,32:0.20732961325551735,33:0.8980684189484343,34:0.2471762524846517,35:0.8667277744154599,36:0.2071862634245344,37:0.8072157392328266,38:0.6935218957534242,39:0.36166865150542793,40:0.08404359542964845} with alpha 184.0 and beta 653.0, percentage 21.916167664670656
The right guesses are: 1015 which means 16.916666666666664% correct
Done
The current arm is 48 with vector {0:0.3771299335200643,1:0.5901535711820591,2:0.6118774666766968,3:0.14195607923172782,4:0.26984598134763516,5:0.1947572050475075,6:0.26925639932581347,7:0.9958465184001565,8:0.20057898893568293,9:0.6516522693688965,10:0.6755844624772616,11:0.9382368278052502,12:0.8090177523131514,13:0.3322370275243912,14:0.7949188343232243,15:0.312603508225866,16:0.3314369507574406,17:0.27181797018493215,18:0.6030931127066701,19:0.0756768943832854,20:0.3971332234418361,21:0.008946341745074471,22:0.9343328902304916,23:0.5666254978202377,24:0.9093241608581754,25:0.8163384531921161,26:0.7246939513233822,27:0.8142443531445097,28:0.8850930313547541,29:0.47772905037124724,30:0.2780777214602955,31:0.7454212252412202,32:0.20732961325551735,33:0.8980684189484343,34:0.2471762524846517,35:0.8667277744154599,36:0.2071862634245344,37:0.8072157392328266,38:0.6935218957534242,39:0.36166865150542793,40:0.08404359542964845} with alpha 121.0 and beta 543.0
The order information:
Date: 2012-05-09T17:07:05.000+01:00
It predicted these items for order 1778911 :
   31560 with score of 1.9137231241935075
   752 with score of 1.2272615027552847
   27900 with score of 1.1131868745995226
   748 with score of 1.0744819409681274
   31553 with score of 0.9639285442041534
   23467 with score of 0.9522463045717963
   1663 with score of 0.9201065935650969
   572 with score of 0.9186450310502984
   23469 with score of 0.9046927859434043
   11380 with score of 0.8478787872384802
These are the actual items bought: 
   11832
   30233
The current arm is 48 with vector {0:0.3771299335200643,1:0.5901535711820591,2:0.6118774666766968,3:0.14195607923172782,4:0.26984598134763516,5:0.1947572050475075,6:0.26925639932581347,7:0.9958465184001565,8:0.20057898893568293,9:0.6516522693688965,10:0.6755844624772616,11:0.9382368278052502,12:0.8090177523131514,13:0.3322370275243912,14:0.7949188343232243,15:0.312603508225866,16:0.3314369507574406,17:0.27181797018493215,18:0.6030931127066701,19:0.0756768943832854,20:0.3971332234418361,21:0.008946341745074471,22:0.9343328902304916,23:0.5666254978202377,24:0.9093241608581754,25:0.8163384531921161,26:0.7246939513233822,27:0.8142443531445097,28:0.8850930313547541,29:0.47772905037124724,30:0.2780777214602955,31:0.7454212252412202,32:0.20732961325551735,33:0.8980684189484343,34:0.2471762524846517,35:0.8667277744154599,36:0.2071862634245344,37:0.8072157392328266,38:0.6935218957534242,39:0.36166865150542793,40:0.08404359542964845} with alpha 295.0 and beta 1369.0
The order information:
Date: 2012-05-10T17:54:43.000+01:00
It predicted these items for order 1779917 :
   31560 with score of 1.784188930477762
   752 with score of 1.1344590190258164
   21714 with score of 1.1087071132947983
   5003 with score of 1.0984962313967395
   29669 with score of 1.0788033397442351
   23467 with score of 1.0177616000827954
   23469 with score of 0.9912305120186841
   27900 with score of 0.9761025141649966
   21803 with score of 0.9669242875794338
   748 with score of 0.965598773190965
These are the actual items bought: 
   30342
   23374
   32289
The current arm is 48 with vector {0:0.3771299335200643,1:0.5901535711820591,2:0.6118774666766968,3:0.14195607923172782,4:0.26984598134763516,5:0.1947572050475075,6:0.26925639932581347,7:0.9958465184001565,8:0.20057898893568293,9:0.6516522693688965,10:0.6755844624772616,11:0.9382368278052502,12:0.8090177523131514,13:0.3322370275243912,14:0.7949188343232243,15:0.312603508225866,16:0.3314369507574406,17:0.27181797018493215,18:0.6030931127066701,19:0.0756768943832854,20:0.3971332234418361,21:0.008946341745074471,22:0.9343328902304916,23:0.5666254978202377,24:0.9093241608581754,25:0.8163384531921161,26:0.7246939513233822,27:0.8142443531445097,28:0.8850930313547541,29:0.47772905037124724,30:0.2780777214602955,31:0.7454212252412202,32:0.20732961325551735,33:0.8980684189484343,34:0.2471762524846517,35:0.8667277744154599,36:0.2071862634245344,37:0.8072157392328266,38:0.6935218957534242,39:0.36166865150542793,40:0.08404359542964845} with alpha 503.0 and beta 2161.0
The order information:
Date: 2012-05-11T22:39:32.000+01:00
It predicted these items for order 1780921 :
   31560 with score of 1.7825161080310143
   752 with score of 1.1706894117806812
   748 with score of 1.0950599032505424
   27900 with score of 0.969859015307365
   20430 with score of 0.948398281758036
   21714 with score of 0.9230215693848427
   5003 with score of 0.9102263852026997
   29669 with score of 0.8979940363671566
   27576 with score of 0.8822059421577149
   11832 with score of 0.8566071721620905
These are the actual items bought: 
   31776
The current arm is 48 with vector {0:0.3771299335200643,1:0.5901535711820591,2:0.6118774666766968,3:0.14195607923172782,4:0.26984598134763516,5:0.1947572050475075,6:0.26925639932581347,7:0.9958465184001565,8:0.20057898893568293,9:0.6516522693688965,10:0.6755844624772616,11:0.9382368278052502,12:0.8090177523131514,13:0.3322370275243912,14:0.7949188343232243,15:0.312603508225866,16:0.3314369507574406,17:0.27181797018493215,18:0.6030931127066701,19:0.0756768943832854,20:0.3971332234418361,21:0.008946341745074471,22:0.9343328902304916,23:0.5666254978202377,24:0.9093241608581754,25:0.8163384531921161,26:0.7246939513233822,27:0.8142443531445097,28:0.8850930313547541,29:0.47772905037124724,30:0.2780777214602955,31:0.7454212252412202,32:0.20732961325551735,33:0.8980684189484343,34:0.2471762524846517,35:0.8667277744154599,36:0.2071862634245344,37:0.8072157392328266,38:0.6935218957534242,39:0.36166865150542793,40:0.08404359542964845} with alpha 729.0 and beta 2935.0
The order information:
Date: 2012-05-13T15:53:25.000+01:00
It predicted these items for order 1781930 :
   31560 with score of 1.7765503065881125
   27900 with score of 1.526953921651058
   21777 with score of 1.2848680955177056
   31865 with score of 1.2764547630858778
   31634 with score of 1.2754488575117362
   31854 with score of 1.2754488575117362
   21252 with score of 1.2744429519375946
   31845 with score of 1.273963037969712
   24355 with score of 1.2543669307622152
   29011 with score of 1.2402167232054224
These are the actual items bought: 
   2084
   29003
   31950
   20990
   31940
   30573
   20678
   30195
   25363
   27900
The current arm is 48 with vector {0:0.3771299335200643,1:0.5901535711820591,2:0.6118774666766968,3:0.14195607923172782,4:0.26984598134763516,5:0.1947572050475075,6:0.26925639932581347,7:0.9958465184001565,8:0.20057898893568293,9:0.6516522693688965,10:0.6755844624772616,11:0.9382368278052502,12:0.8090177523131514,13:0.3322370275243912,14:0.7949188343232243,15:0.312603508225866,16:0.3314369507574406,17:0.27181797018493215,18:0.6030931127066701,19:0.0756768943832854,20:0.3971332234418361,21:0.008946341745074471,22:0.9343328902304916,23:0.5666254978202377,24:0.9093241608581754,25:0.8163384531921161,26:0.7246939513233822,27:0.8142443531445097,28:0.8850930313547541,29:0.47772905037124724,30:0.2780777214602955,31:0.7454212252412202,32:0.20732961325551735,33:0.8980684189484343,34:0.2471762524846517,35:0.8667277744154599,36:0.2071862634245344,37:0.8072157392328266,38:0.6935218957534242,39:0.36166865150542793,40:0.08404359542964845} with alpha 926.0 and beta 3738.0
The order information:
Date: 2012-05-14T16:46:54.000+01:00
It predicted these items for order 1782931 :
   31560 with score of 1.7584234684664883
   748 with score of 1.2706881210284724
   752 with score of 1.2051035197095443
   21714 with score of 0.9905303200268234
   5003 with score of 0.9856670453582768
   20430 with score of 0.9750811192902067
   27576 with score of 0.9621090284207512
   27900 with score of 0.9611222845767773
   29669 with score of 0.9271534801495682
   31553 with score of 0.9080895539361518
These are the actual items bought: 
   32564
The current arm is 48 with vector {0:0.3771299335200643,1:0.5901535711820591,2:0.6118774666766968,3:0.14195607923172782,4:0.26984598134763516,5:0.1947572050475075,6:0.26925639932581347,7:0.9958465184001565,8:0.20057898893568293,9:0.6516522693688965,10:0.6755844624772616,11:0.9382368278052502,12:0.8090177523131514,13:0.3322370275243912,14:0.7949188343232243,15:0.312603508225866,16:0.3314369507574406,17:0.27181797018493215,18:0.6030931127066701,19:0.0756768943832854,20:0.3971332234418361,21:0.008946341745074471,22:0.9343328902304916,23:0.5666254978202377,24:0.9093241608581754,25:0.8163384531921161,26:0.7246939513233822,27:0.8142443531445097,28:0.8850930313547541,29:0.47772905037124724,30:0.2780777214602955,31:0.7454212252412202,32:0.20732961325551735,33:0.8980684189484343,34:0.2471762524846517,35:0.8667277744154599,36:0.2071862634245344,37:0.8072157392328266,38:0.6935218957534242,39:0.36166865150542793,40:0.08404359542964845} with alpha 1081.0 and beta 4583.0
The order information:
Date: 2012-05-15T15:02:20.000+01:00
It predicted these items for order 1783936 :
   31560 with score of 1.7210073249381939
   748 with score of 1.2890747359846548
   752 with score of 1.1500921269012951
   27576 with score of 0.9951068415611601
   5003 with score of 0.9906782909891292
   21714 with score of 0.9864286145586882
   20430 with score of 0.9539643179420331
   27900 with score of 0.9336141959036239
   29669 with score of 0.9188886105865506
   31553 with score of 0.8985500233393495
These are the actual items bought: 
   12096
The arm 48 has vector {0:0.3771299335200643,1:0.5901535711820591,2:0.6118774666766968,3:0.14195607923172782,4:0.26984598134763516,5:0.1947572050475075,6:0.26925639932581347,7:0.9958465184001565,8:0.20057898893568293,9:0.6516522693688965,10:0.6755844624772616,11:0.9382368278052502,12:0.8090177523131514,13:0.3322370275243912,14:0.7949188343232243,15:0.312603508225866,16:0.3314369507574406,17:0.27181797018493215,18:0.6030931127066701,19:0.0756768943832854,20:0.3971332234418361,21:0.008946341745074471,22:0.9343328902304916,23:0.5666254978202377,24:0.9093241608581754,25:0.8163384531921161,26:0.7246939513233822,27:0.8142443531445097,28:0.8850930313547541,29:0.47772905037124724,30:0.2780777214602955,31:0.7454212252412202,32:0.20732961325551735,33:0.8980684189484343,34:0.2471762524846517,35:0.8667277744154599,36:0.2071862634245344,37:0.8072157392328266,38:0.6935218957534242,39:0.36166865150542793,40:0.08404359542964845} with alpha 1164.0 and beta 4838.0, percentage 19.383333333333333
The best arm is 48 with vector {0:0.3771299335200643,1:0.5901535711820591,2:0.6118774666766968,3:0.14195607923172782,4:0.26984598134763516,5:0.1947572050475075,6:0.26925639932581347,7:0.9958465184001565,8:0.20057898893568293,9:0.6516522693688965,10:0.6755844624772616,11:0.9382368278052502,12:0.8090177523131514,13:0.3322370275243912,14:0.7949188343232243,15:0.312603508225866,16:0.3314369507574406,17:0.27181797018493215,18:0.6030931127066701,19:0.0756768943832854,20:0.3971332234418361,21:0.008946341745074471,22:0.9343328902304916,23:0.5666254978202377,24:0.9093241608581754,25:0.8163384531921161,26:0.7246939513233822,27:0.8142443531445097,28:0.8850930313547541,29:0.47772905037124724,30:0.2780777214602955,31:0.7454212252412202,32:0.20732961325551735,33:0.8980684189484343,34:0.2471762524846517,35:0.8667277744154599,36:0.2071862634245344,37:0.8072157392328266,38:0.6935218957534242,39:0.36166865150542793,40:0.08404359542964845} with alpha 1164.0 and beta 4838.0, percentage 19.383333333333333
The right guesses are: 1163 which means 19.383333333333333% correct
Done
454
