Items: 31014,2,2012-03-22 09:35:15.730000000,2013-01-31 22:08:19.360000000,0,0000000000000000000000000000000000000000000000000000000000000000000000000000000000000000000010000000000000000000000000000000000000000000000000000000000000000000000000000000000000000000000000000000000000000000000000000000000000000000000000000000000000000000
Items: 16065,3,2010-10-12 09:05:28.623000000,2011-10-19 12:41:59.293000000,0,0000000000000000000000000000000000000000000000000000000000000000000000000000000000000000000100000000000000000000000000000000000000000000000000000000000000000000000000000000000000000000000000000000000000000000000000000000000000000000000000000000000000000000
Items: 2897,1,2010-07-28 15:55:07.423000000,2013-07-15 05:02:15.650000000,0,0000000000000000000000000000000000000000000000000000000000000000000000000000000000000000000100000000000000000000000000000000000000000000000000000000000000000000000000000000000000000000000000000000000000000000000000000000000000000000000000000000000000000000
Users: 46671,2009-07-31 17:52:05.423000000,45238,,0
Users: 117404,2012-02-11 18:20:17.737000000,30295,1989-02-13 00:00:00,1
Users: 185087,2009-07-31 19:48:45.310000000,54234,1986-06-04 00:00:00,1
Users: 242612,2011-12-03 21:34:16.640000000,90627,1990-07-23 00:00:00,2
Users: 294436,2011-03-16 09:05:23.647000000,72233,1994-04-25 00:00:00,1
Users: 345704,2011-11-11 20:55:14.437000000,68600,1994-06-05 00:00:00,2
Users: 399809,2012-09-17 14:43:42.033000000,44491,1997-12-12 00:00:00,1
Users: 455390,2012-12-20 16:02:28.573000000,3274,1978-06-02 00:00:00,2
Users: 525182,2013-07-28 12:33:53.590000000,53372,1990-06-17 00:00:00,0
Orders: 35022,1033356,1457,2009-10-18 21:46:53.347000000
Orders: 214698,1082559,614,2010-01-24 20:16:55.153000000
Orders: 226305,1122161,1501,2010-03-20 16:23:03.950000000
Orders: 46541,1167569,11120,2010-05-26 12:55:02.417000000
Orders: 75824,1208142,11119,2010-07-27 23:14:48.377000000
Orders: 13287,1248778,12826,2010-09-21 21:56:27.157000000
Orders: 272654,1296031,653,2010-12-01 18:41:36.730000000
Orders: 285359,1344258,18628,2011-01-28 14:59:09.743000000
Orders: 157456,1388262,18371,2011-03-17 11:46:02.120000000
Orders: 307265,1432210,758,2011-04-29 21:28:48.340000000
Orders: 271030,1473349,21803,2011-06-14 15:24:35.467000000
Orders: 275827,1511037,21829,2011-07-28 21:58:50.970000000
Orders: 62527,1550712,24845,2011-09-10 18:44:47.023000000
Orders: 293365,1597283,27523,2011-11-12 08:21:31.203000000
Orders: 158173,1649466,24361,2011-12-28 14:06:54.430000000
Orders: 371623,1691322,28947,2012-01-31 15:54:20.570000000
Orders: 151193,1739094,2144,2012-03-22 17:02:48.527000000
Orders: 71320,1784958,7874,2012-05-16 17:00:59.817000000
Orders: 287161,1827735,20480,2012-06-29 22:23:24.193000000
Orders: 271514,1866722,31203,2012-08-11 21:38:56.863000000
Orders: 428803,1915657,35460,2012-10-09 20:15:44.210000000
Orders: 444954,1966435,29677,2012-12-01 22:51:49.073000000
Orders: 460415,2018674,31695,2013-01-07 22:20:30.543000000
Orders: 381441,2066329,35170,2013-02-19 22:08:16.833000000
Orders: 485606,2112774,39306,2013-03-26 15:04:37.277000000
Orders: 423890,2161061,11304,2013-05-03 09:35:38.190000000
Orders: 314770,2207605,26096,2013-06-05 19:04:54.837000000
Orders: 287308,2249841,40450,2013-07-13 20:23:09.463000000
Orders: 255027,2289235,33612,2013-08-13 17:15:05.073000000
Orders: 466261,2331294,43871,2013-09-15 21:02:00.180000000
Orders: 446724,2379393,448,2013-11-01 19:20:53.627000000

Startup information:
First order in training stage: 700000
First order in evaluation stage: 771338
Last order in evaluation stage: 777338

Number of orders in training stage: 71338
Number of orders in evaluation stage: 6000

The current arm is 30 with vector {0:0.7725919986444266,1:0.24311879457506225,2:0.5944085265388471,3:0.6803716291793003,4:0.7433289244658253,5:0.9343325107930315,6:0.9294233718755858,7:0.023885534371631212,8:0.3033116066506213,9:0.2024541898331128,10:0.5035124696215472,11:0.4571158930417779,12:0.474749676288184,13:0.5483714997674785,14:0.2766426775203529,15:0.025136773160895465,16:0.8299693745284418,17:0.4411910014723862,18:0.49449131597881524,19:0.44948383492049504,20:0.7008256055922004,21:0.3744326284398195,22:0.2523628852342855,23:0.7909187766006254,24:0.6852861001051345,25:0.7652410484036157,26:0.6301559879682426,27:0.07797668030855431,28:0.494769573916662,29:0.8060256132501816,30:0.5273832174156708,31:0.6578944840948342,32:0.6739972372458388,33:0.86424707916544,34:0.025021896026093504,35:0.9483332613160754,36:0.08815684999846418,37:0.3989321199689395,38:0.3361915600520047,39:0.5696890306659306,40:0.49982558967519153} with alpha 2.0 and beta 11.0
The order information:
Date: 2012-05-09T17:07:05.000+02:00
It predicted these items for order 1778911 :
   31560 with score of 2.477118190142776
   1693 with score of 2.4502534339032835
   13688 with score of 2.4502534339032835
   21769 with score of 2.4502534339032835
   25013 with score of 2.4502534339032835
   31278 with score of 2.4502534339032835
   31911 with score of 2.231811323613312
   752 with score of 2.231330943259515
   28913 with score of 1.983109585199424
   25015 with score of 1.9830871785067676
These are the actual items bought: 
   11832
   30233
The current arm is 17 with vector {0:0.07387772899341638,1:0.9236997358629615,2:0.95682557694468,3:0.6016905500912998,4:0.7302489261392151,5:0.2796588958423808,6:0.5632547479379995,7:0.7297697510448797,8:0.7862560967386505,9:0.8760122391986801,10:0.30521995252957956,11:0.29783412791054154,12:0.0792494463589214,13:0.6761123790559926,14:0.5581376080984716,15:0.5718943250034247,16:0.941889661407756,17:0.7433299010709685,18:0.746168332437825,19:0.38341328192166757,20:0.7227372028242548,21:0.38807653097675654,22:0.5861452303342629,23:0.9754043596706478,24:0.602336177901567,25:0.01968729911084577,26:0.4434685525877754,27:0.6818767498907897,28:0.330394591873019,29:0.416753567514639,30:0.002709267821356276,31:0.9494866054141179,32:0.08637209129559131,33:0.5734769123152935,34:0.4996814665633703,35:0.8975096910099082,36:0.012232440203530537,37:0.9412956899195363,38:0.6911466934103802,39:0.5732515302465991,40:0.060238311780923315} with alpha 38.0 and beta 101.0
The order information:
Date: 2012-05-10T17:54:43.000+02:00
It predicted these items for order 1779917 :
   31560 with score of 1.9685927780675954
   752 with score of 1.4477612375819335
   5003 with score of 1.4165622784749823
   21714 with score of 1.2816876331654081
   31774 with score of 1.198604480620796
   23467 with score of 1.177715574007967
   23390 with score of 1.1533848433255292
   748 with score of 1.1443817291215326
   23469 with score of 1.1394136376363568
   29669 with score of 1.1302847038628232
These are the actual items bought: 
   30342
   23374
   32289
The current arm is 17 with vector {0:0.07387772899341638,1:0.9236997358629615,2:0.95682557694468,3:0.6016905500912998,4:0.7302489261392151,5:0.2796588958423808,6:0.5632547479379995,7:0.7297697510448797,8:0.7862560967386505,9:0.8760122391986801,10:0.30521995252957956,11:0.29783412791054154,12:0.0792494463589214,13:0.6761123790559926,14:0.5581376080984716,15:0.5718943250034247,16:0.941889661407756,17:0.7433299010709685,18:0.746168332437825,19:0.38341328192166757,20:0.7227372028242548,21:0.38807653097675654,22:0.5861452303342629,23:0.9754043596706478,24:0.602336177901567,25:0.01968729911084577,26:0.4434685525877754,27:0.6818767498907897,28:0.330394591873019,29:0.416753567514639,30:0.002709267821356276,31:0.9494866054141179,32:0.08637209129559131,33:0.5734769123152935,34:0.4996814665633703,35:0.8975096910099082,36:0.012232440203530537,37:0.9412956899195363,38:0.6911466934103802,39:0.5732515302465991,40:0.060238311780923315} with alpha 52.0 and beta 171.0
The order information:
Date: 2012-05-11T22:39:32.000+02:00
It predicted these items for order 1780921 :
   31560 with score of 1.9682281577158887
   752 with score of 1.4858235977222918
   748 with score of 1.3255175385020088
   21714 with score of 1.118661797352609
   27900 with score of 1.1074109494497173
   29669 with score of 1.0976651286822503
   20430 with score of 1.0930143098621683
   27576 with score of 1.0893765908012276
   5003 with score of 1.0835469234740658
   23467 with score of 1.0501452346223756
These are the actual items bought: 
   31776
The current arm is 10 with vector {0:0.28953168014011443,1:0.7234916372489963,2:0.4705792646893193,3:0.13735713692530493,4:0.9986499647269658,5:0.18966198693536418,6:0.600529096084905,7:0.40303642546719676,8:0.5777557145119524,9:0.6008984456207462,10:0.4401026395948827,11:0.3944156729521491,12:0.7462696966953685,13:0.5589100414974132,14:0.1306529808778213,15:0.46699907143495145,16:0.45338347153189884,17:0.7322989686492081,18:0.2037502522202289,19:0.027705550958024294,20:0.024182248423583075,21:0.37491210008280207,22:0.240331731323435,23:0.5704594112420422,24:0.17732456035607036,25:0.3474155957878834,26:0.9870695392286808,27:0.05307269741072196,28:0.787976280194165,29:0.2326297473984592,30:0.9271577859315715,31:0.34828803262812524,32:0.8987855135784469,33:0.7461236777310244,34:0.6876908844734505,35:0.7252038857762255,36:0.9575386103853522,37:0.04698511738185163,38:0.059065926239279865,39:0.2095344910065724,40:0.7651756364476161} with alpha 23.0 and beta 69.0
The order information:
Date: 2012-05-13T15:53:25.000+02:00
It predicted these items for order 1781930 :
   31560 with score of 1.408695261226743
   752 with score of 1.2026153993570166
   748 with score of 1.1282213773766567
   27900 with score of 0.9149784150356106
   21714 with score of 0.8805977954237245
   5003 with score of 0.8409300077329551
   29669 with score of 0.8322466021190873
   27576 with score of 0.8187411151260034
   12338 with score of 0.7848525280890556
   20430 with score of 0.7839640830113784
These are the actual items bought: 
   2084
   29003
   31950
   20990
   31940
   30573
   20678
   30195
   25363
   27900
The current arm is 1 with vector {0:0.34746242701659324,1:0.19899775236378947,2:0.5970853783912315,3:0.9007024836964637,4:0.3116268980904561,5:0.2031515558468847,6:0.47608946834593713,7:0.823365374737845,8:0.15132816463810195,9:0.3100011347623677,10:0.6696463704297688,11:0.550579971283047,12:0.8398392885373348,13:0.15184398934175036,14:0.3259161264937176,15:0.22193049930516173,16:0.27359655398984417,17:0.014443236431259221,18:0.4194755318380321,19:0.548022660216803,20:0.44997382558659305,21:0.011796454436448278,22:0.1567629952270322,23:0.20839604433652015,24:0.5243069447840067,25:0.14155520125962906,26:0.4758961073489595,27:0.9167829979214537,28:0.006496257953176099,29:0.7684717517084951,30:0.3597962439516491,31:0.03635058283347181,32:0.9092312575619306,33:0.7742997296485672,34:0.9078639255388841,35:0.32485505742375675,36:0.06082706931713777,37:0.3868329147739469,38:0.3577831780348114,39:0.7667241730040676,40:0.7610592211269241} with alpha 41.0 and beta 133.0
The order information:
Date: 2012-05-14T16:46:54.000+02:00
It predicted these items for order 1782931 :
   31560 with score of 2.499501368357458
   748 with score of 2.1239351894894676
   752 with score of 2.0367692118643577
   21714 with score of 1.7669687392926932
   5003 with score of 1.7512673713044626
   27576 with score of 1.7426270881459773
   20430 with score of 1.7099272254799152
   27900 with score of 1.7072391289451683
   29669 with score of 1.7043112912433789
   23467 with score of 1.6676959698047709
These are the actual items bought: 
   32564
The current arm is 45 with vector {0:0.46506232947945503,1:0.6422738460967393,2:0.20454021770345965,3:0.5024436028319825,4:0.11218571514099984,5:0.17836676427228149,6:0.17487018596408332,7:0.40494688219719455,8:0.26384822970567445,9:0.7151184124907327,10:0.5243641253832629,11:0.30913457562699953,12:0.9227688816087946,13:0.6810697000584623,14:0.09802570104984965,15:0.8303467222767582,16:0.2672015374351353,17:0.5594782871582399,18:0.9428933000012802,19:0.9856333950574999,20:0.6574075170997514,21:0.2683613909993102,22:0.6201781325976095,23:0.42973485908293274,24:0.6670323561252206,25:0.3734269821151386,26:0.09111017125350196,27:0.9497914380728492,28:0.9697133304861818,29:0.15230191288678707,30:0.8172908787678473,31:0.7288281047492907,32:0.7949758862939861,33:0.04634797877653174,34:0.24738804323945662,35:0.5677060309963028,36:0.20799053771784348,37:0.3314637755358212,38:0.4358791449752569,39:0.5453953124679932,40:0.6394198801926242} with alpha 115.0 and beta 426.0
The order information:
Date: 2012-05-15T15:02:20.000+02:00
It predicted these items for order 1783936 :
   31560 with score of 1.5072126247476025
   748 with score of 1.3478765286908863
   752 with score of 1.268942199385056
   27576 with score of 1.1987739794205696
   21714 with score of 1.1896568560415046
   5003 with score of 1.18922577652675
   20430 with score of 1.16440565122926
   29669 with score of 1.1603199164777875
   27900 with score of 1.157610096876557
   21671 with score of 1.156067244524862
These are the actual items bought: 
   12096
The arm 0 has vector {0:0.8127127122541062,1:0.4720493314163259,2:0.9030535564650111,3:0.3192219625564253,4:0.7658098954519551,5:0.6565229791250438,6:0.32083470077267195,7:0.37423802825518304,8:0.5609564088801666,9:0.8745087764198655,10:0.760486096218615,11:0.9818261071925399,12:0.1849231271455326,13:0.9879407932146351,14:0.28893777324001424,15:0.8683911982533543,16:0.7381566496532025,17:0.5541209447233831,18:0.5164238874935067,19:0.23765705633287004,20:0.8880230400760297,21:0.9459189734823603,22:0.24698337060998743,23:0.14066874746857883,24:0.2888952052387913,25:0.8911516933676052,26:0.4223487709202606,27:0.01856430387979935,28:0.880324429034468,29:0.768826461998211,30:0.7174403363328646,31:0.8979889378852343,32:0.978834968834846,33:0.18749725105454096,34:0.2548586299645704,35:0.46739175347363304,36:0.733764460088322,37:0.4292145491402821,38:0.49784981786574956,39:0.9288982947977001,40:0.10760466265979118} with alpha 18.0 and beta 99.0, percentage 14.782608695652174
The arm 1 has vector {0:0.34746242701659324,1:0.19899775236378947,2:0.5970853783912315,3:0.9007024836964637,4:0.3116268980904561,5:0.2031515558468847,6:0.47608946834593713,7:0.823365374737845,8:0.15132816463810195,9:0.3100011347623677,10:0.6696463704297688,11:0.550579971283047,12:0.8398392885373348,13:0.15184398934175036,14:0.3259161264937176,15:0.22193049930516173,16:0.27359655398984417,17:0.014443236431259221,18:0.4194755318380321,19:0.548022660216803,20:0.44997382558659305,21:0.011796454436448278,22:0.1567629952270322,23:0.20839604433652015,24:0.5243069447840067,25:0.14155520125962906,26:0.4758961073489595,27:0.9167829979214537,28:0.006496257953176099,29:0.7684717517084951,30:0.3597962439516491,31:0.03635058283347181,32:0.9092312575619306,33:0.7742997296485672,34:0.9078639255388841,35:0.32485505742375675,36:0.06082706931713777,37:0.3868329147739469,38:0.3577831780348114,39:0.7667241730040676,40:0.7610592211269241} with alpha 55.0 and beta 231.0, percentage 19.014084507042252
The arm 2 has vector {0:0.018026658098860948,1:0.8576452661766332,2:0.6467447977447235,3:0.7332400208723059,4:0.3261160116748808,5:0.27433999379130347,6:0.19864923936141854,7:0.21751035060257817,8:0.8935817206490987,9:0.05216030443356168,10:0.7201191773857432,11:0.0055374035877143735,12:0.5649106872855321,13:0.8910950293889804,14:0.3202082339281407,15:0.22456076466717978,16:0.9282974877308183,17:0.4020359052884185,18:0.7326004561213677,19:0.3843854323898326,20:0.49383377295680464,21:0.03103344645215267,22:0.8881742539157091,23:0.6798722758033189,24:0.1492797533261354,25:0.5218645952357558,26:0.2760975857750525,27:0.3143886957311731,28:0.04191909387725323,29:0.49591534511314317,30:0.3141582308818148,31:0.15241397853225136,32:0.8938203868762575,33:0.5618805520223902,34:0.12769658806182216,35:0.03758729455927268,36:0.007913495876185506,37:0.4463466564429397,38:0.4144730456705089,39:0.09092831793126233,40:0.4443873415833328} with alpha 4.0 and beta 40.0, percentage 7.142857142857142
The arm 3 has vector {0:0.07681068302584837,1:0.2308417469904881,2:0.25124955543155136,3:0.3223724976749308,4:0.4384219240465872,5:0.04118930403850318,6:0.9163900463812457,7:0.4655281685165974,8:0.9305955551902978,9:0.30052514505578154,10:0.4236563519064507,11:0.16078546098060442,12:0.8941753813734945,13:0.913116512446355,14:0.8608000495219389,15:0.8652832204831338,16:0.6732265156702867,17:0.9021620084132445,18:0.7400239925170371,19:0.16415824255001987,20:0.4127643262127899,21:0.25918069262015864,22:0.6099936653004763,23:0.5729411472799121,24:0.8981878966021198,25:0.5249281878145005,26:0.4840098504719301,27:0.15052366135566098,28:0.6717389065177126,29:0.24021142867682843,30:0.22906193419423604,31:0.99300251954558,32:0.6438854794522263,33:0.29179126224437646,34:0.6377429657366981,35:0.21723891535776774,36:0.65066208191719,37:0.8938481079746432,38:0.1643261859385069,39:0.04563943281691096,40:7.266905534651924E-4} with alpha 26.0 and beta 133.0, percentage 15.92356687898089
The arm 4 has vector {0:0.3164366156518632,1:0.5744396678973971,2:0.5004562178107275,3:0.24113167180858086,4:0.8241426885109635,5:0.326415552533189,6:0.40176639281476445,7:0.9610958663753364,8:0.5963222031684596,9:0.08102582246829482,10:0.428155871034529,11:0.6950067099553534,12:0.7431950504953758,13:0.49228690033264466,14:0.27508196200774526,15:0.9227891736926582,16:0.95128378437248,17:0.2567068612114246,18:0.4166415519416524,19:0.7704264704791713,20:0.5570804587736402,21:0.9503453784162206,22:0.7654137672730565,23:0.6632694134728044,24:0.009812877886390958,25:0.1370647585391509,26:0.02964107976504049,27:0.9310830608284791,28:0.2412349061898662,29:0.5873655281667044,30:0.6601140035714196,31:0.954838451882513,32:0.5089860417863452,33:0.19975087391446344,34:0.8880788740910369,35:0.9544093049212562,36:0.6874594019317053,37:0.7095657092642941,38:0.1764297746983321,39:0.21959762112839099,40:0.5731447033787174} with alpha 39.0 and beta 172.0, percentage 18.181818181818183
The arm 5 has vector {0:0.28762494892322155,1:0.9683251136174202,2:0.8878871842633619,3:0.4283691614388052,4:0.337485398053059,5:0.5815305645134513,6:0.7019363148796557,7:0.5250531073619065,8:0.5719397717680956,9:0.3799397039140957,10:0.768538196967715,11:0.3461521524468133,12:0.032983230262375485,13:0.7512351380196965,14:0.6410316346759278,15:0.32378015877080013,16:0.18416609563570185,17:0.7964457896321693,18:0.4327305526152265,19:0.9343577806413379,20:0.590559708500449,21:0.9987985115234739,22:0.5288149234142523,23:0.874703652678391,24:0.810246997391128,25:0.31744609918350064,26:0.4291581518885357,27:0.2834858168474629,28:0.9866226011134943,29:0.4761804039598585,30:0.853257142301086,31:0.14519267591984686,32:0.7378046936348857,33:0.8808761044147748,34:0.11300233930431458,35:0.8201578543411071,36:0.5057039393133572,37:0.033311877399319734,38:0.07231127577287488,39:0.5592381416932405,40:0.5277532720089189} with alpha 16.0 and beta 89.0, percentage 14.563106796116504
The arm 6 has vector {0:0.3966618077385823,1:0.6828276005204401,2:0.4949650817544258,3:0.6417370641407533,4:0.6865148048785727,5:0.36677000599863174,6:0.6285869879684675,7:0.8191854313373959,8:0.5598710952842165,9:0.29757570461030414,10:0.6670501711019275,11:0.7009382638537704,12:0.7045981519098546,13:0.20728583883726026,14:0.9485228876583014,15:0.2074645813767808,16:0.8937692889524401,17:0.4315427663125274,18:0.3408780105025816,19:0.16461250744708444,20:0.6781993283274573,21:0.25626894282101453,22:0.2674606592033927,23:0.20648700649187202,24:0.46830755733169827,25:0.4312508852311534,26:0.06767371479706064,27:0.09824923046049583,28:0.4386707241906648,29:0.6609976889235747,30:0.012346226536220528,31:0.5706462681727383,32:0.4331395495083623,33:0.10526445754862424,34:0.765491716265142,35:0.5474146766999904,36:0.7535406889782237,37:0.0906488996380641,38:0.06237150048389217,39:0.36955388350966045,40:0.266933211184213} with alpha 4.0 and beta 40.0, percentage 7.142857142857142
The arm 7 has vector {0:0.8212688317005014,1:0.8380414807838699,2:0.42294222508431245,3:0.5522080834039513,4:0.45432763851779556,5:0.054098037803365306,6:0.2615525370558326,7:0.29722057313135375,8:0.60040271421875,9:0.7353987963406093,10:0.972815290363118,11:0.6288485073044948,12:0.22560687665368184,13:0.07860459030896472,14:0.9593789753587014,15:0.5288703064663928,16:0.723712263847202,17:0.07081696811344729,18:0.4511241060235861,19:0.7857270031808269,20:0.887944559873018,21:0.42178476899479656,22:0.7294932920512942,23:0.43889072843695276,24:0.8074316651506622,25:0.7853543743415956,26:0.4300025555482154,27:0.857615372936187,28:0.16421887861904305,29:0.17675240746598653,30:0.8497808876197258,31:0.8497631445624683,32:0.399224635902122,33:0.4473736074214322,34:0.6224742815944633,35:0.6487842067255997,36:0.10724567162157006,37:0.2038085197347499,38:0.19264509531681429,39:0.630005457956184,40:0.10973210469419148} with alpha 73.0 and beta 274.0, percentage 20.869565217391305
The arm 8 has vector {0:0.9541683901220056,1:0.0757752994417038,2:0.10612052146162065,3:0.7257169209684119,4:0.9356787402585519,5:0.5866232260901678,6:0.6258715831640482,7:0.45073000856043666,8:0.49824801450457834,9:0.026657733126939087,10:0.7656413394266931,11:0.22115732168540592,12:0.6990002019507844,13:0.9394110898623752,14:0.19924857077049773,15:0.7495940829655884,16:0.5169526267189625,17:0.5183737492494812,18:0.3582415492758997,19:0.1915232075052946,20:0.6979828260999629,21:0.6594220021411819,22:0.19817938300929794,23:0.9908156697274777,24:0.7903849115693407,25:0.16224558990547344,26:0.6409738902255646,27:0.09309821730932932,28:0.43094334312097926,29:0.3944470553785657,30:0.34032623124286765,31:0.26852099459126433,32:0.8589468375118233,33:0.8118785287584187,34:0.9511965984144403,35:0.39390096992312507,36:0.6379188344466755,37:0.3669853553125185,38:0.06938350694845719,39:0.6134316418067579,40:0.06381476590498913} with alpha 9.0 and beta 63.0, percentage 11.428571428571429
The arm 9 has vector {0:0.39783382954302093,1:0.10388414878836993,2:0.5773056697334086,3:0.47898123464077014,4:0.751630517061921,5:0.8812411656141385,6:0.15047454180313924,7:0.039766962278298124,8:0.832508936800013,9:0.1486582030769118,10:0.9166385099211892,11:0.7362341042579699,12:0.7365877234625193,13:0.9935514581676309,14:0.9302324759445603,15:0.6753323638320758,16:0.3958773120065119,17:0.15791914604313095,18:0.5394547524674358,19:0.8563023596201261,20:0.5931898746969742,21:0.8370702206403713,22:0.09445732212067925,23:0.15963959712511555,24:0.2829686833524725,25:0.5807458721122407,26:0.02350841184548591,27:0.5465450007420812,28:0.5034418836734526,29:0.6620269889471116,30:0.5163693869766648,31:0.48799706434609424,32:0.2879183520110412,33:0.19903715868815652,34:0.011854672842345648,35:0.24342915873272153,36:0.12534323702025552,37:0.0549895941609061,38:0.15379028981535903,39:0.4529668277812715,40:0.7953865027658767} with alpha 4.0 and beta 44.0, percentage 6.521739130434782
The arm 10 has vector {0:0.28953168014011443,1:0.7234916372489963,2:0.4705792646893193,3:0.13735713692530493,4:0.9986499647269658,5:0.18966198693536418,6:0.600529096084905,7:0.40303642546719676,8:0.5777557145119524,9:0.6008984456207462,10:0.4401026395948827,11:0.3944156729521491,12:0.7462696966953685,13:0.5589100414974132,14:0.1306529808778213,15:0.46699907143495145,16:0.45338347153189884,17:0.7322989686492081,18:0.2037502522202289,19:0.027705550958024294,20:0.024182248423583075,21:0.37491210008280207,22:0.240331731323435,23:0.5704594112420422,24:0.17732456035607036,25:0.3474155957878834,26:0.9870695392286808,27:0.05307269741072196,28:0.787976280194165,29:0.2326297473984592,30:0.9271577859315715,31:0.34828803262812524,32:0.8987855135784469,33:0.7461236777310244,34:0.6876908844734505,35:0.7252038857762255,36:0.9575386103853522,37:0.04698511738185163,38:0.059065926239279865,39:0.2095344910065724,40:0.7651756364476161} with alpha 81.0 and beta 316.0, percentage 20.253164556962027
The arm 11 has vector {0:0.5518875158719734,1:0.171187956871921,2:0.27285794438324473,3:0.6752965990787361,4:0.5856704925920043,5:0.39515854850782506,6:0.38086096318025076,7:0.567913428102776,8:0.42051906579433007,9:0.5637003367132567,10:0.09088098771997843,11:0.15963852276023882,12:0.5962633651231664,13:0.9791493105888698,14:0.9613145131789018,15:0.4114676558497482,16:0.6687753330534366,17:0.9250587275053829,18:0.6499009047426113,19:0.41975788262063074,20:0.6037168175412878,21:0.9486676280195689,22:0.3940063887554598,23:0.25228102435879474,24:0.34826306782677896,25:0.19902463737350673,26:0.25120796562723513,27:0.2429185699484291,28:0.0979744689056824,29:0.5855806461197657,30:0.17827493311395148,31:0.18767153683236037,32:0.9653727923395083,33:0.29087198839388473,34:0.6113751691071444,35:0.409995077354419,36:0.080001490916224,37:0.2588521710685865,38:0.11958129403346751,39:0.04750983819949828,40:0.7425178239506316} with alpha 4.0 and beta 41.0, percentage 6.976744186046512
The arm 12 has vector {0:0.4192273346725317,1:0.298051447308578,2:0.143329041063743,3:0.9693631538998094,4:0.9476568036623001,5:0.27452855890157,6:0.42271960680932197,7:0.5585151221157948,8:0.3291818808421392,9:0.5205273295024371,10:0.3031637125318716,11:0.7046181007759704,12:0.9383312009787909,13:0.7328425952566258,14:0.8664820380758783,15:0.01564715624870594,16:0.10976222375247624,17:0.07457744804142186,18:0.7681942481480011,19:0.7892189049793487,20:0.9003220326958056,21:0.3173218993473833,22:0.322972618342414,23:0.9140005400383434,24:0.11263392821130425,25:0.025657387574643753,26:0.990491843895916,27:0.8336321216507089,28:0.691408874671363,29:0.9965665780591899,30:0.4560353960345971,31:0.6720543812351607,32:0.21857963009583825,33:0.1651253413526803,34:0.23187172959241797,35:0.5563239735009273,36:0.6200355475257959,37:0.07012869788585929,38:0.9888335194592986,39:0.26838817654560243,40:0.3187137471157163} with alpha 26.0 and beta 125.0, percentage 16.778523489932887
The arm 13 has vector {0:0.5350991467748618,1:0.7871357957671948,2:0.05399209192112919,3:0.8907429214543711,4:0.7810527713446924,5:0.7574780330210678,6:0.4628436828024939,7:0.9962897032282054,8:0.03911776788293864,9:0.08381957537135976,10:0.9960247165849114,11:0.5751368503508919,12:0.8374726745563731,13:0.2692404106849857,14:0.5596282087658118,15:0.9344229921612227,16:0.3728517717745662,17:0.8256724277095085,18:0.46038032405805185,19:0.9195335169403036,20:0.859013504695566,21:0.5486830606685775,22:0.5097538679396938,23:0.688532438664379,24:0.339730444965224,25:0.34734032441642904,26:0.4456106799975489,27:0.48283289616659053,28:0.03639207905150621,29:0.2533828784238772,30:0.42123999791152955,31:0.2125489593878852,32:0.5454275639741952,33:0.0034840874020189982,34:0.27370888005751615,35:0.31359549890889293,36:0.6391723467765177,37:0.2582218526750558,38:0.19337181844106832,39:0.48460170285722703,40:0.7033705539004047} with alpha 4.0 and beta 41.0, percentage 6.976744186046512
The arm 14 has vector {0:0.6708586998137258,1:0.9887515567914753,2:0.8796844605497119,3:0.009722061838122409,4:0.5792121161022425,5:0.5697016938911965,6:0.6968645074115993,7:0.06262342086230721,8:0.3762009887762219,9:0.21011522526579574,10:0.6083680705379122,11:0.7277680449365665,12:0.268184298625182,13:0.37270108553357006,14:0.43065184450931504,15:0.4628910298671596,16:0.6951549068090702,17:0.9121496574850532,18:0.6341209421547999,19:0.6997579307190903,20:0.6714070542155948,21:0.5205694676944019,22:0.907117608718406,23:0.8497832613782171,24:0.9781248500759261,25:0.595517087293452,26:0.4853495532393103,27:0.21281645093776747,28:0.23400791565182288,29:0.06299652779725329,30:0.3092335531867456,31:0.9220335466304589,32:0.026563572157359383,33:0.8110113991895149,34:0.4290576528280561,35:0.7568110065281229,36:0.9836169667791462,37:0.012372279350245097,38:0.7849964121436799,39:0.8374597411351424,40:0.5372549384796396} with alpha 21.0 and beta 94.0, percentage 17.699115044247787
The arm 15 has vector {0:0.19348037461618783,1:0.5241738926964142,2:0.4692932890228422,3:0.7885344983180341,4:0.061345601603488675,5:0.7755634639405402,6:0.2767172468068144,7:0.052900123853621084,8:0.5977820981726054,9:0.8502052169637737,10:0.691320968422342,11:0.9147410267451688,12:0.9047408968068571,13:0.32319109109926125,14:0.4807054020489321,15:0.31352211946555364,16:0.30508791486524645,17:0.7112300252338125,18:0.27295739113037,19:0.26337048579571765,20:0.498020146986881,21:0.9262749241689326,22:0.6519883759124949,23:0.525448191610645,24:0.16657427357285437,25:0.42855346061785515,26:0.8483706805718493,27:0.16171506659018653,28:0.22559617057824222,29:0.9398950411621687,30:0.6990064099451712,31:0.5323035405938115,32:0.9523678595164136,33:0.6349051221745243,34:0.6195342103475555,35:0.27405740017090163,36:0.8385493875988054,37:0.6195460555012522,38:0.6256871174871481,39:0.22765162857121812,40:0.765406044791548} with alpha 3.0 and beta 38.0, percentage 5.128205128205128
The arm 16 has vector {0:0.11117999524228783,1:0.4333362118353222,2:0.23109997388604298,3:0.9916403805788697,4:0.9311861349759601,5:0.240050799309234,6:0.7679874945925994,7:0.6447439267056422,8:0.12489626697413037,9:0.09576467560578306,10:0.4220338324001648,11:0.7315551487177864,12:0.15161212100295363,13:0.8404034941333922,14:0.5851253245430623,15:0.4701138622330101,16:0.9599908298162083,17:0.5913470976504243,18:0.18155395175488132,19:0.9740596361348548,20:0.8898698164792803,21:0.8458308740978254,22:0.673835763185455,23:0.36676699166212157,24:0.174897747602076,25:0.8417284098414354,26:0.4757961816122622,27:0.950251070792814,28:0.21661895788086816,29:0.12241628990823594,30:0.4755112817544225,31:0.4112171256250401,32:0.08518721272907548,33:0.014083691290437073,34:0.870004762759098,35:0.6251083358461678,36:0.7778214150758563,37:0.7804060852647773,38:0.20969141344748699,39:0.8908420380583569,40:0.6703794551392027} with alpha 7.0 and beta 46.0, percentage 11.76470588235294
The arm 17 has vector {0:0.07387772899341638,1:0.9236997358629615,2:0.95682557694468,3:0.6016905500912998,4:0.7302489261392151,5:0.2796588958423808,6:0.5632547479379995,7:0.7297697510448797,8:0.7862560967386505,9:0.8760122391986801,10:0.30521995252957956,11:0.29783412791054154,12:0.0792494463589214,13:0.6761123790559926,14:0.5581376080984716,15:0.5718943250034247,16:0.941889661407756,17:0.7433299010709685,18:0.746168332437825,19:0.38341328192166757,20:0.7227372028242548,21:0.38807653097675654,22:0.5861452303342629,23:0.9754043596706478,24:0.602336177901567,25:0.01968729911084577,26:0.4434685525877754,27:0.6818767498907897,28:0.330394591873019,29:0.416753567514639,30:0.002709267821356276,31:0.9494866054141179,32:0.08637209129559131,33:0.5734769123152935,34:0.4996814665633703,35:0.8975096910099082,36:0.012232440203530537,37:0.9412956899195363,38:0.6911466934103802,39:0.5732515302465991,40:0.060238311780923315} with alpha 86.0 and beta 341.0, percentage 20.0
The arm 18 has vector {0:0.4922599202227226,1:0.24213556505242895,2:0.8698445940871218,3:0.2933683083701045,4:0.5032291241436031,5:0.37924815825316915,6:0.3230276151559601,7:0.6104977413879429,8:0.5388957594167516,9:0.5736382312857202,10:0.6930285787458621,11:0.9103639337126802,12:0.8627594014419889,13:0.5461344156745594,14:0.34497086508866204,15:0.4899523988166803,16:0.16204723816974842,17:0.05649734014735286,18:0.7515212111024658,19:0.8031791075059294,20:0.7189950602600155,21:0.9939746270073024,22:0.023124123478843406,23:0.19120845376854034,24:0.14151823421752396,25:0.07414769496392071,26:0.6742951818434322,27:0.656057303600422,28:0.07199892290392118,29:0.4017878035266036,30:0.2213422308044828,31:0.488489730378625,32:0.8909997591708275,33:0.808828058587104,34:0.8817725104618036,35:0.5503687807460017,36:0.5039111470410325,37:0.8058370285929037,38:0.1059892060941976,39:0.935354055446982,40:0.8704867357031792} with alpha 4.0 and beta 45.0, percentage 6.382978723404255
The arm 19 has vector {0:0.9717745096425918,1:0.8636254570647045,2:0.11719114126700325,3:0.41984109407833814,4:0.7896607525811536,5:0.18597823077380338,6:0.6689594825602793,7:0.895994118714335,8:0.08564779587271099,9:0.981282848005484,10:0.9510753751846167,11:0.8387816298218694,12:0.21791077328028985,13:0.1618635597335253,14:0.7737261651011748,15:0.07001684731313806,16:0.5724839060791437,17:0.3612887892836809,18:0.9668139584908886,19:0.9472046523918615,20:0.5021891699307065,21:0.8912340524584957,22:0.9410711553965523,23:0.9151448373099654,24:0.651456713158747,25:0.919085878456893,26:0.5080817036997975,27:0.5480621365921203,28:0.855450369801826,29:0.24486034339422236,30:0.40154143165656,31:0.9885202082310889,32:0.8193718516685912,33:0.7803378219018476,34:0.42910939447993823,35:0.20760065780659587,36:0.2654087363093762,37:0.4532342320754459,38:0.5462066237572527,39:0.5994866673716825,40:0.25286144365609375} with alpha 34.0 and beta 151.0, percentage 18.0327868852459
The arm 20 has vector {0:0.6035409811019323,1:0.9842731060995694,2:0.16180296946290007,3:0.7157874244395563,4:0.8971084045754375,5:0.4207597922100291,6:0.6995956188108146,7:0.3403888685131712,8:0.3628172405609813,9:0.2690871150093773,10:0.07061703532455132,11:0.6160312415066165,12:0.4844400947298224,13:0.5570473723223026,14:0.7858679485501257,15:0.527876151115026,16:0.5173449199370627,17:0.13157416705451108,18:0.45329279653604604,19:0.7608841897691616,20:0.8847720587901707,21:0.5266606424400898,22:0.25136739568908983,23:0.2665393252754422,24:0.1309454114344739,25:0.0579828003363716,26:0.5712579969101234,27:0.13561843090353143,28:0.32656519235079884,29:0.6520764896132558,30:0.946264389776433,31:0.4816603149449251,32:0.6469709733014989,33:0.670084532526189,34:0.34613751583099717,35:0.8115867941508046,36:0.13977542359633965,37:0.6597855195887348,38:0.156664553677203,39:0.6106245097093383,40:0.2673668123291497} with alpha 11.0 and beta 75.0, percentage 11.904761904761903
The arm 21 has vector {0:0.48687262667572495,1:0.034561903035546626,2:0.48536408468235837,3:0.38598516707252684,4:0.764839787239821,5:0.10214130829628754,6:0.8485842054747862,7:0.5072660170896991,8:0.8371151296386212,9:0.7779110828410424,10:0.5065111780240431,11:0.3626644387409116,12:0.9905399727135301,13:0.2707058844491401,14:0.7936622968678596,15:0.8298014035269535,16:0.13384667779019332,17:0.2580356819797357,18:0.5253393624866536,19:0.7880967356874775,20:0.5574759750945192,21:0.6122413857100931,22:0.9003011661652439,23:0.9404850200199484,24:0.9167500239432185,25:0.6031162594737807,26:0.6084826632152699,27:0.09447858699461331,28:0.12605255446030372,29:0.2628169262855826,30:0.3734509432065314,31:0.6909505671151641,32:0.6422428499542243,33:0.7573459397002297,34:0.7491208112581995,35:0.8366478894328744,36:0.6311259440013541,37:0.24227761354632182,38:0.9668145021679776,39:0.6916376542036244,40:0.09256519011918485} with alpha 16.0 and beta 92.0, percentage 14.150943396226415
The arm 22 has vector {0:0.9381579900035654,1:0.9701425902340622,2:0.20886563245285317,3:0.8422450937450584,4:0.40876393014030454,5:0.6366925535696448,6:0.48166955692311597,7:0.7402884518289762,8:0.06130527809025432,9:0.9623920647908415,10:0.22219270115555856,11:0.4542413088958265,12:0.9143309972731969,13:0.14034418861220666,14:0.1705494319715415,15:0.908524413017442,16:0.6461251469983106,17:0.16887977838334178,18:0.0243699010340257,19:0.2980232963287016,20:0.11057845667546551,21:0.9760656772442209,22:0.11093565998360555,23:0.04961999146052065,24:0.6407052670778646,25:0.17104392067513619,26:0.26209011874109034,27:0.05341194332939703,28:0.6624215776481611,29:0.29754032323706037,30:0.12480442936540237,31:0.145780939917444,32:0.053437742384850107,33:0.29819090798611525,34:0.11192747279723747,35:0.41102130605957143,36:0.5635119641265937,37:0.054929977845892486,38:0.16944659146193708,39:0.7713633894273201,40:0.06081222538937758} with alpha 11.0 and beta 61.0, percentage 14.285714285714285
The arm 23 has vector {0:0.8526756535906208,1:0.2738868720417752,2:0.825259993360589,3:0.9557578884825119,4:0.8216580448870746,5:0.8890525182643443,6:0.6007584158097192,7:0.9169739009283484,8:0.7510434553171861,9:0.26156936989762913,10:0.2800166949322339,11:0.10720676172832688,12:0.29245091120307176,13:0.07504738330624461,14:0.30530248856747766,15:0.9435527731139456,16:0.6291944515864152,17:0.9503748393314964,18:0.41614729102162307,19:0.8847206978829395,20:0.9260020814149811,21:0.5827403569955937,22:0.9188561073337193,23:0.0813873384773276,24:0.2605210593683177,25:0.6727494042455315,26:0.47960697544636743,27:0.986797109939318,28:0.31258333332731014,29:0.7046695292698617,30:0.08101422527508073,31:0.8530268733024534,32:0.8296689082459161,33:0.8021121562747351,34:0.09426584002983418,35:0.9952157471661551,36:0.5872185192397522,37:0.10376390332092222,38:0.5011735920688097,39:0.730874290535187,40:0.5065769084069784} with alpha 8.0 and beta 62.0, percentage 10.294117647058822
The arm 24 has vector {0:0.6770383703053836,1:0.5036687958480411,2:0.14395527291202959,3:0.40170309991674646,4:0.43506234250598075,5:0.7198744835670979,6:0.8803380250878824,7:0.7809153394156487,8:0.43392908343838477,9:0.3464480888549103,10:0.19423400845512118,11:0.18858521235139514,12:0.9088090197151064,13:0.49881207321972365,14:0.8263590085764085,15:0.008692219062087947,16:0.9545284284865179,17:0.969411052973612,18:0.0959589288781788,19:0.08897389425289182,20:0.40680143936403734,21:0.652198666165187,22:0.49830131805535294,23:0.5155666057735858,24:0.1638815204959453,25:0.7915316762586532,26:0.14088430951365571,27:0.47928949828089984,28:0.10762154868704255,29:0.3652983520280595,30:0.23175095928850953,31:0.30522390814645406,32:0.03233625694284825,33:0.1666942593960541,34:0.24064999094566697,35:0.9918612179084605,36:0.25464541771628124,37:0.21987119075436468,38:0.9696720734708275,39:0.7897614044292536,40:0.46599162832662866} with alpha 9.0 and beta 60.0, percentage 11.940298507462686
The arm 25 has vector {0:0.8606008912789517,1:0.21900439905889324,2:0.7316396602369122,3:0.07202423603897035,4:0.898870314771808,5:0.4992650971558116,6:0.3123701503407418,7:0.7462649560563711,8:0.2606125159150633,9:0.8241760767835454,10:0.010952221539697549,11:0.42255462081153494,12:0.14669793462582492,13:0.3511704384992185,14:0.2990959539258381,15:0.34571971851579597,16:0.8322570229563263,17:0.7907126976381224,18:0.3998467382237396,19:0.2960935594416262,20:0.2743787961062567,21:0.3402357646419153,22:0.21630913552810727,23:0.3092872624637881,24:0.5517381800991701,25:0.9110515840490468,26:0.2945540344287374,27:0.9980082188532514,28:0.5561959257030524,29:0.3410291699199455,30:0.2589154381759443,31:0.5832321550468706,32:0.893254864500069,33:0.16540578927422367,34:0.1388347696519584,35:0.831699061204466,36:0.3463346023855375,37:0.9875428994857289,38:0.8543155862208196,39:0.3184941911675716,40:0.19515656894111777} with alpha 2.0 and beta 26.0, percentage 3.8461538461538463
The arm 26 has vector {0:0.10224160712500296,1:0.3397324472071851,2:0.7165273701453538,3:0.053128244951495374,4:0.9874858704503925,5:0.29231741479989604,6:0.20213286021724886,7:0.6917041803429624,8:0.17292093533257358,9:0.16779700092968963,10:0.06549925122025047,11:0.23874364851749774,12:0.48788756735680505,13:0.46359038160226673,14:0.9314571645941988,15:0.23143155336287724,16:0.15499543614845723,17:0.3926157036503032,18:0.2084720291446076,19:0.22716742229866105,20:0.3169057227103488,21:0.9731207332846676,22:0.2501839169682516,23:0.2931662651630613,24:0.9664728503219367,25:0.5121032324722011,26:0.06490074129531664,27:0.4184288492422533,28:0.948308595556714,29:0.4910613729935487,30:0.9181260687405899,31:0.6924996808224754,32:0.4552598482669308,33:0.9284054314616196,34:0.10879884379310811,35:0.8206825100861552,36:0.8417856550391449,37:0.9837601416196545,38:0.8437750061008953,39:0.5366335693641079,40:0.20422199165407995} with alpha 9.0 and beta 64.0, percentage 11.267605633802818
The arm 27 has vector {0:0.570676122754619,1:0.9039610314393741,2:0.022893958110444368,3:0.7853674418259967,4:0.16405489532189843,5:0.9059259429699623,6:0.8298437670231736,7:0.5998979518722825,8:0.5945796421503132,9:0.45128561617597596,10:0.7175577789802094,11:0.45458884726199345,12:0.9322025702602602,13:0.1152045853075977,14:0.07447850860443617,15:0.2602024719492828,16:0.9753740254887857,17:0.1584145007618093,18:0.8708467948801007,19:0.533413995993586,20:0.6473643369226605,21:0.26973223801816226,22:0.7760372664696019,23:0.5783061733152601,24:0.8276305863990682,25:0.694305409169165,26:0.5809160399301484,27:0.7742362954613267,28:0.8166225199406199,29:0.28923321879394015,30:0.32341660436588804,31:0.8903769561260239,32:0.14989392817795066,33:0.48531309698485703,34:0.9968169893932758,35:0.3544717188548676,36:0.7755355879211122,37:0.43476217617979074,38:0.5647027885412476,39:0.5111685518769307,40:0.6088541754864922} with alpha 2.0 and beta 31.0, percentage 3.225806451612903
The arm 28 has vector {0:0.9300043502683691,1:0.5202143783142555,2:0.6038203003903909,3:0.5018770667343384,4:0.6372099962822596,5:0.3435118911174164,6:0.8462899840435864,7:0.6871597477055078,8:0.05044538330193693,9:0.8350146468832944,10:0.5749608415947082,11:0.763078914163708,12:0.865375918611668,13:0.7025553280755887,14:0.2873123825110959,15:0.45085755697602925,16:0.02599428384918434,17:0.6481058888782854,18:0.6935013623917125,19:0.2897500531028696,20:0.5469962990672173,21:0.562330273271196,22:0.9279116190104145,23:0.758835806153988,24:0.75399628892606,25:0.29178094607180827,26:0.39163973222991877,27:0.9517607241149901,28:0.804874665239387,29:0.7986734724545138,30:0.807478385377259,31:0.26048020184265486,32:0.9414273915724494,33:0.6757129746423364,34:0.4786866430902287,35:0.9827357318827551,36:0.8182312443112887,37:0.5046127488273009,38:0.2990740298767739,39:0.7222767324429648,40:0.30666716364325597} with alpha 54.0 and beta 201.0, percentage 20.948616600790515
The arm 29 has vector {0:0.9389125352788444,1:0.724755549429323,2:0.15710653904306493,3:0.6546448039593878,4:0.5126511919188348,5:0.7219295432953966,6:0.027219210016942053,7:0.7793111965402146,8:0.48545589877520234,9:0.6774779660099319,10:0.06206529368749636,11:0.1395129334535099,12:0.6801358456998177,13:0.7559901866991816,14:0.5415207133605374,15:0.5847574837057227,16:0.5815858887499674,17:0.8800619954076424,18:0.6824169429900304,19:0.21707615260049562,20:0.027874770016453776,21:0.1853256190579493,22:0.26004211131961763,23:0.5103169190186407,24:0.4010225393737701,25:0.4964707402978178,26:0.08172619010596682,27:0.016742821236405248,28:0.0684277615269342,29:0.7500543118657681,30:0.113453422333745,31:0.16552132721558666,32:0.9473908832215254,33:0.10485284464863087,34:0.0837323202685778,35:0.1371716929503235,36:0.7015901154986671,37:0.0382009048322316,38:0.06436069740913597,39:0.705255101155178,40:0.7549783129446456} with alpha 3.0 and beta 33.0, percentage 5.88235294117647
The arm 30 has vector {0:0.7725919986444266,1:0.24311879457506225,2:0.5944085265388471,3:0.6803716291793003,4:0.7433289244658253,5:0.9343325107930315,6:0.9294233718755858,7:0.023885534371631212,8:0.3033116066506213,9:0.2024541898331128,10:0.5035124696215472,11:0.4571158930417779,12:0.474749676288184,13:0.5483714997674785,14:0.2766426775203529,15:0.025136773160895465,16:0.8299693745284418,17:0.4411910014723862,18:0.49449131597881524,19:0.44948383492049504,20:0.7008256055922004,21:0.3744326284398195,22:0.2523628852342855,23:0.7909187766006254,24:0.6852861001051345,25:0.7652410484036157,26:0.6301559879682426,27:0.07797668030855431,28:0.494769573916662,29:0.8060256132501816,30:0.5273832174156708,31:0.6578944840948342,32:0.6739972372458388,33:0.86424707916544,34:0.025021896026093504,35:0.9483332613160754,36:0.08815684999846418,37:0.3989321199689395,38:0.3361915600520047,39:0.5696890306659306,40:0.49982558967519153} with alpha 7.0 and beta 54.0, percentage 10.16949152542373
The arm 31 has vector {0:0.47845251511489717,1:0.295933830749048,2:0.20340019274158816,3:0.05694205851936207,4:0.06484395469126392,5:0.3905575119015696,6:0.9146983991138737,7:0.9145850005553048,8:0.930629356182717,9:0.22703133066155812,10:0.4345802423299906,11:0.6482465042871302,12:0.40968486844516816,13:0.9786136284129531,14:0.6796117389012439,15:0.06426017207834656,16:0.21206670464185728,17:0.719369253368632,18:0.5211226498046542,19:0.5282317855153933,20:0.8314471903001283,21:0.2714714863314138,22:0.24268218845501643,23:0.23424828318392765,24:0.33245202004483965,25:0.3095688331333206,26:0.10146574231519812,27:0.884716687813882,28:0.7962328825812068,29:0.01397238625265973,30:0.07580131840133797,31:0.1251358150371883,32:0.22231053815371815,33:0.3760030063168617,34:0.38154302013117036,35:0.30675004903755976,36:0.37986077466897283,37:0.6747338479167659,38:0.8540860509157132,39:0.43710432910792607,40:0.9277981037628108} with alpha 49.0 and beta 201.0, percentage 19.35483870967742
The arm 32 has vector {0:0.006715264440536606,1:0.24979462040228073,2:0.17545815357184325,3:0.4071512192542541,4:0.23303317514864696,5:0.4810631383355225,6:0.9784081590169076,7:0.5260778340498208,8:0.3664564151893698,9:0.01982503139412639,10:0.17051808964742932,11:0.37357708479966034,12:0.5222480166915133,13:0.6518657517014479,14:0.13603396434900217,15:0.08376967778240685,16:0.8376919438402086,17:0.3069136685300474,18:0.9372865169807683,19:0.780651284907682,20:0.20349616143635718,21:0.8018363678107054,22:0.019926531747078258,23:0.3970329726313294,24:0.30738953803990876,25:0.4877898403035502,26:0.24869858037100567,27:0.5281569317074352,28:0.020719410984348263,29:0.4176892379323308,30:0.7458872306767557,31:0.7207961776821917,32:0.18313765566173024,33:0.608944841654758,34:0.8709531318996774,35:0.09390386080349067,36:0.37161119907432727,37:0.6890998181926098,38:0.9877839586643613,39:0.41245562696134186,40:0.4182119155640184} with alpha 26.0 and beta 127.0, percentage 16.55629139072848
The arm 33 has vector {0:0.34769762169243423,1:0.14014493784901272,2:0.3212341360115599,3:0.8969733812253757,4:0.4269528909781871,5:0.24109813461214813,6:0.5306668945046044,7:0.9864476667505618,8:0.7555952876527797,9:0.6593679772641524,10:0.2743831142956381,11:0.5229952262854125,12:0.04678958198558281,13:0.8877264225676457,14:0.8884110019176527,15:0.44271763468216496,16:0.16738328110071254,17:0.5326103972251491,18:0.5793403278622885,19:0.8593352965465249,20:0.7222151210865202,21:0.8475814298332358,22:0.25649092141634056,23:0.7388403347060858,24:0.9524167836829756,25:0.6286845146683261,26:0.2144160078353633,27:0.6956787720893696,28:0.7444563143343935,29:0.9484242116799431,30:0.7437555187852499,31:0.12922608209348685,32:0.3734664756620927,33:0.1579331754667921,34:0.48568117694894475,35:0.6987568855198658,36:0.425880278958472,37:0.5852126656538098,38:0.1725768583627797,39:0.7257609781826049,40:0.9996592882486037} with alpha 19.0 and beta 109.0, percentage 14.285714285714285
The arm 34 has vector {0:0.33002140271489555,1:0.9144597473680806,2:0.5374616913939524,3:0.05186415343189221,4:0.13973977590424236,5:0.5331938858612357,6:0.7872817467250735,7:0.7864677826094403,8:0.6394393883199911,9:0.7118371929252598,10:0.8631936041288251,11:0.9341587179196224,12:0.44991012948142717,13:0.5291539601057116,14:0.04596123129350804,15:0.38089812070408635,16:0.19105812366407682,17:0.5069593990980732,18:0.14392945196681017,19:0.5177562550624887,20:0.8292042341223521,21:0.7474735004365005,22:0.2414413850913818,23:0.5937111765152049,24:0.30517507029384827,25:0.31928072756154124,26:0.10487684030928857,27:0.573623825028152,28:0.5746230504879335,29:0.2722651669613292,30:0.6363712034824127,31:0.683567395898323,32:0.9377220637762175,33:0.1403780668939405,34:0.5574319674115294,35:0.24204789865596554,36:0.7655444018785875,37:0.0011531606609243017,38:0.6154035453365705,39:0.06027424375204549,40:0.3159681472696635} with alpha 2.0 and beta 30.0, percentage 3.3333333333333335
The arm 35 has vector {0:0.03105313140873256,1:0.6042048087966126,2:0.9755865463162666,3:0.6980747612172493,4:0.7397493704365385,5:0.9827505192632432,6:0.08951572426035859,7:0.4228090347445359,8:0.8937506501217003,9:0.7073331772561207,10:0.8502960027709544,11:0.47792322721761016,12:0.7181560735477023,13:0.9791957898533735,14:0.007309002697236777,15:0.4547090933142258,16:0.23491771027610964,17:0.701119379193887,18:0.9916995183101164,19:0.14147758807942912,20:0.3949655929283581,21:0.64991698749783,22:0.38446046986825466,23:0.797760724603178,24:0.22532180672593138,25:0.6131917095799141,26:0.0747418348095148,27:0.9183070747476991,28:0.32981539107819713,29:0.41672604411843417,30:0.6587882092233993,31:0.5942781541853647,32:0.2772888962883183,33:0.9735036145661353,34:0.3157540292716927,35:0.0714311152841629,36:0.30615943613549845,37:0.43029507020687907,38:0.0985706411831625,39:0.4779570253919816,40:0.38707895444000406} with alpha 3.0 and beta 29.0, percentage 6.666666666666667
The arm 36 has vector {0:0.4724654670911439,1:0.1659919402717679,2:0.9943872375946036,3:0.47402725314572447,4:0.5332685101937145,5:0.20238681632877875,6:0.6447092105253813,7:0.2653933443944483,8:0.8000796747844091,9:0.6833314699873884,10:0.5251507096347288,11:0.5378287570355512,12:0.8890600148086519,13:0.13208024324103373,14:0.685995236239887,15:0.8960178409227376,16:0.3607648528183106,17:0.8698557399995964,18:0.1635104919513054,19:0.13992852734149153,20:0.6329754398724303,21:0.05156139532483628,22:0.6122239164705772,23:0.23995787923636203,24:0.37299293149204693,25:0.8635606560032418,26:0.8327675757640172,27:0.07747863288731904,28:0.5183872024581622,29:0.7621013064221793,30:0.194222030782651,31:0.04593383659819905,32:0.6180767375922559,33:0.16994843069735965,34:0.8520549683031342,35:0.31921692527961987,36:0.29350808606003753,37:0.7073713878346178,38:0.6067643450856152,39:0.23180581882267537,40:0.39395335041261736} with alpha 12.0 and beta 65.0, percentage 14.666666666666666
The arm 37 has vector {0:0.45750551345655155,1:0.40139942128413786,2:0.7349653011889353,3:0.9797899060306423,4:0.7669978092870611,5:0.7211064434146229,6:0.3486704417642824,7:0.2854941469126141,8:0.41781051134704383,9:0.1109208572312177,10:0.3410528567779084,11:0.06182701059719242,12:0.2882350019625557,13:0.21899579003062009,14:0.08033907066591073,15:0.7941525439098425,16:0.43164902566398444,17:0.40894092048908537,18:0.0938814924655258,19:0.07578826995001375,20:0.008372882544323001,21:0.659459795841909,22:0.35928406041839966,23:0.8230780439773648,24:0.9072107297136277,25:0.061252001637259634,26:0.3142172327191144,27:0.37580869339517387,28:0.5950103882645438,29:0.8120924625405643,30:0.7573842300260726,31:0.24917797346709603,32:0.8524506867273297,33:0.7226203100988762,34:0.44724115811330756,35:0.2652245399095432,36:0.15600313976287328,37:0.010029946047931504,38:0.6036359062038594,39:0.9636344045459853,40:0.12475865174619571} with alpha 3.0 and beta 37.0, percentage 5.263157894736842
The arm 38 has vector {0:0.12727196501828297,1:0.49073588648172506,2:0.4369379890056584,3:0.31870979988160897,4:0.07812666433039706,5:0.06964764138173196,6:0.8020460308484343,7:0.9584703892702814,8:0.9885008405020762,9:0.6471400730185178,10:0.43423404209514704,11:0.9819991084993558,12:0.29166006453915294,13:0.2583918607122513,14:0.6376814522828181,15:0.9985388743320098,16:0.2325228607872203,17:0.3535489381206631,18:0.37446549949332597,19:0.8568014339247503,20:0.07734510667843653,21:0.6069687307569316,22:0.5790766673820733,23:0.5755959143373758,24:0.26518048572374464,25:0.5702276216988567,26:0.9489366849184162,27:0.5145092967855444,28:0.8539163501121219,29:0.7329334847043399,30:0.7729372466788833,31:0.6227288525129361,32:0.3988700489891265,33:0.8498510415067362,34:0.913595221506476,35:0.8172518122642426,36:0.5704823563593722,37:0.8021941802724842,38:0.39908861739810997,39:0.9483913834748308,40:0.0974861971050055} with alpha 49.0 and beta 207.0, percentage 18.89763779527559
The arm 39 has vector {0:0.8748762755618503,1:0.9553281333649113,2:0.997792851398155,3:0.6435581465696579,4:0.43222151362687744,5:0.9094112585299571,6:0.5359235551832299,7:0.9009786890248462,8:0.5443575971919431,9:0.4794350293335782,10:0.03064481435811095,11:0.21913379171920788,12:0.974048856578088,13:0.1952339458517538,14:0.8691220320610676,15:0.3500291514994043,16:0.7301194301855811,17:0.028267060005083833,18:0.5521909315092386,19:0.8761639999070855,20:0.965977671284285,21:0.17962451792166612,22:0.2267839095888201,23:0.8805499945900954,24:0.6406240123744885,25:0.3586529764624532,26:0.12746443857824497,27:0.22258687037726022,28:0.955713065067002,29:0.7471600513260898,30:0.914377917956689,31:0.49427527728864296,32:0.315283354282499,33:0.6573627381627062,34:0.6105619268560015,35:0.36015186910400654,36:0.28772026111134874,37:0.012238986895132808,38:0.6474048345580589,39:0.6044596174964842,40:0.5552697507177075} with alpha 1.0 and beta 24.0, percentage 0.0
The arm 40 has vector {0:0.16610496448661494,1:0.7926010216056627,2:0.5164228713330394,3:0.232473031303447,4:0.04385770392027377,5:0.8333555280452124,6:0.3638997687708766,7:0.0911827059715643,8:0.18369987671978205,9:0.8287740797535766,10:0.45068756822554545,11:0.731826443358573,12:0.015390564306017152,13:0.5072659270506712,14:0.2392480052498389,15:0.4859871828160983,16:0.3660421754222827,17:0.6448588172029152,18:0.8650449737688045,19:0.4920671124417785,20:0.49684668512479957,21:0.993109502291674,22:0.1996713436854246,23:0.4016890634554874,24:0.29508681821262206,25:0.15030160011652094,26:0.1113068728331652,27:0.18683046598926434,28:0.40854535415608384,29:0.7705836941318301,30:0.6635950286888379,31:0.5661666667504166,32:0.3343732255234527,33:0.2772640483465131,34:0.3841565217531644,35:0.5989082957987025,36:0.9092951768480766,37:0.6475231905154627,38:0.7979605058039189,39:0.8851150525496926,40:0.847554062946143} with alpha 7.0 and beta 52.0, percentage 10.526315789473683
The arm 41 has vector {0:0.7666320994722051,1:0.5723636334222484,2:0.08795551924279954,3:0.10783467661941981,4:0.4718986411104408,5:0.005739710818023047,6:0.4211485316491558,7:0.71856407303968,8:0.340373490667385,9:0.6233260301288894,10:0.28462694868871186,11:0.013177111858039381,12:0.6164842282996946,13:0.49177066715958784,14:0.16021088176903608,15:0.5442432810946576,16:0.3249847070529742,17:0.45715727221490243,18:0.5902379845335823,19:0.36201739570183744,20:0.026622698360409758,21:0.12297340369220144,22:0.37181585054240796,23:0.7485513770811508,24:0.5735017518172365,25:0.7542447050340533,26:0.36905135126524435,27:0.46217984802531675,28:0.6150939678501531,29:0.2869847477458045,30:0.10474746540896918,31:0.09977112390911269,32:0.7220950975079892,33:0.31725085992190205,34:0.5892091667813456,35:0.5070188935732914,36:0.9709110563205852,37:0.8348412824904462,38:0.48311253098770846,39:0.6330281838874298,40:0.0488509635541462} with alpha 22.0 and beta 116.0, percentage 15.441176470588236
The arm 42 has vector {0:0.17315581406731262,1:0.3292891780832663,2:0.3089821217752561,3:0.02692539273176009,4:0.9803106867906036,5:0.733203873570919,6:0.9527774957016438,7:0.2105636643205302,8:0.02186600507209746,9:0.9281718945618367,10:0.016097762793850112,11:0.7393244549513355,12:0.43907756044796853,13:0.7640027488901676,14:0.41815229076539273,15:0.4692579046162364,16:0.2466427119222343,17:0.08356477705955079,18:0.23131656309672954,19:0.7625973549022319,20:0.629213692907205,21:0.599241071760198,22:0.39353981567186513,23:0.16236688198313365,24:0.8508871396960295,25:0.6811742398269184,26:0.1892912666569332,27:0.3886909133877452,28:0.3369839286271835,29:0.42906770813364725,30:0.01868250641038771,31:0.14778511774211378,32:0.4324616319546237,33:0.49079593617609507,34:0.5256823297282724,35:0.9416488799694375,36:0.6090995987468719,37:0.8186227743668436,38:0.6807729170552733,39:0.09589763199150247,40:0.31906694980022454} with alpha 1.0 and beta 25.0, percentage 0.0
The arm 43 has vector {0:0.6577682423963463,1:0.3906018038205211,2:0.7260309618874909,3:0.41258989801802226,4:0.8765150930524306,5:0.7110595626850891,6:0.9860022824041602,7:0.33342647420614546,8:0.42466358672763116,9:0.3059975353677661,10:0.3564965639720251,11:0.5738172985990241,12:0.7406699033260339,13:0.7778531748531377,14:0.15334755064656003,15:0.555495023189892,16:0.20230754595891598,17:0.12660091814634955,18:0.7776348683988363,19:0.29366487247040285,20:0.17189165459114297,21:0.42109722783211523,22:0.24233136303037428,23:0.8007043458613355,24:0.9601856167368917,25:0.31033547233939873,26:0.6728847890589218,27:0.37970706226212547,28:0.35243525071610127,29:0.8808402997919411,30:0.18956253415415525,31:0.5670569027395409,32:0.2387787589451863,33:0.5789648786362825,34:0.37559280942708295,35:0.1331835995419124,36:0.21569639826448728,37:0.7837298849982662,38:0.8905657754126114,39:0.16960917274733467,40:0.7054954987842867} with alpha 3.0 and beta 36.0, percentage 5.405405405405405
The arm 44 has vector {0:0.8478423948484379,1:0.12127542097792465,2:0.2159665531570213,3:0.39686769186015747,4:0.4914462921428241,5:0.6855313889417604,6:0.08170863534543693,7:0.1742709473032683,8:0.8928036693660051,9:0.05634808650459899,10:0.9236383408282958,11:0.49217936321787525,12:0.40775826083242905,13:0.807513616060857,14:0.2625507741298482,15:0.7546591792967036,16:0.7190832132667739,17:0.25669168172742207,18:0.9247496999822785,19:0.4878831474860782,20:0.8782100506432621,21:0.5056008656950186,22:0.4025087701284391,23:0.5800299135626541,24:0.7626940292630886,25:0.8536191947633396,26:0.8926477016118175,27:0.9526783714530317,28:0.044751033275257535,29:0.512639500461086,30:0.8429049211078921,31:0.7027082580014329,32:0.20900067379647946,33:0.3741584051879101,34:0.287505379406203,35:0.30974213874075684,36:0.8926557270076227,37:0.4653841540599648,38:0.9976699783912919,39:0.41435094509869586,40:0.11335026561445338} with alpha 4.0 and beta 27.0, percentage 10.344827586206897
The arm 45 has vector {0:0.46506232947945503,1:0.6422738460967393,2:0.20454021770345965,3:0.5024436028319825,4:0.11218571514099984,5:0.17836676427228149,6:0.17487018596408332,7:0.40494688219719455,8:0.26384822970567445,9:0.7151184124907327,10:0.5243641253832629,11:0.30913457562699953,12:0.9227688816087946,13:0.6810697000584623,14:0.09802570104984965,15:0.8303467222767582,16:0.2672015374351353,17:0.5594782871582399,18:0.9428933000012802,19:0.9856333950574999,20:0.6574075170997514,21:0.2683613909993102,22:0.6201781325976095,23:0.42973485908293274,24:0.6670323561252206,25:0.3734269821151386,26:0.09111017125350196,27:0.9497914380728492,28:0.9697133304861818,29:0.15230191288678707,30:0.8172908787678473,31:0.7288281047492907,32:0.7949758862939861,33:0.04634797877653174,34:0.24738804323945662,35:0.5677060309963028,36:0.20799053771784348,37:0.3314637755358212,38:0.4358791449752569,39:0.5453953124679932,40:0.6394198801926242} with alpha 120.0 and beta 444.0, percentage 21.17437722419929
The arm 46 has vector {0:0.3533519799596775,1:0.13340965428157536,2:0.0012429193870702182,3:0.9389360385056079,4:0.23625970187557221,5:0.06127010582293968,6:0.9819805221133264,7:0.9245395203791507,8:0.7156801332087989,9:0.6736260586449676,10:0.7887790324828298,11:0.7466925545449211,12:0.24145264005442202,13:0.9619203847857087,14:0.586101724131033,15:0.19339770439175674,16:0.0682990752534075,17:0.6223171976781086,18:0.5318892089943392,19:0.5747867515430128,20:0.4914871455438058,21:0.37465108004535774,22:0.9648334603032778,23:0.5846133346418386,24:0.5120467724094316,25:0.8329363966235872,26:0.5449511594736516,27:0.7882085380324565,28:0.07862137512597311,29:0.35656270284774527,30:0.44122930569639307,31:0.07111912720555602,32:0.5413706970133959,33:0.3354332656712784,34:0.8665782655586018,35:0.49644919189431425,36:0.6991435463895749,37:0.23511539354337252,38:0.07117540789453336,39:0.7673577358377525,40:0.9872070394005842} with alpha 7.0 and beta 59.0, percentage 9.375
The arm 47 has vector {0:0.47730780030763587,1:0.5088259947778783,2:0.5146719103609364,3:0.07871482920821582,4:0.30745222696909,5:0.027191066738209146,6:0.40236853022939534,7:0.6642690286273999,8:0.31774741499112935,9:0.7513906159324815,10:0.9360819095140874,11:0.493713289438678,12:0.9138971224790806,13:0.9834718824349338,14:0.2849229272236844,15:0.1822142444579572,16:0.903426399899417,17:0.9697327353334275,18:0.43094418831667114,19:0.8954251413419182,20:0.851050265826347,21:0.5955791920182729,22:0.2800510753126354,23:0.2754278149101115,24:0.08410723870768344,25:0.9020048404112374,26:0.11629671820893328,27:0.5375450132023326,28:0.02769647853239776,29:0.7619282740571021,30:0.8580903227212285,31:0.3842182364181679,32:0.16515728495326465,33:0.12193370701401063,34:0.3958948619117909,35:0.3096199346519938,36:0.35064575018651434,37:0.1683260320375165,38:0.5979205877895742,39:0.7291930581265146,40:0.21025194630030664} with alpha 47.0 and beta 205.0, percentage 18.4
The arm 48 has vector {0:0.3162356598249413,1:0.09126491295410832,2:0.5451067474405199,3:0.8096630123314944,4:0.026805934866019343,5:0.7334365649928937,6:0.3882401537238135,7:0.5613778130043041,8:0.1422136050049989,9:0.35945723334175417,10:0.03266824692172632,11:0.11440529502734931,12:0.6180022811523306,13:0.11302900538071936,14:0.47999141196072004,15:0.33310811182272404,16:0.7825748492177991,17:0.8972079102389848,18:0.7228081842010264,19:0.6075805799696483,20:0.24774514919187796,21:0.2098628719395872,22:0.21054008901749843,23:0.19502003280620006,24:0.12069690724782745,25:0.3626396591399105,26:0.6801518680682087,27:0.3098687934571024,28:0.855917021791465,29:0.05927272773415915,30:0.19354302414360625,31:0.1138565891126484,32:0.744394212295826,33:0.8463161210951335,34:0.36621184779782745,35:0.6660864894238286,36:0.21382443152817854,37:0.06346825680790369,38:0.6946628339923093,39:0.27918002115878615,40:0.5136302632101917} with alpha 6.0 and beta 51.0, percentage 9.090909090909092
The arm 49 has vector {0:0.37232252948998035,1:0.010497285822667957,2:0.5349243433042414,3:0.8691217640460469,4:0.19644735882058317,5:0.7939844864034343,6:0.46041719243502643,7:0.8951696456737565,8:0.5455177003891396,9:0.22281888746772993,10:0.15556048012935308,11:0.6243500266827949,12:0.8492246939936043,13:0.47074658354830123,14:0.19330896878399495,15:0.21058271156023212,16:0.4725969878255398,17:0.9154046714002531,18:0.2979656500805975,19:0.783090348536323,20:0.5841097519365099,21:0.7842089562497873,22:0.9656051560458014,23:0.5117414896861846,24:0.42405349284116,25:0.4073535988141852,26:0.6601245448354348,27:0.28710039721618696,28:0.003549949371459027,29:0.7034249602084626,30:0.014120898388761738,31:0.13168062856942087,32:0.1814433333862916,33:0.34557272021912455,34:0.5543626674870638,35:0.3302041022742366,36:0.3439076085705345,37:0.9371813646039543,38:0.2069006648505628,39:0.5618241151589551,40:0.027213942089381105} with alpha 4.0 and beta 39.0, percentage 7.317073170731707
The best arm is 45 with vector {0:0.46506232947945503,1:0.6422738460967393,2:0.20454021770345965,3:0.5024436028319825,4:0.11218571514099984,5:0.17836676427228149,6:0.17487018596408332,7:0.40494688219719455,8:0.26384822970567445,9:0.7151184124907327,10:0.5243641253832629,11:0.30913457562699953,12:0.9227688816087946,13:0.6810697000584623,14:0.09802570104984965,15:0.8303467222767582,16:0.2672015374351353,17:0.5594782871582399,18:0.9428933000012802,19:0.9856333950574999,20:0.6574075170997514,21:0.2683613909993102,22:0.6201781325976095,23:0.42973485908293274,24:0.6670323561252206,25:0.3734269821151386,26:0.09111017125350196,27:0.9497914380728492,28:0.9697133304861818,29:0.15230191288678707,30:0.8172908787678473,31:0.7288281047492907,32:0.7949758862939861,33:0.04634797877653174,34:0.24738804323945662,35:0.5677060309963028,36:0.20799053771784348,37:0.3314637755358212,38:0.4358791449752569,39:0.5453953124679932,40:0.6394198801926242} with alpha 120.0 and beta 444.0, percentage 21.17437722419929
The right guesses are: 985 which means 16.416666666666664% correct
Done
The current arm is 45 with vector {0:0.46506232947945503,1:0.6422738460967393,2:0.20454021770345965,3:0.5024436028319825,4:0.11218571514099984,5:0.17836676427228149,6:0.17487018596408332,7:0.40494688219719455,8:0.26384822970567445,9:0.7151184124907327,10:0.5243641253832629,11:0.30913457562699953,12:0.9227688816087946,13:0.6810697000584623,14:0.09802570104984965,15:0.8303467222767582,16:0.2672015374351353,17:0.5594782871582399,18:0.9428933000012802,19:0.9856333950574999,20:0.6574075170997514,21:0.2683613909993102,22:0.6201781325976095,23:0.42973485908293274,24:0.6670323561252206,25:0.3734269821151386,26:0.09111017125350196,27:0.9497914380728492,28:0.9697133304861818,29:0.15230191288678707,30:0.8172908787678473,31:0.7288281047492907,32:0.7949758862939861,33:0.04634797877653174,34:0.24738804323945662,35:0.5677060309963028,36:0.20799053771784348,37:0.3314637755358212,38:0.4358791449752569,39:0.5453953124679932,40:0.6394198801926242} with alpha 120.0 and beta 544.0
The order information:
Date: 2012-05-09T17:07:05.000+02:00
It predicted these items for order 1778911 :
   31560 with score of 1.1585710235495101
   752 with score of 0.8632707505713141
   27900 with score of 0.784895297977714
   748 with score of 0.7741894919226255
   1693 with score of 0.7556148088927364
   13688 with score of 0.7556148088927364
   21769 with score of 0.7556148088927364
   25013 with score of 0.7556148088927364
   31278 with score of 0.7556148088927364
   23467 with score of 0.7263298838550512
These are the actual items bought: 
   11832
   30233
The current arm is 45 with vector {0:0.46506232947945503,1:0.6422738460967393,2:0.20454021770345965,3:0.5024436028319825,4:0.11218571514099984,5:0.17836676427228149,6:0.17487018596408332,7:0.40494688219719455,8:0.26384822970567445,9:0.7151184124907327,10:0.5243641253832629,11:0.30913457562699953,12:0.9227688816087946,13:0.6810697000584623,14:0.09802570104984965,15:0.8303467222767582,16:0.2672015374351353,17:0.55947828715823