Items: 31014,2,2012-03-22 09:35:15.730000000,2013-01-31 22:08:19.360000000,0,0000000000000000000000000000000000000000000000000000000000000000000000000000000000000000000010000000000000000000000000000000000000000000000000000000000000000000000000000000000000000000000000000000000000000000000000000000000000000000000000000000000000000000
Items: 16065,3,2010-10-12 09:05:28.623000000,2011-10-19 12:41:59.293000000,0,0000000000000000000000000000000000000000000000000000000000000000000000000000000000000000000100000000000000000000000000000000000000000000000000000000000000000000000000000000000000000000000000000000000000000000000000000000000000000000000000000000000000000000
Items: 2897,1,2010-07-28 15:55:07.423000000,2013-07-15 05:02:15.650000000,0,0000000000000000000000000000000000000000000000000000000000000000000000000000000000000000000100000000000000000000000000000000000000000000000000000000000000000000000000000000000000000000000000000000000000000000000000000000000000000000000000000000000000000000
Users: 46671,2009-07-31 17:52:05.423000000,45238,,0
Users: 117404,2012-02-11 18:20:17.737000000,30295,1989-02-13 00:00:00,1
Users: 185087,2009-07-31 19:48:45.310000000,54234,1986-06-04 00:00:00,1
Users: 242612,2011-12-03 21:34:16.640000000,90627,1990-07-23 00:00:00,2
Users: 294436,2011-03-16 09:05:23.647000000,72233,1994-04-25 00:00:00,1
Users: 345704,2011-11-11 20:55:14.437000000,68600,1994-06-05 00:00:00,2
Users: 399809,2012-09-17 14:43:42.033000000,44491,1997-12-12 00:00:00,1
Users: 455390,2012-12-20 16:02:28.573000000,3274,1978-06-02 00:00:00,2
Users: 525182,2013-07-28 12:33:53.590000000,53372,1990-06-17 00:00:00,0
Orders: 35022,1033356,1457,2009-10-18 21:46:53.347000000
Orders: 214698,1082559,614,2010-01-24 20:16:55.153000000
Orders: 226305,1122161,1501,2010-03-20 16:23:03.950000000
Orders: 46541,1167569,11120,2010-05-26 12:55:02.417000000
Orders: 75824,1208142,11119,2010-07-27 23:14:48.377000000
Orders: 13287,1248778,12826,2010-09-21 21:56:27.157000000
Orders: 272654,1296031,653,2010-12-01 18:41:36.730000000
Orders: 285359,1344258,18628,2011-01-28 14:59:09.743000000
Orders: 157456,1388262,18371,2011-03-17 11:46:02.120000000
Orders: 307265,1432210,758,2011-04-29 21:28:48.340000000
Orders: 271030,1473349,21803,2011-06-14 15:24:35.467000000
Orders: 275827,1511037,21829,2011-07-28 21:58:50.970000000
Orders: 62527,1550712,24845,2011-09-10 18:44:47.023000000
Orders: 293365,1597283,27523,2011-11-12 08:21:31.203000000
Orders: 158173,1649466,24361,2011-12-28 14:06:54.430000000
Orders: 371623,1691322,28947,2012-01-31 15:54:20.570000000
Orders: 151193,1739094,2144,2012-03-22 17:02:48.527000000
Orders: 71320,1784958,7874,2012-05-16 17:00:59.817000000
Orders: 287161,1827735,20480,2012-06-29 22:23:24.193000000
Orders: 271514,1866722,31203,2012-08-11 21:38:56.863000000
Orders: 428803,1915657,35460,2012-10-09 20:15:44.210000000
Orders: 444954,1966435,29677,2012-12-01 22:51:49.073000000
Orders: 460415,2018674,31695,2013-01-07 22:20:30.543000000
Orders: 381441,2066329,35170,2013-02-19 22:08:16.833000000
Orders: 485606,2112774,39306,2013-03-26 15:04:37.277000000
Orders: 423890,2161061,11304,2013-05-03 09:35:38.190000000
Orders: 314770,2207605,26096,2013-06-05 19:04:54.837000000
Orders: 287308,2249841,40450,2013-07-13 20:23:09.463000000
Orders: 255027,2289235,33612,2013-08-13 17:15:05.073000000
Orders: 466261,2331294,43871,2013-09-15 21:02:00.180000000
Orders: 446724,2379393,448,2013-11-01 19:20:53.627000000

Startup information:
First order in training stage: 700000
First order in evaluation stage: 771338
Last order in evaluation stage: 777471

Number of orders in training stage: 71338
Number of orders in evaluation stage: 6133

The current arm is 3 with vector {0:0.09318445819610066,1:0.04778725646519255,2:0.36960055800349156,3:0.7681624521967324,4:0.8078139571970402,5:0.8038052635847636,6:0.5543306532340614,7:0.2814521495917166,8:0.8940952063621682,9:0.2981500022487581,10:0.906454123179551,11:0.6394902253594763,12:0.3678660869582985,13:0.6482094446406219,14:0.36335360649407356,15:0.8904896692872715,16:0.07532943218192456,17:0.31054622532417153,18:0.5307447561175863,19:0.3560441918077827,20:0.4142520867769113,21:0.02573959657739555,22:0.8536090666812884,23:0.7076198290995621,24:0.4115250305050404,25:0.26310449077131004,26:0.5592993025169801,27:0.4512062202204379,28:0.2038010825774459,29:0.8450443902665083,30:0.3593622371932357,31:0.8131972968154928,32:0.05075694752127935,33:0.7426167926133872,34:0.3202462366853296,35:0.9848800754549693,36:0.7140399049108053,37:0.888877536479037,38:0.1623935043576712,39:0.7526333385244867,40:0.04190274744399525} with alpha 2.0 and beta 13.0
The order information:
Date: 2012-05-09T17:07:05.000+02:00
It predicted these items for order 1778911 :
   31560 with score of 1.7435675665981523
   1693 with score of 1.7048036789779044
   13688 with score of 1.7048036789779044
   21769 with score of 1.7048036789779044
   25013 with score of 1.7048036789779044
   31278 with score of 1.7048036789779044
   31911 with score of 1.5138854833359716
   752 with score of 1.431408892065659
   28913 with score of 1.303165073592269
   25015 with score of 1.3029010471855227
These are the actual items bought: 
   11832
   30233
The current arm is 9 with vector {0:0.7537084152458797,1:0.8350822831479359,2:0.019511409702533733,3:0.3867713004939114,4:0.7125600286062214,5:0.11450618356500097,6:0.8686547444414933,7:0.85555251527986,8:0.07037016494992565,9:0.8191614073545826,10:0.3690331360591891,11:0.0253096352859028,12:0.12084613180084769,13:0.8827323386565252,14:0.6982458553605427,15:0.06019862095686557,16:0.14155853851217792,17:0.8142400323411236,18:0.4531872559332729,19:0.7733345620098349,20:0.06413231801167951,21:0.07861860197327031,22:0.5247704155774268,23:0.993270487416145,24:0.8839663813208439,25:0.31276159856755315,26:0.16823195161531157,27:0.7235592270249189,28:0.307308260890661,29:0.6002841596485805,30:0.7605116434818472,31:0.45146687292667875,32:0.5278444677253462,33:0.2893271488840041,34:0.27487969209718255,35:0.7396651939672558,36:0.17666044687441518,37:0.2697266980890791,38:0.08061220899255839,39:0.8303430611688164,40:0.6583220141162036} with alpha 4.0 and beta 28.0
The order information:
Date: 2012-05-10T17:54:43.000+02:00
It predicted these items for order 1779917 :
   31560 with score of 2.864686975461144
   752 with score of 2.2255761318642078
   748 with score of 1.7707075113685162
   5003 with score of 1.7655470026084823
   21714 with score of 1.738168323569159
   27900 with score of 1.724049308032812
   27576 with score of 1.6580926489021202
   29669 with score of 1.647382398888617
   20430 with score of 1.6334739794796296
   23467 with score of 1.5931997078198794
These are the actual items bought: 
   30342
   23374
   32289
The current arm is 8 with vector {0:0.045623046896267394,1:0.681276262448976,2:0.43306818178946527,3:0.860179998062305,4:0.6195771899520546,5:0.709817071593511,6:0.4078428180736948,7:0.8103870247879625,8:0.1716520540970421,9:0.4839535532088799,10:0.2498419239606462,11:0.49980858395271166,12:0.44810896473077577,13:0.18946051326962454,14:0.0363081620671849,15:0.039871022024091984,16:0.8357136623119893,17:0.23053137653829392,18:0.9968919795738654,19:0.7837119630038096,20:0.8240524691485405,21:0.8299243422340319,22:0.05517268827989652,23:0.18174784002439492,24:0.048604741718542455,25:0.35201642837710123,26:0.9954118914340861,27:0.5511538529279442,28:0.28879626140865355,29:0.12628793277530093,30:0.6206706575054997,31:0.19056875343901003,32:0.47566958113024793,33:0.19840510224822372,34:0.345594127015759,35:0.27899013184741317,36:0.9500272232587613,37:0.4932009648271878,38:0.8381820201458233,39:0.3570672621528598,40:0.8908823711521308} with alpha 8.0 and beta 61.0
The order information:
Date: 2012-05-11T22:39:32.000+02:00
It predicted these items for order 1780921 :
   31560 with score of 2.1261390849542883
   32354 with score of 1.6182515795604184
   23218 with score of 1.6164061369447003
   30664 with score of 1.6164061369447003
   30678 with score of 1.6164061369447003
   31755 with score of 1.6164061369447003
   32122 with score of 1.6164061369447003
   32190 with score of 1.6164061369447003
   2027 with score of 1.6156201165520834
   18741 with score of 1.6156201165520834
These are the actual items bought: 
   31776
The current arm is 48 with vector {0:0.03323204678199132,1:0.5385686292583252,2:0.5888203067208656,3:0.021829131924495204,4:0.4256865283330573,5:0.08017508682577212,6:0.36405571882585186,7:0.09332743721398884,8:0.37024869076311784,9:0.5037469510347461,10:0.40858766932547674,11:0.6075402753917664,12:0.4404591847313416,13:0.34338834045497035,14:0.5745752117307242,15:0.25822030725829326,16:0.7866938101630476,17:0.5805312022116185,18:0.19178419041841788,19:0.5003508795399857,20:0.6126985492087814,21:0.15492554779311796,22:0.2930362575476977,23:0.16178032141677545,24:0.3664302343235627,25:0.1080301438139245,26:0.511666276254892,27:0.5028330082098913,28:0.3004366893417044,29:0.02562061864769405,30:0.9151201951498491,31:0.41018717847851527,32:0.7214686554901312,33:0.4395971965474015,34:0.039339416414608586,35:0.981689805673886,36:0.1750529146643024,37:0.3762768987495656,38:0.44014466303741695,39:0.5301344364880127,40:0.53168382645151} with alpha 38.0 and beta 175.0
The order information:
Date: 2012-05-13T15:53:25.000+02:00
It predicted these items for order 1781930 :
   31560 with score of 0.498581807387791
   752 with score of 0.45986842157265884
   748 with score of 0.4120934619663503
   21714 with score of 0.28045075800692854
   29669 with score of 0.2571778422410787
   5003 with score of 0.2548190294567819
   27576 with score of 0.2510808689999692
   21803 with score of 0.22627609411173688
   23467 with score of 0.2245759033181583
   12338 with score of 0.21532698802531475
These are the actual items bought: 
   2084
   29003
   31950
   20990
   31940
   30573
   20678
   30195
   25363
   27900
The current arm is 48 with vector {0:0.03323204678199132,1:0.5385686292583252,2:0.5888203067208656,3:0.021829131924495204,4:0.4256865283330573,5:0.08017508682577212,6:0.36405571882585186,7:0.09332743721398884,8:0.37024869076311784,9:0.5037469510347461,10:0.40858766932547674,11:0.6075402753917664,12:0.4404591847313416,13:0.34338834045497035,14:0.5745752117307242,15:0.25822030725829326,16:0.7866938101630476,17:0.5805312022116185,18:0.19178419041841788,19:0.5003508795399857,20:0.6126985492087814,21:0.15492554779311796,22:0.2930362575476977,23:0.16178032141677545,24:0.3664302343235627,25:0.1080301438139245,26:0.511666276254892,27:0.5028330082098913,28:0.3004366893417044,29:0.02562061864769405,30:0.9151201951498491,31:0.41018717847851527,32:0.7214686554901312,33:0.4395971965474015,34:0.039339416414608586,35:0.981689805673886,36:0.1750529146643024,37:0.3762768987495656,38:0.44014466303741695,39:0.5301344364880127,40:0.53168382645151} with alpha 46.0 and beta 230.0
The order information:
Date: 2012-05-14T16:46:54.000+02:00
It predicted these items for order 1782931 :
   31560 with score of 0.4742860068113392
   748 with score of 0.46561080403195154
   752 with score of 0.41541688053651527
   21714 with score of 0.2717429757562261
   27576 with score of 0.26801527956774435
   5003 with score of 0.25569206477032724
   29669 with score of 0.25212502139887477
   12338 with score of 0.23450889902275868
   23467 with score of 0.2334409676908137
   27900 with score of 0.22165204228795993
These are the actual items bought: 
   32564
The current arm is 39 with vector {0:0.6693814708850622,1:0.8855980193933722,2:0.2917343695889225,3:0.9056863515514157,4:0.904674374112634,5:0.0011243217096209568,6:0.8858148161344648,7:0.6828886444593667,8:0.7259452682850022,9:0.04433375311980581,10:0.031037992389605917,11:0.43372253485011447,12:0.7933028328951252,13:0.6703169329164189,14:0.5517431949884457,15:0.8827505309989147,16:0.18448524138976885,17:0.09359441522775436,18:0.8036795559900325,19:0.9408376086832528,20:0.06731257384947231,21:0.9686892331456605,22:0.47103244104745434,23:0.7466468149074698,24:0.15359521720657665,25:0.7266443899219134,26:0.7439969620440718,27:0.028923912179065536,28:0.9053473729565759,29:0.14007920802529672,30:0.7555870671382308,31:0.6233181550232312,32:0.05762156014516284,33:0.962456443977416,34:0.7183889235636389,35:0.023584038408656083,36:0.6807231626155806,37:0.8276484371112637,38:0.9963180994879657,39:0.45016641107256683,40:0.7544359936432532} with alpha 47.0 and beta 262.0
The order information:
Date: 2012-05-15T15:02:20.000+02:00
It predicted these items for order 1783936 :
   31560 with score of 2.9245301990428905
   748 with score of 2.793929768392019
   752 with score of 2.4670352483120555
   27576 with score of 2.2844237770669116
   21714 with score of 2.231287774308846
   5003 with score of 2.205858142978495
   29669 with score of 2.1562468768811582
   21776 with score of 2.123430775794602
   25201 with score of 2.1009374413101067
   23467 with score of 2.098797650980132
These are the actual items bought: 
   12096
The arm 0 has vector {0:0.5192496118173878,1:0.7639838177443817,2:0.3595966749334699,3:0.6009802967096235,4:0.7028976137768589,5:0.49185029359800014,6:0.4348420700139257,7:0.6287154258152796,8:0.9627394020361589,9:0.9877295653982345,10:0.6634470732063863,11:0.3443455587665927,12:0.4721097165745265,13:0.2147986748489379,14:0.9732032659381564,15:0.6145250967290102,16:0.9978923022872606,17:0.6841179720560312,18:0.9040631213783396,19:0.9903244875473983,20:0.12622617300567363,21:0.8482881083118761,22:0.5302681809332619,23:0.17203334828305694,24:0.693443301539046,25:0.46742546738820756,26:0.6863119698012379,27:0.3352062695714598,28:0.966813286372292,29:0.9590215710898315,30:0.4016663825412645,31:0.19172869796486458,32:0.31128218309212974,33:0.8784911473142833,34:0.9671557392939342,35:0.6215631716241405,36:0.4084489792741297,37:0.4192816838987735,38:0.667072245153456,39:0.4730665866556826,40:0.8159540982470627} with alpha 7.0 and beta 71.0, percentage 7.894736842105263
The arm 1 has vector {0:0.5979734767368546,1:0.6152267306356176,2:0.44737923705575866,3:0.5616740621051527,4:0.10816069250519589,5:0.3307303316724909,6:0.8104706636353687,7:0.8392326080105306,8:0.3821035918463054,9:0.5362279367416144,10:0.5206330034634008,11:0.7578110757544627,12:0.6273338712414739,13:0.0037304075112468693,14:0.618605199609512,15:0.25539999603048,16:0.7334176989947399,17:0.022634775579427724,18:0.6365898873557536,19:0.6224697114882344,20:0.5783813863318005,21:0.5593483686374712,22:0.6792207773351105,23:0.6506374847196087,24:0.5450622259796877,25:0.7641770674875115,26:0.5013155886231865,27:0.035738760486525356,28:0.9151770693893181,29:0.2995826944647507,30:0.8772942667670185,31:0.49083235670807457,32:0.951389380043496,33:0.9599129041950091,34:0.67446739065973,35:0.4963063312000341,36:0.9741152636431878,37:0.8988540019753585,38:0.7176968632346147,39:0.42716506856434344,40:0.9506502818929344} with alpha 21.0 and beta 138.0, percentage 12.738853503184714
The arm 2 has vector {0:0.8728669311268923,1:0.03477989006298987,2:0.7339452934700702,3:0.25649298689881583,4:0.8191858068329572,5:0.5387720987511008,6:0.4550375084518262,7:0.32277540016173656,8:0.8957095632971235,9:0.7339366127943098,10:0.41754241791723834,11:0.944183997751853,12:0.9665019299763798,13:0.7554581383384034,14:0.0553740328250204,15:0.30041196363200373,16:0.4845985784076787,17:0.3477159302382299,18:0.22421015806591493,19:0.7526181560272802,20:0.31501545130723096,21:0.6926071116119397,22:0.929468593949823,23:0.5200789472032828,24:0.1025012813010916,25:0.2062083808615075,26:0.9648370457725878,27:0.9214924845825614,28:0.055713462387524504,29:0.1774086682015933,30:0.9699263522309314,31:0.7720475808472853,32:0.33801698206475417,33:0.035443915008090965,34:0.07016086903926588,35:0.9461442446154624,36:0.6946096279637239,37:0.6783259349827478,38:0.39732992108664333,39:0.12701206233679407,40:0.5536748931106864} with alpha 1.0 and beta 32.0, percentage 0.0
The arm 3 has vector {0:0.09318445819610066,1:0.04778725646519255,2:0.36960055800349156,3:0.7681624521967324,4:0.8078139571970402,5:0.8038052635847636,6:0.5543306532340614,7:0.2814521495917166,8:0.8940952063621682,9:0.2981500022487581,10:0.906454123179551,11:0.6394902253594763,12:0.3678660869582985,13:0.6482094446406219,14:0.36335360649407356,15:0.8904896692872715,16:0.07532943218192456,17:0.31054622532417153,18:0.5307447561175863,19:0.3560441918077827,20:0.4142520867769113,21:0.02573959657739555,22:0.8536090666812884,23:0.7076198290995621,24:0.4115250305050404,25:0.26310449077131004,26:0.5592993025169801,27:0.4512062202204379,28:0.2038010825774459,29:0.8450443902665083,30:0.3593622371932357,31:0.8131972968154928,32:0.05075694752127935,33:0.7426167926133872,34:0.3202462366853296,35:0.9848800754549693,36:0.7140399049108053,37:0.888877536479037,38:0.1623935043576712,39:0.7526333385244867,40:0.04190274744399525} with alpha 7.0 and beta 72.0, percentage 7.792207792207792
The arm 4 has vector {0:0.666278378980814,1:0.6090224551281676,2:0.2713552974761255,3:0.9241289216810761,4:0.18763550702665976,5:0.6207057228577935,6:0.9429234350127623,7:0.3765151537897844,8:0.5195883233207774,9:0.7434641870266843,10:0.17058523069078813,11:0.10520911857589343,12:0.05766004881512854,13:0.15403660795842722,14:0.9003031256760028,15:0.027940368811618654,16:0.5302814878434997,17:0.4703523002339731,18:0.6693814220239668,19:0.4347216198547015,20:0.08023403586151312,21:0.09036602747501488,22:0.7059183384690721,23:0.3166665110625463,24:0.5472698794993979,25:0.7040994497839987,26:0.5017173996106865,27:0.8063593252772245,28:0.13266254028618252,29:0.4942923815236179,30:0.7972307808611293,31:0.10040779284572843,32:0.08910785013116551,33:0.8904427276252874,34:0.14521160648298204,35:0.8323695080816323,36:0.7065407141662254,37:0.4300242464542837,38:0.15754068311954683,39:0.11453073842100836,40:0.7513065653585618} with alpha 12.0 and beta 98.0, percentage 10.185185185185185
The arm 5 has vector {0:0.562967714985855,1:0.7899201422683638,2:0.1383504804799277,3:0.14272026412457994,4:0.389119920844045,5:0.012571103745597778,6:0.3698521337783104,7:0.7095923563929925,8:0.2859990604278484,9:0.3904097151171869,10:0.45502106973606227,11:0.15306746029132845,12:0.7829220744403836,13:0.160799715529386,14:0.6990365321889992,15:0.9265593433317498,16:0.28432617660990567,17:0.7224931145970783,18:0.32867003036831566,19:0.758330725547238,20:0.6007007085113976,21:0.5709303203125231,22:0.9209163898512193,23:0.20058696618241956,24:0.8753934509338834,25:0.6344980586963433,26:0.9657254529516902,27:0.17685433948422535,28:0.37934808278214127,29:0.6542705739582843,30:0.7398964835701553,31:0.36577764832056325,32:0.44056723466287695,33:0.44125123984734416,34:0.6116061892846988,35:0.28971473553475147,36:0.6958366321066151,37:0.8553369256210251,38:0.39609454802890987,39:0.30848774627697273,40:0.8359846912800063} with alpha 4.0 and beta 52.0, percentage 5.555555555555555
The arm 6 has vector {0:0.5280363795141669,1:0.13180751173653105,2:0.1486857990653866,3:0.20048208182590688,4:0.501066944687181,5:0.2523826873120686,6:0.05931322265642536,7:0.0810989351910203,8:0.08441024023654886,9:0.5485118083986243,10:0.27844007639097323,11:0.5233809840599803,12:0.28760456053448724,13:0.4978926181049905,14:0.07943459774281425,15:0.31812489907719477,16:0.2151208664775317,17:0.4179881509260297,18:0.3273481123316405,19:0.34170019056089396,20:0.6823298991110099,21:0.7015605275597903,22:0.6908508662944154,23:0.7881273726841429,24:0.303990972393704,25:0.5370174352578194,26:0.014289954513954428,27:0.17210459435661818,28:0.8991932786338329,29:0.8549441036956108,30:0.5780357829992503,31:0.1975550981190196,32:0.39903095787180065,33:0.7532156667283016,34:0.05424938865526585,35:0.35643503106906316,36:0.7162357579119536,37:0.8361996715754886,38:0.5313088714809787,39:0.7150767598155588,40:0.7544325680334751} with alpha 2.0 and beta 36.0, percentage 2.7777777777777777
The arm 7 has vector {0:0.5335805679421332,1:0.0610161781570302,2:0.6337604900136745,3:0.7805662057595268,4:0.2143572562681686,5:0.021504767825736293,6:0.7229095570775605,7:0.3425882331404726,8:0.10236293281412245,9:0.05177435953211562,10:0.5015693263696481,11:0.6446819379301552,12:0.4196571377949193,13:0.5079973087602632,14:0.5896399754950618,15:0.32686127082093563,16:0.8109527313252491,17:0.1730529205018082,18:0.8778186184144935,19:0.10551783969567752,20:0.4018083469678816,21:0.3827536084032923,22:0.9720955791720065,23:0.5117572537563617,24:0.3727837612304489,25:0.5423789588106421,26:0.8465525155623741,27:0.7084986991426724,28:0.8174182484982477,29:0.00595052791816264,30:0.19545615262056515,31:0.7767101612869644,32:0.22351767857950644,33:0.9918311942415731,34:0.34288108041447485,35:0.2650664454343745,36:0.08887630994420104,37:0.5315701276001444,38:0.8325366780505719,39:0.26421489590763836,40:0.444582991471553} with alpha 65.0 and beta 366.0, percentage 14.918414918414918
The arm 8 has vector {0:0.045623046896267394,1:0.681276262448976,2:0.43306818178946527,3:0.860179998062305,4:0.6195771899520546,5:0.709817071593511,6:0.4078428180736948,7:0.8103870247879625,8:0.1716520540970421,9:0.4839535532088799,10:0.2498419239606462,11:0.49980858395271166,12:0.44810896473077577,13:0.18946051326962454,14:0.0363081620671849,15:0.039871022024091984,16:0.8357136623119893,17:0.23053137653829392,18:0.9968919795738654,19:0.7837119630038096,20:0.8240524691485405,21:0.8299243422340319,22:0.05517268827989652,23:0.18174784002439492,24:0.048604741718542455,25:0.35201642837710123,26:0.9954118914340861,27:0.5511538529279442,28:0.28879626140865355,29:0.12628793277530093,30:0.6206706575054997,31:0.19056875343901003,32:0.47566958113024793,33:0.19840510224822372,34:0.345594127015759,35:0.27899013184741317,36:0.9500272232587613,37:0.4932009648271878,38:0.8381820201458233,39:0.3570672621528598,40:0.8908823711521308} with alpha 12.0 and beta 88.0, percentage 11.224489795918368
The arm 9 has vector {0:0.7537084152458797,1:0.8350822831479359,2:0.019511409702533733,3:0.3867713004939114,4:0.7125600286062214,5:0.11450618356500097,6:0.8686547444414933,7:0.85555251527986,8:0.07037016494992565,9:0.8191614073545826,10:0.3690331360591891,11:0.0253096352859028,12:0.12084613180084769,13:0.8827323386565252,14:0.6982458553605427,15:0.06019862095686557,16:0.14155853851217792,17:0.8142400323411236,18:0.4531872559332729,19:0.7733345620098349,20:0.06413231801167951,21:0.07861860197327031,22:0.5247704155774268,23:0.993270487416145,24:0.8839663813208439,25:0.31276159856755315,26:0.16823195161531157,27:0.7235592270249189,28:0.307308260890661,29:0.6002841596485805,30:0.7605116434818472,31:0.45146687292667875,32:0.5278444677253462,33:0.2893271488840041,34:0.27487969209718255,35:0.7396651939672558,36:0.17666044687441518,37:0.2697266980890791,38:0.08061220899255839,39:0.8303430611688164,40:0.6583220141162036} with alpha 14.0 and beta 99.0, percentage 11.711711711711711
The arm 10 has vector {0:0.21799058714616237,1:0.5212293300892684,2:0.7278604258503623,3:0.7717227493964434,4:0.6305999389272303,5:0.10102730544164018,6:4.076944067483712E-4,7:0.0051596978498561485,8:0.12873421434711874,9:0.5978975484045183,10:0.5764897134294095,11:0.31638805685155136,12:0.5337110002656177,13:0.7767759696463663,14:0.8043443731636548,15:0.27489442414903154,16:0.19586677120831297,17:0.009412145098582125,18:0.225704223093535,19:0.4176612993432207,20:0.6097613909579327,21:0.7751586325582802,22:0.38621445526573916,23:0.5310489495965303,24:0.4948789337978222,25:0.8968890283941859,26:0.478563848410243,27:0.6957010146593613,28:0.30849396242605165,29:0.2928097428603361,30:0.7064088229850001,31:0.021046473258992338,32:0.8768472254489299,33:0.09591311377538236,34:0.493794458632113,35:0.9010714382165619,36:0.340051154178325,37:0.06263422521554285,38:0.343442283490925,39:0.859703389594748,40:0.6878288736227044} with alpha 1.0 and beta 29.0, percentage 0.0
The arm 11 has vector {0:0.5296551688826868,1:0.530151841585378,2:0.3342494742486546,3:0.3228166273522012,4:0.5729038037769608,5:0.5677602620661408,6:0.23140408887197927,7:0.9548960838158446,8:0.7817949964801626,9:0.06784699219894819,10:0.24456108158229728,11:7.93168195162619E-4,12:0.7544994705730025,13:0.4970614615706691,14:0.20243175408732317,15:0.07858243549548649,16:0.2239140214331231,17:0.9077024903535118,18:0.6435767136033668,19:0.8974712311976653,20:0.7644838642054111,21:0.8516537552510905,22:0.39334984600967604,23:0.022662784903380917,24:0.4190717921934727,25:0.16792499647026693,26:0.4299408813924991,27:0.46594058392638893,28:0.3991252672566954,29:0.7434951919943609,30:0.3793316497134257,31:0.8642177464234339,32:0.5392920369256314,33:0.29161089912229976,34:0.9347001366637703,35:0.06230620476840654,36:0.6770539066599297,37:0.5395637651237127,38:0.1469900110546145,39:0.02992249804157865,40:0.5351328937851899} with alpha 8.0 and beta 78.0, percentage 8.333333333333332
The arm 12 has vector {0:0.7134215713775601,1:0.9222334102223276,2:0.7434836930129454,3:0.6577892042186037,4:0.8471861337246613,5:0.04787650385310993,6:0.734954877939408,7:0.48662081699502335,8:0.7177502884315737,9:0.15798091502217004,10:0.6789960049437548,11:0.7664102066372455,12:0.7029130397199349,13:0.7153304743615855,14:0.5764860944623456,15:0.05335545335123959,16:0.24718851454948032,17:0.2177054030378741,18:0.7274893472030741,19:0.4075489851762939,20:0.990849872113834,21:0.11837278241619686,22:0.3393445006689312,23:0.4609863185568559,24:0.5088221591351522,25:0.5770539964899983,26:0.2906326640891783,27:0.7908992052184927,28:0.051871958272768914,29:0.45180007224862717,30:0.3755703806140437,31:0.5001081358892331,32:0.09366985244011417,33:0.9150313605460337,34:0.3974445979277369,35:0.6443609048545907,36:0.8258026840189713,37:0.9950064405811098,38:0.8464992836354899,39:0.4547952684993769,40:0.9998463182940484} with alpha 22.0 and beta 151.0, percentage 12.280701754385964
The arm 13 has vector {0:0.5843334664621422,1:0.6315286782090828,2:0.664628582129037,3:0.10454850507932567,4:0.8854854839070998,5:0.28407666653344554,6:0.08214102632737119,7:0.6734579422396828,8:0.16431432379889355,9:0.32208914830805035,10:0.2591898285708304,11:0.6297738522088014,12:0.22269357608304452,13:0.1631509863159758,14:0.2996379633225802,15:0.9728368636787604,16:0.18702921886951196,17:0.6743167897680731,18:0.507721962384933,19:0.26971966705376393,20:0.965258955232565,21:0.3967339782322312,22:0.45502836126259816,23:0.6581345086616178,24:0.557930423369816,25:0.4087747049438304,26:0.10222187051993648,27:0.7050399081004374,28:0.3356475810703735,29:0.6119419770663036,30:0.5335972000351935,31:0.17260468126019868,32:0.707542283618644,33:0.5159575022657762,34:0.4139228370381617,35:0.4884784403071185,36:0.009695177606313665,37:0.8861960479811616,38:0.391847599979,39:0.8874786616170527,40:0.939340280147561} with alpha 4.0 and beta 53.0, percentage 5.454545454545454
The arm 14 has vector {0:0.4584398913256482,1:0.5049139580375835,2:0.6915931446983182,3:0.41062111224422115,4:0.4310859635308587,5:0.544100100760228,6:0.3669095018286993,7:0.9459437147985498,8:0.17581017085099682,9:0.5140855565394603,10:0.5827846758838224,11:0.9836224456310186,12:0.31385361391473543,13:0.777713609946996,14:0.8110250259451655,15:0.8256966043411968,16:0.21249030738263597,17:0.5334475328582958,18:0.7491742887168351,19:0.8871449686285794,20:0.46791200962798685,21:0.7797952076764821,22:0.9002616577711858,23:0.5523696994930462,24:0.6744885912909907,25:0.18054767427569907,26:0.4814591782698453,27:0.8785612549856311,28:0.9768037963968044,29:0.6799353321834627,30:0.6017660549097533,31:0.6844616543573061,32:0.9916554173814944,33:0.7497521708602296,34:0.8630125895875381,35:0.4884702159061919,36:0.02723235580149752,37:0.9320815289367546,38:0.13561418188225038,39:0.9786178240238023,40:0.5516603269732625} with alpha 14.0 and beta 109.0, percentage 10.743801652892563
The arm 15 has vector {0:0.3552429226957926,1:0.13520024890771398,2:0.45046449602519567,3:0.5608885152900044,4:0.7224195269538605,5:0.008877415980195091,6:0.344708325903722,7:0.2439730999114943,8:0.42563879896007517,9:0.5242456822430068,10:0.24818702671479653,11:0.08325772898649197,12:0.9706302111553728,13:0.04848991869708985,14:0.3988454814590522,15:0.7386194850077693,16:0.02098231080093027,17:0.3226650400652068,18:0.9126947499049756,19:0.6077954882641102,20:0.1372639151607582,21:0.8582391291078302,22:0.03431029049572365,23:0.16140467450652507,24:0.692168814500389,25:0.7438028940348754,26:0.10792445853382238,27:0.41608465318678667,28:0.14810163381484553,29:0.3515853766445275,30:0.47177890839918113,31:0.18646074336510077,32:0.2541140678113145,33:0.87902697041326,34:0.7154589200553039,35:0.7299882768131203,36:0.1732202456418136,37:0.005469573079056045,38:0.9986393851401613,39:0.3143659986476788,40:0.007145249088713057} with alpha 16.0 and beta 103.0, percentage 12.82051282051282
The arm 16 has vector {0:0.09892603486456186,1:0.4113586621402662,2:0.1996588278984759,3:0.8989764976936232,4:0.8188485835482824,5:0.5799182038643538,6:0.9276867295550207,7:0.40876599805867153,8:0.5967799945657167,9:0.8291064546134996,10:0.5629838044469119,11:0.696137429172206,12:0.9129093540646138,13:0.3692515257884359,14:0.033848328743364076,15:0.2920071481065758,16:0.4345868996965917,17:0.10934588375439636,18:0.44584277212313683,19:0.3010671857196048,20:0.5795739838553796,21:0.8206107295970796,22:0.9619033945309664,23:0.7585745645636585,24:0.2730992763478598,25:0.3393611906724292,26:0.8667514120013062,27:0.32461550691061003,28:0.08703902677899544,29:0.1977039595627198,30:0.5705439029370546,31:0.3078635150128096,32:0.7972597200042394,33:0.061617156098646264,34:0.9621454836486512,35:0.9338537253624729,36:0.22354546143265108,37:0.9026381275400497,38:0.780041841751928,39:0.19849915654737937,40:0.46027908436598364} with alpha 4.0 and beta 52.0, percentage 5.555555555555555
The arm 17 has vector {0:0.18845251549902708,1:0.17610765371142445,2:0.12702154074495053,3:0.7297568767096628,4:0.8979311192982566,5:0.8381175175936268,6:0.4515093185130795,7:0.794935195415962,8:0.26189704652195334,9:0.5045493373671014,10:0.648763549082327,11:0.30719767684934673,12:0.7966325361046377,13:0.10063316908337872,14:0.7549846094056293,15:0.9603738726919738,16:0.8668240436314296,17:0.7624688130865442,18:0.06515467841543288,19:0.26541798768069,20:0.3503325820436183,21:0.12700194560694833,22:0.1111796977754359,23:0.39909615182751934,24:0.19429251945835102,25:0.1477783624391522,26:0.6869140364293387,27:0.5469848368020799,28:0.8032411162206848,29:0.0937886596793499,30:0.024966347552829338,31:0.6229767255287523,32:0.438129185028973,33:0.8408543593626628,34:0.11760053090988865,35:0.9245951244719873,36:0.8206346227360206,37:0.41302249948926517,38:0.08555072909781247,39:0.026667644466919382,40:0.49606726307264615} with alpha 2.0 and beta 38.0, percentage 2.631578947368421
The arm 18 has vector {0:0.2618491631790003,1:0.39040261992465985,2:0.6005129947977061,3:0.44735644270645314,4:0.8693574517742594,5:0.7301707233668583,6:0.7139801989853688,7:0.9186658091796898,8:0.7705787815333427,9:0.2231868892833173,10:0.6944175694371177,11:0.7333797030760131,12:0.9076113234290769,13:0.39789577439509294,14:0.397540304350376,15:0.05471650856002552,16:0.9213259793669993,17:0.09806182725916512,18:0.21808716028958786,19:0.13567980404636326,20:0.3389153017947778,21:0.25482989229363173,22:0.6311426883695568,23:0.798420876324667,24:0.37818657609914375,25:0.9972597217254738,26:0.38056019620770276,27:0.15344704750389493,28:0.8347292971907763,29:0.8531887542112727,30:0.7634238287401248,31:0.9237385258022152,32:0.1145506202497899,33:0.06429009960551668,34:0.07567574027783963,35:0.07715358687357399,36:0.38557089076284945,37:0.9443352411170526,38:0.28782649966980967,39:0.6246855647855029,40:0.8387457347301167} with alpha 7.0 and beta 66.0, percentage 8.450704225352112
The arm 19 has vector {0:0.05729083931375478,1:0.5469478473625538,2:0.41200676468937736,3:0.24838240478838114,4:0.9097938727306577,5:0.3115278253914132,6:0.6144048507951516,7:0.283232159424579,8:0.7474206772363313,9:0.8480854990248136,10:0.2801310143711714,11:0.5479648070669559,12:0.8775559976839677,13:0.9980139990697394,14:0.9187252171897032,15:0.7412257742831126,16:0.8811105929549617,17:0.247956547447735,18:0.7516657600454332,19:0.2581434286873966,20:0.8741249648867607,21:0.03413158430058649,22:0.022577163540087763,23:0.49510045043535267,24:0.44295341135295563,25:0.9820836028230511,26:0.23156926772947017,27:0.7239622591542616,28:0.5180242755426329,29:0.04326907187451856,30:0.3886815919090004,31:0.691735188918668,32:0.5115699779029634,33:0.14996585595492318,34:0.8797552991969886,35:0.025664437485994007,36:0.5087754196673591,37:0.9191355857467869,38:0.7804206662058298,39:0.5728966051747162,40:0.8411681036872832} with alpha 2.0 and beta 34.0, percentage 2.941176470588235
The arm 20 has vector {0:0.8311603343113033,1:0.4927130004413417,2:0.2047359240727895,3:0.8311766444002533,4:0.3174356583478236,5:0.4695489268309838,6:0.5651721323875822,7:0.8511756146582723,8:0.6091365542002849,9:0.8298773112437479,10:0.0786041135021559,11:0.2702466753397651,12:0.8552166833866466,13:0.6354677066689901,14:0.6458270062265965,15:0.0045503653919517495,16:0.7185334079165828,17:0.7647812360101778,18:0.7461725504793365,19:0.9556883855353422,20:0.7631661849509901,21:0.01783568181830697,22:0.1603492065194586,23:0.003151753806162283,24:0.8142802798983965,25:0.16944620843331626,26:0.2130314751941631,27:0.2938868171293614,28:0.17029530431830842,29:0.47300848558341957,30:0.656830994026245,31:0.453142351777737,32:0.7661470878399883,33:0.6900447503274951,34:0.5130426814238244,35:0.29520861992368996,36:0.2720502586547726,37:0.05474121875571247,38:0.047847031853842426,39:0.15277669109839953,40:0.5605171989055482} with alpha 15.0 and beta 105.0, percentage 11.864406779661017
The arm 21 has vector {0:0.764412686113443,1:0.657479017453685,2:0.40440795307768773,3:0.4882172626239579,4:0.09243450905770301,5:0.46299161888788876,6:0.7970204580124507,7:0.8178179028859724,8:0.5751257413451988,9:0.5838135848767931,10:0.3351239667892464,11:0.4243045418041145,12:0.9453527613357227,13:0.7966795410825175,14:0.03703812551370356,15:0.19456525022743432,16:0.24707874933711949,17:0.6014638470076459,18:0.7510943014066852,19:0.8368497490578123,20:0.2089594026448085,21:0.7720799643525965,22:0.6514810278959657,23:0.3608838606953746,24:0.4350184297617067,25:0.8683438016747295,26:0.820907626729101,27:0.9957339013914637,28:0.45505212093296055,29:0.3389263794284608,30:0.10726197669644588,31:0.3913051407733379,32:0.1743671529482107,33:0.4646314948623006,34:0.48669353536934423,35:0.8991049436210542,36:0.11173566826467085,37:0.2782603112697497,38:0.45153461466431144,39:0.6709225097563969,40:0.03917898171270007} with alpha 11.0 and beta 94.0, percentage 9.70873786407767
The arm 22 has vector {0:0.5851591306260571,1:0.36058826448405146,2:0.29796463218135705,3:0.5360540255683316,4:0.9819934762532987,5:0.5559618371729771,6:0.20213344589919724,7:0.788191135295434,8:0.9087924040070722,9:0.42361509768325356,10:0.5249419534965423,11:0.7809899494748109,12:0.5066074192448919,13:0.8375236822927846,14:0.4395576704389682,15:0.8183637245244187,16:0.9081613881509617,17:0.001016249837473171,18:0.8212186284993863,19:0.5802303143561367,20:0.2580023098287808,21:0.7906565068267948,22:0.28715173561177043,23:0.11891036537751776,24:0.8883012444417762,25:0.2888100090961655,26:0.4474839198588041,27:0.021684952128838475,28:0.16109024126137894,29:0.16939525599160943,30:0.6267222287225411,31:0.11895591786455484,32:0.050804157691051954,33:0.6777978622513129,34:0.4827355604610053,35:0.2914977944633268,36:0.31502990471060577,37:0.9933813804137029,38:0.5133465350960864,39:0.17972581094928775,40:0.220271094786332} with alpha 3.0 and beta 42.0, percentage 4.651162790697675
The arm 23 has vector {0:0.6083322166905041,1:0.04222077870641505,2:0.3365471267046072,3:0.9734003233433678,4:0.768171407084187,5:0.3430616180078626,6:0.40415866218553564,7:0.8561607776965106,8:0.39835563474371916,9:0.7220216687915312,10:0.3307798445312923,11:0.42123507836368224,12:0.6131266014568294,13:0.1641174215116985,14:0.44473768620221976,15:0.9585234249961598,16:0.4529833228288159,17:0.9261254880490114,18:0.9491624333029713,19:0.6321728118741194,20:0.3409636605686155,21:0.0033042580887033823,22:0.06128761342796796,23:0.07555147154522535,24:0.4415329204298888,25:0.11528291799779289,26:0.49350152576056494,27:0.6828597753677637,28:0.6894933646006456,29:0.21427506899546522,30:0.9640816371015715,31:0.2159884724264176,32:0.5491715162745774,33:0.3108183278198433,34:0.060203577289068,35:0.9966243084352371,36:0.4158714593081395,37:0.3283683084950202,38:0.9409539500148701,39:0.7409663303069687,40:0.8523899461408562} with alpha 5.0 and beta 58.0, percentage 6.557377049180328
The arm 24 has vector {0:0.7439178359875237,1:0.06177293339341772,2:0.05083305660518089,3:0.25753865994001957,4:0.19896216215560847,5:0.3402601848880179,6:0.8294919163629924,7:0.22573501833729648,8:0.6092970236584956,9:0.757202086546046,10:0.9404016093370828,11:0.7906401971609575,12:0.2858366160825996,13:0.2825572855701205,14:0.6975553935589616,15:0.23498915941538912,16:0.14815756694467896,17:0.5352941110801545,18:0.9288373367014622,19:0.1257685033677065,20:0.41622006787740795,21:0.2056705454553126,22:0.18149284972599788,23:0.31915179905594315,24:0.5367222998170483,25:0.9513600613646644,26:0.7672283600927491,27:0.8444700959566147,28:0.6003283011971274,29:0.5312768963878186,30:0.3525064588413652,31:0.004831826416459295,32:0.8461792173978103,33:0.16066127866067048,34:0.9898344621060293,35:0.7811636688191835,36:0.914404573487595,37:0.6182778466940574,38:0.7528016934168621,39:0.42190654025416685,40:1.2430591111733946E-4} with alpha 3.0 and beta 43.0, percentage 4.545454545454546
The arm 25 has vector {0:0.7509054767848219,1:0.4384337524866381,2:0.3767547170493595,3:0.5721827673490011,4:0.017681218193239423,5:0.31183985628610245,6:0.6055679666495323,7:0.36376942209138197,8:0.2517913483236771,9:0.03426169941642088,10:0.8732731233540926,11:0.6633632435009484,12:0.6716828656712386,13:0.7610003133947723,14:0.07151586856303793,15:0.522441405590218,16:0.11307161192295023,17:0.06630103979916036,18:0.1433633394266668,19:0.0665014931953577,20:0.2821268475032408,21:0.2945612447921765,22:0.5554473403824132,23:0.966081497630534,24:0.9787580224741046,25:0.6137277451958764,26:0.6181939230386035,27:0.13017523622957428,28:0.03407904759854885,29:0.5383034478515594,30:0.1660618607375809,31:0.16521163500245384,32:0.9231493658733683,33:0.6001690589001837,34:0.21209487587947318,35:0.8978695060416169,36:0.30036265266149675,37:0.7924715633775761,38:0.1053652291391638,39:0.07867815901664621,40:0.4759649867470416} with alpha 41.0 and beta 240.0, percentage 14.336917562724013
The arm 26 has vector {0:0.26423603523547,1:0.7821399042371521,2:0.7555408652090968,3:0.32365552644887274,4:0.08888949684860259,5:0.6297226771621819,6:0.4204782104768785,7:0.958398853933975,8:0.45706042564886973,9:0.5078482288440173,10:0.9683150245873123,11:0.2341076148193384,12:0.6664732333515858,13:0.2831405616096928,14:0.2109174006968748,15:0.2584031324786239,16:0.20706111329841193,17:0.838915403167962,18:0.6205612966468032,19:0.4300925916340984,20:0.04505739589425495,21:0.15928927711365903,22:0.22602162387338998,23:0.1825418425406482,24:0.11777509546674692,25:0.7523100305165653,26:0.20975120510166334,27:0.11726964230614545,28:0.18928875356862296,29:0.43671985081753395,30:0.03540747678232237,31:0.9717880509010597,32:0.049829674135853486,33:0.9087535161622291,34:0.1573735813451842,35:0.956330603875253,36:0.38113163001764927,37:0.840104465470665,38:0.8679659374466955,39:0.243452929649974,40:0.9877815213826837} with alpha 8.0 and beta 69.0, percentage 9.333333333333334
The arm 27 has vector {0:0.28292011725798216,1:0.683407561938743,2:0.5778160498244855,3:0.06822766536065006,4:0.3566073441352955,5:0.696604012994795,6:0.7822692902250457,7:0.9562384437401947,8:0.5531517615341988,9:0.5536916670248723,10:0.9524331058493796,11:0.8067566274677791,12:0.5131898249984949,13:0.5105144109070643,14:0.35200508345890813,15:0.8279076431695986,16:0.23801834424484558,17:0.878666579049139,18:0.8538179166101217,19:0.8244697148702836,20:0.5482076371229163,21:0.9551270240074787,22:0.38920524910791665,23:0.4069435882975281,24:0.21830141547120774,25:0.28812132212625785,26:0.5327036288022438,27:0.4418280472652638,28:0.5344606079426745,29:0.04788891264675588,30:0.7762261912801637,31:0.275371936511283,32:0.33845852129742393,33:0.1869640796103036,34:0.06390481227745914,35:0.6645116366300946,36:0.9939865665720194,37:0.6443078173473102,38:0.47716030433786083,39:0.01717885133498498,40:0.9411945060533422} with alpha 12.0 and beta 97.0, percentage 10.2803738317757
The arm 28 has vector {0:0.04943557545331434,1:0.9423810029077154,2:0.5956134620271795,3:0.17925454229662496,4:0.901652597485624,5:0.3266619477086904,6:0.45039231339264596,7:0.02420021488351809,8:0.4940043854413241,9:0.3284276588462157,10:0.11279524733014323,11:0.33579019486636563,12:0.20885301688753333,13:0.5597022879009323,14:0.7453564000674016,15:0.46628802231896116,16:0.9062809405051653,17:0.6723552598041193,18:0.3314873166132545,19:0.10455133806662897,20:0.9970344445489187,21:0.12488503405489859,22:0.48463463948029983,23:0.3591882664018311,24:0.017424569926727362,25:0.047969393084990486,26:0.5599349682382183,27:0.6555489839119876,28:0.3854904143961093,29:0.8660670271882062,30:0.2619339151211756,31:0.2531950577877229,32:0.9440558168992484,33:0.46926616528362874,34:0.9631048990314464,35:0.06747838759667035,36:0.6321183053602358,37:0.7328989903503547,38:0.8624300221308543,39:0.7353625991752316,40:0.03352283732128458} with alpha 10.0 and beta 77.0, percentage 10.588235294117647
The arm 29 has vector {0:0.3510833128592472,1:0.8162137738076561,2:0.8784770360897236,3:0.821879138722113,4:0.35394971075326853,5:0.9378505066756837,6:0.8150357564367938,7:0.1946318619744105,8:0.007904681922332069,9:0.7923185498078152,10:0.4852328313101284,11:0.7301715314597849,12:0.8191277987462786,13:0.48484282560055825,14:0.009868205550149223,15:0.7658193888797153,16:0.12892219107354064,17:0.7100705100894852,18:0.009772657826517706,19:0.19225312981428389,20:0.954419459952614,21:0.504500322531497,22:0.8986422101011043,23:0.4354498206314923,24:0.21911639476166755,25:0.5655280605285663,26:0.7507969805167694,27:0.6340110750446158,28:0.7341437848044713,29:0.02667200309241924,30:0.3967349498526346,31:0.36336136263270513,32:0.6776912083449499,33:0.29486567015621257,34:0.9557315248333625,35:0.039106810493185984,36:0.33416588154912685,37:0.560834595882376,38:0.25507255861138545,39:0.014779002679370379,40:0.841538384061261} with alpha 5.0 and beta 58.0, percentage 6.557377049180328
The arm 30 has vector {0:0.39568531683233876,1:0.7378062892492318,2:0.6181930290507273,3:0.5472388021885172,4:0.7691977352462875,5:0.30649889645571726,6:0.16216042013132992,7:0.11999308110878748,8:0.3391618506605034,9:0.44925129628393234,10:0.15054508241043274,11:0.832761900828931,12:0.8119484712232563,13:0.4066689605372219,14:0.28520484079956965,15:0.33400154721375974,16:0.11266330503408262,17:0.04274613095570212,18:0.3203864493719103,19:0.3240048054782947,20:0.540809480228522,21:0.284565724705115,22:0.006009700479369218,23:0.7343720666073414,24:0.8230260966775187,25:0.4662232595686433,26:0.11199630811876182,27:0.9517328794203261,28:0.1901369522457521,29:0.8065855467805177,30:0.3698654198271255,31:0.16293683922398627,32:0.25902310974333587,33:0.36826258642205134,34:0.11063986463478237,35:0.561848664273893,36:0.08622188308236856,37:0.2605104985723997,38:0.7237793957177043,39:0.2501291678073372,40:0.9263762601131319} with alpha 1.0 and beta 33.0, percentage 0.0
The arm 31 has vector {0:0.9288973532264768,1:0.41721670215493445,2:0.926217917903883,3:0.9318050436667351,4:0.3940345889161502,5:0.19000913611379733,6:0.6353302250243209,7:0.28958684833337645,8:0.6352358949389695,9:0.007673240336056764,10:0.18599358805669564,11:0.025533041046237104,12:0.7019270127587932,13:0.458530890770132,14:0.6431320629027647,15:0.46882940874681955,16:0.6113583033638127,17:0.8722110649681135,18:0.5574691284700644,19:0.7217717431408944,20:0.3366862152586957,21:0.546247828868274,22:0.2583373363035768,23:0.5540685128805873,24:0.31280207056578513,25:0.5061293441534569,26:0.7985340612811277,27:0.6253997863112171,28:0.861380929843978,29:0.557285929640424,30:0.03073800324730369,31:0.02848918634005082,32:0.9745194653734628,33:0.04857879372522245,34:0.924566280976086,35:0.6790441050280487,36:0.3009414494021315,37:0.11967863123663791,38:0.9886911193269715,39:0.2947861879204068,40:0.33806870308324855} with alpha 19.0 and beta 129.0, percentage 12.32876712328767
The arm 32 has vector {0:0.9226722694741888,1:0.6860131249373451,2:0.20759804581414631,3:0.9165556985024882,4:0.7295680350198277,5:0.9352886647909945,6:0.12946527149321052,7:0.6950358697322313,8:0.14028143687028394,9:0.1615256156915167,10:0.929937421973386,11:0.6536763722426486,12:0.12559275861461927,13:0.3008008992403729,14:0.748817713076869,15:0.6013027473337713,16:0.5529541786828989,17:0.18524648125119259,18:0.3942069283809887,19:0.4266827503386811,20:0.7478069398615271,21:0.027424196117303068,22:0.511477185713809,23:0.7563134983702725,24:0.17608187932074504,25:0.9616757188002857,26:0.8823143244414843,27:0.40563622541167677,28:0.9830417517261804,29:0.47378907984587193,30:0.9222614410249037,31:0.537195902209096,32:0.6911392162280818,33:0.003579778572882941,34:0.30578514972205495,35:0.2756753157505383,36:0.6914364221170303,37:0.7818779454173411,38:0.044571919339702615,39:0.7451988504175484,40:0.0017202119974076835} with alpha 3.0 and beta 46.0, percentage 4.25531914893617
The arm 33 has vector {0:0.4899723994502553,1:0.9271593609663971,2:0.04932107427986698,3:0.969555114268696,4:0.04822337984926239,5:0.37253449082066625,6:0.5921602617832212,7:0.5543073239310783,8:0.002323501407971773,9:0.4627807095951898,10:0.13941480651645222,11:0.5851436948700026,12:0.018826747423812296,13:0.20778244781104216,14:0.26458989472276806,15:0.4803418731794249,16:0.755880168024303,17:0.4293128688086696,18:0.7861218186226201,19:0.13491203986497358,20:0.10548200074713465,21:0.04831590050735901,22:0.3743493861290538,23:0.8221178689173838,24:0.025644527722737953,25:0.13711616471543708,26:0.4256623626556191,27:0.39108524432538094,28:0.7850040645019907,29:0.622092485014463,30:0.3702273720667719,31:0.2810105719046224,32:0.5869817143819432,33:0.11548720018731373,34:0.9482424427183616,35:0.9473067198565893,36:0.49723676890086443,37:0.4607977309774358,38:0.7148232126236833,39:0.25091973315600014,40:0.9632097176990674} with alpha 4.0 and beta 51.0, percentage 5.660377358490567
The arm 34 has vector {0:0.0937984700249983,1:0.4689995644668311,2:0.2943262161413134,3:0.539094377038403,4:0.002254251780924532,5:0.3886308327329918,6:0.6337700302295842,7:0.8074793798657979,8:0.45987745764447097,9:0.8529586685687709,10:0.9476906702941663,11:0.012614220786511754,12:0.1505848630337755,13:0.3818818143856014,14:0.7561769703116716,15:0.20759989482767205,16:0.845891871192726,17:0.15738655283213177,18:0.6348644164344447,19:0.6288593772292409,20:0.17605887939620402,21:0.3188188922488451,22:0.09087638683971844,23:0.7101938686647,24:0.640442274432535,25:0.263489815751776,26:0.5699511022755095,27:0.3935147475568106,28:0.6489532416011577,29:0.5149185271864103,30:0.7221653737340386,31:0.9980855554835361,32:0.9854144758249703,33:0.13295444793308364,34:0.09704193264282812,35:0.6526321302270913,36:0.19388837169662232,37:0.060492748988531186,38:0.49481570121450946,39:0.7791115870245967,40:0.2057514980031664} with alpha 50.0 and beta 279.0, percentage 14.984709480122325
The arm 35 has vector {0:0.1943371005039155,1:0.7164936372571681,2:0.8499152220663156,3:0.274476641863892,4:0.1682042208352219,5:0.5240954202089261,6:0.17663343494376826,7:0.3732130027792072,8:0.8056103251683042,9:0.5949065665329132,10:0.333637618659538,11:0.07418922170181874,12:0.677806630786033,13:0.46858982727646814,14:0.15865003370946817,15:0.02305775041989666,16:0.9919020696114084,17:0.6171260906007356,18:0.1362899019344943,19:0.8660044466305475,20:0.9391271582221087,21:0.16852774830399309,22:0.7187116671246527,23:0.9698998358017132,24:0.7687578360760612,25:0.6205048348942934,26:0.4126679872042007,27:0.38860441858932837,28:0.9632386925081632,29:0.47590996030395694,30:0.5278439119489718,31:0.7371518710714456,32:0.32733454897575465,33:0.04711849866670148,34:0.7295348054234434,35:0.2745459209145601,36:0.035113828576541994,37:0.9176293949504131,38:0.48941565446805857,39:0.46627001492410414,40:0.8829798115278513} with alpha 4.0 and beta 49.0, percentage 5.88235294117647
The arm 36 has vector {0:0.6004278856491754,1:0.9773076301049888,2:0.9000247326330171,3:0.3229791192105268,4:0.8538304770720863,5:0.18329419426603022,6:0.6519663380879404,7:0.8396337743200308,8:0.10295148076597282,9:0.8319449443832473,10:0.7615197531821358,11:0.1176247216104429,12:0.1629110923970266,13:0.25817426783924513,14:0.08921238519427654,15:0.4414232909165895,16:0.9483349736793772,17:0.666255489361571,18:0.10747004842317831,19:0.16240580447191477,20:0.6831893409697751,21:0.5071256754099356,22:0.46526766342054693,23:0.18698876730956382,24:0.7287318309223548,25:0.31212797374468815,26:0.6153706811599368,27:0.1393477192866237,28:0.5214135974764118,29:0.27325225991946156,30:0.9668857230424293,31:0.5052083486419905,32:0.8658050258246225,33:0.40706543879646506,34:0.15563321320782375,35:0.11689179158026697,36:0.8787440828686243,37:0.447751852375614,38:0.8874899676259627,39:0.43538603707837986,40:0.046099725171769745} with alpha 17.0 and beta 119.0, percentage 11.940298507462686
The arm 37 has vector {0:0.5584772698573416,1:0.21197414690113958,2:0.3437613058869131,3:0.8848783245242742,4:0.8223491835846115,5:0.5197223587657087,6:0.21785989365061487,7:0.33670307441847835,8:0.7842296194952374,9:0.29980822512645533,10:0.4618528983143483,11:0.6583396532374248,12:0.2684549961617083,13:0.39420015815708387,14:0.6185316229050452,15:0.1199637029029823,16:0.07758778279501155,17:0.790348919298239,18:0.6582311722718801,19:0.5515510066689733,20:0.34948483468127045,21:0.2521563177988807,22:0.9646356908223038,23:0.850967495911175,24:0.36142323015333744,25:0.3097825501921456,26:0.14836942316546564,27:0.5647768787094596,28:0.38481365121799094,29:0.8124819629506366,30:0.02512033231180477,31:0.6179502811541742,32:0.2548698760137026,33:0.9598288714139707,34:0.2443713983602429,35:0.5272177934195452,36:0.6671575264604986,37:0.22244770620123322,38:0.4925712214228678,39:0.6246089596669011,40:0.5122932761001956} with alpha 1.0 and beta 29.0, percentage 0.0
The arm 38 has vector {0:0.8249950585392656,1:0.7393564756999507,2:0.8293207353584665,3:0.019388732236358064,4:0.2125610396763422,5:0.7658300643402225,6:0.8471342685360809,7:0.20469341664693652,8:0.240955294600383,9:0.573199073377961,10:0.5126713507036397,11:0.1709873272163921,12:0.31828561989952464,13:0.5231529606730513,14:0.7931601818389402,15:0.4341189638182915,16:0.17316622080697586,17:0.9548397829124585,18:0.10665118274391272,19:0.6039148841415966,20:0.3388331789760115,21:0.36509850804063726,22:0.35244494236088286,23:0.2945258107097021,24:0.9005703217990234,25:0.795482101532997,26:0.45308344225264374,27:0.29500895755610546,28:0.39353923212816766,29:0.5937674490426914,30:0.8753626369522021,31:0.13028050800517244,32:0.3302106611583824,33:0.7856355888970401,34:0.4184395897859371,35:0.925680799884255,36:0.8825258486638901,37:0.7921215141794955,38:0.6326568119911773,39:0.6073915081681985,40:0.7013801879843085} with alpha 5.0 and beta 58.0, percentage 6.557377049180328
The arm 39 has vector {0:0.6693814708850622,1:0.8855980193933722,2:0.2917343695889225,3:0.9056863515514157,4:0.904674374112634,5:0.0011243217096209568,6:0.8858148161344648,7:0.6828886444593667,8:0.7259452682850022,9:0.04433375311980581,10:0.031037992389605917,11:0.43372253485011447,12:0.7933028328951252,13:0.6703169329164189,14:0.5517431949884457,15:0.8827505309989147,16:0.18448524138976885,17:0.09359441522775436,18:0.8036795559900325,19:0.9408376086832528,20:0.06731257384947231,21:0.9686892331456605,22:0.47103244104745434,23:0.7466468149074698,24:0.15359521720657665,25:0.7266443899219134,26:0.7439969620440718,27:0.028923912179065536,28:0.9053473729565759,29:0.14007920802529672,30:0.7555870671382308,31:0.6233181550232312,32:0.05762156014516284,33:0.962456443977416,34:0.7183889235636389,35:0.023584038408656083,36:0.6807231626155806,37:0.8276484371112637,38:0.9963180994879657,39:0.45016641107256683,40:0.7544359936432532} with alpha 49.0 and beta 289.0, percentage 14.285714285714285
The arm 40 has vector {0:0.7191349433693616,1:0.7014260400541887,2:0.24619321468738908,3:0.7862436492895893,4:0.18630477764514808,5:0.5291128829215721,6:0.9739898699370109,7:0.911426932102492,8:0.9858710340031628,9:0.7714441495977591,10:0.43436651316992925,11:0.40667347516673247,12:0.7016248712993673,13:0.5642388872719485,14:0.1712446676011533,15:0.17325265593957917,16:0.7472482456362219,17:0.44876809801236317,18:0.5954699376349901,19:0.9311080756335571,20:0.3424940070800252,21:0.7937195300088837,22:0.559978960079692,23:0.4768214317962115,24:0.6558538796036746,25:0.8326054369474429,26:0.6491222021044236,27:0.8970645715120658,28:0.4483161809865732,29:0.6650544522600775,30:0.6530205460068963,31:0.20865999790625978,32:0.5667121996516299,33:0.8285364379469747,34:0.09590820284142121,35:0.4601598095900543,36:0.0161453869518573,37:0.8199485203255478,38:0.21306955111059056,39:0.4903047363339562,40:0.42647626261720983} with alpha 20.0 and beta 141.0, percentage 11.949685534591195
The arm 41 has vector {0:0.9724241751665607,1:0.26708555340445805,2:0.4970645173741287,3:0.6767746126674471,4:0.16609846924143534,5:0.6426790254230073,6:0.9415455874425365,7:0.42559307361652576,8:0.5581869726459053,9:0.5952720943839671,10:0.39167247673753114,11:0.8258290105877428,12:0.8461148117677239,13:0.7590853704189177,14:0.8247377780230934,15:0.8756847407335824,16:0.556368423696129,17:0.08120940180640768,18:0.07245918585384659,19:0.38791812979707196,20:0.38871489595351305,21:0.6650214238410752,22:0.38516495810025786,23:0.6495424698529758,24:0.24574039578169837,25:0.8161112683913818,26:0.9275963641940359,27:0.6256727917937853,28:0.18680287248771577,29:0.7845064677478193,30:0.6365633644598349,31:0.3044661554711082,32:0.5717672311333845,33:0.37948503261260735,34:0.7128700435735693,35:0.8442621492419267,36:0.5603697216826493,37:0.7103053596394905,38:0.1209208565638954,39:0.5871226240438916,40:0.04010493548054672} with alpha 6.0 and beta 59.0, percentage 7.936507936507936
The arm 42 has vector {0:0.5277111548555332,1:0.06989104197281015,2:0.8996424577128944,3:0.1905470357969603,4:0.7284564229281123,5:0.20198232789617931,6:0.5109379488088136,7:0.6831048945103351,8:0.4998942550797896,9:0.2585196548908423,10:0.20212066010909968,11:0.8655867258113837,12:0.22374039713120786,13:0.2502130958278409,14:0.9359009518228151,15:0.006387696214528615,16:0.9150490796768541,17:0.849749516894184,18:0.9150171821257048,19:0.2167946824283815,20:0.09423761505243333,21:0.26490753657711474,22:0.5989352755501708,23:0.9329218181181947,24:0.5020937661989194,25:0.050503132602453205,26:0.5471628618582822,27:0.2319026823541267,28:0.15767650283488888,29:0.1906452616738541,30:0.29044077507741095,31:0.9489144918218975,32:0.04137210950607906,33:0.017957519519540943,34:0.32992042592046966,35:0.22085000998535687,36:0.717957324687133,37:0.2868672347692147,38:0.9908194104283549,39:0.5098442303985785,40:0.797403153630559} with alpha 75.0 and beta 398.0, percentage 15.711252653927813
The arm 43 has vector {0:0.36101138558762313,1:0.894182901740059,2:0.6894019681056843,3:0.12286810800313452,4:0.4604168290282299,5:0.24607795581176628,6:0.21124425430989957,7:0.2569135197265259,8:0.21613957088722668,9:0.4544996235522809,10:0.6088796945606807,11:0.32010930131960824,12:0.18379585592804526,13:0.9064567828239991,14:0.19826529495511347,15:0.9451568081111783,16:0.04094866627248628,17:0.7292017710746663,18:0.7820657531397318,19:0.5928131117963666,20:0.211452139319531,21:0.020206270362028267,22:0.5309984388859366,23:0.9606684410020965,24:0.0022647319389283993,25:0.9100892972563135,26:0.9478008738627007,27:0.13924287935776203,28:0.33874522872861346,29:0.0049911689895937306,30:0.5399132592964511,31:0.4239837666776186,32:0.5593087026380583,33:0.09122311727496757,34:0.7113909455938848,35:0.8861819958130722,36:0.537434534219554,37:0.6762884313940142,38:0.8434594744510151,39:0.37841163593128,40:0.6398766602079028} with alpha 6.0 and beta 64.0, percentage 7.352941176470589
The arm 44 has vector {0:0.5532383383723413,1:0.9360007127032081,2:0.628535083527409,3:0.550904307529159,4:0.21747294466246558,5:0.16778148649526714,6:0.13528803650234567,7:0.3168830045716222,8:0.4880195473958363,9:0.6359864106365594,10:0.6299372557716191,11:0.8991732092366039,12:0.7423153134190271,13:0.6720613177990561,14:0.645537239114248,15:0.440838135388537,16:0.8046018690514873,17:0.6939991996338055,18:0.845180180006404,19:0.8204521030217479,20:0.09846699134741677,21:0.1376292771019797,22:0.0747574029371132,23:0.48595610613049955,24:0.46537531602879945,25:0.40138190954874964,26:0.1487513946593665,27:0.48307133667412105,28:0.4801989244125283,29:0.1983203216594821,30:0.758740141855883,31:0.06616260965243514,32:0.9975304261130049,33:0.5386396509351836,34:0.1640376768147379,35:0.250919320836293,36:0.6728894748359088,37:0.3318361199767471,38:0.6612560507595064,39:0.8157110477246945,40:0.8515873656983678} with alpha 11.0 and beta 92.0, percentage 9.900990099009901
The arm 45 has vector {0:0.33339463023044724,1:0.3864340703046495,2:0.27626222797140954,3:0.9629152349509532,4:0.07163110715939791,5:0.6700000825511632,6:0.5474418738873559,7:0.20951010905019285,8:0.5373123495160206,9:0.7442130763882304,10:0.09428056918569505,11:0.5133593844516487,12:0.08212994604438961,13:0.632612146601838,14:0.3279247988448597,15:0.5496403582548464,16:0.44834561946184803,17:0.23385950408540468,18:0.5964297937621651,19:0.45927357637715527,20:0.2508602821908389,21:0.691893588078815,22:0.36959538402753533,23:0.6528240742277618,24:0.4209353102764475,25:0.6744462304894627,26:0.06703589383569297,27:0.7188014751018571,28:0.4655346561884903,29:0.6795821730695857,30:0.9718115478225182,31:0.8739123257161183,32:0.4764152653780106,33:0.47363407142625646,34:0.7299893660626731,35:0.37662406378520785,36:0.3343328139547762,37:0.31411892072155856,38:0.8081057597412384,39:0.988293634151376,40:0.23433310228927562} with alpha 2.0 and beta 40.0, percentage 2.5
The arm 46 has vector {0:0.9808545324461947,1:0.036011584947246544,2:0.3169750644572257,3:0.693946488900655,4:0.0350354158775662,5:0.8798441741876167,6:0.08269603903595268,7:0.8178360315973057,8:0.06823292625646515,9:0.12880944184985077,10:0.6599614940749214,11:0.016885137602442035,12:0.67646545333313,13:0.6997804142750745,14:0.8809005999927108,15:0.9652101598114278,16:0.2941814259411447,17:0.2990944306335084,18:0.4042675545017088,19:0.8150689484215498,20:0.36946642698774046,21:0.5812375765932244,22:0.04946074499804165,23:0.006991225420617364,24:0.4230984015513545,25:0.14186791131510923,26:0.00184889021806256,27:0.07808652567216923,28:0.5458600638608615,29:0.9173578082519164,30:0.26408352186635076,31:0.7267964321391849,32:0.5186499985080474,33:0.8562534141272253,34:0.5089009326531568,35:0.40434325199064247,36:0.6348535731679816,37:0.0453163085345516,38:0.9258493099031889,39:0.2092203504235226,40:0.35209972023487623} with alpha 3.0 and beta 47.0, percentage 4.166666666666666
The arm 47 has vector {0:0.5011105815802984,1:0.3681989527815671,2:0.7418093112038292,3:0.8457887320942603,4:0.3268176327964024,5:0.5108338805544894,6:0.6103321493938177,7:0.2371740033925832,8:0.5456052501978539,9:0.023200831149478796,10:0.5202971711203892,11:0.21307272345181205,12:0.059785561969005085,13:0.7507064203268945,14:0.7074761494864384,15:0.8941743332440992,16:0.7643092837309534,17:0.771816794957419,18:0.6329277143418355,19:0.73747824269395,20:0.7232453385618739,21:0.16614921289177176,22:0.35342891535577725,23:0.7507274624800946,24:0.9739871545461632,25:0.939296752127059,26:0.5711822045827034,27:0.8022451322456278,28:0.591237223232597,29:0.557067249489264,30:0.8626576192900725,31:0.6142207041866163,32:0.49055517528933945,33:0.5643061823564985,34:0.9794196089006737,35:0.47031173263311465,36:0.12873012091335556,37:0.05725188118723468,38:0.3393687158045626,39:0.6104861850136462,40:0.2379553886827761} with alpha 6.0 and beta 63.0, percentage 7.462686567164178
The arm 48 has vector {0:0.03323204678199132,1:0.5385686292583252,2:0.5888203067208656,3:0.021829131924495204,4:0.4256865283330573,5:0.08017508682577212,6:0.36405571882585186,7:0.09332743721398884,8:0.37024869076311784,9:0.5037469510347461,10:0.40858766932547674,11:0.6075402753917664,12:0.4404591847313416,13:0.34338834045497035,14:0.5745752117307242,15:0.25822030725829326,16:0.7866938101630476,17:0.5805312022116185,18:0.19178419041841788,19:0.5003508795399857,20:0.6126985492087814,21:0.15492554779311796,22:0.2930362575476977,23:0.16178032141677545,24:0.3664302343235627,25:0.1080301438139245,26:0.511666276254892,27:0.5028330082098913,28:0.3004366893417044,29:0.02562061864769405,30:0.9151201951498491,31:0.41018717847851527,32:0.7214686554901312,33:0.4395971965474015,34:0.039339416414608586,35:0.981689805673886,36:0.1750529146643024,37:0.3762768987495656,38:0.44014466303741695,39:0.5301344364880127,40:0.53168382645151} with alpha 54.0 and beta 296.0, percentage 15.229885057471265
The arm 49 has vector {0:0.7661932533303393,1:0.3792032304657563,2:0.6483111141616223,3:0.5402780352921772,4:0.139993242803236,5:0.19253591943553772,6:0.5890588410700449,7:0.5232794200476101,8:0.08170979492680719,9:0.6142266637942888,10:0.5752573725912848,11:0.1967882588427856,12:0.8358381969512716,13:0.24801959953771768,14:0.29878735385113697,15:0.8442846831666907,16:0.11502139026495073,17:0.27104138550212054,18:0.31300289323877706,19:0.6800092509909358,20:0.1156181969600304,21:0.3711942018977017,22:0.37928875443349286,23:0.46524103995675636,24:0.29524696540605777,25:0.18092202444529015,26:0.7004643700553123,27:0.9564040441036523,28:0.48647178487719345,29:0.46895413196504865,30:0.18124306141058444,31:0.4822685965901824,32:0.5178430147345291,33:0.41023013565290734,34:0.5795132170821627,35:0.6869455658841279,36:0.6632932409034565,37:0.029596761103711233,38:0.9661502802055747,39:0.35809673014888355,40:0.39874838959099923} with alpha 100.0 and beta 529.0, percentage 15.789473684210526
The best arm is 49 with vector {0:0.7661932533303393,1:0.3792032304657563,2:0.6483111141616223,3:0.5402780352921772,4:0.139993242803236,5:0.19253591943553772,6:0.5890588410700449,7:0.5232794200476101,8:0.08170979492680719,9:0.6142266637942888,10:0.5752573725912848,11:0.1967882588427856,12:0.8358381969512716,13:0.24801959953771768,14:0.29878735385113697,15:0.8442846831666907,16:0.11502139026495073,17:0.27104138550212054,18:0.31300289323877706,19:0.6800092509909358,20:0.1156181969600304,21:0.3711942018977017,22:0.37928875443349286,23:0.46524103995675636,24:0.29524696540605777,25:0.18092202444529015,26:0.7004643700553123,27:0.9564040441036523,28:0.48647178487719345,29:0.46895413196504865,30:0.18124306141058444,31:0.4822685965901824,32:0.5178430147345291,33:0.41023013565290734,34:0.5795132170821627,35:0.6869455658841279,36:0.6632932409034565,37:0.029596761103711233,38:0.9661502802055747,39:0.35809673014888355,40:0.39874838959099923} with alpha 100.0 and beta 529.0, percentage 15.789473684210526
The right guesses are: 724 which means 11.804989401597913% correct
Done
The current arm is 49 with vector {0:0.7661932533303393,1:0.3792032304657563,2:0.6483111141616223,3:0.5402780352921772,4:0.139993242803236,5:0.19253591943553772,6:0.5890588410700449,7:0.5232794200476101,8:0.08170979492680719,9:0.6142266637942888,10:0.5752573725912848,11:0.1967882588427856,12:0.8358381969512716,13:0.24801959953771768,14:0.29878735385113697,15:0.8442846831666907,16:0.11502139026495073,17:0.27104138550212054,18:0.31300289323877706,19:0.6800092509909358,20:0.1156181969600304,21:0.3711942018977017,22:0.37928875443349286,23:0.46524103995675636,24:0.29524696540605777,25:0.18092202444529015,26:0.7004643700553123,27:0.9564040441036523,28:0.48647178487719345,29:0.46895413196504865,30:0.18124306141058444,31:0.4822685965901824,32:0.5178430147345291,33:0.41023013565290734,34:0.5795132170821627,35:0.6869455658841279,36:0.6632932409034565,37:0.029596761103711233,38:0.9661502802055747,39:0.35809673014888355,40:0.39874838959099923} with alpha 75.0 and beta 589.0
The order information:
Date: 2012-05-09T17:07:05.000+02:00
It predicted these items for order 1778911 :
   31560 with score of 2.0201502950325807
   752 with score of 1.5473224371684235
   748 with score of 1.2806826367594075
   27900 with score of 1.268159691684166
   23467 with score of 1.2291302993240345
   572 with score of 1.1545243791441755
   31553 with score of 1.147648892524419
   1663 with score of 1.1455302694620157
   5003 with score of 1.1422542039339658
   23469 with score of 1.138954558828656
These are the actual items bought: 
   11832
   30233
The current arm is 49 with vector {0:0.7661932533303393,1:0.3792032304657563,2:0.6483111141616223,3:0.5402780352921772,4:0.139993242803236,5:0.19253591943553772,6:0.5890588410700449,7:0.5232794200476101,8:0.08170979492680719,9:0.6142266637942888,10:0.5752573725912848,11:0.1967882588427856,12:0.8358381969512716,13:0.24801959953771768,14:0.29878735385113697,15:0.8442846831666907,16:0.11502139026495073,17:0.27104138550212054,18:0.31300289323877706,19:0.6800092509909358,20:0.1156181969600304,21:0.3711942018977017,22:0.37928875443349286,23:0.46524103995675636,24:0.29524696540605777,25:0.18092202444529015,26:0.7004643700553123,27:0.9564040441036523,28:0.48647178487719345,29:0.46895413196504865,30:0.18124306141058444,31:0.4822685965901824,32:0.5178430147345291,33:0.41023013565290734,34:0.5795132170821627,35:0.6869455658841279,36:0.6632932409034565,37:0.029596761103711233,38:0.9661502802055747,39:0.35809673014888355,40:0.39874838959099923} with alpha 229.0 and beta 1435.0
The order information:
Date: 2012-05-10T17:54:43.000+02:00
It predicted these items for order 1779917 :
   31560 with score of 2.4188095497401716
   752 with score of 2.021916083164731
   5003 with score of 1.7143974605491834
   748 with score of 1.7142887495040302
   21714 with score of 1.6961449760775924
   27900 with score of 1.6813361474078197
   27576 with score of 1.6444057846059539
   29669 with score of 1.636097013820426
   20430 with score of 1.6216350059761644
   23467 with score of 1.6022189711659216
These are the actual items bought: 
   30342
   23374
   32289
The current arm is 49 with vector {0:0.7661932533303393,1:0.3792032304657563,2:0.6483111141616223,3:0.5402780352921772,4:0.139993242803236,5:0.19253591943553772,6:0.5890588410700449,7:0.5232794200476101,8:0.08170979492680719,9:0.6142266637942888,10:0.5752573725912848,11:0.1967882588427856,12:0.8358381969512716,13:0.24801959953771768,14:0.29878735385113697,15:0.8442846831666907,16:0.11502139026495073,17:0.27104138550212054,18:0.31300289323877706,19:0.6800092509909358,20:0.1156181969600304,21:0.3711942018977017,22:0.37928875443349286,23:0.46524103995675636,24:0.29524696540605777,25:0.18092202444529015,26:0.7004643700553123,27:0.9564040441036523,28:0.48647178487719345,29:0.46895413196504865,30:0.18124306141058444,31:0.4822685965901824,32:0.5178430147345291,33:0.41023013565290734,34:0.5795132170821627,35:0.6869455658841279,36:0.6632932409034565,37:0.029596761103711233,38:0.9661502802055747,39:0.35809673014888355,40:0.39874838959099923} with alpha 382.0 and beta 2282.0
The order information:
Date: 2012-05-11T22:39:32.000+02:00
It predicted these items for order 1780921 :
   31560 with score of 2.418497830944689
   752 with score of 2.054952605830906
   748 with score of 1.8872501603262846
   21714 with score of 1.6969120028435087
   29669 with score of 1.6820114315435137
   27576 with score of 1.6768112022270358
   27900 with score of 1.6672061147345139
   5003 with score of 1.6592168770447642
   20430 with score of 1.6577399692776769
   23467 with score of 1.640309804499618
These are the actual items bought: 
   31776
The current arm is 49 with vector {0:0.7661932533303393,1:0.3792032304657563,2:0.6483111141616223,3:0.5402780352921772,4:0.139993242803236,5:0.19253591943553772,6:0.5890588410700449,7:0.5232794200476101,8:0.08170979492680719,9:0.6142266637942888,10:0.5752573725912848,11:0.1967882588427856,12:0.8358381969512716,13:0.24801959953771768,14:0.29878735385113697,15:0.8442846831666907,16:0.11502139026495073,17:0.27104138550212054,18:0.31300289323877706,19:0.6800092509909358,20:0.1156181969600304,21:0.3711942018977017,22:0.37928875443349286,23:0.46524103995675636,24:0.29524696540605777,25:0.18092202444529015,26:0.7004643700553123,27:0.9564040441036523,28:0.48647178487719345,29:0.46895413196504865,30:0.18124306141058444,31:0.4822685965901824,32:0.5178430147345291,33:0.41023013565290734,34:0.5795132170821627,35:0.6869455658841279,36:0.6632932409034565,37:0.029596761103711233,38:0.9661502802055747,39:0.35809673014888355,40:0.39874838959099923} with alpha 547.0 and beta 3117.0
The order information:
Date: 2012-05-13T15:53:25.000+02:00
It predicted these items for order 1781930 :
   31560 with score of 2.397591447644442
   752 with score of 2.122725934229854
   748 with score of 2.0517636949263895
   21714 with score of 1.7935316643905475
   5003 with score of 1.7558240977184338
   29669 with score of 1.7403417261622303
   27576 with score of 1.7256963767984521
   20430 with score of 1.7043091831678971
   27900 with score of 1.6896371560693848
   23467 with score of 1.6747130025226777
These are the actual items bought: 
   2084
   29003
   31950
   20990
   31940
   30573
   20678
   30195
   25363
   27900
The current arm is 49 with vector {0:0.7661932533303393,1:0.3792032304657563,2:0.6483111141616223,3:0.5402780352921772,4:0.139993242803236,5:0.19253591943553772,6:0.5890588410700449,7:0.5232794200476101,8:0.08170979492680719,9:0.6142266637942888,10:0.5752573725912848,11:0.1967882588427856,12:0.8358381969512716,13:0.24801959953771768,14:0.29878735385113697,15:0.8442846831666907,16:0.11502139026495073,17:0.27104138550212054,18:0.31300289323877706,19:0.6800092509909358,20:0.1156181969600304,21:0.3711942018977017,22:0.37928875443349286,23:0.46524103995675636,24:0.29524696540605777,25:0.18092202444529015,26:0.7004643700553123,27:0.9564040441036523,28:0.48647178487719345,29:0.46895413196504865,30:0.18124306141058444,31:0.4822685965901824,32:0.5178430147345291,33:0.41023013565290734,34:0.5795132170821627,35:0.6869455658841279,36:0.6632932409034565,37:0.029596761103711233,38:0.9661502802055747,39:0.35809673014888355,40:0.39874838959099923} with alpha 703.0 and beta 3961.0
The order information:
Date: 2012-05-14T16:46:54.000+02:00
It predicted these items for order 1782931 :
   31560 with score of 2.358206648473609
   748 with score of 2.150863564167773
   752 with score of 2.058194163688098
   21714 with score of 1.782126531337592
   27576 with score of 1.7658803017630855
   5003 with score of 1.7589980792653548
   29669 with score of 1.7308051317708848
   27900 with score of 1.7041543756852637
   20430 with score of 1.6959841158770859
   23467 with score of 1.6940936675046792
These are the actual items bought: 
   32564
The current arm is 49 with vector {0:0.7661932533303393,1:0.3792032304657563,2:0.6483111141616223,3:0.5402780352921772,4:0.139993242803236,5:0.19253591943553772,6:0.5890588410700449,7:0.5232794200476101,8:0.08170979492680719,9:0.6142266637942888,10:0.5752573725912848,11:0.1967882588427856,12:0.8358381969512716,13:0.24801959953771768,14:0.29878735385113697,15:0.8442846831666907,16:0.11502139026495073,17:0.27104138550212054,18:0.31300289323877706,19:0.6800092509909358,20:0.1156181969600304,21:0.3711942018977017,22:0.37928875443349286,23:0.46524103995675636,24:0.29524696540605777,25:0.18092202444529015,26:0.7004643700553123,27:0.9564040441036523,28:0.48647178487719345,29:0.46895413196504865,30:0.18124306141058444,31:0.4822685965901824,32:0.5178430147345291,33:0.41023013565290734,34:0.5795132170821627,35:0.6869455658841279,36:0.6632932409034565,37:0.029596761103711233,38:0.9661502802055747,39:0.35809673014888355,40:0.39874838959099923} with alpha 806.0 and beta 4858.0
The order information:
Date: 2012-05-15T15:02:20.000+02:00
It predicted these items for order 1783936 :
   31560 with score of 2.2764293926127714
   748 with score of 2.156517400524888
   752 with score of 1.9343673523980753
   27576 with score of 1.8041600106586906
   21714 with score of 1.7676186248825505
   5003 with score of 1.7525171988688903
   29669 with score of 1.7150549392327294
   21776 with score of 1.6910947853565186
   25201 with score of 1.6778023865690355
   23467 with score of 1.6758633118494144
These are the actual items bought: 
   12096
The arm 49 has vector {0:0.7661932533303393,1:0.3792032304657563,2:0.6483111141616223,3:0.5402780352921772,4:0.139993242803236,5:0.19253591943553772,6:0.5890588410700449,7:0.5232794200476101,8:0.08170979492680719,9:0.6142266637942888,10:0.5752573725912848,11:0.1967882588427856,12:0.8358381969512716,13:0.24801959953771768,14:0.29878735385113697,15:0.8442846831666907,16:0.11502139026495073,17:0.27104138550212054,18:0.31300289323877706,19:0.6800092509909358,20:0.1156181969600304,21:0.3711942018977017,22:0.37928875443349286,23:0.46524103995675636,24:0.29524696540605777,25:0.18092202444529015,26:0.7004643700553123,27:0.9564040441036523,28:0.48647178487719345,29:0.46895413196504865,30:0.18124306141058444,31:0.4822685965901824,32:0.5178430147345291,33:0.41023013565290734,34:0.5795132170821627,35:0.6869455658841279,36:0.6632932409034565,37:0.029596761103711233,38:0.9661502802055747,39:0.35809673014888355,40:0.39874838959099923} with alpha 859.0 and beta 5276.0, percentage 13.989890754932333
The best arm is 49 with vector {0:0.7661932533303393,1:0.3792032304657563,2:0.6483111141616223,3:0.5402780352921772,4:0.139993242803236,5:0.19253591943553772,6:0.5890588410700449,7:0.5232794200476101,8:0.08170979492680719,9:0.6142266637942888,10:0.5752573725912848,11:0.1967882588427856,12:0.8358381969512716,13:0.24801959953771768,14:0.29878735385113697,15:0.8442846831666907,16:0.11502139026495073,17:0.27104138550212054,18:0.31300289323877706,19:0.6800092509909358,20:0.1156181969600304,21:0.3711942018977017,22:0.37928875443349286,23:0.46524103995675636,24:0.29524696540605777,25:0.18092202444529015,26:0.7004643700553123,27:0.9564040441036523,28:0.48647178487719345,29:0.46895413196504865,30:0.18124306141058444,31:0.4822685965901824,32:0.5178430147345291,33:0.41023013565290734,34:0.5795132170821627,35:0.6869455658841279,36:0.6632932409034565,37:0.029596761103711233,38:0.9661502802055747,39:0.35809673014888355,40:0.39874838959099923} with alpha 859.0 and beta 5276.0, percentage 13.989890754932333
The right guesses are: 858 which means 13.989890754932333% correct
Done
The current arm is 0 with vector {0:0.6347496251478217} with alpha 77.0 and beta 587.0
The order information:
Date: 2012-05-09T17:07:05.000+02:00
It predicted these items for order 1778911 :
   31560 with score of 1066.0
   27900 with score of 422.0
   752 with score of 403.0
   20430 with score of 379.0
   748 with score of 359.0
   11832 with score of 300.0
   5003 with score of 297.0
   31553 with score of 290.0
   21714 with score of 288.0
   27576 with score of 244.0
These are the actual items bought: 
   11832
   30233
The current arm is 0 with vector {0:0.6347496251478217} with alpha 229.0 and beta 1435.0
The order information:
Date: 2012-05-10T17:54:43.000+02:00
It predicted these items for order 1779917 :
   31560 with score of 1088.0
   752 with score of 413.0
   27900 with score of 410.0
   748 with score of 374.0
   20430 with score of 372.0
   5003 with score of 305.0
   11832 with score of 303.0
   21714 with score of 299.0
   31553 with score of 298.0
   29669 with score of 270.0
These are the actual items bought: 
   30342
   23374
   32289
The current arm is 0 with vector {0:0.6347496251478217} with alpha 370.0 and beta 2294.0
The order information:
Date: 2012-05-11T22:39:32.000+02:00
It predicted these items for order 1780921 :
   31560 with score of 1028.0
   748 with score of 422.0
   752 with score of 420.0
   27900 with score of 389.0
   20430 with score of 366.0
   5003 with score of 311.0
   21714 with score of 304.0
   11832 with score of 298.0
   29669 with score of 282.0
   31553 with score of 275.0
These are the actual items bought: 
   31776
The current arm is 0 with vector {0:0.6347496251478217} with alpha 533.0 and beta 3131.0
The order information:
Date: 2012-05-13T15:53:25.000+02:00
It predicted these items for order 1781930 :
   31560 with score of 990.0
   748 with score of 443.0
   752 with score of 428.0
   20430 with score of 368.0
   27900 with score of 354.0
   5003 with score of 334.0
   21714 with score of 325.0
   29669 with score of 279.0
   11832 with score of 277.0
   27576 with score of 269.0
These are the actual items bought: 
   2084
   29003
   31950
   20990
   31940
   30573
   20678
   30195
   25363
   27900
The current arm is 0 with vector {0:0.6347496251478217} with alpha 679.0 and beta 3985.0
The order information:
Date: 2012-05-14T16:46:54.000+02:00
It predicted these items for order 1782931 :
   31560 with score of 989.0
   748 with score of 475.0
   752 with score of 445.0
   20430 with score of 361.0
   27900 with score of 339.0
   5003 with score of 338.0
   21714 with score of 331.0
   27576 with score of 302.0
   31553 with score of 286.0
   11832 with score of 282.0
These are the actual items bought: 
   32564
The current arm is 0 with vector {0:0.6347496251478217} with alpha 777.0 and beta 4887.0
The order information:
Date: 2012-05-15T15:02:20.000+02:00
It predicted these items for order 1783936 :
   31560 with score of 991.0
   748 with score of 496.0
   752 with score of 448.0
   20430 with score of 354.0
   5003 with score of 349.0
   21714 with score of 335.0
   27900 with score of 326.0
   27576 with score of 323.0
   31553 with score of 280.0
   11832 with score of 277.0
These are the actual items bought: 
   12096
The arm 0 has vector {0:0.6347496251478217} with alpha 831.0 and beta 5304.0, percentage 13.53334420348932
The best arm is 0 with vector {0:0.6347496251478217} with alpha 831.0 and beta 5304.0, percentage 13.53334420348932
The right guesses are: 830 which means 13.53334420348932% correct
Done
647
