Items: 31014,2,2012-03-22 09:35:15.730000000,2013-01-31 22:08:19.360000000,0,0000000000000000000000000000000000000000000000000000000000000000000000000000000000000000000010000000000000000000000000000000000000000000000000000000000000000000000000000000000000000000000000000000000000000000000000000000000000000000000000000000000000000000
Items: 16065,3,2010-10-12 09:05:28.623000000,2011-10-19 12:41:59.293000000,0,0000000000000000000000000000000000000000000000000000000000000000000000000000000000000000000100000000000000000000000000000000000000000000000000000000000000000000000000000000000000000000000000000000000000000000000000000000000000000000000000000000000000000000
Items: 2897,1,2010-07-28 15:55:07.423000000,2013-07-15 05:02:15.650000000,0,0000000000000000000000000000000000000000000000000000000000000000000000000000000000000000000100000000000000000000000000000000000000000000000000000000000000000000000000000000000000000000000000000000000000000000000000000000000000000000000000000000000000000000
Users: 46671,2009-07-31 17:52:05.423000000,45238,,0
Users: 117404,2012-02-11 18:20:17.737000000,30295,1989-02-13 00:00:00,1
Users: 185087,2009-07-31 19:48:45.310000000,54234,1986-06-04 00:00:00,1
Users: 242612,2011-12-03 21:34:16.640000000,90627,1990-07-23 00:00:00,2
Users: 294436,2011-03-16 09:05:23.647000000,72233,1994-04-25 00:00:00,1
Users: 345704,2011-11-11 20:55:14.437000000,68600,1994-06-05 00:00:00,2
Users: 399809,2012-09-17 14:43:42.033000000,44491,1997-12-12 00:00:00,1
Users: 455390,2012-12-20 16:02:28.573000000,3274,1978-06-02 00:00:00,2
Users: 525182,2013-07-28 12:33:53.590000000,53372,1990-06-17 00:00:00,0
Orders: 35022,1033356,1457,2009-10-18 21:46:53.347000000
Orders: 214698,1082559,614,2010-01-24 20:16:55.153000000
Orders: 226305,1122161,1501,2010-03-20 16:23:03.950000000
Orders: 46541,1167569,11120,2010-05-26 12:55:02.417000000
Orders: 75824,1208142,11119,2010-07-27 23:14:48.377000000
Orders: 13287,1248778,12826,2010-09-21 21:56:27.157000000
Orders: 272654,1296031,653,2010-12-01 18:41:36.730000000
Orders: 285359,1344258,18628,2011-01-28 14:59:09.743000000
Orders: 157456,1388262,18371,2011-03-17 11:46:02.120000000
Orders: 307265,1432210,758,2011-04-29 21:28:48.340000000
Orders: 271030,1473349,21803,2011-06-14 15:24:35.467000000
Orders: 275827,1511037,21829,2011-07-28 21:58:50.970000000
Orders: 62527,1550712,24845,2011-09-10 18:44:47.023000000
Orders: 293365,1597283,27523,2011-11-12 08:21:31.203000000
Orders: 158173,1649466,24361,2011-12-28 14:06:54.430000000
Orders: 371623,1691322,28947,2012-01-31 15:54:20.570000000
Orders: 151193,1739094,2144,2012-03-22 17:02:48.527000000
Orders: 71320,1784958,7874,2012-05-16 17:00:59.817000000
Orders: 287161,1827735,20480,2012-06-29 22:23:24.193000000
Orders: 271514,1866722,31203,2012-08-11 21:38:56.863000000
Orders: 428803,1915657,35460,2012-10-09 20:15:44.210000000
Orders: 444954,1966435,29677,2012-12-01 22:51:49.073000000
Orders: 460415,2018674,31695,2013-01-07 22:20:30.543000000
Orders: 381441,2066329,35170,2013-02-19 22:08:16.833000000
Orders: 485606,2112774,39306,2013-03-26 15:04:37.277000000
Orders: 423890,2161061,11304,2013-05-03 09:35:38.190000000
Orders: 314770,2207605,26096,2013-06-05 19:04:54.837000000
Orders: 287308,2249841,40450,2013-07-13 20:23:09.463000000
Orders: 255027,2289235,33612,2013-08-13 17:15:05.073000000
Orders: 466261,2331294,43871,2013-09-15 21:02:00.180000000
Orders: 446724,2379393,448,2013-11-01 19:20:53.627000000

Startup information:
First order in training stage: 0
First order in evaluation stage: 1000
Last order in evaluation stage: 6000

Number of orders in training stage: 1000
Number of orders in evaluation stage: 5000

The current arm is 45 with vector {0:0.7314556235921587,1:0.6114436857516954,2:0.667340524233198,3:0.6017571349292616,4:0.1400470253426378,5:0.8419983685312598} with alpha 1.0 and beta 1.0
The order information:
Date: 2009-08-13T17:48:26.000+02:00
It predicted these items for order 1001406 :
   291 with score of 2.1752111270526804
   894 with score of 2.1752111270526804
   599 with score of 1.894545004208927
   1004 with score of 1.7542119427870504
   535 with score of 1.6138788813651737
   668 with score of 1.557745656796423
   672 with score of 1.467932497486422
   561 with score of 1.453498239740172
   614 with score of 1.4033792892323587
   551 with score of 1.3714854116364776
These are the actual items bought: 
   894
   561
   291
   1004
The current arm is 2 with vector {0:0.7473643157001866,1:0.08310590970869247,2:0.38352367098114226,3:0.033291608744429935,4:0.7753748636843178,5:0.5553974418774488} with alpha 16.0 and beta 18.0
The order information:
Date: 2009-08-17T18:36:23.000+02:00
It predicted these items for order 1002415 :
   171 with score of 1.3360533663220653
   420 with score of 1.3360533663220653
   698 with score of 1.3360533663220653
   772 with score of 1.3360533663220653
   1036 with score of 1.3360533663220653
   1158 with score of 1.3360533663220653
   345 with score of 1.3027617575776353
   801 with score of 1.150920885696249
   519 with score of 1.058354645383341
   520 with score of 1.058354645383341
These are the actual items bought: 
   1163
The current arm is 34 with vector {0:0.9439014071791287,1:0.89178617057525,2:0.16304976201653065,3:0.03705715594873826,4:0.7826079341991461,5:0.4542938657560206} with alpha 23.0 and beta 28.0
The order information:
Date: 2009-08-20T12:11:51.000+02:00
It predicted these items for order 1003415 :
   178 with score of 1.4352524288838877
   275 with score of 1.4352524288838877
   944 with score of 1.4352524288838877
   1269 with score of 1.4352524288838877
   605 with score of 1.3981952729351494
   236 with score of 1.2081054960058772
   854 with score of 1.2081054960058772
   1014 with score of 1.2081054960058772
   216 with score of 1.1385987782174234
   732 with score of 1.1323898517132072
These are the actual items bought: 
   1269
   323
The current arm is 17 with vector {0:0.7336701324147465,1:0.6728473205492725,2:0.22198788826673865,3:0.8346982818011429,4:0.7791273566527241,5:0.021294314590074026} with alpha 35.0 and beta 48.0
The order information:
Date: 2009-08-23T20:39:23.000+02:00
It predicted these items for order 1004416 :
   697 with score of 1.5269936987941868
   908 with score of 1.5198955939308287
   1003 with score of 1.5170563519854854
   653 with score of 1.5166691826293024
   758 with score of 1.5165116137052743
   358 with score of 1.51583953400891
   1077 with score of 1.51545927839123
   941 with score of 1.5145010342346765
   333 with score of 1.5140500958080634
   573 with score of 1.5139182424669482
These are the actual items bought: 
   1259
   353
   611
The current arm is 26 with vector {0:0.5521855983487001,1:0.7901047755777919,2:0.08530118709851409,3:0.04724604280011735,4:0.12439180063332955,5:0.8772375353049962} with alpha 19.0 and beta 37.0
The order information:
Date: 2009-08-26T00:20:09.000+02:00
It predicted these items for order 1005419 :
   736 with score of 1.5538149342870258
   539 with score of 1.4294231336536962
   1425 with score of 1.4294231336536962
   876 with score of 1.1370106218853642
   411 with score of 0.9908043660011981
   585 with score of 0.9908043660011981
   1225 with score of 0.9281445420508412
   646 with score of 0.8292079779186988
   350 with score of 0.8227836548661956
   793 with score of 0.7567310824109125
These are the actual items bought: 
   570
The arm 0 has vector {0:0.02495466812288094,1:0.2688738466923639,2:0.6723487289536052,3:0.09058538726278731,4:0.42409299695514446,5:0.10646353200798653} with alpha 24.0 and beta 57.0, percentage 29.11392405063291
The arm 1 has vector {0:0.15561052768456163,1:0.7183058931093101,2:0.04247864796764844,3:0.15479484461960702,4:0.04992208482196436,5:0.015750120228568254} with alpha 11.0 and beta 33.0, percentage 23.809523809523807
The arm 2 has vector {0:0.7473643157001866,1:0.08310590970869247,2:0.38352367098114226,3:0.033291608744429935,4:0.7753748636843178,5:0.5553974418774488} with alpha 70.0 and beta 122.0, percentage 36.31578947368421
The arm 3 has vector {0:0.20156160613933793,1:0.6478841672990184,2:0.8215964564330406,3:0.9914229607743782,4:0.8388822404921673,5:0.4395742655650222} with alpha 49.0 and beta 89.0, percentage 35.294117647058826
The arm 4 has vector {0:0.5184990589125107,1:0.026726824239314384,2:0.08130416421261588,3:0.3812449797909173,4:0.018869780001918635,5:0.13806832650636502} with alpha 28.0 and beta 58.0, percentage 32.142857142857146
The arm 5 has vector {0:0.8561596472144438,1:0.5394550032771147,2:0.21882837822659928,3:0.5402311367674941,4:0.2895235865913264,5:0.024394304577023407} with alpha 43.0 and beta 81.0, percentage 34.42622950819672
The arm 6 has vector {0:0.38907361143376973,1:0.8572735731561543,2:0.47603950472280354,3:0.9941653909212518,4:0.3907101464505761,5:0.9937058902468484} with alpha 47.0 and beta 84.0, percentage 35.65891472868217
The arm 7 has vector {0:0.6776132668723428,1:0.03446813821287187,2:0.9547933590686111,3:0.7349428904502634,4:0.29360010387240787,5:0.5012976679438487} with alpha 37.0 and beta 76.0, percentage 32.432432432432435
The arm 8 has vector {0:0.024509996022224145,1:0.9630417969290433,2:0.40851769536531735,3:0.1775330935422208,4:0.3819649796767661,5:0.30964300509210074} with alpha 21.0 and beta 52.0, percentage 28.169014084507044
The arm 9 has vector {0:0.8523001806261058,1:0.25978281871748876,2:0.3704450001359396,3:0.7586202857514969,4:0.3143261243652046,5:0.843876622413668} with alpha 30.0 and beta 60.0, percentage 32.95454545454545
The arm 10 has vector {0:0.15016604185978932,1:0.8676647307871725,2:0.4057147108599882,3:0.5764836490307874,4:0.477698748117693,5:0.5986807644915118} with alpha 17.0 and beta 41.0, percentage 28.57142857142857
The arm 11 has vector {0:0.5752168814718994,1:0.5091455293960376,2:0.595760213175972,3:0.25144259857538287,4:0.10712409136100776,5:0.47091706030092695} with alpha 122.0 and beta 199.0, percentage 37.93103448275862
The arm 12 has vector {0:0.4610173891701077,1:0.42432008650202024,2:0.13050127584873905,3:0.35262691391554724,4:0.2239069949411706,5:0.957765741263051} with alpha 6.0 and beta 24.0, percentage 17.857142857142858
The arm 13 has vector {0:0.30855534261288564,1:0.9834613207559458,2:0.2619128824845236,3:0.3382599580761808,4:0.4923850966332264,5:0.18289015017182586} with alpha 13.0 and beta 34.0, percentage 26.666666666666668
The arm 14 has vector {0:0.7932190794456098,1:0.5639792041358898,2:0.4900193467352072,3:0.5554688346576725,4:0.2780206492171764,5:0.2242422596134861} with alpha 19.0 and beta 47.0, percentage 28.125
The arm 15 has vector {0:0.22634400060022875,1:0.3141320622555904,2:0.2708419597292395,3:0.4801960807443464,4:0.4006688835663891,5:0.7420132169270462} with alpha 25.0 and beta 58.0, percentage 29.629629629629626
The arm 16 has vector {0:0.3661717068776762,1:0.5813314892469147,2:0.8070765219382493,3:0.0013364082291688062,4:0.03223748521502168,5:0.40368729459551567} with alpha 20.0 and beta 47.0, percentage 29.230769230769234
The arm 17 has vector {0:0.7336701324147465,1:0.6728473205492725,2:0.22198788826673865,3:0.8346982818011429,4:0.7791273566527241,5:0.021294314590074026} with alpha 55.0 and beta 98.0, percentage 35.76158940397351
The arm 18 has vector {0:0.9922297345604884,1:0.36205358589839876,2:0.09849035958392449,3:0.8865268135880994,4:0.07583086154205887,5:0.8900127853432893} with alpha 28.0 and beta 62.0, percentage 30.681818181818183
The arm 19 has vector {0:0.9444952989956087,1:0.5686824526191598,2:0.1741125194469747,3:0.6623551144791908,4:0.3920281763086312,5:0.1051704027113406} with alpha 10.0 and beta 30.0, percentage 23.684210526315788
The arm 20 has vector {0:0.20743215947437033,1:0.7082093899032837,2:0.45909303328676254,3:0.6156227645713437,4:0.6032538772409762,5:0.7557497792410199} with alpha 4.0 and beta 17.0, percentage 15.789473684210526
The arm 21 has vector {0:0.7100179891899205,1:0.9620768368626703,2:0.9547185031032498,3:0.016301428663563433,4:0.9527363692632974,5:0.45609502728099005} with alpha 31.0 and beta 66.0, percentage 31.57894736842105
The arm 22 has vector {0:0.21694773134502254,1:0.7457112849294073,2:0.46858437259432106,3:0.06320212512524392,4:0.4286579935437207,5:0.4471450931696105} with alpha 21.0 and beta 51.0, percentage 28.57142857142857
The arm 23 has vector {0:0.981153678803979,1:0.3277798689813797,2:0.1902966824973371,3:0.7666424163487878,4:0.08291811510020208,5:0.34216883035504986} with alpha 6.0 and beta 20.0, percentage 20.833333333333336
The arm 24 has vector {0:0.2562778248275077,1:0.6413130142221306,2:0.3818311237830636,3:0.6624063270471003,4:3.397077764177858E-5,5:0.5232522904501348} with alpha 55.0 and beta 96.0, percentage 36.241610738255034
The arm 25 has vector {0:0.2010905488407705,1:0.2806779366896225,2:0.18537354800117545,3:0.39348818966601307,4:0.45857145568394253,5:0.2787342464701301} with alpha 38.0 and beta 78.0, percentage 32.45614035087719
The arm 26 has vector {0:0.5521855983487001,1:0.7901047755777919,2:0.08530118709851409,3:0.04724604280011735,4:0.12439180063332955,5:0.8772375353049962} with alpha 35.0 and beta 61.0, percentage 36.17021276595745
The arm 27 has vector {0:0.7791682728961438,1:0.686189204751013,2:0.6790755139257892,3:0.6300799942719639,4:0.9145522719158737,5:0.83099289690322} with alpha 3.0 and beta 15.0, percentage 12.5
The arm 28 has vector {0:0.7185856272120885,1:0.4524258418807736,2:0.04778213975660717,3:0.9139848889952158,4:0.8278409996012717,5:0.36870010955367416} with alpha 10.0 and beta 31.0, percentage 23.076923076923077
The arm 29 has vector {0:0.2684338128893239,1:0.08889506593262986,2:0.2927468558458167,3:0.02674836137936698,4:0.3303512358670698,5:0.6043485150218169} with alpha 11.0 and beta 33.0, percentage 23.809523809523807
The arm 30 has vector {0:0.08222777023440075,1:0.7572756962557943,2:0.45754578243931676,3:0.6639463598570388,4:0.126418352606943,5:0.30896574724600123} with alpha 10.0 and beta 34.0, percentage 21.428571428571427
The arm 31 has vector {0:0.632205616440977,1:0.006181005419579111,2:0.14184584252355803,3:0.5810949788283445,4:0.6276278508743668,5:0.49902570148935255} with alpha 98.0 and beta 167.0, percentage 36.88212927756654
The arm 32 has vector {0:0.23695477751416583,1:0.579783827600471,2:0.15862601125319942,3:0.28510390918661477,4:0.11299691917110177,5:0.2122266340879413} with alpha 44.0 and beta 87.0, percentage 33.33333333333333
The arm 33 has vector {0:0.672126170561445,1:0.1463887147444768,2:0.3704636551907844,3:0.7095562806363669,4:0.2126825562093133,5:0.5548409313509566} with alpha 64.0 and beta 77.0, percentage 45.32374100719424
The arm 34 has vector {0:0.9439014071791287,1:0.89178617057525,2:0.16304976201653065,3:0.03705715594873826,4:0.7826079341991461,5:0.4542938657560206} with alpha 41.0 and beta 79.0, percentage 33.89830508474576
The arm 35 has vector {0:0.9763639489443692,1:0.6220395262979649,2:0.2988200378304383,3:0.4372365830478926,4:0.8685840130777067,5:0.8953303377582625} with alpha 15.0 and beta 41.0, percentage 25.925925925925924
The arm 36 has vector {0:0.4530254103108289,1:0.9717310047736744,2:0.41099474711472817,3:0.009491352401417519,4:0.19967488586757565,5:0.8591436583859773} with alpha 13.0 and beta 33.0, percentage 27.27272727272727
The arm 37 has vector {0:0.6028006003130317,1:0.7851552779023019,2:0.97085003820999,3:0.7804940745081181,4:0.8522495736275613,5:0.06237701742777113} with alpha 25.0 and beta 54.0, percentage 31.16883116883117
The arm 38 has vector {0:0.5479834904581257,1:0.9043928271493894,2:0.4763174499619133,3:0.36931954327135674,4:0.5038951873721476,5:0.6308827828050042} with alpha 20.0 and beta 46.0, percentage 29.6875
The arm 39 has vector {0:0.3021363938089109,1:0.09232803844943305,2:0.9906974833931029,3:0.8758709492770578,4:0.6906456957888117,5:0.2629595419617605} with alpha 28.0 and beta 61.0, percentage 31.03448275862069
The arm 40 has vector {0:0.9955126382033656,1:0.8497666617091264,2:0.7162600536310586,3:0.9935804484555135,4:0.14622888175749704,5:0.27856538000545805} with alpha 12.0 and beta 33.0, percentage 25.581395348837212
The arm 41 has vector {0:0.29165226164101254,1:0.005080166536886033,2:0.9699251089350635,3:0.06948975751863862,4:0.6033297907746014,5:0.5319980952636726} with alpha 40.0 and beta 81.0, percentage 32.773109243697476
The arm 42 has vector {0:0.43960606590332374,1:0.2576813338331514,2:0.013497567760486606,3:0.7021388300473625,4:0.8937540172046667,5:0.9202561732225437} with alpha 34.0 and beta 69.0, percentage 32.67326732673268
The arm 43 has vector {0:0.2671214165646333,1:0.7519556901094846,2:0.6548649206631577,3:0.5620579409869665,4:0.21207176317885867,5:0.6012340301303716} with alpha 39.0 and beta 70.0, percentage 35.51401869158878
The arm 44 has vector {0:0.021630463997217464,1:0.5198243097117248,2:0.12765232429176876,3:0.3760620315458114,4:0.9423513413190675,5:0.49175972429929515} with alpha 38.0 and beta 74.0, percentage 33.63636363636363
The arm 45 has vector {0:0.7314556235921587,1:0.6114436857516954,2:0.667340524233198,3:0.6017571349292616,4:0.1400470253426378,5:0.8419983685312598} with alpha 27.0 and beta 59.0, percentage 30.952380952380953
The arm 46 has vector {0:0.6810915794772157,1:0.1432001092862708,2:0.5742967388687632,3:0.17186766439856072,4:0.6542877892091611,5:0.8186543687203476} with alpha 28.0 and beta 59.0, percentage 31.76470588235294
The arm 47 has vector {0:0.09718402664243453,1:0.44093119390538005,2:0.08296641745889888,3:0.592560499561209,4:0.6833857490879747,5:0.7981890262303709} with alpha 120.0 and beta 199.0, percentage 37.53943217665615
The arm 48 has vector {0:0.6294897022725059,1:0.01453232900030843,2:0.8958085428715156,3:0.08993475717220067,4:0.4953461654685334,5:0.645552570927606} with alpha 118.0 and beta 189.0, percentage 38.36065573770492
The arm 49 has vector {0:0.33101879224611686,1:0.7428566254883561,2:0.9141859350203815,3:0.5777975559432217,4:0.260481265915702,5:0.7022258978355838} with alpha 20.0 and beta 45.0, percentage 30.158730158730158
The best arm is 33 with vector {0:0.672126170561445,1:0.1463887147444768,2:0.3704636551907844,3:0.7095562806363669,4:0.2126825562093133,5:0.5548409313509566} with alpha 64.0 and beta 77.0, percentage 45.32374100719424
The right guesses are: 1673 which means 33.46% correct
Done
The current arm is 33 with vector {0:0.672126170561445,1:0.1463887147444768,2:0.3704636551907844,3:0.7095562806363669,4:0.2126825562093133,5:0.5548409313509566} with alpha 1.0 and beta 1.0
The order information:
Date: 2009-08-13T17:48:26.000+02:00
It predicted these items for order 1001406 :
   291 with score of 1.9365233825487684
   894 with score of 1.9365233825487684
   599 with score of 1.7515764054317828
   1004 with score of 1.65910291687329
   535 with score of 1.5666294283147975
   668 with score of 1.5296400328914004
   672 with score of 1.470457000213965
   561 with score of 1.4609454413908056
   614 with score of 1.4279191954770583
   551 with score of 1.4069024935319463
These are the actual items bought: 
   894
   561
   291
   1004
The current arm is 33 with vector {0:0.672126170561445,1:0.1463887147444768,2:0.3704636551907844,3:0.7095562806363669,4:0.2126825562093133,5:0.5548409313509566} with alpha 450.0 and beta 552.0
The order information:
Date: 2009-08-17T18:36:23.000+02:00
It predicted these items for order 1002415 :
   171 with score of 1.9365233825487684
   420 with score of 1.9365233825487684
   698 with score of 1.9365233825487684
   772 with score of 1.9365233825487684
   1036 with score of 1.9365233825487684
   1158 with score of 1.9365233825487684
   801 with score of 1.7515764054317828
   519 with score of 1.65910291687329
   520 with score of 1.65910291687329
   767 with score of 1.65910291687329
These are the actual items bought: 
   1163
The current arm is 33 with vector {0:0.672126170561445,1:0.1463887147444768,2:0.3704636551907844,3:0.7095562806363669,4:0.2126825562093133,5:0.5548409313509566} with alpha 861.0 and beta 1141.0
The order information:
Date: 2009-08-20T12:11:51.000+02:00
It predicted these items for order 1003415 :
   178 with score of 1.9365233825487684
   275 with score of 1.9365233825487684
   944 with score of 1.9365233825487684
   1269 with score of 1.9365233825487684
   236 with score of 1.65910291687329
   854 with score of 1.65910291687329
   1014 with score of 1.65910291687329
   732 with score of 1.5666294283147975
   847 with score of 1.5666294283147975
   1121 with score of 1.5666294283147975
These are the actual items bought: 
   1269
   323
The current arm is 33 with vector {0:0.672126170561445,1:0.1463887147444768,2:0.3704636551907844,3:0.7095562806363669,4:0.2126825562093133,5:0.5548409313509566} with alpha 1204.0 and beta 1798.0
The order information:
Date: 2009-08-23T20:39:23.000+02:00
It predicted these items for order 1004416 :
   697 with score of 1.2547026810047293
   740 with score of 1.0882568690746623
   908 with score of 1.0697557038877439
   1003 with score of 0.9957769130409496
   653 with score of 0.9856888961072958
   758 with score of 0.9815833078203438
   358 with score of 0.964071716963752
   1077 with score of 0.9541638431896279
   1151 with score of 0.9495466362369233
   1368 with score of 0.9495466362369233
These are the actual items bought: 
   1259
   353
   611
The current arm is 33 with vector {0:0.672126170561445,1:0.1463887147444768,2:0.3704636551907844,3:0.7095562806363669,4:0.2126825562093133,5:0.5548409313509566} with alpha 1439.0 and beta 2563.0
The order information:
Date: 2009-08-26T00:20:09.000+02:00
It predicted these items for order 1005419 :
   736 with score of 1.4396496581217149
   539 with score of 1.2269671019124015
   1425 with score of 1.2269671019124015
   876 with score of 1.042020124795416
   350 with score of 0.9772822153292511
   411 with score of 0.9495466362369233
   585 with score of 0.9495466362369233
   793 with score of 0.9355048524779522
   298 with score of 0.935248811439027
   764 with score of 0.9244402218672552
These are the actual items bought: 
   570
The arm 33 has vector {0:0.672126170561445,1:0.1463887147444768,2:0.3704636551907844,3:0.7095562806363669,4:0.2126825562093133,5:0.5548409313509566} with alpha 1720.0 and beta 3282.0, percentage 34.38
The best arm is 33 with vector {0:0.672126170561445,1:0.1463887147444768,2:0.3704636551907844,3:0.7095562806363669,4:0.2126825562093133,5:0.5548409313509566} with alpha 1720.0 and beta 3282.0, percentage 34.38
The right guesses are: 1719 which means 34.38% correct
Done
99
