Items: 31014,2,2012-03-22 09:35:15.730000000,2013-01-31 22:08:19.360000000,0,0000000000000000000000000000000000000000000000000000000000000000000000000000000000000000000010000000000000000000000000000000000000000000000000000000000000000000000000000000000000000000000000000000000000000000000000000000000000000000000000000000000000000000
Items: 16065,3,2010-10-12 09:05:28.623000000,2011-10-19 12:41:59.293000000,0,0000000000000000000000000000000000000000000000000000000000000000000000000000000000000000000100000000000000000000000000000000000000000000000000000000000000000000000000000000000000000000000000000000000000000000000000000000000000000000000000000000000000000000
Items: 2897,1,2010-07-28 15:55:07.423000000,2013-07-15 05:02:15.650000000,0,0000000000000000000000000000000000000000000000000000000000000000000000000000000000000000000100000000000000000000000000000000000000000000000000000000000000000000000000000000000000000000000000000000000000000000000000000000000000000000000000000000000000000000
Users: 46671,2009-07-31 17:52:05.423000000,45238,,0
Users: 117404,2012-02-11 18:20:17.737000000,30295,1989-02-13 00:00:00,1
Users: 185087,2009-07-31 19:48:45.310000000,54234,1986-06-04 00:00:00,1
Users: 242612,2011-12-03 21:34:16.640000000,90627,1990-07-23 00:00:00,2
Users: 294436,2011-03-16 09:05:23.647000000,72233,1994-04-25 00:00:00,1
Users: 345704,2011-11-11 20:55:14.437000000,68600,1994-06-05 00:00:00,2
Users: 399809,2012-09-17 14:43:42.033000000,44491,1997-12-12 00:00:00,1
Users: 455390,2012-12-20 16:02:28.573000000,3274,1978-06-02 00:00:00,2
Users: 525182,2013-07-28 12:33:53.590000000,53372,1990-06-17 00:00:00,0
Orders: 35022,1033356,1457,2009-10-18 21:46:53.347000000
Orders: 214698,1082559,614,2010-01-24 20:16:55.153000000
Orders: 226305,1122161,1501,2010-03-20 16:23:03.950000000
Orders: 46541,1167569,11120,2010-05-26 12:55:02.417000000
Orders: 75824,1208142,11119,2010-07-27 23:14:48.377000000
Orders: 13287,1248778,12826,2010-09-21 21:56:27.157000000
Orders: 272654,1296031,653,2010-12-01 18:41:36.730000000
Orders: 285359,1344258,18628,2011-01-28 14:59:09.743000000
Orders: 157456,1388262,18371,2011-03-17 11:46:02.120000000
Orders: 307265,1432210,758,2011-04-29 21:28:48.340000000
Orders: 271030,1473349,21803,2011-06-14 15:24:35.467000000
Orders: 275827,1511037,21829,2011-07-28 21:58:50.970000000
Orders: 62527,1550712,24845,2011-09-10 18:44:47.023000000
Orders: 293365,1597283,27523,2011-11-12 08:21:31.203000000
Orders: 158173,1649466,24361,2011-12-28 14:06:54.430000000
Orders: 371623,1691322,28947,2012-01-31 15:54:20.570000000
Orders: 151193,1739094,2144,2012-03-22 17:02:48.527000000
Orders: 71320,1784958,7874,2012-05-16 17:00:59.817000000
Orders: 287161,1827735,20480,2012-06-29 22:23:24.193000000
Orders: 271514,1866722,31203,2012-08-11 21:38:56.863000000
Orders: 428803,1915657,35460,2012-10-09 20:15:44.210000000
Orders: 444954,1966435,29677,2012-12-01 22:51:49.073000000
Orders: 460415,2018674,31695,2013-01-07 22:20:30.543000000
Orders: 381441,2066329,35170,2013-02-19 22:08:16.833000000
Orders: 485606,2112774,39306,2013-03-26 15:04:37.277000000
Orders: 423890,2161061,11304,2013-05-03 09:35:38.190000000
Orders: 314770,2207605,26096,2013-06-05 19:04:54.837000000
Orders: 287308,2249841,40450,2013-07-13 20:23:09.463000000
Orders: 255027,2289235,33612,2013-08-13 17:15:05.073000000
Orders: 466261,2331294,43871,2013-09-15 21:02:00.180000000
Orders: 446724,2379393,448,2013-11-01 19:20:53.627000000

Startup information:
First order in training stage: 700000
First order in evaluation stage: 771338
Last order in evaluation stage: 777471

Number of orders in training stage: 71338
Number of orders in evaluation stage: 6133

The current arm is 25 with vector {0:0.9165271154314137,1:0.24370643507041045,2:0.8593165588357952,3:0.9776922076655212,4:0.10117628220786257,5:0.8711162127874663,6:0.5788977252693124,7:0.9199455951330114,8:0.1675653034535629,9:0.8125724013756473,10:0.019844029714950917,11:0.7000541479318575,12:0.45846741118109957,13:0.5753468719016437,14:0.3092276662695326,15:0.22085130525107088,16:0.6030603442244998,17:0.3188881137060483,18:0.480918776707179,19:0.5279377281193626,20:0.824816973721905,21:0.588552890775751,22:0.3272358684043367,23:0.837799657432685,24:0.04137573348851764,25:0.06913455139793334,26:0.48231996472646643,27:0.9919921259982845,28:0.7136900846557915,29:0.038499290908542094,30:0.3555282451653753,31:0.7981295310594997,32:0.09486345473339342,33:0.049523568901368775,34:0.6690378578205273,35:0.14078914029692513,36:0.39881194490384964,37:0.43155953570676775,38:0.621925362193735,39:0.1981326206284303,40:0.651010441620038} with alpha 7.0 and beta 23.0
The order information:
Date: 2012-05-09T17:07:05.000+02:00
It predicted these items for order 1778911 :
   31560 with score of 1124.674800590645
   752 with score of 478.86141698541724
   27900 with score of 426.2941105234778
   20430 with score of 380.2667543038694
   748 with score of 378.76005476490764
   5003 with score of 329.7205375487987
   21714 with score of 319.70624227689154
   11832 with score of 308.74387704927915
   31553 with score of 291.5427404202736
   27576 with score of 275.1833901218377
These are the actual items bought: 
   11832
   30233
The current arm is 35 with vector {0:0.07526528823438416,1:0.03654326283217213,2:0.23763237257894354,3:0.8442841143221231,4:0.5073082266078954,5:0.7421593602261138,6:0.2409845284048453,7:0.018172612715961822,8:0.46146230035257396,9:0.4144387044579463,10:0.5977014950784718,11:0.7696917320139408,12:0.51500012633969,13:0.7012789665774498,14:0.14731683915508886,15:0.6258876810162197,16:0.8875798938950895,17:0.052061870751421435,18:0.21203987160379667,19:0.4032123451325639,20:0.012917919400975197,21:0.6231381266467553,22:0.3886380439647803,23:0.6090399244779947,24:0.5282471475391698,25:0.5857844528538395,26:0.1762130426655173,27:0.163038477110384,28:0.7541314964369107,29:0.2812330967719081,30:0.8170282260036154,31:0.3838240167900995,32:0.7746936579830577,33:0.9162787776237582,34:0.3371224704992677,35:0.9721788762239779,36:0.01442622649036951,37:0.849917221271397,38:0.44518334570644813,39:0.8905622292724455,40:0.9696144563383505} with alpha 3.0 and beta 25.0
The order information:
Date: 2012-05-10T17:54:43.000+02:00
It predicted these items for order 1779917 :
   31560 with score of 76.11779357063739
   752 with score of 56.87053060170649
   5003 with score of 31.042618178219087
   21714 with score of 29.487675331494245
   748 with score of 29.163729586357462
   27576 with score of 25.946387495958813
   27900 with score of 25.00193624903878
   29669 with score of 24.622948051444137
   23467 with score of 22.43661971549642
   21787 with score of 21.25074393312311
These are the actual items bought: 
   30342
   23374
   32289
The current arm is 20 with vector {0:0.5806828972887451,1:0.3267306982343511,2:0.62908299854677,3:0.9723581427337351,4:0.825805087119843,5:0.6225236244130733,6:0.8762157779873574,7:0.38233708723445514,8:0.6321397666019435,9:0.4135723052164947,10:0.8669036258954921,11:0.5310942945755871,12:0.4081037459981208,13:0.8302662694485984,14:0.4259117003587668,15:0.7665728592848546,16:0.954144474973763,17:0.6821242243189592,18:0.7967954780521465,19:0.7022828707724148,20:0.4872109868706137,21:0.7273008878179569,22:0.9267242793596421,23:0.3560650683350832,24:0.6810522784033226,25:0.007632742760219524,26:0.5905446861276155,27:0.7140126186236935,28:0.6151098536849899,29:0.2556733764610777,30:0.8574190638172168,31:0.6724292378682745,32:0.3024880291305614,33:0.5619508136415535,34:0.39883613354119096,35:0.19694957500727217,36:0.9104934563582547,37:0.11743312800625849,38:0.7204263362409782,39:0.9452206301080308,40:0.5955254740337378} with alpha 6.0 and beta 45.0
The order information:
Date: 2012-05-11T22:39:32.000+02:00
It predicted these items for order 1780921 :
   31560 with score of 588.2431688951692
   752 with score of 337.38497470606757
   748 with score of 282.9454818656648
   27900 with score of 203.7336219294583
   20430 with score of 195.8146037806852
   21714 with score of 194.02804567236075
   29669 with score of 185.60455482132113
   5003 with score of 183.55707341423152
   27576 with score of 178.84141774084227
   23467 with score of 162.81419640241995
These are the actual items bought: 
   31776
The current arm is 33 with vector {0:0.02723837810865337,1:0.13338732209850024,2:0.9251091348999702,3:0.2589887935682005,4:0.8929031799621924,5:0.3509976706573754,6:0.8595518209003932,7:0.6965180683107254,8:0.7610313774789356,9:0.30988687449470464,10:0.273318115137387,11:0.5438729215621881,12:0.7823530498368102,13:0.6837148861562867,14:0.7625021527422893,15:0.7795603345604497,16:0.4143053602107235,17:0.8533138802678536,18:0.9264997652476739,19:0.04881627837328617,20:0.27270443977763437,21:0.895631018394692,22:0.177674227266312,23:0.4111079494711891,24:0.717603477920739,25:0.5236819078005202,26:0.07906171397263673,27:0.14232395988352942,28:0.9677260816187233,29:0.21321448305691704,30:0.9447756459992708,31:0.9103544680768783,32:0.821389305510372,33:0.6735363184446969,34:0.6554429814223984,35:0.4233090692468201,36:0.39392282646102417,37:0.16123934628260583,38:0.42008222356227354,39:0.9796425138193814,40:0.46879814855936375} with alpha 3.0 and beta 33.0
The order information:
Date: 2012-05-13T15:53:25.000+02:00
It predicted these items for order 1781930 :
   31560 with score of 845.4247680215244
   752 with score of 460.8530228090716
   748 with score of 448.9563547522862
   21714 with score of 313.47022414063446
   20430 with score of 312.4770929310487
   5003 with score of 307.70729299068597
   27900 with score of 300.15097280077595
   29669 with score of 271.9851817071771
   27576 with score of 263.29519811269313
   23467 with score of 236.10419141650146
These are the actual items bought: 
   2084
   29003
   31950
   20990
   31940
   30573
   20678
   30195
   25363
   27900
The current arm is 9 with vector {0:0.7631175594754986,1:0.5545448833805815,2:0.8954175836534619,3:0.016510774438004527,4:0.18202199807587693,5:0.8416792550805702,6:0.823818231919239,7:0.4876342982881888,8:0.1158431379872984,9:0.7952605320442039,10:0.658701664445892,11:0.47623930734441444,12:0.3077325528996737,13:0.7742060285852287,14:0.3178602083807044,15:0.933100484330857,16:0.6552596275118666,17:0.2996214531701237,18:0.38808263134177323,19:0.947839629037482,20:0.9190950391115341,21:0.5928935172687009,22:0.6979322979143249,23:0.5208642678786355,24:0.7853789532190664,25:0.5179084138627268,26:0.9097341318350257,27:0.2512670263124306,28:0.3964604845525317,29:0.773677363857999,30:0.5437294882166319,31:0.5748524270228375,32:0.03644185152597923,33:0.6286649099027863,34:0.6100706775346731,35:0.35425815777298963,36:0.4933065849926388,37:0.6104176392066443,38:0.2975526777779014,39:0.12536342886064777,40:0.807583302294529} with alpha 7.0 and beta 59.0
The order information:
Date: 2012-05-14T16:46:54.000+02:00
It predicted these items for order 1782931 :
   31560 with score of 624.7619488444755
   748 with score of 391.42037376569715
   752 with score of 356.193731852892
   21714 with score of 242.9269566134415
   5003 with score of 238.92881692252038
   20430 with score of 229.55384483129814
   27576 with score of 227.97114156598457
   27900 with score of 224.58582285479213
   29669 with score of 210.49676698560341
   31553 with score of 196.28928221888367
These are the actual items bought: 
   32564
The current arm is 10 with vector {0:0.6483581274544625,1:0.10064002654235771,2:0.15852916235339987,3:0.8529164114553551,4:0.42460261774871133,5:0.6086467600489012,6:0.7816428044351108,7:0.07927933141395027,8:0.6467633037634525,9:0.6837279558020329,10:0.297529768932958,11:0.7482574784636475,12:0.5900063816783553,13:0.25892745505948134,14:0.763564954854228,15:0.6632051466235469,16:0.8045745908535885,17:0.6216958016771099,18:0.8090366131290603,19:0.3394825835866323,20:0.9605113073613426,21:0.6141245330333963,22:0.6158893654795407,23:0.3243484285315489,24:0.5452971757572069,25:0.5671963456066007,26:0.47392588469533603,27:0.79801627026068,28:0.584036194180652,29:0.8971163599077374,30:0.8512941853395071,31:0.9980942653432389,32:0.0037446464904375976,33:0.3806668230724024,34:0.1957907550774276,35:0.9214354914931256,36:0.19900735128322344,37:0.42010625184084627,38:0.4265026746624968,39:0.04328795420446885,40:0.9739884827149268} with alpha 23.0 and beta 139.0
The order information:
Date: 2012-05-15T15:02:20.000+02:00
It predicted these items for order 1783936 :
   31560 with score of 198.8876300933909
   748 with score of 197.16792372452915
   752 with score of 140.98794754443088
   27576 with score of 113.88173624272693
   21714 with score of 103.88360244888564
   5003 with score of 98.74301087529527
   29669 with score of 93.03665672026678
   21776 with score of 89.54239187613693
   25201 with score of 84.18204233268204
   23467 with score of 83.10040141668287
These are the actual items bought: 
   12096
The arm 0 has vector {0:0.48748379250227647,1:0.5001770634243778,2:0.35076353466423715,3:0.4745219926433497,4:0.4668355865387217,5:0.3090132817905117,6:0.8459704296642373,7:0.8190163702091429,8:0.4686990251686318,9:0.7338640312983683,10:0.0331808511775471,11:0.04156729024329342,12:0.8074444620618488,13:0.8974035229246053,14:0.30488589128910093,15:0.25088659018777915,16:0.6180861673982223,17:0.2373936141691264,18:0.36121495484555277,19:0.07086153093294922,20:0.6518254698933149,21:0.7247687030407871,22:0.0846611286826302,23:0.6476437168621701,24:0.2989922612617636,25:0.650674227800494,26:0.525467914465269,27:0.41361023009503406,28:0.4848914687859438,29:0.07470347555910606,30:0.5555964770744687,31:0.4704891784269988,32:0.0047088837467677,33:0.5801086578893005,34:0.9625877244055834,35:0.4561513215674007,36:0.04911778547110224,37:0.9908223550451536,38:0.10318102783013006,39:0.7700576974003115,40:0.1741054148888449} with alpha 22.0 and beta 132.0, percentage 16.030534351145036
The arm 1 has vector {0:0.17596415862554826,1:0.6078014146579477,2:0.8043490344824528,3:0.5174067284857925,4:0.5835010006835601,5:0.5832921282553376,6:0.931777871989579,7:0.7905220189238774,8:0.2871341613811176,9:0.4669782761425544,10:0.36871032649944446,11:0.124874032702052,12:0.05657834103136805,13:0.8291999803579876,14:0.14011003437630054,15:0.3787712878657379,16:0.6350809277531941,17:0.42605877156845495,18:0.8434325900113897,19:0.38821942204790927,20:0.7724632778971623,21:0.33509368613136215,22:0.3692060352278015,23:0.7919403423389093,24:0.7639325091069491,25:0.16289081909432468,26:0.0459567608645115,27:0.959332985802063,28:0.42092223306497156,29:0.864778206637873,30:0.09241564455851681,31:0.14613408452235355,32:0.9748975894775187,33:0.8528360973076902,34:0.36034162941475734,35:0.1311518450882364,36:0.10956070738106216,37:0.35434990246407516,38:0.21276779932628143,39:0.7238230778337467,40:0.9891723057995283} with alpha 18.0 and beta 125.0, percentage 13.709677419354838
The arm 2 has vector {0:0.03879883803687123,1:0.9839989515534048,2:0.9266947411042964,3:0.6664088834825448,4:0.9513823400116999,5:0.17135498560989548,6:0.9687851658780775,7:0.14475007103502746,8:0.2815750282441717,9:0.5741604937861823,10:0.07079852581867174,11:0.7111322257898517,12:0.9516166535942078,13:0.36248900092524405,14:0.58316002903872,15:0.37528638466394826,16:0.5312732968904548,17:0.9040989346430863,18:0.841308190535253,19:0.6456624301248289,20:0.47814998931053176,21:0.8611869817895663,22:0.5149712642311578,23:0.6827523825484155,24:0.5500775953452729,25:0.09635662486038121,26:0.552016932447605,27:0.6251229843302524,28:0.7091862708595992,29:0.2348978734512951,30:0.05864463406527187,31:0.2428836339203081,32:0.7043902152204266,33:0.7970099448997182,34:0.49029966444813267,35:0.5128743554977256,36:0.19648976677210783,37:0.5846484715806772,38:0.43381736453842257,39:0.1468954512618209,40:0.7564209452044501} with alpha 24.0 and beta 149.0, percentage 15.54054054054054
The arm 3 has vector {0:0.538984454251501,1:0.32640008999691217,2:0.02146103677193434,3:0.7076153617739415,4:0.39159300363368554,5:0.9163588092453128,6:0.6936599433760885,7:0.697487972918395,8:0.3667471145870628,9:0.6943069442152068,10:0.8893476832961581,11:0.7916459940628418,12:0.4115042385064953,13:0.5640235419080776,14:0.2922883398289412,15:0.3415313216532817,16:0.2674548997556059,17:0.1236600698449205,18:0.49646935522152524,19:0.5916427601258119,20:0.8363145534211325,21:0.7251915439295686,22:0.06625981087087851,23:0.45372684466918345,24:0.8332389738296389,25:0.874205097007552,26:0.728097883308281,27:0.2937811974402814,28:0.7319335456474797,29:0.08909564664330949,30:0.18151750917178322,31:0.4536603013060344,32:0.6653143986547129,33:0.6414480250467003,34:0.9927964554915937,35:0.962502988366796,36:0.8498009620457977,37:0.555283902222024,38:0.46370195701295114,39:0.4413048528602721,40:0.2060286481791217} with alpha 23.0 and beta 152.0, percentage 14.56953642384106
The arm 4 has vector {0:0.4330051184847833,1:0.4561067271173115,2:0.4738218866341093,3:0.515669883703443,4:0.18442668154991226,5:0.4635042645105556,6:0.07960135362200804,7:0.053949551082673186,8:0.4638354717261275,9:0.22136266999223875,10:0.6796779651627395,11:0.4674618586576891,12:0.7703744873416117,13:0.11922938400227312,14:0.9224755701976809,15:0.792650220998585,16:0.6608773050666885,17:0.29813244502746594,18:0.24549386841975562,19:0.9698095812988851,20:0.09779121266767787,21:0.7682226620217544,22:0.9502920875534817,23:0.3828708164225406,24:0.9822037038038505,25:0.1424224480846329,26:0.014528431315311119,27:0.36948265840846295,28:0.35290559371254193,29:0.30252251187265866,30:0.8027561406669527,31:0.22476800473754743,32:0.9113376529826644,33:0.48350163301362137,34:0.16717883998942062,35:0.289508043309893,36:0.9513147626981616,37:0.7379040587294969,38:0.89832827354057,39:0.22693822345238535,40:0.10994703455417565} with alpha 26.0 and beta 171.0, percentage 14.705882352941178
The arm 5 has vector {0:0.6263200487849747,1:0.06538642604818035,2:0.23054449920490938,3:0.3231781471897004,4:0.679639179126286,5:0.22933126491688127,6:0.19994100396904468,7:0.01596895908601903,8:0.9067872065582312,9:0.9576942134948686,10:0.8369260329590289,11:0.6923289387145406,12:0.2570873042061892,13:0.5236094733712378,14:0.4294361868996964,15:0.7694495945390447,16:0.023344990388488918,17:0.06981144841427545,18:0.8141510860143922,19:0.7072099482944358,20:0.6155329368974235,21:0.9788390789184288,22:0.03241039585910244,23:0.040126670092823113,24:0.17103421136925057,25:0.19032874793260024,26:0.009857411438562669,27:0.5190797275378126,28:0.6675444538218224,29:0.46465421670675233,30:0.8501973653726151,31:0.22236570243882392,32:0.94509681380378,33:0.7478796041445329,34:0.5902819900405346,35:0.8845123253399212,36:0.5573245518652648,37:0.5130868348945701,38:0.6569037597745101,39:0.10419367235983379,40:0.43785870301770446} with alpha 16.0 and beta 118.0, percentage 12.82051282051282
The arm 6 has vector {0:0.405362196658716,1:0.9660550683858891,2:0.17139010127237386,3:0.39011354161019984,4:0.596446573851586,5:0.271310971644934,6:0.6393378119424226,7:0.04619065811100809,8:0.9187080527301625,9:0.5977689030450886,10:0.4261594013538159,11:0.7198389273788512,12:0.8131271975412406,13:0.3957154308595461,14:0.28075244360307816,15:0.059791859996696006,16:0.9152807462030171,17:0.4099833182007351,18:0.2684499480282502,19:0.571235924615471,20:0.188073349961126,21:0.5322708144255743,22:0.059247422231721414,23:0.4717922609707502,24:0.7153634144591325,25:0.29869002892570884,26:0.5837985118090434,27:0.4256493838459613,28:0.05128513462459183,29:0.5751843319377611,30:0.5681160688003444,31:0.6459056369894961,32:0.24552645705662546,33:0.2502851197675694,34:0.22163522031418526,35:0.2804602758164507,36:0.6550200850581146,37:0.16365816614416884,38:0.6021809561972087,39:0.5321695805933595,40:0.39137398449374194} with alpha 17.0 and beta 122.0, percentage 13.223140495867769
The arm 7 has vector {0:0.9291030316926543,1:0.31652492072476857,2:0.42406268887390486,3:0.33209386098884885,4:0.1583028540333734,5:0.8914514264108422,6:0.2552399349540764,7:0.7995437560020542,8:0.01564405164257021,9:0.17610887485684013,10:0.09032582407154954,11:0.4369180331531479,12:0.3132921749893194,13:0.5121337724835182,14:0.06458011562494603,15:0.065149059186971,16:0.46931031161150727,17:0.408300684803104,18:0.5493959241237768,19:0.34387189558382325,20:0.22603360326800614,21:0.9725469842314591,22:0.8698128893635172,23:0.9943550213668153,24:0.47654873042430557,25:0.6290603079978748,26:0.6717523484669424,27:0.9238776111672502,28:0.020978211437612804,29:0.5489647100231799,30:0.827855585979838,31:0.4494574868115473,32:0.8916887915225123,33:0.580630849562844,34:0.8752787867086979,35:0.4045950867731294,36:0.08934624753359066,37:0.4618963558789675,38:0.23690335270352325,39:0.5453029740608241,40:0.21162942815248276} with alpha 3.0 and beta 43.0, percentage 4.761904761904762
The arm 8 has vector {0:0.47264354210323134,1:0.42326214922313143,2:0.6255640629545217,3:0.4240033975356674,4:0.7451427102719081,5:0.8213113164635758,6:0.29563048949685,7:0.6843070232431373,8:0.4380159341510411,9:0.7505262513622517,10:0.24849784960218602,11:0.7867973719445365,12:0.5300782097385848,13:0.6313957865106938,14:0.12995156932169805,15:0.5451414810487196,16:0.1784322832710411,17:0.604410367519664,18:0.8700815828669924,19:0.9056800790538632,20:0.6778440895708518,21:0.25976389253034615,22:0.6577586904033714,23:0.9527468456771253,24:0.41188247675080514,25:0.20995757906540702,26:0.7603527177828202,27:0.41484861648122806,28:0.6906670039531163,29:0.20802122598736617,30:0.7485586374469861,31:0.9705924590432912,32:0.7101623252148787,33:0.060761550579898516,34:0.6878606363936605,35:0.42730247425179557,36:0.6757050254001549,37:0.9918036839373245,38:0.9595419773572861,39:0.8145023031644185,40:0.9101494272557218} with alpha 6.0 and beta 62.0, percentage 8.19672131147541
The arm 9 has vector {0:0.7631175594754986,1:0.5545448833805815,2:0.8954175836534619,3:0.016510774438004527,4:0.18202199807587693,5:0.8416792550805702,6:0.823818231919239,7:0.4876342982881888,8:0.1158431379872984,9:0.7952605320442039,10:0.658701664445892,11:0.47623930734441444,12:0.3077325528996737,13:0.7742060285852287,14:0.3178602083807044,15:0.933100484330857,16:0.6552596275118666,17:0.2996214531701237,18:0.38808263134177323,19:0.947839629037482,20:0.9190950391115341,21:0.5928935172687009,22:0.6979322979143249,23:0.5208642678786355,24:0.7853789532190664,25:0.5179084138627268,26:0.9097341318350257,27:0.2512670263124306,28:0.3964604845525317,29:0.773677363857999,30:0.5437294882166319,31:0.5748524270228375,32:0.03644185152597923,33:0.6286649099027863,34:0.6100706775346731,35:0.35425815777298963,36:0.4933065849926388,37:0.6104176392066443,38:0.2975526777779014,39:0.12536342886064777,40:0.807583302294529} with alpha 7.0 and beta 72.0, percentage 8.450704225352112
The arm 10 has vector {0:0.6483581274544625,1:0.10064002654235771,2:0.15852916235339987,3:0.8529164114553551,4:0.42460261774871133,5:0.6086467600489012,6:0.7816428044351108,7:0.07927933141395027,8:0.6467633037634525,9:0.6837279558020329,10:0.297529768932958,11:0.7482574784636475,12:0.5900063816783553,13:0.25892745505948134,14:0.763564954854228,15:0.6632051466235469,16:0.8045745908535885,17:0.6216958016771099,18:0.8090366131290603,19:0.3394825835866323,20:0.9605113073613426,21:0.6141245330333963,22:0.6158893654795407,23:0.3243484285315489,24:0.5452971757572069,25:0.5671963456066007,26:0.47392588469533603,27:0.79801627026068,28:0.584036194180652,29:0.8971163599077374,30:0.8512941853395071,31:0.9980942653432389,32:0.0037446464904375976,33:0.3806668230724024,34:0.1957907550774276,35:0.9214354914931256,36:0.19900735128322344,37:0.42010625184084627,38:0.4265026746624968,39:0.04328795420446885,40:0.9739884827149268} with alpha 25.0 and beta 157.0, percentage 15.384615384615385
The arm 11 has vector {0:0.08849956926803249,1:0.06849953488900129,2:0.7936812375131965,3:0.9943258314753168,4:0.17399785803304746,5:0.31216227373596694,6:0.8669263830360946,7:0.07616238015459076,8:0.3451736081607165,9:0.9827807455145198,10:0.9623281130799001,11:0.39519782591750985,12:0.25289926688014785,13:0.7932824146626735,14:0.09457747130883998,15:0.7720348122912455,16:0.4205640500801857,17:0.8506704848614478,18:0.8535411911611274,19:0.18505879990554097,20:0.29771789580760966,21:0.5758486244092272,22:0.4268607672637359,23:0.14260148626884384,24:0.8170269420414665,25:0.5771657400347876,26:0.1381209143732619,27:0.05008003596263655,28:0.23735720035019348,29:0.41131300036276797,30:0.45305886322941225,31:0.07812306437981908,32:0.7014007066382562,33:0.4666607848130553,34:0.21182806011777067,35:0.7373578023369548,36:0.5477649180392655,37:0.9087924566376719,38:0.5340448349438345,39:0.38959784516557416,40:0.4381069041435225} with alpha 29.0 and beta 178.0, percentage 15.819209039548024
The arm 12 has vector {0:0.5100309262964229,1:0.9744313659742293,2:0.05731432258127267,3:0.2733695261304534,4:0.9101150319305086,5:0.4279238552053868,6:0.5601815038958112,7:0.15218353342094848,8:0.5497560600518115,9:0.2748008214677209,10:0.23126269664032562,11:0.8204284060401706,12:0.44333538252756344,13:0.7546896227329523,14:0.3073983254311988,15:0.6190741187658266,16:0.14881166614088703,17:0.1270057235332458,18:0.14027702435627065,19:0.9654310855670745,20:0.4205620439589286,21:0.6945438470229536,22:0.04655471135322431,23:0.29934141496221134,24:0.2441220465703039,25:0.6456495469444334,26:0.20111661006560022,27:0.3411603536214458,28:0.788956743759678,29:0.3810687282344396,30:0.8471733674541313,31:0.9559839080556646,32:0.7126397906495056,33:0.9701872061224156,34:0.6581169527525239,35:0.6570594620850663,36:0.18615421077587435,37:0.4295288137736615,38:0.03039211894557825,39:0.649009828387683,40:0.0818638533187579} with alpha 21.0 and beta 140.0, percentage 14.388489208633093
The arm 13 has vector {0:0.4735386655306757,1:0.7575995336835171,2:0.2427725993302039,3:0.8056814827952554,4:0.7205232192873819,5:0.9357822387643897,6:0.6095301654995848,7:0.36625633604063657,8:0.7216220961662763,9:0.215066552316312,10:0.07332207304245275,11:0.9518064611433767,12:0.16471466795254708,13:0.05995127329126115,14:0.7313745165931019,15:0.9756412061202531,16:0.7824135875106313,17:0.548882524518147,18:0.6428156492938348,19:0.7936334757916274,20:0.6031185724506514,21:0.7413966993273512,22:0.11607667874495531,23:0.9114495907582019,24:0.5530144513267043,25:0.28569775805949316,26:0.702127464864332,27:0.6364512825531634,28:0.6689876166355346,29:0.9253998694732911,30:0.487821055558756,31:0.03496708703861384,32:0.3458135015081477,33:0.1276414007140455,34:0.6377681268625496,35:0.4225209854880265,36:0.9518510924712317,37:0.1119076271106958,38:0.01109803398034237,39:0.7824065174528786,40:0.44158563082018076} with alpha 40.0 and beta 235.0, percentage 16.666666666666664
The arm 14 has vector {0:0.08933212692255699,1:0.29222867558368915,2:0.23037893892037897,3:0.922169021591812,4:0.7440652075279882,5:0.8447999028318935,6:0.7258517065614158,7:0.9129529388788192,8:0.22946541675601617,9:0.13272215346501015,10:0.3426116694983158,11:0.20169118451813506,12:0.5252034607839164,13:0.3335383127632162,14:0.30540877948983425,15:0.5492972054776477,16:0.8832627457742932,17:0.13552838428307923,18:0.3974545648029245,19:0.505331035659414,20:0.16607689392784275,21:0.5782706138861449,22:0.09243175665618208,23:0.5338780674113799,24:0.216135703274429,25:0.5322387081015963,26:0.2778526567664725,27:0.8699231013143138,28:0.7499346772453654,29:0.7420400430661825,30:0.14674499060124824,31:0.30276556916705855,32:0.37641377219005956,33:0.8863558023795108,34:0.6828597330076244,35:0.48546051432590165,36:0.31534688079874584,37:0.42817355993118644,38:0.0096240406739313,39:0.8884261436893833,40:0.4460004489024114} with alpha 29.0 and beta 182.0, percentage 15.469613259668508
The arm 15 has vector {0:0.1592764663116254,1:0.9379769853731751,2:0.29733945247876725,3:0.8613406713777966,4:0.8515611312804715,5:0.01757068023769559,6:0.09956886205231474,7:0.3395595498320866,8:0.6901289578848099,9:0.9888571650101903,10:0.25247895379378027,11:0.6536983829382633,12:0.8884680634649876,13:0.1726690648847179,14:0.15309458187752634,15:0.6665917530921605,16:0.6002877429533754,17:0.39022259518176095,18:0.47776576340876054,19:0.2619968612568817,20:0.07649509460945958,21:0.904252635969244,22:0.6828090364898819,23:0.46932787944953125,24:0.9587061393674761,25:0.04268594655789881,26:0.8749481293841272,27:0.08847811352674417,28:0.45387791878276795,29:0.603753272961425,30:0.26886226056082485,31:0.6790343110626823,32:0.913328261405584,33:0.5767425959331884,34:0.33991325521573557,35:0.8777490760349824,36:0.31856451584183687,37:0.1612025772199519,38:0.9843358456380282,39:0.30254297726898494,40:0.1470162846153955} with alpha 24.0 and beta 157.0, percentage 14.743589743589745
The arm 16 has vector {0:0.9289969599540234,1:0.6167158783089176,2:0.724641561408478,3:0.19042780401192483,4:0.9593921174171725,5:0.8000650021689033,6:0.5042027155264485,7:0.17148823628388565,8:0.5614012884232729,9:0.4984963450226769,10:0.49702023904115833,11:0.30192001837652416,12:0.49175550000918444,13:0.16907517269349492,14:0.4590622477754781,15:0.12969407060235705,16:0.7276812825577027,17:0.5245654724475584,18:0.4593262086976274,19:0.5588116034818136,20:0.35187708143139285,21:0.015695679179055788,22:0.033424188517723885,23:0.05672053603018967,24:0.08252951190798963,25:0.9629163746512556,26:0.31716162504021983,27:0.23973878665485315,28:0.5833964118245175,29:0.6922558580641661,30:0.3208748107692986,31:0.8451829911013127,32:0.9366986585769979,33:0.27572477531643225,34:0.06275058883468088,35:0.15826505003865465,36:0.3022730375244478,37:0.23468700122664088,38:0.8482564001759593,39:0.7770019342571094,40:0.9252015582635305} with alpha 9.0 and beta 79.0, percentage 10.256410256410255
The arm 17 has vector {0:0.19086619020861273,1:0.2765576267109594,2:0.8746279575508275,3:0.6546214738720292,4:0.6910141313537856,5:0.3117098382789627,6:0.9437627390819555,7:0.24299123448379667,8:0.3984894407670838,9:0.8756229092369793,10:0.07423637451871712,11:0.5806869774941533,12:0.4653417208728948,13:0.6394998122995469,14:0.0467316914589172,15:0.4777833430737357,16:0.2797739675539803,17:0.033644060614158255,18:0.07120607408103985,19:0.017085275288582613,20:0.9794860285657226,21:0.4537707287374696,22:0.71614466172195,23:0.8713027819185845,24:0.7107693429627899,25:0.2502146435159287,26:0.8194639917498224,27:0.8464587498362007,28:0.3209410945087292,29:0.2305829373451349,30:0.11854454248254831,31:0.721672126288436,32:0.20616811330370866,33:0.28304019869437125,34:0.3225230664093951,35:0.8616044119792627,36:0.7162749297300357,37:0.7546420622414906,38:0.4922719162872834,39:0.5907017907593406,40:0.16074516467419364} with alpha 21.0 and beta 143.0, percentage 14.084507042253522
The arm 18 has vector {0:0.2769087552243785,1:0.64468495867622,2:0.6111806829285888,3:0.9084548330065996,4:0.2728853282802848,5:0.5602664019079052,6:0.5338087377981223,7:0.39842792433563556,8:0.9465719658334117,9:0.9000576729371355,10:0.7429819619463485,11:0.6486178074511653,12:0.9936350995518706,13:0.4412915529696506,14:0.7304881235764997,15:0.6618222868948975,16:0.3118648881644125,17:0.7164222791847689,18:0.5329346397436069,19:0.5571282342045305,20:0.3506695031500413,21:0.4962037251547241,22:0.7042715138989526,23:0.9904692390265194,24:0.7887513530074467,25:0.8987070876547124,26:0.31020340491943077,27:0.05391549735157686,28:0.12461388866951062,29:0.34278067829943726,30:0.033683810062816955,31:0.5547632370662883,32:0.7483265318779797,33:0.04775032091037701,34:0.6314378273454642,35:0.1475369511273743,36:0.1627250107202074,37:0.48355245179916073,38:0.27099627668337156,39:0.5871507609858001,40:0.028774260227293236} with alpha 52.0 and beta 289.0, percentage 17.708333333333336
The arm 19 has vector {0:0.11796613708329973,1:0.39319531855227374,2:0.712578975985592,3:0.6875019995522568,4:0.6945356494173435,5:0.90180281614493,6:0.8597073301119464,7:0.5865814864155403,8:0.7553507055129289,9:0.43818114700789546,10:0.37143194453340644,11:0.8206600014495895,12:0.913299818845187,13:0.14911989469895037,14:0.7265288935259833,15:0.032700031897654136,16:0.07295929046912464,17:0.8501070607145118,18:0.737693946298806,19:0.6677795205439268,20:0.24568802156585534,21:0.2479780551220535,22:0.49342279772562225,23:0.4403950807133926,24:0.2528739803634311,25:0.7319032200033013,26:0.002857609315162768,27:0.11365718277472259,28:0.5569163885870502,29:0.7560121734050338,30:0.8542101859656083,31:0.7685602303488049,32:0.6171246428083317,33:0.8322769718836884,34:0.1827972586426313,35:0.07139626022315737,36:0.9378201417690515,37:0.39905990876834374,38:0.3768757078634669,39:0.7839677751580657,40:0.14701634886832615} with alpha 6.0 and beta 65.0, percentage 7.8125
The arm 20 has vector {0:0.5806828972887451,1:0.3267306982343511,2:0.62908299854677,3:0.9723581427337351,4:0.825805087119843,5:0.6225236244130733,6:0.8762157779873574,7:0.38233708723445514,8:0.6321397666019435,9:0.4135723052164947,10:0.8669036258954921,11:0.5310942945755871,12:0.4081037459981208,13:0.8302662694485984,14:0.4259117003587668,15:0.7665728592848546,16:0.954144474973763,17:0.6821242243189592,18:0.7967954780521465,19:0.7022828707724148,20:0.4872109868706137,21:0.7273008878179569,22:0.9267242793596421,23:0.3560650683350832,24:0.6810522784033226,25:0.007632742760219524,26:0.5905446861276155,27:0.7140126186236935,28:0.6151098536849899,29:0.2556733764610777,30:0.8574190638172168,31:0.6724292378682745,32:0.3024880291305614,33:0.5619508136415535,34:0.39883613354119096,35:0.19694957500727217,36:0.9104934563582547,37:0.11743312800625849,38:0.7204263362409782,39:0.9452206301080308,40:0.5955254740337378} with alpha 14.0 and beta 103.0, percentage 12.745098039215685
The arm 21 has vector {0:0.5283257734543593,1:0.2634551303843736,2:0.12601715255047885,3:0.4206363669922367,4:0.34886754242164586,5:0.9573318292887882,6:0.5920718286601798,7:0.7088277471220429,8:0.943147645846272,9:0.2968117901388422,10:0.32718488268332324,11:0.5181358150936834,12:0.8631296765949003,13:0.6221777310728178,14:0.999130724505387,15:0.20654394471362203,16:0.993094547970613,17:0.9620525614360814,18:0.2067432980880749,19:0.44904755670147367,20:0.06796560754518077,21:0.6478248483639475,22:0.9788359970875735,23:0.42746387935559105,24:0.10540456557361366,25:0.45123356459799724,26:0.44031149266203196,27:0.5757510353671449,28:0.5898988150309035,29:0.8081699127117208,30:0.1776423797610165,31:0.9176217029806502,32:0.3856526387661432,33:0.7719149851251151,34:0.3303729929326993,35:0.1097342499051378,36:0.49995585858580516,37:0.9274768816420074,38:0.3013977825936466,39:0.18522435204427623,40:0.19842653931760001} with alpha 14.0 and beta 101.0, percentage 13.0
The arm 22 has vector {0:0.08579341543031682,1:0.48193844516613715,2:0.3652289314088819,3:0.9749080335445954,4:0.9222855377685397,5:0.2875716914824844,6:0.9124484192880403,7:0.6117117413141017,8:0.13619496374544893,9:0.03114621942529172,10:0.12764443084122656,11:0.839414716356205,12:0.7192476246983751,13:0.1712165367294618,14:0.6206360063735145,15:0.07712180997368645,16:0.23390303783736888,17:0.2244572506115794,18:0.6712557122119356,19:0.31747842935768766,20:0.26914403056899505,21:0.4340551960258907,22:0.035721043146098364,23:0.8780971094716328,24:0.4169738693666374,25:0.6039406396181473,26:0.08595101279398654,27:0.7345839929673921,28:0.5738629198436646,29:0.974799213782938,30:0.06689716008518032,31:0.3706848517762975,32:0.3788750356791888,33:0.4332160982858594,34:0.6428975352625376,35:0.13545125450746354,36:0.2740235955013306,37:0.5831349070554507,38:0.10663293087577774,39:0.9728730695584044,40:0.42821350845626915} with alpha 3.0 and beta 35.0, percentage 5.88235294117647
The arm 23 has vector {0:0.16717823676170762,1:0.5794847904392622,2:0.11181982786678257,3:0.35259578530483837,4:0.6069164124294109,5:0.9745335666807293,6:0.8089954408723398,7:0.19656167618775788,8:0.96026759185161,9:0.7043629360021759,10:0.05069106516814992,11:0.6638122954199919,12:0.46940794425555776,13:0.6717924923467168,14:0.32824088887374747,15:0.11256332005852299,16:0.9268780208662513,17:0.4225268938231045,18:0.4349463198164534,19:0.2457501358037114,20:0.29400435277429393,21:0.8582255678919906,22:0.9574682774220855,23:0.5185778457870857,24:0.4535765502300303,25:0.29040738567319035,26:0.5042589707722139,27:0.9978286499497627,28:0.418736857180693,29:0.8144303075433915,30:0.36666142962991677,31:0.04748302750420519,32:0.892082523716121,33:0.8701235520014767,34:0.9566957890080122,35:0.7357663608895884,36:0.024640668507328156,37:0.4025368859644316,38:0.6297021756760105,39:0.009691580467538818,40:0.7520056597378084} with alpha 20.0 and beta 128.0, percentage 14.960629921259844
The arm 24 has vector {0:0.6519344616222382,1:0.7411989580394588,2:0.17070566350078775,3:0.37207838331100873,4:0.45133567729582413,5:0.33517571974126625,6:0.46867840230250013,7:0.5284444348065716,8:0.2915240600833312,9:0.034875593500449886,10:0.3438745569968027,11:0.697829206041322,12:0.7288325402270928,13:0.6663860043021953,14:0.47552867204868243,15:0.40420435058438753,16:0.9881281998641193,17:0.7387960705926517,18:0.4324706442226869,19:0.33003442025723506,20:0.8418827145418494,21:0.18171661265663452,22:0.6890141779896924,23:0.9259522777269104,24:0.8343892052974639,25:0.16337188560364557,26:0.6650784617537463,27:0.5512643211041793,28:0.2944759012212259,29:0.06709527263269333,30:0.5476383757237652,31:0.6911218127881122,32:0.2759291893608321,33:0.44364255500315086,34:0.5613521870760158,35:0.9639095300709106,36:0.7936676826323747,37:0.9435097804047865,38:0.12745775806432802,39:0.21029418596674188,40:0.6013222111653777} with alpha 7.0 and beta 69.0, percentage 8.823529411764707
The arm 25 has vector {0:0.9165271154314137,1:0.24370643507041045,2:0.8593165588357952,3:0.9776922076655212,4:0.10117628220786257,5:0.8711162127874663,6:0.5788977252693124,7:0.9199455951330114,8:0.1675653034535629,9:0.8125724013756473,10:0.019844029714950917,11:0.7000541479318575,12:0.45846741118109957,13:0.5753468719016437,14:0.3092276662695326,15:0.22085130525107088,16:0.6030603442244998,17:0.3188881137060483,18:0.480918776707179,19:0.5279377281193626,20:0.824816973721905,21:0.588552890775751,22:0.3272358684043367,23:0.837799657432685,24:0.04137573348851764,25:0.06913455139793334,26:0.48231996472646643,27:0.9919921259982845,28:0.7136900846557915,29:0.038499290908542094,30:0.3555282451653753,31:0.7981295310594997,32:0.09486345473339342,33:0.049523568901368775,34:0.6690378578205273,35:0.14078914029692513,36:0.39881194490384964,37:0.43155953570676775,38:0.621925362193735,39:0.1981326206284303,40:0.651010441620038} with alpha 21.0 and beta 137.0, percentage 14.705882352941178
The arm 26 has vector {0:0.014982782579774478,1:0.9036131037260503,2:0.4403622568271577,3:0.9703305476517835,4:0.46096912768330545,5:0.9403754788944351,6:0.09076752318672898,7:0.533412630149785,8:0.05987233003267245,9:0.3447069248507326,10:0.9289064938669633,11:0.613495196367373,12:0.6088525502292192,13:0.40774468942564734,14:0.6829711717803756,15:0.5740041554870606,16:0.3070450552769637,17:0.04320300860527482,18:0.22126849653342362,19:0.4207158991411095,20:0.9175526003521123,21:0.5786356063772281,22:0.8345230050262061,23:9.503328630511287E-4,24:0.6181987281940339,25:0.5629744629935398,26:0.8148260506989617,27:0.37101387293545796,28:0.8861510639538961,29:0.049528925790314204,30:0.07291120870301215,31:0.5557490374813909,32:0.8858024217808987,33:0.41844139390415547,34:0.2806520348741849,35:0.6902059661856029,36:0.9110378697743654,37:0.726166727954185,38:0.2428012691570638,39:0.9070494056429081,40:0.24728926708797083} with alpha 24.0 and beta 155.0, percentage 14.935064935064934
The arm 27 has vector {0:0.8139676516904996,1:0.5726144647370988,2:0.5534902730138778,3:0.6855081889671591,4:0.7760432660380789,5:0.7986174190093818,6:0.5605514850938889,7:0.9725425486244373,8:0.7224451678597971,9:0.39147827127375867,10:0.5750610397739927,11:0.8578792404763864,12:0.06405209937735956,13:0.2091628274042927,14:0.5725821366102211,15:0.9320109544067708,16:0.8271761829814466,17:0.563971684182952,18:0.7003940038545512,19:0.3033765163747595,20:0.9453640939720916,21:0.44730859358759034,22:0.7243318930740588,23:0.7299805768536809,24:0.20591030780763775,25:0.24340692808681808,26:0.8367110572773037,27:0.07891195811816654,28:0.8574341627308943,29:0.6508387178711919,30:0.6826568943581633,31:0.8610597299851757,32:0.5387848273178016,33:0.5038738348151267,34:0.14525937895506802,35:0.14069877405577647,36:0.4392318459772122,37:0.4158356326830128,38:0.8604612482614739,39:0.7911664461218967,40:0.49759231172584595} with alpha 6.0 and beta 64.0, percentage 7.936507936507936
The arm 28 has vector {0:0.14533635147731472,1:0.3808561492449979,2:0.43139589481642215,3:0.9188772156930535,4:0.5991267536345796,5:0.3321837957875441,6:0.5165324364766971,7:0.9989369375237229,8:0.08077119408326294,9:0.8203771283363019,10:0.7087002043795289,11:0.9260802475384394,12:0.3636533331468865,13:0.6466563784863014,14:0.29708203372865793,15:0.16022840930734028,16:0.7645808065367867,17:0.5267867329932698,18:0.6274498022256473,19:0.34712836638785083,20:0.9629554933266079,21:0.11061523953998886,22:0.08500936670858794,23:0.5924715288642901,24:0.02330281314766136,25:0.9766805720720113,26:0.5837729117296921,27:0.32584875015429393,28:0.5639944456561299,29:0.40203516577767473,30:0.6735627277607942,31:0.1171369275178562,32:0.0021829821103910296,33:0.28572782470681013,34:0.4770315275627154,35:0.8722209273360099,36:0.7015076652822546,37:0.9825785382546033,38:0.6189703815982769,39:0.9962342740256015,40:0.6679578567657405} with alpha 14.0 and beta 105.0, percentage 12.5
The arm 29 has vector {0:0.4648999280697049,1:0.18297430668216796,2:0.0863041733741381,3:0.16976075643735267,4:0.08956703254785037,5:0.23977085994585068,6:0.16594747548979427,7:0.1935391321556178,8:0.862575333328287,9:0.583094796624953,10:0.7370967256534132,11:0.6497985374775137,12:0.09891205702950479,13:0.1893465239870249,14:0.9856742697524467,15:0.203555561082713,16:0.12790703908948997,17:0.45630041688142764,18:0.22778644532941117,19:0.7401613956979681,20:0.84965072833756,21:0.7745138433459886,22:0.15582013985019239,23:0.16934409131957884,24:0.41458067480885474,25:0.0651618395197403,26:0.9637291337614219,27:0.9038959060122117,28:0.5108794823410407,29:0.19013076823862607,30:0.7097987536863639,31:0.7644566260819605,32:0.5959991403872312,33:0.4541648447390345,34:0.2982977565689422,35:0.18818574540417998,36:0.391881808386764,37:0.5945030616308429,38:0.6769370111544328,39:0.12259722975985399,40:0.8875984740882742} with alpha 14.0 and beta 108.0, percentage 12.149532710280374
The arm 30 has vector {0:0.6925560843039086,1:0.6389480803551165,2:0.9415528037810265,3:0.4340200323028821,4:0.7488572420753067,5:0.5567929844065637,6:0.6685203987234208,7:0.6150410245043437,8:0.8855094297868604,9:0.19347034766229387,10:0.813023965630291,11:0.5654825899959004,12:0.11158794953572593,13:0.13696140114506206,14:0.3837210530400432,15:0.5079430819462228,16:0.7402612316496898,17:0.9420530188002929,18:0.8015569352818451,19:0.23600584553141035,20:0.29816781796006675,21:0.2509297321734716,22:0.41699202673735747,23:0.1445382000601696,24:0.8660201344710191,25:0.9217982818166884,26:0.7362580226021258,27:0.3447767343988465,28:0.13374723426252066,29:0.27841767454418453,30:0.2756188240941537,31:0.7068268935801086,32:0.9287067172952931,33:0.9604065104525418,34:0.2181726957194291,35:0.9533311899662029,36:0.13398116296510976,37:0.01215830335547452,38:0.6462731469255223,39:8.156979995566083E-4,40:0.06338214968710543} with alpha 16.0 and beta 115.0, percentage 13.157894736842104
The arm 31 has vector {0:0.43337416933724215,1:0.4169601060244279,2:0.2708099283934685,3:0.9369557717051255,4:0.2548915005121888,5:0.8407016175013643,6:0.4574751545883674,7:0.12887935921360216,8:0.6807867982420074,9:0.7665399918583689,10:0.07995714636152074,11:0.06998201739281207,12:0.17147778364779442,13:0.6666692269930732,14:0.7843053588731461,15:0.5467871700981042,16:0.9532065627300548,17:0.48082062472279774,18:0.7231658122678946,19:0.8149947088077913,20:0.9567842763457486,21:0.7960534717655919,22:0.8923304193104209,23:0.549611705018695,24:0.5030195061884134,25:0.8900516671147429,26:0.8497886089065162,27:0.029736937036914268,28:0.5247354364087888,29:0.43835390724256673,30:0.04442358707085492,31:0.7460648428893458,32:0.012074743321777825,33:0.2646960155128978,34:0.9290386661464459,35:0.030895309691658435,36:0.7883552605085065,37:0.7115332289654545,38:0.13428404657094606,39:0.8778816173295796,40:0.39411718096085013} with alpha 11.0 and beta 98.0, percentage 10.309278350515463
The arm 32 has vector {0:0.8800938706127643,1:0.5337138538104568,2:0.6346876522506387,3:0.18912633656515498,4:0.9340013993144044,5:0.12633773020046812,6:0.7503874910565127,7:0.48230508332623545,8:0.9471183072034507,9:0.2262183914172261,10:0.17062891848446415,11:0.15825656055323611,12:0.2902980307319506,13:0.019058299501213072,14:0.33390397535931926,15:0.8670706025573044,16:0.14308874464757915,17:0.9137494952773559,18:0.04856822716825082,19:0.4864281612228172,20:0.8303490398989329,21:0.09089692082418865,22:0.053011295190375285,23:0.8103842241444212,24:0.5932884668071763,25:0.6619393228714054,26:0.3755736343244247,27:0.2996551393962056,28:0.5515390634111245,29:0.33731809230437493,30:0.8678619815053265,31:0.6569165340133694,32:0.21831851638504318,33:0.39417270145309746,34:0.7206888223288321,35:0.4187984461316071,36:0.6870953936492352,37:0.6671540861273547,38:0.3655376148234116,39:0.41280732232721806,40:0.6473893678314698} with alpha 7.0 and beta 61.0, percentage 10.0
The arm 33 has vector {0:0.02723837810865337,1:0.13338732209850024,2:0.9251091348999702,3:0.2589887935682005,4:0.8929031799621924,5:0.3509976706573754,6:0.8595518209003932,7:0.6965180683107254,8:0.7610313774789356,9:0.30988687449470464,10:0.273318115137387,11:0.5438729215621881,12:0.7823530498368102,13:0.6837148861562867,14:0.7625021527422893,15:0.7795603345604497,16:0.4143053602107235,17:0.8533138802678536,18:0.9264997652476739,19:0.04881627837328617,20:0.27270443977763437,21:0.895631018394692,22:0.177674227266312,23:0.4111079494711891,24:0.717603477920739,25:0.5236819078005202,26:0.07906171397263673,27:0.14232395988352942,28:0.9677260816187233,29:0.21321448305691704,30:0.9447756459992708,31:0.9103544680768783,32:0.821389305510372,33:0.6735363184446969,34:0.6554429814223984,35:0.4233090692468201,36:0.39392282646102417,37:0.16123934628260583,38:0.42008222356227354,39:0.9796425138193814,40:0.46879814855936375} with alpha 6.0 and beta 63.0, percentage 8.064516129032258
The arm 34 has vector {0:0.223475059760729,1:0.5348760055609227,2:0.9850464640891603,3:0.5954330058625014,4:0.7276296778689154,5:0.47521148961349824,6:0.5823861490157766,7:0.664139118481622,8:0.7726154999959765,9:0.3531541007879896,10:0.6469047543187759,11:0.6397140345954732,12:0.5036966994298003,13:0.7262782954366812,14:0.3919793456784897,15:0.1557645771694146,16:0.09112209261766935,17:0.009950270457085741,18:0.20838439570313705,19:0.19407669767980895,20:0.38584255786134813,21:0.9031209840499844,22:0.9064736128743591,23:0.8359618825345715,24:0.7170891791979676,25:0.49462139344737566,26:0.7905557019617871,27:0.5075610725482511,28:0.5402102283068839,29:0.5097258066503768,30:0.5735070343073421,31:0.5174298727541249,32:0.1825318363197561,33:0.8085323892009476,34:0.75797901247705,35:0.7310159265660154,36:0.5999099644659472,37:0.3432610597380038,38:0.17487950056487422,39:0.391519487374684,40:0.9640154789251031} with alpha 13.0 and beta 101.0, percentage 12.0
The arm 35 has vector {0:0.07526528823438416,1:0.03654326283217213,2:0.23763237257894354,3:0.8442841143221231,4:0.5073082266078954,5:0.7421593602261138,6:0.2409845284048453,7:0.018172612715961822,8:0.46146230035257396,9:0.4144387044579463,10:0.5977014950784718,11:0.7696917320139408,12:0.51500012633969,13:0.7012789665774498,14:0.14731683915508886,15:0.6258876810162197,16:0.8875798938950895,17:0.052061870751421435,18:0.21203987160379667,19:0.4032123451325639,20:0.012917919400975197,21:0.6231381266467553,22:0.3886380439647803,23:0.6090399244779947,24:0.5282471475391698,25:0.5857844528538395,26:0.1762130426655173,27:0.163038477110384,28:0.7541314964369107,29:0.2812330967719081,30:0.8170282260036154,31:0.3838240167900995,32:0.7746936579830577,33:0.9162787776237582,34:0.3371224704992677,35:0.9721788762239779,36:0.01442622649036951,37:0.849917221271397,38:0.44518334570644813,39:0.8905622292724455,40:0.9696144563383505} with alpha 4.0 and beta 50.0, percentage 6.122448979591836
The arm 36 has vector {0:0.6147766137316459,1:0.9087657266150155,2:0.7922449246717359,3:0.5110902497491271,4:0.5438661303915083,5:0.18674843514426376,6:0.7939995416437927,7:0.07666193488985384,8:0.9362291899922448,9:0.40023330602629625,10:0.367382830873735,11:0.7542784923560092,12:0.335875607545552,13:0.0061444318543856236,14:0.46574404134626235,15:0.18756574110614432,16:0.8816925093099728,17:0.17077092970705876,18:0.9250220069617572,19:0.6694769069023346,20:0.2182219061760543,21:0.986026240097381,22:0.5338540430154733,23:0.08398294495375225,24:0.7760112059721995,25:0.6433463978320196,26:0.03531380961521935,27:0.2057869836504379,28:0.3982753160775202,29:0.8886934507830083,30:0.8001965431485428,31:0.7706516641621807,32:0.4937242943276776,33:0.9060423247135215,34:0.17082147892576616,35:0.8786788283343419,36:0.15473774667710571,37:0.28793088485291973,38:0.15570862406044073,39:0.4097418486173603,40:0.1544545362302997} with alpha 7.0 and beta 67.0, percentage 9.090909090909092
The arm 37 has vector {0:0.9910490062209166,1:0.6791244745410484,2:0.021796594049678708,3:0.7856683301021221,4:0.09020546174433497,5:0.14653031969067576,6:0.5221749760590324,7:0.9223012766590946,8:0.6932298344242286,9:0.2865594057269931,10:0.7717771209724743,11:0.3716163577075289,12:0.3783543251442001,13:0.15322173970657416,14:0.059250628665921456,15:0.04824985080858968,16:0.787755664840735,17:0.38583520195376086,18:0.9347929084810085,19:0.47208818611135817,20:0.8262769086868896,21:0.7304883097785717,22:0.6516082854671621,23:0.031204767041919212,24:0.9807761349895747,25:0.07399863017228314,26:0.5508524663362745,27:0.38945586604818094,28:0.07014011896519401,29:0.22094418830122742,30:0.45148794573788187,31:0.1072468049515809,32:0.7179034679517712,33:0.34018652891623335,34:0.06050975974676853,35:0.558789998020566,36:0.8106677227757909,37:0.13020605538424757,38:0.7716197558233386,39:0.13512608717795072,40:0.2502261414099918} with alpha 31.0 and beta 192.0, percentage 15.706806282722512
The arm 38 has vector {0:0.865984300075764,1:0.5138037900487407,2:0.35413632040300846,3:0.04568415261275416,4:0.6565174337022752,5:0.8220146452939199,6:0.3061901417020614,7:0.18944974279592086,8:0.09881823890197305,9:0.8651540517734193,10:0.7727705112255416,11:0.10807779495129766,12:0.6409618166481229,13:0.01543245451920483,14:0.8665074138838302,15:0.12268535164317385,16:0.29221834247932776,17:0.9290796764042382,18:0.5784874931964101,19:0.8974084922347773,20:0.82532227652959,21:0.4606793665238659,22:0.281772595123428,23:0.1683285653830674,24:0.4487209765299698,25:0.059283807516345766,26:0.3598417993790096,27:0.5086370454818689,28:0.7152579841641633,29:0.5898465529868057,30:0.47405074527409086,31:6.228604576973273E-4,32:0.3984950972058475,33:0.4369156394068969,34:0.9490634807262807,35:0.3813924322322272,36:0.3951602290057996,37:0.26159848415280107,38:0.15080303066087086,39:0.8365934779846393,40:0.33320629320985784} with alpha 53.0 and beta 300.0, percentage 17.391304347826086
The arm 39 has vector {0:0.9277307602401238,1:0.29840050429635934,2:0.6075021120301852,3:0.06846500034269565,4:0.474696438555247,5:0.8254099252821826,6:0.25957397507597857,7:0.47920060471130377,8:0.21947973800761933,9:0.06907346730269925,10:0.13101433983156152,11:0.3363168786319528,12:0.6515508876242151,13:0.12036476584797118,14:0.12707912804772503,15:0.6581313123390135,16:0.38684721873161587,17:0.7485763300211853,18:0.7349476634726215,19:0.022598030560243787,20:0.788825701633728,21:0.21046379965409034,22:0.3574822604520108,23:0.4315069664517108,24:0.9691040332577867,25:0.9694976299818909,26:0.7288734929242827,27:0.3706465875374736,28:0.5237950802265356,29:0.9354460805451086,30:0.15168061762745055,31:0.39556519988735617,32:0.6477231867490375,33:0.21368598596722066,34:0.6894904847645917,35:0.31121580372048274,36:0.5061989464367002,37:0.6200415690420472,38:0.07616930175789571,39:0.44275417770763714,40:0.3323690739437367} with alpha 15.0 and beta 111.0, percentage 12.727272727272727
The arm 40 has vector {0:0.1390363412071337,1:0.5743040406151209,2:0.7106602112321065,3:0.7202316459155021,4:0.2561156491257698,5:0.45420892437432425,6:0.6418587752821194,7:0.8537373204520174,8:0.7631031745108795,9:0.9890562514545926,10:0.4936920777246805,11:0.7784087905028315,12:0.5459693558133383,13:0.9453584795506237,14:0.21246589737851818,15:0.40821022493701964,16:0.13102125534867004,17:0.19106102132356717,18:0.5091025406400455,19:0.3489313772148872,20:0.564555502054818,21:0.046312387595086046,22:0.8985635146016324,23:0.38713566396176335,24:0.5955280787269708,25:0.8530522213963391,26:0.5624502542195796,27:0.25267664201271356,28:0.5390527625107782,29:0.9797600397820021,30:0.4334150019732803,31:0.9547780709079606,32:0.6981857673843603,33:0.46504370082422797,34:0.3756209497812458,35:0.22089246251554517,36:0.834647622228488,37:0.059266347532923036,38:0.8008361532190935,39:0.4706712343026973,40:0.7493393564248677} with alpha 32.0 and beta 202.0, percentage 15.422885572139302
The arm 41 has vector {0:0.7142782420220514,1:0.7302089797774619,2:0.45824653685315164,3:0.31416276199122684,4:0.38240901358864465,5:0.3329987330175761,6:0.43141102410408727,7:0.9392632282662726,8:0.8739507514220262,9:0.5450907798069679,10:0.19395612740622492,11:0.3895189961400086,12:0.4378359058911656,13:0.3572836078993249,14:0.8957066001194897,15:0.989744559918813,16:0.4661819503281275,17:0.04359465131256701,18:0.299936720955422,19:0.07407148656133611,20:0.688732191604383,21:0.45058419075204514,22:0.11654879562481568,23:0.9224758460572287,24:0.4468779975464491,25:0.6769758238178983,26:0.8579153920973329,27:0.5383724537161948,28:0.4555702268198517,29:0.5694640911283121,30:0.5494687769303042,31:0.14875251481362328,32:0.6686003462716554,33:0.28063699166032685,34:0.8953933864718807,35:0.5131027873229953,36:0.41831536358111454,37:0.40717964399286033,38:0.19963374233337638,39:0.19063279825973523,40:0.8887991942051291} with alpha 8.0 and beta 70.0, percentage 10.144927536231885
The arm 42 has vector {0:0.17430269436281165,1:0.4101619680754529,2:0.9207906298644516,3:0.4450061160502806,4:0.4734411875625131,5:0.643850593689983,6:0.24494768182133897,7:0.028538132016916795,8:0.15538220777369416,9:0.8644997733810057,10:0.4416418472309881,11:0.008594837293715796,12:0.9023488940866202,13:0.4977864262993824,14:0.09914565827525335,15:0.6278107877345758,16:0.5974291900554645,17:0.02069153353061759,18:0.967954883125128,19:0.5799644260607686,20:0.9524738101524794,21:0.3653175164703132,22:0.7174119922211604,23:0.45192559923246656,24:0.13177152799138658,25:0.30151341936437304,26:0.9173853132147158,27:0.028447220178011823,28:0.9079368361901525,29:0.31172155088467124,30:0.06177256284229393,31:0.6665361985693483,32:0.6489462603103596,33:0.7627934951206006,34:0.7466889624547636,35:0.162211813888664,36:0.20697638773831106,37:0.7985683525942912,38:0.0909516078814453,39:0.6118003437237743,40:0.5571805494243233} with alpha 30.0 and beta 183.0, percentage 15.934065934065933
The arm 43 has vector {0:0.9522336429198612,1:0.9694148433329001,2:0.1835443122785616,3:0.04838027304965742,4:0.003609898631645514,5:0.5565674445798351,6:0.6986429524744632,7:0.23120255722241723,8:0.47458017860961954,9:0.6880259882029762,10:0.40386159177313363,11:0.42027456892145953,12:0.7800060919385701,13:0.3371295672524197,14:0.2552437214755491,15:0.0902075334774658,16:0.03478495463486031,17:0.7998504016393015,18:0.8064123433002369,19:0.35080829280250225,20:0.9602238263356759,21:0.667609992634158,22:0.2677149212969411,23:0.7065052301866724,24:0.07027899664674164,25:0.6289450831116165,26:0.2011661117911071,27:0.9705556722737925,28:0.7501073067225289,29:0.690279812909417,30:0.3840560857684363,31:0.36123810848601245,32:0.0843959503944609,33:0.9208095372652788,34:0.24807623063118955,35:0.7934781314529762,36:0.16250228767046915,37:0.2510831301357741,38:0.8466644917535562,39:0.16057464937515742,40:0.7543765872735597} with alpha 3.0 and beta 36.0, percentage 5.714285714285714
The arm 44 has vector {0:0.5307584116246934,1:0.728662664085703,2:0.04518377964780673,3:0.013717521804637145,4:0.20257578731797843,5:0.4597636412703586,6:0.3085426375968725,7:0.08289898089753356,8:0.49800653437287923,9:0.3194132687135419,10:0.42995480835828725,11:0.5963940216276852,12:0.7318080424895855,13:0.5292557666915028,14:0.9995871620101122,15:0.7633242290146535,16:0.7715744236649451,17:0.02657799011794637,18:0.5966245407630629,19:0.5994677437064757,20:0.3239564766079549,21:0.30539888529031123,22:0.44898174410143354,23:0.16943306270645198,24:0.08498545725315054,25:0.9365892613954184,26:0.9419976082452123,27:0.49223923836456074,28:0.4133110254739093,29:0.08577904742316333,30:0.10301556278170465,31:0.5082691409364025,32:0.13260367592726907,33:0.5146021332610703,34:0.7236387940471848,35:0.5553764237974043,36:0.5393949011953848,37:0.6545910043602536,38:0.39054831622603614,39:0.19773207343958699,40:0.2886720888458898} with alpha 12.0 and beta 93.0, percentage 11.956521739130435
The arm 45 has vector {0:0.11107901015082011,1:0.013272088384485015,2:0.6221531414404358,3:0.3684187030865711,4:0.7036453259133452,5:0.26782505097534337,6:0.48080808923589247,7:0.826919987359063,8:0.31080171993435846,9:0.1634375170768817,10:0.9592990000327675,11:0.29277702777096115,12:0.384210315160172,13:0.38213584572284653,14:0.13146230997478892,15:0.5714102943410306,16:0.541295126080848,17:0.5026026368677106,18:0.015319269056926044,19:0.7843380967824517,20:0.27287437160914096,21:0.29679598563565024,22:0.6731451760740521,23:0.9710112666061378,24:0.4056757792908243,25:0.038386880333153406,26:0.2871123657592942,27:0.638463894371156,28:0.995230686872284,29:0.38851309307989756,30:0.1098133562127439,31:0.6621705928291777,32:0.7365178576259758,33:0.2019616334821549,34:0.9044985256171594,35:0.6854560655256385,36:0.6846281164631491,37:0.02831252927295269,38:0.007422476719475601,39:0.034909011859675765,40:0.8913191435865405} with alpha 10.0 and beta 77.0, percentage 11.842105263157894
The arm 46 has vector {0:0.8585272483973992,1:0.25477251684264435,2:0.8458169723475248,3:0.9262949092228511,4:0.4868734609273987,5:0.2926240705690766,6:0.6739726899437513,7:0.7624144513525482,8:0.536680268259126,9:0.14580204895515358,10:0.0329759698840304,11:0.4041829739996784,12:0.7498651606856263,13:0.5415047783345849,14:0.2882126159806744,15:0.0027222821408593445,16:0.28414833770355363,17:0.03347622997991795,18:0.039747082114045984,19:0.8827036698785552,20:0.4336329391536975,21:0.11982614346395681,22:0.008252282598576133,23:0.959235805605728,24:0.9899066504740746,25:0.9171695664725803,26:0.13131725589593457,27:0.43270047167122194,28:0.4383621657698127,29:0.5243771324118404,30:0.3357119015073686,31:0.7099126829140491,32:0.5669099326957029,33:0.8494567598344418,34:0.4666310558221751,35:0.06396579596778906,36:0.6833666717436304,37:0.34167041413154275,38:0.20162470403585775,39:0.5360398220220163,40:0.6665426834043506} with alpha 24.0 and beta 162.0, percentage 14.285714285714285
The arm 47 has vector {0:0.6980316576924933,1:0.8679407366220598,2:0.2814759068746392,3:0.14306765737134208,4:0.06700271490443166,5:0.25676894235894665,6:0.3330323535727423,7:0.7895262049851006,8:0.6472276946800479,9:0.33019751721121815,10:0.2138480072538742,11:0.6566096610770015,12:0.7793768844895634,13:0.03500220061120163,14:0.6084502625283201,15:0.16451530874856435,16:0.11420166637847551,17:0.9150561157540438,18:0.10409918802283347,19:0.2211199457190377,20:0.36569102520150853,21:0.2725243537020632,22:0.6127743849240835,23:0.1557237764691235,24:0.8047633733302306,25:0.12690312702125195,26:0.45362633924948015,27:0.6886874721013292,28:0.5905364890044837,29:0.7402076437804732,30:0.8715561383073983,31:0.3391559835803504,32:0.5704725749898479,33:0.10436620025655474,34:0.5517651687303761,35:0.3845768770755512,36:0.6253748505118536,37:0.7394598642669835,38:0.33258394029651495,39:0.9072665949103892,40:0.8659375128668744} with alpha 40.0 and beta 224.0, percentage 17.48878923766816
The arm 48 has vector {0:0.8843289561762597,1:0.19750540953086115,2:0.30600982108765773,3:0.8673598817607985,4:0.013740629080706501,5:0.7781655522811536,6:0.8089934939239463,7:0.16803736192413998,8:0.6244773120595835,9:0.37712284088455805,10:0.573755698766849,11:0.5928066357265924,12:0.1596677024516998,13:0.7190918200242246,14:0.5249459475209332,15:0.588487159938964,16:0.7634299524979263,17:0.19226538574605623,18:0.6340817871790548,19:0.19406545710653877,20:0.48917164748971886,21:0.5742396370151434,22:0.1369197432933088,23:0.15271339174618115,24:0.35356085760283773,25:0.7398937175530717,26:0.28101055286558274,27:0.7265469998150786,28:0.6714461557881599,29:0.5651913897198966,30:0.37725925564225915,31:0.6069634559415382,32:0.13711327312760546,33:0.6869571106084316,34:0.5046105644179438,35:0.1065980622621504,36:0.9841841198540393,37:0.0196474694962665,38:0.41925167855517165,39:0.35933546827946294,40:0.7003707413947845} with alpha 19.0 and beta 122.0, percentage 14.87603305785124
The arm 49 has vector {0:0.12249250032908654,1:0.8888052054494964,2:0.1535057694098383,3:0.8372210779963818,4:0.44646190741647507,5:0.5303544582284456,6:0.0023811292782994764,7:0.19454629905966359,8:0.1893852881275826,9:0.5569989055937481,10:0.08363903004856821,11:0.29889964783491896,12:0.5247360392527654,13:0.27745339956168025,14:0.1373033626275384,15:0.9094859172030318,16:0.3633588451015939,17:0.9271934437652775,18:0.33671313963853067,19:0.9250347721761685,20:0.300662798864207,21:0.05999594464410518,22:0.6938849539083368,23:0.42998156801654397,24:0.7794517947958682,25:0.40060244544779977,26:0.9216962497437141,27:0.37859088718010203,28:0.4328282103692124,29:0.24786198210717547,30:0.7832767123296966,31:0.13881160352169686,32:0.7847851804173293,33:0.006906406128534992,34:0.6481762846995911,35:0.4485107321385754,36:0.7547642833583367,37:0.9891648952453751,38:0.6558704804807047,39:0.6838824811984725,40:0.28114846995498277} with alpha 9.0 and beta 80.0, percentage 10.126582278481013
The best arm is 18 with vector {0:0.2769087552243785,1:0.64468495867622,2:0.6111806829285888,3:0.9084548330065996,4:0.2728853282802848,5:0.5602664019079052,6:0.5338087377981223,7:0.39842792433563556,8:0.9465719658334117,9:0.9000576729371355,10:0.7429819619463485,11:0.6486178074511653,12:0.9936350995518706,13:0.4412915529696506,14:0.7304881235764997,15:0.6618222868948975,16:0.3118648881644125,17:0.7164222791847689,18:0.5329346397436069,19:0.5571282342045305,20:0.3506695031500413,21:0.4962037251547241,22:0.7042715138989526,23:0.9904692390265194,24:0.7887513530074467,25:0.8987070876547124,26:0.31020340491943077,27:0.05391549735157686,28:0.12461388866951062,29:0.34278067829943726,30:0.033683810062816955,31:0.5547632370662883,32:0.7483265318779797,33:0.04775032091037701,34:0.6314378273454642,35:0.1475369511273743,36:0.1627250107202074,37:0.48355245179916073,38:0.27099627668337156,39:0.5871507609858001,40:0.028774260227293236} with alpha 52.0 and beta 289.0, percentage 17.708333333333336
The right guesses are: 855 which means 13.94097505299201% correct
Done
The current arm is 18 with vector {0:0.2769087552243785,1:0.64468495867622,2:0.6111806829285888,3:0.9084548330065996,4:0.2728853282802848,5:0.5602664019079052,6:0.5338087377981223,7:0.39842792433563556,8:0.9465719658334117,9:0.9000576729371355,10:0.7429819619463485,11:0.6486178074511653,12:0.9936350995518706,13:0.4412915529696506,14:0.7304881235764997,15:0.6618222868948975,16:0.3118648881644125,17:0.7164222791847689,18:0.5329346397436069,19:0.5571282342045305,20:0.3506695031500413,21:0.4962037251547241,22:0.7042715138989526,23:0.9904692390265194,24:0.7887513530074467,25:0.8987070876547124,26:0.31020340491943077,27:0.05391549735157686,28:0.12461388866951062,29:0.34278067829943726,30:0.033683810062816955,31:0.5547632370662883,32:0.7483265318779797,33:0.04775032091037701,34:0.6314378273454642,35:0.1475369511273743,36:0.1627250107202074,37:0.48355245179916073,38:0.27099627668337156,39:0.5871507609858001,40:0.028774260227293236} with alpha 82.0 and beta 663.0
The order information:
Date: 2012-05-09T17:07:05.000+02:00
It predicted these items for order 1778911 :
   31560 with score of 557.129449865572
   752 with score of 259.8770124115601
   27900 with score of 202.85651208476023
   748 with score of 187.36562649552707
   20430 with score of 179.57891546260208
   5003 with score of 169.8594917397197
   21714 with score of 164.6734415223325
   11832 with score of 149.16752997094943
   27576 with score of 143.41047831064782
   31553 with score of 137.98391429678205
These are the actual items bought: 
   11832
   30233
The current arm is 18 with vector {0:0.2769087552243785,1:0.64468495867622,2:0.6111806829285888,3:0.9084548330065996,4:0.2728853282802848,5:0.5602664019079052,6:0.5338087377981223,7:0.39842792433563556,8:0.9465719658334117,9:0.9000576729371355,10:0.7429819619463485,11:0.6486178074511653,12:0.9936350995518706,13:0.4412915529696506,14:0.7304881235764997,15:0.6618222868948975,16:0.3118648881644125,17:0.7164222791847689,18:0.5329346397436069,19:0.5571282342045305,20:0.3506695031500413,21:0.4962037251547241,22:0.7042715138989526,23:0.9904692390265194,24:0.7887513530074467,25:0.8987070876547124,26:0.31020340491943077,27:0.05391549735157686,28:0.12461388866951062,29:0.34278067829943726,30:0.033683810062816955,31:0.5547632370662883,32:0.7483265318779797,33:0.04775032091037701,34:0.6314378273454642,35:0.1475369511273743,36:0.1627250107202074,37:0.48355245179916073,38:0.27099627668337156,39:0.5871507609858001,40:0.028774260227293236} with alpha 229.0 and beta 1663.0
The order information:
Date: 2012-05-10T17:54:43.000+02:00
It predicted these items for order 1779917 :
   31560 with score of 557.4509549589706
   752 with score of 273.03754242761835
   27900 with score of 201.37639595233338
   748 with score of 197.70638495379154
   20430 with score of 177.69389477266242
   5003 with score of 177.1543717660083
   21714 with score of 171.56095179320576
   29669 with score of 150.3979847071061
   11832 with score of 147.53252899849014
   27576 with score of 146.16608738498027
These are the actual items bought: 
   30342
   23374
   32289
The current arm is 18 with vector {0:0.2769087552243785,1:0.64468495867622,2:0.6111806829285888,3:0.9084548330065996,4:0.2728853282802848,5:0.5602664019079052,6:0.5338087377981223,7:0.39842792433563556,8:0.9465719658334117,9:0.9000576729371355,10:0.7429819619463485,11:0.6486178074511653,12:0.9936350995518706,13:0.4412915529696506,14:0.7304881235764997,15:0.6618222868948975,16:0.3118648881644125,17:0.7164222791847689,18:0.5329346397436069,19:0.5571282342045305,20:0.3506695031500413,21:0.4962037251547241,22:0.7042715138989526,23:0.9904692390265194,24:0.7887513530074467,25:0.8987070876547124,26:0.31020340491943077,27:0.05391549735157686,28:0.12461388866951062,29:0.34278067829943726,30:0.033683810062816955,31:0.5547632370662883,32:0.7483265318779797,33:0.04775032091037701,34:0.6314378273454642,35:0.1475369511273743,36:0.1627250107202074,37:0.48355245179916073,38:0.27099627668337156,39:0.5871507609858001,40:0.028774260227293236} with alpha 377.0 and beta 2663.0
The order information:
Date: 2012-05-11T22:39:32.000+02:00
It predicted these items for order 1780921 :
   31560 with score of 528.7445245467117
   752 with score of 275.2933205996928
   748 with score of 242.4579102856685
   27900 with score of 188.73822149079245
   20430 with score of 180.10685515210133
   21714 with score of 168.76119435264354
   5003 with score of 163.53937310892846
   29669 with score of 159.98491267283552
   27576 with score of 152.55681286383626
   11832 with score of 141.27196090936218
These are the actual items bought: 
   31776
The current arm is 18 with vector {0:0.2769087552243785,1:0.64468495867622,2:0.6111806829285888,3:0.9084548330065996,4:0.2728853282802848,5:0.5602664019079052,6:0.5338087377981223,7:0.39842792433563556,8:0.9465719658334117,9:0.9000576729371355,10:0.7429819619463485,11:0.6486178074511653,12:0.9936350995518706,13:0.4412915529696506,14:0.7304881235764997,15:0.6618222868948975,16:0.3118648881644125,17:0.7164222791847689,18:0.5329346397436069,19:0.5571282342045305,20:0.3506695031500413,21:0.4962037251547241,22:0.7042715138989526,23:0.9904692390265194,24:0.7887513530074467,25:0.8987070876547124,26:0.31020340491943077,27:0.05391549735157686,28:0.12461388866951062,29:0.34278067829943726,30:0.033683810062816955,31:0.5547632370662883,32:0.7483265318779797,33:0.04775032091037701,34:0.6314378273454642,35:0.1475369511273743,36:0.1627250107202074,37:0.48355245179916073,38:0.27099627668337156,39:0.5871507609858001,40:0.028774260227293236} with alpha 540.0 and beta 3663.0
The order information:
Date: 2012-05-13T15:53:25.000+02:00
It predicted these items for order 1781930 :
   31560 with score of 492.25920238060365
   752 with score of 272.6051891484934
   748 with score of 264.7088192421717
   21714 with score of 184.5905435108668
   20430 with score of 182.50655981228186
   5003 with score of 180.7064751885323
   27900 with score of 175.33318956704528
   29669 with score of 160.4066995045297
   27576 with score of 155.3457055478295
   23467 with score of 139.24727009213973
These are the actual items bought: 
   2084
   29003
   31950
   20990
   31940
   30573
   20678
   30195
   25363
   27900
The current arm is 18 with vector {0:0.2769087552243785,1:0.64468495867622,2:0.6111806829285888,3:0.9084548330065996,4:0.2728853282802848,5:0.5602664019079052,6:0.5338087377981223,7:0.39842792433563556,8:0.9465719658334117,9:0.9000576729371355,10:0.7429819619463485,11:0.6486178074511653,12:0.9936350995518706,13:0.4412915529696506,14:0.7304881235764997,15:0.6618222868948975,16:0.3118648881644125,17:0.7164222791847689,18:0.5329346397436069,19:0.5571282342045305,20:0.3506695031500413,21:0.4962037251547241,22:0.7042715138989526,23:0.9904692390265194,24:0.7887513530074467,25:0.8987070876547124,26:0.31020340491943077,27:0.05391549735157686,28:0.12461388866951062,29:0.34278067829943726,30:0.033683810062816955,31:0.5547632370662883,32:0.7483265318779797,33:0.04775032091037701,34:0.6314378273454642,35:0.1475369511273743,36:0.1627250107202074,37:0.48355245179916073,38:0.27099627668337156,39:0.5871507609858001,40:0.028774260227293236} with alpha 689.0 and beta 4663.0
The order information:
Date: 2012-05-14T16:46:54.000+02:00
It predicted these items for order 1782931 :
   31560 with score of 487.0558439289888
   748 with score of 293.4753862594019
   752 with score of 268.17589416003466
   21714 with score of 185.3823824534387
   5003 with score of 183.36895266706802
   20430 with score of 179.1908347513153
   27900 with score of 174.15755844270254
   27576 with score of 173.3004196077498
   29669 with score of 159.99854354425338
   31553 with score of 151.45245368867032
These are the actual items bought: 
   32564
The current arm is 18 with vector {0:0.2769087552243785,1:0.64468495867622,2:0.6111806829285888,3:0.9084548330065996,4:0.2728853282802848,5:0.5602664019079052,6:0.5338087377981223,7:0.39842792433563556,8:0.9465719658334117,9:0.9000576729371355,10:0.7429819619463485,11:0.6486178074511653,12:0.9936350995518706,13:0.4412915529696506,14:0.7304881235764997,15:0.6618222868948975,16:0.3118648881644125,17:0.7164222791847689,18:0.5329346397436069,19:0.5571282342045305,20:0.3506695031500413,21:0.4962037251547241,22:0.7042715138989526,23:0.9904692390265194,24:0.7887513530074467,25:0.8987070876547124,26:0.31020340491943077,27:0.05391549735157686,28:0.12461388866951062,29:0.34278067829943726,30:0.033683810062816955,31:0.5547632370662883,32:0.7483265318779797,33:0.04775032091037701,34:0.6314378273454642,35:0.1475369511273743,36:0.1627250107202074,37:0.48355245179916073,38:0.27099627668337156,39:0.5871507609858001,40:0.028774260227293236} with alpha 790.0 and beta 5663.0
The order information:
Date: 2012-05-15T15:02:20.000+02:00
It predicted these items for order 1783936 :
   31560 with score of 477.17633559290624
   748 with score of 305.58166629242197
   752 with score of 250.68779784438277
   27576 with score of 189.1403740693076
   5003 with score of 187.75216731902947
   21714 with score of 186.44221592565475
   20430 with score of 172.66506258122453
   27900 with score of 165.24130059223378
   29669 with score of 159.0669747563374
   23467 with score of 149.87081419681874
These are the actual items bought: 
   12096
The arm 18 has vector {0:0.2769087552243785,1:0.64468495867622,2:0.6111806829285888,3:0.9084548330065996,4:0.2728853282802848,5:0.5602664019079052,6:0.5338087377981223,7:0.39842792433563556,8:0.9465719658334117,9:0.9000576729371355,10:0.7429819619463485,11:0.6486178074511653,12:0.9936350995518706,13:0.4412915529696506,14:0.7304881235764997,15:0.6618222868948975,16:0.3118648881644125,17:0.7164222791847689,18:0.5329346397436069,19:0.5571282342045305,20:0.3506695031500413,21:0.4962037251547241,22:0.7042715138989526,23:0.9904692390265194,24:0.7887513530074467,25:0.8987070876547124,26:0.31020340491943077,27:0.05391549735157686,28:0.12461388866951062,29:0.34278067829943726,30:0.033683810062816955,31:0.5547632370662883,32:0.7483265318779797,33:0.04775032091037701,34:0.6314378273454642,35:0.1475369511273743,36:0.1627250107202074,37:0.48355245179916073,38:0.27099627668337156,39:0.5871507609858001,40:0.028774260227293236} with alpha 844.0 and beta 6134.0, percentage 13.74531224523072
The best arm is 18 with vector {0:0.2769087552243785,1:0.64468495867622,2:0.6111806829285888,3:0.9084548330065996,4:0.2728853282802848,5:0.5602664019079052,6:0.5338087377981223,7:0.39842792433563556,8:0.9465719658334117,9:0.9000576729371355,10:0.7429819619463485,11:0.6486178074511653,12:0.9936350995518706,13:0.4412915529696506,14:0.7304881235764997,15:0.6618222868948975,16:0.3118648881644125,17:0.7164222791847689,18:0.5329346397436069,19:0.5571282342045305,20:0.3506695031500413,21:0.4962037251547241,22:0.7042715138989526,23:0.9904692390265194,24:0.7887513530074467,25:0.8987070876547124,26:0.31020340491943077,27:0.05391549735157686,28:0.12461388866951062,29:0.34278067829943726,30:0.033683810062816955,31:0.5547632370662883,32:0.7483265318779797,33:0.04775032091037701,34:0.6314378273454642,35:0.1475369511273743,36:0.1627250107202074,37:0.48355245179916073,38:0.27099627668337156,39:0.5871507609858001,40:0.028774260227293236} with alpha 844.0 and beta 6134.0, percentage 13.74531224523072
The right guesses are: 843 which means 13.74531224523072% correct
Done
475
