Items: 31014,2,2012-03-22 09:35:15.730000000,2013-01-31 22:08:19.360000000,0,0000000000000000000000000000000000000000000000000000000000000000000000000000000000000000000010000000000000000000000000000000000000000000000000000000000000000000000000000000000000000000000000000000000000000000000000000000000000000000000000000000000000000000
Items: 16065,3,2010-10-12 09:05:28.623000000,2011-10-19 12:41:59.293000000,0,0000000000000000000000000000000000000000000000000000000000000000000000000000000000000000000100000000000000000000000000000000000000000000000000000000000000000000000000000000000000000000000000000000000000000000000000000000000000000000000000000000000000000000
Items: 2897,1,2010-07-28 15:55:07.423000000,2013-07-15 05:02:15.650000000,0,0000000000000000000000000000000000000000000000000000000000000000000000000000000000000000000100000000000000000000000000000000000000000000000000000000000000000000000000000000000000000000000000000000000000000000000000000000000000000000000000000000000000000000
Users: 46671,2009-07-31 17:52:05.423000000,45238,,0
Users: 117404,2012-02-11 18:20:17.737000000,30295,1989-02-13 00:00:00,1
Users: 185087,2009-07-31 19:48:45.310000000,54234,1986-06-04 00:00:00,1
Users: 242612,2011-12-03 21:34:16.640000000,90627,1990-07-23 00:00:00,2
Users: 294436,2011-03-16 09:05:23.647000000,72233,1994-04-25 00:00:00,1
Users: 345704,2011-11-11 20:55:14.437000000,68600,1994-06-05 00:00:00,2
Users: 399809,2012-09-17 14:43:42.033000000,44491,1997-12-12 00:00:00,1
Users: 455390,2012-12-20 16:02:28.573000000,3274,1978-06-02 00:00:00,2
Users: 525182,2013-07-28 12:33:53.590000000,53372,1990-06-17 00:00:00,0
Orders: 35022,1033356,1457,2009-10-18 21:46:53.347000000
Orders: 214698,1082559,614,2010-01-24 20:16:55.153000000
Orders: 226305,1122161,1501,2010-03-20 16:23:03.950000000
Orders: 46541,1167569,11120,2010-05-26 12:55:02.417000000
Orders: 75824,1208142,11119,2010-07-27 23:14:48.377000000
Orders: 13287,1248778,12826,2010-09-21 21:56:27.157000000
Orders: 272654,1296031,653,2010-12-01 18:41:36.730000000
Orders: 285359,1344258,18628,2011-01-28 14:59:09.743000000
Orders: 157456,1388262,18371,2011-03-17 11:46:02.120000000
Orders: 307265,1432210,758,2011-04-29 21:28:48.340000000
Orders: 271030,1473349,21803,2011-06-14 15:24:35.467000000
Orders: 275827,1511037,21829,2011-07-28 21:58:50.970000000
Orders: 62527,1550712,24845,2011-09-10 18:44:47.023000000
Orders: 293365,1597283,27523,2011-11-12 08:21:31.203000000
Orders: 158173,1649466,24361,2011-12-28 14:06:54.430000000
Orders: 371623,1691322,28947,2012-01-31 15:54:20.570000000
Orders: 151193,1739094,2144,2012-03-22 17:02:48.527000000
Orders: 71320,1784958,7874,2012-05-16 17:00:59.817000000
Orders: 287161,1827735,20480,2012-06-29 22:23:24.193000000
Orders: 271514,1866722,31203,2012-08-11 21:38:56.863000000
Orders: 428803,1915657,35460,2012-10-09 20:15:44.210000000
Orders: 444954,1966435,29677,2012-12-01 22:51:49.073000000
Orders: 460415,2018674,31695,2013-01-07 22:20:30.543000000
Orders: 381441,2066329,35170,2013-02-19 22:08:16.833000000
Orders: 485606,2112774,39306,2013-03-26 15:04:37.277000000
Orders: 423890,2161061,11304,2013-05-03 09:35:38.190000000
Orders: 314770,2207605,26096,2013-06-05 19:04:54.837000000
Orders: 287308,2249841,40450,2013-07-13 20:23:09.463000000
Orders: 255027,2289235,33612,2013-08-13 17:15:05.073000000
Orders: 466261,2331294,43871,2013-09-15 21:02:00.180000000
Orders: 446724,2379393,448,2013-11-01 19:20:53.627000000

Startup information:
First order in training stage: 100000
First order in evaluation stage: 101000
Last order in evaluation stage: 107133

Number of orders in training stage: 1000
Number of orders in evaluation stage: 6133

The current arm is 43 with vector {0:0.5894751684230354,1:0.3946279140335668,2:0.252875933065708,3:0.015266696107307909,4:0.010475868634033603,5:0.7445559463460555} with alpha 1.0 and beta 1.0
The order information:
Date: 2010-02-23T15:01:23.000+01:00
It predicted these items for order 1102153 :
   334 with score of 1.3492978108763989
   356 with score of 1.3492978108763989
   558 with score of 1.3492978108763989
   765 with score of 1.3492978108763989
   1362 with score of 1.3492978108763989
   1667 with score of 1.3492978108763989
   1728 with score of 1.3492978108763989
   2229 with score of 1.3492978108763989
   2318 with score of 1.3492978108763989
   2794 with score of 1.3492978108763989
These are the actual items bought: 
   1197
   303
The current arm is 13 with vector {0:0.6572394395831876,1:0.8484104362566377,2:0.6157430974913191,3:0.21638044488067243,4:0.9401885601250224,5:0.8620241537249083} with alpha 9.0 and beta 24.0
The order information:
Date: 2010-02-23T22:59:25.000+01:00
It predicted these items for order 1103153 :
   816 with score of 1.7356440381887683
   1468 with score of 1.7356440381887683
   1895 with score of 1.7356440381887683
   3000 with score of 1.7356440381887683
   3323 with score of 1.7356440381887683
   4214 with score of 1.7356440381887683
   4256 with score of 1.7356440381887683
   4724 with score of 1.7356440381887683
   5133 with score of 1.7356440381887683
   5526 with score of 1.7356440381887683
These are the actual items bought: 
   709
The current arm is 2 with vector {0:0.8930954939947343,1:0.9413013587676675,2:0.09666357404270243,3:0.6453388114879213,4:0.8135848705476094,5:0.36046758531621703} with alpha 3.0 and beta 24.0
The order information:
Date: 2010-02-24T13:47:47.000+01:00
It predicted these items for order 1104153 :
   975 with score of 2.067147949858561
   3293 with score of 2.067147949858561
   5055 with score of 2.067147949858561
   3289 with score of 1.7787738816055874
   5367 with score of 1.751738812706871
   1242 with score of 1.746732318466368
   3224 with score of 1.7446243208914194
   4296 with score of 1.7164227317130525
   6097 with score of 1.7152629260974919
   652 with score of 1.714872809663167
These are the actual items bought: 
   4296
   178
   652
   3327
   652
   4737
   5025
   1480
The current arm is 13 with vector {0:0.6572394395831876,1:0.8484104362566377,2:0.6157430974913191,3:0.21638044488067243,4:0.9401885601250224,5:0.8620241537249083} with alpha 18.0 and beta 90.0
The order information:
Date: 2010-02-24T19:50:06.000+01:00
It predicted these items for order 1105154 :
   2482 with score of 1.7356440381887683
   3472 with score of 1.7356440381887683
   4851 with score of 1.7356440381887683
   2346 with score of 1.519263593308096
   555 with score of 1.3046319613263142
   2616 with score of 1.3046319613263142
   3430 with score of 1.3046319613263142
   3492 with score of 1.3046319613263142
   7149 with score of 1.3046319613263142
   3847 with score of 1.1609612690388293
These are the actual items bought: 
   555
   695
The current arm is 3 with vector {0:0.855722547917707,1:0.3576155530706925,2:0.579214768359313,3:0.13269436584456284,4:0.6069234628095145,5:0.07228679488238965} with alpha 15.0 and beta 92.0
The order information:
Date: 2010-02-25T00:24:21.000+01:00
It predicted these items for order 1106156 :
   1677 with score of 1.0607037086446596
   1910 with score of 1.0607037086446596
   2542 with score of 1.0607037086446596
   2805 with score of 1.0607037086446596
   3353 with score of 1.0607037086446596
   4183 with score of 1.0607037086446596
   4723 with score of 1.0607037086446596
   4889 with score of 1.0607037086446596
   5229 with score of 1.0607037086446596
   5364 with score of 1.0607037086446596
These are the actual items bought: 
   1325
   600
   6508
   2816
The current arm is 17 with vector {0:0.492406876688837,1:0.25457485792049506,2:0.48105802545267184,3:0.4101883728659176,4:0.7914728429341312,5:0.26282529518835474} with alpha 11.0 and beta 84.0
The order information:
Date: 2010-02-25T19:49:08.000+01:00
It predicted these items for order 1107156 :
   904 with score of 1.5467050148113228
   6803 with score of 1.5467050148113228
   2711 with score of 1.4678574262548163
   2934 with score of 1.4340656025877423
   1283 with score of 1.4152923672171456
   2719 with score of 1.4152923672171456
   683 with score of 1.3714881513524197
   1066 with score of 1.3714881513524197
   5803 with score of 1.3714881513524197
   1068 with score of 1.3495860434200568
These are the actual items bought: 
   683
   670
The current arm is 31 with vector {0:0.6051724363471294,1:0.4191591970518598,2:0.5474746314842179,3:0.36451778480005326,4:0.9386083856404597,5:0.814952373915488} with alpha 18.0 and beta 141.0
The order information:
Date: 2010-02-26T12:11:04.000+01:00
It predicted these items for order 1108156 :
   2370 with score of 1.7846425950626705
   2589 with score of 1.7846425950626705
   3719 with score of 1.7846425950626705
   4409 with score of 1.7846425950626705
   5724 with score of 1.7846425950626705
   6182 with score of 1.7846425950626705
   1335 with score of 1.5809045015837988
   1434 with score of 1.5809045015837988
   2371 with score of 1.5517990596582454
   3244 with score of 1.512991803757508
These are the actual items bought: 
   5632
   2036
The arm 0 has vector {0:0.7212114136193718,1:0.19588611084992447,2:0.2721560656450621,3:0.36977106490234746,4:0.3490882092191816,5:0.7231723210207625} with alpha 20.0 and beta 152.0, percentage 11.176470588235295
The arm 1 has vector {0:0.10005849490296093,1:0.08441529516109014,2:0.44302092883979505,3:0.20406719322556888,4:0.4004432391691255,5:0.6959328914625432} with alpha 8.0 and beta 79.0, percentage 8.235294117647058
The arm 2 has vector {0:0.8930954939947343,1:0.9413013587676675,2:0.09666357404270243,3:0.6453388114879213,4:0.8135848705476094,5:0.36046758531621703} with alpha 13.0 and beta 106.0, percentage 10.256410256410255
The arm 3 has vector {0:0.855722547917707,1:0.3576155530706925,2:0.579214768359313,3:0.13269436584456284,4:0.6069234628095145,5:0.07228679488238965} with alpha 15.0 and beta 125.0, percentage 10.144927536231885
The arm 4 has vector {0:0.9793638926917799,1:0.02258938769466967,2:0.47961613635392786,3:0.7872297960456758,4:0.753326376073049,5:0.5840049489184949} with alpha 7.0 and beta 71.0, percentage 7.894736842105263
The arm 5 has vector {0:0.30101748562373387,1:0.484457885914372,2:0.01143631852604976,3:0.2692880548967581,4:0.04469850220434479,5:0.22785383639232137} with alpha 28.0 and beta 190.0, percentage 12.5
The arm 6 has vector {0:0.5227416349541391,1:0.17674020595965723,2:0.6451991305887145,3:0.7598719161080877,4:0.8542947350248715,5:0.48416792489962845} with alpha 18.0 and beta 141.0, percentage 10.828025477707007
The arm 7 has vector {0:0.6408858295062859,1:0.08550254078874553,2:0.8413262520964597,3:0.3369537398087331,4:0.13770932356706833,5:0.08606903075280992} with alpha 11.0 and beta 96.0, percentage 9.523809523809524
The arm 8 has vector {0:0.11520626704344028,1:0.2564495543823472,2:0.6209256127312904,3:0.07854715347078955,4:0.8337670235344852,5:0.4759326542503276} with alpha 9.0 and beta 84.0, percentage 8.791208791208792
The arm 9 has vector {0:0.07151568776476003,1:0.08441405502183985,2:0.7669831864177858,3:0.5718272309743931,4:0.4668900922299072,5:0.5766295259966944} with alpha 16.0 and beta 127.0, percentage 10.638297872340425
The arm 10 has vector {0:0.5671053438708863,1:0.24609233029876731,2:0.7009615235212037,3:0.29798822319017315,4:0.18713067142166995,5:0.4301039159127399} with alpha 19.0 and beta 145.0, percentage 11.11111111111111
The arm 11 has vector {0:0.6909894239345977,1:0.7623563984812924,2:0.4409743151051766,3:0.6638370561983321,4:0.4714063190813289,5:0.3116658244912204} with alpha 5.0 and beta 53.0, percentage 7.142857142857142
The arm 12 has vector {0:0.9431022639783856,1:0.7421808327785371,2:0.1542418531935872,3:0.4564283682315463,4:0.40407643625278533,5:0.29756467537080256} with alpha 11.0 and beta 92.0, percentage 9.900990099009901
The arm 13 has vector {0:0.6572394395831876,1:0.8484104362566377,2:0.6157430974913191,3:0.21638044488067243,4:0.9401885601250224,5:0.8620241537249083} with alpha 24.0 and beta 180.0, percentage 11.386138613861387
The arm 14 has vector {0:0.8979352753830777,1:0.273246230299669,2:0.5231530938009116,3:0.6563232218330263,4:0.8784604495379174,5:0.9887854961895098} with alpha 17.0 and beta 129.0, percentage 11.11111111111111
The arm 15 has vector {0:0.5521078564861488,1:0.4708139735246015,2:0.7341697402316062,3:0.982838549043185,4:0.8622984167656805,5:0.5151028288163098} with alpha 1.0 and beta 29.0, percentage 0.0
The arm 16 has vector {0:0.7362496612922329,1:0.05927021600149707,2:0.2336865712630518,3:0.39208001290545014,4:0.4550614561845241,5:0.43062898073745504} with alpha 23.0 and beta 164.0, percentage 11.891891891891893
The arm 17 has vector {0:0.492406876688837,1:0.25457485792049506,2:0.48105802545267184,3:0.4101883728659176,4:0.7914728429341312,5:0.26282529518835474} with alpha 13.0 and beta 106.0, percentage 10.256410256410255
The arm 18 has vector {0:0.19777071847166294,1:0.21603965507017486,2:0.5814325438468525,3:0.8157038799849956,4:0.41977966792225807,5:0.984932331786571} with alpha 12.0 and beta 99.0, percentage 10.091743119266056
The arm 19 has vector {0:0.5925273109890636,1:0.418655435396841,2:0.1272629751434402,3:0.5816151083189623,4:0.038125218841911335,5:0.7366826615832349} with alpha 9.0 and beta 82.0, percentage 8.98876404494382
The arm 20 has vector {0:0.5303499737731747,1:0.8741772723273863,2:0.8277521565832616,3:0.4784408305781761,4:0.644091161467058,5:0.9728861044823995} with alpha 10.0 and beta 90.0, percentage 9.183673469387756
The arm 21 has vector {0:0.6088464873549513,1:0.3004253253044271,2:0.5330594937251538,3:0.601022618849793,4:0.07227874918551136,5:0.622547251974732} with alpha 15.0 and beta 130.0, percentage 9.79020979020979
The arm 22 has vector {0:0.6032261372369873,1:0.8375506346105371,2:0.018373679905771434,3:0.33108905638490416,4:0.7194858244310972,5:0.24533496888713224} with alpha 13.0 and beta 110.0, percentage 9.917355371900827
The arm 23 has vector {0:0.5166069682215353,1:0.556719736870342,2:0.11592131758676882,3:0.6778860081681221,4:0.13856925174803147,5:0.30224639595592595} with alpha 9.0 and beta 82.0, percentage 8.98876404494382
The arm 24 has vector {0:0.6686363604278004,1:0.10720146175696399,2:0.7309957861012284,3:0.6195251853829015,4:0.9980588008194708,5:0.0995169258710108} with alpha 9.0 and beta 88.0, percentage 8.421052631578947
The arm 25 has vector {0:0.8456821424389986,1:0.076753601252876,2:0.3501762502158412,3:0.8771187489332667,4:0.6393972837202057,5:0.7877430309985691} with alpha 4.0 and beta 55.0, percentage 5.263157894736842
The arm 26 has vector {0:0.02145913585292547,1:0.051625057871963254,2:0.48169325488613357,3:0.08883570198787238,4:0.0791080893636027,5:0.7602211374513307} with alpha 23.0 and beta 170.0, percentage 11.518324607329843
The arm 27 has vector {0:0.9613343201129434,1:0.332749455064432,2:0.49413386441896934,3:0.7348718771808904,4:0.5563552313816618,5:0.3851113314368503} with alpha 8.0 and beta 78.0, percentage 8.333333333333332
The arm 28 has vector {0:0.3842705887492157,1:0.33491779497923313,2:0.7258178371327524,3:0.8488878831385724,4:0.2353331725116854,5:0.8680208356870621} with alpha 3.0 and beta 47.0, percentage 4.166666666666666
The arm 29 has vector {0:0.7759753287922974,1:0.219193314068305,2:0.4360635657623184,3:0.26391067960055437,4:0.5245648649084224,5:0.06810769508222903} with alpha 5.0 and beta 51.0, percentage 7.4074074074074066
The arm 30 has vector {0:0.8578462442549891,1:0.30382621785263275,2:0.4388513478062157,3:0.8575080832844968,4:0.5783247454214584,5:0.19242100905853132} with alpha 7.0 and beta 69.0, percentage 8.108108108108109
The arm 31 has vector {0:0.6051724363471294,1:0.4191591970518598,2:0.5474746314842179,3:0.36451778480005326,4:0.9386083856404597,5:0.814952373915488} with alpha 18.0 and beta 143.0, percentage 10.69182389937107
The arm 32 has vector {0:0.6091909154585549,1:0.14336165197576323,2:0.8779463019384387,3:0.3681549422452083,4:0.13966657887190292,5:0.1262394908265877} with alpha 25.0 and beta 180.0, percentage 11.822660098522167
The arm 33 has vector {0:0.3836560743065882,1:0.07167691934191123,2:0.6807595378397324,3:0.5554277039840739,4:0.2574656952119301,5:0.6916632075360881} with alpha 7.0 and beta 76.0, percentage 7.4074074074074066
The arm 34 has vector {0:0.4779941653528472,1:0.21319693594240163,2:0.3858405018185993,3:0.5339438801579615,4:0.4887478960938102,5:0.021803259971544864} with alpha 13.0 and beta 113.0, percentage 9.67741935483871
The arm 35 has vector {0:0.8579755472799774,1:0.759768614761761,2:0.4852863918029473,3:0.2753388575207212,4:0.23849504123791276,5:0.8893578553378896} with alpha 10.0 and beta 88.0, percentage 9.375
The arm 36 has vector {0:0.018644094798221045,1:0.6846991152719334,2:0.08901504570270169,3:0.1304059748228985,4:0.3975012830051535,5:0.9191499801587661} with alpha 5.0 and beta 63.0, percentage 6.0606060606060606
The arm 37 has vector {0:0.5186091403609314,1:0.9197341928988326,2:0.676475170040179,3:0.3273384871330225,4:0.6667725600982767,5:0.1188101232982467} with alpha 13.0 and beta 116.0, percentage 9.448818897637794
The arm 38 has vector {0:0.6457381815138188,1:0.898072198794146,2:0.8791496920439746,3:0.2927134309377232,4:0.31719676183288625,5:0.5353860028640637} with alpha 30.0 and beta 210.0, percentage 12.184873949579831
The arm 39 has vector {0:0.9848117939810618,1:0.9118481898357652,2:0.7549026759162312,3:0.7751447090151659,4:0.2212613462091243,5:0.7078305547979062} with alpha 23.0 and beta 170.0, percentage 11.518324607329843
The arm 40 has vector {0:0.7297307774399466,1:0.5056060212203337,2:0.09642046075757926,3:0.4808890701034343,4:0.6223763279385958,5:0.29492038210471916} with alpha 2.0 and beta 38.0, percentage 2.631578947368421
The arm 41 has vector {0:0.07292825142063275,1:0.32607410553135396,2:0.03783537710989071,3:0.6119421181706609,4:0.3191347744182931,5:0.949748923943652} with alpha 1.0 and beta 29.0, percentage 0.0
The arm 42 has vector {0:0.11538720101205469,1:0.8614327990789312,2:0.4908031282600812,3:0.2152630788792822,4:0.6885039396508642,5:0.5240067055301214} with alpha 18.0 and beta 138.0, percentage 11.03896103896104
The arm 43 has vector {0:0.5894751684230354,1:0.3946279140335668,2:0.252875933065708,3:0.015266696107307909,4:0.010475868634033603,5:0.7445559463460555} with alpha 10.0 and beta 94.0, percentage 8.823529411764707
The arm 44 has vector {0:0.7874432142928369,1:0.7916900896067368,2:0.15728973564296722,3:0.7285306742657117,4:0.7565695689666273,5:0.43535866741077867} with alpha 21.0 and beta 161.0, percentage 11.11111111111111
The arm 45 has vector {0:0.7889483717177818,1:0.3125317006161742,2:0.24635844731199996,3:0.8577196452032355,4:0.974302060883221,5:0.8262868864838081} with alpha 2.0 and beta 41.0, percentage 2.4390243902439024
The arm 46 has vector {0:0.8234190231525403,1:0.3295876341299202,2:0.14347757009011763,3:0.9436434086309962,4:0.2991672346650597,5:0.49221603577348194} with alpha 30.0 and beta 212.0, percentage 12.083333333333334
The arm 47 has vector {0:0.2745202791456226,1:0.47886610367351923,2:0.3450265631995324,3:0.43546918775108234,4:0.6876505022820234,5:0.001949980744361146} with alpha 7.0 and beta 74.0, percentage 7.59493670886076
The arm 48 has vector {0:0.33855715847952794,1:0.6371818303669126,2:0.7636522091482216,3:0.5383590348841205,4:0.6301459538919632,5:0.44028783931619797} with alpha 19.0 and beta 151.0, percentage 10.714285714285714
The arm 49 has vector {0:0.4353260422219689,1:0.9419526285236016,2:0.7666719476283123,3:0.2567136047414319,4:0.2997284726648979,5:0.30592990467084} with alpha 36.0 and beta 241.0, percentage 12.727272727272727
The best arm is 49 with vector {0:0.4353260422219689,1:0.9419526285236016,2:0.7666719476283123,3:0.2567136047414319,4:0.2997284726648979,5:0.30592990467084} with alpha 36.0 and beta 241.0, percentage 12.727272727272727
The right guesses are: 625 which means 10.190771237567258% correct
Done
The current arm is 49 with vector {0:0.4353260422219689,1:0.9419526285236016,2:0.7666719476283123,3:0.2567136047414319,4:0.2997284726648979,5:0.30592990467084} with alpha 1.0 and beta 1.0
The order information:
Date: 2010-02-23T15:01:23.000+01:00
It predicted these items for order 1102153 :
   334 with score of 0.9979695516342408
   356 with score of 0.9979695516342408
   558 with score of 0.9979695516342408
   765 with score of 0.9979695516342408
   1362 with score of 0.9979695516342408
   1667 with score of 0.9979695516342408
   1728 with score of 0.9979695516342408
   2229 with score of 0.9979695516342408
   2318 with score of 0.9979695516342408
   2794 with score of 0.9979695516342408
These are the actual items bought: 
   1197
   303
The current arm is 49 with vector {0:0.4353260422219689,1:0.9419526285236016,2:0.7666719476283123,3:0.2567136047414319,4:0.2997284726648979,5:0.30592990467084} with alpha 168.0 and beta 834.0
The order information:
Date: 2010-02-23T22:59:25.000+01:00
It predicted these items for order 1103153 :
   816 with score of 0.9979695516342408
   1468 with score of 0.9979695516342408
   1895 with score of 0.9979695516342408
   3000 with score of 0.9979695516342408
   3323 with score of 0.9979695516342408
   4214 with score of 0.9979695516342408
   4256 with score of 0.9979695516342408
   4724 with score of 0.9979695516342408
   5133 with score of 0.9979695516342408
   5526 with score of 0.9979695516342408
These are the actual items bought: 
   709
The current arm is 49 with vector {0:0.4353260422219689,1:0.9419526285236016,2:0.7666719476283123,3:0.2567136047414319,4:0.2997284726648979,5:0.30592990467084} with alpha 300.0 and beta 1702.0
The order information:
Date: 2010-02-24T13:47:47.000+01:00
It predicted these items for order 1104153 :
   975 with score of 1.0409844195577067
   3293 with score of 1.0409844195577067
   5055 with score of 1.0409844195577067
   3289 with score of 0.7962404958210348
   5367 with score of 0.7732957529707218
   1242 with score of 0.7690467265169602
   3224 with score of 0.7672576627469552
   4296 with score of 0.7433228906887814
   6097 with score of 0.7423385602361725
   652 with score of 0.7420074672657495
These are the actual items bought: 
   4296
   178
   652
   3327
   652
   4737
   5025
   1480
The current arm is 49 with vector {0:0.4353260422219689,1:0.9419526285236016,2:0.7666719476283123,3:0.2567136047414319,4:0.2997284726648979,5:0.30592990467084} with alpha 390.0 and beta 2612.0
The order information:
Date: 2010-02-24T19:50:06.000+01:00
It predicted these items for order 1105154 :
   2482 with score of 0.9979695516342408
   3472 with score of 0.9979695516342408
   4851 with score of 0.9979695516342408
   555 with score of 0.8450045992988209
   2616 with score of 0.8450045992988209
   3430 with score of 0.8450045992988209
   3492 with score of 0.8450045992988209
   7149 with score of 0.8450045992988209
   3847 with score of 0.7940162818536808
   4871 with score of 0.7940162818536808
These are the actual items bought: 
   555
   695
The current arm is 49 with vector {0:0.4353260422219689,1:0.9419526285236016,2:0.7666719476283123,3:0.2567136047414319,4:0.2997284726648979,5:0.30592990467084} with alpha 486.0 and beta 3516.0
The order information:
Date: 2010-02-25T00:24:21.000+01:00
It predicted these items for order 1106156 :
   1677 with score of 0.9979695516342408
   1910 with score of 0.9979695516342408
   2542 with score of 0.9979695516342408
   2805 with score of 0.9979695516342408
   3353 with score of 0.9979695516342408
   4183 with score of 0.9979695516342408
   4723 with score of 0.9979695516342408
   4889 with score of 0.9979695516342408
   5229 with score of 0.9979695516342408
   5364 with score of 0.9979695516342408
These are the actual items bought: 
   1325
   600
   6508
   2816
The current arm is 49 with vector {0:0.4353260422219689,1:0.9419526285236016,2:0.7666719476283123,3:0.2567136047414319,4:0.2997284726648979,5:0.30592990467084} with alpha 560.0 and beta 4442.0
The order information:
Date: 2010-02-25T19:49:08.000+01:00
It predicted these items for order 1107156 :
   904 with score of 1.0409844195577067
   6803 with score of 1.0409844195577067
   2711 with score of 0.9492054481564548
   2934 with score of 0.9098716032702039
   1283 with score of 0.8880194672222868
   2719 with score of 0.8880194672222868
   683 with score of 0.8370311497771468
   1066 with score of 0.8370311497771468
   5803 with score of 0.8370311497771468
   1068 with score of 0.8115369910545768
These are the actual items bought: 
   683
   670
The current arm is 49 with vector {0:0.4353260422219689,1:0.9419526285236016,2:0.7666719476283123,3:0.2567136047414319,4:0.2997284726648979,5:0.30592990467084} with alpha 629.0 and beta 5373.0
The order information:
Date: 2010-02-26T12:11:04.000+01:00
It predicted these items for order 1108156 :
   2370 with score of 0.9979695516342408
   2589 with score of 0.9979695516342408
   3719 with score of 0.9979695516342408
   4409 with score of 0.9979695516342408
   5724 with score of 0.9979695516342408
   6182 with score of 0.9979695516342408
   1335 with score of 0.9214870754665309
   1434 with score of 0.9214870754665309
   2371 with score of 0.9105610074425723
   3244 with score of 0.8959929167439609
These are the actual items bought: 
   5632
   2036
The arm 49 has vector {0:0.4353260422219689,1:0.9419526285236016,2:0.7666719476283123,3:0.2567136047414319,4:0.2997284726648979,5:0.30592990467084} with alpha 636.0 and beta 5499.0, percentage 10.353823577368335
The best arm is 49 with vector {0:0.4353260422219689,1:0.9419526285236016,2:0.7666719476283123,3:0.2567136047414319,4:0.2997284726648979,5:0.30592990467084} with alpha 636.0 and beta 5499.0, percentage 10.353823577368335
The right guesses are: 635 which means 10.353823577368335% correct
Done
131
