Items: 31014,2,2012-03-22 09:35:15.730000000,2013-01-31 22:08:19.360000000,0,0000000000000000000000000000000000000000000000000000000000000000000000000000000000000000000010000000000000000000000000000000000000000000000000000000000000000000000000000000000000000000000000000000000000000000000000000000000000000000000000000000000000000000
Items: 16065,3,2010-10-12 09:05:28.623000000,2011-10-19 12:41:59.293000000,0,0000000000000000000000000000000000000000000000000000000000000000000000000000000000000000000100000000000000000000000000000000000000000000000000000000000000000000000000000000000000000000000000000000000000000000000000000000000000000000000000000000000000000000
Items: 2897,1,2010-07-28 15:55:07.423000000,2013-07-15 05:02:15.650000000,0,0000000000000000000000000000000000000000000000000000000000000000000000000000000000000000000100000000000000000000000000000000000000000000000000000000000000000000000000000000000000000000000000000000000000000000000000000000000000000000000000000000000000000000
Users: 46671,2009-07-31 17:52:05.423000000,45238,,0
Users: 117404,2012-02-11 18:20:17.737000000,30295,1989-02-13 00:00:00,1
Users: 185087,2009-07-31 19:48:45.310000000,54234,1986-06-04 00:00:00,1
Users: 242612,2011-12-03 21:34:16.640000000,90627,1990-07-23 00:00:00,2
Users: 294436,2011-03-16 09:05:23.647000000,72233,1994-04-25 00:00:00,1
Users: 345704,2011-11-11 20:55:14.437000000,68600,1994-06-05 00:00:00,2
Users: 399809,2012-09-17 14:43:42.033000000,44491,1997-12-12 00:00:00,1
Users: 455390,2012-12-20 16:02:28.573000000,3274,1978-06-02 00:00:00,2
Users: 525182,2013-07-28 12:33:53.590000000,53372,1990-06-17 00:00:00,0
Orders: 35022,1033356,1457,2009-10-18 21:46:53.347000000
Orders: 214698,1082559,614,2010-01-24 20:16:55.153000000
Orders: 226305,1122161,1501,2010-03-20 16:23:03.950000000
Orders: 46541,1167569,11120,2010-05-26 12:55:02.417000000
Orders: 75824,1208142,11119,2010-07-27 23:14:48.377000000
Orders: 13287,1248778,12826,2010-09-21 21:56:27.157000000
Orders: 272654,1296031,653,2010-12-01 18:41:36.730000000
Orders: 285359,1344258,18628,2011-01-28 14:59:09.743000000
Orders: 157456,1388262,18371,2011-03-17 11:46:02.120000000
Orders: 307265,1432210,758,2011-04-29 21:28:48.340000000
Orders: 271030,1473349,21803,2011-06-14 15:24:35.467000000
Orders: 275827,1511037,21829,2011-07-28 21:58:50.970000000
Orders: 62527,1550712,24845,2011-09-10 18:44:47.023000000
Orders: 293365,1597283,27523,2011-11-12 08:21:31.203000000
Orders: 158173,1649466,24361,2011-12-28 14:06:54.430000000
Orders: 371623,1691322,28947,2012-01-31 15:54:20.570000000
Orders: 151193,1739094,2144,2012-03-22 17:02:48.527000000
Orders: 71320,1784958,7874,2012-05-16 17:00:59.817000000
Orders: 287161,1827735,20480,2012-06-29 22:23:24.193000000
Orders: 271514,1866722,31203,2012-08-11 21:38:56.863000000
Orders: 428803,1915657,35460,2012-10-09 20:15:44.210000000
Orders: 444954,1966435,29677,2012-12-01 22:51:49.073000000
Orders: 460415,2018674,31695,2013-01-07 22:20:30.543000000
Orders: 381441,2066329,35170,2013-02-19 22:08:16.833000000
Orders: 485606,2112774,39306,2013-03-26 15:04:37.277000000
Orders: 423890,2161061,11304,2013-05-03 09:35:38.190000000
Orders: 314770,2207605,26096,2013-06-05 19:04:54.837000000
Orders: 287308,2249841,40450,2013-07-13 20:23:09.463000000
Orders: 255027,2289235,33612,2013-08-13 17:15:05.073000000
Orders: 466261,2331294,43871,2013-09-15 21:02:00.180000000
Orders: 446724,2379393,448,2013-11-01 19:20:53.627000000

Startup information:
First order in training stage: 700000
First order in evaluation stage: 771338
Last order in evaluation stage: 777471

Number of orders in training stage: 71338
Number of orders in evaluation stage: 6133

The current arm is 0 with vector {0:0.22612320964660748,1:0.7121502866048812,2:0.4763552670070206,3:0.0660015609166612,4:0.24771977941708023,5:0.29885737977048743,6:0.42115161471126017,7:0.708697985288384,8:0.3724855597070378,9:0.9549847877419847,10:0.36391344358892197,11:0.39915938534618245,12:0.8883428535928947,13:0.3208751446625314,14:0.05950141632481565,15:0.9786599945456662,16:0.4469720102348964,17:0.33438446463205085,18:0.25944147348348834,19:0.13021190493536128,20:0.586595081699722,21:0.689691132430863,22:0.6904842614712554,23:0.4345000199667939,24:0.29547868791752674,25:0.775936432766677,26:0.8999521282016218,27:0.8739995494802819,28:0.4775565891999367,29:0.8022346054436771,30:0.5332084599139362,31:0.3442406675439976,32:0.7804170275625043,33:0.49093899964935506,34:0.5191022607604956,35:0.029312364004069003,36:0.4473122909125222,37:0.4936226445892693,38:0.5751165522855002,39:0.13321502697295817,40:0.5431142661595869} with alpha 6.0 and beta 24.0
The order information:
Date: 2012-05-09T17:07:05.000+02:00
It predicted these items for order 1778911 :
   31560 with score of 859.9728673262955
   752 with score of 363.99545942389324
   27900 with score of 326.50149652230505
   20430 with score of 291.14687454746826
   748 with score of 289.4350613727869
   5003 with score of 251.14203385518775
   21714 with score of 243.50095181800646
   11832 with score of 236.00033162441684
   31553 with score of 223.26553601123445
   27576 with score of 209.37259375454818
These are the actual items bought: 
   11832
   30233
The current arm is 13 with vector {0:0.28927413637910515,1:0.8544379111419979,2:0.9702387051125574,3:0.682307331875864,4:0.2433718097991251,5:0.8937009411504494,6:0.06920724497127384,7:0.9770328959728135,8:0.6624087024282849,9:0.2519705849429832,10:0.3279113978245207,11:0.5119371789698831,12:0.6075367317999273,13:0.7566154329568668,14:0.8125005370601268,15:0.9652714675945777,16:0.9679386054985537,17:0.30551186785581597,18:0.4653690493552548,19:0.8431231312088309,20:0.34930040781765503,21:0.46259897041461984,22:0.4503849385987855,23:0.006069139645826005,24:0.7800480740962384,25:0.4956218768154401,26:0.40018931408339065,27:0.03882292935321785,28:0.9624986269932345,29:0.21536608950918057,30:0.16850162643969513,31:0.7074852208058119,32:0.9942029732720918,33:0.7303825902694769,34:0.5568750793307559,35:0.5817957457457569,36:0.9049636349135648,37:0.10975521623751905,38:0.8678773980508299,39:0.15455808146555672,40:0.9775814376789396} with alpha 2.0 and beta 21.0
The order information:
Date: 2012-05-10T17:54:43.000+02:00
It predicted these items for order 1779917 :
   31560 with score of 1079.901038630069
   752 with score of 418.4062187607171
   27900 with score of 406.33480396052914
   748 with score of 372.54132936453055
   20430 with score of 368.09816391858914
   5003 with score of 306.025753727033
   11832 with score of 300.33558925057645
   21714 with score of 299.7483128813685
   31553 with score of 294.8956742670043
   29669 with score of 270.16862848867396
These are the actual items bought: 
   30342
   23374
   32289
The current arm is 48 with vector {0:0.7493473842001512,1:0.8979402175184175,2:0.9055836885343558,3:0.7517323037122001,4:0.7802561859562741,5:0.5111839233313257,6:0.3999723328440348,7:0.7292561926210849,8:0.6385689162260177,9:0.1408111783031777,10:0.49118805975973623,11:0.3207208206994192,12:0.9852708506657094,13:0.9810527595749783,14:0.02512273381921204,15:0.06791012777370009,16:0.5642456838238715,17:0.6916347740406085,18:0.5270739534759101,19:0.7432835690104681,20:0.9930697754493951,21:0.9368890500299035,22:0.687637859614354,23:0.5336823260673048,24:0.22542794316993742,25:0.6765804921516279,26:0.07777730885522416,27:0.08682462564216897,28:0.4386693359030521,29:0.043222946109138904,30:0.8898471348704402,31:0.8888486646278632,32:0.4247256028895863,33:0.6734633821824514,34:0.7091999098377584,35:0.2918711499306178,36:0.5552407318827243,37:0.7495622177444735,38:0.9584766554103764,39:0.4940457548969377,40:0.6907702469959702} with alpha 2.0 and beta 26.0
The order information:
Date: 2012-05-11T22:39:32.000+02:00
It predicted these items for order 1780921 :
   31560 with score of 839.5735462541478
   752 with score of 387.7890605962767
   748 with score of 364.0472031976082
   27900 with score of 309.581932579614
   20430 with score of 293.2077964276264
   21714 with score of 258.00385208443674
   5003 with score of 257.10569767638424
   29669 with score of 241.95030054266047
   11832 with score of 234.82080591576596
   27576 with score of 227.77121639097112
These are the actual items bought: 
   31776
The current arm is 21 with vector {0:0.0944648111731935,1:0.7375444976408052,2:0.6643077056133192,3:0.42947466454098493,4:0.48755512872758733,5:0.7903030987293018,6:0.2541684494266976,7:0.8149539888817179,8:0.5620433658504849,9:0.38264857448681966,10:0.13079497475934165,11:0.12382079055628592,12:0.37634421712968524,13:0.3638574294586915,14:0.6707548221836235,15:0.7307232197770532,16:0.9052454299344761,17:0.7815086020443668,18:0.0744776788410908,19:0.45022860677948295,20:0.6665517721384595,21:0.6299819382198392,22:0.7062174223092763,23:0.6634248582988742,24:0.018793170592951602,25:0.6516799432472202,26:0.7954002724827913,27:0.5739077510754477,28:0.49584977703756494,29:0.8667161319111514,30:0.23493746483316946,31:0.952870355904458,32:0.7900335750376145,33:0.5440475551400931,34:0.5536698265979071,35:0.8118889375598992,36:0.23891679345806927,37:0.6699710331418628,38:0.5240260519505451,39:0.3575385399236385,40:0.7028198353834955} with alpha 9.0 and beta 61.0
The order information:
Date: 2012-05-13T15:53:25.000+02:00
It predicted these items for order 1781930 :
   31560 with score of 853.348129278156
   748 with score of 402.99079498905655
   752 with score of 397.36606503454755
   20430 with score of 316.95099233225613
   27900 with score of 304.7876608154985
   5003 with score of 294.8380324864317
   21714 with score of 291.0570050997972
   29669 with score of 250.7954665122238
   27576 with score of 242.1247573020533
   11832 with score of 236.9460358768094
These are the actual items bought: 
   2084
   29003
   31950
   20990
   31940
   30573
   20678
   30195
   25363
   27900
The current arm is 8 with vector {0:0.9202864320226757,1:0.2868191225315193,2:0.6613769947841746,3:0.45521667376583674,4:0.30271490817686286,5:0.24543907262138054,6:0.5018881807680506,7:0.23177927131723264,8:0.5012427502629401,9:0.23805307665743247,10:0.7461074428246127,11:0.2071206818027459,12:0.4812289610012418,13:0.29951543976766437,14:0.21746250491923136,15:0.591532585252683,16:0.6276342106306112,17:0.5056615304368179,18:0.48004397182544356,19:0.4263611705320758,20:0.9007042599759111,21:0.3865380107346267,22:0.7804002405887033,23:0.07555051831428705,24:0.6390854286336064,25:0.2406529800971663,26:0.9823099295828266,27:0.2463630717427786,28:0.56828979109087,29:0.913545786030252,30:0.3824205315113799,31:0.5969019571991143,32:0.6665246928220531,33:0.7337984969331822,34:0.27842360408073885,35:0.0953739335004582,36:0.6178468806002277,37:0.2256995476671294,38:0.32404287761648953,39:0.9779647201297658,40:0.41325077360894824} with alpha 10.0 and beta 75.0
The order information:
Date: 2012-05-14T16:46:54.000+02:00
It predicted these items for order 1782931 :
   31560 with score of 316.9344204982745
   748 with score of 208.34018918372072
   752 with score of 188.8389774815003
   21714 with score of 127.28128832612487
   5003 with score of 124.38756152061295
   27576 with score of 120.06054174610519
   20430 with score of 117.17270761025443
   27900 with score of 115.58479943007728
   29669 with score of 110.98333196121808
   23467 with score of 102.52577495188962
These are the actual items bought: 
   32564
The current arm is 46 with vector {0:0.016926570527321605,1:0.6915351233614733,2:0.6696367107862379,3:0.1645847191639127,4:0.6276162447084831,5:0.8823340201060368,6:0.9262508113788193,7:0.8301655759791476,8:0.1720749474621649,9:0.774127241362869,10:0.06937821694717117,11:0.30234080981195355,12:0.4319940308112793,13:0.15001173552696934,14:0.40307031597935616,15:0.9670871881031926,16:0.1098945564229784,17:0.8547772198747243,18:0.6051254201953958,19:0.4513895124084546,20:0.7149103728917798,21:0.12715756316423021,22:0.3238691486089198,23:0.6359481083148112,24:0.73906853276415,25:0.7168188007966336,26:0.8480906854301087,27:0.5422950402190787,28:0.09318895784632819,29:0.9795003299538512,30:0.3115087060766145,31:0.9716126292075099,32:0.28820551106595804,33:0.23113068951420424,34:0.7993849178265925,35:0.1328032960582478,36:0.4058374202460008,37:0.5630066865189356,38:0.17682688539076052,39:0.534159450372646,40:0.570099214453162} with alpha 48.0 and beta 261.0
The order information:
Date: 2012-05-15T15:02:20.000+02:00
It predicted these items for order 1783936 :
   31560 with score of 963.6814229692022
   748 with score of 597.2163269282214
   752 with score of 495.3030508817584
   5003 with score of 372.3558252754075
   27576 with score of 371.1546139781043
   21714 with score of 368.1396862646688
   20430 with score of 346.87077730756977
   27900 with score of 330.1029025343854
   29669 with score of 312.5864518912334
   31553 with score of 296.5669090467659
These are the actual items bought: 
   12096
The arm 0 has vector {0:0.22612320964660748,1:0.7121502866048812,2:0.4763552670070206,3:0.0660015609166612,4:0.24771977941708023,5:0.29885737977048743,6:0.42115161471126017,7:0.708697985288384,8:0.3724855597070378,9:0.9549847877419847,10:0.36391344358892197,11:0.39915938534618245,12:0.8883428535928947,13:0.3208751446625314,14:0.05950141632481565,15:0.9786599945456662,16:0.4469720102348964,17:0.33438446463205085,18:0.25944147348348834,19:0.13021190493536128,20:0.586595081699722,21:0.689691132430863,22:0.6904842614712554,23:0.4345000199667939,24:0.29547868791752674,25:0.775936432766677,26:0.8999521282016218,27:0.8739995494802819,28:0.4775565891999367,29:0.8022346054436771,30:0.5332084599139362,31:0.3442406675439976,32:0.7804170275625043,33:0.49093899964935506,34:0.5191022607604956,35:0.029312364004069003,36:0.4473122909125222,37:0.4936226445892693,38:0.5751165522855002,39:0.13321502697295817,40:0.5431142661595869} with alpha 22.0 and beta 142.0, percentage 14.893617021276595
The arm 1 has vector {0:0.9649244992689032,1:0.6358428904338337,2:0.25643268751996784,3:0.5739289793073958,4:0.6661990056727738,5:0.8269979999653363,6:0.6275681390912411,7:0.6604435173089331,8:0.9767999722481997,9:0.6401406738100754,10:0.25716756179960787,11:0.25255564017457355,12:0.3250000039921406,13:0.4040801207888727,14:0.6134039935496081,15:0.7971333058737192,16:0.7144929944534825,17:0.5600331843261731,18:0.5249870330116864,19:0.23488160957512583,20:0.23236840304142592,21:0.379182515716063,22:0.9286276752538722,23:0.45093107302491076,24:0.21856546442225822,25:0.09914812330411038,26:0.3526047871929474,27:0.005080994548186446,28:0.5496751036677092,29:0.34950974339068797,30:0.29713238389168695,31:0.1352376983457224,32:0.8332331569252285,33:0.8603519825806016,34:0.07389080086200306,35:0.5148974443920982,36:0.17821888387103402,37:0.6195803907133483,38:0.8126813381327785,39:0.5702797256019503,40:0.0897735742572412} with alpha 46.0 and beta 260.0, percentage 17.374517374517374
The arm 2 has vector {0:0.5930934668574002,1:0.22012476488243715,2:0.2782391235697914,3:0.38346645096078413,4:0.5432214917602196,5:0.19957873888376776,6:0.2322902724752023,7:0.502788160290645,8:0.1997219823008971,9:0.0013077728128191302,10:0.1966871555068227,11:0.09606367609199107,12:0.37346622349752345,13:0.5521378508041485,14:0.7434057883841547,15:0.2424643099847299,16:0.7264588799615214,17:0.3138780774340224,18:0.9438012984229625,19:0.08385083525121495,20:0.6921144521435924,21:0.5993062259113991,22:0.2007211264544444,23:0.4651985286623701,24:0.3263137959564566,25:0.7873160474410241,26:0.8465947612414533,27:0.06593170665057868,28:0.23235955228918492,29:0.16154609749007587,30:0.8587309501035132,31:0.013745074181765848,32:0.32415974567586614,33:0.5641998792142573,34:0.2559232369322142,35:0.919269498808947,36:0.06029694695463261,37:0.8468497630597527,38:0.5500767439978858,39:0.06668814281475277,40:0.5314753979527197} with alpha 10.0 and beta 87.0, percentage 10.465116279069768
The arm 3 has vector {0:0.1222104419794704,1:6.687058248154854E-4,2:0.7382234647961124,3:0.9296024402692247,4:0.8815660969290253,5:0.7898735345751438,6:0.9823258503220997,7:0.4440341716929983,8:0.40820893962113913,9:0.8708369646904907,10:0.18319473950201626,11:0.29220098687990537,12:0.3689631178384162,13:0.7528120428425509,14:0.434730272808611,15:0.6933420919479238,16:0.6044206351274749,17:0.06410464248242642,18:0.4849253021424965,19:0.23614613618195168,20:0.556461455456948,21:0.49114871849689623,22:0.9616129440032369,23:0.6673940625074537,24:0.019931864106722874,25:0.2501284094005699,26:0.9521978840228359,27:0.6412433885362101,28:0.946115355710223,29:0.1904974465770366,30:0.44654038591619405,31:0.8530082223769015,32:0.7346335672223346,33:0.9250232281602354,34:0.7490128556528711,35:0.4758936886923193,36:0.23970411753368392,37:0.6281045843675646,38:0.3329522596708637,39:0.8073214114446108,40:0.21242620879769425} with alpha 25.0 and beta 165.0, percentage 14.634146341463413
The arm 4 has vector {0:0.6710974932818456,1:0.6073028685261356,2:0.9457620205271634,3:0.14078055987181148,4:0.42325946164067807,5:0.16325886934607703,6:0.6760977989525173,7:0.0338525545458398,8:0.20489896390588636,9:0.3216620059798301,10:0.005889068964660127,11:0.26991845458779284,12:0.7493117879092255,13:0.4462519129979218,14:0.82906544779112,15:0.3548415078436983,16:0.8316740463404149,17:0.4536929043855198,18:0.9646653873096248,19:0.18191024680228352,20:0.32703493224079117,21:0.09504039633911221,22:0.023186780801092266,23:0.2693958734843943,24:0.2324606050690119,25:0.9490980892901701,26:0.06668173466241756,27:0.6346725576444863,28:0.9261614200419087,29:0.5469967320952862,30:0.3195282539307309,31:0.4549374484985509,32:0.17151467277674837,33:0.1728694390955251,34:0.10411402566783778,35:0.5137281158008125,36:0.8448113920626851,37:0.5271559096873567,38:0.13905885241828453,39:0.4497170170087782,40:0.795462366359594} with alpha 5.0 and beta 58.0, percentage 7.017543859649122
The arm 5 has vector {0:0.6560231575430274,1:0.9614846209751609,2:0.3890777836307827,3:0.13592297727845903,4:0.7514840662918084,5:0.6837622101958803,6:0.9476511324219238,7:0.7448526464288757,8:0.851242626181917,9:0.024342867894425968,10:0.9770677244469654,11:0.2600149908149446,12:0.5848479126797187,13:0.11146660874143133,14:0.17243729555284104,15:0.17548528064234759,16:0.41602645766536284,17:0.5276899182816983,18:0.3992894148722439,19:0.8919890900566994,20:0.9584415142836945,21:0.6529754531380139,22:0.3198411664245019,23:0.4821539055990953,24:0.804334509429856,25:0.8435004199556246,26:0.4599097658903324,27:0.40024404800304714,28:0.3644387582824593,29:0.5153142600202396,30:0.9958242176018636,31:0.09058871691171622,32:0.31380180780305833,33:0.4500345097146863,34:0.8183702728737062,35:0.31101629015217314,36:0.9892213565219403,37:0.4307966467806643,38:0.9300667554606245,39:0.8697973345627239,40:0.5054751639880416} with alpha 77.0 and beta 408.0, percentage 18.67321867321867
The arm 6 has vector {0:0.6918566163298693,1:0.31749535396453543,2:0.00482634649570457,3:0.24607931306848807,4:0.48407633685611007,5:0.38584055740169354,6:0.632586574761507,7:0.6098898308946277,8:0.004559943783021825,9:0.8362072725059463,10:0.6151072420098055,11:0.5658352921112383,12:0.2210853162961971,13:0.8975085221630472,14:0.1522598111028548,15:0.2544826814008495,16:0.7706037531354833,17:0.6897658182547057,18:0.2265957896877403,19:0.5829883816525849,20:0.8375710745970214,21:0.5835343832207316,22:0.24415132947433105,23:0.0015176914246546325,24:0.2936477350369867,25:0.11505387722299898,26:0.1493797642354533,27:0.7965978755374823,28:0.2034830291731976,29:0.25725881868288036,30:0.5545771653663224,31:0.8013269859740048,32:0.9227783341072235,33:0.905978564929121,34:0.1347948442180925,35:0.14305583518630272,36:0.6360941872082474,37:0.044240057737117255,38:0.352194249820894,39:0.018592569910647172,40:0.15844000740915654} with alpha 7.0 and beta 68.0, percentage 8.955223880597014
The arm 7 has vector {0:0.6082371613272676,1:0.7737522912481442,2:0.35859699266271816,3:0.5714196016857849,4:0.2814557559829569,5:0.5137125243512305,6:0.13434603986837568,7:0.9461422117726668,8:0.09148087301198216,9:0.785074520216834,10:0.07099759775766246,11:0.35631288444403686,12:0.9836476429483569,13:0.019871470363847288,14:0.8542907543726863,15:0.5015270479605118,16:0.05117614592810393,17:0.4123557449456774,18:0.12508093333718595,19:0.07772751225906349,20:0.10802513346090126,21:0.5580267411006478,22:0.7342959958270063,23:0.5933324526055264,24:0.7417479168205128,25:0.324774258552035,26:0.6291737000278589,27:0.21095452756637845,28:0.2787988918809158,29:0.5042471444250628,30:0.2847622741782212,31:0.7677681389369427,32:0.8760060321715537,33:0.9850695876994268,34:0.8084933021227648,35:0.8260652750493245,36:0.38348311181455985,37:0.6683116601870108,38:0.7877327596712789,39:0.684887690631639,40:0.36065861488001993} with alpha 1.0 and beta 29.0, percentage 0.0
The arm 8 has vector {0:0.9202864320226757,1:0.2868191225315193,2:0.6613769947841746,3:0.45521667376583674,4:0.30271490817686286,5:0.24543907262138054,6:0.5018881807680506,7:0.23177927131723264,8:0.5012427502629401,9:0.23805307665743247,10:0.7461074428246127,11:0.2071206818027459,12:0.4812289610012418,13:0.29951543976766437,14:0.21746250491923136,15:0.591532585252683,16:0.6276342106306112,17:0.5056615304368179,18:0.48004397182544356,19:0.4263611705320758,20:0.9007042599759111,21:0.3865380107346267,22:0.7804002405887033,23:0.07555051831428705,24:0.6390854286336064,25:0.2406529800971663,26:0.9823099295828266,27:0.2463630717427786,28:0.56828979109087,29:0.913545786030252,30:0.3824205315113799,31:0.5969019571991143,32:0.6665246928220531,33:0.7337984969331822,34:0.27842360408073885,35:0.0953739335004582,36:0.6178468806002277,37:0.2256995476671294,38:0.32404287761648953,39:0.9779647201297658,40:0.41325077360894824} with alpha 11.0 and beta 93.0, percentage 10.869565217391305
The arm 9 has vector {0:0.48970250633085344,1:0.32019837036251764,2:0.7032205295753508,3:0.023283607397658113,4:0.5443166716205762,5:0.7017898252444525,6:0.8501002306176296,7:0.15650829500420593,8:0.7489922035641459,9:0.24152440542880682,10:0.1332150878337658,11:0.20338205215910332,12:0.8888740519283228,13:0.6983147886791226,14:0.5051314183744882,15:0.6256454031877685,16:0.8492246335097442,17:0.2918299849213978,18:0.8496825928284862,19:0.1477767452790636,20:0.6710069152423034,21:0.7534154018990517,22:0.20240875938790337,23:0.1948102045771405,24:0.7686181858269873,25:0.22580342779331353,26:0.7320619851349647,27:0.7973183122850546,28:0.4825238850683189,29:0.8840283111783116,30:0.13382115778452386,31:0.43656996769816914,32:0.24085390974914056,33:0.5631078835547049,34:0.37946643944483394,35:0.8297794696502808,36:0.5835310664552333,37:0.41779059231503435,38:0.646956701137313,39:0.6029834606667472,40:0.5270122777373341} with alpha 9.0 and beta 82.0, percentage 9.876543209876543
The arm 10 has vector {0:0.5500350301324509,1:0.7283892334730608,2:0.6166459611133331,3:0.8143666230298597,4:0.933564721890211,5:0.5672501136613038,6:0.6198559346494499,7:0.9116039062465082,8:0.5521338968224344,9:0.798381787387038,10:0.8631008280626224,11:0.6503202399994852,12:0.41519106975197695,13:0.183626186553426,14:0.32354655203690097,15:0.6743388966225755,16:0.7323178269654199,17:0.7564156650808729,18:0.18670361258568902,19:0.5171078955936261,20:0.3074917211985754,21:0.7317355889404584,22:0.5430171464837963,23:0.4409886312786364,24:0.5960779677619463,25:0.39677146640872507,26:0.9947133568924243,27:0.37164958799604497,28:0.849288533826624,29:0.5960472075704951,30:0.52085334150006,31:0.35088351436102116,32:0.7318199155125196,33:0.8369104174442591,34:0.02494927269348657,35:0.30971379168247615,36:0.04773806191045238,37:0.41031293261842894,38:0.29620928750906095,39:0.017532599814141903,40:0.49944185910315264} with alpha 8.0 and beta 77.0, percentage 9.210526315789473
The arm 11 has vector {0:0.4664357377889443,1:0.3761845118935311,2:0.19157920797728334,3:0.34822678650032557,4:0.13592521102803357,5:0.09512658045330125,6:0.6720737724953539,7:0.3710849602887092,8:0.1384198060936791,9:0.7073948969670774,10:0.23005356299802926,11:0.31682057352939186,12:0.8361918284398488,13:0.09429584631001597,14:0.4740493992253654,15:0.2509441834818973,16:0.9187909620752207,17:0.17531785671522992,18:0.10446443596785882,19:0.09250069075262668,20:0.6931412182231632,21:0.30882064322881986,22:0.6712868663899001,23:0.8098814442160669,24:0.16866043740988879,25:0.35917442588360193,26:0.7728139632766078,27:0.3543965745899529,28:0.9146410865157383,29:0.08541015843704414,30:0.09627724734537779,31:0.5121417412494759,32:0.6175516857399668,33:0.7117617853314998,34:0.3711046488915315,35:0.7694870958531864,36:0.2599276579271472,37:0.2718214450146501,38:0.1541969195172035,39:0.9507864809121052,40:0.2268411561283047} with alpha 17.0 and beta 123.0, percentage 13.114754098360656
The arm 12 has vector {0:0.03535662508352544,1:0.2958407031335112,2:0.39940970726660374,3:0.47833613375428286,4:0.3782979443077924,5:0.4000593637623592,6:0.6009726099091337,7:0.5903027584614849,8:0.1792844958244051,9:0.6244312920273511,10:0.3228078596446463,11:0.5767611408157564,12:0.3550450919703233,13:0.8078175832911996,14:0.9449103826144732,15:0.057288518766982155,16:0.3702396724679965,17:0.5391942940259767,18:0.9544055103172325,19:0.6987522811281885,20:0.12764156494844203,21:0.8826818686920066,22:0.3591920974732572,23:0.24880713963644108,24:0.8883201948605219,25:0.42406914921011674,26:0.9798209737860236,27:0.2807668181820273,28:0.044183833527430716,29:0.12435273373393396,30:0.13038443770605102,31:0.03589995111991118,32:0.9819338967526318,33:0.9101647256375682,34:0.32162671124636677,35:0.3998517430689529,36:0.2919839062911165,37:0.9794732982196119,38:0.44684475230149256,39:0.32142920977304745,40:0.7932566802834063} with alpha 34.0 and beta 208.0, percentage 15.942028985507244
The arm 13 has vector {0:0.28927413637910515,1:0.8544379111419979,2:0.9702387051125574,3:0.682307331875864,4:0.2433718097991251,5:0.8937009411504494,6:0.06920724497127384,7:0.9770328959728135,8:0.6624087024282849,9:0.2519705849429832,10:0.3279113978245207,11:0.5119371789698831,12:0.6075367317999273,13:0.7566154329568668,14:0.8125005370601268,15:0.9652714675945777,16:0.9679386054985537,17:0.30551186785581597,18:0.4653690493552548,19:0.8431231312088309,20:0.34930040781765503,21:0.46259897041461984,22:0.4503849385987855,23:0.006069139645826005,24:0.7800480740962384,25:0.4956218768154401,26:0.40018931408339065,27:0.03882292935321785,28:0.9624986269932345,29:0.21536608950918057,30:0.16850162643969513,31:0.7074852208058119,32:0.9942029732720918,33:0.7303825902694769,34:0.5568750793307559,35:0.5817957457457569,36:0.9049636349135648,37:0.10975521623751905,38:0.8678773980508299,39:0.15455808146555672,40:0.9775814376789396} with alpha 4.0 and beta 52.0, percentage 5.88235294117647
The arm 14 has vector {0:0.014578110986565918,1:0.7726685519344477,2:0.6866626544773562,3:0.05039928064045618,4:0.17049542867409362,5:0.3976154987179623,6:0.88072246260264,7:0.5199586428685162,8:0.007462275224063175,9:0.5897229842558951,10:0.8678446137429734,11:0.8193942641323877,12:0.934234429494095,13:0.288092627635126,14:0.6030283607331808,15:0.728516975604478,16:0.07928051197319708,17:0.20032038207233493,18:0.2721523698171818,19:0.5499485549506505,20:0.9921861754488756,21:0.9310196113068568,22:0.26054159968361,23:0.13622451030977634,24:0.529422553401617,25:0.32849724955746584,26:0.6759469246386548,27:0.1943438946324394,28:0.16564743396631654,29:0.73282191405414,30:0.4468098435786394,31:0.10283130756425751,32:0.46201711437604787,33:0.829897548078646,34:0.4734344410809417,35:0.3873681654066853,36:0.7661649892582817,37:0.3001696556869643,38:0.9576141220562318,39:0.7544054945684008,40:0.579489611520843} with alpha 2.0 and beta 36.0, percentage 2.857142857142857
The arm 15 has vector {0:0.1533948525022787,1:0.8331376699133172,2:0.31598718199926246,3:0.5642070991102845,4:0.6619016517829457,5:0.16549673201457427,6:0.12847360722978818,7:0.15721847578107595,8:0.013064114410683891,9:0.8017120957583602,10:0.17382946230230223,11:0.4814229254364297,12:0.8725324218763175,13:0.5732053812687475,14:0.30574506431645254,15:0.1434666116124661,16:0.25951146425754656,17:0.1405384535329377,18:0.9086831831604543,19:0.4586081425882824,20:0.2271139159921437,21:0.4664966860954858,22:0.8328862667062372,23:0.6395104885967343,24:0.283219968889193,25:0.5296375034427445,26:0.44599642463243616,27:0.5366154001631493,28:0.638084006334133,29:0.8163604453196049,30:0.668698766417286,31:0.4979683144554148,32:0.4188590740060858,33:0.14336256923822333,34:0.21535484393938142,35:0.6526154828882055,36:0.6604324267595276,37:0.9189566851107926,38:0.6876054772324562,39:0.698911998962345,40:0.04446471492712056} with alpha 6.0 and beta 66.0, percentage 7.6923076923076925
The arm 16 has vector {0:0.1404049033821343,1:0.01907222564112787,2:0.6702118305987215,3:0.7263974129380056,4:0.3574964642439803,5:0.6712286204151362,6:0.05110343080260771,7:0.4594589580556946,8:0.04773624226616091,9:0.6781168974039617,10:0.9831845317063588,11:0.8344340719332322,12:0.02569998463451384,13:0.5467195924483732,14:0.05956976551757853,15:0.35079083284184975,16:0.6748041205488231,17:0.8115723051270451,18:0.9398349905696105,19:0.46913717494834384,20:0.2035644902103736,21:0.0668811253195607,22:0.9299920762972227,23:0.03161712854891496,24:0.9676342185567302,25:0.692857351136431,26:0.7100890566089425,27:0.5387960184501451,28:0.3252555427133871,29:0.16218818578357352,30:0.49903504568157886,31:0.1874639225896887,32:0.12562074825011504,33:0.25662800555312215,34:0.17789459797747176,35:0.32552191712346334,36:0.20958974499122196,37:0.8447702805591552,38:0.10333946503285418,39:0.8335179245996721,40:0.188546171292733} with alpha 3.0 and beta 44.0, percentage 4.651162790697675
The arm 17 has vector {0:0.4084535925497832,1:0.5519183519457728,2:0.2492071804394802,3:0.4797313044683307,4:0.9624333406570631,5:0.4347829931134406,6:0.06410530887702082,7:0.05928865134141503,8:0.49020176667207993,9:0.9004319504657045,10:0.3220610323204308,11:0.32767942651744153,12:0.9834562609854777,13:0.06766653833652625,14:0.23077004347465913,15:0.8954567852885567,16:0.15594917795011543,17:0.06228580041576859,18:0.1343014082831694,19:0.9098458136640348,20:0.2880762785590767,21:0.2918389369574431,22:0.03350176590309717,23:0.7321716814218705,24:0.4365106062737131,25:0.3771965471519607,26:0.9945096159032603,27:0.8676298110665001,28:0.05137836981398647,29:0.973168829942641,30:0.49162471062794544,31:0.3488520666830559,32:0.06984335389056617,33:0.4556323446798104,34:0.5788925078707201,35:0.13471034417873062,36:0.9495129742069978,37:0.5894939977792792,38:0.6335467818177082,39:0.22558900641783386,40:0.9248989386818699} with alpha 13.0 and beta 101.0, percentage 12.0
The arm 18 has vector {0:0.568580295345081,1:0.706687268770828,2:0.9419620365517091,3:0.8124555527752658,4:0.5039783316348738,5:0.7691542696361023,6:0.5164448965875418,7:0.06807781754153885,8:0.859701209487766,9:0.9160794080448472,10:0.6597472858891147,11:0.3885315051971432,12:0.7881444768791835,13:0.7108439321417408,14:0.21095024900368287,15:0.08069924978503606,16:0.710550301957867,17:0.852799989741032,18:0.2767118265384768,19:0.5595009581996723,20:0.20522225145012152,21:0.5315825437381972,22:0.13391566124174126,23:0.5915609572463753,24:0.7373749638438166,25:0.9063629593713391,26:0.26048033939017046,27:0.9869894263269711,28:0.2734226821341418,29:0.07449415339731158,30:0.32404566079637587,31:0.7635239010617844,32:0.06765521895924864,33:0.843452686623411,34:0.41791880129662673,35:0.37138507630177064,36:0.443626793663204,37:0.4211983223132346,38:0.10472333973694314,39:0.631992893948017,40:0.39780101356290976} with alpha 12.0 and beta 89.0, percentage 12.5
The arm 19 has vector {0:0.9465244243633212,1:0.901897101994717,2:0.4738104310458241,3:0.3740339657398716,4:0.9534277108238726,5:0.6370582128693202,6:0.8421978884346002,7:0.07925771913698776,8:0.3300683516195765,9:0.27840645625868043,10:0.008238483683395303,11:0.6713576836378595,12:0.06904384964515542,13:0.23663190427300917,14:0.10617159270739318,15:0.6714244436062684,16:0.34647749296738917,17:0.6004136658918221,18:0.5976209480564431,19:0.7358617959465918,20:0.6155288751922249,21:0.08466125017659976,22:0.8332814286731814,23:0.9748716610695668,24:0.7185279748452368,25:0.5123530893402187,26:0.5335981793482846,27:0.07446687263310692,28:0.3487702940689109,29:0.20148889136820414,30:0.3784933363134396,31:0.8561443359262901,32:0.7327790005067157,33:0.7227262342092295,34:0.5455004590048432,35:0.14765669148928184,36:0.4910516879088418,37:0.8487544780509618,38:0.35523790306458203,39:0.5983384614068986,40:0.6603843242176548} with alpha 26.0 and beta 171.0, percentage 14.705882352941178
The arm 20 has vector {0:0.6008556726565897,1:0.9070539123727451,2:0.017288275804732578,3:0.8832865025770344,4:0.6134499469333384,5:0.08534694186280345,6:0.16350263661174547,7:0.9816360901577099,8:0.1419953876442226,9:0.17184441356938196,10:0.5348373001476077,11:0.8053533401929512,12:0.7060640157730664,13:0.8959530235494101,14:0.18630317302178312,15:0.07305320342600685,16:0.8884189731453079,17:0.7230947446466482,18:0.3688950062420674,19:0.7594555476127107,20:0.33029052143733717,21:0.8663776163878953,22:0.942712875499741,23:0.15309153479979387,24:0.12633438551560228,25:0.6369109060535657,26:0.07564006897194009,27:0.6861818595898049,28:0.6361439013137627,29:0.1551282553937483,30:0.8152591614554809,31:0.6597875155786149,32:0.11777701811707009,33:0.42379983507594443,34:0.23096522904053018,35:0.9381643708239288,36:0.4626830591185508,37:0.42391682110464934,38:0.49667444944293004,39:0.8437093300627339,40:0.8676673399591718} with alpha 16.0 and beta 115.0, percentage 13.157894736842104
The arm 21 has vector {0:0.0944648111731935,1:0.7375444976408052,2:0.6643077056133192,3:0.42947466454098493,4:0.48755512872758733,5:0.7903030987293018,6:0.2541684494266976,7:0.8149539888817179,8:0.5620433658504849,9:0.38264857448681966,10:0.13079497475934165,11:0.12382079055628592,12:0.37634421712968524,13:0.3638574294586915,14:0.6707548221836235,15:0.7307232197770532,16:0.9052454299344761,17:0.7815086020443668,18:0.0744776788410908,19:0.45022860677948295,20:0.6665517721384595,21:0.6299819382198392,22:0.7062174223092763,23:0.6634248582988742,24:0.018793170592951602,25:0.6516799432472202,26:0.7954002724827913,27:0.5739077510754477,28:0.49584977703756494,29:0.8667161319111514,30:0.23493746483316946,31:0.952870355904458,32:0.7900335750376145,33:0.5440475551400931,34:0.5536698265979071,35:0.8118889375598992,36:0.23891679345806927,37:0.6699710331418628,38:0.5240260519505451,39:0.3575385399236385,40:0.7028198353834955} with alpha 22.0 and beta 146.0, percentage 14.482758620689657
The arm 22 has vector {0:0.8969685536635871,1:0.20808735988677307,2:0.4247363101302213,3:0.17794135824868995,4:0.9754788882088138,5:0.904650965916463,6:0.24572666076716632,7:0.3764593778277934,8:0.9307945647823157,9:0.9759368276982051,10:0.624070777750912,11:0.6912243969997091,12:0.4730900324681273,13:0.5403200481094658,14:0.5423126937904771,15:0.8906585709463033,16:0.7393050549688828,17:0.5163116011600498,18:0.7457762933954989,19:0.633827841490199,20:0.5597719630725904,21:0.767661516744747,22:0.011296952799598636,23:0.8832644129432407,24:0.4579768101943945,25:0.11459224194959161,26:0.7582062276295165,27:0.7432462742053549,28:0.8002194002877199,29:0.4356373385391138,30:0.23591859941885407,31:0.50244925347921,32:0.6083712016243776,33:0.6594959443306442,34:0.5665585085822881,35:0.11120405352659424,36:0.5754094955000415,37:0.4092148661737297,38:0.07776680668751546,39:0.3474463661710314,40:0.15085447728347134} with alpha 18.0 and beta 132.0, percentage 12.977099236641221
The arm 23 has vector {0:0.11650658768678257,1:0.18052101016704947,2:0.3567725923076003,3:0.0036799835791645474,4:0.9537823108756317,5:0.6663850285160519,6:0.2561814031108819,7:0.013329208560024286,8:0.31027159311373287,9:0.8605291703543546,10:0.6692240348404048,11:0.6462923618414664,12:0.7064141468866919,13:0.6148107196527809,14:0.8136907532496486,15:0.8931380766684641,16:0.6655999771444727,17:0.8109134133498128,18:0.9099079440132243,19:0.30698839375377507,20:0.7406040275311028,21:0.5639287967337855,22:0.5832842530314435,23:0.1605134253713979,24:0.6650704474500296,25:0.6595272721779377,26:0.5233416652993108,27:0.36731252664583114,28:0.14162695406346648,29:0.9702481588730781,30:0.48870181484477004,31:0.8608881651398888,32:0.1427432126532573,33:0.9940521540348346,34:0.6329826443231252,35:0.18853836512118682,36:0.6930677321147609,37:0.40458632636358804,38:0.7876218024474065,39:0.7479039740983041,40:0.9726560707065444} with alpha 13.0 and beta 101.0, percentage 12.0
The arm 24 has vector {0:0.16714862230597105,1:0.9134126304127722,2:0.9634370471274317,3:0.2100569216775705,4:0.14702960053766112,5:0.664582981404372,6:0.1835697768352924,7:0.3732707412425821,8:0.05696363293968032,9:0.056845319892969925,10:0.8857986793141264,11:0.7822794605527317,12:0.4865255487539414,13:0.916919685335677,14:0.6233384144941501,15:0.6008021079408475,16:0.9491740591356725,17:0.44006966315386054,18:0.176303255609092,19:0.5143605070835202,20:0.15222919436566718,21:0.03456805328429724,22:0.20423553106107284,23:0.8290401998500171,24:0.969473493992974,25:0.7300643947840638,26:0.13808859357141334,27:0.3136661773067788,28:0.558087555046535,29:0.860807689196213,30:0.5049819281199025,31:0.8462657003251494,32:0.454088628421518,33:0.9162075929582031,34:0.869678157513759,35:0.89130891638332,36:0.5971236779126013,37:0.12812720518029064,38:0.6856541886361971,39:0.29161620568192903,40:0.6134342620527571} with alpha 1.0 and beta 30.0, percentage 0.0
The arm 25 has vector {0:3.1876377428852187E-4,1:0.9437558935263685,2:0.9465217244384898,3:0.24326336840171814,4:0.8798140173864316,5:0.7875862135063366,6:0.7529832930551588,7:0.9773469666228692,8:0.19091201446520234,9:0.22600155338505978,10:0.5847707865113798,11:0.9634751026523353,12:0.5625734895247173,13:0.8705093207711757,14:0.2058873789523552,15:0.5888761949554787,16:0.5574046824062039,17:0.35674097204013977,18:0.5441153396230217,19:0.41509007807699194,20:0.8242624497886513,21:0.4802825701528658,22:0.9396797302243288,23:0.661146521634384,24:0.07068740997077272,25:0.6807906444298351,26:0.3055540793505086,27:0.25720744766329395,28:0.7032564462917139,29:0.9664044823775156,30:0.8393279135537527,31:0.9732809261203388,32:0.9972648596027814,33:0.9639177326293047,34:0.8589885072093221,35:0.2704594881634854,36:0.3080509597837384,37:0.7265718574646418,38:0.09710180759495135,39:0.9469645281462477,40:0.8195478847705489} with alpha 21.0 and beta 144.0, percentage 13.986013986013987
The arm 26 has vector {0:0.33220560820894374,1:0.21045628703781327,2:0.6931264537410152,3:0.5730566272777973,4:0.20413644141320308,5:0.9387295863130407,6:0.7798805942699382,7:0.78640896511441,8:0.8203436110444593,9:0.9216641120573229,10:0.9232000203137444,11:0.09624768278309137,12:0.32139749203842305,13:0.27469206181689454,14:0.10805814620181853,15:0.09960994627976627,16:0.1655796125123299,17:0.5646548702936252,18:0.9714518338615121,19:0.530172890413959,20:0.2658819284536349,21:0.8292808658999492,22:0.3839740322806715,23:0.6989865800826479,24:0.5682028696113633,25:0.741449129967567,26:0.6407554428909795,27:0.5994470677132746,28:0.05558020078132675,29:0.49053373661284594,30:0.8742757820661711,31:0.5991922559066151,32:0.9158091566925352,33:0.11564438943540489,34:0.3246008139178007,35:0.2212969909664153,36:0.026802481134415967,37:0.5094476993771822,38:0.7558409687626413,39:0.8739482969646701,40:0.1482012481287085} with alpha 4.0 and beta 54.0, percentage 5.660377358490567
The arm 27 has vector {0:0.42992344707146257,1:0.9894579969956729,2:0.5685643474075628,3:0.5909280136181764,4:0.5457342316977968,5:0.6808480612058802,6:0.29442828201960813,7:0.017336658328262256,8:0.8262945106823373,9:0.011426313777873953,10:0.8661865850684642,11:0.5864932512956844,12:0.3315149926571095,13:0.22579381449002367,14:0.7635229318848996,15:0.9797839430620167,16:0.4574112296330265,17:0.12179363542742005,18:0.11144618007826901,19:0.4344957103422218,20:0.758106600351591,21:0.4955235905509233,22:0.08740561466494368,23:0.6364297133066171,24:0.5733970343524878,25:0.26199261511401206,26:0.3948894620672109,27:0.6344256217254031,28:0.15199201988205224,29:0.9749798378232586,30:0.6269354238702377,31:0.22471206523748977,32:0.05557719481862955,33:0.7804778279880317,34:0.977095570436127,35:0.024957365096219375,36:0.2506715502776097,37:0.22300292781189135,38:0.6929272565070933,39:0.5177355777029312,40:0.8080362333277628} with alpha 9.0 and beta 71.0, percentage 11.428571428571429
The arm 28 has vector {0:0.2834413079531364,1:0.20645659791388893,2:0.8298998615402225,3:0.6042897983544315,4:0.2260400133320577,5:0.5229543666734587,6:0.8601578873775321,7:0.2644050838508353,8:0.13706168971767807,9:0.5836516490949832,10:0.4286617352971025,11:0.9841994123584091,12:0.874605662956896,13:0.61532318932017,14:0.6486300453659581,15:0.5764320021767891,16:0.44717250261169017,17:0.6480677878513798,18:0.29450618906077386,19:0.716959670639033,20:0.25208450350154177,21:0.5991895261810218,22:0.7780349639940886,23:0.4303258777198006,24:0.6493448737437381,25:0.515877581694201,26:0.3536250554190863,27:0.2682439748110492,28:0.5553989264936516,29:0.21188934611960664,30:0.6520123681979274,31:0.4248080814803593,32:0.5040330319470739,33:0.2072336218544174,34:0.011826477629556686,35:0.7006139935998761,36:0.926460423747053,37:0.8561499416625834,38:0.7367043107509879,39:0.7321766319821044,40:0.853420196482488} with alpha 18.0 and beta 125.0, percentage 13.709677419354838
The arm 29 has vector {0:0.53140518501723,1:0.7628590786441751,2:0.1527311577925139,3:0.566005604690361,4:0.12093041272628202,5:0.21269078856065138,6:0.20687782979950697,7:0.3655355391310484,8:0.382606309051408,9:0.8470229781874024,10:0.5836399765053636,11:0.3710515028327761,12:0.6997731552616396,13:0.6452712347815847,14:0.7714067249763773,15:0.9363312937469336,16:0.9096179571060223,17:0.7893858420082647,18:0.494161778555562,19:0.3452575083137709,20:0.018049493698565344,21:0.9241555456095034,22:0.36644425971960737,23:0.0710541086918891,24:0.602504293214881,25:0.7753519266211438,26:0.8160393022913291,27:0.3510886640712274,28:0.9466050581171297,29:0.25995885997870094,30:0.7783568115611328,31:0.9808447389105726,32:0.7241014385343794,33:0.2496346425698196,34:0.4178592188575172,35:0.3943315883383185,36:0.4107372604754539,37:0.6944069803870961,38:0.7511981452362013,39:0.27103620599476574,40:0.22349723054257853} with alpha 51.0 and beta 276.0, percentage 18.181818181818183
The arm 30 has vector {0:0.2880411002856843,1:0.08985955904701992,2:0.24183036215265807,3:0.44632036300503286,4:0.9273535467751385,5:0.7804367165867232,6:0.6516899369718404,7:0.36540271849387673,8:0.4302949397810675,9:0.1325150137771366,10:0.7949110079646559,11:0.8469240345330047,12:0.6663187362625607,13:0.7175124557707703,14:0.36744368686574025,15:0.8223937630052045,16:0.44891194797683476,17:0.9684159640326779,18:0.7079562771353684,19:0.8292372988992448,20:0.9047647516893375,21:0.08670542629418387,22:0.943355816105468,23:0.5172520465212075,24:0.8719787137701653,25:0.13982426157368932,26:0.42563716865181256,27:0.919972760329369,28:0.7847346945816125,29:0.8314170048434438,30:0.2477923474006658,31:0.01049993753193934,32:0.5037055599258009,33:0.19394886055982075,34:0.04264499830226576,35:0.4720872915086509,36:0.058385069559082514,37:0.6945332425846321,38:0.14284706096589628,39:0.8731910546483477,40:0.18740638670845333} with alpha 3.0 and beta 42.0, percentage 4.878048780487805
The arm 31 has vector {0:0.07728370408992402,1:0.16869194642467444,2:0.5852102345093299,3:0.46666166740350423,4:0.4301141447853748,5:0.8040557976402807,6:0.8686254766295094,7:0.9664984853049611,8:0.3916202131118206,9:0.24588885589586706,10:0.7078671439389047,11:0.5295319551702233,12:0.9264963464471826,13:0.4197879878281049,14:0.41144161807694013,15:0.892637594158291,16:0.47674629160514626,17:0.3796828152253464,18:0.38247759109034707,19:0.34612124430498104,20:0.6392072146529114,21:0.5079058383103928,22:0.3341151680123343,23:0.3608001071696716,24:0.69686926639067,25:0.38913953796800427,26:0.16026821996971796,27:0.184551062077578,28:0.6526627368545184,29:0.859371400471624,30:0.2543155020849531,31:0.6229312037019958,32:0.17157038833626026,33:0.9335098759294455,34:0.6497297267283532,35:0.7787802677532008,36:0.2694445914439506,37:0.1495102249864062,38:0.8434515333601557,39:0.35308397019695437,40:0.5213721236084234} with alpha 8.0 and beta 72.0, percentage 9.859154929577464
The arm 32 has vector {0:0.5434787691963714,1:0.24829361709162245,2:0.2512195518569159,3:0.5033608148623614,4:0.20305430561547178,5:0.11339337904336988,6:0.5601773842970986,7:0.8274650518357063,8:0.062178247855281366,9:0.8119366453656527,10:0.8914635699567265,11:0.39985687679763693,12:0.6712378415936243,13:0.08331142724712393,14:0.6545134762725602,15:0.6936274254392464,16:0.520731688847328,17:0.07475480353010744,18:0.5079059374633196,19:0.34691389931023975,20:0.005146040086003945,21:0.017379550827514856,22:0.3045580518903126,23:0.3694506222045376,24:0.968623165675801,25:0.09403782019536233,26:0.07956622194393204,27:0.37860269033431193,28:0.7155119282910045,29:0.819273126236083,30:0.20285872854047915,31:0.5247772885236672,32:0.6296643778259569,33:0.8255120726499231,34:0.6571127305365119,35:0.04996829134348024,36:0.17063665688830576,37:0.5774302860962585,38:0.6146030237649196,39:0.23398306828303805,40:0.18627878621693728} with alpha 5.0 and beta 60.0, percentage 6.779661016949152
The arm 33 has vector {0:0.2838527631508847,1:0.9853901866403162,2:0.9737031191125542,3:0.6064624713715295,4:0.4001336249148093,5:0.6227224535888591,6:0.5206725846041176,7:0.6004574361890769,8:0.8021191161864188,9:0.3133692522651287,10:0.9475598270229535,11:0.040140361122692036,12:0.48992232336954766,13:0.8514585829438288,14:0.9711583658806071,15:0.7199445783675945,16:0.19250576072439174,17:0.6511444930553052,18:0.8491294235893637,19:0.4117426893095927,20:0.4833190796930561,21:0.6108492155744961,22:0.5598230199366044,23:0.8403219704930254,24:0.2249188317452253,25:0.8366644766697229,26:0.252528251046483,27:0.5274436857234831,28:0.06735586008072414,29:0.1337192111273655,30:0.8011111238338586,31:0.795884098416826,32:0.06492808692406793,33:0.9594566362499953,34:0.7078751749026573,35:0.9202355268748658,36:0.46696441248501364,37:0.8323459374278803,38:0.8532168945135481,39:0.7396779233360189,40:0.32891335572985325} with alpha 12.0 and beta 98.0, percentage 11.34020618556701
The arm 34 has vector {0:0.7047892982551026,1:0.8953174593335717,2:0.536311810681263,3:0.8284142697616164,4:0.6107645457428712,5:0.8061742934138143,6:0.6088107396700151,7:0.834604036364444,8:0.054907917129515815,9:0.8869016607057546,10:0.966830312705434,11:0.5368792054867675,12:0.25248757680921863,13:0.532785413952752,14:0.46155633219242775,15:0.2779890409757124,16:0.5978037530004207,17:0.45044132151185723,18:0.1601698092547792,19:0.9233970512319546,20:0.9693201148648909,21:0.453521420958508,22:0.4796455295622183,23:0.3334209019029659,24:0.4166450773524527,25:0.923238602962733,26:0.29338071926667353,27:0.3810194518961739,28:0.3444810633978823,29:0.5946962419615757,30:0.03526108696846175,31:0.2939805623456886,32:0.43231610330293313,33:0.4750180900068479,34:0.03930720680329636,35:0.115723917151762,36:0.9521175270815162,37:0.5213829094626871,38:0.3894151652061294,39:0.1682588998852267,40:0.7884952931455007} with alpha 7.0 and beta 69.0, percentage 8.823529411764707
The arm 35 has vector {0:0.0236308279932802,1:0.25325081371176805,2:0.8855141614721554,3:0.19485000118751128,4:0.9278152477308935,5:0.25392453081096833,6:0.9269539493480002,7:0.5638557167316234,8:0.2310221537764412,9:0.5394758601164422,10:0.4330974243366217,11:0.5839765039695725,12:0.4116139901129482,13:0.4492424261589544,14:0.14122911855269626,15:0.40890099752972564,16:0.9252042645732513,17:0.7858967622814834,18:0.8640250456591739,19:0.9502513534987651,20:0.8648171776610953,21:0.6908216034112296,22:0.8137216204785164,23:0.6770263453988447,24:0.6910465426223408,25:0.11685543622822259,26:0.5823554726874185,27:0.1035151890146142,28:0.0352501727625818,29:0.03760362687553953,30:0.6849226755639456,31:0.7925778167271426,32:0.7602288481926383,33:0.7921011889142613,34:0.059432257133550825,35:0.6821572668538634,36:0.7641471564681788,37:0.9204784821765046,38:0.4199111646714072,39:0.5935507765173424,40:0.019898258583106676} with alpha 7.0 and beta 60.0, percentage 10.16949152542373
The arm 36 has vector {0:0.6221645040244408,1:0.1733189442355254,2:0.6300662560477094,3:0.39020900824323734,4:0.7068033929652018,5:0.7960877504857468,6:0.6771581379622591,7:0.2549408310763076,8:0.6826384810240214,9:0.32931238249652917,10:0.1791012780763762,11:0.8583712484694893,12:0.29476598885286354,13:0.7014239610014479,14:0.5623450306448347,15:0.33179393220827846,16:0.7889343948418632,17:0.20944263115091877,18:0.37122579523803434,19:0.7379425111704686,20:0.5705370162770813,21:0.18099814080174248,22:0.36822860535190616,23:0.5855050015264273,24:0.6357821602453337,25:0.11770319259755191,26:0.8122623667596323,27:0.2354494967315497,28:0.7645138737300008,29:0.40327607420971645,30:0.16810789934106662,31:0.5696244714323637,32:0.49085801508920923,33:0.4708150223448109,34:0.0023255243926265656,35:0.41785176869903806,36:0.4855384714212724,37:0.2804340336704987,38:0.13535679468873119,39:0.19404922266411206,40:0.7047900016324702} with alpha 3.0 and beta 45.0, percentage 4.545454545454546
The arm 37 has vector {0:0.9969011193059688,1:0.6170014663216291,2:0.3505143323300173,3:0.2985603100720712,4:0.5978512625081451,5:0.7719952272510521,6:0.299316529155502,7:0.8190252594208142,8:0.9579950063321033,9:0.6082990610512324,10:0.8565315887387754,11:0.699921269251277,12:0.3865927716820087,13:0.1682870651762728,14:0.7732842348893886,15:0.24635178095563892,16:0.41394384115544813,17:0.22255927020891797,18:0.4979286823347784,19:0.9587626056944076,20:0.8810588932771614,21:0.2536891697933805,22:0.5460608214799434,23:0.1526210386949166,24:0.2709915880237098,25:0.5637999592071481,26:0.020542860973814525,27:0.29970157374552675,28:0.4292935541014893,29:0.8260033437478348,30:0.08340764217195307,31:0.41950760498513073,32:0.36508831433299227,33:0.8993686244884878,34:0.8843362882492948,35:0.9935734802554098,36:0.8867247370131429,37:0.18688250263783746,38:0.8654325693548452,39:0.8315801048568665,40:0.8340049010934887} with alpha 25.0 and beta 161.0, percentage 15.0
The arm 38 has vector {0:0.23266906585115688,1:0.7077995950706354,2:0.9461194232462936,3:0.4760439053573151,4:0.3487796185442049,5:0.37526149488450233,6:0.9871014886804783,7:0.08796185149625246,8:0.03510684898282623,9:0.3171883767746795,10:0.3387730321954462,11:0.9359687014637106,12:0.5742203575342724,13:0.6960331945586404,14:0.24047817554078688,15:0.4683729006820345,16:0.8899251402511198,17:0.2006824278282039,18:0.6265125484088591,19:0.009127179225312587,20:0.391726400999602,21:0.16713551765890888,22:0.17438678285004328,23:0.5609113790524632,24:0.7037046207581069,25:0.4646859899566985,26:0.829444718056395,27:0.6247068310524344,28:0.5672997827274031,29:0.3408984354379494,30:0.43897255781216016,31:0.236762346535641,32:0.31762529876220313,33:0.5933173473599214,34:0.5120978052704612,35:0.30747400754909093,36:0.4922801683510184,37:0.3641430935790826,38:0.4545079618014449,39:0.38030681600534444,40:0.8455145538622436} with alpha 19.0 and beta 127.0, percentage 14.285714285714285
The arm 39 has vector {0:0.5090187360356545,1:0.4481634882157216,2:0.5635952823098392,3:0.6647486168582005,4:0.44309021281773386,5:0.1205785328696708,6:0.6961405370859681,7:0.012649906437413483,8:0.4423009567306261,9:0.2603481394326773,10:0.9261274235972802,11:0.8275661147459799,12:0.9035674471291243,13:0.9291079778685697,14:0.999277513243381,15:0.7776335616753324,16:0.09282256007451661,17:0.5152518145826321,18:0.9197525780927287,19:0.3308963681510372,20:0.33834888967995747,21:0.6999223466484054,22:0.5898986481351586,23:0.15643122519652575,24:0.5951292239196961,25:0.7308868462708817,26:0.76594349696508,27:0.8884831467671397,28:0.8072510532432516,29:0.07866923741781962,30:0.5320385266630826,31:0.3510038159125175,32:0.7984147098175984,33:0.6095205632669852,34:0.8717427900245145,35:0.1287223947738959,36:0.03299923340054667,37:0.8267875183969943,38:0.9733160025464908,39:0.02078825545396845,40:0.4242124577861598} with alpha 4.0 and beta 44.0, percentage 6.976744186046512
The arm 40 has vector {0:0.3424282883916774,1:0.34729338259461207,2:0.9257567658386044,3:0.6811742059617912,4:0.7866064927793412,5:0.7879290895547532,6:0.22640538958836753,7:0.3035457717778688,8:0.8055752291689028,9:0.4861033242756049,10:0.18360715146550977,11:0.399433050563767,12:0.34343085823223607,13:0.9593726075596739,14:0.7042396333887265,15:0.046429106582377755,16:0.7700931124657403,17:0.05843405172623861,18:0.07859584233844485,19:0.44142488101776256,20:0.07089872913705975,21:0.22996537566688768,22:0.9870385405794508,23:0.6226122715102191,24:0.7796642501386659,25:0.2454067172384684,26:0.8876618628097369,27:0.014968001763344452,28:0.05773684819137981,29:0.46548240007997344,30:0.3676376009435848,31:0.27676023991900867,32:0.19926479971644517,33:0.7819882527662809,34:0.012446611194016688,35:0.07975035685137333,36:0.7624716059625428,37:0.5913135687722152,38:0.5964415411454344,39:0.653216342409614,40:0.4780381920671476} with alpha 18.0 and beta 133.0, percentage 12.878787878787879
The arm 41 has vector {0:0.936194566700214,1:0.5367402779319054,2:0.6588759402412144,3:0.20582079781176588,4:0.15826050802310787,5:0.7784856170849286,6:0.4930446401229813,7:0.9365783028316393,8:0.9596453843456254,9:0.14655596449316566,10:0.8552927340190669,11:0.4673929609961728,12:0.6800186515329593,13:0.4605044166345137,14:0.6142597783493973,15:0.6510663947597517,16:0.2931012967439748,17:0.21454284552650504,18:0.3931989329850699,19:0.40952275829958795,20:0.04933951876249698,21:0.40511117113686024,22:0.5281341010035243,23:0.030799062823723022,24:0.008723727102770695,25:0.22845354809242524,26:0.5762942656007218,27:0.4186037613410962,28:0.9502259394228804,29:0.5307664422614907,30:0.7229375057869801,31:0.5366216867071705,32:0.7120980305573709,33:0.34079305444702235,34:0.5112125122228758,35:0.9646077498989132,36:0.30357165737524805,37:0.5278612587591183,38:0.4367949666002694,39:0.5755173491066207,40:0.10043596223063611} with alpha 11.0 and beta 91.0, percentage 11.11111111111111
The arm 42 has vector {0:0.7477979168506442,1:0.2962809535957728,2:0.16862221957076717,3:0.46894504021891603,4:0.18490788560307392,5:0.4862264928627227,6:0.8426695197231721,7:0.7651216241719699,8:0.7007300464217027,9:0.28885307947882677,10:0.7272337791460539,11:0.8038899616868468,12:0.5100615914327131,13:0.4376068551818252,14:0.1823344598387341,15:0.6987283114608547,16:0.07537648814701081,17:0.8683619179239123,18:0.028057175863035133,19:0.5990380577650639,20:0.4024117681949595,21:0.8090858080024812,22:0.4710432178395021,23:0.9762095694109723,24:0.07707026736689104,25:0.348386080612216,26:0.48449885213858546,27:0.5166003138184213,28:0.3245598242699649,29:0.48926521010866697,30:0.9485387963199682,31:0.9147402934003023,32:0.5346906357289739,33:0.7948551376101968,34:0.04129661201386814,35:0.30863783644479137,36:0.8195165101371011,37:0.3880901520288207,38:0.6691774999558187,39:0.8527097963676774,40:0.06352024522096966} with alpha 22.0 and beta 150.0, percentage 14.093959731543624
The arm 43 has vector {0:0.6884642950355495,1:0.42260087659832557,2:0.43934562992194204,3:0.468742740204691,4:0.7662882143681,5:0.6928888437702119,6:0.40745594018996445,7:0.20420896940344935,8:0.9925867252630601,9:0.9866534229048429,10:0.9258953196500923,11:0.23841096482290647,12:0.9324575039166445,13:0.061030057858963316,14:0.917661423376044,15:0.8625839929937641,16:0.017882333402291506,17:0.8848552836107622,18:0.7053726768750148,19:0.9358928831304755,20:0.7392067287713727,21:0.3994951860544572,22:0.7733835047154751,23:0.816282245397934,24:0.983235099811543,25:0.2193823321510462,26:0.36037671490068635,27:0.6219506297445633,28:0.6610528509809075,29:0.5132956340901272,30:0.7130926458547004,31:0.38937736575866566,32:0.6707334659867098,33:0.8355424031339468,34:0.25543022547918115,35:0.15091619120006516,36:0.7107387656892815,37:0.9345967711783847,38:0.3349838794779708,39:0.21590350947048587,40:0.45660152968585666} with alpha 24.0 and beta 159.0, percentage 14.556962025316455
The arm 44 has vector {0:0.6659976893827032,1:0.11523300807636783,2:0.37706338283442686,3:0.875515899812117,4:0.7671326984019687,5:0.0957330688118394,6:0.5408164635234081,7:0.1394226881785008,8:0.6221369686432869,9:0.4480263875810998,10:0.6511676327369508,11:0.2392038529280558,12:0.26771897899350017,13:0.9427662999160021,14:0.39102788444343717,15:0.18025725916754165,16:0.0062878792967066,17:0.9912943421418505,18:0.4906445962290865,19:0.695198163373435,20:0.9207936004760765,21:0.058651238358993774,22:0.799277057691556,23:0.9725522592103147,24:0.9482065883968597,25:0.35712153136389113,26:0.5691445367416942,27:0.3002780801597843,28:0.9810483125190499,29:0.3140729198866695,30:0.4351945951579288,31:0.3469365338819991,32:0.5995381028188591,33:0.8991707826768456,34:0.22128887523866436,35:0.17917261890516423,36:0.5312501745839773,37:0.8830849076997932,38:0.07776924424398257,39:0.2606486817229472,40:0.11869042792273121} with alpha 18.0 and beta 123.0, percentage 13.934426229508196
The arm 45 has vector {0:0.6442635602473249,1:0.3094061736200042,2:0.685785830354249,3:0.19224852079609656,4:0.9385331095170797,5:0.1791759324342994,6:0.20867919480559072,7:0.36161021517802727,8:0.24860436207376968,9:0.008296216906720555,10:0.2811104530709524,11:0.12173857753116823,12:0.051901625676683105,13:0.26106246204963035,14:0.7298447817245269,15:0.8274246806342992,16:0.09555482081631339,17:0.008149028705918493,18:0.10348834170268273,19:0.8684000849708843,20:0.7072091185793514,21:0.21857462240136116,22:0.06084078733887255,23:0.32513766140557554,24:0.9917352406992274,25:0.16784462649584486,26:0.8264676419175477,27:0.5166019936135626,28:0.3637737372711848,29:0.046797513937061774,30:0.5863352875946373,31:0.3976513727543435,32:0.7646396130577946,33:0.33813905750048023,34:0.7466055048554954,35:0.045865303572244054,36:0.04479045716086716,37:0.5503062007169489,38:0.8861167515982727,39:0.466913203565652,40:0.42638286483013765} with alpha 46.0 and beta 260.0, percentage 17.374517374517374
The arm 46 has vector {0:0.016926570527321605,1:0.6915351233614733,2:0.6696367107862379,3:0.1645847191639127,4:0.6276162447084831,5:0.8823340201060368,6:0.9262508113788193,7:0.8301655759791476,8:0.1720749474621649,9:0.774127241362869,10:0.06937821694717117,11:0.30234080981195355,12:0.4319940308112793,13:0.15001173552696934,14:0.40307031597935616,15:0.9670871881031926,16:0.1098945564229784,17:0.8547772198747243,18:0.6051254201953958,19:0.4513895124084546,20:0.7149103728917798,21:0.12715756316423021,22:0.3238691486089198,23:0.6359481083148112,24:0.73906853276415,25:0.7168188007966336,26:0.8480906854301087,27:0.5422950402190787,28:0.09318895784632819,29:0.9795003299538512,30:0.3115087060766145,31:0.9716126292075099,32:0.28820551106595804,33:0.23113068951420424,34:0.7993849178265925,35:0.1328032960582478,36:0.4058374202460008,37:0.5630066865189356,38:0.17682688539076052,39:0.534159450372646,40:0.570099214453162} with alpha 52.0 and beta 292.0, percentage 17.525773195876287
The arm 47 has vector {0:0.5921401789344669,1:0.7673152776696038,2:0.8417775212151033,3:0.38523000283195086,4:0.6878549993813804,5:0.6444755391979287,6:0.6142037955426243,7:0.6678618232411101,8:0.4490971467593242,9:0.6933450176343366,10:0.3669859824966816,11:0.46784236292139014,12:0.04088828621659124,13:0.8180618312238406,14:0.3506481762734036,15:0.17446536762411502,16:0.24082709522967016,17:0.9023844259555381,18:0.5638025319859786,19:0.5445463603186921,20:0.18154452535870114,21:0.19304796261174573,22:0.8873084129935056,23:0.9398810829543541,24:0.011134824179008573,25:0.1292278895053609,26:0.01567579058612767,27:0.1553049552840644,28:0.13422456398448368,29:0.8023298530861249,30:0.6422142373743254,31:0.28089544545551814,32:0.33212517073620906,33:0.680866394274427,34:0.38214874423742295,35:0.8962554257874203,36:0.315499326472757,37:0.10303932229937995,38:0.6760118312760037,39:0.004840526503900211,40:0.4632827289866257} with alpha 24.0 and beta 158.0, percentage 14.64968152866242
The arm 48 has vector {0:0.7493473842001512,1:0.8979402175184175,2:0.9055836885343558,3:0.7517323037122001,4:0.7802561859562741,5:0.5111839233313257,6:0.3999723328440348,7:0.7292561926210849,8:0.6385689162260177,9:0.1408111783031777,10:0.49118805975973623,11:0.3207208206994192,12:0.9852708506657094,13:0.9810527595749783,14:0.02512273381921204,15:0.06791012777370009,16:0.5642456838238715,17:0.6916347740406085,18:0.5270739534759101,19:0.7432835690104681,20:0.9930697754493951,21:0.9368890500299035,22:0.687637859614354,23:0.5336823260673048,24:0.22542794316993742,25:0.6765804921516279,26:0.07777730885522416,27:0.08682462564216897,28:0.4386693359030521,29:0.043222946109138904,30:0.8898471348704402,31:0.8888486646278632,32:0.4247256028895863,33:0.6734633821824514,34:0.7091999098377584,35:0.2918711499306178,36:0.5552407318827243,37:0.7495622177444735,38:0.9584766554103764,39:0.4940457548969377,40:0.6907702469959702} with alpha 73.0 and beta 372.0, percentage 19.40700808625337
The arm 49 has vector {0:0.41517945464392236,1:0.5858480598446155,2:0.2138428772793035,3:0.6628928147802634,4:0.3818252785374403,5:0.5541472634174753,6:0.4054338001634644,7:0.19087257276368386,8:0.7917358696860738,9:0.9675365163670737,10:0.3418240723399155,11:0.9406375156472124,12:0.15804233775317666,13:0.19973472044340113,14:0.2907750471297119,15:0.3815575496448633,16:0.1025345521070683,17:0.3461599680939196,18:0.0491039817202108,19:0.19603190508180657,20:0.13147732357340847,21:0.9139300546804976,22:0.7660481351275198,23:0.9401033748889045,24:0.6219123732465648,25:0.7892191481238476,26:0.1948069754868933,27:0.4488687438623383,28:0.5114806092014013,29:0.543929100966452,30:0.6523604606575452,31:0.6114384406784943,32:0.7463905483411452,33:0.9637728508320315,34:0.9216573724173702,35:0.9963941142479426,36:0.03771289857121274,37:0.6065512219504221,38:0.8958977644353714,39:0.6479107580347193,40:0.11248353750294049} with alpha 16.0 and beta 114.0, percentage 13.274336283185843
The best arm is 48 with vector {0:0.7493473842001512,1:0.8979402175184175,2:0.9055836885343558,3:0.7517323037122001,4:0.7802561859562741,5:0.5111839233313257,6:0.3999723328440348,7:0.7292561926210849,8:0.6385689162260177,9:0.1408111783031777,10:0.49118805975973623,11:0.3207208206994192,12:0.9852708506657094,13:0.9810527595749783,14:0.02512273381921204,15:0.06791012777370009,16:0.5642456838238715,17:0.6916347740406085,18:0.5270739534759101,19:0.7432835690104681,20:0.9930697754493951,21:0.9368890500299035,22:0.687637859614354,23:0.5336823260673048,24:0.22542794316993742,25:0.6765804921516279,26:0.07777730885522416,27:0.08682462564216897,28:0.4386693359030521,29:0.043222946109138904,30:0.8898471348704402,31:0.8888486646278632,32:0.4247256028895863,33:0.6734633821824514,34:0.7091999098377584,35:0.2918711499306178,36:0.5552407318827243,37:0.7495622177444735,38:0.9584766554103764,39:0.4940457548969377,40:0.6907702469959702} with alpha 73.0 and beta 372.0, percentage 19.40700808625337
The right guesses are: 858 which means 13.989890754932333% correct
Done
The current arm is 48 with vector {0:0.7493473842001512,1:0.8979402175184175,2:0.9055836885343558,3:0.7517323037122001,4:0.7802561859562741,5:0.5111839233313257,6:0.3999723328440348,7:0.7292561926210849,8:0.6385689162260177,9:0.1408111783031777,10:0.49118805975973623,11:0.3207208206994192,12:0.9852708506657094,13:0.9810527595749783,14:0.02512273381921204,15:0.06791012777370009,16:0.5642456838238715,17:0.6916347740406085,18:0.5270739534759101,19:0.7432835690104681,20:0.9930697754493951,21:0.9368890500299035,22:0.687637859614354,23:0.5336823260673048,24:0.22542794316993742,25:0.6765804921516279,26:0.07777730885522416,27:0.08682462564216897,28:0.4386693359030521,29:0.043222946109138904,30:0.8898471348704402,31:0.8888486646278632,32:0.4247256028895863,33:0.6734633821824514,34:0.7091999098377584,35:0.2918711499306178,36:0.5552407318827243,37:0.7495622177444735,38:0.9584766554103764,39:0.4940457548969377,40:0.6907702469959702} with alpha 81.0 and beta 663.0
The order information:
Date: 2012-05-09T17:07:05.000+02:00
It predicted these items for order 1778911 :
   31560 with score of 877.714186928445
   752 with score of 369.4203404727189
   27900 with score of 334.8797624102446
   20430 with score of 298.3414161551691
   748 with score of 296.1375077879048
   5003 with score of 255.739293837259
   21714 with score of 247.97719090048622
   11832 with score of 241.52720472934374
   31553 with score of 229.41629048324427
   27576 with score of 213.09424216130327
These are the actual items bought: 
   11832
   30233
The current arm is 48 with vector {0:0.7493473842001512,1:0.8979402175184175,2:0.9055836885343558,3:0.7517323037122001,4:0.7802561859562741,5:0.5111839233313257,6:0.3999723328440348,7:0.7292561926210849,8:0.6385689162260177,9:0.1408111783031777,10:0.49118805975973623,11:0.3207208206994192,12:0.9852708506657094,13:0.9810527595749783,14:0.02512273381921204,15:0.06791012777370009,16:0.5642456838238715,17:0.6916347740406085,18:0.5270739534759101,19:0.7432835690104681,20:0.9930697754493951,21:0.9368890500299035,22:0.687637859614354,23:0.5336823260673048,24:0.22542794316993742,25:0.6765804921516279,26:0.07777730885522416,27:0.08682462564216897,28:0.4386693359030521,29:0.043222946109138904,30:0.8898471348704402,31:0.8888486646278632,32:0.4247256028895863,33:0.6734633821824514,34:0.7091999098377584,35:0.2918711499306178,36:0.5552407318827243,37:0.7495622177444735,38:0.9584766554103764,39:0.4940457548969377,40:0.6907702469959702} with alpha 228.0 and beta 1663.0
The order information:
Date: 2012-05-10T17:54:43.000+02:00
It predicted these items for order 1779917 :
   31560 with score of 886.9254538137807
   752 with score of 383.0836999546688
   27900 with score of 328.0967465217153
   748 with score of 309.8404333513172
   20430 with score of 293.9842675356669
   5003 with score of 264.72139638743477
   21714 with score of 257.9460252346441
   11832 with score of 241.6650029478364
   31553 with score of 234.81831840275703
   29669 with score of 229.59809365744
These are the actual items bought: 
   30342
   23374
   32289
The current arm is 48 with vector {0:0.7493473842001512,1:0.8979402175184175,2:0.9055836885343558,3:0.7517323037122001,4:0.7802561859562741,5:0.5111839233313257,6:0.3999723328440348,7:0.7292561926210849,8:0.6385689162260177,9:0.1408111783031777,10:0.49118805975973623,11:0.3207208206994192,12:0.9852708506657094,13:0.9810527595749783,14:0.02512273381921204,15:0.06791012777370009,16:0.5642456838238715,17:0.6916347740406085,18:0.5270739534759101,19:0.7432835690104681,20:0.9930697754493951,21:0.9368890500299035,22:0.687637859614354,23:0.5336823260673048,24:0.22542794316993742,25:0.6765804921516279,26:0.07777730885522416,27:0.08682462564216897,28:0.4386693359030521,29:0.043222946109138904,30:0.8898471348704402,31:0.8888486646278632,32:0.4247256028895863,33:0.6734633821824514,34:0.7091999098377584,35:0.2918711499306178,36:0.5552407318827243,37:0.7495622177444735,38:0.9584766554103764,39:0.4940457548969377,40:0.6907702469959702} with alpha 371.0 and beta 2663.0
The order information:
Date: 2012-05-11T22:39:32.000+02:00
It predicted these items for order 1780921 :
   31560 with score of 839.5735462541478
   752 with score of 387.7890605962767
   748 with score of 364.0472031976082
   27900 with score of 309.581932579614
   20430 with score of 293.2077964276264
   21714 with score of 258.00385208443674
   5003 with score of 257.10569767638424
   29669 with score of 241.95030054266047
   11832 with score of 234.82080591576596
   27576 with score of 227.77121639097112
These are the actual items bought: 
   31776
The current arm is 48 with vector {0:0.7493473842001512,1:0.8979402175184175,2:0.9055836885343558,3:0.7517323037122001,4:0.7802561859562741,5:0.5111839233313257,6:0.3999723328440348,7:0.7292561926210849,8:0.6385689162260177,9:0.1408111783031777,10:0.49118805975973623,11:0.3207208206994192,12:0.9852708506657094,13:0.9810527595749783,14:0.02512273381921204,15:0.06791012777370009,16:0.5642456838238715,17:0.6916347740406085,18:0.5270739534759101,19:0.7432835690104681,20:0.9930697754493951,21:0.9368890500299035,22:0.687637859614354,23:0.5336823260673048,24:0.22542794316993742,25:0.6765804921516279,26:0.07777730885522416,27:0.08682462564216897,28:0.4386693359030521,29:0.043222946109138904,30:0.8898471348704402,31:0.8888486646278632,32:0.4247256028895863,33:0.6734633821824514,34:0.7091999098377584,35:0.2918711499306178,36:0.5552407318827243,37:0.7495622177444735,38:0.9584766554103764,39:0.4940457548969377,40:0.6907702469959702} with alpha 537.0 and beta 3663.0
The order information:
Date: 2012-05-13T15:53:25.000+02:00
It predicted these items for order 1781930 :
   31560 with score of 795.8695675804631
   748 with score of 389.7653303980753
   752 with score of 389.2200762711299
   20430 with score of 295.8675237819433
   27900 with score of 284.46353725244796
   5003 with score of 279.8746429951955
   21714 with score of 278.9078453281377
   29669 with score of 240.97672281822955
   27576 with score of 232.8759159576237
   11832 with score of 220.3069661592487
These are the actual items bought: 
   2084
   29003
   31950
   20990
   31940
   30573
   20678
   30195
   25363
   27900
The current arm is 48 with vector {0:0.7493473842001512,1:0.8979402175184175,2:0.9055836885343558,3:0.7517323037122001,4:0.7802561859562741,5:0.5111839233313257,6:0.3999723328440348,7:0.7292561926210849,8:0.6385689162260177,9:0.1408111783031777,10:0.49118805975973623,11:0.3207208206994192,12:0.9852708506657094,13:0.9810527595749783,14:0.02512273381921204,15:0.06791012777370009,16:0.5642456838238715,17:0.6916347740406085,18:0.5270739534759101,19:0.7432835690104681,20:0.9930697754493951,21:0.9368890500299035,22:0.687637859614354,23:0.5336823260673048,24:0.22542794316993742,25:0.6765804921516279,26:0.07777730885522416,27:0.08682462564216897,28:0.4386693359030521,29:0.043222946109138904,30:0.8898471348704402,31:0.8888486646278632,32:0.4247256028895863,33:0.6734633821824514,34:0.7091999098377584,35:0.2918711499306178,36:0.5552407318827243,37:0.7495622177444735,38:0.9584766554103764,39:0.4940457548969377,40:0.6907702469959702} with alpha 689.0 and beta 4663.0
The order information:
Date: 2012-05-14T16:46:54.000+02:00
It predicted these items for order 1782931 :
   31560 with score of 791.5399656141147
   748 with score of 425.10308108689577
   752 with score of 393.224776857842
   20430 with score of 290.36921707494236
   5003 with score of 283.5926601389553
   21714 with score of 282.08592676952543
   27900 with score of 277.1212602816079
   27576 with score of 260.54323251430196
   29669 with score of 240.23859082016747
   31553 with score of 237.28262752345609
These are the actual items bought: 
   32564
The current arm is 48 with vector {0:0.7493473842001512,1:0.8979402175184175,2:0.9055836885343558,3:0.7517323037122001,4:0.7802561859562741,5:0.5111839233313257,6:0.3999723328440348,7:0.7292561926210849,8:0.6385689162260177,9:0.1408111783031777,10:0.49118805975973623,11:0.3207208206994192,12:0.9852708506657094,13:0.9810527595749783,14:0.02512273381921204,15:0.06791012777370009,16:0.5642456838238715,17:0.6916347740406085,18:0.5270739534759101,19:0.7432835690104681,20:0.9930697754493951,21:0.9368890500299035,22:0.687637859614354,23:0.5336823260673048,24:0.22542794316993742,25:0.6765804921516279,26:0.07777730885522416,27:0.08682462564216897,28:0.4386693359030521,29:0.043222946109138904,30:0.8898471348704402,31:0.8888486646278632,32:0.4247256028895863,33:0.6734633821824514,34:0.7091999098377584,35:0.2918711499306178,36:0.5552407318827243,37:0.7495622177444735,38:0.9584766554103764,39:0.4940457548969377,40:0.6907702469959702} with alpha 787.0 and beta 5663.0
The order information:
Date: 2012-05-15T15:02:20.000+02:00
It predicted these items for order 1783936 :
   31560 with score of 784.9988585087092
   748 with score of 443.2196693012029
   752 with score of 381.4134460265335
   5003 with score of 291.61494128358885
   21714 with score of 284.602915807317
   20430 with score of 282.4645119830595
   27576 with score of 281.4569019772946
   27900 with score of 264.8410927277455
   29669 with score of 239.10997165939344
   31553 with score of 233.30697036850208
These are the actual items bought: 
   12096
The arm 48 has vector {0:0.7493473842001512,1:0.8979402175184175,2:0.9055836885343558,3:0.7517323037122001,4:0.7802561859562741,5:0.5111839233313257,6:0.3999723328440348,7:0.7292561926210849,8:0.6385689162260177,9:0.1408111783031777,10:0.49118805975973623,11:0.3207208206994192,12:0.9852708506657094,13:0.9810527595749783,14:0.02512273381921204,15:0.06791012777370009,16:0.5642456838238715,17:0.6916347740406085,18:0.5270739534759101,19:0.7432835690104681,20:0.9930697754493951,21:0.9368890500299035,22:0.687637859614354,23:0.5336823260673048,24:0.22542794316993742,25:0.6765804921516279,26:0.07777730885522416,27:0.08682462564216897,28:0.4386693359030521,29:0.043222946109138904,30:0.8898471348704402,31:0.8888486646278632,32:0.4247256028895863,33:0.6734633821824514,34:0.7091999098377584,35:0.2918711499306178,36:0.5552407318827243,37:0.7495622177444735,38:0.9584766554103764,39:0.4940457548969377,40:0.6907702469959702} with alpha 841.0 and beta 6134.0, percentage 13.696396543290396
The best arm is 48 with vector {0:0.7493473842001512,1:0.8979402175184175,2:0.9055836885343558,3:0.7517323037122001,4:0.7802561859562741,5:0.5111839233313257,6:0.3999723328440348,7:0.7292561926210849,8:0.6385689162260177,9:0.1408111783031777,10:0.49118805975973623,11:0.3207208206994192,12:0.9852708506657094,13:0.9810527595749783,14:0.02512273381921204,15:0.06791012777370009,16:0.5642456838238715,17:0.6916347740406085,18:0.5270739534759101,19:0.7432835690104681,20:0.9930697754493951,21:0.9368890500299035,22:0.687637859614354,23:0.5336823260673048,24:0.22542794316993742,25:0.6765804921516279,26:0.07777730885522416,27:0.08682462564216897,28:0.4386693359030521,29:0.043222946109138904,30:0.8898471348704402,31:0.8888486646278632,32:0.4247256028895863,33:0.6734633821824514,34:0.7091999098377584,35:0.2918711499306178,36:0.5552407318827243,37:0.7495622177444735,38:0.9584766554103764,39:0.4940457548969377,40:0.6907702469959702} with alpha 841.0 and beta 6134.0, percentage 13.696396543290396
The right guesses are: 840 which means 13.696396543290396% correct
Done
The current arm is 0 with vector {0:0.7406758379719248} with alpha 77.0 and beta 663.0
The order information:
Date: 2012-05-09T17:07:05.000+02:00
It predicted these items for order 1778911 :
   31560 with score of 1066.0
   27900 with score of 422.0
   752 with score of 403.0
   20430 with score of 379.0
   748 with score of 359.0
   11832 with score of 300.0
   5003 with score of 297.0
   31553 with score of 290.0
   21714 with score of 288.0
   27576 with score of 244.0
These are the actual items bought: 
   11832
   30233
The current arm is 0 with vector {0:0.7406758379719248} with alpha 229.0 and beta 1663.0
The order information:
Date: 2012-05-10T17:54:43.000+02:00
It predicted these items for order 1779917 :
   31560 with score of 1088.0
   752 with score of 413.0
   27900 with score of 410.0
   748 with score of 374.0
   20430 with score of 372.0
   5003 with score of 305.0
   11832 with score of 303.0
   21714 with score of 299.0
   31553 with score of 298.0
   29669 with score of 270.0
These are the actual items bought: 
   30342
   23374
   32289
The current arm is 0 with vector {0:0.7406758379719248} with alpha 370.0 and beta 2663.0
The order information:
Date: 2012-05-11T22:39:32.000+02:00
It predicted these items for order 1780921 :
   31560 with score of 1028.0
   748 with score of 422.0
   752 with score of 420.0
   27900 with score of 389.0
   20430 with score of 366.0
   5003 with score of 311.0
   21714 with score of 304.0
   11832 with score of 298.0
   29669 with score of 282.0
   31553 with score of 275.0
These are the actual items bought: 
   31776
The current arm is 0 with vector {0:0.7406758379719248} with alpha 533.0 and beta 3663.0
The order information:
Date: 2012-05-13T15:53:25.000+02:00
It predicted these items for order 1781930 :
   31560 with score of 990.0
   748 with score of 443.0
   752 with score of 428.0
   20430 with score of 368.0
   27900 with score of 354.0
   5003 with score of 334.0
   21714 with score of 325.0
   29669 with score of 279.0
   11832 with score of 277.0
   27576 with score of 269.0
These are the actual items bought: 
   2084
   29003
   31950
   20990
   31940
   30573
   20678
   30195
   25363
   27900
The current arm is 0 with vector {0:0.7406758379719248} with alpha 679.0 and beta 4663.0
The order information:
Date: 2012-05-14T16:46:54.000+02:00
It predicted these items for order 1782931 :
   31560 with score of 989.0
   748 with score of 475.0
   752 with score of 445.0
   20430 with score of 361.0
   27900 with score of 339.0
   5003 with score of 338.0
   21714 with score of 331.0
   27576 with score of 302.0
   31553 with score of 286.0
   11832 with score of 282.0
These are the actual items bought: 
   32564
The current arm is 0 with vector {0:0.7406758379719248} with alpha 777.0 and beta 5663.0
The order information:
Date: 2012-05-15T15:02:20.000+02:00
It predicted these items for order 1783936 :
   31560 with score of 991.0
   748 with score of 496.0
   752 with score of 448.0
   20430 with score of 354.0
   5003 with score of 349.0
   21714 with score of 335.0
   27900 with score of 326.0
   27576 with score of 323.0
   31553 with score of 280.0
   11832 with score of 277.0
These are the actual items bought: 
   12096
The arm 0 has vector {0:0.7406758379719248} with alpha 831.0 and beta 6134.0, percentage 13.53334420348932
The best arm is 0 with vector {0:0.7406758379719248} with alpha 831.0 and beta 6134.0, percentage 13.53334420348932
The right guesses are: 830 which means 13.53334420348932% correct
Done
640
