Items: 31014,2,2012-03-22 09:35:15.730000000,2013-01-31 22:08:19.360000000,0,0000000000000000000000000000000000000000000000000000000000000000000000000000000000000000000010000000000000000000000000000000000000000000000000000000000000000000000000000000000000000000000000000000000000000000000000000000000000000000000000000000000000000000
Items: 16065,3,2010-10-12 09:05:28.623000000,2011-10-19 12:41:59.293000000,0,0000000000000000000000000000000000000000000000000000000000000000000000000000000000000000000100000000000000000000000000000000000000000000000000000000000000000000000000000000000000000000000000000000000000000000000000000000000000000000000000000000000000000000
Items: 2897,1,2010-07-28 15:55:07.423000000,2013-07-15 05:02:15.650000000,0,0000000000000000000000000000000000000000000000000000000000000000000000000000000000000000000100000000000000000000000000000000000000000000000000000000000000000000000000000000000000000000000000000000000000000000000000000000000000000000000000000000000000000000
Users: 46671,2009-07-31 17:52:05.423000000,45238,,0
Users: 117404,2012-02-11 18:20:17.737000000,30295,1989-02-13 00:00:00,1
Users: 185087,2009-07-31 19:48:45.310000000,54234,1986-06-04 00:00:00,1
Users: 242612,2011-12-03 21:34:16.640000000,90627,1990-07-23 00:00:00,2
Users: 294436,2011-03-16 09:05:23.647000000,72233,1994-04-25 00:00:00,1
Users: 345704,2011-11-11 20:55:14.437000000,68600,1994-06-05 00:00:00,2
Users: 399809,2012-09-17 14:43:42.033000000,44491,1997-12-12 00:00:00,1
Users: 455390,2012-12-20 16:02:28.573000000,3274,1978-06-02 00:00:00,2
Users: 525182,2013-07-28 12:33:53.590000000,53372,1990-06-17 00:00:00,0
Orders: 35022,1033356,1457,2009-10-18 21:46:53.347000000
Orders: 214698,1082559,614,2010-01-24 20:16:55.153000000
Orders: 226305,1122161,1501,2010-03-20 16:23:03.950000000
Orders: 46541,1167569,11120,2010-05-26 12:55:02.417000000
Orders: 75824,1208142,11119,2010-07-27 23:14:48.377000000
Orders: 13287,1248778,12826,2010-09-21 21:56:27.157000000
Orders: 272654,1296031,653,2010-12-01 18:41:36.730000000
Orders: 285359,1344258,18628,2011-01-28 14:59:09.743000000
Orders: 157456,1388262,18371,2011-03-17 11:46:02.120000000
Orders: 307265,1432210,758,2011-04-29 21:28:48.340000000
Orders: 271030,1473349,21803,2011-06-14 15:24:35.467000000
Orders: 275827,1511037,21829,2011-07-28 21:58:50.970000000
Orders: 62527,1550712,24845,2011-09-10 18:44:47.023000000
Orders: 293365,1597283,27523,2011-11-12 08:21:31.203000000
Orders: 158173,1649466,24361,2011-12-28 14:06:54.430000000
Orders: 371623,1691322,28947,2012-01-31 15:54:20.570000000
Orders: 151193,1739094,2144,2012-03-22 17:02:48.527000000
Orders: 71320,1784958,7874,2012-05-16 17:00:59.817000000
Orders: 287161,1827735,20480,2012-06-29 22:23:24.193000000
Orders: 271514,1866722,31203,2012-08-11 21:38:56.863000000
Orders: 428803,1915657,35460,2012-10-09 20:15:44.210000000
Orders: 444954,1966435,29677,2012-12-01 22:51:49.073000000
Orders: 460415,2018674,31695,2013-01-07 22:20:30.543000000
Orders: 381441,2066329,35170,2013-02-19 22:08:16.833000000
Orders: 485606,2112774,39306,2013-03-26 15:04:37.277000000
Orders: 423890,2161061,11304,2013-05-03 09:35:38.190000000
Orders: 314770,2207605,26096,2013-06-05 19:04:54.837000000
Orders: 287308,2249841,40450,2013-07-13 20:23:09.463000000
Orders: 255027,2289235,33612,2013-08-13 17:15:05.073000000
Orders: 466261,2331294,43871,2013-09-15 21:02:00.180000000
Orders: 446724,2379393,448,2013-11-01 19:20:53.627000000

Startup information:
First order in training stage: 700000
First order in evaluation stage: 771338
Last order in evaluation stage: 777338

Number of orders in training stage: 71338
Number of orders in evaluation stage: 6000

The current arm is 33 with vector {0:0.9126017460998009,1:0.36441288471814337,2:0.4710546795563231,3:0.4701261438009263,4:0.9919175165804383,5:0.3180430880093552,6:0.6875740743583532,7:0.22553150080814344,8:0.5010326418544098,9:0.5426848099653072,10:0.28507199559632257,11:0.4865259314074414,12:0.1585458145563705,13:0.2506681566400004,14:0.054293053494751775,15:0.21811880057841904,16:0.699484066604182,17:0.8541516631311579,18:0.3170594101760459,19:0.6374674978292744,20:0.03693631624153115,21:0.5708594733328857,22:0.5011927914460051,23:0.7891407228388266,24:0.26115294587390325,25:0.4992336041325677,26:0.12996420873088876,27:0.12348219322111054,28:0.7332025739754184,29:0.007282839260962737,30:0.9969043508569407,31:0.3141643535865456,32:0.9125823109267601,33:0.10863890713323032,34:0.24143527553169342,35:0.41954812592952073,36:0.303004555962997,37:0.07627497119926363,38:0.44687404215008963,39:0.21126135082284392,40:0.817579220359977} with alpha 4.0 and beta 15.0
The order information:
Date: 2012-05-09T17:07:05.000+02:00
It predicted these items for order 1778911 :
   31560 with score of 2.8203100046310547
   752 with score of 2.508255986893883
   1693 with score of 2.2225623506895946
   13688 with score of 2.2225623506895946
   21769 with score of 2.2225623506895946
   25013 with score of 2.2225623506895946
   31278 with score of 2.2225623506895946
   748 with score of 2.2132151169906336
   23467 with score of 2.203270242885487
   27900 with score of 2.1755765039880277
These are the actual items bought: 
   11832
   30233
The current arm is 18 with vector {0:0.4364927166835797,1:0.8219209987831448,2:0.5322801609659076,3:0.7230242097757795,4:0.9088937380406389,5:0.34141811859242743,6:0.7717542561616687,7:0.49459001341183784,8:0.5073236124673717,9:0.5011809776866075,10:0.5080312989992013,11:0.07382783077287847,12:0.5617869703042596,13:0.925467325045869,14:0.15356821498670947,15:0.3295196484324088,16:0.5337286253670154,17:0.5407033961868696,18:0.3238502821587982,19:0.4972280050737967,20:0.1046827425112149,21:0.5428758655188066,22:0.05454274545524551,23:0.6212925799194706,24:0.66521536848578,25:0.9241836450264072,26:0.8057349667619466,27:0.5117973301967242,28:0.20394955287284577,29:0.7100407906361667,30:0.14391994863299162,31:0.31132548689098727,32:0.9709326291100147,33:0.9767949425183684,34:0.8240231438633081,35:0.13702268030141662,36:0.00348405065209223,37:0.30283616268358304,38:0.11024163079985183,39:0.13059403250177115,40:0.568309123938815} with alpha 1.0 and beta 15.0
The order information:
Date: 2012-05-10T17:54:43.000+02:00
It predicted these items for order 1779917 :
   31560 with score of 2.4258611960328658
   752 with score of 2.0252963767189254
   21714 with score of 1.7455111110302237
   5003 with score of 1.7057190329142
   23467 with score of 1.6353010788181463
   748 with score of 1.6281675861713678
   29669 with score of 1.5949680016491938
   23469 with score of 1.5892521668107311
   27900 with score of 1.5791180138786138
   27576 with score of 1.5583770582568808
These are the actual items bought: 
   30342
   23374
   32289
The current arm is 27 with vector {0:0.4523191337877571,1:0.08829343411459722,2:0.8781615033597623,3:0.9055154837487966,4:0.6100194125282269,5:0.2315230282527655,6:0.6483935611198547,7:0.8181089142684084,8:0.5753328078802457,9:0.7180465173245822,10:0.5755097805471422,11:0.20063265717788492,12:0.2563756185905004,13:0.8080933143110606,14:0.9726726297640027,15:0.3350667807604232,16:0.04481472215745885,17:0.5485544547321296,18:0.6464626821163048,19:0.9410570154650377,20:0.3537632630484939,21:0.2657376903880413,22:0.9828715016420547,23:0.15379740680128928,24:0.6008167626957596,25:0.1762083314609496,26:0.7308166593131313,27:0.929417518252723,28:0.9816654767456962,29:0.013233410842549365,30:0.8524707879770268,31:0.9443141587903192,32:0.8449842251545592,33:0.4626902418351517,34:0.3399068742400252,35:0.5224243838098542,36:0.8300157385298979,37:0.06257016886296585,38:0.5957456761859444,39:0.7583212059237525,40:0.4209442062094383} with alpha 19.0 and beta 76.0
The order information:
Date: 2012-05-11T22:39:32.000+02:00
It predicted these items for order 1780921 :
   31560 with score of 2.823412682295963
   752 with score of 2.2805686502476386
   748 with score of 2.096362570763632
   21714 with score of 1.8594281732171913
   27900 with score of 1.8463306373823825
   29669 with score of 1.8374801578953452
   20430 with score of 1.830463042843229
   27576 with score of 1.8272918672344656
   5003 with score of 1.8194510839771234
   23467 with score of 1.7826310479605192
These are the actual items bought: 
   31776
The current arm is 47 with vector {0:0.05292751988422417,1:0.46191374394046913,2:0.3255364929043555,3:0.006407339798375933,4:0.7021382161851895,5:0.19405415260141712,6:0.7726960915773163,7:0.449048667779927,8:0.9233840566753859,9:0.0862652611321103,10:0.4165486730004594,11:0.7248027304817974,12:0.6722041156081879,13:0.9795500251417545,14:0.6903009401347737,15:0.5817361458453472,16:0.4270896647253096,17:0.7527918793397136,18:0.08555096911810467,19:0.13567223771838155,20:0.45390397985664244,21:0.5212454477940386,22:0.014675245369490497,23:0.5928761668942945,24:0.7433067347540885,25:0.3926323359405559,26:0.2320551911703972,27:0.7607671232070358,28:0.9474547249550501,29:0.7099654114763851,30:0.44130361798711293,31:0.8765367762588502,32:0.9513138167288003,33:0.07307488115961258,34:0.8017658829794566,35:0.5701301050030185,36:0.7997882618545247,37:0.10845362592777119,38:0.47080495779499687,39:0.7484593169461182,40:0.7772724441120304} with alpha 23.0 and beta 105.0
The order information:
Date: 2012-05-13T15:53:25.000+02:00
It predicted these items for order 1781930 :
   31560 with score of 1.2521178108681716
   752 with score of 1.027142725568862
   748 with score of 0.9298104157384581
   21714 with score of 0.6201645996043272
   5003 with score of 0.5681886693595406
   29669 with score of 0.5597785285028215
   27576 with score of 0.5439150813166943
   20430 with score of 0.492741408986035
   27900 with score of 0.4850257660916551
   23467 with score of 0.48203845973043824
These are the actual items bought: 
   2084
   29003
   31950
   20990
   31940
   30573
   20678
   30195
   25363
   27900
The current arm is 10 with vector {0:0.7678215933460463,1:0.4934468416204165,2:0.7100526102987572,3:0.4698355264759271,4:0.8920423291236281,5:0.05388678442548278,6:0.22827953470839313,7:0.24213885951716851,8:0.6561690381270793,9:0.3451307812626927,10:0.4763223152507432,11:0.7911662158863233,12:0.7116281887852971,13:0.7743408251104901,14:0.15762789340381267,15:0.8522796091673137,16:0.12704889823621923,17:0.8068751332477213,18:0.8743512526542484,19:0.2617971870985606,20:0.5671753495708434,21:0.21526444427015168,22:0.6147083369659057,23:0.272896754489797,24:0.10213544896993587,25:0.18010822542733917,26:0.8992685972717215,27:0.8267409811618955,28:0.3699234893809362,29:0.23173810437318176,30:0.2934098544862215,31:0.49801409229340055,32:0.6615326974583963,33:0.8677305345914599,34:0.2654811246595965,35:0.32756680208550626,36:0.10079421272755706,37:0.16750417058211442,38:0.6358394089133462,39:0.024975776351532142,40:0.12950766680635128} with alpha 46.0 and beta 174.0
The order information:
Date: 2012-05-14T16:46:54.000+02:00
It predicted these items for order 1782931 :
   31560 with score of 1.6842140296776535
   748 with score of 1.5833545014040658
   752 with score of 1.5463015450080992
   21714 with score of 1.4350067026617583
   27576 with score of 1.4273254558666388
   5003 with score of 1.4262536267122765
   29669 with score of 1.4128866943940332
   27900 with score of 1.405086483571231
   20430 with score of 1.4026282575277733
   23467 with score of 1.398010062419598
These are the actual items bought: 
   32564
The current arm is 27 with vector {0:0.4523191337877571,1:0.08829343411459722,2:0.8781615033597623,3:0.9055154837487966,4:0.6100194125282269,5:0.2315230282527655,6:0.6483935611198547,7:0.8181089142684084,8:0.5753328078802457,9:0.7180465173245822,10:0.5755097805471422,11:0.20063265717788492,12:0.2563756185905004,13:0.8080933143110606,14:0.9726726297640027,15:0.3350667807604232,16:0.04481472215745885,17:0.5485544547321296,18:0.6464626821163048,19:0.9410570154650377,20:0.3537632630484939,21:0.2657376903880413,22:0.9828715016420547,23:0.15379740680128928,24:0.6008167626957596,25:0.1762083314609496,26:0.7308166593131313,27:0.929417518252723,28:0.9816654767456962,29:0.013233410842549365,30:0.8524707879770268,31:0.9443141587903192,32:0.8449842251545592,33:0.4626902418351517,34:0.3399068742400252,35:0.5224243838098542,36:0.8300157385298979,37:0.06257016886296585,38:0.5957456761859444,39:0.7583212059237525,40:0.4209442062094383} with alpha 33.0 and beta 159.0
The order information:
Date: 2012-05-15T15:02:20.000+02:00
It predicted these items for order 1783936 :
   31560 with score of 2.6679639622811555
   748 with score of 2.415186893196534
   752 with score of 2.158787905056328
   27576 with score of 1.9849201720281147
   21714 with score of 1.9474210677346369
   5003 with score of 1.9343039710963867
   29669 with score of 1.8755337939052774
   20430 with score of 1.8368048371173336
   21776 with score of 1.8361335617472425
   27900 with score of 1.8343235358060233
These are the actual items bought: 
   12096
The arm 0 has vector {0:0.5440397448565624,1:0.4199151906377956,2:0.9522670500972372,3:0.8847385445658058,4:0.6395264842062295,5:0.39536461901819,6:0.48448395012617473,7:0.04158635716891024,8:0.46102799613828305,9:0.08923163515096888,10:0.5791642444535328,11:0.7100088818959874,12:0.34168322373081783,13:0.47750485104216733,14:0.9878482848369944,15:0.7160338322700796,16:0.8153781176709618,17:0.642328064561693,18:0.8236013238869676,19:0.023750397454945893,20:0.8195019305491541,21:0.3677329854342539,22:0.4958419497740614,23:0.8566075928724005,24:0.2896008385766897,25:0.09378722515705351,26:0.0023558331570938673,27:0.963198251662027,28:0.8436302347319169,29:0.4049282387815125,30:0.7905134957208266,31:0.6810349181889637,32:0.7415620088221616,33:0.43445653143066265,34:0.012392684118715747,35:0.2793038421438425,36:0.862268548371454,37:0.08789907873071612,38:0.8270380397971131,39:0.6796155037199846,40:0.6892201535346002} with alpha 7.0 and beta 50.0, percentage 10.909090909090908
The arm 1 has vector {0:0.3979624510752594,1:0.31982840951157865,2:0.745215867542258,3:0.9363985069184095,4:0.1479367281259668,5:0.7929008758099927,6:0.43812427809030297,7:0.31094370292588136,8:0.2468477256079421,9:0.13434737080694192,10:0.48884048843292716,11:0.036548981044617235,12:0.6479804744714924,13:0.29246743948424037,14:0.2512124961442759,15:0.695359988552149,16:0.7057739123723913,17:0.5641970538322145,18:0.2745112520934905,19:0.8594096676102808,20:0.8517366881001135,21:0.4070987163400819,22:0.15343403305439485,23:0.8644762647894998,24:0.07262284329734237,25:0.2535140772018848,26:0.27525745048093075,27:0.34523955038157783,28:0.7212516666917138,29:0.04671958848332092,30:0.8803950835980944,31:0.40453606486833216,32:0.8058307441753076,33:0.5037345556849104,34:0.3576568252753072,35:0.15074187793242566,36:0.13734435848554494,37:0.5418291239101448,38:0.07460238521837192,39:0.1615056343290251,40:0.8218067039848689} with alpha 4.0 and beta 43.0, percentage 6.666666666666667
The arm 2 has vector {0:0.8196671331492837,1:0.3549686516376055,2:0.9411470168950409,3:0.8967916060959721,4:0.8530305668295755,5:0.8101867399945308,6:0.04686250554027882,7:0.7074739183013986,8:0.4263558134483888,9:0.3490653319567181,10:0.12405809935285605,11:0.08573987121362825,12:0.6282393357547008,13:0.6283902863685337,14:0.41736161743302813,15:0.8134228852621345,16:0.10613486507217107,17:0.20730497192838693,18:0.7087303153855118,19:0.018384400429717784,20:0.8190257986994921,21:0.7852148360823334,22:0.39297449841885757,23:0.9921713861484417,24:0.5709174887605587,25:0.8329765590436214,26:0.6625296870490687,27:0.4819768127014934,28:0.9119073607239324,29:0.24050416915787232,30:0.6319282494164253,31:0.30934381972451863,32:0.7490259630449378,33:0.23226531382678828,34:0.24162442800722816,35:0.9509313300502171,36:0.17042734595983022,37:0.07838482229154375,38:0.37260497234247114,39:0.45470420532782585,40:0.31358321768700637} with alpha 1.0 and beta 25.0, percentage 0.0
The arm 3 has vector {0:0.72308102818098,1:0.277772913926031,2:0.7219496726813679,3:0.613301421740832,4:0.23917012415251437,5:0.24875979829141215,6:0.6785674552846103,7:0.7184364357377446,8:0.9881946445559036,9:0.5933010782284504,10:0.10103046706238694,11:6.885546423320843E-4,12:0.6268714902737068,13:0.18489790390000116,14:0.7877991880452371,15:0.656418743308567,16:0.6797751512917674,17:0.18505621889642576,18:0.8701268323309033,19:0.5648797671203346,20:0.48589248461346857,21:0.8175633372823974,22:0.7536968219788222,23:0.26533368696105675,24:0.24339648702898087,25:0.5042921984446413,26:0.013697139810266767,27:0.8415718436532338,28:0.03929325464824707,29:0.210709567424333,30:0.46816730349541835,31:0.3051729016972853,32:0.6912154698543945,33:0.7855756735757952,34:0.7341351606921362,35:0.07908582154127741,36:0.8603244504181099,37:0.23244732631395426,38:0.6905616308655319,39:0.1198375923432502,40:0.8177587861471607} with alpha 8.0 and beta 48.0, percentage 12.962962962962962
The arm 4 has vector {0:0.8683425777575912,1:0.7799652260692381,2:0.8907290175961209,3:0.4385131103942024,4:0.39101212348252323,5:0.8719258998898846,6:0.21371259069917803,7:0.6398039407415446,8:0.48618561790923487,9:0.8026007767457343,10:0.690202447187427,11:0.3891667046025509,12:0.5000434937825992,13:0.6568250564345162,14:0.04733891236340593,15:0.11446217216874732,16:0.7514890936928202,17:0.24138264948492638,18:0.5751021296070119,19:0.5212283732663646,20:0.2290975643104386,21:0.9870295979406188,22:0.23337345735726767,23:0.206716824672596,24:0.21723821535557986,25:0.5977569534657949,26:0.3689001967810649,27:0.2789363860086207,28:0.30384576182156386,29:0.026728108488925484,30:0.10977050972234059,31:0.5607087220656446,32:0.07261535233329364,33:0.9748249034372437,34:0.5518050268131703,35:0.9435507812925333,36:0.9532231546598668,37:0.07463957324096726,38:0.9022435395715493,39:0.9419884334001173,40:0.7119206836133006} with alpha 1.0 and beta 25.0, percentage 0.0
The arm 5 has vector {0:0.8197179264665049,1:0.4418104611792013,2:0.10269706292282477,3:0.23886191263601497,4:0.9133154716375209,5:0.9407767174875836,6:0.1652996268511605,7:0.022196363827850174,8:0.7027838855646739,9:0.10207624091002498,10:0.8488545320873613,11:0.5024554852189377,12:0.3202190729755482,13:0.6032982749729623,14:0.3571884824073378,15:0.9674482054933248,16:0.49564181221490555,17:0.18809696655091812,18:0.7277223045879575,19:0.9453323159417827,20:0.8352156473749438,21:0.7160721346131044,22:0.45079984408952045,23:0.06968610373554174,24:0.06313316522051216,25:0.23952582191930072,26:0.08171995900008189,27:0.6623088051696517,28:0.8780194207699042,29:0.2261948741537113,30:0.9249932676946173,31:0.8111307293689259,32:0.2503431343936674,33:0.6189595806874404,34:0.7907274970901707,35:0.3971343132975854,36:0.006579788755241123,37:0.38893059393748375,38:0.09078690216885799,39:0.539629527893826,40:0.4885856439527597} with alpha 2.0 and beta 26.0, percentage 3.8461538461538463
The arm 6 has vector {0:0.6274142415704133,1:0.8458619752604992,2:0.024000964582547635,3:0.9537147262065268,4:0.7552995107229004,5:0.046398622144325,6:0.9207263171883774,7:0.03817207415969115,8:0.07761554156548611,9:0.5184486706906447,10:0.7307972292397233,11:0.3742045688269322,12:0.491308527063417,13:0.495826709241178,14:0.8662961252833252,15:0.5509255877515044,16:0.634967221919038,17:0.34550677672621,18:0.2911623955018381,19:0.03294270695043189,20:0.8407950829848703,21:0.5988556657600598,22:0.6555413645643386,23:0.8651707453854297,24:0.797398149322348,25:0.9027994743086019,26:0.6943414098865474,27:0.022861211962690087,28:0.3600346399666998,29:0.5700814798621169,30:0.028267457456035316,31:0.9305264061633022,32:0.7255429643787219,33:0.1973320606097495,34:0.1912321227731042,35:0.3925447827760793,36:0.6894413087820086,37:0.9538859744347817,38:0.6390683107038079,39:0.0780870411591913,40:0.7049152158197485} with alpha 41.0 and beta 176.0, percentage 18.6046511627907
The arm 7 has vector {0:0.8640705334505286,1:0.8995950012468068,2:0.05925419536969678,3:0.7698056125358178,4:0.23717378271858391,5:0.7668122170629567,6:0.8085406875442254,7:0.6193312260050127,8:0.9288392261193233,9:0.11314188968554495,10:0.4862922294057058,11:0.19276869860005896,12:0.6331176913103425,13:0.5141283003442841,14:0.6913992920110906,15:0.933863266210061,16:0.6407790791066933,17:0.5822439891855867,18:0.35576667088950475,19:0.9647310411923218,20:0.27637175201378805,21:0.3352876837984503,22:0.637020805777728,23:0.059291814551496125,24:0.7003822876474205,25:0.6191138393776411,26:0.5324392856485303,27:0.17966980626665952,28:0.46072856501223725,29:0.64549226083644,30:0.9337403231158911,31:0.8225843452791851,32:0.06725039565955837,33:0.865304236906511,34:0.6565028841516464,35:0.21244063968679938,36:0.7785613674602848,37:0.6316699882167521,38:0.37937342304207133,39:0.6069696233473117,40:0.3302967712304953} with alpha 23.0 and beta 127.0, percentage 14.864864864864865
The arm 8 has vector {0:0.7154102976453219,1:0.12266389356509344,2:0.2826435628868097,3:0.15687913640353013,4:0.5558141692643533,5:0.5808654032553034,6:0.49485718154530567,7:0.906116319130011,8:0.4980315413552404,9:0.6636300367300461,10:0.6016669164813234,11:0.05363391498171144,12:0.055381595430264996,13:0.8880352200024466,14:0.2431741917562823,15:0.5968649599299375,16:0.8079968761009754,17:0.7883514862797228,18:0.20834526428788414,19:0.24626030017404565,20:0.9877771000294405,21:0.693926328459925,22:0.77604035745785,23:0.07353813528358566,24:0.21656342349732505,25:0.358909758903899,26:0.6648078988717222,27:0.4771714241245283,28:0.8326655961893418,29:0.9800172442977061,30:0.5132002840319126,31:0.10653419134158681,32:0.2292641750118245,33:0.932245110013497,34:0.21360883642348505,35:0.4802824302751094,36:0.7990872509282275,37:0.8176977138733215,38:0.5150098478147564,39:0.5744803439654523,40:0.7343244420808133} with alpha 5.0 and beta 45.0, percentage 8.333333333333332
The arm 9 has vector {0:0.660399613603526,1:0.7741641313598987,2:0.4899858071406755,3:0.20261494252232548,4:0.3642770602584595,5:0.3168912519445649,6:0.9930227613308384,7:0.3739530332168036,8:0.004537513546131078,9:0.23158825288548912,10:0.8089392409752896,11:0.7847917707231798,12:0.8831781138456566,13:0.4738741621188348,14:0.37040636787714876,15:0.4651182256438784,16:0.21330838735259283,17:0.9097990106997281,18:0.08809977985890005,19:0.3462604504370226,20:0.3608056375873846,21:0.11799997091671433,22:0.26539222088400494,23:0.9585808605067008,24:0.29180649797565195,25:0.4513070576850101,26:0.4930650749964941,27:0.43043314470068705,28:0.3622979925189964,29:0.5168636841873826,30:0.03865992622326975,31:0.8366411745666148,32:0.9894069019951516,33:0.9397652804369663,34:0.4637140113893482,35:0.1385023965293064,36:0.0789507550295433,37:0.38269722500538805,38:0.05417072258079003,39:0.5856507533671416,40:0.012928281853807566} with alpha 23.0 and beta 106.0, percentage 17.322834645669293
The arm 10 has vector {0:0.7678215933460463,1:0.4934468416204165,2:0.7100526102987572,3:0.4698355264759271,4:0.8920423291236281,5:0.05388678442548278,6:0.22827953470839313,7:0.24213885951716851,8:0.6561690381270793,9:0.3451307812626927,10:0.4763223152507432,11:0.7911662158863233,12:0.7116281887852971,13:0.7743408251104901,14:0.15762789340381267,15:0.8522796091673137,16:0.12704889823621923,17:0.8068751332477213,18:0.8743512526542484,19:0.2617971870985606,20:0.5671753495708434,21:0.21526444427015168,22:0.6147083369659057,23:0.272896754489797,24:0.10213544896993587,25:0.18010822542733917,26:0.8992685972717215,27:0.8267409811618955,28:0.3699234893809362,29:0.23173810437318176,30:0.2934098544862215,31:0.49801409229340055,32:0.6615326974583963,33:0.8677305345914599,34:0.2654811246595965,35:0.32756680208550626,36:0.10079421272755706,37:0.16750417058211442,38:0.6358394089133462,39:0.024975776351532142,40:0.12950766680635128} with alpha 67.0 and beta 247.0, percentage 21.153846153846153
The arm 11 has vector {0:0.20324078511666666,1:0.28403795891364914,2:0.49621322491976994,3:0.19013695529083363,4:0.49193952224653614,5:0.7520156429354453,6:0.4026813571892188,7:0.5413794358340107,8:0.6511148887707218,9:0.23217082292205882,10:0.23875869370434177,11:0.0486784995359385,12:0.6470468396544492,13:0.934913230177113,14:0.7513728810632917,15:0.3470072764074841,16:0.5634047827228884,17:0.5669638954975204,18:0.6012321807886797,19:0.14593589040470567,20:0.47515234481722,21:0.019795069842744484,22:0.09220980960234992,23:0.9501044433337205,24:0.4441756104485022,25:0.5341706631843369,26:6.113892006222033E-4,27:0.8098716367182524,28:0.9706201310435523,29:0.9042308168767128,30:0.8264900527263096,31:0.27834518528330576,32:0.025978373272467548,33:0.7509811437044862,34:0.023274389366279347,35:0.6137615118377855,36:0.9021182283099435,37:0.084111795826189,38:0.1445680331022864,39:0.23591266931352106,40:0.6914357415467439} with alpha 17.0 and beta 96.0, percentage 14.414414414414415
The arm 12 has vector {0:0.937846111150166,1:0.2867921757453691,2:0.7174647713913073,3:0.9718958647220594,4:0.09815632845096511,5:0.23310215419610825,6:0.2095843122991815,7:0.07798764707433525,8:0.8233815258762145,9:0.9499656695088833,10:0.32977904710878303,11:0.34873738022369605,12:0.12677006854443695,13:0.49809666773324546,14:0.4437988277155237,15:0.448513926839221,16:0.08798577658764772,17:0.22089607865786065,18:0.057077557509846666,19:0.27715832636035564,20:0.21889654323703422,21:0.3039801158074502,22:0.8091212941948597,23:0.915077302363054,24:0.4315978231305262,25:0.30365841111380976,26:0.02660459016740091,27:0.43249739959773603,28:0.19495117002480966,29:0.10704931594847544,30:0.5025040263213633,31:0.6240964714907798,32:0.8423661598283206,33:0.07291068141093549,34:0.9123858581435951,35:0.2996407530529893,36:0.3769040115859513,37:0.7860333623257301,38:0.6183699458116718,39:0.804098642156573,40:0.8210888717285935} with alpha 77.0 and beta 275.0, percentage 21.714285714285715
The arm 13 has vector {0:0.5215065956373238,1:0.3911959888796497,2:0.14316278235267166,3:0.397752464016229,4:0.18973376302625944,5:0.7765854541814902,6:0.8828910037491245,7:0.7031913542012315,8:0.5605981752812347,9:0.32152161986441885,10:0.08603519218952327,11:0.8265569406525582,12:0.3639781395062496,13:0.7025034488102652,14:0.6285657019049535,15:0.42817243482415024,16:0.5460283249476657,17:0.8979912731412879,18:0.054676749077402276,19:0.5704403943171857,20:0.14469515655704934,21:0.9798059806596244,22:0.2419977916136331,23:0.6685072228522464,24:0.6222068718744873,25:0.9811912930654781,26:0.31847123986925185,27:0.09406625905302379,28:0.7230699192294482,29:0.7152468761465173,30:0.21559553971590562,31:0.4534320082939186,32:0.5431437364434379,33:0.8995011781390492,34:0.9256978982366022,35:0.8132425203796577,36:0.6024848627103425,37:0.24839579128634626,38:0.18037434975876965,39:0.49263582143544604,40:0.3672418189138974} with alpha 7.0 and beta 49.0, percentage 11.11111111111111
The arm 14 has vector {0:0.41812596410880265,1:0.31428638382312746,2:0.22239504456577586,3:0.1320603759242639,4:0.8300095011769149,5:0.45473741449987304,6:0.3711866634637122,7:0.727184244830541,8:0.14239971993756062,9:0.6595309824236527,10:0.1764828617023011,11:0.28966102182736897,12:0.04105552066663576,13:0.11449392991143836,14:0.031085568557111642,15:0.4639794980126719,16:0.6801098429536968,17:0.9851773432125854,18:0.6511616037807366,19:0.18552832196079838,20:0.4510984016524128,21:0.020840130825460212,22:0.2389248483260038,23:0.061260544725721955,24:0.23787070059704862,25:0.08678335526919267,26:0.40756165563745306,27:0.3219983553811526,28:0.7483256976497266,29:0.6249422199019534,30:0.34782795606893135,31:0.16715585279384237,32:0.4306788200936915,33:0.5115855952177784,34:0.8155008708108272,35:0.06978366809528735,36:0.05082263412571675,37:0.7855300301173438,38:0.45587730797426274,39:0.0049745016953705035,40:0.6019246739131588} with alpha 8.0 and beta 61.0, percentage 10.44776119402985
The arm 15 has vector {0:0.11958602427910059,1:0.4237752652866583,2:0.8366925465009857,3:0.7946049947765756,4:0.4282603483615167,5:0.0653439175176751,6:0.9000964658432085,7:0.6356057017108631,8:0.5491557264114965,9:0.44608622951480026,10:0.12619985043766258,11:0.16547915259483637,12:0.3620293920119325,13:0.10202966170837413,14:0.8852918464494781,15:0.23635463669547785,16:0.19682103461980605,17:0.8502175122199207,18:0.8783304724394593,19:0.33631478546016824,20:0.286566475876454,21:0.8492250644801403,22:0.280672688132507,23:0.34167757295496404,24:0.05798516543116217,25:0.33171610020041575,26:0.5153936405591928,27:0.26837115041562043,28:0.5635498116703143,29:0.9944164846208112,30:0.7183911204082704,31:0.46304434878468637,32:0.37141080974507434,33:0.22958253099511583,34:0.6224521972110516,35:0.6053227671256894,36:0.676691301825579,37:0.49159794544991553,38:0.3040251692328265,39:0.4348745069279918,40:0.9756650663286697} with alpha 3.0 and beta 32.0, percentage 6.0606060606060606
The arm 16 has vector {0:0.5082239340778286,1:0.9321921055690793,2:0.6159657480744206,3:0.9939302479113238,4:0.37646468301286595,5:0.6012241521765338,6:0.7073002528787544,7:0.8705297587634167,8:0.7886951676470204,9:0.32777800376888955,10:0.5937134894069116,11:0.20794073646629363,12:0.226274207701751,13:0.21595670147345192,14:0.7908815865176947,15:0.09882487506481596,16:0.372981214370677,17:0.30224351924491266,18:0.4217528243410005,19:0.307563140214106,20:0.8619904168816279,21:0.9163019311789312,22:0.7013759835565931,23:0.6302224630368358,24:0.6953207254686075,25:0.022058208623354503,26:0.5466022171191003,27:0.4960126878632958,28:0.406084268684473,29:0.28664449124296665,30:0.6492568473815611,31:0.5043163893896169,32:0.9477749292581595,33:0.2716937027367555,34:0.5035483990819296,35:0.548116211547943,36:0.4958782758483067,37:0.5403201811929114,38:0.6831014101140003,39:0.15175434353527117,40:0.43465152009393937} with alpha 24.0 and beta 114.0, percentage 16.911764705882355
The arm 17 has vector {0:0.004157504814490176,1:0.0430310868616568,2:0.17867735134273477,3:0.5181008303075136,4:0.79216780250603,5:0.38270179194300213,6:0.38267957633639893,7:0.4512585283563839,8:0.7219391787683697,9:0.5002305103253412,10:0.8337286062070678,11:0.6979184748560878,12:0.9595806743237906,13:0.09451417888869018,14:0.19339714754757298,15:0.42915446453441675,16:0.23346549444962883,17:0.6308048630141363,18:0.05939565845415995,19:0.8351570248259722,20:0.022041560348845413,21:0.1279185916697302,22:0.776084665566655,23:0.44021828793257844,24:0.3301438738913376,25:0.45189181656396493,26:0.936953676787248,27:0.9031425255654802,28:0.05356939863403465,29:0.3498356453116205,30:0.013564603529085728,31:0.9315890158837468,32:0.7972851862522911,33:0.42238157653879604,34:0.7036488235319522,35:0.2656996592342541,36:0.25979092518624514,37:0.33553664574603326,38:0.2097995196585386,39:0.5672774499279651,40:0.5198403124287431} with alpha 20.0 and beta 116.0, percentage 14.17910447761194
The arm 18 has vector {0:0.4364927166835797,1:0.8219209987831448,2:0.5322801609659076,3:0.7230242097757795,4:0.9088937380406389,5:0.34141811859242743,6:0.7717542561616687,7:0.49459001341183784,8:0.5073236124673717,9:0.5011809776866075,10:0.5080312989992013,11:0.07382783077287847,12:0.5617869703042596,13:0.925467325045869,14:0.15356821498670947,15:0.3295196484324088,16:0.5337286253670154,17:0.5407033961868696,18:0.3238502821587982,19:0.4972280050737967,20:0.1046827425112149,21:0.5428758655188066,22:0.05454274545524551,23:0.6212925799194706,24:0.66521536848578,25:0.9241836450264072,26:0.8057349667619466,27:0.5117973301967242,28:0.20394955287284577,29:0.7100407906361667,30:0.14391994863299162,31:0.31132548689098727,32:0.9709326291100147,33:0.9767949425183684,34:0.8240231438633081,35:0.13702268030141662,36:0.00348405065209223,37:0.30283616268358304,38:0.11024163079985183,39:0.13059403250177115,40:0.568309123938815} with alpha 17.0 and beta 97.0, percentage 14.285714285714285
The arm 19 has vector {0:0.20911153297891438,1:0.7193756173557303,2:0.7441131834926099,3:0.7840795448149994,4:0.3854579173480279,5:0.8869179700163543,6:0.18369742624119223,7:0.7600029804508018,8:0.2258379804283135,9:0.24413385473078264,10:0.49637040109103836,11:0.0531884021174297,12:0.7972559386848127,13:0.9057198395516969,14:0.8092898293799216,15:0.09384075654732649,16:0.7952279228028972,17:0.8582096435634172,18:0.7646214592085466,19:0.5905601668427216,20:0.17471111317479138,21:0.013903509942523762,22:0.18723484080787622,23:0.8483426847443456,24:0.9868221790038376,25:0.43835685460318796,26:0.8830716657905127,27:0.6004761755342043,28:0.48918235258713183,29:0.23913519108110315,30:0.014219047639201454,31:0.2673821198158546,32:0.7436179792407047,33:0.624583095482457,34:0.19366582431206825,35:0.2523230145070783,36:0.30775921072525125,37:0.4444153924176023,38:0.03263381178109559,39:0.9246168480738725,40:0.1551710445484229} with alpha 7.0 and beta 57.0, percentage 9.67741935483871
The arm 20 has vector {0:0.3664248303304689,1:0.7141587897524421,2:0.07326842057481142,3:0.5269829916051362,4:0.7891353649390301,5:0.43598700557348824,6:0.8917465834546144,7:0.12838299908757933,8:0.05754033650385504,9:0.15174414320961538,10:0.703730188473804,11:0.2667324054027548,12:0.10540701708121802,13:0.11520062521344454,14:0.4125282843281307,15:0.5618683193364253,16:0.46452684799323885,17:0.39987212009684825,18:0.24585226041771024,19:0.558122647059306,20:0.783020182629547,21:0.5039722928868976,22:0.24348926647806657,23:0.8152900500244684,24:0.6644542504266912,25:0.5344830267671458,26:0.2590162414973761,27:0.35527630114305353,28:0.3892395642011096,29:0.26672546847842205,30:0.5223365982916072,31:0.19218466169791582,32:0.9678044192366045,33:0.8097692676457487,34:0.5843616719746941,35:0.6371909702350275,36:0.9714127760907889,37:0.1440476768354908,38:0.47184494380702113,39:0.4084129300118583,40:0.6030784525470685} with alpha 39.0 and beta 176.0, percentage 17.84037558685446
The arm 21 has vector {0:0.9185270610557381,1:0.6451577463395117,2:0.18918290421510398,3:0.47911377770239827,4:0.3025290374108458,5:0.18297443443095995,6:0.5822623727726923,7:0.7976405457014231,8:0.5000510639671832,9:0.48876894382960434,10:0.10981380357918802,11:0.90890689332361,12:0.5142401582424145,13:0.3981419496473936,14:0.6708629377057596,15:0.9945942069495133,16:0.31246108423540075,17:0.5171347301881242,18:0.8527422366812485,19:0.2390661138353759,20:0.03198103850458878,21:0.7716554513384519,22:0.5109868847973055,23:0.12888107753637423,24:0.44739321425242407,25:0.5219947145270277,26:0.7491252257778738,27:0.6662177724953394,28:0.9132291614551684,29:0.8258387506242818,30:0.09456089285659508,31:0.19105852194963435,32:0.13817595442819208,33:0.4769469135626353,34:0.296681300684834,35:0.07624012478771103,36:0.495010739328995,37:0.6960678498868105,38:0.9798577174849947,39:0.20978502912439034,40:0.24174346532474045} with alpha 24.0 and beta 113.0, percentage 17.037037037037038
The arm 22 has vector {0:0.5327661454492667,1:0.16150163842938803,2:0.4165667639318149,3:0.3416910535801385,4:0.6819440119535639,5:0.3720862364830759,6:0.03256891358395886,7:0.7953853040720534,8:0.7021961698934674,9:0.9759928645718395,10:0.6592206754332003,11:0.7722931463076542,12:0.7081484143578153,13:0.21065490293141864,14:0.14853377116097322,15:0.21404959326407824,16:0.7461395371670819,17:0.3714312996715725,18:0.6511771015331936,19:0.03147667746063765,20:0.7521771134222568,21:0.09590757241780345,22:0.677176961146281,23:0.2751027946643383,24:0.25721743090705307,25:0.4208261313828129,26:0.7802528151872091,27:0.23271579183231805,28:0.49038334959821306,29:0.4363667016705519,30:0.702525654237809,31:0.5546514679852658,32:0.0577296351584754,33:0.4144703907683269,34:0.6349825417940219,35:0.015440558765278944,36:0.8073546524972344,37:0.28279688158350924,38:0.9914802532647365,39:0.6828194051162512,40:0.7174794010008146} with alpha 8.0 and beta 46.0, percentage 13.461538461538462
The arm 23 has vector {0:0.19731955737808204,1:0.8348940722049943,2:0.6726092628101198,3:0.952363417244137,4:0.9492613903569433,5:0.7222252633708156,6:0.20471405519977937,7:0.8966898165065621,8:0.759510738467738,9:0.03049853917589218,10:0.6467420726927584,11:0.3635899034543343,12:0.6794884017815661,13:0.25736956023602053,14:0.5930170194423078,15:0.4967445489195931,16:0.9365422494739603,17:0.0028878201138523574,18:0.03843717427091653,19:0.2791827881975426,20:0.758213736668746,21:0.9625716644394865,22:0.10019753489181793,23:0.2153985707737205,24:0.9462723360267894,25:0.7690632614513591,26:0.9750718735663266,27:0.2945268982268321,28:0.9715205495607108,29:0.7717447770610699,30:0.23101792575214108,31:0.015340759143538163,32:0.7345117205481093,33:0.843370578670183,34:0.5116611611358864,35:0.31250261034689375,36:0.12689749859857935,37:0.5934334400933093,38:0.1957247624666426,39:0.3207897189343496,40:0.6650694496482549} with alpha 7.0 and beta 53.0, percentage 10.344827586206897
The arm 24 has vector {0:0.3718945203141806,1:0.6499032407498535,2:0.8236476457254619,3:0.9706547809127732,4:0.6327121634959273,5:0.24123096982450998,6:0.20809491603079,7:0.86847310927322,8:0.5547998377400609,9:0.5212945404859556,10:0.1409755885171856,11:0.6328687632668163,12:0.5893813137163147,13:0.6758178813597616,14:0.35490329131812526,15:0.7805628431233292,16:0.9549579169141935,17:0.4397245500207795,18:0.6709934173980817,19:0.09471637667942345,20:0.7542092535545443,21:0.38528400259381856,22:0.7110367444329059,23:0.9013855491950272,24:0.5820232359770139,25:0.6754465298601682,26:0.3123164733982523,27:0.6876891519121643,28:0.41180230513621474,29:0.6949888170413658,30:0.5093538724586125,31:0.7955874747890971,32:0.8160431702756374,33:0.7424246138966849,34:0.3212032817204702,35:0.05550499441482837,36:0.95149121409101,37:0.49680568855106144,38:0.40303177338003504,39:0.05944619126479356,40:0.7720889832134764} with alpha 6.0 and beta 56.0, percentage 8.333333333333332
The arm 25 has vector {0:0.8422468616901758,1:0.44366687170108554,2:0.18792508571401,3:0.1468544062710221,4:0.1073579544744302,5:0.7867163338076323,6:0.661362415499833,7:0.9356912165307795,8:0.8050574978951378,9:0.7567346567542459,10:0.3898985504582685,11:0.6681889268602723,12:0.7687171789823497,13:0.7564163788350726,14:0.33700177640679974,15:0.09452713239575283,16:0.5966564903422784,17:0.960734172593848,18:0.8329626404659379,19:0.3272380434578668,20:0.5169899009281901,21:0.8444431257578334,22:0.3427826345319027,23:0.29789789808622447,24:0.509076556200325,25:0.4020685289108995,26:0.6526383864225885,27:0.2929463086548102,28:0.910539459388899,29:0.4856998819709575,30:0.44496664062882063,31:0.5696167880619611,32:0.08563114176377729,33:0.16314209400840052,34:0.6612178663396578,35:0.3119172411439638,36:0.7105039603437412,37:0.029581985981909087,38:0.17617587293018433,39:0.8853620521585096,40:0.42746212185104393} with alpha 26.0 and beta 123.0, percentage 17.006802721088434
The arm 26 has vector {0:0.6351364833275567,1:0.4808357865542473,2:0.5447131261328004,3:0.9187089731337713,4:0.7352360593968955,5:0.40037694465125484,6:0.703689957520225,7:0.668180132221598,8:0.6052126870879936,9:0.2850661569045265,10:0.7175603644114315,11:0.11854358409431387,12:0.8164117477106092,13:0.8931293049656539,14:0.32629294372892514,15:0.2678362206725634,16:0.7017361499352972,17:0.35034987832284425,18:0.21930477860681818,19:0.7767506811965449,20:0.6116407816424717,21:0.7361044369152333,22:0.8172289247025838,23:0.17868365554261934,24:0.6892074278699164,25:0.2862321772862738,26:0.21604983241185893,27:0.8938994467078661,28:0.9455684002503766,29:0.7692096271492064,30:0.9286239632977689,31:0.24464662170233153,32:0.8009335628041018,33:0.9396983400217577,34:0.3253907838550023,35:0.13095953370918023,36:0.08931239397229207,37:0.13650876450084048,38:0.8069305125304227,39:0.769768494348555,40:0.1942180712745779} with alpha 22.0 and beta 113.0, percentage 15.789473684210526
The arm 27 has vector {0:0.4523191337877571,1:0.08829343411459722,2:0.8781615033597623,3:0.9055154837487966,4:0.6100194125282269,5:0.2315230282527655,6:0.6483935611198547,7:0.8181089142684084,8:0.5753328078802457,9:0.7180465173245822,10:0.5755097805471422,11:0.20063265717788492,12:0.2563756185905004,13:0.8080933143110606,14:0.9726726297640027,15:0.3350667807604232,16:0.04481472215745885,17:0.5485544547321296,18:0.6464626821163048,19:0.9410570154650377,20:0.3537632630484939,21:0.2657376903880413,22:0.9828715016420547,23:0.15379740680128928,24:0.6008167626957596,25:0.1762083314609496,26:0.7308166593131313,27:0.929417518252723,28:0.9816654767456962,29:0.013233410842549365,30:0.8524707879770268,31:0.9443141587903192,32:0.8449842251545592,33:0.4626902418351517,34:0.3399068742400252,35:0.5224243838098542,36:0.8300157385298979,37:0.06257016886296585,38:0.5957456761859444,39:0.7583212059237525,40:0.4209442062094383} with alpha 35.0 and beta 162.0, percentage 17.435897435897434
The arm 28 has vector {0:0.7910532181676717,1:0.8752663183436715,2:0.4407145172767011,3:0.04362466693698952,4:0.7082215619348984,5:0.2979660635257857,6:0.10395100339008134,7:0.15117487343234481,8:0.7170056505696318,9:0.07143453899516228,10:0.9452494358851568,11:0.08499262065947666,12:0.535368746219594,13:0.9714076112922658,14:0.31909927516239633,15:0.062036090037468905,16:0.7708171590457479,17:0.4738561673661861,18:0.7330980510144853,19:0.32080962596597273,20:0.8758582493435116,21:0.6621284300287935,22:0.38213609635578827,23:0.3365570296624697,24:0.47886054866425465,25:0.4535945449254499,26:0.11324203236146635,27:0.5542378358203306,28:0.269867620169272,29:0.06518765894193401,30:0.8900716675145164,31:0.2718744811414574,32:0.4272525192769896,33:0.28910424603119633,34:0.7573428512775614,35:0.9119552199367273,36:0.49777609439382664,37:0.7760093898217104,38:0.5462250475461923,39:0.882922815729399,40:0.6204981397557735} with alpha 20.0 and beta 103.0, percentage 15.702479338842975
The arm 29 has vector {0:0.8500189264688554,1:0.8799153864073309,2:0.5231853575346261,3:0.1361522057527832,4:0.8555078973460731,5:0.8189537805507209,6:0.10946272413720426,7:0.8232876815689598,8:0.12609585358001485,9:0.7041562761185945,10:0.5021350426380627,11:0.5564230439122626,12:0.04487080618394157,13:0.43303886053072094,14:0.707160509561686,15:0.002105475166613191,16:0.4441627931805623,17:0.7972551757902595,18:0.053937537899048094,19:0.45438568750982566,20:0.9293035006170415,21:0.8934432750070844,22:0.554443490598807,23:0.7296005711455568,24:0.41547430741920177,25:0.5436815603091368,26:0.8534294195153271,27:0.5273858190236764,28:0.521804921705823,29:0.9817384241924207,30:0.8423470735951426,31:0.05880160333724993,32:0.13345334530141617,33:0.07470777027285647,34:0.04014526190985768,35:0.7733864448587324,36:0.46883276893708803,37:0.20796586163674669,38:0.5586904543523207,39:0.6151667829232572,40:0.5501410088129061} with alpha 10.0 and beta 69.0, percentage 11.688311688311687
The arm 30 has vector {0:0.08073209749600718,1:0.3507692142256498,2:0.5156720101108506,3:0.7076442567371967,4:0.49884573976298274,5:0.6875019904769023,6:0.6469617724061648,7:0.6789924945239049,8:0.7966824884299517,9:0.9629812179023104,10:0.6171626794057583,11:0.948761581206223,12:0.05558216633134716,13:0.033631698927316545,14:0.42029994401896786,15:0.6475457818546915,16:0.19298981906313206,17:0.6305133961937406,18:0.8104008904506478,19:0.5562820979228459,20:0.49011586277992736,21:0.9814335891860074,22:0.12511628344715342,23:0.3996214375545333,24:0.6490535325242728,25:0.47771357084959565,26:0.3842521019854296,27:0.9317859923688979,28:0.32707176264858295,29:0.005301873370386123,30:0.36211479538865055,31:0.02484344201375166,32:0.7310766923172526,33:0.48066814442321504,34:0.8630948541854833,35:0.8301608308885863,36:0.2604384574883434,37:0.9656073140067392,38:0.46985321079911124,39:0.70621862391374,40:0.7417930400088711} with alpha 8.0 and beta 59.0, percentage 10.76923076923077
The arm 31 has vector {0:0.7537461418887907,1:0.011678057393349928,2:0.11883947593757194,3:0.39733092342190923,4:0.44197218628336155,5:0.9653274301464659,6:0.34816418618376754,7:0.6117190892454535,8:0.6539363828122658,9:0.01646311103585696,10:0.7057955840679231,11:0.6012797335672188,12:0.5138794218799846,13:0.3351681938093052,14:0.16198505845805378,15:0.10901632359893365,16:0.4970455416760944,17:0.6934944495223739,18:0.8767223936535422,19:0.9180800306134823,20:0.9957099889156852,21:0.25743912307511163,22:0.388548322756587,23:0.10690150117553787,24:0.8680332175423922,25:0.6230456857722164,26:0.9787146496160268,27:0.08189110935273203,28:0.1752087440856792,29:0.5700516243519396,30:0.4350243970004646,31:0.5430207838931923,32:0.15289716261304587,33:0.24835113946406906,34:0.07376816545990006,35:0.9491600077976804,36:0.8856278239504359,37:0.6512940018813405,38:0.07986771295719486,39:0.8990952532266362,40:0.7077358315512675} with alpha 4.0 and beta 44.0, percentage 6.521739130434782
The arm 32 has vector {0:0.003699683794905928,1:0.1644129456055966,2:0.23185572081836592,3:0.1697333929972079,4:0.1762006407010418,5:0.06835798583613995,6:0.2865487316852855,7:0.5131589557189137,8:0.425338002399393,9:0.14594934865090226,10:0.8348312643899015,11:0.7899409297664317,12:0.6749988477267629,13:0.3366311797239755,14:0.9532821106520929,15:0.5013252145951387,16:0.32166730197649607,17:0.27720918535580297,18:0.030246151482687944,19:0.8822266082664052,20:0.22572158530097652,21:0.15273732471718038,22:0.5881849453787567,23:0.9631136969353679,24:0.4564568699573951,25:0.5415649731898345,26:0.4079193405845909,27:0.4322848712592454,28:0.30774360046980853,29:0.8008969890297444,30:0.0680030778113554,31:0.8012001735715676,32:0.033258858709402817,33:0.27011804905435466,34:0.7756763821803594,35:0.9899097215615903,36:0.24094858600190494,37:0.23520007569731183,38:0.6485653871128739,39:0.93340580728793,40:0.8236876584122006} with alpha 3.0 and beta 34.0, percentage 5.714285714285714
The arm 33 has vector {0:0.9126017460998009,1:0.36441288471814337,2:0.4710546795563231,3:0.4701261438009263,4:0.9919175165804383,5:0.3180430880093552,6:0.6875740743583532,7:0.22553150080814344,8:0.5010326418544098,9:0.5426848099653072,10:0.28507199559632257,11:0.4865259314074414,12:0.1585458145563705,13:0.2506681566400004,14:0.054293053494751775,15:0.21811880057841904,16:0.699484066604182,17:0.8541516631311579,18:0.3170594101760459,19:0.6374674978292744,20:0.03693631624153115,21:0.5708594733328857,22:0.5011927914460051,23:0.7891407228388266,24:0.26115294587390325,25:0.4992336041325677,26:0.12996420873088876,27:0.12348219322111054,28:0.7332025739754184,29:0.007282839260962737,30:0.9969043508569407,31:0.3141643535865456,32:0.9125823109267601,33:0.10863890713323032,34:0.24143527553169342,35:0.41954812592952073,36:0.303004555962997,37:0.07627497119926363,38:0.44687404215008963,39:0.21126135082284392,40:0.817579220359977} with alpha 8.0 and beta 62.0, percentage 10.294117647058822
The arm 34 has vector {0:0.7758673190979065,1:0.76119857073396,2:0.8341110387964171,3:0.17045164276658875,4:0.5871287401311464,5:0.8616231731055662,6:0.7526257824636318,7:0.20420912770359467,8:0.564477368966172,9:0.06245155703448624,10:0.9542965002472432,11:0.12230754827798773,12:0.8366114027146725,13:0.14900172092766317,14:0.6112157828911098,15:0.23467943700054072,16:0.9947974950087443,17:0.7826652646787723,18:0.4292677078997418,19:0.4325289444346416,20:0.4054705884692701,21:0.5617327839233867,22:0.5234744375234677,23:0.4817371382339599,24:0.35670979181674944,25:0.7818305651481788,26:0.7558562957928131,27:0.6594318933185945,28:0.8789928047763549,29:0.313484434825111,30:0.08349547817104808,31:0.2864350374509289,32:0.2837223071208842,33:0.20162649557822376,34:0.19848774529140067,35:0.5438481701499999,36:0.14687364640564582,37:0.6046630449586122,38:0.008144585264569293,39:0.6181135937701064,40:0.4330774473028912} with alpha 3.0 and beta 31.0, percentage 6.25
The arm 35 has vector {0:0.8706372346494008,1:0.902070226869376,2:0.773340673521761,3:0.5710417882797724,4:0.3282303324487268,5:0.12613561210808022,6:0.19397664498202627,7:0.38326550638324486,8:0.4373541880795633,9:0.9439205990886785,10:0.5210538862710647,11:0.6529097325516307,12:0.644379805128331,13:0.3871312054081003,14:0.07177174320300894,15:0.35152513496186977,16:0.05570061658330483,17:0.7589978176993534,18:0.3273839948410072,19:0.14007371197033058,20:0.8515622768662616,21:0.02894678894420899,22:0.6099607577199937,23:0.8237206472508016,24:0.15920567947734476,25:0.5367914721654761,26:0.7994067551683871,27:0.17326784431777376,28:0.6940933247181299,29:0.218277314729602,30:0.9661427219264944,31:0.5603144450112313,32:0.8387013910938653,33:0.444466567123022,34:0.10790404704410961,35:0.3622302558340955,36:0.31278355518685064,37:0.8965496662025209,38:0.3814732259283957,39:0.03232511445006114,40:0.42969185567329027} with alpha 46.0 and beta 201.0, percentage 18.367346938775512
The arm 36 has vector {0:0.5563316836467999,1:0.4619730873796538,2:0.6423965227615791,3:0.7212846066239987,4:0.061039229724227595,5:0.399380707367025,6:0.027832961274919854,7:0.5436165135497296,8:0.625536416738324,9:0.2749626784714133,10:0.5166056377709647,11:0.444802836278572,12:0.20988116511434063,13:0.06983494540945356,14:0.8378635707550912,15:0.37476315072077915,16:0.34850060074537237,17:0.4801968478302965,18:0.7097890457281253,19:0.47147042475049783,20:0.324254423304769