Items: 31014,2,2012-03-22 09:35:15.730000000,2013-01-31 22:08:19.360000000,0,0000000000000000000000000000000000000000000000000000000000000000000000000000000000000000000010000000000000000000000000000000000000000000000000000000000000000000000000000000000000000000000000000000000000000000000000000000000000000000000000000000000000000000
Items: 16065,3,2010-10-12 09:05:28.623000000,2011-10-19 12:41:59.293000000,0,0000000000000000000000000000000000000000000000000000000000000000000000000000000000000000000100000000000000000000000000000000000000000000000000000000000000000000000000000000000000000000000000000000000000000000000000000000000000000000000000000000000000000000
Items: 2897,1,2010-07-28 15:55:07.423000000,2013-07-15 05:02:15.650000000,0,0000000000000000000000000000000000000000000000000000000000000000000000000000000000000000000100000000000000000000000000000000000000000000000000000000000000000000000000000000000000000000000000000000000000000000000000000000000000000000000000000000000000000000
Users: 46671,2009-07-31 17:52:05.423000000,45238,,0
Users: 117404,2012-02-11 18:20:17.737000000,30295,1989-02-13 00:00:00,1
Users: 185087,2009-07-31 19:48:45.310000000,54234,1986-06-04 00:00:00,1
Users: 242612,2011-12-03 21:34:16.640000000,90627,1990-07-23 00:00:00,2
Users: 294436,2011-03-16 09:05:23.647000000,72233,1994-04-25 00:00:00,1
Users: 345704,2011-11-11 20:55:14.437000000,68600,1994-06-05 00:00:00,2
Users: 399809,2012-09-17 14:43:42.033000000,44491,1997-12-12 00:00:00,1
Users: 455390,2012-12-20 16:02:28.573000000,3274,1978-06-02 00:00:00,2
Users: 525182,2013-07-28 12:33:53.590000000,53372,1990-06-17 00:00:00,0
Orders: 35022,1033356,1457,2009-10-18 21:46:53.347000000
Orders: 214698,1082559,614,2010-01-24 20:16:55.153000000
Orders: 226305,1122161,1501,2010-03-20 16:23:03.950000000
Orders: 46541,1167569,11120,2010-05-26 12:55:02.417000000
Orders: 75824,1208142,11119,2010-07-27 23:14:48.377000000
Orders: 13287,1248778,12826,2010-09-21 21:56:27.157000000
Orders: 272654,1296031,653,2010-12-01 18:41:36.730000000
Orders: 285359,1344258,18628,2011-01-28 14:59:09.743000000
Orders: 157456,1388262,18371,2011-03-17 11:46:02.120000000
Orders: 307265,1432210,758,2011-04-29 21:28:48.340000000
Orders: 271030,1473349,21803,2011-06-14 15:24:35.467000000
Orders: 275827,1511037,21829,2011-07-28 21:58:50.970000000
Orders: 62527,1550712,24845,2011-09-10 18:44:47.023000000
Orders: 293365,1597283,27523,2011-11-12 08:21:31.203000000
Orders: 158173,1649466,24361,2011-12-28 14:06:54.430000000
Orders: 371623,1691322,28947,2012-01-31 15:54:20.570000000
Orders: 151193,1739094,2144,2012-03-22 17:02:48.527000000
Orders: 71320,1784958,7874,2012-05-16 17:00:59.817000000
Orders: 287161,1827735,20480,2012-06-29 22:23:24.193000000
Orders: 271514,1866722,31203,2012-08-11 21:38:56.863000000
Orders: 428803,1915657,35460,2012-10-09 20:15:44.210000000
Orders: 444954,1966435,29677,2012-12-01 22:51:49.073000000
Orders: 460415,2018674,31695,2013-01-07 22:20:30.543000000
Orders: 381441,2066329,35170,2013-02-19 22:08:16.833000000
Orders: 485606,2112774,39306,2013-03-26 15:04:37.277000000
Orders: 423890,2161061,11304,2013-05-03 09:35:38.190000000
Orders: 314770,2207605,26096,2013-06-05 19:04:54.837000000
Orders: 287308,2249841,40450,2013-07-13 20:23:09.463000000
Orders: 255027,2289235,33612,2013-08-13 17:15:05.073000000
Orders: 466261,2331294,43871,2013-09-15 21:02:00.180000000
Orders: 446724,2379393,448,2013-11-01 19:20:53.627000000

Startup information:
First order in training stage: 100000
First order in evaluation stage: 101000
Last order in evaluation stage: 106000

Number of orders in training stage: 1000
Number of orders in evaluation stage: 5000

The current arm is 33 with vector {0:0.8107669441065052,1:0.8778824256007929,2:0.616205636954718,3:0.6505874084516966,4:0.136789873912892,5:0.32317783916858533} with alpha 1.0 and beta 1.0
The order information:
Date: 2010-02-23T15:01:23.000+01:00
It predicted these items for order 1102153 :
   334 with score of 1.7845321917267871
   356 with score of 1.7845321917267871
   558 with score of 1.7845321917267871
   765 with score of 1.7845321917267871
   1362 with score of 1.7845321917267871
   1667 with score of 1.7845321917267871
   1728 with score of 1.7845321917267871
   2229 with score of 1.7845321917267871
   2318 with score of 1.7845321917267871
   2794 with score of 1.7845321917267871
These are the actual items bought: 
   1197
   303
The current arm is 24 with vector {0:0.6417195203683347,1:0.19138176730058487,2:0.48271979528832154,3:0.17507250723707557,4:0.5006024337582203,5:0.5716308304137001} with alpha 10.0 and beta 31.0
The order information:
Date: 2010-02-23T22:59:25.000+01:00
It predicted these items for order 1103153 :
   816 with score of 1.3884228580191103
   1468 with score of 1.3884228580191103
   1895 with score of 1.3884228580191103
   3000 with score of 1.3884228580191103
   3323 with score of 1.3884228580191103
   4214 with score of 1.3884228580191103
   4256 with score of 1.3884228580191103
   4724 with score of 1.3884228580191103
   5133 with score of 1.3884228580191103
   5526 with score of 1.3884228580191103
These are the actual items bought: 
   709
The current arm is 1 with vector {0:0.6751621388834673,1:0.9726063632372924,2:0.7774036427031382,3:0.09808305162220954,4:0.20373486416789266,5:0.39105828011689225} with alpha 10.0 and beta 43.0
The order information:
Date: 2010-02-24T13:47:47.000+01:00
It predicted these items for order 1104153 :
   975 with score of 1.2699552831682523
   3293 with score of 1.2699552831682523
   5055 with score of 1.2699552831682523
   2816 with score of 1.0662204190003597
   3023 with score of 1.0662204190003597
   3025 with score of 1.0662204190003597
   3179 with score of 1.0662204190003597
   3371 with score of 1.0662204190003597
   3515 with score of 1.0662204190003597
   3863 with score of 1.0662204190003597
These are the actual items bought: 
   4296
   178
   652
   3327
   652
   4737
   5025
   1480
The current arm is 4 with vector {0:0.19070426994384604,1:0.2740054835567094,2:0.2672163473463455,3:0.29928386066167245,4:0.7066389014289669,5:0.6180642703169714} with alpha 8.0 and beta 54.0
The order information:
Date: 2010-02-24T19:50:06.000+01:00
It predicted these items for order 1105154 :
   2482 with score of 1.10805240092249
   3472 with score of 1.10805240092249
   4851 with score of 1.10805240092249
   2346 with score of 0.8087685402608175
   555 with score of 0.7990202657640042
   2616 with score of 0.7990202657640042
   3430 with score of 0.7990202657640042
   3492 with score of 0.7990202657640042
   7149 with score of 0.7990202657640042
   3847 with score of 0.6960095540445089
These are the actual items bought: 
   555
   695
The current arm is 44 with vector {0:0.39144455190118477,1:0.16747430908058913,2:0.3901192814167138,3:0.31753477109531547,4:0.046271203606402134,5:0.03583110891693153} with alpha 22.0 and beta 118.0
The order information:
Date: 2010-02-25T00:24:21.000+01:00
It predicted these items for order 1106156 :
   1677 with score of 0.7448104319134318
   1910 with score of 0.7448104319134318
   2542 with score of 0.7448104319134318
   2805 with score of 0.7448104319134318
   3353 with score of 0.7448104319134318
   4183 with score of 0.7448104319134318
   4723 with score of 0.7448104319134318
   4889 with score of 0.7448104319134318
   5229 with score of 0.7448104319134318
   5364 with score of 0.7448104319134318
These are the actual items bought: 
   1325
   600
   6508
   2816
The arm 0 has vector {0:0.04986950819699254,1:0.4454501080026225,2:0.5674054774300095,3:0.7868448720400215,4:0.21528391146114867,5:0.3455618914786559} with alpha 9.0 and beta 76.0, percentage 9.63855421686747
The arm 1 has vector {0:0.6751621388834673,1:0.9726063632372924,2:0.7774036427031382,3:0.09808305162220954,4:0.20373486416789266,5:0.39105828011689225} with alpha 12.0 and beta 93.0, percentage 10.679611650485436
The arm 2 has vector {0:0.24500727358436014,1:0.07422932392042303,2:0.851197151706185,3:0.8873456443371394,4:0.24875892130959387,5:0.790440098597267} with alpha 1.0 and beta 28.0, percentage 0.0
The arm 3 has vector {0:0.6267715352358313,1:0.6146202885512988,2:0.24093861111521575,3:0.404470405719779,4:0.5109530114475419,5:0.3216331314160983} with alpha 15.0 and beta 111.0, percentage 11.29032258064516
The arm 4 has vector {0:0.19070426994384604,1:0.2740054835567094,2:0.2672163473463455,3:0.29928386066167245,4:0.7066389014289669,5:0.6180642703169714} with alpha 9.0 and beta 80.0, percentage 9.195402298850574
The arm 5 has vector {0:0.6533165344984495,1:0.07037373414189674,2:0.9807410557636967,3:0.5427712255674658,4:0.9817859838632804,5:0.7487648108209609} with alpha 24.0 and beta 161.0, percentage 12.568306010928962
The arm 6 has vector {0:0.5029881542822878,1:0.28546093685479235,2:0.4337232552095214,3:0.787630131403878,4:0.459859693859187,5:0.24393253536956605} with alpha 11.0 and beta 80.0, percentage 11.235955056179774
The arm 7 has vector {0:0.9649178609866065,1:0.3574667976161847,2:0.9341397331215522,3:0.6913447979059776,4:0.8742365206809799,5:0.875082284486103} with alpha 4.0 and beta 50.0, percentage 5.769230769230769
The arm 8 has vector {0:0.4187443237763405,1:0.48047801552604197,2:0.9963500923122918,3:0.6335443358053693,4:0.4079514952300086,5:0.8642494774678198} with alpha 4.0 and beta 46.0, percentage 6.25
The arm 9 has vector {0:0.6139733647175442,1:0.6598881373570495,2:0.0979509209064987,3:0.20985002107574358,4:0.44948711567616706,5:0.5314936538433085} with alpha 14.0 and beta 103.0, percentage 11.304347826086957
The arm 10 has vector {0:0.6209676740673568,1:0.04091029177906491,2:0.13779814464145002,3:0.08999817787985731,4:0.6891110154483996,5:0.8058498007668302} with alpha 10.0 and beta 77.0, percentage 10.588235294117647
The arm 11 has vector {0:0.9709071345836389,1:0.6137117103413106,2:0.6851582941027728,3:0.1894996444899677,4:0.16261245024604776,5:0.32133415797668985} with alpha 18.0 and beta 124.0, percentage 12.142857142857142
The arm 12 has vector {0:0.3146976352624309,1:0.11912908164542979,2:0.10183609369841484,3:0.22632206368451346,4:0.33601912407306433,5:0.912295598501678} with alpha 12.0 and beta 92.0, percentage 10.784313725490197
The arm 13 has vector {0:0.8028367847363344,1:0.9542543101175355,2:0.38461786994210023,3:0.1436871723881048,4:0.5207065150226643,5:0.5559095428099494} with alpha 7.0 and beta 58.0, percentage 9.523809523809524
The arm 14 has vector {0:0.1497599201915597,1:0.6608501787338011,2:0.12292301475847067,3:0.38479434767951204,4:0.07038703705021143,5:0.6850459679165163} with alpha 3.0 and beta 45.0, percentage 4.3478260869565215
The arm 15 has vector {0:0.7757855768949924,1:0.9413068561719228,2:0.03265618535428427,3:0.615369619061701,4:0.5149677776116338,5:0.05167445336321075} with alpha 5.0 and beta 53.0, percentage 7.142857142857142
The arm 16 has vector {0:0.07999820295964355,1:0.7108399228401772,2:0.7656722301764441,3:0.9340079728062821,4:0.3946656640483118,5:0.4119316637989612} with alpha 2.0 and beta 30.0, percentage 3.3333333333333335
The arm 17 has vector {0:0.3015775379758543,1:0.5098816866330094,2:0.8577722127007316,3:0.4512426313569443,4:0.07407306152659032,5:0.8991100627197296} with alpha 8.0 and beta 64.0, percentage 10.0
The arm 18 has vector {0:0.4149061067754962,1:0.3338422107926752,2:0.2340371448642663,3:0.6369398651920266,4:0.6673659936325483,5:0.7970042131594536} with alpha 18.0 and beta 121.0, percentage 12.408759124087592
The arm 19 has vector {0:0.23714310857933218,1:0.5850500366828122,2:0.22410468214205337,3:0.07915272181481747,4:0.13203210842972946,5:0.7893449368055399} with alpha 29.0 and beta 179.0, percentage 13.592233009708737
The arm 20 has vector {0:0.020574227971092207,1:0.8460916057607993,2:0.41241135615008195,3:0.8938800796695053,4:0.0907239512437562,5:0.9751183514528495} with alpha 19.0 and beta 123.0, percentage 12.857142857142856
The arm 21 has vector {0:0.4853886894014955,1:0.30158414869577266,2:0.3931938787778311,3:0.7590717702155755,4:0.2030261017767644,5:0.020802481676936657} with alpha 14.0 and beta 108.0, percentage 10.833333333333334
The arm 22 has vector {0:0.06865229960578978,1:0.5056756294257329,2:0.3658702171567173,3:0.03141374876111713,4:0.6923659245494365,5:0.33943554673214127} with alpha 7.0 and beta 71.0, percentage 7.894736842105263
The arm 23 has vector {0:0.30805221164065577,1:0.5806779299762254,2:0.4367888812858989,3:0.49987069637441495,4:0.21777971463019552,5:0.6417664065740425} with alpha 16.0 and beta 121.0, percentage 11.11111111111111
The arm 24 has vector {0:0.6417195203683347,1:0.19138176730058487,2:0.48271979528832154,3:0.17507250723707557,4:0.5006024337582203,5:0.5716308304137001} with alpha 11.0 and beta 91.0, percentage 10.0
The arm 25 has vector {0:0.8863186775398282,1:0.5244047475027295,2:0.4256117127812584,3:0.7551905946370402,4:0.7472710749578656,5:0.4077105879295255} with alpha 18.0 and beta 117.0, percentage 12.781954887218044
The arm 26 has vector {0:0.7871888847076512,1:0.02637819390117624,2:0.6152672503806081,3:0.5983750402263742,4:0.41655827587860095,5:0.346173905081294} with alpha 16.0 and beta 106.0, percentage 12.5
The arm 27 has vector {0:0.22240871801810702,1:0.7292186217362704,2:0.6780195607515513,3:0.6209588854614039,4:0.6752801058001253,5:0.3959571936858042} with alpha 4.0 and beta 52.0, percentage 5.555555555555555
The arm 28 has vector {0:0.8234209033602922,1:0.2798993199226877,2:0.1625298273519714,3:0.31109712719650284,4:0.6776902908831184,5:0.6842725529014022} with alpha 9.0 and beta 74.0, percentage 9.876543209876543
The arm 29 has vector {0:0.19503837570350524,1:0.7800929772130338,2:0.6653838879156593,3:0.06383634148613948,4:0.4031558435641853,5:0.8660362852631507} with alpha 10.0 and beta 84.0, percentage 9.782608695652174
The arm 30 has vector {0:0.5334170671220604,1:0.17988020267246985,2:0.06980004790959848,3:0.5665672423791102,4:0.6271291922435421,5:0.6313331392456624} with alpha 3.0 and beta 42.0, percentage 4.651162790697675
The arm 31 has vector {0:0.8112242490403047,1:0.7874006234037371,2:0.7957338084563934,3:0.5654305287873951,4:0.5107061885456237,5:0.9706136967450341} with alpha 6.0 and beta 60.0, percentage 7.8125
The arm 32 has vector {0:0.3243741734767145,1:0.9137873556996234,2:0.8051073005544503,3:0.3424524888780053,4:0.4337193918656582,5:0.15009477164192597} with alpha 15.0 and beta 116.0, percentage 10.852713178294573
The arm 33 has vector {0:0.8107669441065052,1:0.8778824256007929,2:0.616205636954718,3:0.6505874084516966,4:0.136789873912892,5:0.32317783916858533} with alpha 8.0 and beta 65.0, percentage 9.859154929577464
The arm 34 has vector {0:0.6442936768502086,1:0.8276561454470117,2:0.20190813675048702,3:0.9793285838636303,4:0.6351011730136712,5:0.40796378438214853} with alpha 14.0 and beta 98.0, percentage 11.818181818181818
The arm 35 has vector {0:0.25384861841037887,1:0.7054196144407794,2:0.9952407803621839,3:0.00549098751994459,4:0.0050308903948546035,5:0.8285205809455799} with alpha 2.0 and beta 35.0, percentage 2.857142857142857
The arm 36 has vector {0:0.5629000868575924,1:0.9093237012981484,2:0.40768518348380334,3:0.11663964176531139,4:0.3070462059120712,5:0.7361429415839972} with alpha 16.0 and beta 117.0, percentage 11.450381679389313
The arm 37 has vector {0:0.10174108243017355,1:0.6881349468409448,2:0.6252966163082032,3:0.6943086863846263,4:0.26087062204324774,5:0.6462311917533604} with alpha 11.0 and beta 91.0, percentage 10.0
The arm 38 has vector {0:0.1648460085636353,1:0.250875623479212,2:0.7482404258862098,3:0.6829134174884619,4:0.2516524066665232,5:0.8110110718177962} with alpha 6.0 and beta 60.0, percentage 7.8125
The arm 39 has vector {0:0.6172031318692616,1:0.9642058358611902,2:0.5126628799616615,3:0.10087916117873397,4:0.523821142898314,5:0.03851427813409136} with alpha 10.0 and beta 82.0, percentage 10.0
The arm 40 has vector {0:0.9457079622534907,1:0.04057388209118662,2:0.9347270170385935,3:0.02457539963458888,4:0.7139219205382765,5:0.09654404390615179} with alpha 10.0 and beta 85.0, percentage 9.67741935483871
The arm 41 has vector {0:0.9368819690712562,1:0.8035462922529598,2:0.24112979699831616,3:0.6130137003785207,4:0.18330405513903913,5:0.2745067428843393} with alpha 15.0 and beta 113.0, percentage 11.11111111111111
The arm 42 has vector {0:0.9925590594514982,1:0.1834980683361248,2:0.6785567216092159,3:0.6586784948187233,4:0.924640464983365,5:0.7579397198127934} with alpha 15.0 and beta 95.0, percentage 12.962962962962962
The arm 43 has vector {0:0.5785576860453896,1:0.0561797579930976,2:0.9145280407088938,3:0.2678843607626955,4:0.5760360225155415,5:0.621913810587272} with alpha 13.0 and beta 105.0, percentage 10.344827586206897
The arm 44 has vector {0:0.39144455190118477,1:0.16747430908058913,2:0.3901192814167138,3:0.31753477109531547,4:0.046271203606402134,5:0.03583110891693153} with alpha 28.0 and beta 162.0, percentage 14.361702127659576
The arm 45 has vector {0:0.17036434094842468,1:0.0565920466418961,2:0.216356309041133,3:0.7911785676972021,4:0.8687553956667053,5:0.6140630409372668} with alpha 8.0 and beta 70.0, percentage 9.210526315789473
The arm 46 has vector {0:0.5140273606440521,1:0.726489675845984,2:0.2885299685339041,3:0.04257836435224471,4:0.8478108501293701,5:0.840096908882794} with alpha 28.0 and beta 169.0, percentage 13.846153846153847
The arm 47 has vector {0:0.11909519879812847,1:0.517899237045416,2:0.47370325167101857,3:0.7405658596365254,4:0.048864268456440985,5:0.9886087649944211} with alpha 35.0 and beta 204.0, percentage 14.345991561181433
The arm 48 has vector {0:0.5146605610376034,1:0.2848432554762851,2:0.35370395695076473,3:0.9655220540914686,4:0.9695202306704426,5:0.0035429818586912853} with alpha 9.0 and beta 78.0, percentage 9.411764705882353
The arm 49 has vector {0:0.5240529801639718,1:0.07161467764907614,2:0.7585834261688879,3:0.17475116634059573,4:0.6449404576341264,5:0.08456342378869341} with alpha 3.0 and beta 41.0, percentage 4.761904761904762
The best arm is 44 with vector {0:0.39144455190118477,1:0.16747430908058913,2:0.3901192814167138,3:0.31753477109531547,4:0.046271203606402134,5:0.03583110891693153} with alpha 28.0 and beta 162.0, percentage 14.361702127659576
The right guesses are: 544 which means 10.879999999999999% correct
Done
The current arm is 44 with vector {0:0.39144455190118477,1:0.16747430908058913,2:0.3901192814167138,3:0.31753477109531547,4:0.046271203606402134,5:0.03583110891693153} with alpha 1.0 and beta 1.0
The order information:
Date: 2010-02-23T15:01:23.000+01:00
It predicted these items for order 1102153 :
   334 with score of 0.7448104319134318
   356 with score of 0.7448104319134318
   558 with score of 0.7448104319134318
   765 with score of 0.7448104319134318
   1362 with score of 0.7448104319134318
   1667 with score of 0.7448104319134318
   1728 with score of 0.7448104319134318
   2229 with score of 0.7448104319134318
   2318 with score of 0.7448104319134318
   2794 with score of 0.7448104319134318
These are the actual items bought: 
   1197
   303
The current arm is 44 with vector {0:0.39144455190118477,1:0.16747430908058913,2:0.3901192814167138,3:0.31753477109531547,4:0.046271203606402134,5:0.03583110891693153} with alpha 163.0 and beta 839.0
The order information:
Date: 2010-02-23T22:59:25.000+01:00
It predicted these items for order 1103153 :
   816 with score of 0.7448104319134318
   1468 with score of 0.7448104319134318
   1895 with score of 0.7448104319134318
   3000 with score of 0.7448104319134318
   3323 with score of 0.7448104319134318
   4214 with score of 0.7448104319134318
   4256 with score of 0.7448104319134318
   4724 with score of 0.7448104319134318
   5133 with score of 0.7448104319134318
   5526 with score of 0.7448104319134318
These are the actual items bought: 
   709
The current arm is 44 with vector {0:0.39144455190118477,1:0.16747430908058913,2:0.3901192814167138,3:0.31753477109531547,4:0.046271203606402134,5:0.03583110891693153} with alpha 292.0 and beta 1710.0
The order information:
Date: 2010-02-24T13:47:47.000+01:00
It predicted these items for order 1104153 :
   975 with score of 0.47354686442451843
   3293 with score of 0.47354686442451843
   5055 with score of 0.47354686442451843
   3289 with score of 0.44488197729097323
   5367 with score of 0.44219464412220333
   1242 with score of 0.4416969898316904
   3224 with score of 0.4414874511830534
   4296 with score of 0.4386841638566932
   6097 with score of 0.4385688771484662
   652 with score of 0.4385300988920626
These are the actual items bought: 
   4296
   178
   652
   3327
   652
   4737
   5025
   1480
The current arm is 44 with vector {0:0.39144455190118477,1:0.16747430908058913,2:0.3901192814167138,3:0.31753477109531547,4:0.046271203606402134,5:0.03583110891693153} with alpha 380.0 and beta 2622.0
The order information:
Date: 2010-02-24T19:50:06.000+01:00
It predicted these items for order 1105154 :
   2482 with score of 0.7448104319134318
   3472 with score of 0.7448104319134318
   4851 with score of 0.7448104319134318
   555 with score of 0.726894877454966
   2616 with score of 0.726894877454966
   3430 with score of 0.726894877454966
   3492 with score of 0.726894877454966
   7149 with score of 0.726894877454966
   3847 with score of 0.7209230259688107
   4871 with score of 0.7209230259688107
These are the actual items bought: 
   555
   695
The current arm is 44 with vector {0:0.39144455190118477,1:0.16747430908058913,2:0.3901192814167138,3:0.31753477109531547,4:0.046271203606402134,5:0.03583110891693153} with alpha 476.0 and beta 3526.0
The order information:
Date: 2010-02-25T00:24:21.000+01:00
It predicted these items for order 1106156 :
   1677 with score of 0.7448104319134318
   1910 with score of 0.7448104319134318
   2542 with score of 0.7448104319134318
   2805 with score of 0.7448104319134318
   3353 with score of 0.7448104319134318
   4183 with score of 0.7448104319134318
   4723 with score of 0.7448104319134318
   4889 with score of 0.7448104319134318
   5229 with score of 0.7448104319134318
   5364 with score of 0.7448104319134318
These are the actual items bought: 
   1325
   600
   6508
   2816
The arm 44 has vector {0:0.39144455190118477,1:0.16747430908058913,2:0.3901192814167138,3:0.31753477109531547,4:0.046271203606402134,5:0.03583110891693153} with alpha 550.0 and beta 4452.0, percentage 10.979999999999999
The best arm is 44 with vector {0:0.39144455190118477,1:0.16747430908058913,2:0.3901192814167138,3:0.31753477109531547,4:0.046271203606402134,5:0.03583110891693153} with alpha 550.0 and beta 4452.0, percentage 10.979999999999999
The right guesses are: 549 which means 10.979999999999999% correct
Done
113
