Items: 31014,2,2012-03-22 09:35:15.730000000,2013-01-31 22:08:19.360000000,0,0000000000000000000000000000000000000000000000000000000000000000000000000000000000000000000010000000000000000000000000000000000000000000000000000000000000000000000000000000000000000000000000000000000000000000000000000000000000000000000000000000000000000000
Items: 16065,3,2010-10-12 09:05:28.623000000,2011-10-19 12:41:59.293000000,0,0000000000000000000000000000000000000000000000000000000000000000000000000000000000000000000100000000000000000000000000000000000000000000000000000000000000000000000000000000000000000000000000000000000000000000000000000000000000000000000000000000000000000000
Items: 2897,1,2010-07-28 15:55:07.423000000,2013-07-15 05:02:15.650000000,0,0000000000000000000000000000000000000000000000000000000000000000000000000000000000000000000100000000000000000000000000000000000000000000000000000000000000000000000000000000000000000000000000000000000000000000000000000000000000000000000000000000000000000000
Users: 46671,2009-07-31 17:52:05.423000000,45238,,0
Users: 117404,2012-02-11 18:20:17.737000000,30295,1989-02-13 00:00:00,1
Users: 185087,2009-07-31 19:48:45.310000000,54234,1986-06-04 00:00:00,1
Users: 242612,2011-12-03 21:34:16.640000000,90627,1990-07-23 00:00:00,2
Users: 294436,2011-03-16 09:05:23.647000000,72233,1994-04-25 00:00:00,1
Users: 345704,2011-11-11 20:55:14.437000000,68600,1994-06-05 00:00:00,2
Users: 399809,2012-09-17 14:43:42.033000000,44491,1997-12-12 00:00:00,1
Users: 455390,2012-12-20 16:02:28.573000000,3274,1978-06-02 00:00:00,2
Users: 525182,2013-07-28 12:33:53.590000000,53372,1990-06-17 00:00:00,0
Orders: 35022,1033356,1457,2009-10-18 21:46:53.347000000
Orders: 214698,1082559,614,2010-01-24 20:16:55.153000000
Orders: 226305,1122161,1501,2010-03-20 16:23:03.950000000
Orders: 46541,1167569,11120,2010-05-26 12:55:02.417000000
Orders: 75824,1208142,11119,2010-07-27 23:14:48.377000000
Orders: 13287,1248778,12826,2010-09-21 21:56:27.157000000
Orders: 272654,1296031,653,2010-12-01 18:41:36.730000000
Orders: 285359,1344258,18628,2011-01-28 14:59:09.743000000
Orders: 157456,1388262,18371,2011-03-17 11:46:02.120000000
Orders: 307265,1432210,758,2011-04-29 21:28:48.340000000
Orders: 271030,1473349,21803,2011-06-14 15:24:35.467000000
Orders: 275827,1511037,21829,2011-07-28 21:58:50.970000000
Orders: 62527,1550712,24845,2011-09-10 18:44:47.023000000
Orders: 293365,1597283,27523,2011-11-12 08:21:31.203000000
Orders: 158173,1649466,24361,2011-12-28 14:06:54.430000000
Orders: 371623,1691322,28947,2012-01-31 15:54:20.570000000
Orders: 151193,1739094,2144,2012-03-22 17:02:48.527000000
Orders: 71320,1784958,7874,2012-05-16 17:00:59.817000000
Orders: 287161,1827735,20480,2012-06-29 22:23:24.193000000
Orders: 271514,1866722,31203,2012-08-11 21:38:56.863000000
Orders: 428803,1915657,35460,2012-10-09 20:15:44.210000000
Orders: 444954,1966435,29677,2012-12-01 22:51:49.073000000
Orders: 460415,2018674,31695,2013-01-07 22:20:30.543000000
Orders: 381441,2066329,35170,2013-02-19 22:08:16.833000000
Orders: 485606,2112774,39306,2013-03-26 15:04:37.277000000
Orders: 423890,2161061,11304,2013-05-03 09:35:38.190000000
Orders: 314770,2207605,26096,2013-06-05 19:04:54.837000000
Orders: 287308,2249841,40450,2013-07-13 20:23:09.463000000
Orders: 255027,2289235,33612,2013-08-13 17:15:05.073000000
Orders: 466261,2331294,43871,2013-09-15 21:02:00.180000000
Orders: 446724,2379393,448,2013-11-01 19:20:53.627000000

Startup information:
First order in training stage: 700000
First order in evaluation stage: 771338
Last order in evaluation stage: 777338

Number of orders in training stage: 71338
Number of orders in evaluation stage: 6000

The current arm is 37 with vector {0:0.5023975472830335,1:0.8102873959762578,2:0.7500949391240659,3:0.6081681212194491,4:0.048640448962527394,5:0.33726274746421747,6:0.4638560121266404,7:0.7013692355215144,8:0.7507543188919218,9:0.4419440971490669,10:0.34222061033157947,11:0.9678162585354435,12:0.8732327698045469,13:0.3494064484308467,14:0.6223171609904705,15:0.6886752323314065,16:0.08360630922387513,17:0.4930997761681345,18:0.36579212376407655,19:0.9805139652161831,20:0.6637363496805846,21:0.2907888626688766,22:0.8132434946570174,23:0.8640781287545906,24:0.06660770667932792,25:0.6309533919519652,26:0.0015037206442041207,27:0.7391386899870583,28:0.9206205640625218,29:0.4735491892412643,30:0.47905781167079886,31:0.7582801871611092,32:0.16982777527625526,33:0.4939697972357481,34:0.6810992627298326,35:0.07884139816037206,36:0.7730526156984393,37:0.5259084940422563,38:0.12550458560579836,39:0.9441709137627654,40:0.7045211958071793} with alpha 2.0 and beta 8.0
The order information:
Date: 2012-05-09T17:07:05.000+02:00
It predicted these items for order 1778911 :
   31560 with score of 1.7191106779717438
   752 with score of 1.167313399719644
   27900 with score of 0.9527175214516437
   748 with score of 0.9459830696863812
   1693 with score of 0.8883007437097784
   13688 with score of 0.8883007437097784
   21769 with score of 0.8883007437097784
   25013 with score of 0.8883007437097784
   31278 with score of 0.8883007437097784
   5003 with score of 0.8804092499165207
These are the actual items bought: 
   11832
   30233
The current arm is 47 with vector {0:0.058246164990181426,1:0.8572154507309211,2:0.7799930379617318,3:0.5946913618830166,4:0.04012843203180305,5:0.5737246235793698,6:0.8229341761553051,7:0.07168446810704099,8:0.5573128280353908,9:0.804234381517842,10:0.3234494778148296,11:0.17116266487567633,12:0.11667332177446255,13:0.41386661924774903,14:0.009379986128818851,15:0.7807816725940097,16:0.4952388900385034,17:0.4036592165496319,18:0.5343362392806588,19:0.5751137151448478,20:0.4902115943470948,21:0.5138656581619923,22:0.785992994862078,23:0.5680100932568973,24:0.6411107845552053,25:0.6714514332778847,26:0.9307896423935178,27:0.6600577914505885,28:0.6653220388804311,29:0.04717475777201319,30:0.0543932782526263,31:0.30400937181702103,32:0.384579481264816,33:0.2502897607786775,34:0.2735050621029198,35:0.7280424949453757,36:0.6977649813988096,37:0.15030826695514632,38:0.7543467782248325,39:0.9777175687282653,40:0.36128333731263007} with alpha 9.0 and beta 37.0
The order information:
Date: 2012-05-10T17:54:43.000+02:00
It predicted these items for order 1779917 :
   31560 with score of 1.5475561711355441
   5003 with score of 1.5268450986842619
   31290 with score of 1.4287903959463302
   31871 with score of 1.4287903959463302
   752 with score of 1.4053528158593
   31774 with score of 1.3519140892870194
   24194 with score of 1.3330378524304538
   27109 with score of 1.3330378524304538
   31711 with score of 1.3040863673309846
   23390 with score of 1.2940735162871269
These are the actual items bought: 
   30342
   23374
   32289
The current arm is 16 with vector {0:0.8386251542574674,1:0.2920667295709537,2:0.9408603681503258,3:0.6466779256489419,4:0.7980999440078218,5:0.11207173215945665,6:0.5259650636895699,7:0.8056122638120622,8:0.6278909086532454,9:0.8837831842086561,10:0.4520809035663941,11:0.19109431875702387,12:0.6324647572107266,13:0.8504075244573311,14:0.27854155251062784,15:0.44855969469490076,16:0.36063167857336953,17:0.7041390527660446,18:0.37474656653010197,19:0.9582091222098902,20:0.6448652184886821,21:0.8591954244623037,22:0.8678616973147454,23:0.02686707879259298,24:0.9357101177618913,25:0.941275759034057,26:0.6514113229651157,27:0.6777187457264927,28:0.41351381600710246,29:0.051692470413105096,30:0.7425006054873521,31:0.68837306542043,32:0.6039036566873904,33:0.7816522620895736,34:0.3251131100319228,35:0.6040811037680128,36:0.256374538601708,37:0.8741968410794336,38:0.8021294341960832,39:0.7324047385671962,40:0.9090450323627521} with alpha 27.0 and beta 103.0
The order information:
Date: 2012-05-11T22:39:32.000+02:00
It predicted these items for order 1780921 :
   31560 with score of 2.8152410934734604
   752 with score of 2.2907694859445122
   748 with score of 2.1419333096567987
   27900 with score of 1.9348518894741253
   21714 with score of 1.9323762397547917
   20430 with score of 1.9189932630711466
   29669 with score of 1.9130118505951725
   5003 with score of 1.9014097271206878
   27576 with score of 1.9010942060287426
   23467 with score of 1.8623298664073258
These are the actual items bought: 
   31776
The current arm is 17 with vector {0:0.5881053369317929,1:0.32091226659364536,2:0.26435106355390203,3:0.6634780590996208,4:0.03810160423215281,5:0.46316656222472563,6:0.8923935542765761,7:0.6762027803548663,8:0.4469554834568362,9:0.9985246229954592,10:0.7792640534587396,11:0.8656004925066235,12:0.9354421800334208,13:0.8727880766319852,14:0.23888817417724972,15:0.41855160117941304,16:0.8106033290906521,17:0.05122178666933008,18:0.07710994951770567,19:0.42230733593776315,20:0.45175130026733057,21:0.35040811052179954,22:0.410054120811541,23:0.49847679465661976,24:0.5363805548429742,25:0.46965487350013135,26:0.7188681653268907,27:0.6922595054263355,28:0.6245496311615599,29:0.4155548006916583,30:0.4976688840903908,31:0.3010114166550628,32:0.5715504717144695,33:0.5200811228683658,34:0.34759424608264533,35:0.9953590460728847,36:0.42662869655632685,37:0.3073954446225734,38:0.38688709190276305,39:0.10485016041826223,40:0.3299592193641181} with alpha 27.0 and beta 107.0
The order information:
Date: 2012-05-13T15:53:25.000+02:00
It predicted these items for order 1781930 :
   31560 with score of 2.7913447606021853
   752 with score of 2.4386484548241394
   748 with score of 2.3312880485869076
   27900 with score of 2.038930496305488
   31865 with score of 1.962148496966003
   31634 with score of 1.9614654638545335
   31854 with score of 1.9614654638545335
   21252 with score of 1.960782430743064
   21714 with score of 1.9516322676603122
   31845 with score of 1.938755323115295
These are the actual items bought: 
   2084
   29003
   31950
   20990
   31940
   30573
   20678
   30195
   25363
   27900
The current arm is 17 with vector {0:0.5881053369317929,1:0.32091226659364536,2:0.26435106355390203,3:0.6634780590996208,4:0.03810160423215281,5:0.46316656222472563,6:0.8923935542765761,7:0.6762027803548663,8:0.4469554834568362,9:0.9985246229954592,10:0.7792640534587396,11:0.8656004925066235,12:0.9354421800334208,13:0.8727880766319852,14:0.23888817417724972,15:0.41855160117941304,16:0.8106033290906521,17:0.05122178666933008,18:0.07710994951770567,19:0.42230733593776315,20:0.45175130026733057,21:0.35040811052179954,22:0.410054120811541,23:0.49847679465661976,24:0.5363805548429742,25:0.46965487350013135,26:0.7188681653268907,27:0.6922595054263355,28:0.6245496311615599,29:0.4155548006916583,30:0.4976688840903908,31:0.3010114166550628,32:0.5715504717144695,33:0.5200811228683658,34:0.34759424608264533,35:0.9953590460728847,36:0.42662869655632685,37:0.3073954446225734,38:0.38688709190276305,39:0.10485016041826223,40:0.3299592193641181} with alpha 49.0 and beta 190.0
The order information:
Date: 2012-05-14T16:46:54.000+02:00
It predicted these items for order 1782931 :
   31560 with score of 2.7314793074917594
   748 with score of 2.4783950309056304
   752 with score of 2.341101234557701
   21714 with score of 1.934434069295993
   27576 with score of 1.9151538020655698
   5003 with score of 1.8991381016372024
   29669 with score of 1.863943460716503
   27900 with score of 1.8155477571434866
   23467 with score of 1.8101100622509365
   20430 with score of 1.8019623061003691
These are the actual items bought: 
   32564
The current arm is 25 with vector {0:0.5077605075431012,1:0.6771450320591865,2:0.3568173208331247,3:0.4959163152692935,4:0.03915144130889614,5:0.38841657785805783,6:0.6791327566216111,7:0.8389959000544427,8:0.13287087837253375,9:0.505386397583626,10:0.7025509641838927,11:0.029506840838142034,12:0.5714387597180416,13:0.4536663621245356,14:0.889478816090573,15:0.4484804556615736,16:0.8461469839584217,17:0.07044964969310152,18:0.1980066137259413,19:0.6287347344942822,20:0.7148924436484335,21:0.9249886067351453,22:0.2615831512307131,23:0.04120066667078781,24:0.1273818124606454,25:0.5861504024868344,26:0.38737431389925747,27:0.4336300501292655,28:0.6230181988311295,29:0.7167093936026668,30:0.3279469604033487,31:0.36167975564178945,32:0.091547320238612,33:0.7040232116415103,34:0.17338872259429838,35:0.14624948241706914,36:0.5916880925096952,37:0.3439091697033333,38:0.646409982495389,39:0.23493874613364685,40:0.04750524022528113} with alpha 99.0 and beta 385.0
The order information:
Date: 2012-05-15T15:02:20.000+02:00
It predicted these items for order 1783936 :
   31560 with score of 2.3606158104273596
   748 with score of 2.105923769490648
   752 with score of 1.8371573456960901
   27576 with score of 1.6572677098025466
   21714 with score of 1.6162190304749036
   5003 with score of 1.6028601950676284
   29669 with score of 1.5430255890125868
   21776 with score of 1.5039736947285571
   20430 with score of 1.5013348281246333
   27900 with score of 1.4980848930506747
These are the actual items bought: 
   12096
The arm 0 has vector {0:0.4909095522663549,1:0.4569611147906213,2:0.5208858338445094,3:0.39954449901297073,4:0.5244466235867877,5:0.7679676835098184,6:0.06781492743757622,7:0.9314639567499601,8:0.22088141645853854,9:0.6796007668205781,10:0.08476733240755308,11:0.6928807117638586,12:0.13515094088258572,13:0.4813428256375224,14:0.7790516754923292,15:0.5223339020955873,16:0.07448221902967134,17:0.6074795213988736,18:0.6135774776904854,19:0.3566606210745171,20:0.32675848782935246,21:0.6500226354293055,22:0.853254304384814,23:0.7049336873464146,24:0.9651936566579542,25:0.3694515071012505,26:0.8590776209921381,27:0.2648395060943928,28:0.5636398162182715,29:0.26984921526933736,30:0.6954516742868359,31:0.7047819865760456,32:0.07479151224872427,33:0.5941033652575514,34:0.39116850422551686,35:0.2748919764878899,36:0.6739509406920592,37:0.7946337909546173,38:0.24012027006009107,39:0.8747241440845454,40:0.4143100109557577} with alpha 4.0 and beta 40.0, percentage 7.142857142857142
The arm 1 has vector {0:0.0814716189844309,1:0.3703227255396959,2:0.08361717706302041,3:0.10652427937288533,4:0.49537330785254974,5:0.9842269943982971,6:0.06298421598925752,7:0.3527809042050031,8:0.6945660946900857,9:0.13165586531662476,10:0.37673388871881885,11:0.6531956841622893,12:0.4180882943534644,13:0.12676571072663045,14:0.924433381232888,15:0.3487642818476343,16:0.8622876315480016,17:0.10280473192015416,18:0.4120187618564429,19:0.7441887504598836,20:0.9085599429820221,21:0.9829361987043008,22:0.9050310828008251,23:0.044195720248808024,24:0.17470215523734556,25:0.5160137359051657,26:0.3296336455426404,27:0.7637711265736973,28:0.5600556956556207,29:0.6478821835185933,30:0.5292881847894061,31:0.025762232655329398,32:0.8412911357259133,33:0.605859856320585,34:0.3266630042506272,35:0.9222806967395265,36:0.3214647111273403,37:0.9111564122118829,38:0.17880291581676344,39:0.278606510843755,40:0.5115707462693002} with alpha 2.0 and beta 32.0, percentage 3.125
The arm 2 has vector {0:0.14192289206031528,1:0.4367567349960799,2:0.7562466213257318,3:0.0409374364738756,4:0.5769507052720965,5:0.526187392607286,6:0.5299772303492167,7:0.7692563687843672,8:0.996844376169092,9:0.20880332167780846,10:0.5695183634535377,11:0.11768978786217232,12:0.6523929534028369,13:0.9428849169227922,14:0.6664746972430148,15:0.9000272070221476,16:0.8097012862056735,17:0.2159994544710726,18:0.407272704290646,19:0.6126502700167761,20:0.2299884314896704,21:0.765182576816798,22:0.2938119402064606,23:0.5595669996252559,24:0.11977508395073766,25:0.17464685056427298,26:0.10685532655918684,27:0.03798666181994759,28:0.3840610932397793,29:0.8872547427449702,30:0.8256628757888561,31:0.9614129592780467,32:0.8974917341036736,33:0.2945778156549552,34:0.4240770470408761,35:0.3286742003575207,36:0.4795772968622787,37:0.5701074447038845,38:0.8820095014600653,39:0.7525164532275161,40:0.8411550496480795} with alpha 19.0 and beta 104.0, percentage 14.87603305785124
The arm 3 has vector {0:0.6298148703712149,1:0.21393577020879162,2:0.15766952305424198,3:0.7210404807053978,4:0.41682287047639854,5:0.9412787728123762,6:0.415503082416839,7:0.19193797831669024,8:0.6151669233598633,9:0.8214777957602986,10:0.22644830071297062,11:0.7133877978603523,12:0.5179231401626105,13:0.5206966746597564,14:0.1573981492013633,15:0.0031810636205628073,16:0.654693411788278,17:0.71907183374907,18:0.7352640527627904,19:0.2309631600805223,20:0.4420378628773495,21:0.11027260297785979,22:0.37462858404936494,23:0.8399481278006369,24:0.29017595894961057,25:0.5136451987004221,26:0.9825742147380984,27:0.8550782453668544,28:0.017374729332931715,29:0.9678252954956291,30:0.20172154431160194,31:0.49002058014675676,32:0.39924605781964384,33:0.5952053840787972,34:0.21795324401277183,35:0.2992870258149185,36:0.864723842858943,37:0.5506928883528291,38:0.5564104908608776,39:0.3753535205798868,40:0.1910735377830074} with alpha 1.0 and beta 25.0, percentage 0.0
The arm 4 has vector {0:0.46338663383259726,1:0.0666232678146943,2:0.8908430640151926,3:0.0034144703145427835,4:0.3799662759482766,5:0.7997033703868203,6:0.542159030690837,7:0.8137287156957284,8:0.7750503833618637,9:0.964659131199819,10:0.269278785305168,11:0.9087262953519305,12:0.7148796428964627,13:0.5752332298747952,14:0.7666826773509284,15:0.42246000426673425,16:0.007081458118758377,17:0.44574465393637186,18:0.12019647130267175,19:0.8421890229549233,20:0.8494402322111771,21:0.9223643496674534,22:0.3137808712395427,23:0.37922429726612794,24:0.1194033618482282,25:0.6611405016888495,26:0.05560648260563672,27:0.710616886240044,28:0.29761438364565596,29:0.07005023833687796,30:0.09527877745455504,31:0.18696263167986493,32:0.6704056558450124,33:0.48231518772544746,34:0.030444766613702767,35:0.8948519741541251,36:0.04325895340936459,37:0.6602526193965974,38:0.7693860233788713,39:0.39111532046527686,40:0.5838008949798624} with alpha 3.0 and beta 42.0, percentage 4.651162790697675
The arm 5 has vector {0:0.05809411954697219,1:0.8216656437352708,2:0.10470258355147466,3:0.8016833954461805,4:0.01525868734456104,5:0.8793709405990794,6:0.23834346970756937,7:0.21573845338223574,8:0.31174309280744805,9:0.13864227142087393,10:0.3030269740638307,11:0.759915499522547,12:0.017100440591662713,13:0.3469293996711402,14:0.865147123211787,15:0.3739815305728278,16:0.5665364603936484,17:0.6515759216557859,18:0.38748259906305815,19:0.4860579244367521,20:0.08806036520805716,21:0.6798437185821854,22:0.48628815679638593,23:0.5593873901966425,24:0.6499057271423893,25:0.032963844879706605,26:0.5379088503629491,27:0.6635842608701175,28:0.13247194701717124,29:0.126059411703916,30:0.9897046430820637,31:0.7698918740803296,32:0.9157006581798086,33:0.3500662849836803,34:0.2627373258290039,35:0.3243241993197,36:0.07124456183740424,37:0.28927228228901336,38:0.5580977252131504,39:0.44147545303228797,40:0.9139431530384537} with alpha 3.0 and beta 36.0, percentage 5.405405405405405
The arm 6 has vector {0:0.40451744084672425,1:0.21594302426080225,2:0.05405854004427646,3:0.6186903805758858,4:0.914917864410006,5:0.10219663805002277,6:0.23516007615814039,7:0.7898665480476524,8:0.09198809913773254,9:0.4546483713507512,10:0.2850317280213883,11:0.5197766509572685,12:0.07149142263105734,13:0.06746160880267915,14:0.05306274224946095,15:0.897869236369065,16:0.6604009768891337,17:0.6609799276597136,18:0.42033357390525206,19:0.6056704259931063,20:0.25580883974194457,21:0.29832945009749334,22:0.8569920609817521,23:0.268282795564452,24:0.24239113882580443,25:0.7531066597083947,26:0.735205337741054,27:0.09172417876323147,28:0.36671249027181774,29:0.24807736552769577,30:0.11363191060234457,31:0.490285747345952,32:0.8318086973682081,33:0.5497558152730404,34:0.6910309865223806,35:0.7755323032071215,36:0.045819022469484105,37:0.8299593160630012,38:0.9155143520337669,39:0.9287991575170754,40:0.255989585210737} with alpha 8.0 and beta 63.0, percentage 10.144927536231885
The arm 7 has vector {0:0.07317524839705902,1:0.4731142633611056,2:0.05644098977516665,3:0.45987262124911754,4:0.32020686161306,5:0.9818476016908375,6:0.7795367374881531,7:0.8971787209028562,8:0.5961425229404625,9:0.34735155233220605,10:0.7376443968471285,11:0.6981328639525395,12:0.2525947529404807,13:0.7489946781563076,14:0.1016504968081341,15:0.8402915054153816,16:0.8747876488186842,17:0.9783760389579402,18:0.11406298452526187,19:0.3622034820512383,20:0.5419519102491686,21:0.09990484345281103,22:0.022242101358965205,23:0.146374006401509,24:0.6054427376929812,25:0.18527191361983264,26:0.912549783598678,27:0.713860966902898,28:0.6828582783138798,29:0.6104441378807195,30:0.2931455097826786,31:0.9425827311012439,32:0.8031758427225921,33:0.4944853641948769,34:0.09930111508598582,35:0.9244388704066591,36:0.7030815385410618,37:0.3128838561275079,38:0.33112390211753817,39:0.31376035185622,40:0.35053444376018794} with alpha 9.0 and beta 65.0, percentage 11.11111111111111
The arm 8 has vector {0:0.2519272137024984,1:0.4867142779356666,2:0.7649047286908327,3:0.9608429483673704,4:0.824233077880542,5:0.5820255639670373,6:0.44922172485796963,7:0.6516378895213335,8:0.7228692494095195,9:0.5757413141921023,10:0.4188364735798349,11:0.5854262311733122,12:0.8200114822331546,13:0.8085765069976368,14:0.5738294900696239,15:0.6878044538578143,16:0.7754219777664162,17:0.9069586515315341,18:0.7215414971220603,19:0.6984017597241984,20:0.8275244835315131,21:0.613771426340972,22:0.5020647342419702,23:0.3204204572143209,24:0.01784456976855764,25:0.3745358110816497,26:0.6585715402593868,27:0.6318909360070257,28:0.9656851344976453,29:0.5980580189760906,30:0.03376071622929644,31:0.9282276957671517,32:0.7227519834655096,33:0.6688448752074242,34:0.749229754718272,35:0.32892870553364795,36:0.8444809439998038,37:0.9196650420203955,38:0.45928218870103754,39:0.5682297861131884,40:0.8863089741867874} with alpha 6.0 and beta 52.0, percentage 8.928571428571429
The arm 9 has vector {0:0.680393967977547,1:0.6327695039420783,2:0.3267267594021952,3:0.023681554914605663,4:0.1276831262943504,5:0.276525674114697,6:0.8228583984187743,7:0.9414646967638143,8:0.8135896342688635,9:0.99470410547725,10:0.9197194216682302,11:0.8178465020556442,12:0.673017651787194,13:0.43925286066561353,14:0.3460477782232456,15:0.751846779062082,16:0.4066760256318578,17:0.3532627360690431,18:0.40220850623794246,19:0.9155064104634207,20:0.8962349000317552,21:0.4719281167594098,22:0.162178531288245,23:0.6739693848860377,24:0.4571218518881074,25:0.5138419597227121,26:0.3213966908237297,27:0.8942901832497884,28:0.5941381170892523,29:0.8198280941196654,30:0.43998815897006294,31:0.4670251999746018,32:0.5022391927485393,33:0.8444050302499188,34:0.22367692934400152,35:0.07133108275916478,36:0.30356867979273783,37:0.9927266941330022,38:0.6364565481778977,39:0.3425323204988552,40:0.529480290284406} with alpha 30.0 and beta 139.0, percentage 17.365269461077844
The arm 10 has vector {0:0.08663584597582075,1:0.5311076370327376,2:0.2881892693445729,3:0.06122520687499933,4:0.3032586323707125,5:0.28711089795701195,6:0.5849848977458256,7:0.2953972785115355,8:0.3683257088407854,9:0.14199566216190096,10:0.42552733298456424,11:0.9066799619906688,12:0.08210533676156484,13:0.2197559209619977,14:0.14236045190484425,15:0.7940923981021956,16:0.2030390042575838,17:0.5643693686981798,18:0.14959221373911724,19:0.1738668738701753,20:0.3423784914608293,21:0.6583008842885983,22:0.7231664336679687,23:0.5719277062764221,24:0.38133809295345045,25:0.13968608317701714,26:0.28572301588105087,27:0.6552043406962306,28:0.04601530341171456,29:0.4323648782917937,30:0.6255062644378273,31:0.004755617785858757,32:0.008139767659666952,33:0.4619261062764126,34:0.7334494711625209,35:0.3512205842854106,36:0.7399319701368319,37:0.022617650192684913,38:0.027746677546889642,39:0.767816470976025,40:0.29506286311461394} with alpha 5.0 and beta 46.0, percentage 8.16326530612245
The arm 11 has vector {0:0.27994738384856555,1:0.33071787950180853,2:0.928829694747423,3:0.9796738244052541,4:0.43716915355031416,5:0.8741414907295298,6:0.4776277030522412,7:0.9681540984301846,8:0.808323288288893,9:0.6439881508385812,10:0.567317207916691,11:0.8849541272542455,12:0.9904224128025596,13:0.6734730368194635,14:0.7898802343992706,15:0.9054742964017272,16:0.6308710807488633,17:0.15102420254197513,18:0.3286923272080027,19:0.17620916392462516,20:0.24167757019389224,21:0.4948081450219124,22:0.6476219207137678,23:0.41247027638075195,24:0.503085140527862,25:0.07996702903152042,26:0.4655273300506283,27:0.31978827704239565,28:0.6086089974832961,29:0.7180307984180081,30:0.9492355016765871,31:0.526492944742565,32:0.41276514297188827,33:0.015888038203471178,34:0.8876071053066568,35:0.22696043339338745,36:0.49418741478823713,37:0.9637711645320589,38:0.44103237084532787,39:0.7142761500288327,40:0.7674915749592995} with alpha 11.0 and beta 65.0, percentage 13.513513513513514
The arm 12 has vector {0:0.1321111827195398,1:0.23259180461319306,2:0.8123302216879478,3:0.2181953693924541,4:0.539351228710588,5:0.5553632720251779,6:0.16009807940803433,7:0.6203497622145265,8:0.39888257557688633,9:0.8730677204647503,10:0.035749587454215415,11:0.8732296411747507,12:0.7701833720289675,13:0.1714806569683921,14:0.8826682744211375,15:0.37422886505803465,16:0.3525264581325045,17:0.8347756646680726,18:0.9130604392067986,19:0.8818480064024253,20:0.31957339766227355,21:0.3856154050035797,22:0.8644083194426402,23:0.18629983133182182,24:0.987267870320782,25:0.7595498671739874,26:0.9356080940444549,27:0.10445350130177977,28:0.4337562435704875,29:0.8788495174785775,30:0.82344624701158,31:0.9956487467572993,32:0.08105678418283535,33:0.258229971340889,34:0.44107668371395825,35:0.19761513422319765,36:0.7013986860921309,37:0.04635376385343537,38:0.39635369539306464,39:0.07510785009128584,40:0.3759495024160737} with alpha 9.0 and beta 68.0, percentage 10.666666666666668
The arm 13 has vector {0:0.839032789529332,1:0.22120776272833675,2:0.4546481543287614,3:0.5808335432731716,4:0.15359547885280533,5:0.8237244366412698,6:0.05904894886780543,7:0.88110367936767,8:0.9909571544613193,9:0.8399344544121407,10:0.67619933424535,11:0.09225557888755931,12:0.1734328292471885,13:0.7154753598110976,14:0.19400107335170613,15:0.5465252549032297,16:0.45082743422003,17:0.14559867932731685,18:0.625352233473769,19:0.691536297823557,20:0.7966006796981696,21:0.10411435814823555,22:0.6695518595656113,23:0.47670707974122895,24:0.27449719426911445,25:0.22096358697195218,26:0.26071951280770556,27:0.2695277300406188,28:0.8590904248445426,29:0.5599276538866382,30:0.8613023091655925,31:0.23815030967634498,32:0.9747971720494287,33:0.9584147900098269,34:0.3635245036975654,35:0.5166604134945653,36:0.18438921637778327,37:0.870140673520838,38:0.35630461979257944,39:0.7903598563837767,40:0.1504570278329781} with alpha 12.0 and beta 79.0, percentage 12.359550561797752
The arm 14 has vector {0:0.1648924980463885,1:0.33235194982979743,2:0.4657739791463448,3:0.09359548019071662,4:0.34347944326649493,5:0.17173853154621554,6:0.3898801713968608,7:0.9715042944222482,8:0.9935698798027266,9:0.1671106390543956,10:0.01634973449411159,11:0.37668406085993167,12:0.7804323495625658,13:0.19231361571020567,14:0.6414780546466383,15:0.9649782498521867,16:0.7244149921960346,17:0.6394988753677827,18:0.5705883992930476,19:0.758706617191842,20:0.9371209109984884,21:0.09358610895504693,22:0.48169220200553664,23:0.3806115906780453,24:0.03556108293510052,25:0.09276105001071122,26:0.8680797617889593,27:0.9385359897551233,28:0.10546271966552312,29:0.5046572543397607,30:0.24706124288304687,31:0.17302819478022402,32:0.45403008413469126,33:0.9798422948256417,34:0.9288702321301732,35:0.3400495476623757,36:0.4218384553099854,37:0.46131293203800083,38:0.9158681280301186,39:0.012956968143475578,40:0.557265505064699} with alpha 16.0 and beta 97.0, percentage 13.513513513513514
The arm 15 has vector {0:0.0450807860084681,1:0.3419792410731174,2:0.9035556483698381,3:0.07171952623038802,4:0.11527791511586394,5:0.4804311868674156,6:0.6784758729324668,7:0.6840277843624124,8:0.7235202986287015,9:0.727117681765701,10:0.7459522968230464,11:0.0866949064654785,12:0.1328236356911956,13:0.3561094308013628,14:0.6927674287885461,15:0.5904935120453889,16:0.21562145436233748,17:0.4815397685003121,18:0.897335247772205,19:0.5987077978363563,20:0.46508628217751813,21:0.4952919629389253,22:0.2759307443061727,23:0.25874645026644616,24:0.46976985076661193,25:0.5417043576692242,26:0.7452068661852455,27:0.8773063436201267,28:0.10927817667267281,29:0.5134885830252502,30:0.744332802373622,31:0.06699583799266817,32:0.3942434609882032,33:0.8214645177829246,34:0.1901231323050553,35:0.20694464876907348,36:0.1690839453244879,37:0.3077964596925198,38:0.6234090155388676,39:0.5497918344715514,40:0.2908065511561889} with alpha 43.0 and beta 198.0, percentage 17.573221757322173
The arm 16 has vector {0:0.8386251542574674,1:0.2920667295709537,2:0.9408603681503258,3:0.6466779256489419,4:0.7980999440078218,5:0.11207173215945665,6:0.5259650636895699,7:0.8056122638120622,8:0.6278909086532454,9:0.8837831842086561,10:0.4520809035663941,11:0.19109431875702387,12:0.6324647572107266,13:0.8504075244573311,14:0.27854155251062784,15:0.44855969469490076,16:0.36063167857336953,17:0.7041390527660446,18:0.37474656653010197,19:0.9582091222098902,20:0.6448652184886821,21:0.8591954244623037,22:0.8678616973147454,23:0.02686707879259298,24:0.9357101177618913,25:0.941275759034057,26:0.6514113229651157,27:0.6777187457264927,28:0.41351381600710246,29:0.051692470413105096,30:0.7425006054873521,31:0.68837306542043,32:0.6039036566873904,33:0.7816522620895736,34:0.3251131100319228,35:0.6040811037680128,36:0.256374538601708,37:0.8741968410794336,38:0.8021294341960832,39:0.7324047385671962,40:0.9090450323627521} with alpha 127.0 and beta 493.0, percentage 20.388349514563107
The arm 17 has vector {0:0.5881053369317929,1:0.32091226659364536,2:0.26435106355390203,3:0.6634780590996208,4:0.03810160423215281,5:0.46316656222472563,6:0.8923935542765761,7:0.6762027803548663,8:0.4469554834568362,9:0.9985246229954592,10:0.7792640534587396,11:0.8656004925066235,12:0.9354421800334208,13:0.8727880766319852,14:0.23888817417724972,15:0.41855160117941304,16:0.8106033290906521,17:0.05122178666933008,18:0.07710994951770567,19:0.42230733593776315,20:0.45175130026733057,21:0.35040811052179954,22:0.410054120811541,23:0.49847679465661976,24:0.5363805548429742,25:0.46965487350013135,26:0.7188681653268907,27:0.6922595054263355,28:0.6245496311615599,29:0.4155548006916583,30:0.4976688840903908,31:0.3010114166550628,32:0.5715504717144695,33:0.5200811228683658,34:0.34759424608264533,35:0.9953590460728847,36:0.42662869655632685,37:0.3073954446225734,38:0.38688709190276305,39:0.10485016041826223,40:0.3299592193641181} with alpha 60.0 and beta 251.0, percentage 19.093851132686083
The arm 18 has vector {0:0.29035155797259804,1:0.3028273686586903,2:0.7132056342905992,3:0.8947599412869706,4:0.7754826387688395,5:0.8914538253103512,6:0.11101205205821552,7:0.3801316000604148,8:0.7703697001139729,9:0.6935593539057529,10:0.5250820873645529,11:0.4486729455410382,12:0.23283784457845547,13:0.09260223272162327,14:0.4226345795836973,15:0.7557676183495627,16:0.48064186884654303,17:0.3617159937781611,18:0.9200871271802531,19:0.8941989032362921,20:0.13062889956253076,21:0.6680763355254545,22:0.7393126106600231,23:0.6631226532743975,24:0.332887881544481,25:0.6595970010999874,26:0.7652311543360161,27:0.8671127528325883,28:0.22920635684970736,29:0.45747861807456114,30:0.283203713718864,31:0.3582831377450787,32:0.9763224400302312,33:0.5790699003540929,34:0.4740817107804137,35:0.9159571437654322,36:0.5089809476537743,37:0.09000251394461534,38:0.3551887996377632,39:0.5165694094487302,40:0.15054416159292627} with alpha 3.0 and beta 33.0, percentage 5.88235294117647
The arm 19 has vector {0:0.29832705324867725,1:0.7312385544442659,2:0.3697543067051099,3:0.8783975109898882,4:0.458270216759635,5:0.7898197629060454,6:0.4642113773324382,7:0.7022620643532655,8:0.8656771508823083,9:0.9269766630270573,10:0.3153279574985921,11:0.5260459159275934,12:0.07709833680689315,13:0.035342425750982454,14:0.7348711781016131,15:0.9489772704813928,16:0.07680954889648695,17:0.5897705929409959,18:0.34529719725243624,19:0.4836368428668555,20:0.019846235714424787,21:0.3645289342848488,22:0.046828514706225954,23:0.0708202604181184,24:0.15463136322071425,25:0.24642632809839626,26:0.5639859266763044,27:0.6658494469895131,28:0.20431675836745178,29:0.5391014538551697,30:0.49937952912551486,31:0.8883145896055393,32:0.4150237965375416,33:0.7649667819728665,34:0.5098565120770479,35:0.6953953611683377,36:0.7182111497604151,37:0.34558523521858986,38:0.36847575045838854,39:0.14461018142384585,40:0.7169604317813912} with alpha 1.0 and beta 25.0, percentage 0.0
The arm 20 has vector {0:0.7706914742534069,1:0.16895449888030023,2:0.6814912567334126,3:0.5215586173013946,4:0.8845404714840732,5:0.6855239163089275,6:0.2551190985410128,7:0.9522791253531133,8:0.9648991364999144,9:0.2534477032121556,10:0.5165488710416555,11:0.8126260921375535,12:0.30340095723076477,13:0.829620335113255,14:0.9887952737042313,15:0.009952091933358664,16:0.9216704646180786,17:0.08099163129849629,18:0.6878306427699216,19:0.4109398328844136,20:0.5517880951554769,21:0.4487156631841063,22:0.7601298389970363,23:0.8510024102401503,24:0.14603008366472114,25:0.5778072764224821,26:0.017121296183417734,27:0.2915744308660546,28:0.5264068014049599,29:0.44418726710558143,30:0.5765897094112465,31:0.17734687911743063,32:0.3343439845500953,33:0.402259060030311,34:0.2540242779377462,35:0.8494857094087457,36:0.6845640834141723,37:0.541207429382524,38:0.22746522292067117,39:0.4249964127951813,40:0.9052774493670713} with alpha 4.0 and beta 36.0, percentage 7.894736842105263
The arm 21 has vector {0:0.5392356328489913,1:0.1431242523690437,2:0.24124652287116422,3:0.5112765807933819,4:0.668681340266664,5:0.97559694198566,6:0.8218579591242066,7:0.8892198677341082,8:0.8080540717167284,9:0.31737490202523,10:0.012496359212361474,11:0.42402077235696334,12:0.9126062713401168,13:0.5452862316044391,14:0.14243384439152584,15:0.3952449945576244,16:0.551769729783167,17:0.763338075996622,18:0.9957120007292434,19:0.7348403539846166,20:0.5137284367182804,21:0.12861686865485467,22:0.9680988369021241,23:0.44829965569318175,24:0.6476898158244021,25:0.9633155934861438,26:0.7030095503406825,27:0.9400759684366469,28:0.55347141891617,29:0.8761877765924652,30:0.060713113646220784,31:0.4225067780930295,32:0.11896563106110924,33:0.7254350959186949,34:0.18844367534693318,35:0.19394574300131684,36:0.9827989328123695,37:0.6543781066294059,38:0.7869963710735624,39:0.03383671748313277,40:0.004669112357783889} with alpha 12.0 and beta 81.0, percentage 12.087912087912088
The arm 22 has vector {0:0.5005158226523372,1:0.9173273266287396,2:0.16542584517901604,3:0.43272641404434786,4:0.39411553324241544,5:0.9101507284601291,6:0.1623943104932578,7:0.8793948157976713,8:0.08459315632998954,9:0.1870775330804375,10:0.504451038434351,11:0.3696742905910617,12:0.9031939764563748,13:0.4289058284455449,14:0.11907364914756602,15:0.8150295852205524,16:0.15375529268578303,17:0.4325230512134961,18:0.2031927359519018,19:0.32127151146420474,20:0.4516914803960599,21:0.6109070014738299,22:0.9521859376416616,23:0.35136555274687464,24:0.9044399488436607,25:0.37453429087818657,26:0.5745183162718124,27:0.6011567503739838,28:0.36186354036852797,29:0.927043857184712,30:0.46312049824033497,31:0.9689315108716978,32:0.5422026259550636,33:0.8762260224917122,34:0.10270151301120123,35:0.3166025795591785,36:0.1874409202778421,37:0.12164237043142223,38:0.4878028021344376,39:0.14976991243633686,40:0.24864984956125902} with alpha 4.0 and beta 44.0, percentage 6.521739130434782
The arm 23 has vector {0:0.8121955371385369,1:0.6781995370678809,2:0.05979684434415,3:0.5047245127716745,4:0.03155736626504124,5:0.6915673352197024,6:0.1367222620484233,7:0.32062750116966854,8:0.1425756737529903,9:0.9546164324501537,10:9.714324588387946E-4,11:0.6308924561650965,12:0.7492645011264308,13:0.8676761127763728,14:0.42240348610839595,15:0.9802036965987221,16:0.5971254675307236,17:0.15098474676240736,18:0.7858185937890098,19:0.03442415111004926,20:0.681424873611059,21:0.5126866599058597,22:0.9435436874096677,23:0.7095926086879939,24:0.06174113911278989,25:0.6870611727322974,26:0.6572455583332308,27:0.5344775867945896,28:0.6424611816387797,29:0.5446759907524152,30:0.06058221303639977,31:0.13985318022044657,32:0.9955150492455962,33:0.4428483920544366,34:0.417183805010783,35:0.392141380115538,36:0.4426313644576706,37:0.6970507318810044,38:0.5662004792896292,39:0.6665434131928498,40:0.10823058963467136} with alpha 3.0 and beta 34.0, percentage 5.714285714285714
The arm 24 has vector {0:0.7863255306834783,1:0.543331124433427,2:0.7703420559555962,3:0.45886400717109654,4:0.1392837748098582,5:0.4963653817986171,6:0.2943046037875844,7:0.6292493281128296,8:0.3454387644966085,9:0.742449314387481,10:0.7861698755843431,11:0.7143153529309589,12:0.5968647577688937,13:0.2464622677110586,14:0.028295767124299598,15:0.2402816261574966,16:0.8872832009114001,17:0.09445204396948181,18:0.6642714995454542,19:0.30528612844562464,20:0.5820965054193176,21:0.244781214202477,22:0.4871142106769616,23:0.7769388431211929,24:0.2919320231370559,25:0.48838466540199943,26:0.02693750534220596,27:0.04394797997527755,28:0.8056276880196849,29:0.06476370113311514,30:0.19857812675715214,31:0.8549538817527667,32:0.8238502136425693,33:0.9725858883545873,34:0.6468057731938345,35:0.23567497709914387,36:0.749553777292061,37:0.06383168470567102,38:0.8726384334655616,39:0.7426356988390126,40:0.4538934854461948} with alpha 4.0 and beta 45.0, percentage 6.382978723404255
The arm 25 has vector {0:0.5077605075431012,1:0.6771450320591865,2:0.3568173208331247,3:0.4959163152692935,4:0.03915144130889614,5:0.38841657785805783,6:0.6791327566216111,7:0.8389959000544427,8:0.13287087837253375,9:0.505386397583626,10:0.7025509641838927,11:0.029506840838142034,12:0.5714387597180416,13:0.4536663621245356,14:0.889478816090573,15:0.4484804556615736,16:0.8461469839584217,17:0.07044964969310152,18:0.1980066137259413,19:0.6287347344942822,20:0.7148924436484335,21:0.9249886067351453,22:0.2615831512307131,23:0.04120066667078781,24:0.1273818124606454,25:0.5861504024868344,26:0.38737431389925747,27:0.4336300501292655,28:0.6230181988311295,29:0.7167093936026668,30:0.3279469604033487,31:0.36167975564178945,32:0.091547320238612,33:0.7040232116415103,34:0.17338872259429838,35:0.14624948241706914,36:0.5916880925096952,37:0.3439091697033333,38:0.646409982495389,39:0.23493874613364685,40:0.04750524022528113} with alpha 101.0 and beta 404.0, percentage 19.880715705765407
The arm 26 has vector {0:0.8112112064700294,1:0.7004155605392195,2:0.5557873431931756,3:0.3292485121150598,4:0.6195606110231644,5:0.22878121585713462,6:0.9925630541423547,7:0.9969539929789367,8:0.5072796716573331,9:0.4507524433773201,10:0.6595439604517783,11:0.47151837936848695,12:0.3461190090842119,13:0.5174419758587967,14:0.6558971614869744,15:0.5586433059397663,16:0.7938156010128492,17:0.423037411935983,18:0.9505499110577162,19:0.6758043219367705,20:0.1460240604688492,21:0.09253391422250767,22:0.9083097598100945,23:0.35650802273235194,24:0.7087181225315522,25:0.5611517977447354,26:0.08380915393657073,27:0.9581370755489361,28:0.7940970534006074,29:0.7038853240120521,30:0.03813060237035715,31:0.8795123397474058,32:0.9800581124576386,33:0.6129401459111373,34:0.5846577381275504,35:0.5293977039843202,36:0.16760935570531255,37:0.25816644760087903,38:0.945423492782617,39:0.6223762526936879,40:0.11557964170216573} with alpha 55.0 and beta 254.0, percentage 17.58957654723127
The arm 27 has vector {0:0.352990276218096,1:0.5842313932526764,2:0.2476329778191042,3:0.2067790508221653,4:0.22766700265156792,5:0.943339535151276,6:0.2754518585085426,7:0.3914110335510457,8:0.753205322965584,9:0.41116250766143825,10:0.6534529857966312,11:0.21956265192977298,12:0.8290021394060655,13:0.2790080127152895,14:0.2852391483413461,15:0.8352953414953117,16:0.11001442842825404,17:0.024585983713275694,18:0.6141012097964791,19:0.030929754241911245,20:0.4205429420503701,21:0.6315090377935012,22:0.7123212050746796,23:0.7899847385380487,24:0.37107913056113884,25:0.5456070840699714,26:0.3265076508074676,27:0.8447887166298783,28:0.19585961803402518,29:0.257237158112012,30:0.016800766290532954,31:0.1397021325228548,32:0.07066623914641157,33:0.1379935394028432,34:0.006455660811036212,35:0.014928302472607013,36:0.7128538869586697,37:0.4073772552486282,38:0.3972873685035374,39:0.14234151995329303,40:0.08810042996141476} with alpha 13.0 and beta 83.0, percentage 12.76595744680851
The arm 28 has vector {0:0.44946418402127974,1:0.7670618027292145,2:0.7358375122302193,3:0.5948642470170594,4:0.6727907759089333,5:0.36591823648035193,6:0.48546943964514744,7:0.3433812116060023,8:0.28106234740209557,9:0.13842088507317563,10:0.889985570611753,11:0.48462630563951914,12:0.3283195966661565,13:0.5803284352142825,14:0.02190146114770819,15:0.008996988712656862,16:0.6937972982798299,17:0.32830211202751103,18:0.5980001146339684,19:0.45878467726204375,20:0.5599203734225959,21:0.22394326290826883,22:0.16927971359466965,23:0.2526705548768874,24:0.2618650726034213,25:0.10238538738397951,26:0.2176436598544903,27:0.5464248187575438,28:0.8597533555137311,29:0.3628870019673326,30:0.998989184707879,31:0.49523715244340116,32:0.6592102611359849,33:0.6308125199470381,34:0.11629873790733314,35:0.026612382434830884,36:0.32503011279023497,37:0.3517852525363634,38:0.278424494794525,39:0.4623790025216339,40:0.7924418162463639} with alpha 9.0 and beta 67.0, percentage 10.81081081081081
The arm 29 has vector {0:0.36301388892150355,1:0.44728503900162386,2:0.8773478177498775,3:0.7600292636534784,4:0.07150809469056107,5:0.0062980140422614905,6:0.5202975032593113,7:0.32045385351501066,8:0.774224864343551,9:0.6560489938197352,10:0.6684002420806776,11:0.6193441983219574,12:0.6264697327543464,13:0.7414258509000502,14:0.625101114550482,15:0.025049386814250618,16:0.47524785094146516,17:0.5417864690759283,18:0.34222873363739537,19:0.15060300125543147,20:0.3812712599199659,21:0.7674344640674351,22:0.9822824265539895,23:0.6965915173035739,24:0.5477706000740588,25:0.7962792953827361,26:0.4822745131346947,27:0.3446953413590387,28:0.9089049035281155,29:0.9758293417118221,30:0.47691565051874507,31:0.34266134304803775,32:0.8811243935988343,33:0.901779721397921,34:0.033821917814461866,35:0.8071664781347754,36:0.18284336931168765,37:0.9737697382480219,38:0.42157924201456143,39:0.8054396045177526,40:0.9477726058543346} with alpha 6.0 and beta 47.0, percentage 9.803921568627452
The arm 30 has vector {0:0.06614753386766858,1:0.790696752444374,2:0.983956419662123,3:0.9293786968622636,4:0.6555610998980382,5:0.2737134854859652,6:0.8633682255404455,7:0.618433243212709,8:0.6714064244344226,9:0.0036164436923109555,10:0.22241395715625567,11:0.03809144811035836,12:0.9119664786149116,13:0.46426135782661215,14:0.4987484751247221,15:0.07672343052039676,16:0.9839657089008832,17:0.13824664489741645,18:0.47848061874722625,19:0.019911253222030245,20:0.2796182275504657,21:0.05327167748835093,22:0.43768660303792795,23:0.567607905283219,24:0.25473044436402104,25:0.19562971857093403,26:0.04345313307735299,27:0.3494525721605817,28:0.036734689918691776,29:0.5736795764226141,30:0.5255416326579968,31:0.08161513349853844,32:0.5604029233940073,33:0.9066602556598795,34:0.6483450880219573,35:0.6206173090295852,36:0.9941605332600526,37:0.678613586242023,38:0.3354385738307828,39:0.7469976230960182,40:0.3810744494078655} with alpha 58.0 and beta 232.0, percentage 19.791666666666664
The arm 31 has vector {0:0.04839680466068985,1:0.17781032314902856,2:0.24747407942488175,3:0.04634512884717645,4:0.6710237464739703,5:0.37674647568580855,6:0.5349522744331313,7:0.42953437019807117,8:0.005767588648045163,9:0.6431841755342559,10:0.4067063977801353,11:0.8710870597558734,12:0.37237572446201295,13:0.3587890967008467,14:0.36084397319080097,15:0.491257319747745,16:0.5432762996198364,17:0.0196883663720816,18:0.34596405046565915,19:0.9232363078365057,20:0.8135918542036066,21:0.9819623101866568,22:0.40727558375022455,23:0.7490781013789827,24:0.5013362534121013,25:0.5892835343482784,26:0.6731041405391059,27:0.91574214484875,28:0.7527677372324127,29:0.5690372509446837,30:0.8590754849760793,31:0.6649630378867514,32:0.7591308075491436,33:0.9282501354937637,34:0.733446101617296,35:0.8612815985936152,36:0.6710076000023741,37:0.3227041847222779,38:0.5159689255167778,39:0.25115917034160273,40:0.060555460011035844} with alpha 26.0 and beta 134.0, percentage 15.822784810126583
The arm 32 has vector {0:0.3162115316825622,1:0.012386306018540405,2:0.9894560287231856,3:0.16036053938992312,4:0.013065803695867184,5:0.9340414841601273,6:0.038915849676196546,7:0.4155169452404869,8:0.6403493515226355,9:0.9462648678359641,10:0.01757456724430151,11:0.35934176020093933,12:0.0723323477622666,13:0.14862763270960777,14:0.853448499276457,15:0.47175797596693947,16:0.9853958420850378,17:0.3160156967308194,18:0.39399875616992963,19:0.711512045777078,20:0.8083438044630062,21:0.5065883551075792,22:0.45588595945539456,23:0.05939895369239023,24:0.3938971113108346,25:0.2789020536185054,26:0.6182442721786305,27:0.4140284968522804,28:0.47473498568837125,29:0.413704473487276,30:0.5525367822735233,31:0.207671353751972,32:0.7095412195007463,33:0.5682067093836926,34:0.5549665356487911,35:0.19724150928446038,36:0.08284196817968925,37:0.44581914000025,38:0.09284529292331711,39:0.009007178412506978,40:0.6170640965602332} with alpha 1.0 and beta 25.0, percentage 0.0
The arm 33 has vector {0:0.36608563943337913,1:0.5827979227884805,2:0.09356717760756272,3:0.21154643295497322,4:0.9159528430873036,5:0.6827842991750013,6:0.7193484579358606,7:0.2878162905037158,8:0.7335018192981348,9:0.6447356809746059,10:0.2450245687327972,11:0.4311592319319333,12:0.09455226977336728,13:0.08839388980122465,14:0.7165858543381854,15:0.05878853097714842,16:0.8637744861623501,17:0.7521869323267433,18:0.31295855348777024,19:0.3839887149585295,20:0.8622333598041589,21:0.6909774472979135,22:0.4123675030585966,23:0.5310445627480349,24:0.45349453422277164,25:0.6345651110695198,26:0.7316318363498286,27:0.7184561368430135,28:0.7299067732589755,29:0.00965544700599208,30:0.8306713515441452,31:0.19559225692297633,32:0.5243797576323695,33:0.36297499294652413,34:0.5614261885684577,35:0.32904855937092614,36:0.01662166120612074,37:0.1696766174557357,38:0.8157651342826677,39:0.996023518458603,40:0.22187264181853006} with alpha 2.0 and beta 34.0, percentage 2.941176470588235
The arm 34 has vector {0:0.1272546148055952,1:0.709902671030352,2:0.28577951278842095,3:0.42130753055045667,4:0.14219712191590927,5:0.8539478409656831,6:0.45710554841728634,7:0.4203554993291948,8:0.9506709986245102,9:0.16218912836322208,10:0.3793675093044766,11:0.27241242317170744,12:0.9030683964782086,13:0.5715431770553547,14:0.5980611858503138,15:0.0025450629984952178,16:0.01658311796866052,17:0.9458205263051229,18:0.5542793045769514,19:0.6378138076912381,20:0.8279944909172079,21:0.6895482854360325,22:0.3041344056250824,23:0.4210515865343394,24:0.9476012983648241,25:0.9265027388724729,26:0.18052701223232615,27:0.36600668340049747,28:0.6842279201835955,29:0.151045840545468,30:0.4869465423056186,31:0.27518657858695317,32:0.12014047752441781,33:0.2258836656169193,34:0.5559466753042858,35:0.28404226207951944,36:0.16512731745845788,37:0.3770799942329037,38:0.1194577851981189,39:0.5173512611776191,40:0.9168105279071124} with alpha 10.0 and beta 72.0, percentage 11.25
The arm 35 has vector {0:0.6357496794209667,1:0.7528530347881949,2:0.10590588902736742,3:0.10033986686434526,4:0.5852675887723495,5:0.6161944431578589,6:0.4465992219507131,7:0.8196768620452309,8:0.10686346616105591,9:0.550236483250995,10:0.48041160941633687,11:0.9070001315208985,12:0.01663876248007412,13:0.4320585987943866,14:0.22822404065354007,15:0.6136056081722295,16:0.9570815501915771,17:0.6231997184746206,18:0.5953067773819507,19:0.5416927574084617,20:0.15396947861496946,21:0.03358291329466434,22:0.41216501553477836,23:0.07153530222422111,24:0.11706238045190664,25:0.3803292302016549,26:0.17814786761853996,27:0.49556449611415065,28:0.20066435888605916,29:0.9462726492454204,30:0.6866872672283505,31:0.9759656702742006,32:0.5906021983094268,33:0.9481920984884294,34:0.2845583968723848,35:0.7753806012854658,36:0.8669383176942996,37:0.8711098027917753,38:0.8678839016393273,39:0.2993473186479777,40:0.08941042171415936} with alpha 4.0 and beta 44.0, percentage 6.521739130434782
The arm 36 has vector {0:0.6687138846493625,1:0.11085354535762815,2:0.5827887980426169,3:0.9992177457194463,4:0.6000325074331271,5:0.9566443633016163,6:0.7754708908144339,7:0.8633057493080609,8:0.8748569239781899,9:0.5675223550214913,10:0.14124406649985632,11:0.44262113610656206,12:0.2872484296105581,13:0.29459464480948483,14:0.18194591515078518,15:0.039008504885236994,16:0.8654274698476436,17:0.11541646776657677,18:0.4270190434704255,19:0.6417967423966694,20:0.3270436182911314,21:0.8926169026719962,22:0.2494172574351099,23:0.9008929374713533,24:0.4140281864306383,25:0.2352994963140691,26:0.5456900643968966,27:0.03851905298373148,28:0.17528087741125897,29:0.07860101910943074,30:0.3322522733065928,31:0.600212905905611,32:0.3693179847232464,33:0.8517756671456689,34:0.17141745063338087,35:0.9814687009537572,36:0.3555571619184935,37:0.12093583592084556,38:0.2681416081698347,39:0.9835005808191492,40:0.8602500715554191} with alpha 6.0 and beta 41.0, percentage 11.11111111111111
The arm 37 has vector {0:0.5023975472830335,1:0.8102873959762578,2:0.7500949391240659,3:0.6081681212194491,4:0.048640448962527394,5:0.33726274746421747,6:0.4638560121266404,7:0.7013692355215144,8:0.7507543188919218,9:0.4419440971490669,10:0.34222061033157947,11:0.9678162585354435,12:0.8732327698045469,13:0.3494064484308467,14:0.6223171609904705,15:0.6886752323314065,16:0.08360630922387513,17:0.4930997761681345,18:0.36579212376407655,19:0.9805139652161831,20:0.6637363496805846,21:0.2907888626688766,22:0.8132434946570174,23:0.8640781287545906,24:0.06660770667932792,25:0.6309533919519652,26:0.0015037206442041207,27:0.7391386899870583,28:0.9206205640625218,29:0.4735491892412643,30:0.47905781167079886,31:0.7582801871611092,32:0.16982777527625526,33:0.4939697972357481,34:0.6810992627298326,35:0.07884139816037206,36:0.7730526156984393,37:0.5259084940422563,38:0.12550458560579836,39:0.9441709137627654,40:0.7045211958071793} with alpha 52.0 and beta 176.0, percentage 22.566371681415927
The arm 38 has vector {0:0.3142566284079925,1:0.4685987652712711,2:0.8989660353085778,3:0.061968418110422085,4:0.753003350283478,5:0.28980347131308815,6:0.4003231645044454,7:0.9669754879833652,8:0.9004045393804692,9:0.4320563679561137,10:0.26455592051160637,11:0.7465267449738235,12:0.9701243692636826,13:0.0028186755536893093,14:0.11353741970475328,15:0.4459051360501187,16:0.7580022243709515,17:0.5060500248776709,18:0.8469645989261255,19:0.37917314285166415,20:0.8448581651068175,21:0.07961005104458707,22:0.06423905080293058,23:0.2549953941755674,24:0.9061506169025997,25:0.6297221682777102,26:0.5988833165317962,27:0.6002645564322641,28:0.7077336282190186,29:0.31785331917517234,30:0.28895405656833584,31:0.5997588838987785,32:0.2760004199901276,33:0.23823360209634692,34:0.9509959213296613,35:0.9049218427540892,36:0.37523660151457616,37:0.6827595289893762,38:0.0017341260374212908,39:0.5901498885094656,40:0.8669989807984597} with alpha 169.0 and beta 576.0, percentage 22.611036339165544
The arm 39 has vector {0:0.2084615434724778,1:0.5668441890138005,2:0.010171449627757512,3:0.6325684010183935,4:0.20564359146315736,5:0.3491875482329446,6:0.3238986357129605,7:0.8053474822488084,8:0.4109300669821371,9:0.01926325667374673,10:0.9297360354563647,11:0.7512694960687295,12:0.10692361060755451,13:0.26430298401213137,14:0.5229248448580518,15:0.47424042181862935,16:0.5318343181324138,17:0.7621529380072141,18:0.409842531389519,19:0.7126310265209315,20:0.32331630398277367,21:0.10240850883285835,22:0.14243007097093408,23:0.05365050435962204,24:0.039442915869175144,25:0.9085910670914961,26:0.03373952212256659,27:0.10621246605029888,28:0.962114995347448,29:0.20065440800906498,30:0.2463513961949525,31:0.33473539234140337,32:0.2714837502179992,33:0.42998064327706775,34:0.5951413693497503,35:0.1507733808429219,36:0.09710858452225601,37:0.4973335495570843,38:0.3823985095279041,39:0.9374477780555606,40:0.43883324474763197} with alpha 5.0 and beta 47.0, percentage 8.0
The arm 40 has vector {0:0.481517583263099,1:0.13482404553969118,2:0.470241667513825,3:0.942727781491346,4:0.36684115996463784,5:0.4970866638580914,6:0.4784163145467698,7:0.44326039404595263,8:0.8198399333239799,9:0.3591558487341142,10:0.21967931986954004,11:0.9144804871456724,12:0.03017872074234751,13:0.5700476849399425,14:0.5175332260253535,15:0.17169158099719561,16:0.5905977014788923,17:0.31482045315331764,18:0.3097387585404028,19:0.9557011178721865,20:0.03385878540757281,21:0.709846625179839,22:0.9343079377223857,23:0.5527239490110756,24:0.9489181788677293,25:0.5503086916898029,26:0.8297257305404305,27:0.9981771306285133,28:0.9213515827966577,29:0.5015084356526629,30:0.21684471303974961,31:0.4104224566672179,32:0.5193655013010106,33:0.7593894331098637,34:0.2988792437889275,35:0.6350916922174712,36:0.25953951890673754,37:0.21895589949710792,38:0.1269856125397152,39:0.10566910441990118,40:0.6588359875517734} with alpha 24.0 and beta 121.0, percentage 16.083916083916083
The arm 41 has vector {0:0.3139940437114481,1:0.9365306161369011,2:0.27270891521408036,3:0.849214669490463,4:0.8777595422560168,5:0.34009652624070896,6:0.04184944869161711,7:0.2638899447609726,8:0.9065872218064434,9:0.6930327617763198,10:0.8591140907394956,11:0.14980573219381943,12:0.12761294166060133,13:0.3808597988105994,14:0.9380235849525822,15:0.34225542086304006,16:0.05881734035088204,17:0.24635508033351516,18:0.4148273040894339,19:0.9449154162404516,20:0.11197082142627368,21:0.20901665539561387,22:0.17406531778428735,23:0.7980767287197374,24:0.4156855523805363,25:0.15006003333646922,26:0.6603185451884034,27:0.42046648886216376,28:0.07203696482700939,29:0.36007285287800317,30:0.956420865383188,31:0.6550171360531536,32:0.8163263829997431,33:0.9895564441169787,34:0.23451885213536694,35:0.4720690907568402,36:0.8161214819204192,37:0.8624220198300626,38:0.11441761713461884,39:0.4192103166725155,40:0.5444673246354932} with alpha 1.0 and beta 25.0, percentage 0.0
The arm 42 has vector {0:0.42021326806025605,1:0.8668601731336539,2:0.3798959608065344,3:0.3745896965377169,4:0.7764090667459725,5:0.23537502995181214,6:0.020749321555037614,7:0.5861348128901244,8:0.7178440318126282,9:0.43048823647725865,10:0.8500080859012706,11:0.9012542334845778,12:0.6770147128584718,13:0.2183447104522207,14:0.7025794637215896,15:0.6176508130909298,16:0.8173376906582999,17:0.6116806438090282,18:0.420070949779904,19:0.9455760926543483,20:0.748138219727227,21:0.6220286615990339,22:0.7663952864939633,23:0.5159737808963203,24:0.6279768022781268,25:0.18109525493055145,26:0.25363574194326743,27:0.5963462197273303,28:0.21952422333638066,29:0.5982136609838752,30:0.026424182049789913,31:0.01564268143856229,32:0.793577634834756,33:0.247403709674354,34:0.8972319299264226,35:0.7099922886405589,36:0.35561612358317585,37:0.9319918926120602,38:0.17756979447424082,39:0.4991561127590908,40:0.7471351224264483} with alpha 5.0 and beta 44.0, percentage 8.51063829787234
The arm 43 has vector {0:0.16891377479546965,1:0.388588126149747,2:0.8026555024737788,3:0.523953915197797,4:0.1236638859339142,5:0.5238484338648597,6:0.5755292690110194,7:0.6219110550556909,8:0.4269229358945015,9:0.01543619665124596,10:0.5638634799295775,11:0.28574463000762695,12:0.3784762847812325,13:0.34861586427122704,14:0.6689647083161981,15:0.6495388682711523,16:0.6801633802846825,17:0.446770056145518,18:0.4660693600394805,19:0.6982251628201437,20:0.714326828731962,21:0.7075136419240547,22:0.20739166331043513,23:0.5268288800869932,24:0.903088729092918,25:0.9145495597292234,26:0.39374213787522727,27:0.2702971459561816,28:0.16278691558204306,29:0.574634139097615,30:0.26980532657458256,31:0.4448310401125668,32:0.9031294906815149,33:0.26732128555418744,34:0.1724651295398919,35:0.8623402945191139,36:0.9585470577519998,37:0.7051074487470435,38:0.9074638763909959,39:0.8463867593457225,40:0.47518304023239843} with alpha 22.0 and beta 115.0, percentage 15.555555555555555
The arm 44 has vector {0:0.44245560482001567,1:0.19613355778226194,2:0.6875368049956923,3:0.060091701043133106,4:0.7687977475951392,5:0.583805489119459,6:0.06655661836002114,7:0.7564076005285054,8:0.48488279969456327,9:0.9282702387180874,10:0.9071743796957901,11:0.4472840134343399,12:0.29320114886111015,13:0.4159588227802705,14:0.05126033852204659,15:0.0322543560958517,16:0.14519812230886586,17:0.7582863236661479,18:0.26777609229954835,19:0.39780313641677434,20:0.7829756105548563,21:0.47422481037196373,22:0.5354185914313845,23:0.4898258597261591,24:0.7455334889537493,25:0.6291642793410928,26:0.39747393009506504,27:0.9855968862056436,28:0.6750146926516247,29:0.9496562176516249,30:0.7453492060858403,31:0.11833326719597759,32:0.8382573014384027,33:0.15969661733739737,34:0.35374840690788645,35:0.22601974055091578,36:0.5143065010838913,37:0.4138895359373621,38:0.6683937332291479,39:0.7246187638905511,40:0.027095000552613047} with alpha 10.0 and beta 56.0, percentage 14.0625
The arm 45 has vector {0:0.38510955010586967,1:0.6794717714406178,2:0.768143967693195,3:0.5767950860158904,4:0.12305828307381672,5:0.3100591479957804,6:0.9836904628166526,7:0.807926350736628,8:0.038997096796873354,9:0.6077951177026092,10:0.38784008306171835,11:0.1738296436357607,12:0.832538443594679,13:0.18033542287816762,14:0.836432421684478,15:0.7214906431309012,16:0.0674325497372581,17:0.6103322399311215,18:0.7704033319500564,19:0.7730396568404844,20:0.6391410281096104,21:0.454342143851996,22:0.45607565985004517,23:0.14850028098332657,24:0.5118100116412813,25:0.2515791984611663,26:0.11358212353755892,27:0.798551492433122,28:0.7050944715360911,29:0.41173979852705966,30:0.7724387187451254,31:0.7202098402199993,32:0.798142125985812,33:0.48451528110980313,34:0.09019671981889366,35:0.6752029938091036,36:0.5893219843678462,37:0.21254073582988475,38:0.8581090653721843,39:0.8726054534336685,40:0.7787112144906465} with alpha 17.0 and beta 101.0, percentage 13.793103448275861
The arm 46 has vector {0:0.0648156870865011,1:0.2746090508828175,2:0.8081878170962207,3:0.8450831496643472,4:0.7418314614016596,5:0.34945206217795455,6:0.028983452727899928,7:0.739946740325487,8:0.3004348113735944,9:0.31428866204217043,10:0.8620573187646804,11:0.9891975343319462,12:0.7887044708448759,13:0.5163181601924725,14:0.7163910301649623,15:0.3800726763128577,16:0.26314684404504596,17:0.1514288652441098,18:0.9828437019864805,19:0.34516638636766583,20:0.2778005800096227,21:0.36009071645140844,22:0.8171316068513145,23:0.10135665597891208,24:0.5653147394322846,25:0.9417020520871446,26:0.0105199585434822,27:0.7515828519878757,28:0.6540447501871823,29:0.7954113425746632,30:0.1080349274367608,31:0.4942567842817426,32:0.09255912952875145,33:0.1917336559867281,34:0.5276938082859026,35:0.026852512607927426,36:0.2280263724971704,37:0.7043710604190115,38:0.1462968916201124,39:0.19963360650925377,40:0.006890469608007654} with alpha 3.0 and beta 37.0, percentage 5.263157894736842
The arm 47 has vector {0:0.058246164990181426,1:0.8572154507309211,2:0.7799930379617318,3:0.5946913618830166,4:0.04012843203180305,5:0.5737246235793698,6:0.8229341761553051,7:0.07168446810704099,8:0.5573128280353908,9:0.804234381517842,10:0.3234494778148296,11:0.17116266487567633,12:0.11667332177446255,13:0.41386661924774903,14:0.009379986128818851,15:0.7807816725940097,16:0.4952388900385034,17:0.4036592165496319,18:0.5343362392806588,19:0.5751137151448478,20:0.4902115943470948,21:0.5138656581619923,22:0.785992994862078,23:0.5680100932568973,24:0.6411107845552053,25:0.6714514332778847,26:0.9307896423935178,27:0.6600577914505885,28:0.6653220388804311,29:0.04717475777201319,30:0.0543932782526263,31:0.30400937181702103,32:0.384579481264816,33:0.2502897607786775,34:0.2735050621029198,35:0.7280424949453757,36:0.6977649813988096,37:0.15030826695514632,38:0.7543467782248325,39:0.9777175687282653,40:0.36128333731263007} with alpha 19.0 and beta 104.0, percentage 14.87603305785124
The arm 48 has vector {0:0.5224407929582403,1:0.21627844320367684,2:0.23201330616506488,3:0.9204808169509077,4:0.5608385158583039,5:0.8234467681005692,6:0.502600612758038,7:0.14559505372814308,8:0.4839285869380626,9:0.6145214207264409,10:0.2868102047995724,11:0.8638762256025463,12:0.23216283420502626,13:0.9124543614782805,14:0.8352660291877114,15:0.13846618810405364,16:0.3772857293932199,17:0.7478905124324469,18:0.7698360834239009,19:0.3939926037604117,20:0.3382724045450558,21:0.07696019495890571,22:0.4263647686571004,23:0.6927507228187555,24:0.002005714164283412,25:0.29028573362067955,26:0.10031804704120062,27:0.3485272158072089,28:0.07807166730386916,29:0.759253927829152,30:0.4900232850785663,31:0.9995992045360635,32:0.6504497197983573,33:0.7047082417366354,34:0.6056620773333731,35:0.6532396504389221,36:0.6664409455442312,37:0.5762347452962259,38:0.3476434770269021,39:0.4290857237539203,40:0.8865586967575394} with alpha 1.0 and beta 25.0, percentage 0.0
The arm 49 has vector {0:0.9927726168434284,1:0.9327041836525937,2:0.8202204439718117,3:0.34389545014781087,4:0.21192933898517796,5:0.8811322380446145,6:0.19360921134644615,7:0.2838805086128072,8:0.05844991041391656,9:0.6354335047538954,10:0.5156213680807741,11:0.8223219494406899,12:0.6522298852664424,13:0.35517183594863844,14:0.06078515240956772,15:0.5954683299662387,16:0.3151649938775424,17:0.6675691596869757,18:0.9854605320522499,19:0.5842776051770854,20:0.6025011116629444,21:0.8532301937953709,22:0.5293330920088668,23:0.4885159469413177,24:0.3573704616918548,25:0.1702064475106927,26:0.16095143792250644,27:0.6993962044376809,28:0.21830529429902412,29:0.9452550607175484,30:0.6533094035345584,31:0.3428714846604487,32:0.7213324291420702,33:0.795532925113569,34:0.5880327051401951,35:0.3913560827318535,36:0.08689565023983914,37:0.1894588515217459,38:0.3712548527861603,39:0.012006635880410621,40:0.1466530412881627} with alpha 1.0 and beta 24.0, percentage 0.0
The best arm is 38 with vector {0:0.3142566284079925,1:0.4685987652712711,2:0.8989660353085778,3:0.061968418110422085,4:0.753003350283478,5:0.28980347131308815,6:0.4003231645044454,7:0.9669754879833652,8:0.9004045393804692,9:0.4320563679561137,10:0.26455592051160637,11:0.7465267449738235,12:0.9701243692636826,13:0.0028186755536893093,14:0.11353741970475328,15:0.4459051360501187,16:0.7580022243709515,17:0.5060500248776709,18:0.8469645989261255,19:0.37917314285166415,20:0.8448581651068175,21:0.07961005104458707,22:0.06423905080293058,23:0.2549953941755674,24:0.9061506169025997,25:0.6297221682777102,26:0.5988833165317962,27:0.6002645564322641,28:0.7077336282190186,29:0.31785331917517234,30:0.28895405656833584,31:0.5997588838987785,32:0.2760004199901276,33:0.23823360209634692,34:0.9509959213296613,35:0.9049218427540892,36:0.37523660151457616,37:0.6827595289893762,38:0.0017341260374212908,39:0.5901498885094656,40:0.8669989807984597} with alpha 169.0 and beta 576.0, percentage 22.611036339165544
The right guesses are: 969 which means 16.150000000000002% correct
Done
The current arm is 38 with vector {0:0.3142566284079925,1:0.4685987652712711,2:0.8989660353085778,3:0.061968418110422085,4:0.753003350283478,5:0.28980347131308815,6:0.4003231645044454,7:0.9669754879833652,8:0.9004045393804692,9:0.4320563679561137,10:0.26455592051160637,11:0.7465267449738235,12:0.9701243692636826,13:0.0028186755536893093,14:0.11353741970475328,15:0.4459051360501187,16:0.7580022243709515,17:0.5060500248776709,18:0.8469645989261255,19:0.37917314285166415,20:0.8448581651068175,21:0.07961005104458707,22:0.06423905080293058,23:0.2549953941755674,24:0.9061506169025997,25:0.6297221682777102,26:0.5988833165317962,27:0.6002645564322641,28:0.7077336282190186,29:0.31785331917517234,30:0.28895405656833584,31:0.5997588838987785,32:0.2760004199901276,33:0.23823360209634692,34:0.9509959213296613,35:0.9049218427540892,36:0.37523660151457616,37:0.6827595289893762,38:0.0017341260374212908,39:0.5901498885094656,40:0.8669989807984597} with alpha 128.0 and beta 536.0
The order information:
Date: 2012-05-09T17:07:05.000+02:00
It predicted these items for order 1778911 :
   31560 with score of 2.4370053771847386
   752 with score of 1.7358413556818924
   27900 with score of 1.5570837497121506
   748 with score of 1.5298937450600039
   23467 with score of 1.415130339134984
   31553 with score of 1.398769900987469
   572 with score of 1.364207128688379
   1663 with score of 1.363492207688957
   1693 with score of 1.3570634500045586
   13688 with score of 1.3570634500045586
These are the actual items bought: 
   11832
   30233
The current arm is 38 with vector {0:0.3142566284079925,1:0.4685987652712711,2:0.8989660353085778,3:0.061968418110422085,4:0.753003350283478,5:0.28980347131308815,6:0.4003231645044454,7:0.9669754879833652,8:0.9004045393804692,9:0.4320563679561137,10:0.26455592051160637,11:0.7465267449738235,12:0.9701243692636826,13:0.0028186755536893093,14:0.11353741970475328,15:0.4459051360501187,16:0.7580022243709515,17:0.5060500248776709,18:0.8469645989261255,19:0.37917314285166415,20:0.8448581651068175,21:0.07961005104458707,22:0.06423905080293058,23:0.2549953941755674,24:0.9061506169025997,25:0.6297221682777102,26:0.5988833165317962,27:0.6002645564322641,28:0.7077336282190186,29:0.31785331917517234,30:0.28895405656833584,31:0.5997588838987785,32:0.2760004199901276,33:0.23823360209634692,34:0.9509959213296613,35:0.9049218427540892,36:0.37523660151457616,37:0.6827595289893762,38:0.0017341260374212908,39:0.5901498885094656,40:0.8669989807984597} with alpha 298.0 and beta 1366.0
The order information:
Date: 2012-05-10T17:54:43.000+02:00
It predicted these items for order 1779917 :
   31560 with score of 1.743523699006225
   5003 with score of 1.1199077033134222
   752 with score of 1.0961788649874369
   21714 with score of 0.95912309976801
   29669 with score of 0.9288865659303953
   31774 with score of 0.9003070854737573
   23390 with score of 0.8644596393907211
   748 with score of 0.8635305298209384
   27900 with score of 0.8621535629609317
   23467 with score of 0.8569548408816519
These are the actual items bought: 
   30342
   23374
   32289
The current arm is 38 with vector {0:0.3142566284079925,1:0.4685987652712711,2:0.8989660353085778,3:0.061968418110422085,4:0.753003350283478,5:0.28980347131308815,6:0.4003231645044454,7:0.9669754879833652,8:0.9004045393804692,9:0.4320563679561137,10:0.26455592051160637,11:0.7465267449738235,12:0.9701243692636826,13:0.0028186755536893093,14:0.11353741970475328,15:0.4459051360501187,16:0.7580022243709515,17:0.5060500248776709,18:0.8469645989261255,19:0.37917314285166415,20:0.8448581651068175,21:0.07961005104458707,22:0.06423905080293058,23:0.2549953941755674,24:0.9061506169025997,25:0.6297221682777102,26:0.5988833165317962,27:0.6002645564322641,28:0.7077336282190186,29:0.31785331917517234,30:0.28895405656833584,31:0.5997588838987785,32:0.2760004199901276,33:0.23823360209634692,34:0.9509959213296613,35:0.9049218427540892,36:0.37523660151457616,37:0.6827595289893762,38:0.0017341260374212908,39:0.5901498885094656,40:0.8669989807984597} with alpha 514.0 and beta 2150.0
The order information:
Date: 2012-05-11T22:39:32.000+02:00
It predicted these items for order 1780921 :
   31560 with score of 1.742532660636905
   752 with score of 1.135779175153385
   748 with score of 1.0223378934879235
   27900 with score of 0.8526315686821084
   20430 with score of 0.8321818596249162
   21714 with score of 0.825344598448656
   5003 with score of 0.8028322086408914
   29669 with score of 0.7990895419235357
   27576 with score of 0.7855826963297124
   23467 with score of 0.749341676876753
These are the actual items bought: 
   31776
The current arm is 38 with vector {0:0.3142566284079925,1:0.4685987652712711,2:0.8989660353085778,3:0.061968418110422085,4:0.753003350283478,5:0.28980347131308815,6:0.4003231645044454,7:0.9669754879833652,8:0.9004045393804692,9:0.4320563679561137,10:0.26455592051160637,11:0.7465267449738235,12:0.9701243692636826,13:0.0028186755536893093,14:0.11353741970475328,15:0.4459051360501187,16:0.7580022243709515,17:0.5060500248776709,18:0.8469645989261255,19:0.37917314285166415,20:0.8448581651068175,21:0.07961005104458707,22:0.06423905080293058,23:0.2549953941755674,24:0.9061506169025997,25:0.6297221682777102,26:0.5988833165317962,27:0.6002645564322641,28:0.7077336282190186,29:0.31785331917517234,30:0.28895405656833584,31:0.5997588838987785,32:0.2760004199901276,33:0.23823360209634692,34:0.9509959213296613,35:0.9049218427540892,36:0.37523660151457616,37:0.6827595289893762,38:0.0017341260374212908,39:0.5901498885094656,40:0.8669989807984597} with alpha 742.0 and beta 2922.0
The order information:
Date: 2012-05-13T15:53:25.000+02:00
It predicted these items for order 1781930 :
   31560 with score of 1.7321715017233852
   752 with score of 1.196054146675053
   748 with score of 1.1588612603960216
   21714 with score of 0.9083313465311302
   27900 with score of 0.8960994389357826
   5003 with score of 0.8892285397843062
   20430 with score of 0.8744569203835879
   29669 with score of 0.8482418712303669
   27576 with score of 0.8295325797251395
   31415 with score of 0.8263729140963463
These are the actual items bought: 
   2084
   29003
   31950
   20990
   31940
   30573
   20678
   30195
   25363
   27900
The current arm is 38 with vector {0:0.3142566284079925,1:0.4685987652712711,2:0.8989660353085778,3:0.061968418110422085,4:0.753003350283478,5:0.28980347131308815,6:0.4003231645044454,7:0.9669754879833652,8:0.9004045393804692,9:0.4320563679561137,10:0.26455592051160637,11:0.7465267449738235,12:0.9701243692636826,13:0.0028186755536893093,14:0.11353741970475328,15:0.4459051360501187,16:0.7580022243709515,17:0.5060500248776709,18:0.8469645989261255,19:0.37917314285166415,20:0.8448581651068175,21:0.07961005104458707,22:0.06423905080293058,23:0.2549953941755674,24:0.9061506169025997,25:0.6297221682777102,26:0.5988833165317962,27:0.6002645564322641,28:0.7077336282190186,29:0.31785331917517234,30:0.28895405656833584,31:0.5997588838987785,32:0.2760004199901276,33:0.23823360209634692,34:0.9509959213296613,35:0.9049218427540892,36:0.37523660151457616,37:0.6827595289893762,38:0.0017341260374212908,39:0.5901498885094656,40:0.8669989807984597} with alpha 966.0 and beta 3698.0
The order information:
Date: 2012-05-14T16:46:54.000+02:00
It predicted these items for order 1782931 :
   31560 with score of 1.7052207233326628
   748 with score of 1.2470077821205465
   752 with score of 1.1650777878065521
   21714 with score of 0.9052576599387689
   5003 with score of 0.8943925353857967
   27576 with score of 0.8780650845355293
   20430 with score of 0.8667103781340568
   27900 with score of 0.8573801607748979
   29669 with score of 0.838556875367198
   31553 with score of 0.8060629344183278
These are the actual items bought: 
   32564
The current arm is 38 with vector {0:0.3142566284079925,1:0.4685987652712711,2:0.8989660353085778,3:0.061968418110422085,4:0.753003350283478,5:0.28980347131308815,6:0.4003231645044454,7:0.9669754879833652,8:0.9004045393804692,9:0.4320563679561137,10:0.26455592051160637,11:0.7465267449738235,12:0.9701243692636826,13:0.0028186755536893093,14:0.11353741970475328,15:0.4459051360501187,16:0.7580022243709515,17:0.5060500248776709,18:0.8469645989261255,19:0.37917314285166415,20:0.8448581651068175,21:0.07961005104458707,22:0.06423905080293058,23:0.2549953941755674,24:0.9061506169025997,25:0.6297221682777102,26:0.5988833165317962,27:0.6002645564322641,28:0.7077336282190186,29:0.31785331917517234,30:0.28895405656833584,31:0.5997588838987785,32:0.2760004199901276,33:0.23823360209634692,34:0.9509959213296613,35:0.9049218427540892,36:0.37523660151457616,37:0.6827595289893762,38:0.0017341260374212908,39:0.5901498885094656,40:0.8669989807984597} with alpha 1124.0 and beta 4540.0
The order information:
Date: 2012-05-15T15:02:20.000+02:00
It predicted these items for order 1783936 :
   31560 with score of 1.6495913262068789
   748 with score of 1.2639594755436787
   752 with score of 1.0821998430551991
   27576 with score of 0.9165576930346564
   21714 with score of 0.8974330989923109
   5003 with score of 0.8964964442639018
   20430 with score of 0.8393208095561575
   29669 with score of 0.827078839840133
   27900 with score of 0.8235748969400933
   23467 with score of 0.7957116429346254
These are the actual items bought: 
   12096
The arm 38 has vector {0:0.3142566284079925,1:0.4685987652712711,2:0.8989660353085778,3:0.061968418110422085,4:0.753003350283478,5:0.28980347131308815,6:0.4003231645044454,7:0.9669754879833652,8:0.9004045393804692,9:0.4320563679561137,10:0.26455592051160637,11:0.7465267449738235,12:0.9701243692636826,13:0.0028186755536893093,14:0.11353741970475328,15:0.4459051360501187,16:0.7580022243709515,17:0.5060500248776709,18:0.8469645989261255,19:0.37917314285166415,20:0.8448581651068175,21:0.07961005104458707,22:0.06423905080293058,23:0.2549953941755674,24:0.9061506169025997,25:0.6297221682777102,26:0.5988833165317962,27:0.6002645564322641,28:0.7077336282190186,29:0.31785331917517234,30:0.28895405656833584,31:0.5997588838987785,32:0.2760004199901276,33:0.23823360209634692,34:0.9509959213296613,35:0.9049218427540892,36:0.37523660151457616,37:0.6827595289893762,38:0.0017341260374212908,39:0.5901498885094656,40:0.8669989807984597} with alpha 1213.0 and beta 4789.0, percentage 20.200000000000003
The best arm is 38 with vector {0:0.3142566284079925,1:0.4685987652712711,2:0.8989660353085778,3:0.061968418110422085,4:0.753003350283478,5:0.28980347131308815,6:0.4003231645044454,7:0.9669754879833652,8:0.9004045393804692,9:0.4320563679561137,10:0.26455592051160637,11:0.7465267449738235,12:0.9701243692636826,13:0.0028186755536893093,14:0.11353741970475328,15:0.4459051360501187,16:0.7580022243709515,17:0.5060500248776709,18:0.8469645989261255,19:0.37917314285166415,20:0.8448581651068175,21:0.07961005104458707,22:0.06423905080293058,23:0.2549953941755674,24:0.9061506169025997,25:0.6297221682777102,26:0.5988833165317962,27:0.6002645564322641,28:0.7077336282190186,29:0.31785331917517234,30:0.28895405656833584,31:0.5997588838987785,32:0.2760004199901276,33:0.23823360209634692,34:0.9509959213296613,35:0.9049218427540892,36:0.37523660151457616,37:0.6827595289893762,38:0.0017341260374212908,39:0.5901498885094656,40:0.8669989807984597} with alpha 1213.0 and beta 4789.0, percentage 20.200000000000003
The right guesses are: 1212 which means 20.200000000000003% correct
Done
The current arm is 0 with vector {0:0.061363261517651924} with alpha 82.0 and beta 582.0
The order information:
Date: 2012-05-09T17:07:05.000+02:00
It predicted these items for order 1778911 :
   31560 with score of 247.0
   752 with score of 185.0
   5003 with score of 96.0
   21714 with score of 93.0
   23467 with score of 89.0
   27576 with score of 86.0
   748 with score of 82.0
   21787 with score of 69.0
   21803 with score of 66.0
   27900 with score of 64.0
These are the actual items bought: 
   11832
   30233
The current arm is 0 with vector {0:0.061363261517651924} with alpha 229.0 and beta 1435.0
The order information:
Date: 2012-05-10T17:54:43.000+02:00
It predicted these items for order 1779917 :
   31560 with score of 230.0
   752 with score of 201.0
   5003 with score of 102.0
   21714 with score of 96.0
   748 with score of 89.0
   27576 with score of 85.0
   29669 with score of 78.0
   21787 with score of 72.0
   23467 with score of 72.0
   21803 with score of 70.0
These are the actual items bought: 
   30342
   23374
   32289
The current arm is 0 with vector {0:0.061363261517651924} with alpha 388.0 and beta 2276.0
The order information:
Date: 2012-05-11T22:39:32.000+02:00
It predicted these items for order 1780921 :
   31560 with score of 221.0
   752 with score of 200.0
   748 with score of 137.0
   27576 with score of 88.0
   21714 with score of 87.0
   29669 with score of 87.0
   21803 with score of 80.0
   23467 with score of 78.0
   5003 with score of 72.0
   21787 with score of 66.0
These are the actual items bought: 
   31776
The current arm is 0 with vector {0:0.061363261517651924} with alpha 551.0 and beta 3113.0
The order information:
Date: 2012-05-13T15:53:25.000+02:00
It predicted these items for order 1781930 :
   752 with score of 189.0
   31560 with score of 181.0
   748 with score of 163.0
   21714 with score of 101.0
   29669 with score of 90.0
   27576 with score of 88.0
   5003 with score of 87.0
   12338 with score of 79.0
   21803 with score of 79.0
   23467 with score of 75.0
These are the actual items bought: 
   2084
   29003
   31950
   20990
   31940
   30573
   20678
   30195
   25363
   27900
The current arm is 0 with vector {0:0.061363261517651924} with alpha 705.0 and beta 3959.0
The order information:
Date: 2012-05-14T16:46:54.000+02:00
It predicted these items for order 1782931 :
   748 with score of 193.0
   31560 with score of 172.0
   752 with score of 168.0
   21714 with score of 98.0
   27576 with score of 97.0
   29669 with score of 90.0
   5003 with score of 89.0
   12338 with score of 89.0
   23467 with score of 81.0
   21776 with score of 75.0
These are the actual items bought: 
   32564
The current arm is 0 with vector {0:0.061363261517651924} with alpha 836.0 and beta 4828.0
The order information:
Date: 2012-05-15T15:02:20.000+02:00
It predicted these items for order 1783936 :
   748 with score of 200.0
   31560 with score of 152.0
   752 with score of 133.0
   27576 with score of 111.0
   21714 with score of 97.0
   21776 with score of 90.0
   5003 with score of 89.0
   29669 with score of 89.0
   25201 with score of 80.0
   12338 with score of 78.0
These are the actual items bought: 
   12096
The arm 0 has vector {0:0.061363261517651924} with alpha 878.0 and beta 5124.0, percentage 14.616666666666667
The best arm is 0 with vector {0:0.061363261517651924} with alpha 878.0 and beta 5124.0, percentage 14.616666666666667
The right guesses are: 877 which means 14.616666666666667% correct
Done
854
