Items: 31014,2,2012-03-22 09:35:15.730000000,2013-01-31 22:08:19.360000000,0,0000000000000000000000000000000000000000000000000000000000000000000000000000000000000000000010000000000000000000000000000000000000000000000000000000000000000000000000000000000000000000000000000000000000000000000000000000000000000000000000000000000000000000
Items: 16065,3,2010-10-12 09:05:28.623000000,2011-10-19 12:41:59.293000000,0,0000000000000000000000000000000000000000000000000000000000000000000000000000000000000000000100000000000000000000000000000000000000000000000000000000000000000000000000000000000000000000000000000000000000000000000000000000000000000000000000000000000000000000
Items: 2897,1,2010-07-28 15:55:07.423000000,2013-07-15 05:02:15.650000000,0,0000000000000000000000000000000000000000000000000000000000000000000000000000000000000000000100000000000000000000000000000000000000000000000000000000000000000000000000000000000000000000000000000000000000000000000000000000000000000000000000000000000000000000
Users: 46671,2009-07-31 17:52:05.423000000,45238,,0
Users: 117404,2012-02-11 18:20:17.737000000,30295,1989-02-13 00:00:00,1
Users: 185087,2009-07-31 19:48:45.310000000,54234,1986-06-04 00:00:00,1
Users: 242612,2011-12-03 21:34:16.640000000,90627,1990-07-23 00:00:00,2
Users: 294436,2011-03-16 09:05:23.647000000,72233,1994-04-25 00:00:00,1
Users: 345704,2011-11-11 20:55:14.437000000,68600,1994-06-05 00:00:00,2
Users: 399809,2012-09-17 14:43:42.033000000,44491,1997-12-12 00:00:00,1
Users: 455390,2012-12-20 16:02:28.573000000,3274,1978-06-02 00:00:00,2
Users: 525182,2013-07-28 12:33:53.590000000,53372,1990-06-17 00:00:00,0
Orders: 35022,1033356,1457,2009-10-18 21:46:53.347000000
Orders: 214698,1082559,614,2010-01-24 20:16:55.153000000
Orders: 226305,1122161,1501,2010-03-20 16:23:03.950000000
Orders: 46541,1167569,11120,2010-05-26 12:55:02.417000000
Orders: 75824,1208142,11119,2010-07-27 23:14:48.377000000
Orders: 13287,1248778,12826,2010-09-21 21:56:27.157000000
Orders: 272654,1296031,653,2010-12-01 18:41:36.730000000
Orders: 285359,1344258,18628,2011-01-28 14:59:09.743000000
Orders: 157456,1388262,18371,2011-03-17 11:46:02.120000000
Orders: 307265,1432210,758,2011-04-29 21:28:48.340000000
Orders: 271030,1473349,21803,2011-06-14 15:24:35.467000000
Orders: 275827,1511037,21829,2011-07-28 21:58:50.970000000
Orders: 62527,1550712,24845,2011-09-10 18:44:47.023000000
Orders: 293365,1597283,27523,2011-11-12 08:21:31.203000000
Orders: 158173,1649466,24361,2011-12-28 14:06:54.430000000
Orders: 371623,1691322,28947,2012-01-31 15:54:20.570000000
Orders: 151193,1739094,2144,2012-03-22 17:02:48.527000000
Orders: 71320,1784958,7874,2012-05-16 17:00:59.817000000
Orders: 287161,1827735,20480,2012-06-29 22:23:24.193000000
Orders: 271514,1866722,31203,2012-08-11 21:38:56.863000000
Orders: 428803,1915657,35460,2012-10-09 20:15:44.210000000
Orders: 444954,1966435,29677,2012-12-01 22:51:49.073000000
Orders: 460415,2018674,31695,2013-01-07 22:20:30.543000000
Orders: 381441,2066329,35170,2013-02-19 22:08:16.833000000
Orders: 485606,2112774,39306,2013-03-26 15:04:37.277000000
Orders: 423890,2161061,11304,2013-05-03 09:35:38.190000000
Orders: 314770,2207605,26096,2013-06-05 19:04:54.837000000
Orders: 287308,2249841,40450,2013-07-13 20:23:09.463000000
Orders: 255027,2289235,33612,2013-08-13 17:15:05.073000000
Orders: 466261,2331294,43871,2013-09-15 21:02:00.180000000
Orders: 446724,2379393,448,2013-11-01 19:20:53.627000000

Startup information:
First order in training stage: 700000
First order in evaluation stage: 771338
Last order in evaluation stage: 777338

Number of orders in training stage: 71338
Number of orders in evaluation stage: 6000

The current arm is 34 with vector {0:0.49247496070696306,1:0.17176442365986333,2:0.22926925215741623,3:0.8026611039568641,4:0.99573952418208,5:0.7031101571082256,6:0.33373643304367884,7:0.4179033112315361,8:0.843493392688915,9:0.07929943897989067,10:0.7907182701659213,11:0.9194444134159673,12:0.0943138469589957,13:0.7280596065956775,14:0.8172562064765518,15:0.33559891555228605,16:0.3199966083482907,17:0.9564070543689912,18:0.3287343779368467,19:0.864659014954609,20:0.6966172582674862,21:0.5774644635053886,22:0.27072299232122,23:0.45361569197810425,24:0.8095419895800067,25:0.8971080960009035,26:0.10660512101509856,27:0.4731130112149551,28:0.934011919046592,29:0.49747351149559915,30:0.8373816553375252,31:0.8095153837108181,32:0.25389214222077117,33:0.37857867917293375,34:0.57368348554814,35:0.1766350416240846,36:0.09317641125034248,37:0.02602138876771598,38:0.08399423350752577,39:0.41461096244144224,40:0.6931696546870839} with alpha 1.0 and beta 8.0
The order information:
Date: 2012-05-09T17:07:05.000+02:00
It predicted these items for order 1778911 :
   31560 with score of 2.2457904312411565
   1693 with score of 2.1913246419972685
   13688 with score of 2.1913246419972685
   21769 with score of 2.1913246419972685
   25013 with score of 2.1913246419972685
   31278 with score of 2.1913246419972685
   31911 with score of 2.0225198588025624
   752 with score of 1.9038827434304706
   28913 with score of 1.8401615928157933
   25015 with score of 1.839769563443156
These are the actual items bought: 
   11832
   30233
The current arm is 46 with vector {0:0.4838620070519015,1:0.6464175551465757,2:0.6437125132595679,3:0.8886696760646546,4:0.9576869787103856,5:0.7740021631180958,6:0.8584210547426059,7:0.31303193301944565,8:0.16939793972812578,9:0.2960875887319354,10:0.2415967192061348,11:0.7224970835505509,12:0.9929374973583117,13:0.3224970554552079,14:0.8380638943732598,15:0.6122675444633303,16:0.6551606549015792,17:0.846807941328242,18:0.1994247526086188,19:0.017890816377865715,20:0.9956555377108854,21:0.5445647243246216,22:0.26273356213401344,23:0.14510523998490865,24:0.6607511766380685,25:0.741490175166297,26:0.2954157506712165,27:0.9306714315033102,28:0.9155427612405007,29:0.9351851565459278,30:0.011184079774280375,31:0.6822231398132639,32:0.7060900063553409,33:0.39963868955087123,34:0.017386363987756948,35:0.6951989196449118,36:0.07735024116126987,37:0.5440746907187003,38:0.1904592851654946,39:0.7926557307052531,40:0.4807829191477826} with alpha 5.0 and beta 21.0
The order information:
Date: 2012-05-10T17:54:43.000+02:00
It predicted these items for order 1779917 :
   31560 with score of 2.543984670878608
   752 with score of 2.249679265429642
   5003 with score of 2.2373031429082393
   24834 with score of 2.2209068170948894
   31290 with score of 2.156436056375693
   31871 with score of 2.156436056375693
   16520 with score of 2.1468215594083833
   26598 with score of 2.1468215594083833
   27408 with score of 2.146533846234652
   21714 with score of 2.049523263656638
These are the actual items bought: 
   30342
   23374
   32289
The current arm is 45 with vector {0:0.2098365356731432,1:0.3043223937221501,2:0.17852519858298554,3:0.33677173352999157,4:0.09919008161377263,5:0.014497179358606505,6:0.29525050431679756,7:0.8903383578074852,8:0.7547303195174772,9:0.9260298761432963,10:0.18144420792584592,11:0.143461648083679,12:0.4575485095270433,13:0.31952763445442545,14:0.3843601618704581,15:0.18848784010739106,16:0.2261609814298322,17:0.9664403116564848,18:0.3344595086949238,19:0.8531879894602711,20:0.25325848281560503,21:0.3746933040183521,22:0.3537184509944904,23:0.846232980711741,24:0.6532499033210685,25:0.4316689122525057,26:0.8766107138153076,27:0.043331531192773776,28:0.7284512596072756,29:0.7921706615231787,30:0.39067842401100794,31:0.566380048226715,32:0.07109043890308253,33:0.30053520116458066,34:0.001601909767843579,35:0.3699151150703587,36:0.20387110512053086,37:0.5561250916293211,38:0.08482742254166498,39:0.34993477377264903,40:0.17429421448119375} with alpha 32.0 and beta 104.0
The order information:
Date: 2012-05-11T22:39:32.000+02:00
It predicted these items for order 1780921 :
   31560 with score of 1.7296976052840973
   752 with score of 1.1766694589725524
   748 with score of 1.094170241690399
   27900 with score of 0.9640839737469675
   20430 with score of 0.9455234031462505
   21714 with score of 0.9256830836268656
   5003 with score of 0.9115930629370317
   29669 with score of 0.9064033948771003
   27576 with score of 0.8906400854555476
   23467 with score of 0.8608572024106602
These are the actual items bought: 
   31776
The current arm is 14 with vector {0:0.36241721220684775,1:0.5975976391627382,2:0.9723260608243999,3:0.3081970032941812,4:0.05428996289568022,5:0.6027333753505228,6:0.9836508102704916,7:0.6506211153382837,8:0.4350125708951985,9:0.7039168520872993,10:0.7657279780377827,11:0.9590569063309047,12:0.2773563976418627,13:0.614574645689072,14:0.45231278709643397,15:0.5602736375481477,16:0.4998248458207841,17:0.35690738992151216,18:0.020004859344877723,19:0.6234334753214718,20:0.5789893169441188,21:0.27051692129312743,22:0.7563622627286938,23:0.5102626419612175,24:0.2723726641550176,25:0.8514118827859597,26:0.252420668643636,27:0.9586104806828704,28:0.8645771532093229,29:0.4861556017717855,30:0.6513401624728764,31:0.26537418184457784,32:0.8795751693667567,33:0.5965929031891308,34:0.03869398126645884,35:0.44008571131335317,36:0.4488823428006169,37:0.9369117472691505,38:0.20386493835321307,39:0.11425449017415445,40:0.10503437993782372} with alpha 4.0 and beta 22.0
The order information:
Date: 2012-05-13T15:53:25.000+02:00
It predicted these items for order 1781930 :
   31560 with score of 2.274881824693953
   752 with score of 1.9385800895504022
   748 with score of 1.8198322119509465
   31865 with score of 1.7284793345803606
   31634 with score of 1.7278221415345643
   31854 with score of 1.7278221415345643
   21252 with score of 1.7271649484887681
   31845 with score of 1.694548853929568
   27900 with score of 1.6885775015517344
   29011 with score of 1.5991389358230403
These are the actual items bought: 
   2084
   29003
   31950
   20990
   31940
   30573
   20678
   30195
   25363
   27900
The current arm is 18 with vector {0:0.5068623373437792,1:0.01996223229745342,2:0.5288047876385391,3:0.12591724245596592,4:0.7941056262741475,5:0.027833732368820696,6:0.7692957535391187,7:0.9609908580857005,8:0.4458002933866333,9:0.21535349760430922,10:0.9022741919568916,11:0.8382390321085988,12:0.6862999453928658,13:0.832044399383729,14:0.8816602415941731,15:0.723709191772409,16:0.19723012432679832,17:0.4736198812073441,18:0.43480895206635084,19:0.9606885391568637,20:0.11511771765767165,21:0.7982631345341775,22:0.884717428440958,23:0.9715343451771546,24:0.295346802889736,25:0.2829128821603537,26:0.792344242345125,27:0.18630862667838088,28:0.27265607811927295,29:0.5813593878020146,30:0.6114486045889875,31:0.16808499720260683,32:0.9462634812082564,33:0.2452272701907663,34:0.5247972922216029,35:0.35893134072414234,36:0.9487258018710989,37:0.8962015543040482,38:0.30431303201482696,39:0.6580263095969767,40:0.560954732410156} with alpha 19.0 and beta 94.0
The order information:
Date: 2012-05-14T16:46:54.000+02:00
It predicted these items for order 1782931 :
   31560 with score of 2.2798651926627476
   748 with score of 1.8642028848569532
   752 with score of 1.7353314599813499
   21714 with score of 1.3452369573761251
   5003 with score of 1.3162568925382656
   27576 with score of 1.3133830481163147
   29669 with score of 1.2620145338126398
   27900 with score of 1.2454179434074768
   20430 with score of 1.2391176772059707
   23467 with score of 1.2095862804156337
These are the actual items bought: 
   32564
The current arm is 26 with vector {0:0.8434530889337388,1:0.23490425707152296,2:0.07648134457228539,3:0.5190434395805539,4:0.848270227904954,5:0.15218716035979019,6:0.744873850728255,7:0.8296953110769589,8:0.7659074181615176,9:0.9800355334689689,10:0.167232041294872,11:0.14856151410268026,12:0.7469765100349715,13:0.9034067752888324,14:0.001863737684705713,15:0.18595449789122598,16:0.288354687483377,17:0.2507773125765336,18:0.15599858105515152,19:0.5285019984020367,20:0.357655674059858,21:0.01066000124426325,22:0.9952421844392154,23:0.030018728736901035,24:0.9409161780351357,25:0.610609611679516,26:0.3622125423748226,27:0.7059467893179049,28:0.7720659458874011,29:0.8784778514088218,30:0.17178418778661741,31:0.13406574611202682,32:0.6410397863448339,33:0.3731325399481442,34:0.45372731156132695,35:0.29428474046095077,36:0.5101624247215527,37:0.35635415995786324,38:0.36391395767943024,39:0.8996605416414089,40:0.6667190783861885} with alpha 8.0 and beta 58.0
The order information:
Date: 2012-05-15T15:02:20.000+02:00
It predicted these items for order 1783936 :
   31560 with score of 2.755399390358436
   748 with score of 2.5191472909784314
   752 with score of 2.23077283161619
   27576 with score of 2.0449558579601517
   21714 with score of 2.0017558036036185
   5003 with score of 1.9846372405133654
   29669 with score of 1.9247961530762627
   21776 with score of 1.8845674851818985
   23467 with score of 1.8742889596578705
   25201 with score of 1.8732514246117535
These are the actual items bought: 
   12096
The arm 0 has vector {0:0.8424071229643371,1:0.019265142801201396,2:0.0828652229358845,3:0.9759654513535627,4:0.20992219147450097,5:0.0011648285399195046,6:0.2763712653579943,7:0.5905538874887352,8:0.9804683008690994,9:0.11126309528805389,10:0.2702335155121771,11:0.9840700645190174,12:0.8815593733840791,13:0.0574300764734349,14:0.7248113431098457,15:0.9839836415699594,16:0.5343785505420525,17:0.6786066543738498,18:0.10557445682405509,19:0.04045962257279767,20:0.06309250506647157,21:0.8796480940106889,22:0.38051452940588515,23:0.45230328167003775,24:0.10432583468943157,25:0.3988818412970623,26:0.39412966341127087,27:0.15261597567166107,28:0.7143917159561952,29:0.8423617211444606,30:0.6375137256357711,31:0.8404072973174229,32:0.6420414436064016,33:0.9144478090617931,34:0.252741710186034,35:0.4185574012494575,36:0.03954998826345035,37:0.4540689050093346,38:0.8362529586259627,39:0.30913189079356307,40:0.07994024754531615} with alpha 28.0 and beta 127.0, percentage 17.647058823529413
The arm 1 has vector {0:0.9971554663738618,1:0.6271456173386121,2:0.5996474603295519,3:0.005258416875142946,4:0.9969456607357506,5:0.5052293691141709,6:0.22126487980233012,7:0.24342916921984203,8:0.7388533179617468,9:0.9355242447029343,10:0.7723309541092707,11:0.03274066013086929,12:0.7277870023580312,13:0.11815917226048678,14:0.9061226709461091,15:0.26569209535756677,16:0.2649617967969019,17:0.09053866390625798,18:0.1226439369753709,19:0.4531276850833742,20:0.8428876769508057,21:0.7578256600824356,22:0.5452891712907415,23:0.24181882316289027,24:0.14444594098367924,25:0.9901156542009882,26:0.3823055088373297,27:0.36539219201148476,28:0.009244959020662358,29:0.5871769589047872,30:0.2431933019335979,31:0.12264399300727591,32:0.43519250334980475,33:0.33603170472926913,34:0.5053322877663777,35:0.8782986072057426,36:0.1688178415302073,37:0.23793541398449247,38:0.5416601417815214,39:0.26224497497958865,40:0.12869829150944523} with alpha 4.0 and beta 40.0, percentage 7.142857142857142
The arm 2 has vector {0:0.3083158747046798,1:0.967208273735092,2:0.021311585115991627,3:0.04718737989970179,4:0.8827472423353605,5:0.05032946179750053,6:0.09463639793001977,7:0.9214748373681846,8:0.1391825965379796,9:0.6001526710688504,10:0.42293701589165966,11:0.1675364145995467,12:0.24643579800554327,13:0.9844787432579263,14:0.4388154404114595,15:0.32604025556939364,16:0.40657649403660145,17:0.18058009092690397,18:0.41832882821885853,19:0.13402463515357332,20:0.1385621811080614,21:0.34044423181568273,22:0.5429245134632017,23:0.7632997168267163,24:0.44012835640142434,25:0.005594273022631491,26:0.6347977905146865,27:0.7811127550068502,28:0.8853018904085249,29:0.5637759748378101,30:0.03702495168955644,31:0.3936377136049396,32:0.769483471040719,33:0.17514321876722505,34:0.8111657057784478,35:0.8017119549370562,36:0.49933819889100517,37:0.5843500852210365,38:0.03573201886546018,39:0.3160331591938722,40:0.1765831653457547} with alpha 27.0 and beta 131.0, percentage 16.666666666666664
The arm 3 has vector {0:0.6627279124950936,1:0.6661008234611775,2:0.15987876939589796,3:0.3503534837808254,4:0.48681943684628426,5:0.10828085767340989,6:0.08393144686870524,7:0.19495725666725183,8:0.9897478324670582,9:0.2224529739443427,10:0.6689454789981467,11:0.218237652921197,12:0.6658627519992004,13:0.858419183586146,14:0.09634289161547871,15:0.5124902901517188,16:0.4571353264459508,17:0.09732023081055852,18:0.12006843384534949,19:0.7908205457371422,20:0.6706011275336229,21:0.4851379161041054,22:0.7530203758066885,23:0.2815312201733583,24:0.4937190411804393,25:0.9518220950463162,26:0.7145672816007004,27:0.31028979046675864,28:0.3637007839384164,29:0.2947426876743169,30:0.8719628217311212,31:0.9866355084043423,32:0.17387493614957072,33:0.3235104285875957,34:0.6515612891454481,35:0.813700662443945,36:0.7572553209198681,37:0.42167438417998926,38:0.03837304618842008,39:0.6504405536893532,40:0.714650534576999} with alpha 18.0 and beta 95.0, percentage 15.315315315315313
The arm 4 has vector {0:0.3366257607546258,1:0.06400442878020063,2:0.3406052728095952,3:0.34808464846335874,4:0.30820380391431634,5:0.9984833010604057,6:0.9462829946290278,7:0.16378737449314273,8:0.22922457631482285,9:0.8593839227434056,10:0.37867393518783365,11:0.5720996665104778,12:0.250994622723538,13:0.8349555065327802,14:0.5933165150503843,15:0.3062498454354724,16:0.3768330031798901,17:0.7103859692932275,18:0.06325441984789004,19:0.12103250519744568,20:0.8016095686156778,21:0.2239233493217584,22:0.783675504988463,23:0.6734426824229945,24:0.15523727683534005,25:0.539459462837159,26:0.9516306057550299,27:0.24297525926521035,28:0.16657646689300676,29:0.2152122476788081,30:0.992410848547861,31:0.01381540183198382,32:0.527020966791607,33:0.11424568585756711,34:0.7021934766011333,35:0.7545736456965123,36:0.22362721587746148,37:0.42768219315512335,38:0.2686620227133102,39:0.6216962168329124,40:0.22275075046104065} with alpha 2.0 and beta 29.0, percentage 3.4482758620689653
The arm 5 has vector {0:0.801609442055849,1:0.013657724877439437,2:0.7014425107101874,3:0.398954241175687,4:0.42197329052771615,5:0.05347353470095473,6:0.28775283630802484,7:0.46218775037317106,8:0.9845862912429426,9:0.3712020216740517,10:0.5037717975508109,11:0.2377356116792978,12:0.9154592878664005,13:0.49872979730277733,14:0.8075648723117093,15:0.5432368464243578,16:0.9757120560809078,17:0.8845519930033992,18:0.3476657319562768,19:0.2833068115185138,20:0.24821612094629852,21:0.17626612627927785,22:0.8557480297577471,23:0.7721873576249682,24:0.5179455569941449,25:0.1882764201733893,26:0.06808658749994911,27:0.14169561160544697,28:0.2303106158512449,29:0.7240223180877661,30:0.29183276324114493,31:0.9244911091495391,32:0.13906958483104315,33:0.7310119909841934,34:0.9241051742333758,35:0.0019491006315748294,36:0.4594150852436326,37:0.05244622412782607,38:0.031626891213244246,39:0.21923490983270466,40:0.2919348610529746} with alpha 57.0 and beta 225.0, percentage 20.0
The arm 6 has vector {0:0.05373687137789074,1:0.06545658545160149,2:0.6517407159437247,3:0.6576369034731379,4:0.10332836266467105,5:0.03856793294751937,6:0.68745481458576,7:0.19370933766039777,8:0.39259003151013483,9:0.49159968309843016,10:0.11362278163914818,11:0.5411562923264366,12:0.8788687899564263,13:0.11526105206061643,14:0.02834595928582251,15:0.5266340068154864,16:0.12240470520219271,17:0.0768004889475512,18:0.6392650728039845,19:0.8521043671037101,20:0.5773588498311166,21:0.02384992639853789,22:0.8033893154801514,23:0.7395963072834716,24:0.8695718929323766,25:0.1842700415335683,26:0.5862905423427367,27:0.6173991788932365,28:0.8285751250427998,29:0.7757691411256666,30:0.27402616502783406,31:0.20033238704246414,32:0.9833131808095348,33:0.37691837695542496,34:0.11387224513183625,35:0.06821573930477876,36:0.6656968635532673,37:0.08208984192010971,38:0.19273584096123741,39:0.8593771101295159,40:0.6050720264059023} with alpha 34.0 and beta 144.0, percentage 18.75
The arm 7 has vector {0:0.8310988545833085,1:0.2341073747358482,2:0.40449495442898076,3:0.3990103030572797,4:0.8291733970220938,5:0.15282910512039571,6:0.002542254690472312,7:0.9163009301720166,8:0.7381619923200907,9:0.08191640089032926,10:0.6074244839937969,11:0.9304968415021406,12:0.4056891327737584,13:0.9621214660199294,14:0.7481203122892244,15:0.981580844613907,16:0.9857544280639265,17:0.253515678483213,18:0.15870948618789193,19:0.7675642103805782,20:0.7899761020786525,21:0.08051522676203304,22:0.5556239349829558,23:0.6611543515067235,24:0.2895357458536172,25:0.4924599847575186,26:0.39474488980683997,27:0.04525593378512527,28:0.3280499751384688,29:0.7975490088380431,30:0.04513231097384718,31:0.0025165458774851768,32:0.8438285237382227,33:0.5483288676425535,34:0.6779909645844207,35:0.45474399900230833,36:0.17899441525682436,37:0.07709358516369247,38:0.8820546964912772,39:0.5353989611082579,40:0.7074179752918005} with alpha 67.0 and beta 251.0, percentage 20.88607594936709
The arm 8 has vector {0:0.2856890069779122,1:0.4032556246875366,2:0.19181072974306956,3:0.055214152432268127,4:0.5936662894396276,5:0.6509028157717857,6:0.4654235838031747,7:0.30779157791830924,8:0.4724675119537901,9:0.2783745782968867,10:0.8334554491616185,11:0.9017838389012655,12:0.3214238260856097,13:0.39414908129186976,14:0.4503427576801161,15:0.592769029900071,16:0.38576256321029123,17:0.20857428731214367,18:0.4660321484012616,19:0.7156366500495358,20:0.9677421858716332,21:0.3236030654710753,22:0.3566628959591027,23:0.9429818095852037,24:0.7665571144522324,25:0.8909644180142844,26:0.8015559387854878,27:0.9222483727675869,28:0.20578941318102129,29:0.14092490174661387,30:0.43958303961961087,31:0.5017969887930747,32:0.7383520866965818,33:0.461947802636964,34:0.5432150092541732,35:0.32195741870921823,36:0.25370897122075864,37:0.7783146482581667,38:0.8012487763346238,39:0.7345892047742196,40:0.41757298256208397} with alpha 13.0 and beta 76.0, percentage 13.793103448275861
The arm 9 has vector {0:0.05551596756981936,1:0.05787509577935912,2:0.13447819409829853,3:0.7809598242282807,4:0.22021189984934364,5:0.6179571957754282,6:0.08258924606827922,7:0.8262890869219205,8:0.4708213156735819,9:0.4674712957767264,10:0.5551263757335523,11:0.3562068599055721,12:0.258247211081689,13:0.6455185194560507,14:0.30467266365374013,15:0.9248891479884591,16:0.6505821675049429,17:0.7041465113310602,18:0.8166664003901702,19:0.8176484024046033,20:0.475580044085944,21:0.22661573772468446,22:0.5201049699322808,23:0.5007747287195489,24:0.15361144469403176,25:0.03174217406091662,26:0.4416568022128522,27:0.30385008385443124,28:0.2843199516716235,29:0.8257452543324293,30:0.3508810657936803,31:0.5399010590704181,32:0.25480038070264044,33:0.9288011484027602,34:0.9590656335107044,35:0.36321864096921264,36:0.34391490453266604,37:0.6612176792961504,38:0.23795273715016796,39:0.5185159489251485,40:0.5355891800334783} with alpha 6.0 and beta 51.0, percentage 9.090909090909092
The arm 10 has vector {0:0.778794284904252,1:0.4090170800183144,2:0.08137501955216953,3:0.20920174495276112,4:0.0319850104824726,5:0.94826430408078,6:0.4649456612900015,7:0.41667694927999854,8:0.5202204964244957,9:0.5588005966845878,10:0.9545031503629698,11:0.9234238054185423,12:0.526055731488931,13:0.570172978221361,14:0.1806438794171389,15:0.28912813966282747,16:0.7524346929033618,17:0.564646871068331,18:0.6362250759935014,19:0.15667693770344215,20:0.11213638204793763,21:0.09104961502552389,22:0.2735340861525124,23:0.5173443300621416,24:0.6219096007500536,25:0.6167688083657278,26:0.9360328603650734,27:0.054081810395439356,28:0.03302355742928109,29:0.2112301901330471,30:0.4655687582134165,31:0.19972367594246498,32:0.8583120524760411,33:0.27012874536382114,34:0.3456129689180385,35:0.675121777122338,36:0.3783846163901299,37:0.008883654384933326,38:0.4373595926367615,39:0.5231431440997945,40:0.09426000361502096} with alpha 2.0 and beta 29.0, percentage 3.4482758620689653
The arm 11 has vector {0:0.528451222575629,1:0.08943450145541199,2:3.2355773442893643E-4,3:0.4329587353595603,4:0.9925383445225835,5:0.537127742978522,6:0.9579412661552472,7:0.4110550604596689,8:0.6063862441786627,9:0.9156070935102995,10:0.7071528088761337,11:0.6645956951946209,12:0.6981440210056377,13:0.6377661357420286,14:0.6051509936908466,15:0.24877412997087434,16:0.4534446322363803,17:0.37569968158989286,18:0.2387641080878139,19:0.08067787142682847,20:0.8034803327004423,21:0.6159589785012701,22:0.7650018711730752,23:0.24952936737353182,24:0.5854335805475873,25:0.9008408569911112,26:0.8138369962202029,27:0.2403395655108319,28:0.052036437198828445,29:0.822061189176337,30:0.004646099635963963,31:0.6614608890771922,32:0.8725671299109218,33:0.5288982141158556,34:0.7585544361306003,35:0.5502185814343233,36:0.39925784268975684,37:0.11069379806533008,38:0.17503659530015814,39:0.4460802843091901,40:0.3813395119779833} with alpha 11.0 and beta 60.0, percentage 14.492753623188406
The arm 12 has vector {0:0.0707520334243894,1:0.6253392483773471,2:0.4815292620014706,3:0.20326540493848244,4:0.652931373392996,5:0.28629370050870817,6:0.6006387830727358,7:0.43014812487236365,8:0.3133293123431571,9:0.18336116482814502,10:0.7332365128067441,11:0.06788614756546374,12:0.2850649371578654,13:0.24539211665421645,14:0.027313778032013625,15:0.8767218720700523,16:0.7317286883723513,17:0.4365401084125966,18:0.18905581505744928,19:0.40131940035027347,20:0.305786263280292,21:0.39442246770814293,22:0.12203083837217654,23:0.006662217526485215,24:0.46650283030844175,25:0.4408686160512737,26:0.13800311019549227,27:0.3429604272104153,28:0.6252499273483585,29:0.4477762516747522,30:0.0996836162853385,31:0.24094341403455832,32:0.49108100741459704,33:0.9588597147610275,34:0.47060954845268343,35:0.11895714542557922,36:0.3792009497961911,37:0.8227544699757025,38:0.98145193613791,39:0.8348062400931477,40:0.16683219819237083} with alpha 26.0 and beta 121.0, percentage 17.24137931034483
The arm 13 has vector {0:0.8447553565959252,1:0.7404982028298274,2:0.8398102337022259,3:0.41512804299571726,4:0.049164181676541796,5:0.1910856934878561,6:0.11986825231225295,7:0.6938672953269568,8:0.9141390452655479,9:0.37259326395733616,10:0.08304943204957749,11:0.261796614537418,12:0.6358550611716226,13:0.43609975077380314,14:0.7481189147322327,15:0.4507643450243545,16:0.09738971079193681,17:0.6241755243018107,18:0.6931825522262557,19:0.9252145787655836,20:0.22156212466919067,21:0.6203169687662582,22:0.8136763980353036,23:0.7330311313564468,24:0.7375229416447467,25:0.05888254861195641,26:0.15402794469137948,27:0.263465615416799,28:0.25240907985603533,29:0.970832414186713,30:0.6473963646458203,31:0.8468744847769745,32:0.29405680576166826,33:0.22506081536975397,34:0.3557594367831435,35:0.27112575854090726,36:0.41476462150684756,37:0.9467448307065199,38:0.02834513072258693,39:0.8106046558778373,40:0.6520433601177437} with alpha 101.0 and beta 368.0, percentage 21.413276231263385
The arm 14 has vector {0:0.36241721220684775,1:0.5975976391627382,2:0.9723260608243999,3:0.3081970032941812,4:0.05428996289568022,5:0.6027333753505228,6:0.9836508102704916,7:0.6506211153382837,8:0.4350125708951985,9:0.7039168520872993,10:0.7657279780377827,11:0.9590569063309047,12:0.2773563976418627,13:0.614574645689072,14:0.45231278709643397,15:0.5602736375481477,16:0.4998248458207841,17:0.35690738992151216,18:0.020004859344877723,19:0.6234334753214718,20:0.5789893169441188,21:0.27051692129312743,22:0.7563622627286938,23:0.5102626419612175,24:0.2723726641550176,25:0.8514118827859597,26:0.252420668643636,27:0.9586104806828704,28:0.8645771532093229,29:0.4861556017717855,30:0.6513401624728764,31:0.26537418184457784,32:0.8795751693667567,33:0.5965929031891308,34:0.03869398126645884,35:0.44008571131335317,36:0.4488823428006169,37:0.9369117472691505,38:0.20386493835321307,39:0.11425449017415445,40:0.10503437993782372} with alpha 8.0 and beta 55.0, percentage 11.475409836065573
The arm 15 has vector {0:0.6301551650135256,1:0.7083033563683061,2:0.2946677953145572,3:0.5523269531050836,4:0.1406967854751826,5:0.8288847367169151,6:0.1649660198867231,7:0.5719298806227626,8:0.22820121969930274,9:0.8821316391642269,10:0.5472019262081588,11:0.3876789298062582,12:0.5129416791672401,13:0.8958661725963993,14:0.5134797173073314,15:0.3995028705298338,16:0.6081191606393428,17:0.5952918280828824,18:0.2829352893304463,19:0.15799704010944182,20:0.8616266233763223,21:0.22068583648487916,22:0.48766938821668726,23:0.01015980727584831,24:0.8192220994709244,25:0.9742936242429315,26:0.36459086514877415,27:0.8719902619258489,28:0.9189400209597937,29:0.9935392791346782,30:0.6841194176562846,31:0.39262274316401813,32:0.5957157996390762,33:0.8651938726747386,34:0.7744132074978631,35:0.7736507214337472,36:0.9869249452823167,37:0.5027335838461499,38:0.7983101384568518,39:0.1037850548667214,40:0.34698341382761144} with alpha 4.0 and beta 39.0, percentage 7.317073170731707
The arm 16 has vector {0:0.8610091387542823,1:0.7944064619485551,2:0.9642802923012994,3:0.6635606409603889,4:0.6194497128206536,5:0.07484414746625256,6:0.6322877396689025,7:0.5486638713687023,8:0.6409394022771452,9:0.44331421126810866,10:0.30043644115693746,11:0.5428937120728844,12:0.06960931976750617,13:0.1310398844794165,14:0.7203244608313725,15:0.9898864520446627,16:0.4392234800695819,17:0.9720804293442276,18:0.8553329087579675,19:0.12762745009492915,20:0.0406206607470857,21:0.7862693976642976,22:0.6803811234358954,23:0.9381274053890746,24:0.34590246419995685,25:0.5679657291565605,26:0.62902958336164,27:0.9300377682433393,28:0.2828792488251981,29:0.03590045418993881,30:0.11116812818771094,31:0.45726254392443255,32:0.8782453024150709,33:0.4321176012549566,34:0.8796105723564589,35:0.46456647279326146,36:0.2518040847139118,37:0.004800984953086229,38:0.6974291971090352,39:0.8145694063294336,40:0.18662722163465462} with alpha 20.0 and beta 107.0, percentage 15.2
The arm 17 has vector {0:0.7623248248632049,1:0.9353164625488891,2:0.441540604369965,3:0.15349932475860817,4:0.5011488048896656,5:0.27043961028079333,6:0.2828443476165743,7:0.8384411064363546,8:0.5164552147509106,9:0.6813469154085365,10:0.4239771592464011,11:0.22192270082914511,12:0.5581118257828253,13:0.5454342742896949,14:0.0363986541816117,15:0.9882039515423561,16:0.2418359138574545,17:0.7011422565492005,18:0.8255791279155114,19:0.6930190336995341,20:0.568529399316124,21:0.9089773598152864,22:0.3114206986722555,23:0.05832070298421099,24:0.643293786084376,25:0.33494848267963206,26:0.8029130340412235,27:0.35395611399003024,28:0.879903127685341,29:0.6496173615405124,30:0.39925898870770504,31:0.9410029606013091,32:0.14090757716595115,33:0.9620038800167445,34:0.3726021898161126,35:0.7780110496789834,36:0.33987189085922676,37:0.4189729616171558,38:0.9546324451933674,39:0.9616190536502975,40:0.8906855154157333} with alpha 58.0 and beta 219.0, percentage 20.727272727272727
The arm 18 has vector {0:0.5068623373437792,1:0.01996223229745342,2:0.5288047876385391,3:0.12591724245596592,4:0.7941056262741475,5:0.027833732368820696,6:0.7692957535391187,7:0.9609908580857005,8:0.4458002933866333,9:0.21535349760430922,10:0.9022741919568916,11:0.8382390321085988,12:0.6862999453928658,13:0.832044399383729,14:0.8816602415941731,15:0.723709191772409,16:0.19723012432679832,17:0.4736198812073441,18:0.43480895206635084,19:0.9606885391568637,20:0.11511771765767165,21:0.7982631345341775,22:0.884717428440958,23:0.9715343451771546,24:0.295346802889736,25:0.2829128821603537,26:0.792344242345125,27:0.18630862667838088,28:0.27265607811927295,29:0.5813593878020146,30:0.6114486045889875,31:0.16808499720260683,32:0.9462634812082564,33:0.2452272701907663,34:0.5247972922216029,35:0.35893134072414234,36:0.9487258018710989,37:0.8962015543040482,38:0.30431303201482696,39:0.6580263095969767,40:0.560954732410156} with alpha 22.0 and beta 109.0, percentage 16.27906976744186
The arm 19 has vector {0:0.6184482795450876,1:0.25576314966296954,2:0.9565070930405507,3:0.4973279445496931,4:0.6484580572059511,5:0.22033077657650946,6:0.7973982362712485,7:0.1960520248774461,8:0.005766285671352067,9:0.36330431402517094,10:0.11622491110342525,11:0.5038847542613222,12:0.46273738811507814,13:0.2917822818169934,14:0.5023706346412133,15:0.7582092471330527,16:0.42497238334929477,17:0.35406020089844803,18:0.7478702098823397,19:0.8494683355638619,20:0.7620509003862345,21:0.9609789442929235,22:0.2737715066705343,23:0.8656640816098944,24:0.5970120403002503,25:0.9430268639850184,26:0.2514373551284852,27:0.45438336199910845,28:0.5506380390085449,29:0.39969558612380984,30:0.31054090333199047,31:0.26422097228986174,32:0.9760794249469971,33:0.3524544923430982,34:0.25478170625645014,35:0.6169120990314217,36:0.6041528739352224,37:0.7604334257780018,38:0.9870149876362665,39:0.14413977069079376,40:0.1372018682769517} with alpha 1.0 and beta 22.0, percentage 0.0
The arm 20 has vector {0:0.11465341962425701,1:0.3518512333404863,2:0.6900460771219937,3:0.1498899765260524,4:0.9951617867583277,5:0.4540008290301525,6:0.12296464898237647,7:0.994907643235857,8:0.48954406136910633,9:0.576292233460635,10:0.717174323249975,11:0.38542368332784793,12:0.22422079917490545,13:0.06949932769548872,14:0.30691063778730376,15:0.20563734846402815,16:0.613464061122799,17:0.511856445884364,18:0.5637117755131081,19:0.9644821128752373,20:0.9175657150254696,21:0.9992802063438619,22:0.28858285295748765,23:0.9555264084702528,24:0.20367979014630533,25:0.6038801356740471,26:0.21550469522635962,27:0.10219666983897868,28:0.4697493887291564,29:0.2121810077440951,30:0.22676818585974134,31:0.056169430144170196,32:0.9406191046981194,33:0.7783767118341498,34:0.9932960879230058,35:0.788440481145002,36:0.5970083726901685,37:0.6206858670563418,38:0.662266529653321,39:0.034541311798328866,40:0.02021275330960126} with alpha 6.0 and beta 48.0, percentage 9.615384615384617
The arm 21 has vector {0:0.1041568533367776,1:0.8928760948567075,2:0.7608917591202692,3:0.26160020491336666,4:0.25666821721891797,5:0.17004850682900363,6:0.04094829138603151,7:0.3320352134606017,8:0.04380127924537491,9:0.41204809872733794,10:0.7409407436712344,11:0.12605553490053834,12:0.813498931536861,13:0.40021149120773036,14:0.6745040800356675,15:0.8646633795634335,16:0.8260237965750167,17:0.5738192568780179,18:0.3396739749542218,19:0.05105854223496631,20:0.20793988814880127,21:0.9294572732446682,22:0.013535565172414388,23:0.04815713515598019,24:0.5522648402407979,25:0.915513466079604,26:0.8679029747530309,27:0.9138517223699338,28:0.36984355197292995,29:0.9744708664702071,30:0.27827525455540647,31:0.32873935873010107,32:0.6197052042389524,33:0.6561015059931965,34:0.251806917907611,35:0.018721553761997356,36:0.4845749706429243,37:0.6793603550922621,38:0.6753233971980155,39:0.09691800324613387,40:0.6123399748608191} with alpha 10.0 and beta 69.0, percentage 11.688311688311687
The arm 22 has vector {0:0.6783702462760356,1:0.03117970101062506,2:0.6982204413106639,3:0.7548961864317624,4:0.9973409881321572,5:0.9465051685833353,6:0.351346245428356,7:0.5890738180595602,8:0.16357409483296315,9:0.9382193020036237,10:0.8613782198475937,11:0.07264586584616473,12:0.9015079630122026,13:0.28988168254779045,14:0.3036787466862084,15:0.2403181607492043,16:0.6331197085860328,17:0.391561629940096,18:0.02488680253041209,19:0.9516127896034787,20:0.43124357425006254,21:0.5598538087882389,22:0.9407283661619503,23:0.24047310049481618,24:0.3453265467103921,25:0.3960301699152714,26:0.9446498184370263,27:0.011491701699443357,28:0.36087440784108504,29:0.545709684497328,30:0.5818015227032324,31:0.22594354480624979,32:0.15871489017813556,33:0.8307249630522204,34:0.761951361459745,35:0.5647872338024295,36:0.35580635937372895,37:0.22056671315397103,38:0.897796502742686,39:0.35515336354776395,40:0.18605519703029905} with alpha 8.0 and beta 55.0, percentage 11.475409836065573
The arm 23 has vector {0:0.5399613541549739,1:0.8767565973142033,2:0.4078220528660158,3:0.25808526478463834,4:0.5513516093014238,5:0.727557162759971,6:0.7619739254927715,7:0.30206485725269694,8:0.5151840444368587,9:0.7689856960087696,10:0.7743361518376507,11:0.561641785657535,12:0.017796643267504186,13:0.12519699081179436,14:0.22852626556222377,15:0.9574311166533309,16:0.08002756847751757,17:0.5153628093865484,18:0.507621244821323,19:0.3158936612991273,20:0.857891678864834,21:0.5183533966864761,22:0.06522614615650701,23:0.005292295311350559,24:0.4260543161068069,25:0.7125808223916235,26:0.32294856582043885,27:0.2853834162585822,28:0.13037965472052515,29:0.4521811426406742,30:0.47726323106985236,31:0.7513697832664671,32:0.47968772049795017,33:0.5985835963036443,34:0.046864320716704655,35:0.5939144352885394,36:0.21394693055474168,37:0.5817826271292381,38:0.662561651691578,39:0.22349188241818663,40:0.6215431018055753} with alpha 1.0 and beta 23.0, percentage 0.0
The arm 24 has vector {0:0.640613490460017,1:0.6580188885531372,2:0.47001477903019717,3:0.42402915009216413,4:0.4198222859004942,5:0.6335315512053455,6:0.3288251365240775,7:0.23058150775105124,8:0.3995545948706698,9:0.514214497177485,10:0.9974439659635252,11:0.2476107660728456,12:0.17673467000419918,13:0.3711731995687889,14:0.884731179141723,15:0.36776864400876774,16:0.1791000886598536,17:0.16772976855463262,18:0.9010979970508738,19:0.6327479338027517,20:0.009957818620969783,21:0.8216368196820283,22:0.782215083439477,23:0.7116451795052184,24:0.3857596066924782,25:0.3697526976416511,26:0.9049540738315668,27:0.14156142296922425,28:0.4965677385614681,29:0.8927349808405526,30:0.9603036694058303,31:0.5533768394813254,32:0.5274015387438282,33:0.21774968637751535,34:0.6901360495499754,35:0.8069349720958705,36:0.250865047179197,37:0.9137083716359926,38:0.0847311775130567,39:0.20601339519191075,40:0.08790513731249983} with alpha 6.0 and beta 45.0, percentage 10.204081632653061
The arm 25 has vector {0:0.42048423906335386,1:0.317614426985514,2:0.7646946665526602,3:0.44577484022643843,4:0.6754734436795131,5:0.6454254347119657,6:0.4134951811586679,7:0.6662537884793999,8:0.4146001925326822,9:0.900676785924558,10:0.6508661914639289,11:0.16804253896708365,12:0.03747850645606943,13:0.4960467801343017,14:0.6607084612103034,15:0.7836719112935459,16:0.4544073548625007,17:0.8324147462911976,18:0.13460872959161185,19:0.597612514507056,20:0.6717468906277915,21:0.27664712447781037,22:0.84157518219481,23:0.08415149942797051,24:0.8229514768716193,25:0.6856678482385501,26:0.21700596317454424,27:0.24845293077059305,28:0.7909063593840591,29:0.621067412933121,30:0.540778857985987,31:0.7327287341348367,32:0.7838269596732967,33:0.8779779012417805,34:0.911083666277949,35:0.4890274798349371,36:0.9084944915771057,37:0.5586639576255682,38:0.6929104762298486,39:0.6769083791607577,40:0.7943178582770304} with alpha 3.0 and beta 36.0, percentage 5.405405405405405
The arm 26 has vector {0:0.8434530889337388,1:0.23490425707152296,2:0.07648134457228539,3:0.5190434395805539,4:0.848270227904954,5:0.15218716035979019,6:0.744873850728255,7:0.8296953110769589,8:0.7659074181615176,9:0.9800355334689689,10:0.167232041294872,11:0.14856151410268026,12:0.7469765100349715,13:0.9034067752888324,14:0.001863737684705713,15:0.18595449789122598,16:0.288354687483377,17:0.2507773125765336,18:0.15599858105515152,19:0.5285019984020367,20:0.357655674059858,21:0.01066000124426325,22:0.9952421844392154,23:0.030018728736901035,24:0.9409161780351357,25:0.610609611679516,26:0.3622125423748226,27:0.7059467893179049,28:0.7720659458874011,29:0.8784778514088218,30:0.17178418778661741,31:0.13406574611202682,32:0.6410397863448339,33:0.3731325399481442,34:0.45372731156132695,35:0.29428474046095077,36:0.5101624247215527,37:0.35635415995786324,38:0.36391395767943024,39:0.8996605416414089,40:0.6667190783861885} with alpha 8.0 and beta 60.0, percentage 10.606060606060606
The arm 27 has vector {0:0.5661042218588284,1:0.721317974718899,2:0.3657122660807276,3:0.7545860941436587,4:0.7164420747219103,5:0.8665613961113143,6:0.3017763789119695,7:6.421817594931545E-4,8:0.2148887762923668,9:0.952318727558814,10:0.840631055476187,11:0.2612549176131779,12:0.2592732326692818,13:0.7496472411721001,14:0.4341692817879318,15:0.999490402043327,16:0.4334816019710622,17:0.2755571293409338,18:0.40947237351317634,19:0.8605845242006772,20:0.31668206465774074,21:0.2623467771223994,22:0.6302182308398762,23:0.48280418143147386,24:0.5424296221749816,25:0.01342828083399139,26:0.4179877902251694,27:0.06275391203597558,28:0.8528132041869728,29:0.1370355716505659,30:0.5378540308131607,31:0.7647143946154376,32:0.0719111193941947,33:0.8646457371998216,34:0.6803087852587444,35:0.6844040818868267,36:0.1975543684295269,37:0.9373034971661426,38:0.35938521179326943,39:0.17275057219393675,40:0.7711719903000327} with alpha 6.0 and beta 51.0, percentage 9.090909090909092
The arm 28 has vector {0:0.2018833576415262,1:0.5688626748734131,2:0.6755861849041036,3:0.184050440324403,4:0.7339138597275296,5:0.422281150921896,6:0.8089967577538647,7:0.5321071181083024,8:0.7194292578583327,9:0.29615844124898083,10:0.44058950627209403,11:0.4527836690458312,12:0.4710539899146171,13:0.7080426306705364,14:0.695435305712155,15:0.1665743952475005,16:0.27646300612534924,17:0.9789433890102684,18:0.8174263796157147,19:0.9883976426475347,20:0.10201405204374359,21:0.37050731243830637,22:0.9355750837115866,23:0.1920074179677982,24:0.009113284804005417,25:0.9254133929230617,26:0.8684753514027139,27:0.07485424740747793,28:0.7593109589922564,29:0.6575126296733979,30:0.3409485113792804,31:0.3960791742998112,32:0.7377034327388493,33:0.7973999586034114,34:0.1492017923332284,35:0.6872837499216736,36:0.08237647484117294,37:0.9203703319563666,38:0.6554942926482695,39:0.24101424093721646,40:0.601614270999591} with alpha 22.0 and beta 112.0, percentage 15.909090909090908
The arm 29 has vector {0:0.49688067596229146,1:0.5551301381498213,2:0.6360637788821558,3:0.0206449313536351,4:0.23921151134291752,5:0.6738112981876064,6:0.8420158114179693,7:0.8711341034747322,8:0.05831099255994332,9:0.29099042756805293,10:0.4209093791173819,11:0.6274105419456044,12:0.642466909503521,13:0.9462104611187209,14:0.1428226277693918,15:0.508131167628349,16:0.2195479972198594,17:0.15788359966865462,18:0.5940255242231499,19:0.16323463049931108,20:0.3544106311448404,21:0.31152183598500305,22:0.4330731040718496,23:0.029915560495791804,24:0.2452218428277121,25:0.5944461773723915,26:0.005121449248291721,27:0.4567867405545093,28:0.1305171710761054,29:0.5639175723559503,30:0.8494170127445336,31:0.9856554582028003,32:0.652873347223516,33:0.2655592315983697,34:0.14623028630025736,35:0.9384881389515535,36:0.5943756322327313,37:0.6731575320667417,38:0.11250859598796381,39:0.6373639654897201,40:0.7758774838996273} with alpha 8.0 and beta 61.0, percentage 10.44776119402985
The arm 30 has vector {0:0.6841825523541183,1:0.774495316093144,2:0.5649808515045923,3:0.18926586779668697,4:0.4848679639466259,5:0.02685441457935711,6:0.7324647724198203,7:0.3708998721557488,8:0.40337240507190786,9:0.03279167101048874,10:0.5955586391299409,11:0.3482632792717626,12:0.022565225883799833,13:0.9373723729037688,14:0.5006387733341477,15:0.682075283453858,16:0.06668313502663326,17:0.7143670428197832,18:0.43423363693740447,19:0.7803760492070498,20:0.9007682715962347,21:0.5557872932198353,22:0.7182337418822982,23:0.6812852231040818,24:0.13136308843966438,25:0.14692791367984814,26:0.16379528144977873,27:0.5063751267523364,28:0.32815847145798127,29:0.5239814184628194,30:0.8626437466878724,31:0.010025032172627513,32:0.2067929306547579,33:0.6950367965542095,34:0.2864386546400419,35:0.31136338048347423,36:0.654907228427434,37:0.8520675762559207,38:0.21262873121448866,39:0.9335039261989448,40:0.9680200364324728} with alpha 49.0 and beta 199.0, percentage 19.51219512195122
The arm 31 has vector {0:0.5856014935540406,1:0.800135756512565,2:0.20988673908323774,3:0.7563733479350597,4:0.1054107779980451,5:0.5117751066754088,6:0.844273821007312,7:0.09007069213654018,8:0.6801475715293006,9:0.5904502916342373,10:0.9637199296203972,11:0.8706799872451176,12:0.689648378750462,13:0.5581679935374428,14:0.49620777652724335,15:0.08216312435192241,16:0.14140419380830804,17:0.5038273047696399,18:0.35506802855329156,19:0.814019913270413,20:0.4543880046942381,21:0.7771723751910026,22:0.22866810175929564,23:0.286009133749598,24:0.7460793757705585,25:0.0649397537439399,26:0.1802309634684367,27:0.9373094341857283,28:0.10687576041467017,29:0.27745055365884896,30:0.013686999658190202,31:0.40289585896010705,32:0.2828365468268008,33:0.9625407119868417,34:0.5156175365644464,35:0.8983354381128463,36:0.18885522723534676,37:0.15002098560477117,38:0.7788854325705552,39:0.5502408580649257,40:0.12968638923898257} with alpha 1.0 and beta 25.0, percentage 0.0
The arm 32 has vector {0:0.05179324738212698,1:0.9344732605277739,2:0.5574583237097711,3:0.2756705571754626,4:0.8519634255161972,5:0.4149736234746375,6:0.7531369832656669,7:0.07405941459805454,8:0.3488001056306146,9:0.2202652048594821,10:0.09371493662738384,11:0.5888228109281015,12:0.28810061007907195,13:0.8348428262004683,14:0.7858540897965068,15:0.2904839805279894,16:0.20856389101177308,17:0.6785498301012318,18:0.7034765872098243,19:0.31562970736691753,20:0.42297487324914584,21:0.5710476774808244,22:0.7407096723566372,23:0.03316554732127741,24:0.267547376832473,25:0.8697677263280292,26:0.18505580669875699,27:0.9088420502683208,28:0.6841050555616017,29:0.852696237383719,30:0.4325590620667136,31:0.7721958334447819,32:0.7211644865230915,33:0.23031406571696067,34:0.4567917512452644,35:0.2810624413574875,36:0.4610925145240734,37:0.8349266427441174,38:0.8835850271783692,39:0.42154379349609405,40:0.0833415384171804} with alpha 14.0 and beta 83.0, percentage 13.684210526315791
The arm 33 has vector {0:0.19534870815953154,1:0.3042893925592943,2:0.7100316230441114,3:0.1512778093293281,4:0.40985330203572845,5:0.6719026691117455,6:0.3801061598957054,7:0.36453335816683374,8:0.16766401156607513,9:0.2700748135095389,10:0.6221925832993269,11:0.06326636396141272,12:0.6387621682840076,13:0.7420600288905562,14:0.2255617467194091,15:0.9838592137947507,16:0.43469414021479624,17:0.3869076526075269,18:0.2689437391290157,19:0.02520793227521556,20:0.7999730062814764,21:0.9867507277753377,22:0.011130064752691071,23:0.2257437515646049,24:0.8274118613208142,25:0.886604913527881,26:0.6362402229885628,27:0.5247358360430103,28:0.14611165689914163,29:0.10626114067859171,30:0.9014001189300802,31:0.0019154279811254282,32:0.7225795160471712,33:0.9330017269224959,34:0.06051092446831252,35:0.380308045113098,36:0.11613493110070805,37:0.6932692467230445,38:0.6442768797821448,39:0.05371539041062667,40:0.6662310095155486} with alpha 5.0 and beta 44.0, percentage 8.51063829787234
The arm 34 has vector {0:0.49247496070696306,1:0.17176442365986333,2:0.22926925215741623,3:0.8026611039568641,4:0.99573952418208,5:0.7031101571082256,6:0.33373643304367884,7:0.4179033112315361,8:0.843493392688915,9:0.07929943897989067,10:0.7907182701659213,11:0.9194444134159673,12:0.0943138469589957,13:0.7280596065956775,14:0.8172562064765518,15:0.33559891555228605,16:0.3199966083482907,17:0.9564070543689912,18:0.3287343779368467,19:0.864659014954609,20:0.6966172582674862,21:0.5774644635053886,22:0.27072299232122,23:0.45361569197810425,24:0.8095419895800067,25:0.8971080960009035,26:0.10660512101509856,27:0.4731130112149551,28:0.934011919046592,29:0.49747351149559915,30:0.8373816553375252,31:0.8095153837108181,32:0.25389214222077117,33:0.37857867917293375,34:0.57368348554814,35:0.1766350416240846,36:0.09317641125034248,37:0.02602138876771598,38:0.08399423350752577,39:0.41461096244144224,40:0.6931696546870839} with alpha 10.0 and beta 67.0, percentage 12.0
The arm 35 has vector {0:0.5160078400649142,1:0.07972186002041337,2:0.550185747381149,3:0.4585512073211031,4:0.2593763817671516,5:0.2416775297378153,6:0.5138131256124082,7:0.5154144010558032,8:0.1973879727039124,9:0.09048012442730713,10:0.846500984207504,11:0.6817006428526089,12:0.20152555340991907,13:0.4306915544765684,14:0.8846764437537123,15:0.6641717286164549,16:0.39141192111882994,17:0.0022673406455621103,18:0.6627906475258084,19:0.13644123422657106,20:0.9743270780883433,21:0.14337071143907743,22:0.48688169710803,23:0.24675931359496495,24:0.7357558333815649,25:0.26245317504178955,26:0.8166840370232903,27:0.07097511556661062,28:0.4998756164316357,29:0.7069246959030568,30:0.9424088741215885,31:0.22698314178131662,32:0.3881130945097232,33:0.1317252456381538,34:0.9908241073466137,35:0.05250502050882544,36:0.6182443775823466,37:0.47078454690314087,38:0.48421685670971026,39:0.5334787517120938,40:0.9109811281988778} with alpha 1.0 and beta 23.0, percentage 0.0
The arm 36 has vector {0:0.9139344851577803,1:0.9512678295735308,2:0.7198529970974628,3:0.2722807246521174,4:0.25531908357546895,5:0.19617493848156253,6:0.8899880102973742,7:0.6862278594882416,8:0.8771097526834695,9:0.18570339371910716,10:0.7646489953175887,11:0.9533298485594028,12:0.007696124550500727,13:0.2894925812511081,14:0.6427009811372673,15:0.8419794969207702,16:0.04431062393346341,17:0.23343315786693608,18:0.013782173085318483,19:0.5184783343246494,20:0.3622773421238681,21:0.5428727754903375,22:0.5363032215862921,23:0.6663673302715472,24:0.8954051325825085,25:0.7245839595550359,26:0.24802811165523286,27:0.7992232532499507,28:0.032635661329150634,29:0.4045589596434721,30:0.972064461773254,31:0.3873696132105289,32:0.49904924145060303,33:0.8218828645303807,34:0.1989443704487317,35:0.4236974867721761,36:0.8337641446078172,37:0.4422464414319375,38:0.31591447232604963,39:0.9394164740496181,40:0.04494796913244292} with alpha 35.0 and beta 152.0, percentage 18.37837837837838
The arm 37 has vector {0:0.9529271404625207,1:0.10374975929690367,2:0.8860161520033163,3:0.5133646429205481,4:0.806334747958624,5:0.37837684892843004,6:0.6089093339260029,7:0.9933469089363972,8:0.5596110979490007,9:0.19495989777605993,10:0.17013737031828402,11:0.06364596262157562,12:0.9539398001725826,13:0.8020571918733994,14:0.8005391363882538,15:0.11775348612775849,16:0.0995420045092884,17:0.1701892928644092,18:0.05851918622219221,19:0.8646114312729777,20:0.2160977732939312,21:0.44223563409604705,22:0.930413906039158,23:0.2626725599206867,24:0.9287465919516809,25:0.5861152399856179,26:0.031575167013607075,27:0.17396593148730433,28:0.800037023489031,29:0.17789421058060828,30:0.9739285274444204,31:0.4115218961150521,32:0.08872874563072397,33:0.08452101091308561,34:0.6281266451425288,35:0.579484585386954,36:0.75124556803823,37:0.8040031714551852,38:0.5516990352721086,39:0.22709668005439299,40:0.11207324559698573} with alpha 54.0 and beta 204.0, percentage 20.703125
The arm 38 has vector {0:0.10479041224256969,1:0.11682946299857166,2:0.728044140231881,3:0.35737035306725295,4:0.5125234891980234,5:0.25704580085395246,6:0.6836830671556724,7:0.2838877548915457,8:0.5642731153609294,9:0.6707195290918835,10:0.6254971852877811,11:0.36862686754442364,12:0.4921427536579449,13:0.7033793489709321,14:0.2498732457461288,15:0.6588819023429027,16:0.8116354949619973,17:0.8903405078770555,18:0.23946532658070818,19:0.9064674499282898,20:0.7084793153218407,21:0.24441500479285116,22:0.7231493948123989,23:0.5427247611165628,24:0.3990692726240518,25:0.8373907792778262,26:0.2605612163754898,27:0.10954561898961757,28:0.7220526772716923,29:0.6388364828161525,30:0.7606393308637845,31:0.38935061030403784,32:0.5893707084825984,33:0.6509955723458565,34:0.7206205649049674,35:0.4177317152597759,36:0.06622853455347721,37:0.3561604444200852,38:0.07723542921869508,39:0.11712045975841667,40:0.4818930990100544} with alpha 11.0 and beta 61.0, percentage 14.285714285714285
The arm 39 has vector {0:0.8210608852086354,1:0.5648538052595995,2:0.7587893336633729,3:0.16148330107794107,4:0.6584137883517583,5:0.615566242433894,6:0.8489056134395256,7:0.3041153898906698,8:0.7918823607456137,9:0.8826114624403502,10:0.7069084765927403,11:0.8138191037287827,12:0.161561009455356,13:0.24914707103650813,14:0.8564393442753123,15:0.5547800930844704,16:0.9375787823618137,17:0.304643866946682,18:0.19096366060095238,19:0.06568093018031473,20:0.5380466182379309,21:0.4088859069299614,22:0.04312733141496494,23:0.1501326215081107,24:0.9897763905038863,25:0.7639190195372288,26:0.3035689484979348,27:0.8664970102314956,28:0.7638831025194529,29:0.4611169790272299,30:0.429100911145221,31:0.966172269058909,32:0.22212965567651177,33:0.15311927882785015,34:0.2963467034226691,35:0.4645832057921574,36:0.060936461949445464,37:0.7944866353291328,38:0.1497933762158301,39:0.8797273698742326,40:0.39715958936860307} with alpha 1.0 and beta 24.0, percentage 0.0
The arm 40 has vector {0:0.6560788473794988,1:0.7638915807267048,2:0.3196729690949406,3:0.29764023145726437,4:0.6701641431932663,5:0.32231401045170616,6:0.9996827472206843,7:0.8411777824403959,8:0.8473530450936066,9:0.2957282113165929,10:0.7638602024789108,11:0.4650392474697733,12:0.8536807041276877,13:0.6585661742398691,14:0.9648367976027308,15:0.08696622777225194,16:0.41317324547263234,17:0.6358479661937037,18:0.7813133685943218,19:0.12017123054963119,20:0.5920449130394763,21:0.6048041980515745,22:0.653885094994709,23:0.9075429004654954,24:0.805739804052673,25:0.4251224703022074,26:0.39441465804476283,27:0.3708688257601439,28:0.2757205733074991,29:0.11200751227769812,30:0.6111321240728048,31:0.3567137769336646,32:0.34183960591031104,33:0.6229266316538526,34:0.13245440100634465,35:0.9832394992238759,36:0.458430618292867,37:0.32909786160350574,38:0.6105267480549578,39:0.9600942462605079,40:0.22907917799049515} with alpha 56.0 and beta 228.0, percentage 19.50354609929078
The arm 41 has vector {0:0.20937528497852542,1:0.6057975507087303,2:0.22698249291387462,3:0.7899774970744132,4:0.2834389711358578,5:0.8798425198662407,6:0.6200179359336625,7:0.6021803666695399,8:0.10923775640167943,9:0.9792101411636653,10:0.166723730552767,11:0.1432805592003974,12:0.6205015098800383,13:0.18207279491677952,14:0.7904487216755827,15:0.8173194544904743,16:0.7545876786804246,17:0.7609243710643506,18:0.9654275550916354,19:0.48754096976812755,20:0.0494360133259365,21:0.4051073854078333,22:0.009291442661298221,23:0.9346182105905888,24:0.5333618859945738,25:0.5381536297186783,26:0.4954633634730554,27:0.9293721044621759,28:0.9263464464858671,29:0.9185640270311721,30:0.5602090170323195,31:0.3324319733810809,32:0.7024640879465981,33:0.34297388267728846,34:0.12117333143899034,35:0.3216298947575572,36:0.891800695000807,37:0.29071803582103173,38:0.6961801115557962,39:0.5748168661507753,40:0.5412224272625421} with alpha 7.0 and beta 48.0, percentage 11.320754716981133
The arm 42 has vector {0:0.10519368611754498,1:0.9800611777640009,2:0.07382357079061974,3:0.1330649529215988,4:0.5211151108819284,5:0.07807124288991674,6:0.27514915401510454,7:0.08297743934523172,8:0.4018993237309705,9:0.8647525322323628,10:0.817833326379519,11:0.870083201786232,12:0.2566050204135887,13:0.06435861368578244,14:0.5316576849437005,15:0.6601402742490435,16:0.03122337713653134,17:0.6693844232831273,18:0.34924162733447794,19:0.5002453278690306,20:0.15477548956947695,21:0.1756867584885412,22:0.8474264932829173,23:0.9498988955411704,24:0.6697779113445549,25:0.6435927285349551,26:0.29491963322169645,27:0.18123410086381697,28:0.9037542837600738,29:0.816790629305819,30:0.40670223715680676,31:0.8334045785220546,32:0.6149294767746265,33:0.34753597183895,34:0.452652734064546,35:0.46901833259848336,36:0.2754400064899918,37:0.989086588469677,38:0.7880227214427249,39:0.48527322048441734,40:0.4955507415039391} with alpha 30.0 and beta 139.0, percentage 17.365269461077844
The arm 43 has vector {0:0.5802484273021157,1:0.7454527679390417,2:0.06741416225286345,3:0.5729590408606703,4:0.16785533650756723,5:0.4166832610848362,6:0.7989372875074591,7:0.8908005994752809,8:0.6191346526071986,9:0.6690865002780674,10:0.34421366009455723,11:0.14387454106451902,12:0.6618519247903957,13:0.6929307793968849,14:0.8277260682569716,15:0.10348570085100417,16:0.1939406048114155,17:0.3740667430901259,18:0.5263540089837241,19:0.02324207849617488,20:0.3282273904152131,21:0.6608158240732547,22:0.64147767203667,23:0.6585477656700771,24:0.5469221220635987,25:0.07120291857698124,26:0.7586567814268524,27:0.4113575371906263,28:0.8342354824181586,29:0.3881335827635478,30:0.11035150298255003,31:0.6032611914465698,32:0.2505717159620122,33:0.649292655500031,34:0.9153588228502123,35:0.29408524713486783,36:0.4134894259888774,37:0.3233063508032259,38:0.350592613215561,39:0.39691108312486834,40:0.35381789961992094} with alpha 113.0 and beta 403.0, percentage 21.78988326848249
The arm 44 has vector {0:0.7712757546579477,1:0.45334801779783085,2:0.6302255908180281,3:0.6149392343824417,4:0.4524789867320106,5:0.6448835594484137,6:0.9015040306344234,7:0.4839966087371419,8:0.5325191005778881,9:0.9929413682916827,10:0.9121635666004062,11:0.3187607364847964,12:0.629781881072572,13:0.06492054594268415,14:0.31552246814761187,15:0.092021967549058,16:0.4664136773487336,17:0.681784769089412,18:0.48973360681297395,19:0.5281056379392803,20:0.12927084011090662,21:0.21662756898804114,22:0.9018756329810929,23:0.43213401022660214,24:0.17145088582799817,25:0.018520159354004084,26:0.3564710534811104,27:0.5907330895936687,28:0.4706267139857684,29:0.6799784138139853,30:0.08782999664451507,31:0.881727891036415,32:0.03508190253470833,33:0.48412207888880654,34:0.1989163976359426,35:0.6334932167263997,36:0.9868465790435842,37:0.7756446977360881,38:0.26726245882182187,39:0.5858022286092197,40:0.6298178358851994} with alpha 4.0 and beta 31.0, percentage 9.090909090909092
The arm 45 has vector {0:0.2098365356731432,1:0.3043223937221501,2:0.17852519858298554,3:0.33677173352999157,4:0.09919008161377263,5:0.014497179358606505,6:0.29525050431679756,7:0.8903383578074852,8:0.7547303195174772,9:0.9260298761432963,10:0.18144420792584592,11:0.143461648083679,12:0.4575485095270433,13:0.31952763445442545,14:0.3843601618704581,15:0.18848784010739106,16:0.2261609814298322,17:0.9664403116564848,18:0.3344595086949238,19:0.8531879894602711,20:0.25325848281560503,21:0.3746933040183521,22:0.3537184509944904,23:0.846232980711741,24:0.6532499033210685,25:0.4316689122525057,26:0.8766107138153076,27:0.043331531192773776,28:0.7284512596072756,29:0.7921706615231787,30:0.39067842401100794,31:0.566380048226715,32:0.07109043890308253,33:0.30053520116458066,34:0.001601909767843579,35:0.3699151150703587,36:0.20387110512053086,37:0.5561250916293211,38:0.08482742254166498,39:0.34993477377264903,40:0.17429421448119375} with alpha 65.0 and beta 250.0, percentage 20.447284345047922
The arm 46 has vector {0:0.4838620070519015,1:0.6464175551465757,2:0.6437125132595679,3:0.8886696760646546,4:0.9576869787103856,5:0.7740021631180958,6:0.8584210547426059,7:0.31303193301944565,8:0.16939793972812578,9:0.2960875887319354,10:0.2415967192061348,11:0.7224970835505509,12:0.9929374973583117,13:0.3224970554552079,14:0.8380638943732598,15:0.6122675444633303,16:0.6551606549015792,17:0.846807941328242,18:0.1994247526086188,19:0.017890816377865715,20:0.9956555377108854,21:0.5445647243246216,22:0.26273356213401344,23:0.14510523998490865,24:0.6607511766380685,25:0.741490175166297,26:0.2954157506712165,27:0.9306714315033102,28:0.9155427612405007,29:0.9351851565459278,30:0.011184079774280375,31:0.6822231398132639,32:0.7060900063553409,33:0.39963868955087123,34:0.017386363987756948,35:0.6951989196449118,36:0.07735024116126987,37:0.5440746907187003,38:0.1904592851654946,39:0.7926557307052531,40:0.4807829191477826} with alpha 20.0 and beta 103.0, percentage 15.702479338842975
The arm 47 has vector {0:0.37909946592234356,1:0.3481558100833718,2:0.5317173376003992,3:0.02876790620530756,4:0.23662476563183332,5:0.7373579928887459,6:0.9224068123422848,7:0.02971197222767774,8:0.9243705987889966,9:0.7279613506772156,10:0.6228014044601196,11:0.4594447958690412,12:0.08723597033158548,13:0.5481112518086533,14:0.8254271956714054,15:0.8107293798589779,16:0.30621938010545646,17:0.18477185365120619,18:0.8777080942895492,19:0.8420908609717925,20:0.9101304737189627,21:0.38716121361097,22:0.3547023994490419,23:0.06574507144929387,24:0.03133480624801355,25:0.12991770434533945,26:0.8033676375388943,27:0.7213762178731031,28:0.7169841648591612,29:0.7270569891201851,30:0.5612295993560419,31:0.8852090617100062,32:0.7074882041344474,33:0.17018887809049033,34:0.6552928500272867,35:0.37145082971890153,36:0.5853737917952554,37:0.03300577932155302,38:0.9940217716814784,39:0.41927059867445327,40:0.6319864789921602} with alpha 2.0 and beta 30.0, percentage 3.3333333333333335
The arm 48 has vector {0:0.7692823186511024,1:0.7178822962284112,2:0.7268615933085822,3:0.19413939614529863,4:0.9892497014967292,5:0.3938540620620329,6:0.2508944801066433,7:0.8418315194509582,8:0.9773694654806006,9:0.10521531528258865,10:0.3888617730564147,11:0.16663571860791926,12:0.029024257612584092,13:0.05319695814473502,14:0.40725696041029935,15:0.46298668816687216,16:0.42744239593476996,17:0.38916913747843995,18:0.49346485691567243,19:0.5056120561588144,20:0.6821564400910045,21:0.019863175171117686,22:0.548453751675024,23:0.25379322483801425,24:0.18526990381535513,25:0.20001008787451136,26:0.897178254261008,27:0.789736232974369,28:0.7058370105391171,29:0.7024226221890155,30:0.8079872930423576,31:0.8961275003627315,32:0.27352717213066946,33:0.895723648518393,34:0.7803471347790363,35:0.9043032505934819,36:0.5075950127066936,37:0.7250641170987958,38:0.15631179228930414,39:0.5092177087442711,40:0.1682776908949617} with alpha 4.0 and beta 38.0, percentage 7.5
The arm 49 has vector {0:0.9822174630604562,1:0.4740690187550419,2:0.19096187229209638,3:0.3437205447995617,4:0.42740624202829947,5:0.7826768806960028,6:0.061223677668929666,7:0.7178962077298415,8:0.04434764700045535,9:0.9353616585590192,10:0.4450561628551142,11:0.116495599313441,12:0.7540126552122881,13:0.0712419023417371,14:0.7693320266232495,15:0.4069626052820805,16:0.5911674887382994,17:0.7361812748377469,18:0.7707427765376011,19:0.4394917975288266,20:0.9407139582073313,21:0.645324613704209,22:0.7277177617140763,23:0.04827447181601685,24:0.5717083373358876,25:0.7889881570674786,26:0.127251526715895,27:0.5253112748635984,28:0.6486893847576554,29:0.986380924784144,30:0.7493653471562427,31:0.9238391774470416,32:0.4277526789506111,33:0.38447544036760983,34:0.697160915006257,35:0.2880756780909216,36:0.3251318371661257,37:0.6603200797792528,38:0.8012148660550884,39:0.9864996077973371,40:0.9014750893860649} with alpha 1.0 and beta 20.0, percentage 0.0
The best arm is 43 with vector {0:0.5802484273021157,1:0.7454527679390417,2:0.06741416225286345,3:0.5729590408606703,4:0.16785533650756723,5:0.4166832610848362,6:0.7989372875074591,7:0.8908005994752809,8:0.6191346526071986,9:0.6690865002780674,10:0.34421366009455723,11:0.14387454106451902,12:0.6618519247903957,13:0.6929307793968849,14:0.8277260682569716,15:0.10348570085100417,16:0.1939406048114155,17:0.3740667430901259,18:0.5263540089837241,19:0.02324207849617488,20:0.3282273904152131,21:0.6608158240732547,22:0.64147767203667,23:0.6585477656700771,24:0.5469221220635987,25:0.07120291857698124,26:0.7586567814268524,27:0.4113575371906263,28:0.8342354824181586,29:0.3881335827635478,30:0.11035150298255003,31:0.6032611914465698,32:0.2505717159620122,33:0.649292655500031,34:0.9153588228502123,35:0.29408524713486783,36:0.4134894259888774,37:0.3233063508032259,38:0.350592613215561,39:0.39691108312486834,40:0.35381789961992094} with alpha 113.0 and beta 403.0, percentage 21.78988326848249
The right guesses are: 1020 which means 17.0% correct
Done
The current arm is 43 with vector {0:0.5802484273021157,1:0.7454527679390417,2:0.06741416225286345,3:0.5729590408606703,4:0.16785533650756723,5:0.4166832610848362,6:0.7989372875074591,7:0.8908005994752809,8:0.6191346526071986,9:0.6690865002780674,10:0.34421366009455723,11:0.14387454106451902,12:0.6618519247903957,13:0.6929307793968849,14:0.8277260682569716,15:0.10348570085100417,16:0.1939406048114155,17:0.3740667430901259,18:0.5263540089837241,19:0.02324207849617488,20:0.3282273904152131,21:0.6608158240732547,22:0.64147767203667,23:0.6585477656700771,24:0.5469221220635987,25:0.07120291857698124,26:0.7586567814268524,27:0.4113575371906263,28:0.8342354824181586,29:0.3881335827635478,30:0.11035150298255003,31:0.6032611914465698,32:0.2505717159620122,33:0.649292655500031,34:0.9153588228502123,35:0.29408524713486783,36:0.4134894259888774,37:0.3233063508032259,38:0.350592613215561,39:0.39691108312486834,40:0.35381789961992094} with alpha 123.0 and beta 541.0
The order information:
Date: 2012-05-09T17:07:05.000+02:00
It predicted these items for order 1778911 :
   31560 with score of 2.4413596145351653
   752 with score of 1.687836824564828
   748 with score of 1.3192043585770574
   27900 with score of 1.3125002669837702
   23467 with score of 1.225661351367978
   1693 with score of 1.1647870248945191
   13688 with score of 1.1647870248945191
   21769 with score of 1.1647870248945191
   25013 with score of 1.1647870248945191
   31278 with score of 1.1647870248945191
These are the actual items bought: 
   11832
   30233
The current arm is 43 with vector {0:0.5802484273021157,1:0.7454527679390417,2:0.06741416225286345,3:0.5729590408606703,4:0.16785533650756723,5:0.4166832610848362,6:0.7989372875074591,7:0.8908005994752809,8:0.6191346526071986,9:0.6690865002780674,10:0.34421366009455723,11:0.14387454106451902,12:0.6618519247903957,13:0.6929307793968849,14:0.8277260682569716,15:0.10348570085100417,16:0.1939406048114155,17:0.3740667430901259,18:0.5263540089837241,19:0.02324207849617488,20:0.3282273904152131,21:0.6608158240732547,22:0.64147767203667,23:0.6585477656700771,24:0.54