Items: 31014,2,2012-03-22 09:35:15.730000000,2013-01-31 22:08:19.360000000,0,0000000000000000000000000000000000000000000000000000000000000000000000000000000000000000000010000000000000000000000000000000000000000000000000000000000000000000000000000000000000000000000000000000000000000000000000000000000000000000000000000000000000000000
Items: 16065,3,2010-10-12 09:05:28.623000000,2011-10-19 12:41:59.293000000,0,0000000000000000000000000000000000000000000000000000000000000000000000000000000000000000000100000000000000000000000000000000000000000000000000000000000000000000000000000000000000000000000000000000000000000000000000000000000000000000000000000000000000000000
Items: 2897,1,2010-07-28 15:55:07.423000000,2013-07-15 05:02:15.650000000,0,0000000000000000000000000000000000000000000000000000000000000000000000000000000000000000000100000000000000000000000000000000000000000000000000000000000000000000000000000000000000000000000000000000000000000000000000000000000000000000000000000000000000000000
Users: 46671,2009-07-31 17:52:05.423000000,45238,,0
Users: 117404,2012-02-11 18:20:17.737000000,30295,1989-02-13 00:00:00,1
Users: 185087,2009-07-31 19:48:45.310000000,54234,1986-06-04 00:00:00,1
Users: 242612,2011-12-03 21:34:16.640000000,90627,1990-07-23 00:00:00,2
Users: 294436,2011-03-16 09:05:23.647000000,72233,1994-04-25 00:00:00,1
Users: 345704,2011-11-11 20:55:14.437000000,68600,1994-06-05 00:00:00,2
Users: 399809,2012-09-17 14:43:42.033000000,44491,1997-12-12 00:00:00,1
Users: 455390,2012-12-20 16:02:28.573000000,3274,1978-06-02 00:00:00,2
Users: 525182,2013-07-28 12:33:53.590000000,53372,1990-06-17 00:00:00,0
Orders: 35022,1033356,1457,2009-10-18 21:46:53.347000000
Orders: 214698,1082559,614,2010-01-24 20:16:55.153000000
Orders: 226305,1122161,1501,2010-03-20 16:23:03.950000000
Orders: 46541,1167569,11120,2010-05-26 12:55:02.417000000
Orders: 75824,1208142,11119,2010-07-27 23:14:48.377000000
Orders: 13287,1248778,12826,2010-09-21 21:56:27.157000000
Orders: 272654,1296031,653,2010-12-01 18:41:36.730000000
Orders: 285359,1344258,18628,2011-01-28 14:59:09.743000000
Orders: 157456,1388262,18371,2011-03-17 11:46:02.120000000
Orders: 307265,1432210,758,2011-04-29 21:28:48.340000000
Orders: 271030,1473349,21803,2011-06-14 15:24:35.467000000
Orders: 275827,1511037,21829,2011-07-28 21:58:50.970000000
Orders: 62527,1550712,24845,2011-09-10 18:44:47.023000000
Orders: 293365,1597283,27523,2011-11-12 08:21:31.203000000
Orders: 158173,1649466,24361,2011-12-28 14:06:54.430000000
Orders: 371623,1691322,28947,2012-01-31 15:54:20.570000000
Orders: 151193,1739094,2144,2012-03-22 17:02:48.527000000
Orders: 71320,1784958,7874,2012-05-16 17:00:59.817000000
Orders: 287161,1827735,20480,2012-06-29 22:23:24.193000000
Orders: 271514,1866722,31203,2012-08-11 21:38:56.863000000
Orders: 428803,1915657,35460,2012-10-09 20:15:44.210000000
Orders: 444954,1966435,29677,2012-12-01 22:51:49.073000000
Orders: 460415,2018674,31695,2013-01-07 22:20:30.543000000
Orders: 381441,2066329,35170,2013-02-19 22:08:16.833000000
Orders: 485606,2112774,39306,2013-03-26 15:04:37.277000000
Orders: 423890,2161061,11304,2013-05-03 09:35:38.190000000
Orders: 314770,2207605,26096,2013-06-05 19:04:54.837000000
Orders: 287308,2249841,40450,2013-07-13 20:23:09.463000000
Orders: 255027,2289235,33612,2013-08-13 17:15:05.073000000
Orders: 466261,2331294,43871,2013-09-15 21:02:00.180000000
Orders: 446724,2379393,448,2013-11-01 19:20:53.627000000
The current arm is 11 with vector {0:0.9788419817997646,1:0.6230469035686735,2:0.3703441151890391,3:0.18461838234547012,4:0.84114544240445,5:0.6649505986714519,6:0.8518342947605636,7:0.9907466488497243,8:0.8839146613038394,9:0.6473182459649984,10:0.3854839064664679,11:0.6708257626400497,12:0.3314465432672664,13:0.9470765531689866,14:0.28799956108847435,15:0.5398088651340546,16:0.3877314289257652,17:0.30195758812181017,18:0.991456227588332,19:0.6005199672793244,20:0.08651552901470672,21:0.5004793847161213,22:0.9020654018222163,23:0.9960643453130283,24:0.02353181476137889,25:0.05641736670914299,26:0.18974924080827826,27:0.4725586650480814,28:0.867144431965682,29:0.8481765555476483,30:0.9038360067973483,31:0.8337951629949479,32:0.0021434322372406722,33:0.20786352763893168,34:0.120284117142056,35:0.650308957694058,36:0.6680874484014275,37:0.27455964645263076,38:0.8169351821339502,39:0.7251802700052397,40:0.04245701264336477} with alpha 1.0 and beta 1.0
The order information:
Date: 2013-03-25T13:11:33.000+01:00
It predicted these items for order 2111070 :
   23467 with score of 3.6625683678145027
   23588 with score of 2.9460091119660574
   30800 with score of 2.7412778960093585
   33359 with score of 2.7412778960093585
   34887 with score of 2.719057317431703
   39805 with score of 2.689669238832365
   572 with score of 2.638912288031009
   30784 with score of 2.638912288031009
   34822 with score of 2.638912288031009
   38193 with score of 2.638912288031009
These are the actual items bought: 
   34823
   14518
The current arm is 0 with vector {0:0.8705443044261705,1:0.943178974286744,2:0.46622465499670274,3:0.6341472269602663,4:0.3410172835135985,5:0.7643872702646937,6:0.4415996559234979,7:0.16453362957888062,8:0.49160659472587553,9:0.5689002220073591,10:0.16030917975601267,11:0.6081121541987479,12:0.4300413733706532,13:0.6996315831440322,14:0.9951225018916479,15:0.5537934268921707,16:0.6520716273174963,17:0.5578212344714063,18:0.9576093882815084,19:0.12337655003289105,20:0.31812975547080924,21:0.028790060660933703,22:0.11432767936793342,23:0.8849192906367193,24:0.28334513470679834,25:0.7103302582575451,26:0.12340767592997759,27:0.8664700163098886,28:0.6349991659971398,29:0.10001658134875091,30:0.5711807669536481,31:0.7886994829276482,32:0.27805308740928647,33:0.16720532138571587,34:0.3016467144958783,35:0.033954789484284764,36:0.828379087425734,37:0.9446820692047542,38:0.8316262159740753,39:0.796650543673479,40:0.5146194994813309} with alpha 3.0 and beta 20.0
The order information:
Date: 2013-03-25T21:55:01.000+01:00
It predicted these items for order 2112076 :
   20543 with score of 2.6468314358012366
   3763 with score of 2.6284637604829832
   39035 with score of 2.6284637604829832
   23467 with score of 2.341636048492891
   32289 with score of 2.3232683731746366
   7330 with score of 2.3058141522876383
   1271 with score of 2.287446476969385
   19606 with score of 2.287446476969385
   22995 with score of 2.287446476969385
   29666 with score of 2.287446476969385
These are the actual items bought: 
   39310
   34266
The current arm is 0 with vector {0:0.8705443044261705,1:0.943178974286744,2:0.46622465499670274,3:0.6341472269602663,4:0.3410172835135985,5:0.7643872702646937,6:0.4415996559234979,7:0.16453362957888062,8:0.49160659472587553,9:0.5689002220073591,10:0.16030917975601267,11:0.6081121541987479,12:0.4300413733706532,13:0.6996315831440322,14:0.9951225018916479,15:0.5537934268921707,16:0.6520716273174963,17:0.5578212344714063,18:0.9576093882815084,19:0.12337655003289105,20:0.31812975547080924,21:0.028790060660933703,22:0.11432767936793342,23:0.8849192906367193,24:0.28334513470679834,25:0.7103302582575451,26:0.12340767592997759,27:0.8664700163098886,28:0.6349991659971398,29:0.10001658134875091,30:0.5711807669536481,31:0.7886994829276482,32:0.27805308740928647,33:0.16720532138571587,34:0.3016467144958783,35:0.033954789484284764,36:0.828379087425734,37:0.9446820692047542,38:0.8316262159740753,39:0.796650543673479,40:0.5146194994813309} with alpha 10.0 and beta 60.0
The order information:
Date: 2013-03-26T19:07:34.000+01:00
It predicted these items for order 2113092 :
   27717 with score of 2.6238718416534197
   36540 with score of 2.6238718416534197
   32289 with score of 2.3691875614702713
   23467 with score of 2.31408453551551
   572 with score of 2.3003087790268193
   38253 with score of 2.2966303146285116
   16474 with score of 2.2828545581398214
   23131 with score of 2.2828545581398214
   37864 with score of 2.2828545581398214
   38881 with score of 2.2828545581398214
These are the actual items bought: 
   38881
The current arm is 0 with vector {0:0.8705443044261705,1:0.943178974286744,2:0.46622465499670274,3:0.6341472269602663,4:0.3410172835135985,5:0.7643872702646937,6:0.4415996559234979,7:0.16453362957888062,8:0.49160659472587553,9:0.5689002220073591,10:0.16030917975601267,11:0.6081121541987479,12:0.4300413733706532,13:0.6996315831440322,14:0.9951225018916479,15:0.5537934268921707,16:0.6520716273174963,17:0.5578212344714063,18:0.9576093882815084,19:0.12337655003289105,20:0.31812975547080924,21:0.028790060660933703,22:0.11432767936793342,23:0.8849192906367193,24:0.28334513470679834,25:0.7103302582575451,26:0.12340767592997759,27:0.8664700163098886,28:0.6349991659971398,29:0.10001658134875091,30:0.5711807669536481,31:0.7886994829276482,32:0.27805308740928647,33:0.16720532138571587,34:0.3016467144958783,35:0.033954789484284764,36:0.828379087425734,37:0.9446820692047542,38:0.8316262159740753,39:0.796650543673479,40:0.5146194994813309} with alpha 14.0 and beta 89.0
The order information:
Date: 2013-03-27T13:41:41.000+01:00
It predicted these items for order 2114103 :
   19948 with score of 2.297491299409055
   37384 with score of 2.297491299409055
   2680 with score of 2.2785496342371054
   10185 with score of 2.2785496342371054
   10452 with score of 2.2785496342371054
   23998 with score of 2.2785496342371054
   28037 with score of 2.2785496342371054
   30901 with score of 2.2785496342371054
   35858 with score of 2.2785496342371054
   36926 with score of 2.2785496342371054
These are the actual items bought: 
   40384
The arm 0 has vector {0:0.8705443044261705,1:0.943178974286744,2:0.46622465499670274,3:0.6341472269602663,4:0.3410172835135985,5:0.7643872702646937,6:0.4415996559234979,7:0.16453362957888062,8:0.49160659472587553,9:0.5689002220073591,10:0.16030917975601267,11:0.6081121541987479,12:0.4300413733706532,13:0.6996315831440322,14:0.9951225018916479,15:0.5537934268921707,16:0.6520716273174963,17:0.5578212344714063,18:0.9576093882815084,19:0.12337655003289105,20:0.31812975547080924,21:0.028790060660933703,22:0.11432767936793342,23:0.8849192906367193,24:0.28334513470679834,25:0.7103302582575451,26:0.12340767592997759,27:0.8664700163098886,28:0.6349991659971398,29:0.10001658134875091,30:0.5711807669536481,31:0.7886994829276482,32:0.27805308740928647,33:0.16720532138571587,34:0.3016467144958783,35:0.033954789484284764,36:0.828379087425734,37:0.9446820692047542,38:0.8316262159740753,39:0.796650543673479,40:0.5146194994813309} with alpha 18.0 and beta 119.0, percentage 14.40677966101695
The arm 1 has vector {0:0.9208107334694992,1:0.4805160607636847,2:0.7560523070013052,3:0.6260621003998507,4:0.49346919510557896,5:0.23967286653371322,6:0.06575137601586223,7:0.07956829550197919,8:0.6994150357512713,9:0.7040042142132077,10:0.7723201232502155,11:0.606475597901277,12:0.9977490754231891,13:0.22051470942404094,14:0.03368807573693078,15:0.5803951669547083,16:0.7843622188458902,17:0.7219777258111622,18:0.018841836927508626,19:0.19002753063028388,20:0.6919346870930825,21:0.22949188052692515,22:0.7086074346261282,23:0.42098980706394695,24:0.7091242258702152,25:0.8387153941471205,26:0.27006980240860723,27:0.4751999715748704,28:0.07347859256623901,29:0.8869773633605292,30:0.24233974315612894,31:0.9135701945267392,32:0.6780609101100664,33:0.9222425634399503,34:0.8963073069393915,35:0.5785637739510252,36:0.7635010238298612,37:0.14065434466919546,38:0.5822436993770155,39:0.6543569164356192,40:0.2830228361325098} with alpha 9.0 and beta 78.0, percentage 10.38961038961039
The arm 2 has vector {0:0.07897288490538068,1:0.010442993332555162,2:0.6351425908424442,3:0.8709866754968781,4:0.4571259433345417,5:0.8348705592275422,6:0.4505299428549414,7:0.17180037262491665,8:0.5155759139878027,9:0.05025487228291359,10:0.14600551120884608,11:0.6433919327889374,12:0.5201797695254995,13:0.9928521966501491,14:0.4477971191887202,15:0.419660336750177,16:0.8451040685462609,17:0.5437503646887953,18:0.9722113795671741,19:0.6687577592609466,20:0.4948025679192246,21:0.3244072956406854,22:0.6630713362615704,23:0.3709581069468878,24:0.21088706931791967,25:0.1982220701970443,26:0.506987822543449,27:0.9411606865795882,28:0.1714885583700787,29:0.8147045432522768,30:0.7934477052568684,31:0.1494343627424729,32:0.8298661297586415,33:0.6174858498500554,34:0.8415728598812139,35:0.6196254042970839,36:0.824934928081495,37:0.26314977257908767,38:0.6729227082203285,39:0.7920856587433582,40:0.3443367477149536} with alpha 17.0 and beta 114.0, percentage 14.15929203539823
The arm 3 has vector {0:0.41219070573842276,1:0.10697082328908114,2:0.842663696566914,3:0.0013378924410740733,4:0.3937537127257218,5:0.5198171577668836,6:0.9380647066141468,7:0.8396350210821878,8:0.04122669506017007,9:0.5833586981684055,10:0.11608022509149007,11:0.025784806521021775,12:0.746877882347101,13:0.8212097739635484,14:0.6711706036762438,15:0.8782906587544427,16:0.9654093382895905,17:0.8371161679455076,18:0.040812717791839814,19:0.5725469214887251,20:0.008839946295571721,21:0.804563533600993,22:0.5801257177142516,23:0.8033531726773652,24:0.5144703894262552,25:0.6661732337459635,26:0.32282216151159826,27:0.5798578489871508,28:0.15680981563462482,29:0.28937430833794564,30:0.7137641419748552,31:0.38102342655993526,32:0.2760484223889408,33:0.761366803736652,34:0.8624142651328264,35:0.11905713408409835,36:0.5474405704380509,37:0.06109905575820618,38:0.3455379636650753,39:0.11084901828153493,40:0.6942419767963898} with alpha 8.0 and beta 71.0, percentage 10.0
The arm 4 has vector {0:0.11577597435305065,1:0.02350289517303905,2:0.07160659912090894,3:0.8399595943079117,4:0.6137801917780473,5:0.6543165144640454,6:0.4119005624511983,7:0.8623851676607921,8:0.9201612306732945,9:0.8142152052212519,10:0.855968464322106,11:0.719454433112985,12:0.35377271412929634,13:0.3966963588535326,14:0.4335960421545779,15:0.6951263436049105,16:0.6160873775762679,17:0.26503639961068437,18:0.8549734175773462,19:0.5410134434237445,20:0.15668263320355724,21:0.9626261172560044,22:0.9532538583529166,23:0.477054050760365,24:0.4409018425869692,25:0.856218568269989,26:0.968493942945904,27:0.7685022288561976,28:0.5026171144848871,29:0.4775013484679844,30:0.5330107658501351,31:0.9838510592346417,32:0.6670380250404843,33:0.5438584502836976,34:0.25798356371977327,35:0.20560472551644493,36:0.12898299311912842,37:0.5376852052803811,38:0.8727068207518608,39:0.34337672479673587,40:0.5516555059907937} with alpha 1.0 and beta 25.0, percentage 0.0
The arm 5 has vector {0:0.8616568430004181,1:0.8355547546779183,2:0.08824229301947728,3:0.22275594342499472,4:0.7534096375384728,5:0.95102478179321,6:0.2510238422731146,7:0.08276063847896808,8:0.8068649301795431,9:0.8697453381381687,10:0.49686716561116306,11:0.35103683455960666,12:0.8750374001414838,13:0.8932144222013587,14:0.5367578653006373,15:0.7084908935471484,16:0.3514360667725871,17:0.3587734256602624,18:0.5606505236319159,19:0.37122161090062955,20:0.758560702895237,21:0.5442183154648584,22:0.5946510007368158,23:0.9730743476106134,24:0.5569754023150816,25:0.6970559097727513,26:0.8453493998951735,27:0.14854241934375034,28:0.9872282695896869,29:0.4795389207288485,30:0.40380869117043383,31:0.9575331654994821,32:0.40499915566238154,33:0.9744781618273826,34:0.08022337580240879,35:0.8691004335999728,36:0.07086917652535707,37:0.5333233777732436,38:0.48731461416930044,39:0.08299774484290989,40:0.9395475743341809} with alpha 10.0 and beta 83.0, percentage 10.975609756097562
The arm 6 has vector {0:0.20418143372060937,1:0.03077836105909093,2:0.32730871097186953,3:0.3268189588436933,4:0.4858972329200806,5:0.011028781705227031,6:0.086524765308166,7:0.9004558138547891,8:0.7366303593698921,9:0.7724515959383615,10:0.7033240397296853,11:0.5271003199743193,12:0.6885842846181104,13:0.2929620865105126,14:0.5747844465368666,15:0.21683056174738935,16:0.561011331567382,17:0.9778151054450673,18:0.392161080539992,19:0.4297719489186521,20:0.8582948060174267,21:0.875197347563947,22:0.2627255576866534,23:0.36440765531102215,24:0.40309307400195793,25:0.6886693345113634,26:0.6316317280293057,27:0.3512603168250701,28:0.6547919585491684,29:0.13030129071958008,30:0.8482758541283635,31:0.8924325596967935,32:0.7480348668090603,33:0.5639212387703327,34:0.5019013009707965,35:0.8295744498113199,36:0.8956865946386781,37:0.6069896035972957,38:0.12261753196768421,39:0.2726877755710836,40:0.2871240554201039} with alpha 6.0 and beta 60.0, percentage 8.47457627118644
The arm 7 has vector {0:0.3375087549776218,1:0.579731893135758,2:0.3715933137093471,3:0.8551958585693789,4:0.1802466604817361,5:0.9064077673028819,6:0.6664472883154069,7:0.36946896783251226,8:0.9846876923704598,9:0.6450718092223039,10:0.04536822689295894,11:0.2602251082216649,12:0.7899814752084707,13:0.03675423800110711,14:0.20512475212858639,15:0.17565703418445877,16:0.724194230092723,17:0.9402958404842535,18:0.060880415695005685,19:0.771551888178726,20:0.35617299617772114,21:0.40862637856297224,22:0.23010455949363506,23:0.28802590211164647,24:0.8290351838570063,25:0.4329509958923251,26:0.052081489652932134,27:0.20696112748722395,28:0.6327078180764666,29:0.21520494976127003,30:0.979204765447806,31:0.9919307607407982,32:0.7988080540188401,33:0.4204322617122084,34:0.9088700166434804,35:0.08604114041943034,36:0.5045671738634916,37:0.19315376428888842,38:0.7623269526311709,39:0.302004681449042,40:0.7986833152264776} with alpha 7.0 and beta 62.0, percentage 9.836065573770492
The arm 8 has vector {0:0.44129465617354535,1:0.11419426539403599,2:0.9966531476448811,3:0.4361331162119083,4:0.5644790990101293,5:0.4677277204472059,6:0.2696025439228261,7:0.24337264115162327,8:0.2986320171716409,9:0.5065797903388717,10:0.988287048996878,11:0.8808830021842708,12:0.2417820418150114,13:0.7129827115628022,14:0.4292844388614061,15:0.875681979343625,16:0.34830966082435866,17:0.0018877857302838086,18:0.6567683475946878,19:0.6090676253550108,20:0.2016636936728462,21:0.24918344491610223,22:0.512644774260325,23:0.17314285831359366,24:0.4888317244957857,25:0.15121603669520456,26:0.36269613178755133,27:0.37261361780738933,28:0.11136972419141533,29:0.414229227789078,30:0.41169847863763953,31:0.34767518891403726,32:0.12421591614492844,33:0.42990502354629045,34:0.2050462336871599,35:0.3522213596931545,36:0.8081094996839716,37:0.4987723834830642,38:0.02665916739571128,39:0.7187637747775883,40:0.2797578077567515} with alpha 13.0 and beta 101.0, percentage 12.0
The arm 9 has vector {0:0.29750714070491135,1:0.6663448600066372,2:0.34205669490683377,3:0.23753187918723162,4:0.7901427655015687,5:0.2530447587531135,6:0.5523306435714972,7:0.5093537532129339,8:0.8709700606126527,9:0.6876665257193558,10:0.23487856528602347,11:0.9865497454223476,12:0.6057142295252128,13:0.9032471020682978,14:0.3615606540788223,15:0.24012159068814343,16:0.5474924843015009,17:0.04221435537535356,18:0.3051464072539354,19:0.33685910125872887,20:0.26602554671172096,21:0.5872708202584626,22:0.029725813475386942,23:0.8564709608289578,24:0.8987624911695231,25:0.4971747744989442,26:0.8440301370187303,27:0.29957540632515567,28:0.4824425179021169,29:0.6857118123552993,30:0.13936624448565638,31:0.5865268180093794,32:0.9668148039081417,33:0.9666268259238883,34:0.8346278560507827,35:0.5972350998171908,36:0.7510858032154469,37:0.8436921175674613,38:0.19827744409126957,39:0.15340628717531235,40:0.17478662842920656} with alpha 16.0 and beta 90.0, percentage 16.853932584269664
The arm 10 has vector {0:0.7628781870283651,1:0.9586608822875247,2:0.19702995696217973,3:0.30331033959846143,4:0.14698052043252274,5:0.24443741322582258,6:0.6986863133188179,7:0.6389583184651216,8:0.8487213102356057,9:0.8766808889489872,10:0.9072408656625596,11:0.4492593024965238,12:0.5502621678408413,13:0.7886426611603345,14:0.5139556989185029,15:0.28947724509065187,16:0.36889722467572994,17:0.8428306595342031,18:0.3387783670271083,19:0.39064027353187314,20:0.9929023395638834,21:0.8402420902622201,22:0.6236778659591216,23:0.8850907143061997,24:0.35019907105154957,25:0.49736939590280504,26:0.2693025010136465,27:0.9130295502814954,28:0.06526230504739639,29:0.3669073476635081,30:0.5400253611146296,31:0.8553820122835718,32:0.7905767746659841,33:0.7246255690307724,34:0.4142066543827343,35:0.737135560983105,36:0.009484834148585808,37:0.19595759505832655,38:0.518275335240667,39:0.11108245198053424,40:0.15741630768202508} with alpha 15.0 and beta 99.0, percentage 14.285714285714285
The arm 11 has vector {0:0.9788419817997646,1:0.6230469035686735,2:0.3703441151890391,3:0.18461838234547012,4:0.84114544240445,5:0.6649505986714519,6:0.8518342947605636,7:0.9907466488497243,8:0.8839146613038394,9:0.6473182459649984,10:0.3854839064664679,11:0.6708257626400497,12:0.3314465432672664,13:0.9470765531689866,14:0.28799956108847435,15:0.5398088651340546,16:0.3877314289257652,17:0.30195758812181017,18:0.991456227588332,19:0.6005199672793244,20:0.08651552901470672,21:0.5004793847161213,22:0.9020654018222163,23:0.9960643453130283,24:0.02353181476137889,25:0.05641736670914299,26:0.18974924080827826,27:0.4725586650480814,28:0.867144431965682,29:0.8481765555476483,30:0.9038360067973483,31:0.8337951629949479,32:0.0021434322372406722,33:0.20786352763893168,34:0.120284117142056,35:0.650308957694058,36:0.6680874484014275,37:0.27455964645263076,38:0.8169351821339502,39:0.7251802700052397,40:0.04245701264336477} with alpha 4.0 and beta 49.0, percentage 6.25
The arm 12 has vector {0:0.9445123848912101,1:0.715529899070596,2:0.4365732286788695,3:0.40138276556721664,4:0.22220569931349066,5:0.8001678728524587,6:0.07905197222874305,7:0.4015469822958466,8:0.46533406191311466,9:0.567287445050466,10:0.6392403585245655,11:0.6621592028404777,12:0.18197993222941777,13:0.035624791729117256,14:0.5390785092195466,15:0.869526639729218,16:0.7518127159731777,17:0.8027294843461963,18:0.4836034118787508,19:0.6442844196974392,20:0.4181878558104788,21:0.3426190085249259,22:0.8182224200993039,23:0.9602203116550184,24:0.577768559942659,25:0.23920722994139232,26:0.9053669612906355,27:0.7211762826169371,28:0.6894958441946509,29:0.8607480406554616,30:0.7308044168803727,31:0.27897272496143,32:0.529460157930639,33:0.35429822297971514,34:0.859026759999779,35:0.7270153506552484,36:0.7445174687807087,37:0.4069027496149904,38:0.4708030593571183,39:0.8014379501390256,40:0.5541443898580453} with alpha 15.0 and beta 108.0, percentage 13.084112149532709
The arm 13 has vector {0:0.09008102277290386,1:0.412334025614573,2:0.8110867384610041,3:0.87169562013177,4:0.3865569061732298,5:0.7367788176705891,6:0.24018320337011956,7:0.6514964382200986,8:0.865947028496219,9:0.13638186707159283,10:0.5156393876322447,11:0.31985085666257806,12:0.7940146944263194,13:0.6930322824568105,14:0.709525019526301,15:0.6164833677012195,16:0.767419898678437,17:0.8419849336030502,18:0.9055252455344571,19:0.2436999595288143,20:0.872650762112806,21:0.8561205871422967,22:0.6957435888424359,23:0.09494221713637352,24:0.593378041825317,25:0.6956619887929958,26:0.7686701122854764,27:0.6003030697675851,28:0.5480077717982458,29:0.07233285547991408,30:0.6791831643095297,31:0.11658568811714753,32:0.052541264789919384,33:0.31780383113223265,34:0.5400262689392394,35:0.9870334114477237,36:0.7120037633581403,37:0.16815167690080957,38:0.9282821381907476,39:0.7234046969966111,40:0.20379877508389133} with alpha 12.0 and beta 89.0, percentage 12.5
The arm 14 has vector {0:0.7742661617193228,1:0.4749153177541571,2:0.6447269253983567,3:0.7028650799942561,4:0.2525997616575759,5:0.9719364729115437,6:0.7136939672876426,7:0.07432264544296874,8:0.5583966369507282,9:0.45791920599793556,10:0.384699390680046,11:0.9218547344298499,12:0.46684843035078827,13:0.04364303945471215,14:0.34018944470496315,15:0.28662646435455463,16:0.22931249587490166,17:0.6198913277635426,18:0.5235569197849285,19:0.007041040466194581,20:0.30449349569863704,21:0.9200499356220326,22:0.2476850452503635,23:0.826219706973504,24:0.31680209010176763,25:0.5417053043245054,26:0.8182832800379266,27:0.7343455132336675,28:0.5855447447775575,29:0.4192962267865482,30:0.5087609951387246,31:0.6568034034680185,32:0.750617243145744,33:0.43171052810796073,34:0.18139080341492886,35:0.4340559928221849,36:0.9984939392352886,37:0.7793467940792035,38:0.5384522029646266,39:0.7401167339533635,40:0.43795548256518146} with alpha 48.0 and beta 267.0, percentage 17.669172932330827
The arm 15 has vector {0:0.34127507259497925,1:0.021947644603584227,2:0.6070784495663181,3:0.9479260502655638,4:0.8967067238346699,5:0.05482950344755089,6:0.06468990762594884,7:0.8312026778605548,8:0.8064230118736356,9:0.6156767776601536,10:0.2416372422774674,11:0.10024418172159888,12:0.21066315091484278,13:0.8085187135036523,14:0.7163567017636545,15:0.7674383522185008,16:0.6534271682392617,17:0.6776412033545655,18:0.48378040629383234,19:0.8755209706641107,20:0.09070062344957697,21:0.060192743161316065,22:0.9238466967077356,23:0.5141984899665473,24:0.6786154138274181,25:0.7543228111529348,26:0.855493342461117,27:0.16004367805885722,28:0.1464007044571115,29:0.6711026886866498,30:0.340100295006445,31:0.5200038135934782,32:0.9883067565271766,33:0.20542138556287337,34:0.39179108598372725,35:0.07063229573266794,36:0.6781634532406132,37:0.6584688351703679,38:0.8321474367399734,39:0.39281743919937673,40:0.4079431644942275} with alpha 4.0 and beta 42.0, percentage 7.317073170731707
The arm 16 has vector {0:0.08679788761341023,1:0.7063974195346618,2:0.5628440708494734,3:0.10751019651731797,4:0.6067755208598201,5:0.03326234191091104,6:0.3981407243611095,7:0.9254823936231996,8:0.3938362077123768,9:0.23089355969503178,10:0.4776854736451176,11:0.18378092761781506,12:0.17944107682037003,13:0.20952612532497683,14:0.30189861800233064,15:0.12403915452552627,16:0.40322396553014317,17:0.5160379154888697,18:0.45273823668180846,19:0.17867871771129507,20:0.6811104441749862,21:0.3317010045072154,22:0.3916646966751123,23:0.720438959090992,24:0.8576179165414968,25:0.31937439015464086,26:0.042554434601791535,27:0.7945329968045557,28:0.37032827608226937,29:0.42129174843267503,30:0.06979482145615157,31:0.21507471490607766,32:0.18188108164947103,33:0.6223665373747345,34:9.755305618406318E-4,35:0.019555003619256883,36:0.6362479789518214,37:0.6282010158017989,38:0.767986853394309,39:0.9024434587407203,40:0.3068371706800115} with alpha 20.0 and beta 132.0, percentage 14.50381679389313
The arm 17 has vector {0:0.7198399969550509,1:0.8915562687221831,2:0.4506330161687936,3:0.9018965940161696,4:0.17545372975810203,5:0.4015392734327723,6:0.7931255387284724,7:0.2602535216874513,8:0.20717966433112056,9:0.13097824234460087,10:0.019544370096136077,11:0.6289976863015508,12:0.5645868506081005,13:0.19256505845561966,14:0.7663081435064978,15:0.6304443676712681,16:0.10615909495722142,17:0.2664494593539586,18:0.8711171810936283,19:0.42097863220789167,20:0.5977597998899912,21:0.7485867938240067,22:0.28146885665974297,23:0.38413225360200176,24:0.7324303043329814,25:0.7720016145551044,26:0.9333522900670187,27:0.34257522392213025,28:0.753908537930874,29:0.8118006607155441,30:0.12021178749588035,31:0.5038051972659922,32:0.44759075334503795,33:0.6875745492241802,34:0.8985554426067964,35:0.7369226404998536,36:0.28891134184105105,37:0.11167089353999105,38:0.39833374668971977,39:0.611518327324291,40:0.10370500589680653} with alpha 15.0 and beta 97.0, percentage 14.583333333333334
The arm 18 has vector {0:0.7652767432705949,1:0.4450992599703525,2:0.9942309280142759,3:0.0726903753674194,4:0.12967544739238468,5:0.8269923456280017,6:0.11814843686954213,7:0.5898461802162691,8:0.5218663687726406,9:0.7304312852502824,10:0.2498190521651894,11:0.752663251354047,12:0.6552161120726494,13:0.6954434981764541,14:0.1366845185406491,15:0.6735101746761419,16:0.6309932052928205,17:0.5132655312456504,18:0.7591624501639062,19:0.6573922590146286,20:0.8529325810247778,21:0.1423326914036651,22:0.6411099644221836,23:0.019658294037072088,24:0.48620335665363734,25:0.05324660050686714,26:0.3172805150351493,27:0.4262462644746252,28:0.6418426360145693,29:0.203318035507013,30:0.7355062932189536,31:0.8892554208868643,32:0.15995902403895634,33:0.36683934421937314,34:0.30339022948768135,35:0.8775937669582057,36:0.21034893987407322,37:0.4562476437219617,38:0.7864710212164214,39:0.06585092999318609,40:0.25484825574372416} with alpha 13.0 and beta 98.0, percentage 12.371134020618557
The arm 19 has vector {0:0.8948832354285805,1:0.8716165802276229,2:0.9446504815729706,3:0.9248747885443253,4:0.21121826710768343,5:0.10377751897211496,6:0.50514674328204,7:0.4465806030583378,8:0.5773988148242624,9:0.39156425258757754,10:0.9316138275158398,11:0.4291410943606405,12:0.037508053778417705,13:0.6390936407544185,14:0.03253658914626767,15:0.6921101873250447,16:0.17465814104649813,17:0.0920072059028193,18:0.21946862469930317,19:0.46901030338325767,20:0.43110683043559406,21:0.24078070608891922,22:0.8713428364874946,23:0.15820639643548096,24:0.8918143860471073,25:0.9690228367512488,26:0.09197697089977641,27:0.012878591010879625,28:0.1323472517059503,29:0.08276725108514749,30:0.9933663090578287,31:0.8321628501962651,32:0.619098233748074,33:0.5668966502609927,34:0.9297617708627384,35:0.9312770339605287,36:0.5789819748179491,37:0.8651595328007717,38:0.7697372728904546,39:0.6237724985634686,40:0.28276705398629454} with alpha 17.0 and beta 111.0, percentage 14.545454545454545
The arm 20 has vector {0:0.5031705781712279,1:0.4673821714046399,2:0.12706958583353534,3:0.18599072178003573,4:0.11262822250908022,5:0.829959672934462,6:0.9966702832465397,7:0.2635222898383981,8:0.2819985367350588,9:0.04517921299238814,10:0.2685956468380073,11:0.7909516667118496,12:0.9013103921284749,13:0.8731951560726149,14:0.5140638302744096,15:0.5067781109058919,16:0.9213450882325087,17:0.9789732620852036,18:0.5827857593495692,19:0.6156942485420054,20:0.4360676230990277,21:0.5345004822734212,22:0.6075152677042512,23:0.432974332955936,24:0.5597960121071447,25:0.451245532561,26:0.42428393394865893,27:0.7965649987219807,28:0.4033248852839917,29:0.9949396063542013,30:0.45465592899563356,31:0.05133136255002879,32:0.16046679427631627,33:0.8305891087629477,34:0.04336085606487006,35:0.1642391832312322,36:0.2786432214102883,37:0.9305476637320023,38:0.8210947007560523,39:0.9007428361300293,40:0.41610782983285066} with alpha 20.0 and beta 128.0, percentage 14.960629921259844
The arm 21 has vector {0:0.115960597046469,1:0.0820167024320162,2:0.9511674638995745,3:0.5671609072664833,4:0.8845008078199769,5:0.13851091724175146,6:0.22370395730803438,7:0.3738860841535053,8:0.7753333965420781,9:0.7910799845384981,10:0.08638688138050843,11:0.5077122925081924,12:0.22686581476808532,13:0.7291685478524672,14:0.018481226535977058,15:0.5769098454633241,16:0.6387897568961634,17:0.7948614010520678,18:0.4821663996816119,19:0.5463616664831414,20:0.04166328463644453,21:0.3487053299890962,22:0.21664798018452558,23:0.7430713686468275,24:0.48754318550223574,25:0.6625234865968842,26:0.004801172275506693,27:0.8381033556446755,28:0.7391798471346541,29:0.28353401115009524,30:0.5440886180787897,31:0.2248609660084523,32:0.39563034969829614,33:0.7435112929270898,34:0.021097876713925046,35:0.1275750925690805,36:0.07276861598552864,37:0.3134856072885335,38:0.07894919930193378,39:0.6299019826827662,40:0.5311488778267819} with alpha 6.0 and beta 55.0, percentage 9.25925925925926
The arm 22 has vector {0:0.6335121543479002,1:0.2603812320410266,2:0.4653606737403849,3:0.2664381572386091,4:0.28180660142230507,5:0.6893909552784074,6:0.9954614837085924,7:0.2349808655998581,8:0.43922442651510774,9:0.19861693186652918,10:0.14666346306412947,11:0.20786074539920096,12:0.1257946776879033,13:0.2216609404237183,14:0.7053254060131113,15:0.14159546008083057,16:0.2827194750831954,17:0.5621284445577311,18:0.3329275981144437,19:0.23790938028952147,20:0.6125580936245308,21:0.8236258681630502,22:0.5393283839678766,23:0.4410973815675602,24:0.5467642205384794,25:0.9524151475146676,26:0.9461688296257118,27:0.8766822379176145,28:0.3949695401821539,29:0.0816279382280427,30:0.05092104387025587,31:0.45175994214934656,32:0.4488714811355855,33:0.03483835799135093,34:0.4489017589236711,35:0.5612048106992837,36:0.19458281496435081,37:0.8952977237719886,38:0.23364494273173786,39:0.86804112957287,40:0.8255490686681384} with alpha 11.0 and beta 80.0, percentage 12.658227848101266
The arm 23 has vector {0:0.5230975171519042,1:0.5684584184590443,2:0.7457395328077723,3:0.30181987796536835,4:0.4324770504955304,5:0.43884391532982825,6:0.5812821291359299,7:0.8360069705458865,8:0.1003950828069019,9:0.5153439650271371,10:0.9248737950776726,11:0.847118644088829,12:0.759717553035743,13:0.4071014797547171,14:0.5225157965106155,15:0.7738850769128233,16:0.037762603351732316,17:0.6891278750952685,18:0.8439335422216124,19:0.27656705074038124,20:0.2590081128196975,21:0.8254367400872422,22:0.9727227064283238,23:0.1076990815217429,24:0.8988729389280058,25:0.040079637151440584,26:0.627009109812496,27:0.601638692029852,28:0.10570047156376261,29:0.6355660471982412,30:0.3677750679598315,31:0.37770016807716345,32:0.9962402311069221,33:0.5992708054224878,34:0.6428355814885989,35:0.8075523092147403,36:0.07161267742314736,37:0.12647604095020404,38:0.20098321910088424,39:0.8277791205478819,40:0.1221831514989914} with alpha 4.0 and beta 40.0, percentage 7.6923076923076925
The arm 24 has vector {0:0.7730767509155874,1:0.706999911345188,2:0.3642223782466779,3:0.6917780419729617,4:0.5095228759055362,5:0.4527244794341506,6:0.9726381907578763,7:0.8938748612681257,8:0.6726304355814794,9:0.7624919596312257,10:0.14077289937296722,11:0.5481392950985224,12:0.9740070485226838,13:0.7258459469391849,14:0.377376936890506,15:0.809598812502983,16:0.8366095341486749,17:0.6930578292859131,18:0.8328362924745683,19:0.528691648034136,20:0.7194502787777601,21:0.2656847605068916,22:0.4869528524236848,23:0.6113072728356514,24:0.7552082162302349,25:0.8745678253756023,26:0.207926396475126,27:0.2012011371762289,28:0.6099402595567941,29:0.17096817099742656,30:0.09965982553089814,31:0.2656055798580126,32:0.03344353263115818,33:0.1449830861600072,34:0.2499600724589912,35:0.3211958334183498,36:0.9550697775782194,37:0.6728749973198892,38:0.2049613558951907,39:0.05741458810626887,40:0.24544592098120144} with alpha 23.0 and beta 130.0, percentage 17.05426356589147
The arm 25 has vector {0:0.19816588753292586,1:0.7809434354361536,2:0.8492379427421277,3:0.20865596000504316,4:0.9523926556087501,5:0.2453155902365316,6:0.31166375999187446,7:0.520416791502316,8:0.9720344923809013,9:0.09836833839739756,10:0.20666901562171103,11:0.21762972990748886,12:0.4548619486937394,13:0.45974786642071297,14:0.5009253339306068,15:0.8155161680048765,16:0.04998664672588571,17:0.2155391579295709,18:0.3831139165066324,19:0.7523068213722586,20:0.3412525142304105,21:0.7606850917409463,22:0.406712131021312,23:0.5700093344517785,24:0.24243826410245428,25:0.19009741949411096,26:0.9841806283977895,27:0.13442332558856773,28:0.3617935276527583,29:0.26218744240475245,30:0.2382623933307202,31:0.07601232964590188,32:0.15399181734951228,33:0.33279443913817286,34:0.9051636538421425,35:0.4445508528278429,36:0.15933406880738055,37:0.9514751234650669,38:0.22196876796166454,39:0.32473445606529994,40:0.21141453934443744} with alpha 11.0 and beta 83.0, percentage 12.195121951219512
The arm 26 has vector {0:0.12781251318910225,1:0.29582209297429163,2:0.11445731088294286,3:0.4840979741568805,4:0.969764980856824,5:0.5632613246370729,6:0.2750345676731787,7:0.3542296884423006,8:0.5156553913595313,9:0.2870419101227448,10:0.534998527930948,11:0.44042257616244906,12:0.5305849895127184,13:0.942759667485267,14:0.2695997470378896,15:0.8270869529359672,16:0.09451373093875848,17:0.028397327650873105,18:0.3639510906165928,19:0.08178539712097466,20:0.5744882925173403,21:0.11213912281301741,22:0.8323701613128345,23:0.5450330716157467,24:0.3408515802878719,25:0.6114064497660936,26:0.8457407932442428,27:0.5740914246381186,28:0.3022584124326416,29:0.2105130146502303,30:0.16872612615112959,31:0.12379557125665408,32:0.06527229330253226,33:0.07899265788798993,34:0.7208215172047416,35:0.7219375504925408,36:0.157325322128817,37:0.06587911113091727,38:0.5248693050795414,39:0.6618900936272094,40:0.5954575872393462} with alpha 26.0 and beta 149.0, percentage 16.89189189189189
The arm 27 has vector {0:0.06824913453033321,1:0.0794496724048257,2:0.05791797655516351,3:0.9213330804970884,4:0.9396718852260547,5:0.26455728523964317,6:0.5930250411827572,7:0.7951220094451971,8:0.6513118656504364,9:0.8964767704450151,10:0.15184985206657886,11:0.014862265282982956,12:0.24712572008925726,13:0.15200639860315268,14:0.10099041383435492,15:0.533846215540671,16:0.25610854888845025,17:0.3897898073100472,18:0.9884908431274143,19:0.2111178107970031,20:0.5764822146579078,21:0.10569841728009344,22:0.39229540447695366,23:0.37948248985429567,24:0.7391002907338592,25:0.3939841993827091,26:0.432616210100616,27:0.6736726063437014,28:0.7063337716987603,29:0.8594321683589982,30:0.7950650685809229,31:0.17469751984431192,32:0.34450303627124645,33:0.035429030579889775,34:0.3375206843145381,35:0.8783322412982931,36:0.5551423206616121,37:0.49867921580923125,38:0.7268148565807279,39:0.2198745078457771,40:0.13417543190450387} with alpha 2.0 and beta 37.0, percentage 2.7777777777777777
The arm 28 has vector {0:0.9122467483318275,1:0.22540876918845532,2:0.5015962678271335,3:0.2527002451073317,4:0.18081115331874298,5:0.21875703965616833,6:0.6583020238464196,7:0.6419805299512286,8:0.7327961001556343,9:0.4576697403351977,10:0.35773552777506623,11:0.39635787378096143,12:0.31624024855385335,13:0.5022339427190358,14:0.5244472624253146,15:0.75564320341737,16:0.468026112635367,17:0.34942764423036743,18:0.7964946949392979,19:0.6875148235969649,20:0.5099451874457411,21:0.15041341771401118,22:0.2272383874989654,23:0.12646768708936373,24:0.1866663135377178,25:0.6202574715611009,26:0.4278930819033858,27:0.23918584771109763,28:0.0719954473406279,29:0.5289643351454901,30:0.6477359192448803,31:0.4664490460864362,32:0.2680626481481315,33:0.6307715522160205,34:0.7407323374405447,35:0.140667432120559,36:0.8012048657315282,37:0.6389173615563848,38:0.2095406089082562,39:0.6103495222308597,40:0.6444409088341996} with alpha 7.0 and beta 60.0, percentage 10.16949152542373
The arm 29 has vector {0:0.45469555266978123,1:0.7555193665237782,2:0.8687799811695963,3:0.524553488495078,4:0.11671533010012691,5:0.9376407551676942,6:0.9213410917194076,7:0.6108921853599709,8:0.8875910384722222,9:0.8532768134822177,10:0.2633883168626381,11:0.7779437493687725,12:0.4636555524567254,13:0.06320278119706513,14:0.42815820882928435,15:0.7832860041685777,16:0.13823419721052166,17:0.9674346237334057,18:0.720835068698677,19:0.05598896985186197,20:0.5848668457925568,21:0.7595415367845426,22:0.23807312479277687,23:0.6657585345787267,24:0.6128245653101378,25:0.6933572273785675,26:0.2881706632450082,27:0.7697356204102358,28:0.9314969477877313,29:0.06229150017670382,30:0.4346730523839113,31:0.06425537836558248,32:0.32764524789854044,33:0.625623271694265,34:0.32232490851996476,35:0.5435412485027781,36:0.37360559620397316,37:0.2169914660577229,38:0.2976564672249804,39:0.9263975753671136,40:0.35066893770888996} with alpha 12.0 and beta 86.0, percentage 12.941176470588237
The arm 30 has vector {0:0.5724205485582538,1:0.0068653604178160466,2:0.6675421376316146,3:0.09044996288872842,4:0.21965915806010317,5:0.4175437926252681,6:0.6896893751153792,7:0.8637302404362429,8:0.011808364895811385,9:0.5007522883570676,10:0.28179723171024906,11:0.2651678007606314,12:0.7099744626338251,13:0.0480426165003075,14:0.5357789008931422,15:0.24443838260545359,16:0.6762916539083293,17:0.4973017481888916,18:0.6362592123019408,19:0.28879117344811933,20:0.10320503595391817,21:0.7563582623475907,22:0.3553617947239437,23:0.8031049028404337,24:0.21253279833500405,25:0.40222599747226107,26:0.9924624905180832,27:0.36418257949610777,28:0.4657589822238035,29:0.936092124299657,30:0.8968210599534472,31:0.983984880904334,32:0.7383287900335412,33:0.7852548048563611,34:0.6586955285002966,35:0.4983617735863445,36:0.8847978387863386,37:0.7753813582171677,38:0.7881870508468403,39:0.18335626017574547,40:0.5195773762443716} with alpha 7.0 and beta 64.0, percentage 9.523809523809524
The arm 31 has vector {0:0.024129490605808712,1:0.8159581930499253,2:0.5735244186190713,3:0.09010790044319283,4:0.6695205859971143,5:0.39517638151327805,6:0.9462081932878322,7:0.9603483488432251,8:0.814993837114415,9:0.3706673203079116,10:0.8850881117415165,11:0.20481489654697893,12:0.25229557671798386,13:0.8151224893277706,14:0.613701385749111,15:0.31102752540797984,16:0.03872342530868178,17:0.5738569686538507,18:0.8616742497720995,19:0.5601854187402789,20:0.02730516831758012,21:0.8557526609635658,22:0.43227826993319385,23:0.0674277734930151,24:0.41205149444533296,25:0.9564313906019877,26:0.45466718738817524,27:0.383959649242252,28:0.19419673952080363,29:0.4092675886848023,30:0.5436285168102654,31:0.8681915749931766,32:0.7375881490011003,33:0.3609756802117765,34:0.3216652061218521,35:0.7945566976685539,36:0.4290362456764134,37:0.1373359767261616,38:0.5413959815804155,39:0.6066686964632626,40:0.7962524864251891} with alpha 3.0 and beta 45.0, percentage 4.545454545454546
The arm 32 has vector {0:0.989056786226517,1:0.9646739685567012,2:0.6830543578746194,3:0.06236770436224537,4:0.6765194475080085,5:0.5206469271353832,6:0.49987243338058795,7:0.5305254648867076,8:0.517207327194392,9:0.11267245497681944,10:0.9584259265573004,11:0.8973462945994359,12:0.8668762948053129,13:0.6388144912005544,14:0.8319762680817958,15:0.5018292898178986,16:0.2161543650452573,17:0.7328030962404156,18:0.5391223064836685,19:0.879549958785035,20:0.9169139505751349,21:0.440665543698891,22:0.21070774713016271,23:0.6648723478643112,24:0.14329456939164908,25:0.6623945941493624,26:0.3738491143566651,27:0.4744915395993863,28:0.8313721327694122,29:0.28162716738313553,30:0.28571222557076825,31:0.09653722399738796,32:0.8098433739859539,33:0.2681719179025984,34:0.9212314707203357,35:0.9299510456836905,36:0.44637738294269724,37:0.21135489349363312,38:0.5883248118930506,39:0.5645435469148145,40:0.3427773968175878} with alpha 4.0 and beta 45.0, percentage 6.8181818181818175
The arm 33 has vector {0:0.3619416101071581,1:0.9345008495297042,2:0.3710655284295119,3:0.05997351893432268,4:0.3389567530848562,5:0.3725984812350005,6:0.4112051682416139,7:0.4843544055027448,8:0.7619517459810399,9:0.34184551226045934,10:0.9566430797483031,11:0.9796456018530986,12:0.18041059419624328,13:0.1796679051613136,14:0.7736545372645208,15:0.6015126876885276,16:0.3092652033109188,17:0.4462829761737408,18:0.5344626590655392,19:0.8429450963077287,20:0.8695800591175844,21:0.20775502671797097,22:0.8724960445149598,23:0.838687965219598,24:0.5111834754028542,25:0.7030541452259715,26:0.9869706959699618,27:0.8428294349463685,28:0.7975939028933777,29:0.7444266704234398,30:0.7055319509661292,31:0.04048340120727523,32:0.3899298510906012,33:0.4323512813026088,34:0.12784966115623997,35:0.41532243431592797,36:0.20387980320741428,37:0.8765553500756771,38:0.09793214164174202,39:0.6152520027675646,40:0.8346004374690301} with alpha 4.0 and beta 47.0, percentage 6.521739130434782
The arm 34 has vector {0:0.26382558708841686,1:0.3075349283915877,2:0.12834325852092876,3:0.7484358702340841,4:0.43972531406655846,5:0.049432545127349514,6:0.6409263725744944,7:0.44480174782853144,8:0.4707378478243236,9:0.751094363067748,10:0.4956086717720517,11:0.6362794377338398,12:0.3925391802625371,13:0.018940203222029717,14:0.580824278412223,15:0.050132838641756994,16:0.2451030263757299,17:0.42209021985376927,18:0.1833604413335972,19:0.16115398602026187,20:0.7445493072606217,21:0.36648986741829337,22:0.03267898166205285,23:0.6584313361706443,24:0.3456254548089348,25:0.9134372482905705,26:0.22795493440257608,27:0.36390767320137685,28:0.21882855777877863,29:0.2492779895589371,30:0.1541190201562891,31:0.6777425221321571,32:0.6459950461864717,33:0.021756748118659797,34:0.4652335004469206,35:0.22400084588620928,36:0.7137544892923902,37:0.8806723979114263,38:0.3625383811262819,39:0.1052948409905653,40:0.2712710473294916} with alpha 6.0 and beta 63.0, percentage 8.064516129032258
The arm 35 has vector {0:0.8423804998123358,1:0.2793557418253475,2:0.4590130004899916,3:0.7839882595070077,4:0.36190079004191156,5:0.21606589048565028,6:0.07647336759025836,7:0.6822539022500429,8:0.2803985215535656,9:0.9692392206511359,10:0.14331405169254785,11:0.345579407404506,12:0.5091698446374573,13:0.5570019662417108,14:0.021751514651479065,15:0.3520353129064223,16:0.37113898620311814,17:0.5991983405559252,18:0.32834597042701263,19:0.35819266289424934,20:0.41881185093268536,21:0.43361086995436515,22:0.8810197630432137,23:0.19003934824659963,24:0.3704820527740621,25:0.3967630091865548,26:0.48876738973022804,27:0.2680317515083126,28:0.9555580121880807,29:0.01953243348093936,30:0.30984585657146624,31:0.10327742779846971,32:0.5237479162706502,33:0.06164463394807096,34:0.3259909709764167,35:0.5440993998748027,36:0.8434793387710023,37:0.03023611507291102,38:0.876124508836123,39:0.9762088170446479,40:0.18519725471341408} with alpha 15.0 and beta 96.0, percentage 14.736842105263156
The arm 36 has vector {0:0.9582868609309269,1:0.009526719536146255,2:0.7138148165654701,3:0.4987977998833658,4:0.6531183936431221,5:0.36409048073895856,6:0.25168280985268987,7:0.6640753748620076,8:0.03604451315983903,9:0.9932226835022777,10:0.1559218715813515,11:0.4091902939194819,12:0.6368541505629309,13:0.1673758460305258,14:0.616524054481912,15:0.8997952302529315,16:0.118998849877059,17:0.8144846273315253,18:0.8207003709331647,19:0.5056598976305856,20:0.6957389808393641,21:0.8502464084900931,22:0.6126965493901254,23:0.6407649597442571,24:0.7100541631826911,25:0.7030816285812731,26:0.41093188589509966,27:0.16063798790680128,28:0.7083609677745466,29:0.9229893118779663,30:0.07271635068486726,31:0.8419117792314189,32:0.2096425151498612,33:0.313354339090518,34:0.16177059191935372,35:0.46143060213806164,36:0.08625490386075363,37:0.2933698482948197,38:0.4535083637674545,39:0.48849453359643913,40:0.14289978774827683} with alpha 2.0 and beta 33.0, percentage 3.125
The arm 37 has vector {0:0.8586765910162949,1:0.6627453299722106,2:0.7675776565399847,3:0.9171193403439548,4:0.7288812942500547,5:0.10093163241294634,6:0.6615027264079528,7:0.008965091425907845,8:0.5366514315976303,9:0.029261741585487,10:0.19308772326161971,11:0.10807565839223188,12:0.411315460656103,13:0.6361540415011184,14:0.8064154899347012,15:0.9443646383551505,16:0.5900161366639671,17:0.465784932420496,18:0.3279281140976248,19:0.6518133604538998,20:0.3188637903712297,21:0.7983788509439507,22:0.6070412819986623,23:0.3937051962189493,24:0.911571162839702,25:0.6344311229841987,26:0.8695158923713472,27:0.5271939233103312,28:0.5478513672362331,29:0.06428383384954972,30:0.6244878803568036,31:0.5901541799719091,32:0.13172041817014768,33:0.973982312066051,34:0.4690201603669254,35:0.8657924366546236,36:0.8748407006446723,37:0.6483392147352558,38:0.43217741611314564,39:0.1681730577538354,40:0.622900325322836} with alpha 1.0 and beta 27.0, percentage 0.0
The arm 38 has vector {0:0.4119122010761148,1:0.10841616028393064,2:0.7696663546279184,3:0.8539519967442074,4:0.4353022267173987,5:0.5233890396680422,6:0.1742969264913501,7:0.3489769556263074,8:0.8976558015763747,9:0.9708032994482176,10:0.0993623388205861,11:0.8274280702482585,12:0.3328633504412215,13:0.1995976260848763,14:0.8748732752241875,15:0.4301621999741224,16:0.7770853279970287,17:0.990971629918036,18:0.7720074928954782,19:0.7911266183748901,20:0.652549821209085,21:0.5405327128612297,22:0.14575229360533937,23:0.9599751843285113,24:0.7865130233932662,25:0.5573377076003287,26:0.33546162300263394,27:0.12359697105194278,28:0.3426011106914929,29:0.8789241984986438,30:0.062254170110938256,31:0.7623978803174193,32:0.1773568140230396,33:0.8753033807028235,34:0.32626528170714364,35:0.32440228345982847,36:0.41453632621613623,37:0.3483099298213478,38:0.4107083132453807,39:0.9045263187289401,40:0.2743007782760929} with alpha 14.0 and beta 96.0, percentage 13.684210526315791
The arm 39 has vector {0:0.041330606000582915,1:0.5420367270991822,2:0.019548131905810062,3:0.6969489566097393,4:0.6233862418309081,5:0.29682380640289385,6:0.49073386778605865,7:0.8963289212595366,8:0.21299078516960912,9:0.8936190379423157,10:0.2016670101245499,11:0.2627376648886721,12:0.09664294521974337,13:0.6251659857468762,14:0.06497781849382334,15:0.6250347293895292,16:0.3667064376229162,17:0.6222439053253219,18:0.5129440318763956,19:0.7465146414391975,20:0.5646176873635846,21:0.49564996360494895,22:0.258620008155681,23:0.63286710121951,24:0.228203152268751,25:0.5363713878610253,26:0.3448362243712251,27:0.9018383625403641,28:0.6796097604902921,29:0.1763985162834919,30:0.3626935262884483,31:0.28352939246887765,32:0.5401666614717618,33:0.2053096557415931,34:0.9174306297985356,35:0.9663549121299311,36:0.08881892076898035,37:0.27290168647703306,38:0.5772192855116222,39:0.017425488417266988,40:0.4740421497135784} with alpha 5.0 and beta 54.0, percentage 7.547169811320755
The arm 40 has vector {0:0.17024266123808096,1:0.162139578804385,2:0.5466780124394621,3:0.8216796301904071,4:0.3725200427168617,5:0.15508238454971457,6:0.6344408731847265,7:0.9074671211078936,8:0.4887193428894563,9:0.791082421713674,10:0.5791240408874617,11:0.5737905732721692,12:0.45283369288721664,13:0.11030331476479449,14:0.5716236768543109,15:0.5357397291827941,16:0.568240333111887,17:0.9633281051809506,18:0.7114704416568887,19:0.6357542496245008,20:0.028598454534513373,21:0.06357198502044603,22:0.8219304510607498,23:0.1581827082746623,24:0.22254351624772717,25:0.9854944298407733,26:0.08691996659608903,27:0.4389083571159548,28:0.002339737387133556,29:0.8546508483412073,30:0.2092508856036437,31:0.3458060233098704,32:0.8776407747184627,33:0.2087660036524297,34:0.5265070448210606,35:0.2262522746219785,36:0.22921980970577138,37:0.8961635403429478,38:0.6747043376614122,39:0.7548665587877876,40:0.31489147283644536} with alpha 1.0 and beta 28.0, percentage 0.0
The arm 41 has vector {0:0.3830240361327488,1:0.44816869646356616,2:0.6972757008682278,3:0.8038407154743269,4:0.8773376185484466,5:0.14875851084700809,6:0.28636780167376374,7:0.8541511540642145,8:0.9837699029277438,9:0.761650641402918,10:0.5661415428874835,11:0.2891069333661599,12:0.1710634169336599,13:0.6395259978314795,14:0.3556834061876927,15:0.5426132488337618,16:0.4274827213532254,17:0.0024505115500035313,18:0.5760814451834937,19:0.320747108481641,20:0.9102179701269634,21:0.6479734468453912,22:0.0032910702154588245,23:0.7370497809410855,24:0.09826986918276548,25:0.9414535309702647,26:0.5436538087106858,27:0.440974918795503,28:0.7475066026475468,29:0.41714826540043415,30:0.34047908471752153,31:0.15265211383654798,32:0.8049775877229528,33:0.8121314827462257,34:0.901974690210455,35:0.9158725887029804,36:0.5614274142716411,37:0.7254052962168359,38:0.7796618389004007,39:0.8209282247907449,40:0.8777511229205138} with alpha 3.0 and beta 38.0, percentage 5.405405405405405
The arm 42 has vector {0:0.8112231752627511,1:0.11451923774877004,2:0.34502308184472397,3:0.5489598843962624,4:0.8940914072989757,5:0.19450083803494655,6:0.3218985691449229,7:0.7331816421010154,8:0.6610040161174746,9:0.5072299306227119,10:0.5939739776159537,11:0.8544184835989498,12:0.2704227280008009,13:0.9523633057025999,14:0.48939832529148464,15:0.744321826790164,16:0.820571125939275,17:0.8704990183003541,18:0.8366971459697208,19:0.1652811630474097,20:0.30611835518194697,21:0.9044468242703889,22:0.7081769511985255,23:0.0654194586271839,24:0.13941252926231618,25:0.85243700379446,26:0.36743119253254797,27:0.1589106098177966,28:0.9930184134624176,29:0.9857819742559465,30:0.49244432892059165,31:0.03252840543809865,32:0.8042711655576668,33:0.6742078921683178,34:0.9201805435818322,35:0.05847098628959191,36:0.1758655383962865,37:0.9129459835071597,38:0.8903432265519498,39:0.060956413761734995,40:0.7567479590064369} with alpha 2.0 and beta 35.0, percentage 2.941176470588235
The arm 43 has vector {0:0.2846857897142676,1:0.42180608074133474,2:0.28794754243358056,3:0.6297061592004831,4:0.6225619316807448,5:0.7290163658029549,6:0.3121762977514816,7:0.4540965452427793,8:0.23093420903330963,9:0.1569680444061582,10:0.3691496714187793,11:0.856369842136959,12:0.147636733774977,13:0.583222534834743,14:0.8274951149383517,15:0.8949948316045155,16:0.11548289740397588,17:0.36690954910395923,18:0.9883384203192718,19:0.11854252376989893,20:0.5882964811012913,21:0.7236135749584127,22:0.8031750938784399,23:0.7675016669192489,24:0.8974399765301956,25:0.0384084010213428,26:0.5848784699145243,27:0.9149157568633175,28:0.17506796969507554,29:0.15522157161153582,30:0.4775948623495736,31:0.35742038471414805,32:0.21906079168616488,33:0.09030828783473,34:0.7736116656713166,35:0.8984442272890364,36:0.8049833958738901,37:0.46785013403448394,38:0.6714180485286912,39:0.05473959989162247,40:0.43584183525472187} with alpha 5.0 and beta 52.0, percentage 7.8431372549019605
The arm 44 has vector {0:2.2412656372639006E-4,1:0.40605334629824674,2:0.8815063344086975,3:0.7495579964451078,4:0.2954186306631953,5:0.8687551501586791,6:0.4083136524528278,7:0.40968730567416445,8:0.4071155630650385,9:0.7349505818512265,10:0.30020574021585944,11:0.041109288091630836,12:0.5477186205071543,13:0.10492728060307199,14:0.14262955986732317,15:0.9615273778862097,16:0.5766066373397802,17:0.3316086132382713,18:0.7487294900220608,19:0.5012219227075276,20:0.8526308883035398,21:0.042009010486121046,22:0.4160318480795303,23:0.5475333360852829,24:0.6479261453218494,25:0.06219374409901668,26:0.4491755673343939,27:0.18728189945448404,28:0.2319919281576891,29:0.16019735031734894,30:0.7990482015608789,31:0.15274999141159018,32:0.11511177485138624,33:0.3230925547746184,34:0.08600538647115796,35:0.08860532519460895,36:0.1347400876113375,37:0.367041378205336,38:0.47934113645401366,39:0.05475283885762927,40:0.7644255077455359} with alpha 36.0 and beta 200.0, percentage 17.587939698492463
The arm 45 has vector {0:0.2939655983691418,1:0.48369746824193616,2:0.7873371357131681,3:0.18614004583869237,4:0.3677369778228974,5:0.2975696942710999,6:0.6145133839961499,7:0.7275819034850108,8:0.8309880391628597,9:0.10049296127554919,10:0.022968025648758106,11:0.5285219437572719,12:0.35661439313777377,13:0.4778120123200834,14:0.7048583411010253,15:0.5961365683233939,16:0.37846454797456963,17:0.39351759932121144,18:0.20109297145416571,19:0.4009784144662053,20:0.7779297981832871,21:0.5984767447551623,22:0.8840005348987301,23:0.12806861556604643,24:0.48152795103687895,25:0.9581201723603471,26:0.32469997087981617,27:0.5607350024149922,28:0.0034937717592359308,29:0.8707067192670007,30:0.06517885455527672,31:0.7527382072455494,32:0.5697480414026326,33:0.5474110556927965,34:0.20455135866313778,35:0.39622215873681566,36:0.5565264328501995,37:0.29882771260635355,38:0.5995548362240228,39:0.2929080690081579,40:0.8053732154328909} with alpha 1.0 and beta 26.0, percentage 0.0
The arm 46 has vector {0:0.9964028851442549,1:0.7154998779379611,2:0.002752899423962396,3:0.1739260161336562,4:0.9016087249957924,5:0.9852908624953552,6:0.5506799133336261,7:0.8592467596387341,8:0.18711625538810694,9:0.20583336583645095,10:0.3644915114388355,11:0.17243146521141883,12:0.0869872356045448,13:0.8051926826390132,14:0.25795443967322007,15:0.40792254012866436,16:0.5189028339652826,17:0.19091233595341295,18:0.8478048035724354,19:0.7097210052930563,20:0.3235784220768845,21:0.9932097223893313,22:0.7963807779305727,23:0.21766498545232282,24:0.09245154196919492,25:0.9854057713650235,26:0.6902352947831281,27:0.0362716013194615,28:0.7236715866276722,29:0.1536398200333814,30:0.7556186848479676,31:0.372070873968426,32:0.16184997956751979,33:0.2870075245386088,34:0.17960138591047514,35:0.15095274314404394,36:0.6514565667296305,37:0.08205369195082468,38:0.3221899814692203,39:0.05998835416479731,40:0.37704970795371073} with alpha 18.0 and beta 120.0, percentage 14.285714285714285
The arm 47 has vector {0:0.016545317402805848,1:0.23445927009561496,2:0.9048856985986052,3:0.9629721394375839,4:0.7987413677029922,5:0.6060591275366546,6:0.3750774018143932,7:0.5514931711649885,8:0.36479247053501596,9:0.6773209953009548,10:0.64815751432304,11:0.8046627041989448,12:0.5355989704004693,13:0.8110326190045708,14:0.6190663670360238,15:0.8298220554195552,16:0.1589771887208411,17:0.34702753819448884,18:0.42405745034427056,19:0.8104013726708056,20:0.8194036834977976,21:0.7751282386621463,22:0.8435830947676033,23:0.2627276840103129,24:0.03440992747268112,25:0.5551530790373511,26:0.565976533731439,27:0.31616312508064925,28:0.4622932337164105,29:0.039621716846724664,30:0.8167224174493357,31:0.8276728362381769,32:0.9034539108697949,33:0.9011651609664499,34:0.11102313688721566,35:0.6977124916945942,36:0.5439670710311181,37:0.7592209906478551,38:0.38570911663408614,39:0.02348105641365783,40:0.20308862018143647} with alpha 7.0 and beta 60.0, percentage 10.16949152542373
The arm 48 has vector {0:0.8310328759142735,1:0.5096787038210839,2:0.007137013650552415,3:0.5038789783328891,4:0.31467623868743466,5:0.03482566659804698,6:0.7903438773000788,7:0.6870694200695306,8:0.0873031655194062,9:0.6757849720409693,10:0.3749063080334383,11:0.011723078928409736,12:0.12715787649645338,13:0.43828479758219696,14:0.15728993575403893,15:0.799