Items: 31014,2,2012-03-22 09:35:15.730000000,2013-01-31 22:08:19.360000000,0,0000000000000000000000000000000000000000000000000000000000000000000000000000000000000000000010000000000000000000000000000000000000000000000000000000000000000000000000000000000000000000000000000000000000000000000000000000000000000000000000000000000000000000
Items: 16065,3,2010-10-12 09:05:28.623000000,2011-10-19 12:41:59.293000000,0,0000000000000000000000000000000000000000000000000000000000000000000000000000000000000000000100000000000000000000000000000000000000000000000000000000000000000000000000000000000000000000000000000000000000000000000000000000000000000000000000000000000000000000
Items: 2897,1,2010-07-28 15:55:07.423000000,2013-07-15 05:02:15.650000000,0,0000000000000000000000000000000000000000000000000000000000000000000000000000000000000000000100000000000000000000000000000000000000000000000000000000000000000000000000000000000000000000000000000000000000000000000000000000000000000000000000000000000000000000
Users: 46671,2009-07-31 17:52:05.423000000,45238,,0
Users: 117404,2012-02-11 18:20:17.737000000,30295,1989-02-13 00:00:00,1
Users: 185087,2009-07-31 19:48:45.310000000,54234,1986-06-04 00:00:00,1
Users: 242612,2011-12-03 21:34:16.640000000,90627,1990-07-23 00:00:00,2
Users: 294436,2011-03-16 09:05:23.647000000,72233,1994-04-25 00:00:00,1
Users: 345704,2011-11-11 20:55:14.437000000,68600,1994-06-05 00:00:00,2
Users: 399809,2012-09-17 14:43:42.033000000,44491,1997-12-12 00:00:00,1
Users: 455390,2012-12-20 16:02:28.573000000,3274,1978-06-02 00:00:00,2
Users: 525182,2013-07-28 12:33:53.590000000,53372,1990-06-17 00:00:00,0
Orders: 35022,1033356,1457,2009-10-18 21:46:53.347000000
Orders: 214698,1082559,614,2010-01-24 20:16:55.153000000
Orders: 226305,1122161,1501,2010-03-20 16:23:03.950000000
Orders: 46541,1167569,11120,2010-05-26 12:55:02.417000000
Orders: 75824,1208142,11119,2010-07-27 23:14:48.377000000
Orders: 13287,1248778,12826,2010-09-21 21:56:27.157000000
Orders: 272654,1296031,653,2010-12-01 18:41:36.730000000
Orders: 285359,1344258,18628,2011-01-28 14:59:09.743000000
Orders: 157456,1388262,18371,2011-03-17 11:46:02.120000000
Orders: 307265,1432210,758,2011-04-29 21:28:48.340000000
Orders: 271030,1473349,21803,2011-06-14 15:24:35.467000000
Orders: 275827,1511037,21829,2011-07-28 21:58:50.970000000
Orders: 62527,1550712,24845,2011-09-10 18:44:47.023000000
Orders: 293365,1597283,27523,2011-11-12 08:21:31.203000000
Orders: 158173,1649466,24361,2011-12-28 14:06:54.430000000
Orders: 371623,1691322,28947,2012-01-31 15:54:20.570000000
Orders: 151193,1739094,2144,2012-03-22 17:02:48.527000000
Orders: 71320,1784958,7874,2012-05-16 17:00:59.817000000
Orders: 287161,1827735,20480,2012-06-29 22:23:24.193000000
Orders: 271514,1866722,31203,2012-08-11 21:38:56.863000000
Orders: 428803,1915657,35460,2012-10-09 20:15:44.210000000
Orders: 444954,1966435,29677,2012-12-01 22:51:49.073000000
Orders: 460415,2018674,31695,2013-01-07 22:20:30.543000000
Orders: 381441,2066329,35170,2013-02-19 22:08:16.833000000
Orders: 485606,2112774,39306,2013-03-26 15:04:37.277000000
Orders: 423890,2161061,11304,2013-05-03 09:35:38.190000000
Orders: 314770,2207605,26096,2013-06-05 19:04:54.837000000
Orders: 287308,2249841,40450,2013-07-13 20:23:09.463000000
Orders: 255027,2289235,33612,2013-08-13 17:15:05.073000000
Orders: 466261,2331294,43871,2013-09-15 21:02:00.180000000
Orders: 446724,2379393,448,2013-11-01 19:20:53.627000000

Startup information:
First order in training stage: 0
First order in evaluation stage: 1000
Last order in evaluation stage: 6000

Number of orders in training stage: 1000
Number of orders in evaluation stage: 5000

The current arm is 12 with vector {0:0.17643072744167687,1:0.3054543718136219,2:0.48827168595255865,3:0.3253096771251677,4:0.971535992833157,5:0.768417352434057,6:0.8943321415698646,7:0.50081823198697,8:0.36258886528450085,9:0.3284210456687069,10:0.41999708460226126,11:0.0724503648462157,12:0.6142012053126539,13:0.732865322828182,14:0.2341878262580933,15:0.9002993223034597,16:0.39959865031765973,17:0.9736484078886658,18:0.2840685300059127,19:0.10217320130719743,20:0.09764119193528464,21:0.3528175856950503,22:0.07339876625411712,23:0.19961924371317152,24:0.019890337004712988,25:0.7284624320677413,26:0.6055700195758775,27:0.6883998839701061,28:0.741936923035365,29:0.9237597223854499,30:0.844164449209757,31:0.9254978561475916,32:0.9812355942598269,33:0.6242448926267498,34:0.969280897459361,35:0.22637959423590626,36:0.662555678429509,37:0.3484374905446307,38:0.6777304033526411,39:0.26127670886501875,40:0.09164226485658289} with alpha 1.0 and beta 1.0
The order information:
Date: 2009-08-13T17:48:26.000+02:00
It predicted these items for order 1001406 :
   188 with score of 1.8968907781236792
   359 with score of 1.8968907781236792
   617 with score of 1.455387495352529
   616 with score of 1.420067232730837
   894 with score of 1.344412786870724
   291 with score of 1.324517271438806
   614 with score of 1.3228962066979841
   679 with score of 1.314106444865761
   611 with score of 1.3118418212610172
   545 with score of 1.2855285298391883
These are the actual items bought: 
   894
   561
   291
   1004
The current arm is 15 with vector {0:0.5781651940924313,1:0.5640212613260417,2:0.7610196520751292,3:0.3978076623309882,4:0.07181467980250877,5:0.311952459421327,6:0.023284695229381147,7:0.43529846361918845,8:0.1523830759142497,9:0.06067250086256937,10:0.30958288988744254,11:0.30047833855459183,12:0.6472315326495008,13:0.814776725504423,14:0.8539574207502926,15:0.47157024520434887,16:0.7667588604100422,17:0.20772938585308476,18:0.4233509776469123,19:0.20207054677696856,20:0.0611148409594936,21:0.061160903205994765,22:0.46919818410049485,23:0.014919345390434602,24:0.5741880123426318,25:0.9868156413183109,26:0.3708059173515441,27:0.5999653345774923,28:0.03433886753518245,29:0.8582037858342869,30:0.14898569927204186,31:0.40847244900496293,32:0.9648752023812815,33:0.8550433824671458,34:0.8370267899915711,35:0.38433401622566377,36:0.4296017965036132,37:0.40430908343181815,38:0.5552788894489955,39:0.957110238901311,40:0.07391258051629246} with alpha 98.0 and beta 49.0
The order information:
Date: 2009-08-17T18:36:23.000+02:00
It predicted these items for order 1002415 :
   1163 with score of 1.5569281024574377
   683 with score of 1.5162577955710896
   934 with score of 1.4876113511683309
   611 with score of 1.4333557732498559
   682 with score of 1.4215850818947637
   324 with score of 1.4160181496386062
   454 with score of 1.413331798235568
   933 with score of 1.413331798235568
   172 with score of 1.403223219466192
   693 with score of 1.400951872746774
These are the actual items bought: 
   1163
The current arm is 15 with vector {0:0.5781651940924313,1:0.5640212613260417,2:0.7610196520751292,3:0.3978076623309882,4:0.07181467980250877,5:0.311952459421327,6:0.023284695229381147,7:0.43529846361918845,8:0.1523830759142497,9:0.06067250086256937,10:0.30958288988744254,11:0.30047833855459183,12:0.6472315326495008,13:0.814776725504423,14:0.8539574207502926,15:0.47157024520434887,16:0.7667588604100422,17:0.20772938585308476,18:0.4233509776469123,19:0.20207054677696856,20:0.0611148409594936,21:0.061160903205994765,22:0.46919818410049485,23:0.014919345390434602,24:0.5741880123426318,25:0.9868156413183109,26:0.3708059173515441,27:0.5999653345774923,28:0.03433886753518245,29:0.8582037858342869,30:0.14898569927204186,31:0.40847244900496293,32:0.9648752023812815,33:0.8550433824671458,34:0.8370267899915711,35:0.38433401622566377,36:0.4296017965036132,37:0.40430908343181815,38:0.5552788894489955,39:0.957110238901311,40:0.07391258051629246} with alpha 177.0 and beta 139.0
The order information:
Date: 2009-08-20T12:11:51.000+02:00
It predicted these items for order 1003415 :
   1269 with score of 1.5865257299016928
   758 with score of 1.4995499469475393
   611 with score of 1.436469834041445
   748 with score of 1.422381684876145
   232 with score of 1.4107874043335373
   220 with score of 1.3984567594486366
   500 with score of 1.3916897143088094
   571 with score of 1.3896373493366716
   321 with score of 1.3764742399264631
   745 with score of 1.3738119247309108
These are the actual items bought: 
   1269
   323
The current arm is 38 with vector {0:0.836069832157369,1:0.5252981094279185,2:0.41164030679271124,3:0.38858099562256,4:0.5524879856776276,5:0.29632360935456514,6:0.7140464308950836,7:0.2961273881667287,8:0.7021496972893598,9:0.9230819299772836,10:0.41906294551998924,11:0.13344672286740067,12:0.3149212219946703,13:0.20988686482843066,14:0.8179009105588729,15:0.6155207095831361,16:0.47241396910628075,17:0.5810813166455252,18:0.6090503285846771,19:0.3974655257884413,20:0.6729799902232064,21:0.7835816370361312,22:0.042973859753358656,23:0.747169603936294,24:0.2641434643377949,25:0.6897089156226405,26:0.0402613586556666,27:0.1426876940841112,28:0.895108732720058,29:0.9284315587629085,30:0.7616784828375094,31:0.717704460487721,32:0.8127338332579502,33:0.2326308763738114,34:0.4584537081135893,35:0.8373215300390182,36:0.6423490771408007,37:0.9399051967569292,38:0.49145740127494886,39:0.6085350537612226,40:0.17453277383613153} with alpha 20.0 and beta 28.0
The order information:
Date: 2009-08-23T20:39:23.000+02:00
It predicted these items for order 1004416 :
   793 with score of 2.1202016425738224
   569 with score of 2.1159940528638796
   981 with score of 2.0386522998225787
   419 with score of 2.029492260433874
   781 with score of 2.022304702468662
   796 with score of 2.0098183690125766
   782 with score of 2.0088321283008304
   705 with score of 2.0016445703356185
   326 with score of 1.996345794844745
   976 with score of 1.996345794844745
These are the actual items bought: 
   1259
   353
   611
The current arm is 33 with vector {0:0.8709720544700451,1:0.9053771080125179,2:0.08064979247167359,3:0.5460843831013216,4:0.9061473595691377,5:0.71576093909035,6:0.2319107386160011,7:0.38590660433380475,8:0.24931437961043157,9:0.1838700007937405,10:0.6114492310427756,11:0.28817090558151237,12:0.8808143495701592,13:0.2007691829961692,14:0.7928578522196494,15:0.6516111483678125,16:0.9729258676026095,17:0.4956429137600942,18:0.2499783834948418,19:0.6057697140144458,20:0.6824439161219624,21:0.8188859862258295,22:0.9290398978324029,23:0.08073168058707902,24:0.47782861499643847,25:0.7434981643370783,26:0.05048097860468459,27:0.7297068522196567,28:0.6820550559021302,29:0.9201172724772682,30:0.5166864044406316,31:0.7858646998083129,32:0.8040918326187291,33:0.18618826716742853,34:0.19574862842242846,35:0.4287517828373243,36:0.8268233655234628,37:0.7824229539118739,38:0.6338916572795887,39:0.00757302271880278,40:0.666011419046005} with alpha 53.0 and beta 65.0
The order information:
Date: 2009-08-26T00:20:09.000+02:00
It predicted these items for order 1005419 :
   736 with score of 2.4964785526919235
   793 with score of 2.375918689197565
   299 with score of 2.050066381933439
   758 with score of 2.0480091827285127
   652 with score of 2.030022312522576
   795 with score of 2.0076806784529717
   764 with score of 1.9853788382918758
   783 with score of 1.9756507448928096
   1376 with score of 1.9714221904082976
   776 with score of 1.9485279010107246
These are the actual items bought: 
   570
The arm 0 has vector {0:0.15166515663333824,1:0.028668447956813337,2:0.19689490180438118,3:0.3692794035064694,4:0.6433714843866171,5:0.23222886900827144,6:0.5544969886232287,7:0.16938037644058845,8:0.09177467747996448,9:0.3835635011192223,10:0.5447415596279486,11:0.4116689047378026,12:0.019254694792244953,13:0.19541167375838753,14:0.9875120831364883,15:0.1997308153517563,16:0.219132735979643,17:0.8513157350920613,18:0.2200194966378599,19:0.8929679843734597,20:0.31334677718133697,21:0.5270247919148389,22:0.13668231832708688,23:0.03846787704798971,24:0.7019543150929107,25:0.6170875701893356,26:0.689674681129538,27:0.12064901527462302,28:0.16379661929962142,29:0.8950389917942754,30:0.4981804417267862,31:0.5283992539178701,32:0.22495642151468143,33:0.5430630291612228,34:0.12152024779194681,35:0.49932210319740133,36:0.5167006342653281,37:0.7126973940821106,38:0.7438544383119541,39:0.4158999343937809,40:0.978200901899922} with alpha 24.0 and beta 43.0, percentage 35.38461538461539
The arm 1 has vector {0:0.7575755570506864,1:0.7609089371683855,2:0.5364933487790337,3:0.7502365964790132,4:0.8146640575884871,5:0.09421561841682002,6:0.9463974422026215,7:0.058963268588515305,8:0.8685498123180416,9:0.5350989608434951,10:0.34543456057535515,11:0.5842589553049562,12:0.9482755007952612,13:0.4627681114278288,14:0.48950893696368303,15:0.5407359210959272,16:0.24478238317760226,17:0.27424968411851547,18:0.1245000839550896,19:0.3629751367365637,20:0.5328966833311065,21:0.3805513531314175,22:0.4394505067701707,23:0.9370072726639944,24:0.583131273055044,25:0.9397742369247816,26:0.20887337746168633,27:0.701427723079989,28:0.21147422643112557,29:0.7602950227038224,30:0.43139925520965017,31:0.772353273801302,32:0.11953494430250888,33:0.2997719107501462,34:0.6237878096152022,35:0.27925184972063477,36:0.021460381824400132,37:0.5370121945350022,38:0.424729522681897,39:0.9861524855663426,40:0.9854235181633508} with alpha 33.0 and beta 56.0, percentage 36.7816091954023
The arm 2 has vector {0:0.13124228609297262,1:0.05936531269952594,2:0.564738274714446,3:0.4427829165331094,4:0.5237831455244358,5:0.4608978038231305,6:0.03810197370825941,7:0.543677352458516,8:0.39680268743487246,9:0.7790058085126816,10:0.8295885648661027,11:0.6252438180939207,12:0.736943861150392,13:0.9841033338071109,14:0.0998644636409105,15:0.9881070262536397,16:0.7512869999005078,17:0.31566438416068987,18:0.9991039472749161,19:0.28595361149804577,20:0.3824211781641369,21:0.01781249381828376,22:0.22138497060412343,23:0.3310790774671214,24:0.24563193684807128,25:0.20602110669867313,26:0.9067057545832407,27:0.02141003294045185,28:0.3552782044542666,29:0.38845048524563275,30:0.9035440032427705,31:0.06477256391408559,32:0.3341781066523577,33:0.46191664353674444,34:0.388584528395886,35:0.7642595943425459,36:0.8673641064631867,37:0.24245503098347088,38:0.9079991175300568,39:0.8781439263372536,40:0.0906439864566223} with alpha 27.0 and beta 41.0, percentage 39.39393939393939
The arm 3 has vector {0:0.5722278093215855,1:0.24597817708864844,2:0.5965360877479657,3:0.48280164516471913,4:0.5009817201764337,5:0.31971537146983875,6:0.1482149647031047,7:0.4226030507231261,8:0.37512203100340835,9:0.46974890917022005,10:0.8688345052537562,11:0.8049650375013407,12:0.857702301281751,13:0.6142420430740628,14:0.1619290247464159,15:0.5947533748045186,16:0.5810437301890656,17:0.5850607319064527,18:0.47461208494031637,19:0.8672022617346131,20:0.1105633640512328,21:0.283351817014063,22:0.5741328370460814,23:0.03903012620507729,24:0.25216315371812903,25:0.015153988397708762,26:0.010837170243289451,27:0.857587968118131,28:0.381289676948262,29:0.6875516969109131,30:0.0020285632919678775,31:0.9390126486885466,32:0.7934155831273184,33:0.34755878781705074,34:0.9511941664908427,35:0.25622439900162786,36:0.2902597772348048,37:0.6784199894646371,38:0.6469645275583944,39:0.7366642176533806,40:0.3307397315396059} with alpha 115.0 and beta 147.0, percentage 43.84615384615385
The arm 4 has vector {0:0.616225515974686,1:0.9809851449574264,2:0.9128753845310447,3:0.5131655123985973,4:0.8662725837637694,5:0.7132240288885353,6:0.38520356339809414,7:7.290832502028222E-4,8:0.17986649098190732,9:0.0385214790333831,10:0.7839781425765378,11:0.22479544439318844,12:0.574540362486577,13:0.005660063561911288,14:0.697809742033465,15:0.9258960883559226,16:0.4004765895288256,17:0.7102054678780918,18:0.19301653578786093,19:0.6579366909090572,20:0.5147191428363789,21:0.30739900323077407,22:0.02115149786733983,23:0.20901072159901457,24:0.29146960376633824,25:0.5632926201063643,26:0.30742219494937095,27:0.3818657002382083,28:0.646477707195211,29:0.09680839298857724,30:0.029062590902374064,31:0.4000799016580807,32:0.5811501314584929,33:0.09871263083610793,34:0.0860261151740136,35:0.5170187068913686,36:0.20100538758045572,37:0.8684631163812401,38:0.9466803693015243,39:0.02799310935005761,40:0.765538574077506} with alpha 20.0 and beta 39.0, percentage 33.33333333333333
The arm 5 has vector {0:0.5803473806792532,1:0.6791904277147254,2:0.6879576388203158,3:0.12680174546361744,4:0.8257674489933424,5:0.8386536621140588,6:0.22599197753385925,7:0.5402634709210445,8:0.7114026187470984,9:0.09509352092763235,10:0.36750648585879264,11:0.3641789575937706,12:0.9301423812711532,13:0.9116395865432934,14:0.8564695985213051,15:0.25146090937609766,16:0.8113491766282116,17:0.5168018163846834,18:0.5122864428401711,19:0.8510724135870751,20:0.5916019724793808,21:0.06125565034561842,22:0.22041961399050758,23:0.03887312593102499,24:0.2555054165133285,25:0.632471973487471,26:0.854439335677508,27:0.09442188810568852,28:0.15375328070914573,29:0.4894786211171326,30:0.999164940937368,31:0.20138220549365204,32:0.6705037268554899,33:0.9824050635015154,34:0.09661100098863262,35:0.6193151864931865,36:0.7959855564338651,37:0.1656589943882687,38:0.12340829329794234,39:0.7150706005582839,40:0.08207973105554778} with alpha 55.0 and beta 77.0, percentage 41.53846153846154
The arm 6 has vector {0:0.6749711966107385,1:0.5501538647440108,2:0.487291274144834,3:0.020867333439408164,4:0.028050675797431146,5:0.7547541839230457,6:0.7871154672197864,7:0.31468437497469626,8:0.8488232135203607,9:0.2430012620546459,10:0.8807152040165582,11:0.7265198661565054,12:0.05082015370175008,13:0.20299447058774223,14:0.924323657269504,15:0.5203008465732708,16:0.8367910051863113,17:0.710492007564956,18:0.4058106043336116,19:0.9323298253622382,20:0.8285681294026555,21:0.5184756267268493,22:0.20871059642590561,23:0.27109908102009983,24:0.18171857802721658,25:0.5897987316738974,26:0.2678904689524281,27:0.6322073928213111,28:0.9900216739761725,29:0.505589100409431,30:0.6118087464941031,31:0.5130551807173811,32:0.29108648468596154,33:0.46441250195609707,34:0.871922407307557,35:0.02676047354739519,36:0.39768261201607025,37:0.7282796423368038,38:0.7150066595521233,39:0.1942764332445157,40:0.5166059749813763} with alpha 16.0 and beta 31.0, percentage 33.33333333333333
The arm 7 has vector {0:0.5705395685324833,1:0.9399113705811007,2:0.1285061680120122,3:0.6975662047987801,4:0.6486793584700382,5:0.2677618250795867,6:0.7762998918512606,7:0.27495449674350325,8:0.4069745340202543,9:0.634039542906202,10:0.11062816828482369,11:0.7764664191482035,12:0.8708382562713063,13:0.12039016611673226,14:0.3088616873862857,15:0.6300101790179083,16:0.7858343257705712,17:0.39802532425881887,18:0.7125853817390818,19:0.9919305064023872,20:0.5212329583118678,21:0.09299117855621364,22:0.38322595573411633,23:0.6478346962909559,24:0.23963319899535707,25:0.10256417198242807,26:0.9695378492783616,27:0.8461070401463775,28:0.6597712992497252,29:0.5706331205643265,30:0.6163141355834013,31:0.7099697526269443,32:0.34970702610756677,33:0.048165091405723226,34:0.3843565774297881,35:0.41013256888641947,36:0.9126402810001567,37:0.05350188797597377,38:0.8908269293992064,39:0.8773565316833449,40:0.2391797878547458} with alpha 38.0 and beta 59.0, percentage 38.94736842105263
The arm 8 has vector {0:0.9776907852457588,1:0.12100013407790633,2:0.11872941506441925,3:0.9273435816186348,4:0.6638137188530676,5:0.9006521173623079,6:0.9715385053496832,7:0.9101572148902541,8:0.24278894116959326,9:0.21224327630964046,10:0.8703377993358015,11:0.877812697259126,12:0.417818438738653,13:0.06612500505123386,14:0.09207709358453742,15:0.8454712820385347,16:0.9459677147635585,17:0.8884910254842182,18:0.2507541838610846,19:0.0885403364777394,20:0.9977102038422828,21:0.8009639659237724,22:0.38132424445612156,23:0.13288776412154402,24:0.737514516948365,25:0.7695283720007171,26:0.45190719944078406,27:0.03944240244479691,28:0.2954128689750005,29:0.04637651895195749,30:0.2957368443505052,31:0.05783791926959658,32:0.9703658911279541,33:0.12489448944074277,34:0.40041427882659075,35:0.17239611826650525,36:0.9139678761600021,37:0.609692773293577,38:0.27487485244452936,39:0.801005295839056,40:0.6853795753640594} with alpha 49.0 and beta 75.0, percentage 39.34426229508197
The arm 9 has vector {0:0.9373628423549196,1:0.2625632627500252,2:0.7283945005233099,3:0.5035435994706684,4:0.9023905677259766,5:0.6798961202433162,6:0.7666749230898097,7:0.9689827801521551,8:0.7119369212964829,9:0.28020473175488236,10:0.1884453667502236,11:0.6034439651064178,12:0.8887235969372993,13:0.32983534305280937,14:0.8874834928450083,15:0.787955500915106,16:0.28950359421581995,17:0.5542999062732384,18:0.7496344954015424,19:0.7484182743648112,20:0.8828023381620645,21:0.5320523278188198,22:0.4457658346621859,23:0.7022419740180951,24:0.7472376711341719,25:0.3104886722381114,26:0.7407445970538434,27:0.07554496049997139,28:0.624037103970162,29:0.9626131254385868,30:0.4220462103648076,31:0.5220034929611824,32:0.39368133308810427,33:0.8957370915542976,34:0.17049669715245042,35:0.6305423608345772,36:0.10743101962824142,37:0.2719254745542379,38:0.253626595988491,39:0.2180564745492951,40:0.44588315121025535} with alpha 34.0 and beta 48.0, percentage 41.25
The arm 10 has vector {0:0.36498174380335513,1:0.38723184005120415,2:0.16629489748807702,3:0.3743396558131875,4:0.34298977658152185,5:0.5185534038751654,6:0.053224745229840886,7:0.9507848013905968,8:0.8536412039481069,9:0.0874660664025978,10:0.9377869536497807,11:0.008628817384334075,12:0.08250710450583776,13:0.7618964484741927,14:0.6187131111184049,15:0.0839272198018799,16:0.37703075285744436,17:0.503073873329744,18:0.7537380632400696,19:0.42841640327113284,20:0.22419083104210835,21:0.1603229267847619,22:0.28586259463586416,23:0.504638372882578,24:0.06544715261738088,25:0.4144596692305328,26:0.07975286332550513,27:0.8359242363939261,28:0.3344704470519484,29:0.9464119968125415,30:0.016166787319420117,31:0.45980621940078137,32:0.9416646529435913,33:0.7412281250853378,34:0.3695435406170542,35:0.3447666533210918,36:0.6589024529530993,37:0.9313461392780417,38:0.07014520000192648,39:0.7242976021541333,40:0.13916917188914535} with alpha 51.0 and beta 73.0, percentage 40.98360655737705
The arm 11 has vector {0:0.8726479476204707,1:0.6953593870118607,2:0.22183628264169553,3:0.07270778138979228,4:0.9463676539311628,5:0.5957040099938643,6:0.6268812408434616,7:0.8816486574315744,8:0.21818817467175877,9:0.8567966395812112,10:0.18545017065950764,11:0.552262916133593,12:0.9258233608620084,13:0.7157633237711674,14:0.6177842553857472,15:0.6660438991501464,16:0.14293959608976636,17:0.7624688071732149,18:0.9426455198874448,19:0.7918258245905542,20:0.8512884184736762,21:0.7830976148652435,22:0.8662003781411682,23:0.7771921607082861,24:0.10838761820338294,25:0.21503720639805635,26:0.3442650382411717,27:0.24621596701570647,28:0.7410634559047776,29:0.20816314646651102,30:0.9496991498563063,31:0.5175471235690198,32:0.8704758552542021,33:0.025790501223077467,34:0.918813446067492,35:0.9342167570719845,36:0.08530727705617425,37:0.3781803662487979,38:0.9966352854502014,39:0.5851277182414095,40:0.497210766327285} with alpha 7.0 and beta 24.0, percentage 20.689655172413794
The arm 12 has vector {0:0.17643072744167687,1:0.3054543718136219,2:0.48827168595255865,3:0.3253096771251677,4:0.971535992833157,5:0.768417352434057,6:0.8943321415698646,7:0.50081823198697,8:0.36258886528450085,9:0.3284210456687069,10:0.41999708460226126,11:0.0724503648462157,12:0.6142012053126539,13:0.732865322828182,14:0.2341878262580933,15:0.9002993223034597,16:0.39959865031765973,17:0.9736484078886658,18:0.2840685300059127,19:0.10217320130719743,20:0.09764119193528464,21:0.3528175856950503,22:0.07339876625411712,23:0.19961924371317152,24:0.019890337004712988,25:0.7284624320677413,26:0.6055700195758775,27:0.6883998839701061,28:0.741936923035365,29:0.9237597223854499,30:0.844164449209757,31:0.9254978561475916,32:0.9812355942598269,33:0.6242448926267498,34:0.969280897459361,35:0.22637959423590626,36:0.662555678429509,37:0.3484374905446307,38:0.6777304033526411,39:0.26127670886501875,40:0.09164226485658289} with alpha 28.0 and beta 42.0, percentage 39.705882352941174
The arm 13 has vector {0:0.5564816481397393,1:0.6318936287159057,2:0.2617644447886014,3:0.29899553409299795,4:0.9400290499793782,5:0.5369005849218869,6:0.7676179315408398,7:0.6999645325809671,8:0.45310383017026834,9:0.26634057166677594,10:0.781459782428845,11:0.060227743659512334,12:0.13447315214852773,13:0.11127519901215044,14:0.7500187323593732,15:0.1037868581810254,16:0.15886047163228434,17:0.02384890536221629,18:0.44966467596826953,19:0.8834706370881239,20:0.38372418940394637,21:0.6025284641691295,22:0.8654900370253653,23:0.6338431460650725,24:0.9928292391543501,25:0.08894774329616673,26:0.7204943548611065,27:0.4323460856843274,28:0.04126158728365059,29:0.2905736210514023,30:0.5018673218711632,31:0.2257715272312214,32:0.4817429313966798,33:0.020924395844629018,34:0.28962684289426655,35:0.27790114857556836,36:0.48048392135072404,37:0.06794459128199926,38:0.6795812109964294,39:0.7298620639851471,40:0.5454969219742464} with alpha 8.0 and beta 22.0, percentage 25.0
The arm 14 has vector {0:0.33018513878282185,1:0.870418032250865,2:0.968245215211081,3:0.3496877922517768,4:0.9562961135460398,5:0.020686273856547643,6:0.4600049549565337,7:0.019140904825096006,8:0.4925192667240559,9:0.09466028808641491,10:0.5316732966015112,11:0.19129159789733152,12:0.4618277934054733,13:0.900588995427224,14:0.9094660120274197,15:0.1832695738951602,16:0.5730646413668371,17:0.1466182340703326,18:0.752904064331479,19:0.501492353302077,20:0.389365490254713,21:0.5853522498183985,22:0.5655369866373753,23:0.3634108518545708,24:0.5447348343476615,25:0.9517676585762466,26:0.874125134750289,27:0.1745398646963794,28:0.7032226393106793,29:0.33599956238748596,30:0.32574095979781004,31:0.26674465580589235,32:0.2717661123507893,33:0.19047559490390809,34:0.9176127174489308,35:0.932088485518893,36:0.3654363587293986,37:0.9491015497598597,38:0.2600106558464592,39:0.8706695610054338,40:0.0027392073006274886} with alpha 4.0 and beta 16.0, percentage 16.666666666666664
The arm 15 has vector {0:0.5781651940924313,1:0.5640212613260417,2:0.7610196520751292,3:0.3978076623309882,4:0.07181467980250877,5:0.311952459421327,6:0.023284695229381147,7:0.43529846361918845,8:0.1523830759142497,9:0.06067250086256937,10:0.30958288988744254,11:0.30047833855459183,12:0.6472315326495008,13:0.814776725504423,14:0.8539574207502926,15:0.47157024520434887,16:0.7667588604100422,17:0.20772938585308476,18:0.4233509776469123,19:0.20207054677696856,20:0.0611148409594936,21:0.061160903205994765,22:0.46919818410049485,23:0.014919345390434602,24:0.5741880123426318,25:0.9868156413183109,26:0.3708059173515441,27:0.5999653345774923,28:0.03433886753518245,29:0.8582037858342869,30:0.14898569927204186,31:0.40847244900496293,32:0.9648752023812815,33:0.8550433824671458,34:0.8370267899915711,35:0.38433401622566377,36:0.4296017965036132,37:0.40430908343181815,38:0.5552788894489955,39:0.957110238901311,40:0.07391258051629246} with alpha 289.0 and beta 317.0, percentage 47.682119205298015
The arm 16 has vector {0:0.6065147488675267,1:0.127730575459733,2:0.09333937879867427,3:0.6932826314229206,4:0.10558845916991566,5:0.35073318492905925,6:0.8467174863081376,7:0.5712180104912059,8:0.6996028377004745,9:0.900685673706642,10:0.3484736961282502,11:0.29244916303833135,12:0.9113670678176097,13:0.7614835257334438,14:0.49310776354900165,15:0.6998715561515665,16:0.10567669790790635,17:0.15609357830898885,18:0.5445423299805622,19:0.5402197905174976,20:0.09993731088134006,21:0.7940652211824399,22:0.30494666964236716,23:0.8090625266115518,24:0.0913134401107073,25:0.7773062812627416,26:0.14511923621047285,27:0.6788973799238296,28:0.6719425023483421,29:0.24412837853501712,30:0.1839040833641915,31:0.9892651570574104,32:0.24054617769179987,33:0.8036391380966096,34:0.3370781830958838,35:0.4409344112309417,36:0.6342906727665124,37:0.8143296842491669,38:0.5317047787146608,39:0.8449564693111348,40:0.8128744367850474} with alpha 9.0 and beta 23.0, percentage 26.666666666666668
The arm 17 has vector {0:0.2032548350404746,1:0.21169736539590822,2:0.6402211461314714,3:0.21401160399841113,4:0.475773830083727,5:0.8139562310146927,6:0.8512044002099785,7:0.001990936891273054,8:0.3719189026027391,9:0.6354557298316654,10:0.2134938760202918,11:0.17947945455622794,12:0.6394695062436991,13:0.031264352802819806,14:0.19626137590428105,15:0.5206153576681161,16:0.7338637554807045,17:0.15974877680558675,18:0.08626966644981926,19:0.16885978461249995,20:0.7571439862810975,21:0.5574587282657374,22:0.04558758634251625,23:0.4943716787577218,24:0.976374779942047,25:0.279540903333646,26:0.1923020240631792,27:0.19717563411450334,28:0.4227997026010121,29:0.7476774883899999,30:0.36241743361087986,31:0.1759049685257813,32:0.6801527598841788,33:0.4991949759731168,34:0.6660295694855327,35:0.07237587257747569,36:0.35329994084520133,37:0.751984426168831,38:0.4243416992615826,39:0.7939980008082574,40:0.926032024777107} with alpha 21.0 and beta 38.0, percentage 35.08771929824561
The arm 18 has vector {0:0.9872536423136175,1:0.29650515494965723,2:0.23560291355369722,3:0.520062898454834,4:0.2836735536365027,5:0.16981037786943742,6:0.3673929016439691,7:0.35026678412827195,8:0.24965573699316412,9:0.8571984006797505,10:0.7430830829137697,11:0.9032797443579997,12:0.03387128225869773,13:0.27701639265067846,14:0.3489866763476578,15:0.06462604869188526,16:0.7678812884859806,17:0.42841344171285733,18:0.9449996142631704,19:0.5168260922737339,20:0.23573456529025805,21:0.2380021641959843,22:0.058219728299619744,23:0.47115886244272653,24:0.003558409527042339,25:0.3334629567518954,26:0.4150474544466938,27:0.2924504297558185,28:0.5024932043599122,29:0.03285836160486377,30:0.3260655297185091,31:0.38049069989187534,32:0.12127978937698292,33:0.6394223728703565,34:0.5631353081257655,35:0.20425238567686244,36:0.4976656764213854,37:0.49140326870056783,38:0.06617582807598565,39:0.0505775377848906,40:0.22622497256839647} with alpha 6.0 and beta 20.0, percentage 20.833333333333336
The arm 19 has vector {0:0.05213113723668006,1:0.7469673451671274,2:0.8258927570887106,3:0.2790092945164959,4:0.43375188824976263,5:0.08643278162730139,6:0.8401639788153741,7:0.17038599295782464,8:0.2209282618165641,9:0.16897171241228892,10:0.8544225239989289,11:0.0057398925831079195,12:0.2761288196299092,13:0.06866673793599909,14:0.09743780336420482,15:0.27716541168397624,16:0.08629149947590486,17:0.5085826790476043,18:0.179610784446252,19:0.9422992141919975,20:0.28513460835169224,21:0.29458945252777113,22:0.7388803829691469,23:0.5509117715408505,24:0.9483888430053837,25:0.8366061626381395,26:0.8979061236724866,27:0.4378781467099231,28:0.3281832509206092,29:0.029984869591467955,30:0.7013440103292169,31:0.6237016138629827,32:0.08551344809975525,33:0.1258139883037842,34:0.7586425284384046,35:0.27813443976269103,36:0.30686607735714433,37:0.9836026231158227,38:0.23256031666913912,39:0.06159537302607854,40:0.9727785873606871} with alpha 4.0 and beta 16.0, percentage 16.666666666666664
The arm 20 has vector {0:0.23077343903052627,1:0.009857578350975227,2:0.9060325470736577,3:0.051330544239321596,4:0.40065900102964125,5:0.29396671457883605,6:0.871381835428584,7:0.029739917012629236,8:0.18701206834561135,9:0.8454160079563103,10:0.5848397909060395,11:0.8067768046412216,12:0.7220128133621878,13:0.2634730601328187,14:0.3173559899621097,15:0.9303833251391641,16:0.9481166570628944,17:0.40037909058098453,18:0.4530685505028732,19:0.9873776223839942,20:0.2884940381828196,21:0.7128931754277708,22:0.2590331202936099,23:0.974385608695802,24:0.6918572353195939,25:0.3787646178226399,26:0.25685441396915765,27:0.20374498445283962,28:0.2975538686067446,29:0.3062076991622654,30:0.45506702202168126,31:0.6883163363781558,32:0.7477889263196571,33:0.6256903602613904,34:0.8251391064537404,35:0.5522489189741608,36:0.7503425522046526,37:0.16265224107164666,38:0.10753628185024666,39:0.5114790446136211,40:0.8858033641729983} with alpha 61.0 and beta 90.0, percentage 40.26845637583892
The arm 21 has vector {0:0.4758465426512919,1:0.1508511847268007,2:0.5522892009132871,3:0.17721399083237288,4:0.5400203635318296,5:0.5352686063117398,6:0.8978505367359921,7:0.2491903750480956,8:0.5744665262047844,9:0.935190893630738,10:0.9298888629002606,11:0.04526620717541485,12:0.31806932210517014,13:0.05253986945192435,14:0.4707356726426768,15:0.6694094576785791,16:0.9725381302964384,17:0.9336564414421143,18:0.32846400239825924,19:0.17861895476017986,20:0.2692561104738912,21:0.7881181779616934,22:0.2371094625160417,23:0.6950846193709068,24:0.6155778050095014,25:0.7362686870153297,26:0.09856825897044175,27:0.9725818129737969,28:0.38230227608792844,29:0.6527702175175777,30:0.8326437931091568,31:0.7419113475606552,32:0.4728289169260991,33:0.4779240539508952,34:0.14140693549174388,35:0.05452320663479049,36:0.04022631570842439,37:0.8844431466670942,38:0.1952354260377983,39:0.7185308674168619,40:0.012499063898582796} with alpha 47.0 and beta 70.0, percentage 40.0
The arm 22 has vector {0:0.18444968062708644,1:0.6121332605805992,2:0.00821808010123315,3:0.7421949100558644,4:0.6311663790780853,5:0.9723834256923964,6:0.997826997137865,7:0.27354613239954717,8:0.5323650916925391,9:0.5258814213212624,10:0.1521968680081489,11:0.004736083088215826,12:0.7515607666729228,13:0.4187571993216722,14:0.3354536356510913,15:0.017181737178972423,16:0.800337842270787,17:0.3020008893428312,18:0.5026921114539847,19:0.619452615871957,20:0.08933240394437658,21:0.8855352506936512,22:0.5268726059096,23:0.374459323706854,24:0.5451717019363045,25:0.1477412702422758,26:0.34470683784559997,27:0.36424049512857415,28:0.5378407777504408,29:0.20806115464928776,30:0.2310108194522753,31:0.6719202161467179,32:0.6913925806408628,33:0.3049463278817959,34:0.7174857192024925,35:0.6065602448255578,36:0.3267800546866162,37:7.936973269706549E-5,38:0.18551957345645465,39:0.24397940933389217,40:0.18983516179238247} with alpha 40.0 and beta 61.0, percentage 39.39393939393939
The arm 23 has vector {0:0.7759307277832495,1:0.4682900548024995,2:0.031120225950860392,3:0.8820457393414441,4:0.2176015516296954,5:0.5876944932218974,6:0.5930608295207803,7:0.46064019884733254,8:0.5359613986849362,9:0.28595967054712024,10:0.15281637109183832,11:0.014274335354044765,12:0.45328126131326385,13:0.8019811298116478,14:0.9135234633018701,15:0.18817312116091456,16:0.6627706784621346,17:0.26692190032260665,18:0.7629320967526537,19:0.4110015123753693,20:0.36066577128336774,21:0.9396109334388403,22:0.6494429775735384,23:0.13955921112476755,24:0.16759514409838827,25:0.5307131013309778,26:0.8303141778443769,27:0.9095215954703594,28:0.23962795859727004,29:0.7476046488820243,30:0.10436563857296577,31:0.02622737382557272,32:0.672559129036681,33:0.18174111946726812,34:0.3892709538874898,35:0.010398620154760563,36:0.940555758376129,37:0.42315861925192955,38:0.020781685402164518,39:0.8816595297456694,40:0.8024832706174445} with alpha 34.0 and beta 56.0, percentage 37.5
The arm 24 has vector {0:0.7735513275277232,1:0.8091481519861975,2:0.814587806328532,3:0.6481550846727954,4:0.5515369478438013,5:0.41925276215318885,6:0.03909285384058314,7:0.8843139043508403,8:0.4836055532171115,9:0.07200684077813735,10:0.1117197694361145,11:0.46570635966680096,12:0.33039581598226175,13:0.5974679568010655,14:0.6779406902490809,15:0.36918009007855557,16:0.8128712825072614,17:0.5847840155396892,18:0.43758636996818856,19:0.4642969353901749,20:0.1675218060046718,21:0.021364232883495204,22:0.743340565514141,23:0.8622592856938093,24:0.8577165801125527,25:0.8369937837975253,26:0.34859625485214507,27:0.2656121200770626,28:0.42263859829225725,29:0.9109303457183358,30:0.4724421387019071,31:0.22053074836620934,32:0.15929408419040392,33:0.405646469801507,34:0.41150652915259656,35:0.22382744278006517,36:0.8769869184372774,37:0.7520959227344924,38:0.22543579098409205,39:0.20192747615106177,40:0.31617659215632155} with alpha 141.0 and beta 168.0, percentage 45.60260586319218
The arm 25 has vector {0:0.6505062466827499,1:0.30344315177395675,2:0.0035585842340156715,3:0.012990194272666455,4:0.8186600100963605,5:0.5655097766775733,6:0.625860962760468,7:0.6968369931534751,8:0.6167983859318295,9:0.9209613229217587,10:0.2604993092585369,11:0.22439340054641155,12:0.32547901241592925,13:0.2647448132834658,14:0.5893019959320468,15:0.2003058019644517,16:0.39447412239748714,17:0.18266435785338697,18:0.33210323257460406,19:0.5740724562276386,20:0.007238638208769577,21:0.10360810166404477,22:0.9833702226351665,23:0.8278760005807657,24:0.5788073256045178,25:0.617326367891371,26:0.7796213588380134,27:0.8399007431888903,28:0.44473206751091776,29:0.23517827684139392,30:0.13669245021720333,31:0.10271433424953669,32:0.40016492297166917,33:0.21051801839147288,34:0.11761097393201625,35:0.9259575075572698,36:0.6303198561907422,37:0.4507781814476236,38:0.9146838919971126,39:0.9276269087231316,40:0.3399336625190984} with alpha 15.0 and beta 31.0, percentage 31.818181818181817
The arm 26 has vector {0:0.35818372520496466,1:0.44687226261767765,2:0.2056044358753546,3:0.9791052093556085,4:0.9092406113283203,5:0.4782713553142752,6:0.22050258484418173,7:0.6932826020912259,8:0.28694590536360864,9:0.6309363399138926,10:0.8399139677970902,11:0.2732807248854745,12:0.02201938145000104,13:0.7291468157972825,14:0.021919362204373183,15:0.29481285663319634,16:0.6142261667383601,17:0.5628502339262372,18:0.36227792494268607,19:0.6081294265502001,20:0.8170848003818056,21:0.7029572169928036,22:0.6457464524241718,23:0.6276118543055657,24:0.6987558803377105,25:0.5554591820897523,26:0.03527067298388076,27:0.16163488174031304,28:0.08922537799709296,29:0.7543613638164024,30:0.5460433006388745,31:0.04509862141946375,32:0.288236556794201,33:0.4519384042268616,34:0.14475639793626127,35:0.3525938459504021,36:0.7179948617036953,37:0.7665813254662235,38:0.19612318927719086,39:0.8472730268789825,40:0.004338167450327668} with alpha 8.0 and beta 24.0, percentage 23.333333333333332
The arm 27 has vector {0:0.9199107950659963,1:0.16319931134385768,2:0.99306361796128,3:0.7066791796289145,4:0.5798160829834307,5:0.9382761873273687,6:0.10576703491443251,7:0.839212665889478,8:0.9288049268677196,9:0.9578879829235202,10:0.0650827665583551,11:0.8205171145268114,12:0.06462840625856203,13:0.09689662970749391,14:0.6459412325727072,15:0.16868690600994918,16:0.09695987887769786,17:0.3924003327539274,18:0.34014914451658995,19:0.11487949042277412,20:0.00952227658242033,21:0.705113441940048,22:0.4981213372851184,23:0.04806129740753051,24:0.028813641996475736,25:0.2907983140933268,26:0.9786524468655039,27:0.4402037076280282,28:0.3278792935747591,29:0.4773004524871026,30:0.16476776821256556,31:0.4150510807514418,32:0.01641025690235276,33:0.39458186350985724,34:0.3179361221479353,35:0.08918515570857966,36:0.6336251444570629,37:0.9308452213513568,38:0.28814397534131286,39:0.7037740001822173,40:0.07137305061003296} with alpha 22.0 and beta 38.0, percentage 36.206896551724135
The arm 28 has vector {0:0.007926224320986774,1:0.6835729923361883,2:0.27658103314292715,3:0.8663689056520366,4:0.5192089622642377,5:0.02038658969469409,6:0.5126060973255872,7:0.12381471655247589,8:0.3317748830123798,9:0.03954522153924178,10:0.8174398805049662,11:0.16896003545705907,12:0.541260411771933,13:0.4127719291520492,14:0.4106040392812921,15:0.5204598595319038,16:0.802236871927815,17:0.4507969409846255,18:0.13099001949899092,19:0.10483416814075985,20:0.3274727539969243,21:0.1012821230193921,22:0.7825232290468167,23:0.05451015417398952,24:0.8879020769810363,25:0.04430981919339827,26:0.1874717606281081,27:0.6190967570403636,28:0.9454147433671081,29:0.8833153494051268,30:0.35041948222070285,31:0.02086282295504116,32:0.051601205222124746,33:0.8709658031377456,34:0.7271083361480223,35:0.2774707573943047,36:0.5966255760601904,37:0.007909189830083485,38:0.11481086888741943,39:0.7043399756919674,40:0.10355896275156973} with alpha 15.0 and beta 33.0, percentage 30.434782608695656
The arm 29 has vector {0:0.5122198620820873,1:0.32144061401041746,2:0.04387291853676423,3:0.6985442927162867,4:0.05766458553724174,5:0.012790708372229065,6:0.4349164135132251,7:0.8440450170347961,8:0.1615922876777679,9:0.17269889030456698,10:0.757396067334965,11:0.1323650313157132,12:0.7243928198404214,13:0.8773680216450592,14:0.189970133435296,15:0.6229399211215736,16:0.7001075684744757,17:0.11899986841739763,18:0.609204004505083,19:0.08758403175843565,20:0.06853929044690465,21:0.49058790798291696,22:0.4582548918446948,23:0.24589670168913547,24:0.016150799448644504,25:0.1046517664103882,26:0.07929505315743457,27:0.6826013855055063,28:0.15209893421593412,29:0.2180097533348091,30:0.22269607749428721,31:0.6648970591141846,32:0.18762244981161957,33:0.20574347254862269,34:0.5522468852907892,35:0.9137126608361777,36:0.43451597588690105,37:0.9912821460706612,38:0.5444927935308949,39:0.5621058369316028,40:0.7914484341899634} with alpha 5.0 and beta 20.0, percentage 17.391304347826086
The arm 30 has vector {0:0.1127875287900647,1:0.8626049199572878,2:0.9679496209112378,3:0.8522236786413374,4:0.9195987483622848,5:0.4715154202034456,6:0.915340017878703,7:0.3537732096940398,8:0.4714244165363777,9:0.9730573869800512,10:0.9812732520686748,11:0.689796193536384,12:0.6486171094763461,13:0.8786743805402363,14:0.9914045527206526,15:0.7142316639509017,16:0.8739825340669751,17:0.21539003703107096,18:0.4763913954837279,19:0.8795603486103305,20:0.15298037353498561,21:0.8896335119466467,22:0.5040343479562988,23:0.8229018159423838,24:0.237739339544093,25:0.3665180763585335,26:0.16880262221693654,27:0.9026848192721777,28:0.6168651893299575,29:0.6304204048751862,30:0.4329164377561192,31:0.9860635210681541,32:0.8807150010436345,33:0.12466749183298409,34:0.8278987813591273,35:0.2855965913744888,36:0.7713042520663468,37:0.018108245451923466,38:0.44490273291923,39:0.2541115778284495,40:0.6724108185550807} with alpha 63.0 and beta 84.0, percentage 42.758620689655174
The arm 31 has vector {0:0.9069326768422928,1:0.45600783598528005,2:0.6407436238985709,3:0.7956499454082457,4:0.5224357806429962,5:0.10005390273321224,6:0.7619144520546861,7:0.928251682108827,8:0.08655789275568349,9:0.6863768962263191,10:0.04425768812945752,11:0.30614306509147005,12:0.47924466996610293,13:0.5085709133017406,14:0.37302513351034927,15:0.8391071572556621,16:0.4113841360772317,17:0.9265897198578414,18:0.5336414832617267,19:0.5893444912426992,20:0.3959939094279967,21:0.633863880995459,22:0.7088444444602027,23:0.7236822310884443,24:0.8840237924302208,25:0.8995212738740761,26:0.1696212495399888,27:0.2112963907777331,28:0.5453070525833168,29:0.19286543497861652,30:0.5447318961108691,31:0.4349301824353057,32:0.7849124258239498,33:0.9279320194718822,34:0.24322057145974618,35:0.6281031439207033,36:0.8391035257430192,37:0.22667414445631018,38:0.8546638414642775,39:0.1003959297851943,40:0.5160038437848634} with alpha 18.0 and beta 33.0, percentage 34.69387755102041
The arm 32 has vector {0:0.35272455217085286,1:0.6875809274215625,2:0.30708310262984784,3:0.3740757363720557,4:0.25253203824364057,5:0.24932724559720099,6:0.25454584837392746,7:0.31636482088818696,8:0.2696131224582866,9:0.5614988707331968,10:0.30260850800181904,11:0.5821862586048725,12:0.6993811304055835,13:0.45828738490364784,14:0.8383396086057281,15:0.060512611155535856,16:0.06020138585039958,17:0.6163993828050501,18:0.737270889640951,19:0.5424209664455445,20:0.9306171692975772,21:0.5159114501326315,22:0.7616698248272672,23:0.9588132232520765,24:0.19409576224842817,25:0.7476027882619617,26:0.4459892111521079,27:0.5073472293603636,28:0.3059095466682602,29:0.755193354951137,30:0.8171502929452646,31:0.22556828033782483,32:0.16030813307531788,33:0.7725770046856413,34:0.23688245131526064,35:0.4674026468908501,36:0.0065110239602304,37:0.3370319634540121,38:0.8685981815018537,39:0.6107814698374587,40:0.859339645037676} with alpha 73.0 and beta 81.0, percentage 47.368421052631575
The arm 33 has vector {0:0.8709720544700451,1:0.9053771080125179,2:0.08064979247167359,3:0.5460843831013216,4:0.9061473595691377,5:0.71576093909035,6:0.2319107386160011,7:0.38590660433380475,8:0.24931437961043157,9:0.1838700007937405,10:0.6114492310427756,11:0.28817090558151237,12:0.8808143495701592,13:0.2007691829961692,14:0.7928578522196494,15:0.6516111483678125,16:0.9729258676026095,17:0.4956429137600942,18:0.2499783834948418,19:0.6057697140144458,20:0.6824439161219624,21:0.8188859862258295,22:0.9290398978324029,23:0.08073168058707902,24:0.47782861499643847,25:0.7434981643370783,26:0.05048097860468459,27:0.7297068522196567,28:0.6820550559021302,29:0.9201172724772682,30:0.5166864044406316,31:0.7858646998083129,32:0.8040918326187291,33:0.18618826716742853,34:0.19574862842242846,35:0.4287517828373243,36:0.8268233655234628,37:0.7824229539118739,38:0.6338916572795887,39:0.00757302271880278,40:0.666011419046005} with alpha 66.0 and beta 90.0, percentage 42.2077922077922
The arm 34 has vector {0:0.14984381832149163,1:0.9418032551762284,2:0.6357760858345257,3:0.21031360653558506,4:0.4844485051084011,5:0.5874213731518344,6:0.29908076209047807,7:0.6113769526607474,8:0.4523104747860436,9:0.1332759640764598,10:0.8223725461177543,11:0.4291546903756719,12:0.8432919339194288,13:0.61998463544737,14:0.8041445599840514,15:0.2647801553528615,16:0.2198598945025121,17:0.4362754293378728,18:0.3562977911891936,19:0.11246320488054506,20:0.509351074583797,21:0.7523107818553266,22:0.7554302283848332,23:0.25949729982180947,24:0.8970096499566009,25:0.28580325541638973,26:0.4286452951818187,27:0.5105415002676438,28:0.747001356835364,29:0.6382193893714246,30:0.21071003518638065,31:0.5904614789167436,32:0.5126167364409892,33:0.971153007178179,34:0.2654294958737511,35:0.06857204135365869,36:0.4330416395790524,37:0.8544569523045584,38:0.744470859274701,39:0.3252665013738042,40:0.16692653846472016} with alpha 3.0 and beta 15.0, percentage 12.5
The arm 35 has vector {0:0.14981678099250573,1:0.7831229598844144,2:0.0011526054926347395,3:0.8561242460885288,4:0.6582663930568681,5:0.8683831804779204,6:0.978679141918466,7:0.9399116515699305,8:0.47432202175085436,9:0.15720720390324505,10:0.2429172280000368,11:0.22286872477063124,12:0.24323464382766946,13:0.0500869982072657,14:0.029918117561571367,15:0.5381470801168833,16:0.13249478671876858,17:0.9019676786113601,18:0.4389123895572937,19:0.7151465024540488,20:0.8489616295189314,21:0.8039573153667859,22:0.3204749575654491,23:0.6686135131892336,24:0.3662838817538794,25:0.20812597550438539,26:0.8034910401385427,27:0.2257541503908984,28:0.8799838700885143,29:0.7016541445113181,30:0.7069791088749797,31:0.6882607116470687,32:0.5042008932823867,33:0.35576495736503544,34:0.28155483202142706,35:0.820006050024116,36:0.6335967042616465,37:0.8377853352559447,38:0.7301494534004831,39:0.7703078631971948,40:0.7587839580208907} with alpha 9.0 and beta 25.0, percentage 25.0
The arm 36 has vector {0:0.40873151239064454,1:0.44827858844821167,2:0.9675306027883277,3:0.4704798444087055,4:0.728677364822162,5:0.20275324371637615,6:0.18150929641183233,7:0.4707666663431187,8:0.3597011640276634,9:0.03258142137266051,10:0.2565407898765978,11:0.8741618780910871,12:0.3954804528068877,13:0.2121653647894235,14:0.13339011488669428,15:0.47697000112899046,16:0.6825790202339563,17:0.721138285426758,18:0.23695605274422504,19:0.9439006663050731,20:0.33275673121909155,21:0.13716335376304045,22:0.986262972214031,23:0.8388710205158119,24:0.7486119621791406,25:0.042373779656305066,26:0.8778932362942307,27:0.961795065271612,28:0.7888588290964387,29:0.7107309561086611,30:0.7006387648224087,31:0.6826728411495186,32:0.8641311255660197,33:0.5775608219145045,34:0.8890888487851671,35:0.07294849067312881,36:0.18708417690184054,37:0.40120591745034595,38:0.5172810312836968,39:0.411231934445093,40:0.47810103553889316} with alpha 28.0 and beta 46.0, percentage 37.5
The arm 37 has vector {0:0.004108259381377377,1:0.6755700269971229,2:0.07577685451671756,3:0.7065021732482017,4:0.09089490055728688,5:0.9622204996654831,6:0.8560432749983721,7:0.5682665821298677,8:0.15009729761891888,9:0.030406949288075524,10:0.4017002443640918,11:0.27627030390888263,12:0.8837001993681554,13:0.11054498578796434,14:0.4936399782601516,15:0.6277103409373777,16:0.8114859161218827,17:0.7468374053718919,18:0.5521231600962065,19:0.8993781175854367,20:0.08268032812591175,21:0.013386779558249295,22:0.7394305696006563,23:0.04528755688535624,24:0.9121016506707371,25:0.2546701034038412,26:0.04929187074909125,27:0.6614999487064273,28:0.6727602143701336,29:0.17707561513015724,30:0.25786629700564634,31:0.3873898431722206,32:0.37702272774927115,33:0.9848968410506203,34:0.1539827334167656,35:0.7911011228538266,36:0.9748167065873989,37:0.5883009028149024,38:0.21901650747821855,39:0.002125035110643214,40:0.46925932758288247} with alpha 3.0 and beta 13.0, percentage 14.285714285714285
The arm 38 has vector {0:0.836069832157369,1:0.5252981094279185,2:0.41164030679271124,3:0.38858099562256,4:0.5524879856776276,5:0.29632360935456514,6:0.7140464308950836,7:0.2961273881667287,8:0.7021496972893598,9:0.9230819299772836,10:0.41906294551998924,11:0.13344672286740067,12:0.3149212219946703,13:0.20988686482843066,14:0.8179009105588729,15:0.6155207095831361,16:0.47241396910628075,17:0.5810813166455252,18:0.6090503285846771,19:0.3974655257884413,20:0.6729799902232064,21:0.7835816370361312,22:0.042973859753358656,23:0.747169603936294,24:0.2641434643377949,25:0.6897089156226405,26:0.0402613586556666,27:0.1426876940841112,28:0.895108732720058,29:0.9284315587629085,30:0.7616784828375094,31:0.717704460487721,32:0.8127338332579502,33:0.2326308763738114,34:0.4584537081135893,35:0.8373215300390182,36:0.6423490771408007,37:0.9399051967569292,38:0.49145740127494886,39:0.6085350537612226,40:0.17453277383613153} with alpha 30.0 and beta 45.0, percentage 39.726027397260275
The arm 39 has vector {0:0.8362746320574408,1:0.7615647488407032,2:0.2929528665916523,3:0.3647711421712059,4:0.9234643469157796,5:0.3896764583097253,6:0.08300588943880205,7:0.7393077222820725,8:0.9397027785318667,9:0.2097138940699279,10:0.6487679280247979,11:0.9707912469239844,12:0.10454921661448391,13:0.8102524542988612,14:0.35701360817965144,15:0.8761402648068918,16:0.1446232894648375,17:0.9528714117526118,18:0.20679530985083083,19:0.18364261753687772,20:0.6075684831283049,21:0.6895685753044009,22:0.7866055016974491,23:0.731035982363748,24:0.6408344250281501,25:0.20506819156120315,26:0.504081798106624,27:0.45784868426171166,28:0.5224016620144655,29:0.2766317225404098,30:0.4613608105686984,31:0.8032987872016917,32:0.5021720937705321,33:0.5393240262444364,34:0.10339644237164713,35:0.5036508269241431,36:0.04251972233866186,37:0.6472194344578333,38:0.5549568242988739,39:0.5104666275772236,40:0.7782270305280636} with alpha 6.0 and beta 16.0, percentage 25.0
The arm 40 has vector {0:0.904297258866593,1:0.2897171270126293,2:0.009402403498695477,3:0.37626325556266005,4:0.5055818480064672,5:0.8339568267173048,6:0.22253125904637472,7:0.24586893126335918,8:0.059396081033038395,9:0.6339254461675493,10:0.8340967704511318,11:0.24042973915467936,12:0.09758585903834327,13:0.5149401588033644,14:0.6327087331088321,15:0.5326839943932236,16:0.7647985564145442,17:0.9544410071991257,18:0.27261428499878837,19:0.5301416932957802,20:0.32576941354706523,21:0.9058768275501237,22:0.28340024782188744,23:0.8482773411362983,24:0.9204466554888479,25:0.8710922763077726,26:0.3581121364335538,27:0.8162282244999576,28:0.25620050744141254,29:0.9529087891626832,30:0.2042043987978911,31:0.34569935129279294,32:0.02484343336060979,33:0.022928458821569242,34:0.2379631863578292,35:0.5603913922167564,36:0.463708829243769,37:0.409157952252865,38:0.9681402856797834,39:0.7007846130326755,40:0.7037793703742228} with alpha 28.0 and beta 46.0, percentage 37.5
The arm 41 has vector {0:0.4862525453513413,1:0.5955918949522955,2:0.6488806073057318,3:0.8550896750741253,4:0.6407322674096799,5:0.17126288268170176,6:0.7040817976351539,7:0.18642837878981022,8:0.6169405560848078,9:0.7373620873972901,10:0.7531060774783991,11:0.37903646700238325,12:0.5079001746387631,13:0.3403527052738473,14:0.8822097181329045,15:0.15326053213286206,16:0.25842380500828155,17:0.6683757557243195,18:0.819815150811215,19:0.5363300496675931,20:0.4879232464606511,21:0.423736921965325,22:0.40319990137624606,23:0.3578849915013398,24:0.23749934460026279,25:0.05318272513324762,26:0.9699375757662094,27:0.49650929794227994,28:0.4949094367324267,29:0.8380099588299196,30:0.4829729832110855,31:0.07746178849481145,32:0.5706512202117828,33:0.023233359078034588,34:0.9980710734482144,35:0.9216367829583308,36:0.6894795137355545,37:0.22992378923386447,38:0.9758515183397766,39:0.13988668969605222,40:0.9150576901223125} with alpha 55.0 and beta 77.0, percentage 41.53846153846154
The arm 42 has vector {0:0.7161121960256295,1:0.802488192910174,2:0.0784920256659043,3:0.17497628506409812,4:0.6213604121411476,5:0.20227315577006455,6:0.7380425059841028,7:0.1516365717556757,8:0.06663526017396082,9:0.7552023817726543,10:0.7245809206141745,11:0.050241270810567284,12:0.017383338936324377,13:0.15694244066064889,14:0.44423735110460194,15:0.7571408899394471,16:0.5774141316623409,17:0.39859242982114607,18:0.05472401363425372,19:0.44013145015459487,20:0.5557489087765802,21:0.8886323111194728,22:0.5406964742249291,23:0.48790111279074044,24:0.48669473801770213,25:0.724889078436779,26:0.7473847690725606,27:0.8885675882157092,28:0.9623371184439306,29:0.5820950592577374,30:0.5643166449399656,31:0.24264214878644064,32:0.1482965422346686,33:0.2188583242282216,34:0.3803861478741791,35:0.017325257647390457,36:0.4133953282646098,37:0.8651591653703652,38:0.2999456469994096,39:0.17587167952596872,40:0.8689251776816267} with alpha 2.0 and beta 13.0, percentage 7.6923076923076925
The arm 43 has vector {0:0.6426649795026655,1:0.2686854985197753,2:0.24161435726199287,3:0.6401571323639929,4:0.2503894113421884,5:0.8117943486424637,6:0.842976853336327,7:0.6756089896654134,8:0.864148528961404,9:0.7819081906730156,10:0.4841473536655111,11:0.6107926656833862,12:0.1760420410870247,13:0.2992482691759495,14:0.5972999595927359,15:0.41969185872467263,16:0.9772012610289385,17:0.9111654560607751,18:0.46089878630222025,19:0.07079854212755565,20:0.8164387684346825,21:0.45471119036144547,22:0.8647980734221317,23:0.9176424256926249,24:0.45496424112289835,25:0.35003019537841884,26:0.23670656242747745,27:0.9159196306080465,28:0.8533766904422897,29:0.9811329846819663,30:0.13061415724335113,31:0.09062119526764312,32:0.8108926085486377,33:0.22508057453460972,34:0.8828256722788981,35:0.8672878705222157,36:0.3702565636041202,37:0.8482623185407042,38:0.21788566779811636,39:0.1693306741257249,40:0.7999391141657499} with alpha 19.0 and beta 36.0, percentage 33.9622641509434
The arm 44 has vector {0:0.4542256625191309,1:0.3839742421206481,2:0.5316785271149209,3:0.10502281606784936,4:0.0712608096454056,5:0.6807459770692844,6:0.29928273889014523,7:0.9361049617601526,8:0.07770592237944751,9:0.28319308874644666,10:0.08238647900968932,11:0.44637714632461967,12:0.7301241637871063,13:0.566617030805751,14:0.9426022843994926,15:0.5242778861299704,16:0.22882911750577362,17:0.7484251369236912,18:0.5266766642201287,19:0.8117093431372452,20:0.5123221415287418,21:0.7893417686266471,22:0.13535114755172784,23:0.5048271661277781,24:0.9170196187102506,25:0.7763175443433363,26:0.6002204879476887,27:0.6519091653195033,28:0.4568438096741819,29:0.8335081103287917,30:0.2395125221055101,31:0.39926626635692064,32:0.9869443556920168,33:0.7707788674926376,34:0.45152792822655874,35:0.6742948580583765,36:0.9420226298943224,37:0.24676922219650455,38:0.49584011139601336,39:0.6462993328933588,40:0.7599751371081906} with alpha 33.0 and beta 41.0, percentage 44.44444444444444
The arm 45 has vector {0:0.998324929412269,1:0.5410270777618817,2:0.3967434071882052,3:0.6787129823601598,4:0.5815889246152701,5:0.9852993459296484,6:0.8644440352088401,7:0.13598467675712533,8:0.38222102525565127,9:0.7209347333966397,10:0.16091428734017266,11:0.004312657545979648,12:0.6894964384322348,13:0.15873926303514196,14:0.3260335784924041,15:0.39181319978191387,16:0.6225629632300322,17:0.31611373590129677,18:0.44352303074409416,19:0.17933662445056553,20:0.5469073082432836,21:0.5511715957447507,22:0.38257026214757917,23:0.8513207475521481,24:0.27562531418218084,25:0.8346989458308565,26:0.8707539197485094,27:0.6265381640963897,28:0.8358817602873972,29:0.2678273312327354,30:0.6024815510190394,31:0.3617078947623604,32:0.5628824864997499,33:0.3241437737616486,34:0.32503966433656484,35:0.37712709179816906,36:0.1577790828379929,37:0.8614908865595291,38:0.39875841074865814,39:0.9212687112547638,40:0.8722666947009434} with alpha 156.0 and beta 183.0, percentage 45.99406528189911
The arm 46 has vector {0:0.9594201207695492,1:0.7382221293968119,2:0.8907841989333719,3:0.7359047841958231,4:0.18675147835463257,5:0.7497619886199958,6:0.010899148612370069,7:0.25888646456472997,8:0.18681389652568636,9:0.40659913585341956,10:0.7343711426676398,11:0.7790256944093399,12:0.5303101706619989,13:0.7954117074775786,14:0.9738081410442732,15:0.5073272182508922,16:0.474106721843765,17:0.6402111723381007,18:0.12992122523696814,19:0.048061241511529795,20:0.29066612248381707,21:0.08078206359312112,22:0.5128952056547663,23:0.2362617107168543,24:0.8724259688571576,25:0.8723984679778186,26:0.8744269471124319,27:0.7096104400632192,28:0.19585411154596655,29:0.8438928981268845,30:0.01629665431912497,31:0.3056471143199051,32:0.7412812927266251,33:0.882143337468678,34:0.32648928536904265,35:0.24474996339087463,36:0.4917682415692318,37:0.3529461965936036,38:0.1299846090821153,39:0.6672147734336441,40:0.964777727303945} with alpha 88.0 and beta 115.0, percentage 43.28358208955223
The arm 47 has vector {0:0.2716275811902168,1:0.8203634646590046,2:0.2398117913969111,3:0.34383455266613927,4:0.20017395204045618,5:0.113981103897977,6:0.0738606949912437,7:0.9747732658472548,8:0.09082767131252656,9:0.043642320985393,10:0.2809150422561081,11:0.22126111209163235,12:0.06336589459682851,13:0.8518921399580556,14:0.5542770866883057,15:0.36484448107170053,16:0.5757706578840908,17:0.27060784294183304,18:0.7760825890081848,19:0.10385999104905719,20:0.5868917489153482,21:0.9615932817168791,22:0.37265943159772363,23:0.9718952340611745,24:0.02285494628475626,25:0.8515628635471427,26:0.5439891215868,27:0.10769138539297995,28:0.5087465568649759,29:0.4747167459683962,30:0.32298611105723596,31:0.22795743396682322,32:0.1711209202613243,33:0.9484912510027664,34:0.39411047133797084,35:0.1055456883029019,36:0.8628880436764104,37:0.8552129259051843,38:0.15621117803468165,39:0.031469276919281586,40:0.8312104553652131} with alpha 2.0 and beta 11.0, percentage 9.090909090909092
The arm 48 has vector {0:0.46196853333907617,1:0.8940521410733766,2:0.40865592889155666,3:0.2645883588990442,4:0.9292960744396936,5:0.19636644829807404,6:0.4640259820214132,7:0.651922238837188,8:0.5318933541557885,9:0.9395453448618358,10:0.6137606828532541,11:0.2329886987934613,12:0.013111988546415598,13:0.9187583389952112,14:0.7826542813676447,15:0.765585784674115,16:0.9012873637618488,17:0.41862226664322144,18:0.9133398316955063,19:0.6641767857391565,20:0.5384067109741862,21:0.49757670345673954,22:0.3789768306356558,23:0.44412872695259165,24:0.006809460464054284,25:0.011500462739726935,26:0.7174917572435418,27:0.7385624728960424,28:0.7955424090265069,29:0.4237275814452087,30:0.9239224819416079,31:0.5621997406129464,32:0.8183218395303409,33:0.37590258492052475,34:0.5274684157290995,35:0.2393425182261909,36:0.4163177804010416,37:0.1517918578962203,38:0.09982457925924448,39:0.15268505898460538,40:0.010704913692126672} with alpha 16.0 and beta 33.0, percentage 31.914893617021278
The arm 49 has vector {0:0.7802922502298903,1:0.16212012393995368,2:0.11388072840431696,3:0.12835245891105562,4:0.05101044098376273,5:0.7769057833774663,6:0.6540523228666778,7:0.6674919667028406,8:0.4166652101775181,9:0.4681214579394881,10:0.30846373049424125,11:0.061275058844636576,12:0.7421480010276789,13:0.9438852087943643,14:0.18691765925670556,15:0.8141526302407143,16:0.5854868851923075,17:0.7298814092994534,18:0.6972027537648988,19:0.3096140536252452,20:0.9058000881594744,21:0.6026158674431148,22:0.49880564569093144,23:0.20663968055539683,24:0.8034652541823563,25:0.4494243010863245,26:0.2680543009700146,27:0.8197670180992909,28:0.20577530581950398,29:0.9617968873111111,30:0.3952205265456771,31:0.9711301877551837,32:0.7459519403068717,33:0.6974257078062343,34:0.6088643587769217,35:0.7914234910625596,36:0.1641205124219609,37:0.7784122226279087,38:0.6459758235930977,39:0.9975213826301952,40:0.7477597160659905} with alpha 179.0 and beta 196.0, percentage 47.72117962466488
The best arm is 49 with vector {0:0.7802922502298903,1:0.16212012393995368,2:0.11388072840431696,3:0.12835245891105562,4:0.05101044098376273,5:0.7769057833774663,6:0.6540523228666778,7:0.6674919667028406,8:0.4166652101775181,9:0.4681214579394881,10:0.30846373049424125,11:0.061275058844636576,12:0.7421480010276789,13:0.9438852087943643,14:0.18691765925670556,15:0.8141526302407143,16:0.5854868851923075,17:0.7298814092994534,18:0.6972027537648988,19:0.3096140536252452,20:0.9058000881594744,21:0.6026158674431148,22:0.49880564569093144,23:0.20663968055539683,24:0.8034652541823563,25:0.4494243010863245,26:0.2680543009700146,27:0.8197670180992909,28:0.20577530581950398,29:0.9617968873111111,30:0.3952205265456771,31:0.9711301877551837,32:0.7459519403068717,33:0.6974257078062343,34:0.6088643587769217,35:0.7914234910625596,36:0.1641205124219609,37:0.7784122226279087,38:0.6459758235930977,39:0.9975213826301952,40:0.7477597160659905} with alpha 179.0 and beta 196.0, percentage 47.72117962466488
The right guesses are: 2053 which means 41.06% correct
Done
The current arm is 49 with vector {0:0.7802922502298903,1:0.16212012393995368,2:0.11388072840431696,3:0.12835245891105562,4:0.05101044098376273,5:0.7769057833774663,6:0.6540523228666778,7:0.6674919667028406,8:0.4166652101775181,9:0.4681214579394881,10:0.30846373049424125,11:0.061275058844636576,12:0.7421480010276789,13:0.9438852087943643,14:0.18691765925670556,15:0.8141526302407143,16:0.5854868851923075,17:0.7298814092994534,18:0.6972027537648988,19:0.3096140536252452,20:0.9058000881594744,21:0.6026158674431148,22:0.49880564569093144,23:0.20663968055539683,24:0.8034652541823563,25:0.4494243010863245,26:0.2680543009700146,27:0.8197670180992909,28:0.20577530581950398,29:0.9617968873111111,30:0.3952205265456771,31:0.9711301877551837,32:0.7459519403068717,33:0.6974257078062343,34:0.6088643587769217,35:0.7914234910625596,36:0.1641205124219609,37:0.7784122226279087,38:0.6459758235930977,39:0.9975213826301952,40:0.7477597160659905} with alpha 1.0 and beta 1.0
The order information:
Date: 2009-08-13T17:48:26.000+02:00
It predicted these items for order 1001406 :
   188 with score of 2.230188998710464
   359 with score of 2.230188998710464
   291 with score of 1.951681724092606
   894 with score of 1.9001347740127803
   617 with score of 1.8119787804922622
   220 with score of 1.7953757805643864
   616 with score of 1.7785219630348061
   470 with score of 1.7769986549493508
   614 with score of 1.7101173301152723
   611 with score of 1.6955604076866677
These are the actual items bought: 
   894
   561
   291
   1004
The current arm is 49 with vector {0:0.7802922502298903,1:0.16212012393995368,2:0.11388072840431696,3:0.12835245891105562,4:0.05101044098376273,5:0.7769057833774663,6:0.6540523228666778,7:0.6674919667028406,8:0.4166652101775181,9:0.4681214579394881,10:0.30846373049424125,11:0.061275058844636576,12:0.7421480010276789,13:0.9438852087943643,14:0.18691765925670556,15:0.8141526302407143,16:0.5854868851923075,17:0.7298814092994534,18:0.6972027537648988,19:0.3096140536252452,20:0.9058000881594744,21:0.6026158674431148,22:0.49880564569093144,23:0.20663968055539683,24:0.8034652541823563,25:0.4494243010863245,26:0.2680543009700146,27:0.8197670180992909,28:0.20577530581950398,29:0.9617968873111111,30:0.3952205265456771,31:0.9711301877551837,32:0.7459519403068717,33:0.6974257078062343,34:0.6088643587769217,35:0.7914234910625596,36:0.1641205124219609,37:0.7784122226279087,38:0.6459758235930977,39:0.9975213826301952,40:0.7477597160659905} with alpha 494.0 and beta 508.0
The order information:
Date: 2009-08-17T18:36:23.000+02:00
It predicted these items for order 1002415 :
   1163 with score of 2.3190380172046137
   683 with score of 2.2795139184019027
   934 with score of 2.197338825769573
   611 with score of 2.1964749614492955
   172 with score of 2.1757681936365993
   652 with score of 2.146752502872609
   655 with score of 2.1198770559597415
   682 with score of 1.9940979112905692
   188 with score of 1.9816192598584188
   359 with score of 1.9756595101557148
These are the actual items bought: 
   1163
The current arm is 49 with vector {0:0.7802922502298903,1:0.16212012393995368,2:0.11388072840431696,3:0.12835245891105562,4:0.05101044098376273,5:0.7769057833774663,6:0.6540523228666778,7:0.6674919667028406,8:0.4166652101775181,9:0.4681214579394881,10:0.30846373049424125,11:0.061275058844636576,12:0.7421480010276789,13:0.9438852087943643,14:0.18691765925670556,15:0.8141526302407143,16:0.5854868851923075,17:0.7298814092994534,18:0.6972027537648988,19:0.3096140536252452,20:0.9058000881594744,21:0.6026158674431148,22:0.49880564569093144,23:0.20663968055539683,24:0.8034652541823563,25:0.4494243010863245,26:0.2680543009700146,27:0.8197670180992909,28:0.20577530581950398,29:0.9617968873111111,30:0.3952205265456771,31:0.9711301877551837,32:0.7459519403068717,33:0.6974257078062343,34:0.6088643587769217,35:0.7914234910625596,36:0.1641205124219609,37:0.7784122226279087,38:0.6459758235930977,39:0.9975213826301952,40:0.7477597160659905} with alpha 937.0 and beta 1065.0
The order information:
Date: 2009-08-20T12:11:51.000+02:00
It predicted these items for order 1003415 :
   611 with score of 2.2349552918600195
   1269 with score of 2.126815585186373
   655 with score of 2.0743998817066567
   758 with score of 1.9958572720023724
   605 with score of 1.9688137770927303
   172 with score of 1.9617680514944915
   793 with score of 1.8448156441413257
   748 with score of 1.7905115702080998
   652 with score of 1.789384960967778
   571 with score of 1.745234457576732
These are the actual items bought: 
   1269
   323
The current arm is 49 with vector {0:0.7802922502298903,1:0.16212012393995368,2:0.11388072840431696,3:0.12835245891105562,4:0.05101044098376273,5:0.7769057833774663,6:0.6540523228666778,7:0.6674919667028406,8:0.4166652101775181,9:0.4681214579394881,10:0.30846373049424125,11:0.061275058844636576,12:0.7421480010276789,13:0.9438852087943643,14:0.18691765925670556,15:0.8141526302407143,16:0.5854868851923075,17:0.7298814092994534,18:0.6972027537648988,19:0.3096140536252452,20:0.9058000881594744,21:0.6026158674431148,22:0.49880564569093144,23:0.20663968055539683,24:0.8034652541823563,25:0.4494243010863245,26:0.2680543009700146,27:0.8197670180992909,28:0.20577530581950398,29:0.9617968873111111,30:0.3952205265456771,31:0.9711301877551837,32:0.7459519403068717,33:0.6974257078062343,34:0.6088643587769217,35:0.7914234910625596,36:0.1641205124219609,37:0.7784122226279087,38:0.6459758235930977,39:0.9975213826301952,40:0.7477597160659905} with alpha 1373.0 and beta 1629.0
The order information:
Date: 2009-08-23T20:39:23.000+02:00
It predicted these items for order 1004416 :
   611 with score of 2.113150701693255
   793 with score of 1.7781734651609618
   655 with score of 1.7335675402709532
   652 with score of 1.5608787890533349
   740 with score of 1.5192864389708882
   299 with score of 1.517204511609259
   758 with score of 1.4861131011083533
   359 with score of 1.4600530667108973
   1150 with score of 1.410065014017559
   614 with score of 1.3860378805186393
These are the actual items bought: 
   1259
   353
   611
The current arm is 49 with vector {0:0.7802922502298903,1:0.16212012393995368,2:0.11388072840431696,3:0.12835245891105562,4:0.05101044098376273,5:0.7769057833774663,6:0.6540523228666778,7:0.6674919667028406,8:0.4166652101775181,9:0.4681214579394881,10:0.30846373049424125,11:0.061275058844636576,12:0.7421480010276789,13:0.9438852087943643,14:0.18691765925670556,15:0.8141526302407143,16:0.5854868851923075,17:0.7298814092994534,18:0.6972027537648988,19:0.3096140536252452,20:0.9058000881594744,21:0.6026158674431148,22:0.49880564569093144,23:0.20663968055539683,24:0.8034652541823563,25:0.4494243010863245,26:0.2680543009700146,27:0.8197670180992909,28:0.20577530581950398,29:0.9617968873111111,30:0.3952205265456771,31:0.9711301877551837,32:0.7459519403068717,33:0.6974257078062343,34:0.6088643587769217,35:0.7914234910625596,36:0.1641205124219609,37:0.7784122226279087,38:0.6459758235930977,39:0.9975213826301952,40:0.7477597160659905} with alpha 1771.0 and beta 2231.0
The order information:
Date: 2009-08-26T00:20:09.000+02:00
It predicted these items for order 1005419 :
   611 with score of 2.082270933882464
   793 with score of 2.0668219662249605
   359 with score of 1.7900426377296303
   736 with score of 1.6166315089086636
   539 with score of 1.5656210679249007
   1425 with score of 1.5656210679249007
   299 with score of 1.4199758963900135
   188 with score of 1.411006093440132
   758 with score of 1.3900256777527342
   795 with score of 1.3642571442843532
These are the actual items bought: 
   570
The arm 49 has vector {0:0.7802922502298903,1:0.16212012393995368,2:0.11388072840431696,3:0.12835245891105562,4:0.05101044098376273,5:0.7769057833774663,6:0.6540523228666778,7:0.6674919667028406,8:0.4166652101775181,9:0.4681214579394881,10:0.30846373049424125,11:0.061275058844636576,12:0.7421480010276789,13:0.9438852087943643,14:0.18691765925670556,15:0.8141526302407143,16:0.5854868851923075,17:0.7298814092994534,18:0.6972027537648988,19:0.3096140536252452,20:0.9058000881594744,21:0.6026158674431148,22:0.49880564569093144,23:0.20663968055539683,24:0.8034652541823563,25:0.4494243010863245,26:0.2680543009700146,27:0.8197670180992909,28:0.20577530581950398,29:0.9617968873111111,30:0.3952205265456771,31:0.9711301877551837,32:0.7459519403068717,33:0.6974257078062343,34:0.6088643587769217,35:0.7914234910625596,36:0.1641205124219609,37:0.7784122226279087,38:0.6459758235930977,39:0.9975213826301952,40:0.7477597160659905} with alpha 2210.0 and beta 2792.0, percentage 44.18
The best arm is 49 with vector {0:0.7802922502298903,1:0.16212012393995368,2:0.11388072840431696,3:0.12835245891105562,4:0.05101044098376273,5:0.7769057833774663,6:0.6540523228666778,7:0.6674919667028406,8:0.4166652101775181,9:0.4681214579394881,10:0.30846373049424125,11:0.061275058844636576,12:0.7421480010276789,13:0.9438852087943643,14:0.18691765925670556,15:0.8141526302407143,16:0.5854868851923075,17:0.7298814092994534,18:0.6972027537648988,19:0.3096140536252452,20:0.9058000881594744,21:0.6026158674431148,22:0.49880564569093144,23:0.20663968055539683,24:0.8034652541823563,25:0.4494243010863245,26:0.2680543009700146,27:0.8197670180992909,28:0.20577530581950398,29:0.9617968873111111,30:0.3952205265456771,31:0.9711301877551837,32:0.7459519403068717,33:0.6974257078062343,34:0.6088643587769217,35:0.7914234910625596,36:0.1641205124219609,37:0.7784122226279087,38:0.6459758235930977,39:0.9975213826301952,40:0.7477597160659905} with alpha 2210.0 and beta 2792.0, percentage 44.18
The right guesses are: 2209 which means 44.18% correct
Done
The current arm is 0 with vector {0:0.7435031553223327} with alpha 1.0 and beta 1.0
The order information:
Date: 2009-08-13T17:48:26.000+02:00
It predicted these items for order 1001406 :
   188 with score of 79.0
   359 with score of 79.0
   617 with score of 54.0
   616 with score of 52.0
   679 with score of 46.0
   611 with score of 43.0
   545 with score of 42.0
   220 with score of 41.0
   614 with score of 40.0
   213 with score of 37.0
These are the actual items bought: 
   894
   561
   291
   1004
The current arm is 0 with vector {0:0.7435031553223327} with alpha 221.0 and beta 781.0
The order information:
Date: 2009-08-17T18:36:23.000+02:00
It predicted these items for order 1002415 :
   652 with score of 97.0
   172 with score of 96.0
   611 with score of 92.0
   655 with score of 90.0
   188 with score of 84.0
   359 with score of 84.0
   793 with score of 70.0
   614 with score of 69.0
   617 with score of 64.0
   616 with score of 60.0
These are the actual items bought: 
   1163
The current arm is 0 with vector {0:0.7435031553223327} with alpha 395.0 and beta 1607.0
The order information:
Date: 2009-08-20T12:11:51.000+02:00
It predicted these items for order 1003415 :
   611 with score of 113.0
   655 with score of 107.0
   172 with score of 102.0
   793 with score of 82.0
   652 with score of 80.0
   758 with score of 59.0
   169 with score of 54.0
   299 with score of 51.0
   614 with score of 48.0
   1005 with score of 47.0
These are the actual items bought: 
   1269
   323
The current arm is 0 with vector {0:0.7435031553223327} with alpha 525.0 and beta 2477.0
The order information:
Date: 2009-08-23T20:39:23.000+02:00
It predicted these items for order 1004416 :
   611 with score of 106.0
   655 with score of 78.0
   793 with score of 78.0
   299 with score of 66.0
   652 with score of 61.0
   1150 with score of 52.0
   556 with score of 51.0
   1005 with score of 51.0
   816 with score of 50.0
   749 with score of 45.0
These are the actual items bought: 
   1259
   353
   611
The current arm is 0 with vector {0:0.7435031553223327} with alpha 720.0 and beta 3282.0
The order information:
Date: 2009-08-26T00:20:09.000+02:00
It predicted these items for order 1005419 :
   611 with score of 111.0
   793 with score of 110.0
   359 with score of 90.0
   795 with score of 61.0
   1376 with score of 54.0
   299 with score of 53.0
   816 with score of 51.0
   556 with score of 48.0
   188 with score of 45.0
   776 with score of 45.0
These are the actual items bought: 
   570
The arm 0 has vector {0:0.7435031553223327} with alpha 944.0 and beta 4058.0, percentage 18.86
The best arm is 0 with vector {0:0.7435031553223327} with alpha 944.0 and beta 4058.0, percentage 18.86
The right guesses are: 943 which means 18.86% correct
Done
181
