Items: 31014,2,2012-03-22 09:35:15.730000000,2013-01-31 22:08:19.360000000,0,0000000000000000000000000000000000000000000000000000000000000000000000000000000000000000000010000000000000000000000000000000000000000000000000000000000000000000000000000000000000000000000000000000000000000000000000000000000000000000000000000000000000000000
Items: 16065,3,2010-10-12 09:05:28.623000000,2011-10-19 12:41:59.293000000,0,0000000000000000000000000000000000000000000000000000000000000000000000000000000000000000000100000000000000000000000000000000000000000000000000000000000000000000000000000000000000000000000000000000000000000000000000000000000000000000000000000000000000000000
Items: 2897,1,2010-07-28 15:55:07.423000000,2013-07-15 05:02:15.650000000,0,0000000000000000000000000000000000000000000000000000000000000000000000000000000000000000000100000000000000000000000000000000000000000000000000000000000000000000000000000000000000000000000000000000000000000000000000000000000000000000000000000000000000000000
Users: 46671,2009-07-31 17:52:05.423000000,45238,,0
Users: 117404,2012-02-11 18:20:17.737000000,30295,1989-02-13 00:00:00,1
Users: 185087,2009-07-31 19:48:45.310000000,54234,1986-06-04 00:00:00,1
Users: 242612,2011-12-03 21:34:16.640000000,90627,1990-07-23 00:00:00,2
Users: 294436,2011-03-16 09:05:23.647000000,72233,1994-04-25 00:00:00,1
Users: 345704,2011-11-11 20:55:14.437000000,68600,1994-06-05 00:00:00,2
Users: 399809,2012-09-17 14:43:42.033000000,44491,1997-12-12 00:00:00,1
Users: 455390,2012-12-20 16:02:28.573000000,3274,1978-06-02 00:00:00,2
Users: 525182,2013-07-28 12:33:53.590000000,53372,1990-06-17 00:00:00,0
Orders: 35022,1033356,1457,2009-10-18 21:46:53.347000000
Orders: 214698,1082559,614,2010-01-24 20:16:55.153000000
Orders: 226305,1122161,1501,2010-03-20 16:23:03.950000000
Orders: 46541,1167569,11120,2010-05-26 12:55:02.417000000
Orders: 75824,1208142,11119,2010-07-27 23:14:48.377000000
Orders: 13287,1248778,12826,2010-09-21 21:56:27.157000000
Orders: 272654,1296031,653,2010-12-01 18:41:36.730000000
Orders: 285359,1344258,18628,2011-01-28 14:59:09.743000000
Orders: 157456,1388262,18371,2011-03-17 11:46:02.120000000
Orders: 307265,1432210,758,2011-04-29 21:28:48.340000000
Orders: 271030,1473349,21803,2011-06-14 15:24:35.467000000
Orders: 275827,1511037,21829,2011-07-28 21:58:50.970000000
Orders: 62527,1550712,24845,2011-09-10 18:44:47.023000000
Orders: 293365,1597283,27523,2011-11-12 08:21:31.203000000
Orders: 158173,1649466,24361,2011-12-28 14:06:54.430000000
Orders: 371623,1691322,28947,2012-01-31 15:54:20.570000000
Orders: 151193,1739094,2144,2012-03-22 17:02:48.527000000
Orders: 71320,1784958,7874,2012-05-16 17:00:59.817000000
Orders: 287161,1827735,20480,2012-06-29 22:23:24.193000000
Orders: 271514,1866722,31203,2012-08-11 21:38:56.863000000
Orders: 428803,1915657,35460,2012-10-09 20:15:44.210000000
Orders: 444954,1966435,29677,2012-12-01 22:51:49.073000000
Orders: 460415,2018674,31695,2013-01-07 22:20:30.543000000
Orders: 381441,2066329,35170,2013-02-19 22:08:16.833000000
Orders: 485606,2112774,39306,2013-03-26 15:04:37.277000000
Orders: 423890,2161061,11304,2013-05-03 09:35:38.190000000
Orders: 314770,2207605,26096,2013-06-05 19:04:54.837000000
Orders: 287308,2249841,40450,2013-07-13 20:23:09.463000000
Orders: 255027,2289235,33612,2013-08-13 17:15:05.073000000
Orders: 466261,2331294,43871,2013-09-15 21:02:00.180000000
Orders: 446724,2379393,448,2013-11-01 19:20:53.627000000

Startup information:
First order in training stage: 700000
First order in evaluation stage: 771338
Last order in evaluation stage: 777338

Number of orders in training stage: 71338
Number of orders in evaluation stage: 6000

The current arm is 22 with vector {0:0.3257946012545141,1:0.08310247009446248,2:0.1330620319909973,3:0.48441667639005725,4:0.6550667121248094,5:0.4917767541628041,6:0.1931809006513886,7:0.7398907917842968,8:0.5729866916871463,9:0.30760675813174576,10:0.8275952150329478,11:0.5192302695778224,12:0.047058054277190564,13:0.4906426963368121,14:0.822862321711292,15:0.5704792260300767,16:0.9526286669511587,17:0.14013702883203638,18:0.16014814529657873,19:0.5952897536072839,20:0.05382410312461594,21:0.7837880865275662,22:0.571593108800807,23:0.5258025600318812,24:0.013158251715866043,25:0.8432735547160075,26:0.48801555895871185,27:0.8206372982776001,28:0.749646914951686,29:0.9401140339825164,30:0.5134985023220735,31:0.6117536055271929,32:0.8467691297572114,33:0.6088259691713067,34:0.15152071978947068,35:0.729610773922847,36:0.14941734888480018,37:0.33385267036058586,38:0.11683461800083905,39:0.6043475596830706,40:0.6245910746294815} with alpha 2.0 and beta 12.0
The order information:
Date: 2012-05-09T17:07:05.000+02:00
It predicted these items for order 1778911 :
   31560 with score of 1.9180849671540945
   1693 with score of 1.4726380675421276
   13688 with score of 1.4726380675421276
   21769 with score of 1.4726380675421276
   25013 with score of 1.4726380675421276
   31278 with score of 1.4726380675421276
   752 with score of 1.4106630002376968
   31911 with score of 1.3555986403122424
   27900 with score of 1.3294140792145934
   748 with score of 1.3010959062452765
These are the actual items bought: 
   11832
   30233
The current arm is 12 with vector {0:0.9867288158375592,1:0.5300918338759932,2:0.5611717153448248,3:0.0224642584125615,4:0.5476769864628638,5:0.39438433375215665,6:0.8117241920018401,7:0.49809646020597687,8:0.909693469704299,9:0.7108943973590526,10:0.272393498825649,11:0.775543499971787,12:0.6292055131689307,13:0.3945235351168763,14:0.04826612812466913,15:0.4051725521552054,16:0.38480867199356084,17:0.1161778548204806,18:0.7083322775929863,19:0.7370426717634766,20:0.01952996221860892,21:0.8671330529611119,22:0.6662696623315238,23:0.35742599673789455,24:0.018577702856513056,25:0.3247317465663613,26:0.6443089623565259,27:0.46340911370908355,28:0.22633624797212093,29:0.20737962131701693,30:0.8080998944283846,31:0.16413189525821748,32:0.935707441622866,33:0.5420612197612068,34:0.46463403067866393,35:0.5107077544506735,36:0.8791826273982364,37:0.9204546957740405,38:0.7405092682698218,39:0.7891302452688985,40:0.9216001957977428} with alpha 6.0 and beta 36.0
The order information:
Date: 2012-05-10T17:54:43.000+02:00
It predicted these items for order 1779917 :
   31560 with score of 2.319013726457938
   752 with score of 1.9117906109876952
   5003 with score of 1.9033720500457172
   31774 with score of 1.6691511599428324
   23390 with score of 1.608563106845828
   31290 with score of 1.601865982253674
   31871 with score of 1.601865982253674
   21714 with score of 1.600736936655066
   9441 with score of 1.5635235181403615
   32357 with score of 1.5477496212319204
These are the actual items bought: 
   30342
   23374
   32289
The current arm is 7 with vector {0:0.6775282958757877,1:0.6737873761063138,2:0.7968854645641829,3:0.5623235645782135,4:0.5993234493484917,5:0.3839850451484028,6:0.06259078271301877,7:0.24600559707766334,8:0.15720399671368468,9:0.9775195176556053,10:0.7671787536760167,11:0.7872203182125748,12:0.9977371012485127,13:0.43749032210096717,14:0.8453741440468069,15:0.3154095637946486,16:0.9171269940473655,17:0.12791365888356432,18:0.17599968833663182,19:0.2916673655329579,20:0.10028061136879685,21:0.5451078557648307,22:0.6206855073395477,23:0.008213361886886483,24:0.8013571061591991,25:0.7768237469816848,26:0.5049152069709284,27:0.43025419011215604,28:0.58805076129368,29:0.9949832157234819,30:0.024160343947759122,31:0.20912510212401558,32:0.3868230578577817,33:0.7973578637245443,34:0.6417052896484822,35:0.42061792164038403,36:0.193826956659503,37:0.8736547293383029,38:0.8134283349965669,39:0.22014265289672308,40:0.14927547307200129} with alpha 7.0 and beta 38.0
The order information:
Date: 2012-05-11T22:39:32.000+02:00
It predicted these items for order 1780921 :
   32354 with score of 1.6243587305403295
   23218 with score of 1.6240755143289585
   30664 with score of 1.6240755143289585
   30678 with score of 1.6240755143289585
   31755 with score of 1.6240755143289585
   32122 with score of 1.6240755143289585
   32190 with score of 1.6240755143289585
   2027 with score of 1.623836905602404
   18741 with score of 1.623836905602404
   22594 with score of 1.623836905602404
These are the actual items bought: 
   31776
The current arm is 7 with vector {0:0.6775282958757877,1:0.6737873761063138,2:0.7968854645641829,3:0.5623235645782135,4:0.5993234493484917,5:0.3839850451484028,6:0.06259078271301877,7:0.24600559707766334,8:0.15720399671368468,9:0.9775195176556053,10:0.7671787536760167,11:0.7872203182125748,12:0.9977371012485127,13:0.43749032210096717,14:0.8453741440468069,15:0.3154095637946486,16:0.9171269940473655,17:0.12791365888356432,18:0.17599968833663182,19:0.2916673655329579,20:0.10028061136879685,21:0.5451078557648307,22:0.6206855073395477,23:0.008213361886886483,24:0.8013571061591991,25:0.7768237469816848,26:0.5049152069709284,27:0.43025419011215604,28:0.58805076129368,29:0.9949832157234819,30:0.024160343947759122,31:0.20912510212401558,32:0.3868230578577817,33:0.7973578637245443,34:0.6417052896484822,35:0.42061792164038403,36:0.193826956659503,37:0.8736547293383029,38:0.8134283349965669,39:0.22014265289672308,40:0.14927547307200129} with alpha 12.0 and beta 62.0
The order information:
Date: 2012-05-13T15:53:25.000+02:00
It predicted these items for order 1781930 :
   31865 with score of 1.99674519101033
   31634 with score of 1.9964967005082315
   31854 with score of 1.9964967005082315
   21252 with score of 1.9962482100061327
   31845 with score of 1.9702724435306562
   29011 with score of 1.9131546144920422
   31513 with score of 1.8704896094755528
   31728 with score of 1.8275435090134933
   31849 with score of 1.8047526684361286
   32139 with score of 1.8047526684361286
These are the actual items bought: 
   2084
   29003
   31950
   20990
   31940
   30573
   20678
   30195
   25363
   27900
The current arm is 27 with vector {0:0.10577631965687495,1:0.8965472830711282,2:0.6416595969918856,3:0.7159642847106252,4:0.6240015418304732,5:0.2851733530919589,6:0.5226383781680819,7:0.991561181183617,8:0.6485315718412072,9:0.13248454814398247,10:0.3653761778509951,11:0.011199873938762317,12:0.6489321805551732,13:0.8990944150788023,14:0.9949909224146031,15:0.9966130580315253,16:0.13160834724496628,17:0.4687461285207353,18:0.4650596031848959,19:0.9507360430166925,20:0.7182812374922977,21:0.6569260699288704,22:0.4992869053843555,23:0.19626591005171212,24:0.6572055283819471,25:0.6222416496045151,26:0.41200264022484856,27:0.4001187021136575,28:0.8143998806170125,29:0.9130994205067595,30:0.6750407646681544,31:0.3070417216296646,32:0.43366733897646426,33:0.6313509553758817,34:0.2619269486495821,35:0.2082892869476508,36:0.7616437845977627,37:0.06283760644607406,38:0.05443884570474955,39:0.16712810486899832,40:0.9681645226087281} with alpha 88.0 and beta 297.0
The order information:
Date: 2012-05-14T16:46:54.000+02:00
It predicted these items for order 1782931 :
   31560 with score of 2.2842443129124224
   748 with score of 1.8265501861333748
   752 with score of 1.7280423445874924
   21714 with score of 1.4210757926001698
   5003 with score of 1.4046655471853413
   27576 with score of 1.3924768465004063
   20430 with score of 1.3616842838619467
   27900 with score of 1.3562808482557598
   29669 with score of 1.3479600503216225
   23467 with score of 1.3061773979078348
These are the actual items bought: 
   32564
The current arm is 25 with vector {0:0.019715846418046246,1:0.5135752608415923,2:0.507479432841489,3:0.771994885829077,4:0.7896635809842235,5:0.24708183656740956,6:0.4214300163379556,7:0.3257460100206321,8:0.7719067558763728,9:0.8292969645570544,10:0.13845352969756408,11:0.25257300913600533,12:0.3561643399769622,13:0.471394114045501,14:0.4118885175211948,15:0.8082719849632922,16:0.9064759980395385,17:0.1996267281699986,18:0.9669833714008813,19:0.7564579022805371,20:0.7251354057206577,21:0.5360195475710053,22:0.22788510495432468,23:0.7660646423062696,24:0.3716731180324566,25:0.44075983750919523,26:0.24246172187574777,27:0.007469750859103175,28:0.9255664809047618,29:0.8355852584768125,30:0.5393626741049938,31:0.3995163764366725,32:0.5048796466198826,33:0.900368782508375,34:0.7160823340430159,35:0.1980071867450106,36:0.21570855004934852,37:0.5422202357983934,38:0.573294722697421,39:0.5703953629667025,40:0.19810001680830824} with alpha 34.0 and beta 152.0
The order information:
Date: 2012-05-15T15:02:20.000+02:00
It predicted these items for order 1783936 :
   31560 with score of 1.438969617251371
   748 with score of 1.3783140037737864
   752 with score of 1.2209280122549577
   27576 with score of 1.1338794672140649
   21714 with score of 1.1059826823056829
   5003 with score of 1.0949660509831256
   29669 with score of 1.0720128837732164
   21776 with score of 1.0584504482420696
   21671 with score of 1.0581125012845882
   25201 with score of 1.0471356918222088
These are the actual items bought: 
   12096
The arm 0 has vector {0:0.05926127006338333,1:0.21610476662489186,2:0.049116066703163264,3:0.9721770066795288,4:0.5691245766221257,5:0.8385829440549888,6:0.9205707870837462,7:0.08984610244645053,8:0.9579474015332858,9:0.21666404144713625,10:0.3681098051748919,11:0.2374038349296751,12:0.4699703318318441,13:0.6489792838391232,14:0.1257218464297113,15:0.11217003586909924,16:0.6717249495035772,17:0.12625745744911565,18:0.613620303996545,19:0.6808653555925236,20:0.7203884424461776,21:0.4476009781422199,22:0.11838717714966396,23:0.46375717599118216,24:0.9415240956987969,25:0.48741404036649216,26:0.6558404661185173,27:0.31067346836766996,28:0.53527695826964,29:0.8224763810335325,30:0.09371769551822406,31:0.6162390886573422,32:0.5430437398537381,33:0.34877332970598807,34:0.32713533540423456,35:0.7492045124732408,36:0.527611579612816,37:0.41119950986517084,38:0.9574572564845141,39:0.8052119259389888,40:0.732697068414707} with alpha 11.0 and beta 79.0, percentage 11.363636363636363
The arm 1 has vector {0:0.28529403582000035,1:0.5453631469715957,2:0.6703174717538449,3:0.9805015486436546,4:0.7696121371723896,5:0.05393914551350387,6:0.09725482790771711,7:0.05110774852598021,8:0.3566268410171989,9:0.9473587514355255,10:0.8591304902434428,11:0.33487223208909067,12:0.8846796452589873,13:0.7372512078231243,14:0.96897344329937,15:0.04059604577537601,16:0.43629126260911355,17:0.20354141905216017,18:0.2506502593451285,19:0.3781654613122102,20:0.02199839335613163,21:0.6773834752339926,22:0.15634878190408785,23:0.6603626897861525,24:0.18514476683099823,25:0.4329205040533026,26:0.6918669049719388,27:0.906958216711143,28:0.9822036307555688,29:0.2708201922380038,30:0.19916090271621145,31:0.11693484883777427,32:0.6764924533431882,33:0.2748513085426768,34:0.3140576736323075,35:0.02739730994654943,36:0.40391989382518567,37:0.2750408597503401,38:0.4061414515970425,39:0.502086447042364,40:0.7104870043429138} with alpha 17.0 and beta 101.0, percentage 13.793103448275861
The arm 2 has vector {0:0.35258767094082455,1:0.0496586024086616,2:0.7244847653474114,3:0.39469066041755796,4:0.22418243955998873,5:0.9337486257524535,6:0.608023316090685,7:0.6362871877309364,8:0.8605732538061002,9:0.31950235402016414,10:0.9002254139565903,11:0.5743281711391234,12:0.8043936031324825,13:0.4893767510949354,14:0.5892237547995494,15:0.4968666155302526,16:0.2640300839027001,17:0.639280769069463,18:0.31066815731425623,19:0.4093039156614371,20:0.09116507241541782,21:0.2996874618060481,22:0.7906203890284726,23:0.5893051895214679,24:0.4254355601032005,25:0.0892738709236568,26:0.9701368503697478,27:0.9784938640700392,28:0.7287647233578999,29:0.382834027281185,30:0.96285460792224,31:0.8552402177397117,32:0.4761609039005106,33:0.9847768267789726,34:0.9254965739838983,35:0.019806881362632978,36:0.4278688510244354,37:0.4051670964224383,38:0.05436250677528587,39:0.7240203589639178,40:0.6565934283865394} with alpha 12.0 and beta 83.0, percentage 11.827956989247312
The arm 3 has vector {0:0.5661796678914786,1:0.14289743633884022,2:0.1676487104716169,3:0.598028782143031,4:0.5776581230248967,5:0.6006458935784732,6:0.6085735328249307,7:0.764433108913438,8:0.3504714453094493,9:0.9102344736834691,10:0.3105550789365211,11:0.7636518217435727,12:0.46083491685698585,13:0.40988761339258295,14:0.2437108659586027,15:0.839416998961422,16:0.35150834122155317,17:0.8985355492024192,18:0.18002831209038594,19:0.8839210211289715,20:0.21463396172127858,21:0.581771736163525,22:0.11591884990995194,23:0.4418085019004555,24:0.8419214296308677,25:0.6545073086132086,26:0.13384366712517393,27:0.5010488058496949,28:0.2640688022060542,29:0.49280816619608914,30:0.8851515221086127,31:0.5077758614312974,32:0.8100670870099986,33:0.7306667714132681,34:0.1362535093493723,35:0.5205257952026763,36:0.04001799737402767,37:0.7387148365067899,38:0.35875741320952237,39:0.5055475323408731,40:0.40674910423487953} with alpha 2.0 and beta 27.0, percentage 3.7037037037037033
The arm 4 has vector {0:0.6789373639503036,1:0.1646927816895788,2:0.2299130169938185,3:0.9008537808517633,4:0.15710850193581127,5:0.7368732569832912,6:0.6650492617102023,7:0.8420746473230935,8:0.6436050004102238,9:0.6494535317233986,10:0.5461653914980887,11:0.8354417516070077,12:0.2425912472276619,13:0.739343838178172,14:0.14861683170162643,15:0.32911004961081214,16:0.4275531601347592,17:0.005568140012365275,18:0.40881291931479136,19:0.5024197392836844,20:0.20874738912505963,21:0.5915757614666806,22:0.8977081339018123,23:0.8730193339079817,24:0.7699681710313708,25:0.5365966984779497,26:0.03592300104284629,27:0.6346217249782646,28:0.6981145079870295,29:0.14322935137411674,30:0.6019706092733932,31:0.11062922229824679,32:0.35474223699460294,33:0.428032955216586,34:0.9061730957067,35:0.5196183911801607,36:0.39277764172761376,37:0.0012127915360443664,38:0.1822330948727926,39:0.3430300010749141,40:0.2786392476302789} with alpha 9.0 and beta 50.0, percentage 14.035087719298245
The arm 5 has vector {0:0.6151881121003825,1:0.5791055009444821,2:0.8644760423866081,3:0.9408640577461147,4:0.01696076297386573,5:0.5833994214026811,6:0.2134429426533806,7:0.4293921201604688,8:0.6249196619030362,9:0.9049628214078979,10:0.8325832109490837,11:0.786026233251657,12:0.10664719661574662,13:0.2179500302770182,14:0.995814581296764,15:0.8432930916950389,16:0.6411901265795853,17:0.30211205593842505,18:0.6285217993530053,19:0.4423302943769235,20:0.37279526177093003,21:0.40029075620071275,22:0.5648731525802555,23:0.8631519002070499,24:0.006227224444963819,25:0.38691139275346653,26:0.5439946736738354,27:0.5884880562336712,28:0.7240542229954476,29:0.2016185485924762,30:0.26298956306850674,31:0.5890014616330336,32:0.4582423144671488,33:0.026916643136666973,34:0.5568940275545518,35:0.191351765130782,36:0.30287634069739977,37:0.6326002110903726,38:0.033475074942672545,39:0.4867898799114334,40:0.18236014334491224} with alpha 4.0 and beta 46.0, percentage 6.25
The arm 6 has vector {0:0.024857665011063124,1:0.9832879247410822,2:0.9803538914586125,3:0.4715719298526768,4:0.436068090408103,5:0.5472542203664817,6:0.820711123202244,7:0.03882048012248418,8:0.0016551744860608952,9:0.8916951289846926,10:0.5719724841217732,11:0.7487012749076276,12:0.42234346526199706,13:0.01827278025260126,14:0.3409628280899417,15:0.5979119982193545,16:0.6530907502592153,17:0.8682863169490291,18:0.8358711659629527,19:0.734339070269507,20:0.1836151087828698,21:0.8024389738243088,22:0.7706404429157421,23:0.5037822799500163,24:0.46220704147833036,25:0.11217750736807175,26:0.9820118796499157,27:0.887013427712528,28:0.7317321258860993,29:0.281120139216808,30:0.02538054341333007,31:0.9232795612949456,32:0.11024024932207988,33:0.47343549284210995,34:0.8842404942512759,35:0.8608864481459042,36:0.9369179364344185,37:0.9559971835872976,38:0.7722830896134444,39:0.6820725044476026,40:0.5503695984413245} with alpha 2.0 and beta 30.0, percentage 3.3333333333333335
The arm 7 has vector {0:0.6775282958757877,1:0.6737873761063138,2:0.7968854645641829,3:0.5623235645782135,4:0.5993234493484917,5:0.3839850451484028,6:0.06259078271301877,7:0.24600559707766334,8:0.15720399671368468,9:0.9775195176556053,10:0.7671787536760167,11:0.7872203182125748,12:0.9977371012485127,13:0.43749032210096717,14:0.8453741440468069,15:0.3154095637946486,16:0.9171269940473655,17:0.12791365888356432,18:0.17599968833663182,19:0.2916673655329579,20:0.10028061136879685,21:0.5451078557648307,22:0.6206855073395477,23:0.008213361886886483,24:0.8013571061591991,25:0.7768237469816848,26:0.5049152069709284,27:0.43025419011215604,28:0.58805076129368,29:0.9949832157234819,30:0.024160343947759122,31:0.20912510212401558,32:0.3868230578577817,33:0.7973578637245443,34:0.6417052896484822,35:0.42061792164038403,36:0.193826956659503,37:0.8736547293383029,38:0.8134283349965669,39:0.22014265289672308,40:0.14927547307200129} with alpha 16.0 and beta 102.0, percentage 12.931034482758621
The arm 8 has vector {0:0.2770006527507485,1:0.8134515525258621,2:0.10115613344584506,3:0.5834217888205178,4:0.00807233499304083,5:0.9224369952024176,6:0.7632542616420341,7:0.46557731707924555,8:0.7480080531798259,9:0.028241223478116195,10:0.1516160805853476,11:0.02606566432904145,12:0.4336956934264934,13:0.9058655595320299,14:0.6735540424293845,15:0.5625422460896244,16:0.4932107610778045,17:0.7235449949995819,18:0.45938597350974486,19:0.970918006148083,20:0.8922752569259531,21:0.15421447613129402,22:0.6796609341956883,23:0.9953352050169698,24:0.5047075352159669,25:0.7332602230854377,26:0.6457678073822679,27:0.6979762174751336,28:0.4596148877802523,29:0.27679720808819963,30:0.472556302873128,31:0.2454688322278209,32:0.3150329857298223,33:0.09115303028996757,34:0.7804612969327409,35:0.8179324656814837,36:0.11204286739042957,37:0.10991287461304733,38:0.6975037330631401,39:0.4845169531997843,40:0.720003085320561} with alpha 4.0 and beta 38.0, percentage 7.5
The arm 9 has vector {0:0.35784040680848783,1:0.3237718096866138,2:0.9287091327440545,3:0.19910520492214323,4:0.7899589698830449,5:0.009758174175372614,6:0.45834600751178733,7:0.6644101083286043,8:0.18701418140726378,9:0.5186471378259966,10:0.1848116139697219,11:0.7985257538292263,12:0.18376379316738678,13:0.12652005999907334,14:0.020085830409301675,15:0.5290570752854988,16:0.6824578574285906,17:0.9031183823083518,18:0.2051228892793202,19:0.8375554882318423,20:0.8984014545340193,21:0.9489421143864276,22:0.20625771210574018,23:0.014257256693989917,24:0.2588608346524509,25:0.8680417424879635,26:0.40142927840256615,27:0.33254233388145893,28:0.6799440850739286,29:0.18448576058308452,30:0.043681481850767145,31:0.316587430362436,32:0.6941332991347922,33:0.313199715316846,34:0.925305334981302,35:0.983576040144196,36:0.13336518958965515,37:0.2642289390357774,38:0.5010919244466459,39:0.27598771010901,40:0.26780778818427864} with alpha 40.0 and beta 177.0, percentage 18.13953488372093
The arm 10 has vector {0:0.27991147968451313,1:0.5777792234998418,2:0.7915014783506129,3:0.7146305857218939,4:0.09676588181978762,5:0.44941368480222443,6:0.11508126259739382,7:0.8402073978511708,8:0.7911677520746375,9:0.6547037421822741,10:0.6675220436121116,11:0.08241929485922728,12:0.9240196230892075,13:0.10346007089658071,14:0.9638010723459465,15:0.8765641506957382,16:0.14108634073269233,17:0.24512267397367526,18:0.8093520150309672,19:0.07898250881954227,20:0.9509623343412353,21:0.4807936654479984,22:0.8774310432829739,23:0.44121239825050584,24:0.44820564361194004,25:0.7615922709007887,26:0.837463312529494,27:0.1912400047256415,28:0.2343397832530868,29:0.5824802073416072,30:0.0441506910437488,31:0.28959554060655235,32:0.4221014349969029,33:0.3881786329873196,34:0.5924933817256577,35:0.7230466322073594,36:0.04885876015355606,37:0.09940330844549294,38:0.3998385794393897,39:0.911960192937789,40:0.044709958179892095} with alpha 42.0 and beta 206.0, percentage 16.666666666666664
The arm 11 has vector {0:0.37576231869862364,1:0.9522326432597621,2:0.030950890607156167,3:0.785284917372865,4:0.713722906566067,5:0.552166321523053,6:0.9288140656122073,7:0.7229712960215265,8:0.9743234259662779,9:0.9968285475711115,10:0.7356322413940322,11:0.949200343856335,12:0.5742785588604208,13:0.5273264120033317,14:0.5796988496521951,15:0.457119178769523,16:0.7726353436479192,17:0.853946139075244,18:0.4756327490410419,19:0.0441850574125876,20:0.2782315638989963,21:0.7672713965025102,22:0.28996312950767167,23:0.4114500819905107,24:0.9449998932665638,25:0.8683444962258192,26:0.0707113104606033,27:0.26302870063687056,28:0.5703378372456857,29:0.506009698051103,30:0.6739883156062486,31:0.6961390666078686,32:0.5554137837328907,33:0.8103831419759449,34:0.29467257902451116,35:0.3586266484816458,36:0.8783225609778583,37:0.9230628381846815,38:0.13657034476629926,39:0.655402921148815,40:0.7504217217672189} with alpha 16.0 and beta 79.0, percentage 16.129032258064516
The arm 12 has vector {0:0.9867288158375592,1:0.5300918338759932,2:0.5611717153448248,3:0.0224642584125615,4:0.5476769864628638,5:0.39438433375215665,6:0.8117241920018401,7:0.49809646020597687,8:0.909693469704299,9:0.7108943973590526,10:0.272393498825649,11:0.775543499971787,12:0.6292055131689307,13:0.3945235351168763,14:0.04826612812466913,15:0.4051725521552054,16:0.38480867199356084,17:0.1161778548204806,18:0.7083322775929863,19:0.7370426717634766,20:0.01952996221860892,21:0.8671330529611119,22:0.6662696623315238,23:0.35742599673789455,24:0.018577702856513056,25:0.3247317465663613,26:0.6443089623565259,27:0.46340911370908355,28:0.22633624797212093,29:0.20737962131701693,30:0.8080998944283846,31:0.16413189525821748,32:0.935707441622866,33:0.5420612197612068,34:0.46463403067866393,35:0.5107077544506735,36:0.8791826273982364,37:0.9204546957740405,38:0.7405092682698218,39:0.7891302452688985,40:0.9216001957977428} with alpha 73.0 and beta 246.0, percentage 22.71293375394322
The arm 13 has vector {0:0.7435473926509594,1:0.685254638049754,2:0.11585956426827793,3:0.10316113673462357,4:0.0031674289183765136,5:0.5185758954993323,6:0.11011588884824164,7:0.9401764513511497,8:0.8847373436545022,9:0.7330211715431383,10:0.4291845399151939,11:0.8392414668491326,12:0.14743968405502472,13:0.8568818771475416,14:0.2699212889371547,15:0.8188700172816832,16:0.7992339173168427,17:0.07783279030411039,18:0.8781337563229517,19:0.8326339617163233,20:0.2880613173754979,21:0.7866510567371632,22:0.9190286283636884,23:0.16020555458652852,24:0.5945561229587633,25:0.2936884165638579,26:0.35969913753473703,27:0.38807936784246067,28:0.027738344594878006,29:0.8979766606389897,30:0.15041320438590056,31:0.11083021030859919,32:0.9388105104248963,33:0.5156719017503816,34:0.368744039588507,35:0.17920484247722346,36:0.42985567601894603,37:0.49895242979740506,38:0.42318444276108713,39:0.7247966631976474,40:0.544309937425658} with alpha 13.0 and beta 84.0, percentage 12.631578947368421
The arm 14 has vector {0:0.3956141715472443,1:0.7858645056398821,2:0.08509388412913554,3:0.5154152404201735,4:0.27336392233030693,5:0.5430340386427073,6:0.37591492025615647,7:0.9496194181328085,8:0.08172249179540525,9:0.6598169455166104,10:0.8281350104616643,11:0.4300803050509534,12:0.2536911955382083,13:0.9306530166872643,14:0.7556203479147806,15:0.2705499186121768,16:0.6509798516903519,17:0.2411187479213689,18:0.6052525003249546,19:0.8041847286668453,20:0.9259159873364238,21:0.008511631264467079,22:0.8411235366476236,23:0.8995195743161599,24:0.8129137659543653,25:0.08140410960956579,26:0.5463952188304179,27:0.6714672062027657,28:0.47809124433461714,29:0.4984515826292786,30:0.4158707195272118,31:0.4991892289594253,32:0.15245262164509832,33:0.5602222174457628,34:0.7302643319098439,35:0.40013086175519674,36:0.21941940586343855,37:0.730891656607415,38:0.9486554379880371,39:0.6244084048528711,40:0.459704951407907} with alpha 25.0 and beta 137.0, percentage 15.0
The arm 15 has vector {0:0.4061940262478658,1:0.8923144444648563,2:0.6037413427869018,3:0.8482281701458736,4:0.8389391947394355,5:0.08613628789550998,6:0.1674266076862183,7:0.5923394155585915,8:0.06887907681918659,9:0.4800010806235079,10:0.3203928900546691,11:0.5226767491371509,12:0.6428025912269861,13:0.25913737225234246,14:0.460333546842531,15:0.27227286859176836,16:0.5674351564130931,17:0.5357186268465842,18:0.96632715854605,19:0.7834100688809191,20:0.8454245445082091,21:0.7202888800838994,22:0.5943403046294811,23:0.3795231704082819,24:0.5193682692894358,25:0.38694980022575587,26:0.2025131424740605,27:0.009057059102647536,28:0.6720370387913709,29:0.11904249205662099,30:0.848714503716098,31:0.02063305863633713,32:0.5884642469191098,33:0.8085568421746467,34:0.6801420492849563,35:0.359655344388243,36:0.3339684000851776,37:0.8799705224388467,38:0.4471752331677097,39:0.4829963919872764,40:0.9163173072445224} with alpha 35.0 and beta 167.0, percentage 17.0
The arm 16 has vector {0:0.14188742364986073,1:0.009527405883713702,2:0.7742359833018868,3:0.8707459913150604,4:0.18016182950378012,5:0.5994652111000637,6:0.20062288254680471,7:0.2089005182703748,8:0.6318310325653483,9:0.36421671940364053,10:0.5025574497916534,11:0.257995042322792,12:0.7670328685853783,13:0.5046938656837379,14:0.6164230355226571,15:0.47940243875083355,16:0.9695238819200469,17:0.4236726940816753,18:0.547693666585142,19:0.3220333934310774,20:0.725717550365172,21:0.5396409402891196,22:0.1374169581649186,23:0.8029963178549776,24:0.4441811933169991,25:0.15665933128335763,26:0.8173293681823357,27:0.4383603373768209,28:0.39578298394060474,29:0.8511997331539977,30:0.5108530227905712,31:0.5451524929330378,32:0.4322276239361905,33:0.5366134278675665,34:0.7940586901704382,35:0.8761416232011406,36:0.38602340885688835,37:0.660638923624721,38:0.16524277586835756,39:0.8933104988835678,40:0.45215832653541665} with alpha 5.0 and beta 45.0, percentage 8.333333333333332
The arm 17 has vector {0:0.7552172135536966,1:0.79492648441628,2:0.5025571647065435,3:0.1980108833596128,4:0.5452383383041515,5:0.3382194344828622,6:0.9687498478794668,7:0.5394407534625875,8:0.3386324543832442,9:0.3886846313520841,10:0.003227623395829715,11:0.7464626566079258,12:0.4963729724652014,13:0.7163904121666879,14:0.028025710436303863,15:0.018585912093219803,16:0.9361873992522797,17:0.4689597242816569,18:0.01530456191846663,19:0.7155782375795444,20:0.4880815249490996,21:0.27506577169916857,22:0.6022953478963087,23:0.5224705128461883,24:0.22382765464597232,25:0.4918458036762504,26:0.3350423161140208,27:0.6534444878433024,28:0.3003644102168881,29:0.02321479275081295,30:0.829429287927046,31:0.7408922881614256,32:0.9484163233647315,33:0.35493886398394414,34:0.8120076956210143,35:0.007024178531190417,36:0.07466343173610657,37:0.6524557439809576,38:0.022849362218467784,39:0.24847446722432065,40:0.989565480524563} with alpha 14.0 and beta 86.0, percentage 13.26530612244898
The arm 18 has vector {0:0.20041858811142932,1:0.28940154514564975,2:0.8160460019244526,3:0.8556955959573009,4:0.9571482665272155,5:0.4764083055331828,6:0.6822424068269023,7:0.37097116587777934,8:0.25403866062905955,9:0.6957086889456632,10:0.9000926992980816,11:0.2958190362013693,12:0.5395730488911875,13:0.7358837648217454,14:0.8938342677313048,15:0.986985195850319,16:0.6579205861807798,17:0.1475167142221655,18:0.8639390464729453,19:0.8843718621986941,20:0.9547946447150016,21:0.5976255348205791,22:0.839156868243718,23:0.24521898603771008,24:0.24383915649666643,25:0.9237081378433482,26:0.7157575659371156,27:0.2063169707923206,28:0.33821989593831514,29:0.589035486046242,30:0.5498625117481946,31:0.9226494132311142,32:0.6595711139929775,33:0.5094514228541427,34:0.2803755775004796,35:0.6151146527351707,36:0.49778540857364706,37:0.8431168063222108,38:0.31714132295468134,39:0.5370336512185669,40:0.5704989274093858} with alpha 15.0 and beta 83.0, percentage 14.583333333333334
The arm 19 has vector {0:0.13753833395805515,1:0.28526459550992234,2:0.42697708242765464,3:0.7532929361388161,4:0.1876634300412665,5:0.9821815421036322,6:0.3416648449412797,7:0.6802125785130355,8:0.9029537775392591,9:0.3771333226436321,10:0.827532523585431,11:0.2961032472662092,12:0.7684285125735317,13:0.7174080708016161,14:0.7054702663166231,15:0.1230907337343966,16:0.44990719653379285,17:0.5975037647960552,18:0.866541594928395,19:0.4444269488566124,20:0.5619546369946138,21:0.7223555809780323,22:0.8250222885633459,23:0.32017043584988114,24:0.5906997549928404,25:0.011547160008605672,26:0.4260912028614391,27:0.657435977310453,28:0.17508201501462817,29:0.7902479741062484,30:0.2118198315009765,31:0.04014049756308613,32:0.7745302010103041,33:0.43812019771748345,34:0.488489436548043,35:0.9456936559795576,36:0.6465527916207848,37:0.766453452081134,38:0.5876345426646093,39:0.2323145391721525,40:0.43502283953482235} with alpha 1.0 and beta 22.0, percentage 0.0
The arm 20 has vector {0:0.5556857484388644,1:0.2520104243481601,2:0.7318512256566266,3:0.8708576810993361,4:0.6315905885510451,5:0.23027917386601404,6:0.04992332435231772,7:0.5460035907351128,8:0.8575166256520822,9:0.008128515146877291,10:0.7539896935990341,11:0.188913182283164,12:0.44176481792233047,13:0.5389318508810403,14:0.8112814882043563,15:0.40408084546625733,16:0.32287311727014245,17:0.19095804136617867,18:0.6248585829997902,19:0.27236909175248936,20:0.94549135924023,21:0.3692818288172829,22:0.9222805988159495,23:0.04373696059340548,24:0.7008710893283181,25:0.8753774427137052,26:0.5671480996841459,27:0.9311952639586304,28:0.812410887136435,29:0.7738388159840087,30:0.12104263636820789,31:0.5853959926226956,32:0.33025758285125306,33:0.6317650839902914,34:0.8515049463086363,35:0.748251701236807,36:0.7701631997805735,37:0.45948400408227885,38:0.5605124583614579,39:0.4177216266283392,40:0.08688926325092972} with alpha 5.0 and beta 45.0, percentage 8.333333333333332
The arm 21 has vector {0:0.09058316808121547,1:0.060649019183120156,2:0.45184634086625686,3:0.34321326643364447,4:0.5737055820012394,5:0.8367941630485701,6:0.8235262879132407,7:0.8364807032708214,8:0.2075095298642471,9:0.12564627639680948,10:0.8579317754170996,11:0.878074032135717,12:0.6317843937298696,13:0.7012119873026108,14:0.049216245917891754,15:0.08406041915033069,16:0.25061452764614867,17:0.4455100065313986,18:0.4482602908633364,19:0.8156363314532535,20:0.983787010848064,21:0.7304107305852406,22:0.33048896285510876,23:0.3550957135753331,24:0.1575372009987377,25:0.968120478998296,26:0.05740689566024415,27:0.8919899408432396,28:0.8728968868025855,29:0.5322842465272258,30:0.6633274740516837,31:0.913837847786126,32:0.47760283796949266,33:0.08854363998509329,34:0.4546072105210326,35:0.6708838159415637,36:0.3485058671083816,37:0.2622699424619823,38:0.0989469617902764,39:0.6439769585501358,40:0.5531737435945457} with alpha 9.0 and beta 69.0, percentage 10.526315789473683
The arm 22 has vector {0:0.3257946012545141,1:0.08310247009446248,2:0.1330620319909973,3:0.48441667639005725,4:0.6550667121248094,5:0.4917767541628041,6:0.1931809006513886,7:0.7398907917842968,8:0.5729866916871463,9:0.30760675813174576,10:0.8275952150329478,11:0.5192302695778224,12:0.047058054277190564,13:0.4906426963368121,14:0.822862321711292,15:0.5704792260300767,16:0.9526286669511587,17:0.14013702883203638,18:0.16014814529657873,19:0.5952897536072839,20:0.05382410312461594,21:0.7837880865275662,22:0.571593108800807,23:0.5258025600318812,24:0.013158251715866043,25:0.8432735547160075,26:0.48801555895871185,27:0.8206372982776001,28:0.749646914951686,29:0.9401140339825164,30:0.5134985023220735,31:0.6117536055271929,32:0.8467691297572114,33:0.6088259691713067,34:0.15152071978947068,35:0.729610773922847,36:0.14941734888480018,37:0.33385267036058586,38:0.11683461800083905,39:0.6043475596830706,40:0.6245910746294815} with alpha 4.0 and beta 46.0, percentage 6.25
The arm 23 has vector {0:0.8397030637546392,1:0.22520594389313875,2:0.08778074928253654,3:0.7389678438288001,4:0.04666855396626457,5:0.7010158955370208,6:0.08109769316254511,7:0.37113885705157423,8:0.7434234921997429,9:0.2315628247397472,10:0.6041729703552556,11:0.1269121237565658,12:0.8623701901289094,13:0.9991700989442293,14:0.8853043663017883,15:0.9041248982924811,16:0.28910102725563314,17:0.9521049903988291,18:0.2058584468174678,19:0.7607173391971205,20:0.5774048083863322,21:0.4418060852069863,22:0.028739107346589354,23:0.5345672301907938,24:0.44186950534828184,25:0.645153760157601,26:0.907869998278506,27:0.4699154614209434,28:0.738630669912447,29:0.7990558838028136,30:0.47715308754282126,31:0.32867157198282315,32:0.6233039073888744,33:0.39833276787866434,34:0.8695106502627625,35:0.9983034645664675,36:0.23659018237011187,37:0.4041389798003062,38:0.13979847698034753,39:0.8359031802927902,40:0.27518031124293607} with alpha 2.0 and beta 32.0, percentage 3.125
The arm 24 has vector {0:0.6475607861173559,1:0.2623074741338701,2:0.35092179306448223,3:0.8092438720800416,4:0.32116219936431856,5:0.4135709932740256,6:0.8552151449620398,7:0.47307258346936776,8:0.27321922266332355,9:0.1318120463154595,10:0.7645758107417648,11:0.0879257564038819,12:0.0012111123236636656,13:0.8005835944067208,14:0.27587283995750733,15:0.9323599179182921,16:0.5268350290164595,17:0.6164432296086011,18:0.9760626958120402,19:0.8116391950770931,20:0.8416990606100115,21:0.13552088439577636,22:0.802476172957493,23:0.03243440520005192,24:0.9423872257164393,25:0.32578025930400156,26:0.2797410498925281,27:0.7106278604767474,28:0.016783909130544727,29:0.6219538809771619,30:0.11189794705679135,31:0.5869360996102334,32:0.16178428846763493,33:0.4161805865644347,34:0.8970476130774989,35:0.3718403443237379,36:0.9871194919517987,37:0.2519647436148067,38:0.935510182852835,39:0.6181435421266855,40:0.7005966766298519} with alpha 116.0 and beta 473.0, percentage 19.591141396933562
The arm 25 has vector {0:0.019715846418046246,1:0.5135752608415923,2:0.507479432841489,3:0.771994885829077,4:0.7896635809842235,5:0.24708183656740956,6:0.4214300163379556,7:0.3257460100206321,8:0.7719067558763728,9:0.8292969645570544,10:0.13845352969756408,11:0.25257300913600533,12:0.3561643399769622,13:0.471394114045501,14:0.4118885175211948,15:0.8082719849632922,16:0.9064759980395385,17:0.1996267281699986,18:0.9669833714008813,19:0.7564579022805371,20:0.7251354057206577,21:0.5360195475710053,22:0.22788510495432468,23:0.7660646423062696,24:0.3716731180324566,25:0.44075983750919523,26:0.24246172187574777,27:0.007469750859103175,28:0.9255664809047618,29:0.8355852584768125,30:0.5393626741049938,31:0.3995163764366725,32:0.5048796466198826,33:0.900368782508375,34:0.7160823340430159,35:0.1980071867450106,36:0.21570855004934852,37:0.5422202357983934,38:0.573294722697421,39:0.5703953629667025,40:0.19810001680830824} with alpha 35.0 and beta 162.0, percentage 17.435897435897434
The arm 26 has vector {0:0.38834419830576883,1:0.35397630434208494,2:0.632490129512957,3:0.7996108062557281,4:0.9310210233549165,5:0.8392591287710168,6:0.49636584180320686,7:0.7242824207900307,8:0.7191643182262354,9:0.10550178419598055,10:0.7491923756875032,11:0.49790562922627335,12:0.5359761627706022,13:0.10827095626240357,14:0.849070887469086,15:0.23992880807403827,16:6.236792989168238E-4,17:0.151715826889387,18:0.5638130479473817,19:0.6273815239834425,20:0.3840659720586753,21:0.043635071162277606,22:0.6497154611445016,23:0.9861058993523404,24:0.581784258338791,25:0.5500247083509678,26:0.2539741800645432,27:0.14630790811075822,28:0.08721486051696303,29:0.914015723224256,30:0.7029328933333653,31:0.8042959537645682,32:0.5058903514900578,33:0.013838561218957435,34:0.259711048291035,35:0.4813335553858298,36:0.0026144427363605782,37:0.5807723393859727,38:0.9646246714049779,39:0.5024045237577922,40:0.40846045334319125} with alpha 10.0 and beta 73.0, percentage 11.11111111111111
The arm 27 has vector {0:0.10577631965687495,1:0.8965472830711282,2:0.6416595969918856,3:0.7159642847106252,4:0.6240015418304732,5:0.2851733530919589,6:0.5226383781680819,7:0.991561181183617,8:0.6485315718412072,9:0.13248454814398247,10:0.3653761778509951,11:0.011199873938762317,12:0.6489321805551732,13:0.8990944150788023,14:0.9949909224146031,15:0.9966130580315253,16:0.13160834724496628,17:0.4687461285207353,18:0.4650596031848959,19:0.9507360430166925,20:0.7182812374922977,21:0.6569260699288704,22:0.4992869053843555,23:0.19626591005171212,24:0.6572055283819471,25:0.6222416496045151,26:0.41200264022484856,27:0.4001187021136575,28:0.8143998806170125,29:0.9130994205067595,30:0.6750407646681544,31:0.3070417216296646,32:0.43366733897646426,33:0.6313509553758817,34:0.2619269486495821,35:0.2082892869476508,36:0.7616437845977627,37:0.06283760644607406,38:0.05443884570474955,39:0.16712810486899832,40:0.9681645226087281} with alpha 117.0 and beta 463.0, percentage 20.069204152249135
The arm 28 has vector {0:0.7491117728723179,1:0.24071497549127407,2:0.40357600040953967,3:0.6052691108069274,4:0.9817849619748499,5:0.29920211878127323,6:0.8749733740980793,7:0.6442697649265345,8:0.6071905112145753,9:0.8932299213048462,10:0.4391761243195248,11:0.8505952710408865,12:0.4735053059768892,13:0.6587111939715845,14:0.8765705335802838,15:0.9952730418326716,16:0.48565546906962254,17:0.7364508884255363,18:0.012250485525730048,19:0.16852028999480761,20:0.6650463622008089,21:0.8925066873821271,22:0.6503097172027152,23:0.5727112672851493,24:0.03818398997764527,25:0.2321355648648864,26:0.4505995909407632,27:0.9161149818329842,28:0.7647089913872703,29:0.027601145569912888,30:0.7364361229158025,31:0.24893489287234816,32:0.41709596292803075,33:0.5056491414588385,34:0.90425889587869,35:0.30848614744912584,36:0.9484207312299013,37:0.9901513404989866,38:0.4887254170334796,39:0.43229806454147646,40:0.27205705167174865} with alpha 44.0 and beta 210.0, percentage 17.063492063492063
The arm 29 has vector {0:0.14819707733886334,1:0.42157561364195306,2:0.2865138742823852,3:0.6132518887992491,4:0.31488566231053183,5:0.5733224902894763,6:0.35500651185124865,7:0.717736922354946,8:0.7182960392617556,9:0.4706124387460452,10:0.7931760205281913,11:0.25666006243129413,12:0.9247116846656098,13:0.6233910044196899,14:0.17321046464499046,15:0.4457568527996445,16:0.2448850173373467,17:0.8111023986290914,18:0.8348232280556702,19:0.9676525440925111,20:0.6569011233573682,21:0.18955200093386948,22:0.8989792771573054,23:0.6018423825379629,24:0.9397409674075314,25:0.7749276049605124,26:0.7916515597360891,27:0.6171184240395372,28:0.8277943771321118,29:0.4567663763181541,30:0.029056551970916944,31:0.4890303107978502,32:0.5868219107585431,33:0.28165251021739135,34:0.9203198668192939,35:0.4121851328541283,36:0.27944985142195367,37:0.46537366602150343,38:0.2609519759909623,39:0.9218267804117247,40:0.2724000051547957} with alpha 4.0 and beta 31.0, percentage 9.090909090909092
The arm 30 has vector {0:0.9884451686719157,1:0.10349382618082414,2:0.634291007372902,3:0.2288340826177745,4:0.16194414718174888,5:0.1665299271759063,6:0.881945154001029,7:0.05547521713707115,8:0.11145023591736658,9:0.43185086501568637,10:0.6547950650432433,11:0.2466240335106047,12:0.9679152090539501,13:0.6425597021212823,14:0.4081959633051422,15:0.11418381832209701,16:0.6437434741557799,17:0.8353395511705697,18:0.1706597485135265,19:0.18968787480935223,20:0.018423600074456425,21:0.9123221799082166,22:0.4724053472275861,23:0.04743947328364451,24:0.9070776793562834,25:0.3508869263412301,26:0.320366141575227,27:0.5804613964409271,28:0.3726380963736551,29:0.992390569103592,30:0.1837262127223277,31:0.6577161052812122,32:0.7103817221039422,33:0.31919945865783117,34:0.13725137295968504,35:0.06967365639841372,36:0.5844538051347214,37:0.05031503235955681,38:0.49609629004536715,39:0.8589449697865876,40:0.5488170997222874} with alpha 2.0 and beta 33.0, percentage 3.0303030303030303
The arm 31 has vector {0:0.8379478932347888,1:0.9696512984897004,2:0.8498925784824658,3:0.27551820383009773,4:0.36658926478365794,5:0.43157536078074243,6:0.418908223573939,7:0.22858999495403243,8:0.02330698261365105,9:0.6314531441040114,10:0.602378442792796,11:0.11749833400920984,12:0.7931404476449218,13:0.9461929385500931,14:0.7598008316141995,15:0.10578474614199251,16:0.35184808347564533,17:0.7503744853067027,18:0.6375892233123178,19:0.6629038617090764,20:0.34860620568149714,21:0.01409544906565885,22:0.5080429331618769,23:0.8915183058629751,24:0.08378267804169703,25:0.5957827072354971,26:0.6525702415148302,27:0.0770414700505091,28:0.09427528075719838,29:0.7034866949281301,30:0.04663026485543964,31:0.6551895306632949,32:0.48533728363912443,33:0.08871892717880137,34:0.796701508253865,35:0.4947846891413319,36:0.7838001841720847,37:0.5818409700862041,38:0.3268296735295466,39:0.8216690088410272,40:0.10002347864012284} with alpha 13.0 and beta 76.0, percentage 13.793103448275861
The arm 32 has vector {0:0.10998081990304742,1:0.9166376955506127,2:0.6431801380555099,3:0.9084982490505699,4:0.9013499347487497,5:0.8619043587366353,6:0.1876978269561974,7:0.3672836603965036,8:0.6860830619860511,9:0.7866404306407657,10:0.324779120446379,11:0.6083222211470269,12:0.1878713165320116,13:0.8465520646141917,14:0.5312263407516921,15:0.6263867801959652,16:0.9636098027036241,17:0.16553710195600613,18:0.03850506035632095,19:0.08802068882006497,20:0.0932684737869851,21:0.02725339538816607,22:0.09411726679779042,23:0.9339686599407484,24:0.4023027065288147,25:0.693628202933869,26:0.2579195443656389,27:0.3005452275548445,28:0.581872524047384,29:0.42171037713737447,30:0.6175759418318397,31:0.6644143911112301,32:0.22299515286063976,33:0.6840268196952236,34:0.7094752072596344,35:0.3153450781372056,36:0.9895028452854983,37:0.3279713045000039,38:0.5785927580294439,39:0.257556687810915,40:0.14873495790291114} with alpha 6.0 and beta 51.0, percentage 9.090909090909092
The arm 33 has vector {0:0.4203890081441902,1:0.5201668457244706,2:0.43838052931242144,3:0.5103132954390425,4:0.8340196627913433,5:0.332106202428164,6:0.11320951957990832,7:0.8162486352700211,8:0.11676167594020737,9:0.451613383844492,10:0.9767415698174761,11:0.8919542968193395,12:0.1391552978396987,13:0.20704218567558896,14:0.5126067943024832,15:0.67223277423325,16:0.10180433135798106,17:0.11611258063441598,18:0.25162881250138525,19:0.34374629036697113,20:0.6366474066562409,21:0.9044013709601149,22:0.6194580157002894,23:0.4787198856082693,24:0.4857416761989626,25:0.8411566351042353,26:0.24848883883710204,27:0.531874761915126,28:0.00809685342980726,29:0.022094836556152186,30:0.5122788737412417,31:0.344877674605068,32:0.919459037156718,33:0.4391280150829048,34:0.8298864743713438,35:0.33009230054357586,36:0.5803150069097639,37:0.15524010857327386,38:0.6170538553105875,39:0.8784466060395933,40:0.3255528508013975} with alpha 11.0 and beta 72.0, percentage 12.345679012345679
The arm 34 has vector {0:0.7226986117225688,1:0.5867327653229445,2:0.4646665271643241,3:0.9222837903987191,4:0.14044148900190878,5:0.49464637614780504,6:0.17978149577154345,7:0.13603913574522475,8:0.008912737235102886,9:0.33941458659268,10:0.32373518534686685,11:0.48447472657555235,12:0.6217983348221675,13:0.7928335818446163,14:0.45436634780605367,15:0.11956606310024764,16:0.16069506170772585,17:0.733109885882632,18:0.13839950292857528,19:0.7439030636356484,20:0.01055490349721011,21:0.24670075948258707,22:0.5428038846777278,23:0.19767499181250747,24:0.8473377164365421,25:0.3621813431464225,26:0.7689223736696863,27:0.2083477583777933,28:0.24707294597832585,29:0.6136140992117489,30:0.8386162743637067,31:0.6891036176212462,32:0.7684631499584355,33:0.28763761641210106,34:0.1262591720653362,35:0.49132263050268077,36:0.7689622487700964,37:0.8835725171656255,38:0.4465938902416692,39:0.10901215361026295,40:0.9767506516961119} with alpha 3.0 and beta 38.0, percentage 5.128205128205128
The arm 35 has vector {0:0.4218065155159225,1:0.02018343313965998,2:0.7316729734110193,3:0.03622786096549502,4:0.6964467443679854,5:0.13953352074959735,6:0.9209337769082743,7:0.6780674854727274,8:0.5929743385626418,9:0.17960854491516975,10:0.28468365164151066,11:0.7829258052282702,12:0.9230080679870583,13:0.9594768168230087,14:0.8007568204237442,15:0.321342781301466,16:0.6032648677085654,17:0.26911783796512423,18:0.7463836982654372,19:0.14155980248703515,20:0.32501915656430946,21:0.09737016526182907,22:0.5735199677120932,23:0.11296436322926018,24:0.4985270821210728,25:0.5229466990229078,26:0.46197977623012565,27:0.774225381812959,28:0.032400661004525655,29:0.36746315011306174,30:0.7017186222374802,31:0.7747647569788094,32:0.5517788928305091,33:0.5570566249413682,34:0.6204857951567593,35:0.254555102723072,36:0.5806996943310435,37:0.26971009858636497,38:0.32814843623115364,39:0.10744964104728028,40:0.8665774655945627} with alpha 6.0 and beta 53.0, percentage 8.771929824561402
The arm 36 has vector {0:0.7272165528362845,1:0.7983399326192228,2:0.5636969423497271,3:0.8644586693734041,4:0.019280883694075324,5:0.49850756983654565,6:0.1297420496288132,7:0.9198755952995575,8:0.6182405122271849,9:0.27910338601824836,10:0.34793445974515347,11:0.3648186008387363,12:0.8521356436870213,13:0.8759702933426082,14:0.23641830152794907,15:0.3155482087595456,16:0.4586240762876498,17:0.1654043016000042,18:0.6807644523977889,19:0.7653288816835886,20:0.2549592840247057,21:0.14196486699331545,22:0.5680812906513234,23:0.921675119213334,24:0.17614596679461536,25:0.12931736829484064,26:0.9641935726459945,27:0.015682321441367497,28:0.30374326176275035,29:0.4315498826410843,30:0.42105558021915845,31:0.6550268231412737,32:0.6517583930581172,33:0.16963195723374302,34:0.853191897862318,35:0.9685046706244156,36:0.7705819689280943,37:0.364990507949561,38:0.014938945842808082,39:0.6746572324139455,40:0.9925766470141725} with alpha 6.0 and beta 53.0, percentage 8.771929824561402
The arm 37 has vector {0:0.9085113831879852,1:0.4082376564665212,2:0.7274856515950967,3:0.9054636792017382,4:0.4084193585236835,5:0.876240415379432,6:0.5941863633750037,7:0.7411801894094946,8:0.5271123894274311,9:0.39598462605316787,10:0.547336332533895,11:0.5075339989672324,12:0.472549072680274,13:0.23589403093715133,14:0.6620815968879804,15:0.23254574165165043,16:0.5707869394830942,17:0.24486700881514856,18:0.06422375533378932,19:0.005964216956636181,20:0.3542316006275176,21:0.4387712303222129,22:0.9687591609167985,23:0.5101116826161305,24:0.23643586847112608,25:0.6242312600616271,26:0.44780964196235873,27:0.3319629598130378,28:0.9616107351514748,29:0.7257494558307132,30:0.5766536242990892,31:0.6143446997949211,32:0.4848364553187886,33:0.1581652790050594,34:0.17819058681556776,35:0.21751054140565873,36:0.8664781863834525,37:0.2879081823888081,38:0.6716895617067744,39:0.24372554103246857,40:0.47749013045400845} with alpha 6.0 and beta 52.0, percentage 8.928571428571429
The arm 38 has vector {0:0.3051033842742098,1:0.23991333312131347,2:0.541915970200294,3:0.057248359873314336,4:0.24596380694645514,5:0.25423345849472445,6:0.6188193869650762,7:0.05894856589954245,8:0.0331598552997322,9:0.1127120942323997,10:0.9793918435990316,11:0.2527454928521792,12:0.7681292648505677,13:0.34357149978537094,14:0.31135843194622337,15:0.5119150669625165,16:0.47880527924483485,17:0.0062071653408724,18:0.0764921593575204,19:0.09240450579171511,20:0.17919491448739377,21:0.0021326634948011236,22:0.6561190687036279,23:0.784764870630675,24:0.3925286308759731,25:0.6897305942481311,26:0.6390230739849623,27:0.20332704400840274,28:0.1692638916790412,29:0.8336176663105956,30:0.670001772070834,31:0.07216106591525462,32:0.10539775941807439,33:0.8132202379519233,34:0.006406947167744592,35:0.9254728264150431,36:0.2947717525106337,37:0.3559132762278112,38:0.8618127280172173,39:0.18957088834715563,40:0.7578191214703003} with alpha 4.0 and beta 42.0, percentage 6.8181818181818175
The arm 39 has vector {0:0.7873675053587096,1:0.8840677271722219,2:0.3132592870774583,3:0.7461178728176735,4:0.5529891248200419,5:0.24761783771085788,6:0.1497653768074524,7:0.1309201574387845,8:0.42865711063737777,9:0.24615993040923345,10:0.6234659015658739,11:0.07099809315281891,12:0.20831715428258224,13:0.012697465414252318,14:0.22203266993637327,15:0.8703948827071072,16:0.09407816140475145,17:0.2562673655151748,18:0.30536689276320084,19:0.983386566369649,20:0.48726371050824446,21:0.7137719253517635,22:0.6995236923098235,23:0.2789188312478895,24:0.08277139474833473,25:0.5709234235315317,26:0.438098581177386,27:0.4904755072775111,28:0.9393223081827365,29:0.7434655791863419,30:0.5713406486533564,31:0.012727935476508523,32:0.4733247242580161,33:0.1898395740450347,34:0.880179588422745,35:0.6918573476980857,36:0.8222327955579772,37:0.9552237847994095,38:0.18428053511277698,39:0.42732583218491893,40:0.571551474588299} with alpha 10.0 and beta 78.0, percentage 10.465116279069768
The arm 40 has vector {0:0.5648275224403076,1:0.5388509453856776,2:0.7717709763380829,3:0.3056712698150241,4:0.33247708444503987,5:0.5211010161082477,6:0.0718774446669147,7:0.6973117580197936,8:0.0828258127064091,9:0.9712737086101647,10:0.2530516974637129,11:0.0409347284763798,12:0.04088186391704385,13:0.6019897266240491,14:0.9242984884924479,15:0.6410024317124654,16:0.02092591678444433,17:0.09868840912534504,18:0.6839545228824635,19:0.7571317204926293,20:0.9398251546512931,21:0.38623306516187195,22:0.6546759152362079,23:0.3539674728760248,24:0.6955239197022718,25:0.054505945531196476,26:0.08483794011808354,27:0.7509620301547182,28:0.022594369184735452,29:0.5055991977298311,30:0.7187049049084409,31:0.8651623536091071,32:0.5862627406857092,33:0.19551633151032122,34:0.2691658462522398,35:0.395630038382072,36:0.14529331093211573,37:0.0021239114907306567,38:0.7389175957361385,39:0.8157904946972667,40:0.7470616366967725} with alpha 12.0 and beta 74.0, percentage 13.095238095238097
The arm 41 has vector {0:0.7588888466840755,1:0.057559007780944804,2:0.8341689581693428,3:0.4871085097680661,4:0.625434212190683,5:0.3755452856937942,6:0.9481018507114184,7:0.09672764788202481,8:0.194952863588301,9:0.7984209872690524,10:0.4046001468144481,11:0.17413906692885328,12:0.26379853559790745,13:0.46430170167665497,14:0.07166031561579056,15:0.9977122535831713,16:0.3900568270989605,17:0.0060518334862194045,18:0.578488301460642,19:0.5534376545844504,20:0.7156069471087789,21:0.12494327658480808,22:0.4175539705607747,23:0.23277665085160493,24:0.23876512995831567,25:0.4516709087653793,26:0.11911795428737104,27:0.8193062301816051,28:0.13782170817321437,29:0.3820099071708224,30:0.47301864937118665,31:0.4983029958316453,32:0.9994259963856531,33:0.36250730917959806,34:0.28184116103871626,35:0.9038514314436512,36:0.5495323328176908,37:0.933297346481237,38:0.2199583024007331,39:0.9038510396504857,40:0.7629435590007638} with alpha 12.0 and beta 78.0, percentage 12.5
The arm 42 has vector {0:0.9726360225538,1:0.7855250020797542,2:0.8331912320020622,3:0.05689452778814186,4:0.8872590371829778,5:0.027104037253209867,6:0.03482825725768601,7:0.5221749213681779,8:0.9482633960990521,9:0.9833629245084715,10:0.2842394390633358,11:0.6347841276825229,12:0.8017420363543072,13:0.6491883530646319,14:0.7456570913975918,15:0.6244728279838053,16:0.9854160795520384,17:0.7800933395060243,18:0.6033574544207861,19:0.21279457434990623,20:0.8411000823199097,21:0.19482347950609213,22:0.7921494210309059,23:0.9700759177134082,24:0.027633771193205314,25:0.26348076525665565,26:0.47452118032016866,27:0.5192507832863903,28:0.12116568180373566,29:0.019361331682650085,30:0.27198010065535416,31:0.1304000671286305,32:0.6292575709001054,33:0.4813006198720883,34:0.9726947262173606,35:0.8434170794215982,36:0.7036944208489254,37:0.9130227880292275,38:0.8838205703353875,39:0.4103134619521601,40:0.5456959362428102} with alpha 23.0 and beta 104.0, percentage 17.599999999999998
The arm 43 has vector {0:0.4228897944585823,1:0.8958049163153926,2:0.3481268619437564,3:0.4795256087132236,4:0.5027731498515327,5:0.13426584231198435,6:0.6886552643414026,7:0.7877988765018451,8:0.5795975030459215,9:0.9160250983174738,10:0.12091353407821837,11:0.39246814766131555,12:0.37567967297656757,13:0.05984598933316265,14:0.5541144548825974,15:0.5770626713321194,16:0.27744273218819326,17:0.3581023153810019,18:0.5175248076626452,19:0.13537785526182855,20:0.3749866500230472,21:0.401261859431145,22:0.38261655606783807,23:0.44199680142345865,24:0.3275692271654529,25:0.39964010075682377,26:0.9684088866840163,27:0.8409771385501351,28:0.3321732728950937,29:0.6128806582954809,30:0.3133747842804936,31:0.6904607658080625,32:0.920828186209532,33:0.27593185331821335,34:0.9087081201581645,35:0.04822109016947995,36:0.22448435190058302,37:0.21500836580455085,38:0.42357515750738084,39:0.8776267295724012,40:0.8637387226215912} with alpha 40.0 and beta 189.0, percentage 17.180616740088105
The arm 44 has vector {0:0.3050201366623605,1:0.8783683201760557,2:0.34297161316736835,3:0.08206464833684046,4:0.18450168107423937,5:0.05704197068510719,6:0.2647786419605844,7:0.854166392587995,8:0.41232981861545537,9:0.20988276215726742,10:0.4251918909822112,11:0.802870240622321,12:0.14968774773370552,13:0.8794889620661953,14:0.2095024589832899,15:0.7752227136384985,16:0.3459913193293145,17:0.4102807233420531,18:0.879512687955241,19:0.5580718837641968,20:0.002423200835728223,21:0.007933578772727823,22:0.38562724833972717,23:0.2489506711854449,24:0.5359270615351428,25:0.2532957543260773,26:0.6766947270735734,27:0.183951922697975,28:0.5984432432827395,29:0.2907092468329776,30:0.6415594384916661,31:0.08494311388379128,32:0.7040156385856382,33:0.8553220160868852,34:0.10799655956690513,35:0.640740283450868,36:0.1756119547509296,37:0.7548689803610863,38:0.4414486429109771,39:0.09513381071985416,40:0.23455703141748163} with alpha 47.0 and beta 228.0, percentage 16.84981684981685
The arm 45 has vector {0:0.7511023030791899,1:0.9219192691792037,2:0.02562875361664918,3:0.7748855198957576,4:0.47952079091223243,5:0.8619806706475195,6:0.6463914113540272,7:0.7294554070595782,8:0.13302820385164182,9:0.2547592564498996,10:0.5745754424763583,11:0.7490543113770265,12:0.4766764286484082,13:0.714448052245881,14:0.19303972318672435,15:0.5454764937218549,16:0.6448823609172124,17:0.3734398349282475,18:0.5222995693958992,19:0.6232917246831874,20:0.3902497332510835,21:0.5945860635681215,22:0.2973570943813839,23:0.9197257221368685,24:0.9373708393097652,25:0.37122449749074204,26:0.8119784185468293,27:0.9703773590569434,28:0.5964535067030976,29:0.468133023922896,30:0.9173671959096187,31:0.5067715852973383,32:0.6336028498578288,33:0.693452871463108,34:0.9944760117799458,35:0.865596321026307,36:0.30069187316820145,37:0.437622207233583,38:0.2774051229602188,39:0.9386653283159888,40:0.9962888497513307} with alpha 15.0 and beta 92.0, percentage 13.333333333333334
The arm 46 has vector {0:0.7758659846579802,1:0.4915487619404776,2:0.356395475095454,3:0.4671567204902639,4:0.9386663794212747,5:0.9002697480556783,6:0.30800914950689184,7:0.5311967323800787,8:0.6429316024700603,9:0.0878066472410689,10:0.8931660035515468,11:0.1917795050033695,12:0.3935794708238759,13:0.8714057647451021,14:0.9180381325419136,15:0.3763082907328821,16:0.3190691481471807,17:0.42997528867304313,18:0.5255557451881704,19:0.7867454078934522,20:0.15367697679893233,21:0.6774525706543006,22:0.4729455626011284,23:0.0646716318012609,24:0.5507453641415958,25:0.7021924258313679,26:0.7798904208313656,27:0.20309741106581536,28:0.1414585966217834,29:0.4671981901128961,30:0.2608935510133491,31:0.9724220975648462,32:0.5769457887190379,33:0.8340085210760989,34:0.7562449755623114,35:0.7862802986003578,36:0.2747125323834695,37:0.4192598502906256,38:0.8783281648825507,39:0.46707392457711194,40:0.4910725548819497} with alpha 3.0 and beta 39.0, percentage 5.0
The arm 47 has vector {0:0.045492575767184795,1:0.0504088449287855,2:0.5455041696990507,3:0.35312347903279895,4:0.6372146753624408,5:0.9368641911517185,6:0.4595909409413971,7:0.32284171115713056,8:0.8168482739081696,9:0.22475673881931912,10:0.32563709402168994,11:0.9839772371915618,12:0.20924189804165172,13:0.9999935263464911,14:0.4232819661510576,15:0.07122403767317942,16:0.7227250272590169,17:0.8043005918533448,18:0.9097894018063114,19:0.5577243663439332,20:0.20649585578798124,21:0.4977583395134644,22:0.2899140981592089,23:0.26756983612816787,24:0.6502314834984915,25:0.15891273068004286,26:0.7352779909196809,27:0.8574755825123558,28:0.7414160069409962,29:0.8995288017209214,30:0.9204060861365592,31:0.549435504194023,32:0.13343040478941437,33:0.3005290469587243,34:0.41143813417282715,35:0.5677501870964793,36:0.9559610868368268,37:0.784795994132904,38:0.16218351724497904,39:0.8960747702296744,40:0.818358533606875} with alpha 11.0 and beta 78.0, percentage 11.494252873563218
The arm 48 has vector {0:0.9788445692626495,1:0.9644701862104442,2:0.17237447000908523,3:0.025946660767943497,4:0.6427308212461335,5:0.47612978744423073,6:0.564892339921527,7:0.1488634767621606,8:0.01848782603586252,9:0.7189781081534418,10:0.7652261970906564,11:0.05262183739017723,12:0.6900421474652124,13:0.00517386573262002,14:0.25360995060553004,15:0.7678701604087287,16:0.8748077803777288,17:0.1582378764693242,18:0.5597442093554316,19:0.650822054560297,20:0.1887038419871494,21:0.5474357911504443,22:0.8163284816061281,23:0.22644061645446656,24:0.3277012793970978,25:0.0478835609010847,26:0.6454103268930566,27:0.9037045345557448,28:0.6186810974429218,29:0.3869387579739637,30:0.7656472103638148,31:0.5163347531637229,32:0.7300320405272764,33:0.5673745273413954,34:0.7801595308328185,35:0.12432750402791237,36:0.7711910558205876,37:0.5788753299967607,38:0.6945482349002825,39:0.9766433984423382,40:0.013357058700706914} with alpha 30.0 and beta 140.0, percentage 17.261904761904763
The arm 49 has vector {0:0.4800717338512115,1:0.7613793820311724,2:0.6208269020932035,3:0.9301938488029391,4:0.9427367908960681,5:0.3654633107188051,6:0.3271208997634336,7:0.8553580244866867,8:0.2476088234578352,9:0.18531596156586505,10:0.6687801558711997,11:0.15700422670018854,12:0.4417807332101208,13:0.17402666524419252,14:0.9747218121350479,15:0.18757470381159502,16:0.8554349594814251,17:0.751487949766312,18:0.2755356685046433,19:0.09996221189338583,20:0.200349033139527,21:0.47065813124352607,22:0.049477996962284054,23:0.14382867182745607,24:0.8692947329802585,25:0.8342949292099504,26:0.02435698448573187,27:0.45299550409092193,28:0.5806017411447421,29:0.47730944598847524,30:0.8462257950568267,31:0.2973536464199342,32:0.5163462855486471,33:0.7537858063698981,34:0.8120319355497442,35:0.7384411344588045,36:0.16662810966749364,37:0.4889102906776074,38:0.5781691672095293,39:0.575810416511699,40:0.7870778031053429} with alpha 10.0 and beta 66.0, percentage 12.162162162162163
The best arm is 12 with vector {0:0.9867288158375592,1:0.5300918338759932,2:0.5611717153448248,3:0.0224642584125615,4:0.5476769864628638,5:0.39438433375215665,6:0.8117241920018401,7:0.49809646020597687,8:0.909693469704299,9:0.7108943973590526,10:0.272393498825649,11:0.775543499971787,12:0.6292055131689307,13:0.3945235351168763,14:0.04826612812466913,15:0.4051725521552054,16:0.38480867199356084,17:0.1161778548204806,18:0.7083322775929863,19:0.7370426717634766,20:0.01952996221860892,21:0.8671330529611119,22:0.6662696623315238,23:0.35742599673789455,24:0.018577702856513056,25:0.3247317465663613,26:0.6443089623565259,27:0.46340911370908355,28:0.22633624797212093,29:0.20737962131701693,30:0.8080998944283846,31:0.16413189525821748,32:0.935707441622866,33:0.5420612197612068,34:0.46463403067866393,35:0.5107077544506735,36:0.8791826273982364,37:0.9204546957740405,38:0.7405092682698218,39:0.7891302452688985,40:0.9216001957977428} with alpha 73.0 and beta 246.0, percentage 22.71293375394322
The right guesses are: 922 which means 15.366666666666667% correct
Done
The current arm is 12 with vector {0:0.9867288158375592,1:0.5300918338759932,2:0.5611717153448248,3:0.0224642584125615,4:0.5476769864628638,5:0.39438433375215665,6:0.8117241920018401,7:0.49809646020597687,8:0.909693469704299,9:0.7108943973590526,10:0.272393498825649,11:0.775543499971787,12:0.6292055131689307,13:0.3945235351168763,14:0.04826612812466913,15:0.4051725521552054,16:0.38480867199356084,17:0.1161778548204806,18:0.7083322775929863,19:0.7370426717634766,20:0.01952996221860892,21:0.8671330529611119,22:0.6662696623315238,23:0.35742599673789455,24:0.018577702856513056,25:0.3247317465663613,26:0.6443089623565259,27:0.46340911370908355,28:0.22633624797212093,29:0.20737962131701693,30:0.8080998944283846,31:0.16413189525821748,32:0.935707441622866,33:0.5420612197612068,34:0.46463403067866393,35:0.5107077544506735,36:0.8791826273982364,37:0.9204546957740405,38:0.7405092682698218,39:0.7891302452688985,40:0.9216001957977428} with alpha 122.0 and beta 542.0
The order information:
Date: 2012-05-09T17:07:05.000+02:00
It predicted these items for order 1778911 :
   31560 with score of 2.8475561533860723
   752 with score of 2.3350100712505704
   748 with score of 1.9771852284223892
   27900 with score of 1.9464010561860672
   23467 with score of 1.9352124655380034
   1693 with score of 1.9287901360525797
   13688 with score of 1.9287901360525797
   21769 with score of 1.9287901360525797
   25013 with score of 1.9287901360525797
   31278 with score of 1.9287901360525797
These are the actual items bought: 
   11832
   30233
The current arm is 12 with vector {0:0.9867288158375592,1:0.5300918338759932,2:0.5611717153448248,3:0.0224642584125615,4:0.5476769864628638,5:0.39438433375215665,6:0.8117241920018401,7:0.49809646020597687,8:0.909693469704299,9:0.7108943973590526,10:0.272393498825649,11:0.775543499971787,12:0.6292055131689307,13:0.3945235351168763,14:0.04826612812466913,15:0.4051725521552054,16:0.38480867199356084,17:0.1161778548204806,18:0.7083322775929863,19:0.7370426717634766,20:0.01952996221860892,21:0.8671330529611119,22:0.666269662331