Items: 31014,2,2012-03-22 09:35:15.730000000,2013-01-31 22:08:19.360000000,0,0000000000000000000000000000000000000000000000000000000000000000000000000000000000000000000010000000000000000000000000000000000000000000000000000000000000000000000000000000000000000000000000000000000000000000000000000000000000000000000000000000000000000000
Items: 16065,3,2010-10-12 09:05:28.623000000,2011-10-19 12:41:59.293000000,0,0000000000000000000000000000000000000000000000000000000000000000000000000000000000000000000100000000000000000000000000000000000000000000000000000000000000000000000000000000000000000000000000000000000000000000000000000000000000000000000000000000000000000000
Items: 2897,1,2010-07-28 15:55:07.423000000,2013-07-15 05:02:15.650000000,0,0000000000000000000000000000000000000000000000000000000000000000000000000000000000000000000100000000000000000000000000000000000000000000000000000000000000000000000000000000000000000000000000000000000000000000000000000000000000000000000000000000000000000000
Users: 46671,2009-07-31 17:52:05.423000000,45238,,0
Users: 117404,2012-02-11 18:20:17.737000000,30295,1989-02-13 00:00:00,1
Users: 185087,2009-07-31 19:48:45.310000000,54234,1986-06-04 00:00:00,1
Users: 242612,2011-12-03 21:34:16.640000000,90627,1990-07-23 00:00:00,2
Users: 294436,2011-03-16 09:05:23.647000000,72233,1994-04-25 00:00:00,1
Users: 345704,2011-11-11 20:55:14.437000000,68600,1994-06-05 00:00:00,2
Users: 399809,2012-09-17 14:43:42.033000000,44491,1997-12-12 00:00:00,1
Users: 455390,2012-12-20 16:02:28.573000000,3274,1978-06-02 00:00:00,2
Users: 525182,2013-07-28 12:33:53.590000000,53372,1990-06-17 00:00:00,0
Orders: 35022,1033356,1457,2009-10-18 21:46:53.347000000
Orders: 214698,1082559,614,2010-01-24 20:16:55.153000000
Orders: 226305,1122161,1501,2010-03-20 16:23:03.950000000
Orders: 46541,1167569,11120,2010-05-26 12:55:02.417000000
Orders: 75824,1208142,11119,2010-07-27 23:14:48.377000000
Orders: 13287,1248778,12826,2010-09-21 21:56:27.157000000
Orders: 272654,1296031,653,2010-12-01 18:41:36.730000000
Orders: 285359,1344258,18628,2011-01-28 14:59:09.743000000
Orders: 157456,1388262,18371,2011-03-17 11:46:02.120000000
Orders: 307265,1432210,758,2011-04-29 21:28:48.340000000
Orders: 271030,1473349,21803,2011-06-14 15:24:35.467000000
Orders: 275827,1511037,21829,2011-07-28 21:58:50.970000000
Orders: 62527,1550712,24845,2011-09-10 18:44:47.023000000
Orders: 293365,1597283,27523,2011-11-12 08:21:31.203000000
Orders: 158173,1649466,24361,2011-12-28 14:06:54.430000000
Orders: 371623,1691322,28947,2012-01-31 15:54:20.570000000
Orders: 151193,1739094,2144,2012-03-22 17:02:48.527000000
Orders: 71320,1784958,7874,2012-05-16 17:00:59.817000000
Orders: 287161,1827735,20480,2012-06-29 22:23:24.193000000
Orders: 271514,1866722,31203,2012-08-11 21:38:56.863000000
Orders: 428803,1915657,35460,2012-10-09 20:15:44.210000000
Orders: 444954,1966435,29677,2012-12-01 22:51:49.073000000
Orders: 460415,2018674,31695,2013-01-07 22:20:30.543000000
Orders: 381441,2066329,35170,2013-02-19 22:08:16.833000000
Orders: 485606,2112774,39306,2013-03-26 15:04:37.277000000
Orders: 423890,2161061,11304,2013-05-03 09:35:38.190000000
Orders: 314770,2207605,26096,2013-06-05 19:04:54.837000000
Orders: 287308,2249841,40450,2013-07-13 20:23:09.463000000
Orders: 255027,2289235,33612,2013-08-13 17:15:05.073000000
Orders: 466261,2331294,43871,2013-09-15 21:02:00.180000000
Orders: 446724,2379393,448,2013-11-01 19:20:53.627000000

Startup information:
First order in training stage: 700000
First order in evaluation stage: 771338
Last order in evaluation stage: 777471

Number of orders in training stage: 71338
Number of orders in evaluation stage: 6133

The current arm is 24 with vector {0:0.21898707816268126,1:0.4563080148683457,2:0.4279094511501479,3:0.575684832770265,4:0.8920215356694977,5:0.9241635586551661,6:0.5480246447239345,7:0.27794609678005044,8:0.09538187517240926,9:0.6799829754826776,10:0.10310500671698575,11:0.9688406134643764,12:0.3932909495509528,13:0.9224925381482825,14:0.501584579756216,15:0.5833715204131812,16:0.07310779386031552,17:0.10437775110018366,18:0.5420126200581691,19:0.632801565269134,20:0.9539752342072223,21:0.24028096985595493,22:0.9621661207892397,23:0.9816489124955582,24:0.11899491009673913,25:0.8499870215482676,26:0.03311482744122174,27:0.3903841204088888,28:0.5151715459081423,29:0.5797700647422389,30:0.5147749172495545,31:0.16277942523394928,32:0.10676465111707134,33:0.9519850603996339,34:0.5653903170793622,35:0.7657231119709231,36:0.8417140488508732,37:0.7213821424377711,38:0.8809705007265052,39:0.954321195520627,40:0.21043163352253036} with alpha 3.0 and beta 15.0
The order information:
Date: 2012-05-09T17:07:05.000+02:00
It predicted these items for order 1778911 :
   31560 with score of 432.7714375347706
   752 with score of 214.51798660269824
   27900 with score of 153.48835385265235
   748 with score of 145.844694613383
   5003 with score of 135.38569535491376
   20430 with score of 134.61569545539007
   21714 with score of 131.24213101490437
   27576 with score of 115.18379694261603
   11832 with score of 113.74872971531681
   23467 with score of 111.04629334847881
These are the actual items bought: 
   11832
   30233
The current arm is 22 with vector {0:0.29644243174579,1:0.9063865057156894,2:0.531500604410545,3:0.14409045192660186,4:0.49134062328820505,5:0.6435572717546066,6:0.17710711462123618,7:0.2567956630951205,8:0.22538277358671477,9:0.2759737581163382,10:0.6620904169251433,11:0.17455341840015104,12:0.04295726577498371,13:0.06769218096137575,14:0.8976843858238138,15:0.3845296162362062,16:0.643417528582872,17:0.6654093639225453,18:0.5190604235081567,19:0.9190092987954307,20:0.8283531469559436,21:0.666696896398062,22:0.08249484388976902,23:0.6934570911499383,24:0.6615814719936282,25:0.16108763293749273,26:0.2772836848112543,27:0.9170980578067206,28:0.7564211021745163,29:0.28716113558940826,30:0.5188358335914486,31:0.07422952840587249,32:0.7322455562455092,33:0.8366286071464778,34:0.044913036763589376,35:0.6742433920390396,36:0.3368635784249099,37:0.7203521129978122,38:0.20732979502146376,39:0.016881234159799474,40:0.47091622617174556} with alpha 8.0 and beta 38.0
The order information:
Date: 2012-05-10T17:54:43.000+02:00
It predicted these items for order 1779917 :
   31560 with score of 320.5688506940478
   752 with score of 142.10243716607403
   27900 with score of 117.95033949415125
   748 with score of 112.24464408253748
   20430 with score of 105.35689691339554
   5003 with score of 96.82813581905023
   21714 with score of 94.22471915275209
   11832 with score of 86.75154704814423
   31553 with score of 84.04992507086774
   29669 with score of 83.58971685981135
These are the actual items bought: 
   30342
   23374
   32289
The current arm is 12 with vector {0:0.35561004241195737,1:0.12661574257339514,2:0.8836780618529468,3:0.06024314207798942,4:0.634043518562581,5:0.5004921037037644,6:0.9314659859789598,7:0.577324551977697,8:0.9305707833715957,9:0.3947145489459082,10:0.9764259209008024,11:0.8738424739588404,12:0.15672903581057318,13:0.5776385301542073,14:0.26534608804427995,15:0.9901206157784465,16:0.8043787491575756,17:0.31645815857657744,18:0.5210525449930924,19:0.37108441535353676,20:0.7738404430843723,21:0.41534574614437003,22:0.5955107722561521,23:0.8198493588434591,24:0.4538245259276582,25:0.9128074166350918,26:0.860807992122676,27:0.6015765434319258,28:0.8728806158305399,29:0.5989070581745419,30:0.014719050391449051,31:0.4404221883774332,32:0.8289169723102859,33:0.5108223001306976,34:0.23951711742522108,35:0.25446654586651707,36:0.08736838933301738,37:0.04157245557569278,38:0.9454694962310755,39:0.1365467455469903,40:0.15352060760506347} with alpha 9.0 and beta 51.0
The order information:
Date: 2012-05-11T22:39:32.000+02:00
It predicted these items for order 1780921 :
   31560 with score of 799.7626232679926
   752 with score of 429.19115196532766
   748 with score of 371.66137532907817
   27900 with score of 281.8163713507529
   20430 with score of 269.4681820214493
   21714 with score of 256.97111836485624
   5003 with score of 247.03710801016285
   29669 with score of 244.2602703037314
   27576 with score of 233.6511857142042
   23467 with score of 213.36682962823602
These are the actual items bought: 
   31776
The current arm is 10 with vector {0:0.5743578707934175,1:0.8564097063868352,2:0.56866797838777,3:0.9332051721659318,4:0.2083123262676828,5:0.9800047806590828,6:0.890136941084971,7:0.925293866631576,8:0.7659426502093848,9:0.28508831749960073,10:0.5895429233125252,11:0.6367444443856607,12:0.9112306928796609,13:0.025014281233659896,14:0.5219004799100793,15:0.6495099799061405,16:0.2625736392125022,17:0.9443659631943317,18:0.23014694868330876,19:0.7318046447872489,20:0.8122179788236935,21:0.0381131813108071,22:0.7069371227439628,23:0.8472081852730419,24:0.8499551805939185,25:0.752807927300199,26:0.28543667056174615,27:0.8537091528227109,28:0.837393554267627,29:0.17384540200051635,30:0.3414225946521602,31:0.0792314454161882,32:0.13804857400812887,33:0.3813202654025004,34:0.8309250484314645,35:0.09128144012389938,36:0.23283334814212675,37:0.9533725871742365,38:0.5616242062258108,39:0.9962344864946366,40:0.5384997637738416} with alpha 29.0 and beta 131.0
The order information:
Date: 2012-05-13T15:53:25.000+02:00
It predicted these items for order 1781930 :
   31560 with score of 1078.6821897175594
   752 with score of 565.7741568781252
   748 with score of 556.5209164915168
   20430 with score of 399.8783715568755
   21714 with score of 392.1343880695819
   5003 with score of 388.00606759538243
   27900 with score of 384.26442371118094
   29669 with score of 339.8068899928073
   27576 with score of 328.75776477054166
   23467 with score of 295.91283224354436
These are the actual items bought: 
   2084
   29003
   31950
   20990
   31940
   30573
   20678
   30195
   25363
   27900
The current arm is 45 with vector {0:0.7243511383464637,1:0.2234955530982562,2:0.48999667904136246,3:0.6293000233589837,4:0.7427584919021706,5:0.9923114875235406,6:0.5418867213466381,7:0.03886692670686853,8:0.10888044025706267,9:0.3166029130013511,10:0.32964181723214747,11:0.4842937500287149,12:0.7173911836360154,13:0.23602657257226867,14:0.9082823846568348,15:0.8800269194200504,16:0.29173917481143585,17:0.1768084604115424,18:0.2630960059993932,19:0.271238550694087,20:0.19855983604201588,21:0.5830325810325891,22:0.6222789974588249,23:0.622399024129571,24:0.5600592295254605,25:0.7729951892921764,26:0.6614740335387593,27:0.8966238934145928,28:0.7208768573193635,29:0.29239834584723534,30:0.1708275624813651,31:0.33417467447762805,32:0.09412958032407415,33:0.4963790376665034,34:0.1317214498637228,35:0.6012164300875822,36:0.4485899633253633,37:0.7711762526401466,38:0.01588047950009297,39:0.7050369529270918,40:0.20185991481095245} with alpha 26.0 and beta 136.0
The order information:
Date: 2012-05-14T16:46:54.000+02:00
It predicted these items for order 1782931 :
   31560 with score of 133.01555303246334
   748 with score of 124.42025172335923
   752 with score of 109.70453266223265
   21714 with score of 67.33079900164596
   27576 with score of 65.67285113646147
   5003 with score of 62.72916960220407
   29669 with score of 60.94162233722032
   23467 with score of 55.402627431186275
   12338 with score of 53.53233052053786
   27900 with score of 53.01183528294118
These are the actual items bought: 
   32564
The current arm is 20 with vector {0:0.304194950308295,1:0.16328754716969873,2:0.37907698886777963,3:0.24702389969312866,4:0.07973505377542234,5:0.41121315539523384,6:0.2875718693354973,7:0.38516087719342984,8:0.7553917168079192,9:0.04846632841728471,10:0.40705292809539795,11:0.21247160166287826,12:0.01179528428260812,13:0.6872288232047209,14:0.0768585544276359,15:0.3753932064298855,16:0.6709296460570768,17:0.6526781487607576,18:0.21686432921347232,19:0.8155945336282685,20:0.015041986378592553,21:0.39033664889342923,22:0.5625543992031697,23:0.2847219121568463,24:0.056086146445461615,25:0.19434414276300493,26:0.6036158997461721,27:0.6999530758272176,28:0.767641342092353,29:0.9458594446028321,30:0.729236376187084,31:0.7684530926251071,32:0.06018861841637346,33:0.7596666952854302,34:0.9368253564258363,35:0.3909995956589729,36:0.6938513552382453,37:0.32645161557876745,38:0.8132088708686466,39:0.8826211377175318,40:0.4416176397621213} with alpha 16.0 and beta 108.0
The order information:
Date: 2012-05-15T15:02:20.000+02:00
It predicted these items for order 1783936 :
   31560 with score of 425.9638904879091
   748 with score of 249.1158868643288
   752 with score of 211.3578089758401
   5003 with score of 160.5710177701052
   21714 with score of 157.47755666056338
   27576 with score of 156.8860147117672
   20430 with score of 153.29645650559536
   27900 with score of 144.52169531318427
   29669 with score of 132.84062215181046
   31553 with score of 128.25164729033781
These are the actual items bought: 
   12096
The arm 0 has vector {0:0.3708002294052064,1:0.0031859005663205098,2:0.5497016642640524,3:0.12695160291333352,4:0.5417924888587321,5:0.37072879221238375,6:0.39749575432990036,7:0.697845379963189,8:0.4529385443631775,9:0.24907574228632035,10:0.3608779608162588,11:0.3161640493220531,12:0.19419829732552896,13:0.17125181910842258,14:0.48176934704791174,15:0.9956543913252143,16:0.41835288549462113,17:0.8005586660503089,18:0.20016715058447831,19:0.25196161885447277,20:0.5613889986773437,21:0.8383027713914284,22:0.4587190214272777,23:0.8864184449443936,24:0.4861637558754891,25:0.29532140814908114,26:0.004793457076642693,27:0.4940937345570411,28:0.44318911272651995,29:0.7064330014481841,30:0.7362215465735285,31:0.8394377564319486,32:0.1703363148627972,33:0.8287932348944625,34:0.3045348627961937,35:0.9913315286524295,36:0.8676876484302934,37:0.5746595659820684,38:0.7915048347726542,39:0.36899654914680424,40:0.3592484525504126} with alpha 33.0 and beta 195.0, percentage 16.49484536082474
The arm 1 has vector {0:0.1279749081816136,1:0.16786856089256597,2:0.5736704227435128,3:0.05763243373251459,4:0.7950463518617215,5:0.4929325288239924,6:0.24063840157914218,7:0.8891764103460511,8:0.33693672910154204,9:0.14377310174129176,10:0.18439397539029245,11:0.2701213169889505,12:0.2100519120987856,13:0.16117689826541826,14:0.6204532060298966,15:0.9933323674086096,16:0.019258740123403673,17:0.14242562882169107,18:0.14596405952078761,19:0.9934649558741708,20:0.13033215351947403,21:0.3675182000903213,22:0.38678502125487724,23:0.44368620018116167,24:0.0046359675439884285,25:0.10358689957352663,26:0.21107027229504405,27:0.8915235380834349,28:0.7805183074071524,29:0.07439163568323015,30:0.7240973640345334,31:0.7990315356668894,32:0.8372342690115168,33:0.6644887464089866,34:0.3616666615487937,35:0.764279215986901,36:0.9491823643986878,37:0.1406866988962815,38:0.05136672722522795,39:0.7861117378120648,40:0.0743569994993627} with alpha 8.0 and beta 71.0, percentage 10.0
The arm 2 has vector {0:0.14073880754974,1:0.6671746683615961,2:0.5278566127905862,3:0.1973676895409875,4:0.04925818199352061,5:0.06999718090670459,6:0.0710904425653257,7:0.7427687370478522,8:0.5018777543909958,9:0.3343304868271827,10:0.47667141059117435,11:0.38917730235384107,12:0.5217144780936245,13:0.03354113929361624,14:0.323273887658479,15:0.055703818266020444,16:0.6471579376297196,17:0.9703200399521362,18:0.519360274285751,19:0.5566851400939216,20:0.18345925628262105,21:0.3440276697892036,22:0.2374766969678861,23:0.40123786467805733,24:0.3374295031184037,25:0.30857737419892983,26:0.18935552008848555,27:0.6428009074670421,28:0.09030115355847712,29:0.45127718818460394,30:0.37569109633181585,31:0.051307815695277315,32:0.4232649057920236,33:0.029691201051653238,34:0.10504712170479114,35:0.3226190721811787,36:0.13698498788858182,37:0.26119498171121847,38:0.4808206902453124,39:0.6211627827926304,40:0.5251621119236676} with alpha 34.0 and beta 213.0, percentage 15.566037735849056
The arm 3 has vector {0:0.4829211373680602,1:0.27935166738180284,2:0.6193948666749997,3:0.4748473344324401,4:0.39010147531614947,5:0.8129411571592414,6:0.07038739418431705,7:0.1996591721139982,8:0.3780558211766277,9:0.5265855542072136,10:0.8062582920052941,11:0.7946150553588172,12:0.7241682435866316,13:8.530714218243363E-4,14:0.8676315616897409,15:0.6733583487496204,16:0.5678877806018924,17:0.5812280556607977,18:0.8713404298421269,19:0.10498925472640241,20:0.8690368087615591,21:0.8410049313021588,22:0.41325144364448685,23:0.6737624670216951,24:0.4807651682979386,25:0.3564580369593159,26:0.5498720829848118,27:0.8629001197522724,28:0.010713475543447704,29:0.7948962086695334,30:0.5747767259227868,31:0.7026383946504517,32:0.7601047499964463,33:0.97857854372152,34:0.2641890955615491,35:0.5843730121443554,36:0.46190542961467485,37:0.135877757257584,38:0.40506051431620027,39:0.08790624082462928,40:0.8944461277524466} with alpha 20.0 and beta 144.0, percentage 13.286713286713287
The arm 4 has vector {0:0.25019652266893766,1:0.0345655624820399,2:0.9509685441739228,3:0.9967560598422555,4:0.9601907380887095,5:0.8325164064417185,6:0.07058915963389345,7:0.6150134272988657,8:0.040169611811472716,9:0.29094121129676553,10:0.07541869988539474,11:0.18600402806672034,12:0.18885071036871837,13:0.8383497040383935,14:0.390611912284742,15:0.29215659271020833,16:0.8550520797160299,17:0.050519303834028584,18:0.04009421663870705,19:0.9866446109409194,20:0.5103299853721469,21:0.16523132576733557,22:0.2115308207203893,23:0.8871325486019448,24:0.8843044624004562,25:0.22582530977074533,26:0.21083383455545768,27:0.9854140446736888,28:0.77728710121773,29:0.9455093808942131,30:0.5183458081466301,31:0.48686679087054396,32:0.6155266519366615,33:0.6666211030620389,34:0.9729773323861132,35:0.14120115789394072,36:0.22221090945148803,37:0.037906971840574566,38:0.22739573493893295,39:0.717626568595896,40:0.11539305470792838} with alpha 3.0 and beta 45.0, percentage 4.545454545454546
The arm 5 has vector {0:0.8452001904435373,1:0.6608974628861005,2:0.9332893762987406,3:0.3498975312213298,4:0.36966610156351054,5:0.11315708995375473,6:0.24008796355399042,7:0.16650202032510397,8:0.6511745333698371,9:0.30882769340240723,10:0.06789312631066546,11:0.7917217264197319,12:0.6416537384442894,13:0.10223194015978132,14:0.29655068192821277,15:0.257857002981253,16:0.028189055481498193,17:0.9055483385981419,18:0.9693274547496838,19:0.3605976010532008,20:0.9284453786612515,21:0.8611031863562534,22:0.786371764557843,23:0.1371985979920165,24:0.614980372908672,25:0.4188961509023531,26:0.4548309919765302,27:0.8065470279826554,28:0.725026986956366,29:0.05460754979953264,30:0.5088725548080603,31:0.9838107006015953,32:0.9785526340734617,33:0.5084830712543449,34:0.8802119901542961,35:0.46376862203259384,36:0.2144644306966722,37:0.21306941185125328,38:0.3513997918846794,39:0.8565880096679513,40:0.7091703516787985} with alpha 32.0 and beta 203.0, percentage 15.346534653465346
The arm 6 has vector {0:0.21863376449012462,1:0.7160345055829375,2:0.8778332399140374,3:0.016539763838394395,4:0.49248576191378834,5:0.3486449018624793,6:0.6106712981570864,7:0.0047024007611606855,8:0.24082463091400053,9:0.8452671762871292,10:0.6055673600345118,11:0.6242048010570039,12:0.7527336516703776,13:0.9795047463803563,14:0.8552306862828103,15:0.0905914957919729,16:0.6637403507769108,17:0.10848208125882586,18:0.6634409524274238,19:0.9239388560491186,20:0.6276798099586286,21:0.3536521790242837,22:0.09279758327142085,23:0.7534805080490589,24:0.10834577346690555,25:0.09928648168066168,26:0.7539100529415733,27:0.2861435753835764,28:0.415095591986846,29:0.8142286035199806,30:0.46216632921309353,31:0.6905101523998367,32:0.9532671719481913,33:0.5840251209075048,34:0.45679772600668855,35:0.4849451799143083,36:0.7150884462005265,37:0.34830807215871207,38:0.637958715008912,39:0.4986583186338248,40:0.1487863285882508} with alpha 14.0 and beta 105.0, percentage 12.5
The arm 7 has vector {0:0.17589254311767732,1:0.10231876345436153,2:0.6086150732858541,3:0.8082090597449844,4:0.17223811670001465,5:0.9191197469994965,6:0.3535164378467964,7:0.03127946346074795,8:0.31040070981716184,9:0.009008618456302742,10:0.366767656797259,11:0.3691932676038263,12:0.23229971321480603,13:0.9493129504308626,14:0.8870320436240262,15:0.05068182275186317,16:0.9001344781270574,17:0.43037640388952825,18:0.6852512019058391,19:0.11341320081240158,20:0.5823819126992542,21:0.5294015307007391,22:0.2557700246105724,23:0.9608635554643085,24:0.5482139787087363,25:0.9755046633982559,26:0.5026308992965757,27:0.16620197711435625,28:0.688155692580188,29:0.3749578274426819,30:0.6322519146422194,31:0.4805859449236116,32:0.5098854795762681,33:0.5461766315280208,34:0.806815243746496,35:0.975445863230693,36:0.6437264502596017,37:0.6572491049178371,38:0.028602255464961313,39:0.3650543600264763,40:0.8182000928936876} with alpha 13.0 and beta 93.0, percentage 13.043478260869565
The arm 8 has vector {0:0.7679219080843896,1:0.8095774398054725,2:0.3716989857982712,3:0.7992925209007188,4:0.7997941514853967,5:0.07696501525404387,6:0.8310269957041219,7:0.817166742999488,8:0.4770680914561286,9:0.5506912619114519,10:0.20856045952445557,11:0.4681292657329933,12:0.3973717928199484,13:0.4672370775963217,14:0.32379432496092675,15:0.26603597822055636,16:0.7674965560909254,17:0.6929028470177047,18:0.6313489220922943,19:0.9689723301265405,20:0.050873950776932575,21:0.29233248590634187,22:0.635626560897965,23:0.6988694027022715,24:0.8676420389165393,25:0.5937463773958611,26:0.14291079171202126,27:0.6848232304517252,28:0.09403884283149777,29:0.20911112359023942,30:0.7086287486373434,31:0.3641818837620334,32:0.2255062063700609,33:0.3905365371758712,34:0.639734550969754,35:0.13689892421004846,36:0.5884593897836572,37:0.869194425316864,38:0.17080847992816173,39:0.3844291588065488,40:0.7252196982317106} with alpha 9.0 and beta 81.0, percentage 10.0
The arm 9 has vector {0:0.07417862174483003,1:0.3107935301055137,2:0.14276289424774913,3:0.005096085536608563,4:0.5079563938001607,5:0.9117221994068271,6:0.8617987170130328,7:0.9827486774037344,8:0.0949925033140806,9:0.26626093662008177,10:0.03698576624434158,11:0.03382059044276131,12:0.7575047797479003,13:0.9022317965712943,14:0.8897136995948673,15:0.24841837236153963,16:0.0043689041525902805,17:0.12294128139586424,18:0.08212256953217023,19:0.04379867485836664,20:0.11246013785793962,21:0.8364871200301125,22:0.40633644366787114,23:0.0013703084522690423,24:0.5707471226769093,25:0.06872187640690497,26:0.583942535759297,27:0.5963049206766223,28:0.44633266840895025,29:0.39450102310772284,30:0.7665829834973479,31:0.5711527390973038,32:0.18086464458918017,33:0.8489984617688632,34:0.8164848916544888,35:0.021853436616299682,36:0.714789785853248,37:0.9986630575256241,38:0.5452825744567693,39:0.3836163734939919,40:0.04769894238526429} with alpha 37.0 and beta 219.0, percentage 16.51376146788991
The arm 10 has vector {0:0.5743578707934175,1:0.8564097063868352,2:0.56866797838777,3:0.9332051721659318,4:0.2083123262676828,5:0.9800047806590828,6:0.890136941084971,7:0.925293866631576,8:0.7659426502093848,9:0.28508831749960073,10:0.5895429233125252,11:0.6367444443856607,12:0.9112306928796609,13:0.025014281233659896,14:0.5219004799100793,15:0.6495099799061405,16:0.2625736392125022,17:0.9443659631943317,18:0.23014694868330876,19:0.7318046447872489,20:0.8122179788236935,21:0.0381131813108071,22:0.7069371227439628,23:0.8472081852730419,24:0.8499551805939185,25:0.752807927300199,26:0.28543667056174615,27:0.8537091528227109,28:0.837393554267627,29:0.17384540200051635,30:0.3414225946521602,31:0.0792314454161882,32:0.13804857400812887,33:0.3813202654025004,34:0.8309250484314645,35:0.09128144012389938,36:0.23283334814212675,37:0.9533725871742365,38:0.5616242062258108,39:0.9962344864946366,40:0.5384997637738416} with alpha 48.0 and beta 271.0, percentage 17.40740740740741
The arm 11 has vector {0:0.45009339639998514,1:0.5580473052268806,2:0.7834427657994762,3:0.06456997665099817,4:0.4646540648628148,5:0.5438754508057869,6:0.0901075404627043,7:0.9168530826466647,8:0.6200721076477526,9:0.5250281574456501,10:0.14274959761002182,11:0.5210348118686033,12:0.20269806352048692,13:0.5461637340317719,14:0.8965926172590624,15:0.3956531347142632,16:0.5947133744411142,17:0.452921297472772,18:0.2816796438755842,19:0.9462565591457236,20:0.8269002209033016,21:0.6469460855518665,22:0.9542352813874562,23:0.9569940723118154,24:0.5412033871674393,25:0.7009174280731666,26:0.4550413047800037,27:0.9792501514669171,28:0.40054328287248875,29:0.727529838151867,30:0.06711053245263521,31:0.14817377618977623,32:0.8930079487312567,33:0.4960286834099862,34:0.24021655270711795,35:0.439053245524913,36:0.8272389620493227,37:0.8906624644274083,38:0.3912483788622525,39:0.539556508431782,40:0.6707395722933864} with alpha 14.0 and beta 110.0, percentage 11.926605504587156
The arm 12 has vector {0:0.35561004241195737,1:0.12661574257339514,2:0.8836780618529468,3:0.06024314207798942,4:0.634043518562581,5:0.5004921037037644,6:0.9314659859789598,7:0.577324551977697,8:0.9305707833715957,9:0.3947145489459082,10:0.9764259209008024,11:0.8738424739588404,12:0.15672903581057318,13:0.5776385301542073,14:0.26534608804427995,15:0.9901206157784465,16:0.8043787491575756,17:0.31645815857657744,18:0.5210525449930924,19:0.37108441535353676,20:0.7738404430843723,21:0.41534574614437003,22:0.5955107722561521,23:0.8198493588434591,24:0.4538245259276582,25:0.9128074166350918,26:0.860807992122676,27:0.6015765434319258,28:0.8728806158305399,29:0.5989070581745419,30:0.014719050391449051,31:0.4404221883774332,32:0.8289169723102859,33:0.5108223001306976,34:0.23951711742522108,35:0.25446654586651707,36:0.08736838933301738,37:0.04157245557569278,38:0.9454694962310755,39:0.1365467455469903,40:0.15352060760506347} with alpha 15.0 and beta 116.0, percentage 12.173913043478262
The arm 13 has vector {0:0.2028231469086852,1:0.18647447185793442,2:0.7698957183195659,3:0.080773796969976,4:0.334919698997189,5:0.33384424099553645,6:0.8238118627599597,7:0.2676788949493186,8:0.26634768196983905,9:0.8032522368404155,10:0.05965620126049609,11:0.6156670367553428,12:0.47780487772474967,13:0.12084115416633523,14:0.015864660002751663,15:0.9253064451868569,16:0.795520477265807,17:0.26730923612952384,18:0.4857313272814062,19:0.9293836824840652,20:0.3218587116493249,21:0.37715485243626234,22:0.7504376969740448,23:0.018515271137945044,24:0.8486103895626097,25:0.26128974714903974,26:0.6002900494080488,27:0.3870118236659943,28:0.7902290743533799,29:0.4172263708738484,30:0.09182824820532265,31:0.3114783627070571,32:0.4745394861240042,33:0.44300480734099834,34:0.6318702643164593,35:0.3971132765723778,36:0.007047255387888973,37:0.03355608673904409,38:0.3759926359961516,39:0.6438306987560176,40:0.5046134408850981} with alpha 19.0 and beta 127.0, percentage 14.285714285714285
The arm 14 has vector {0:0.6716444952825906,1:0.811999014205164,2:0.18630167878575732,3:0.8070129143486482,4:0.8980137500737763,5:0.49608500126882393,6:0.5325711334743177,7:0.877875980978412,8:0.703287461446337,9:0.35275620770731453,10:0.08689884044541596,11:0.7756596603863877,12:0.6772247543656722,13:0.32786841120361443,14:0.8673150523438209,15:0.4907455644219997,16:0.7801537645372654,17:0.2087474430085794,18:0.8389638038359496,19:0.2035609039195707,20:0.35099784277299906,21:0.7837896940606173,22:0.10019800708582838,23:0.8185690938795095,24:0.5903480306399794,25:0.4223832400604165,26:0.49487255853821754,27:0.4700848240488624,28:0.5172710269172595,29:0.7615567512261315,30:0.23726623341821218,31:0.6348248714278589,32:0.5052728945618298,33:0.25085992062640694,34:0.017276744957518075,35:0.43581296532038927,36:0.10352328833383995,37:0.09662548854873898,38:0.256357402412296,39:0.6544061225264133,40:0.8006442062871579} with alpha 33.0 and beta 196.0, percentage 16.41025641025641
The arm 15 has vector {0:0.8141974724986628,1:0.08686377817173385,2:0.17375922178735737,3:0.6841389348446103,4:0.2962618005283779,5:0.5971986342909271,6:0.7795684651415518,7:0.3729161142433073,8:0.13413488861259026,9:0.33420146161715425,10:0.009560417464459792,11:0.5496395449057375,12:0.6395900454611939,13:0.5534294489159622,14:0.8372758202988216,15:0.8487215525268025,16:0.09905741701885207,17:0.6174723831255506,18:0.7664215596686916,19:0.035565783706824505,20:0.24551874891863923,21:0.5150773228190137,22:0.3061696881752173,23:0.1622747734498281,24:0.9650630987665226,25:0.20786652847968667,26:0.41631615841914016,27:0.6002296847817774,28:0.9548196278964881,29:0.8581213804437889,30:0.19354370563904,31:0.8997984055390473,32:0.7990317749858356,33:0.2568366871643061,34:0.024823840298805022,35:0.6666069204088636,36:0.7111302507361282,37:0.9928007585660905,38:0.9580911664868275,39:0.46828204435653076,40:0.3936101931186773} with alpha 7.0 and beta 66.0, percentage 9.230769230769232
The arm 16 has vector {0:0.47944655138810144,1:0.8023515181319288,2:0.3775544695047661,3:0.22864256655946513,4:0.3532015101872694,5:0.2105227336456177,6:0.990347698159305,7:0.1916327029038033,8:0.5929428211052743,9:0.26956746592415204,10:0.6972167185162638,11:0.6132533856032645,12:0.7470538788934301,13:0.5811298017076822,14:0.9135175439374303,15:0.8515593567775995,16:0.5503202280276552,17:0.7551808854516647,18:0.4725970929861527,19:0.7207096556623421,20:0.4374714369581385,21:0.6385144647290281,22:0.9874943005310983,23:0.8595839406706018,24:0.5048479608755406,25:0.6201636673254842,26:0.9862105702567968,27:0.9455917285240776,28:0.3666399322040632,29:0.3434926681525844,30:0.9524879499849519,31:0.7217548934642464,32:0.8476328443680466,33:0.9503769683718382,34:0.3082955448079784,35:0.014968485608819804,36:0.2850904830081551,37:0.604795603727305,38:0.8731415138048446,39:0.9647686171875169,40:0.004545059352751624} with alpha 5.0 and beta 56.0, percentage 7.2727272727272725
The arm 17 has vector {0:0.575869835560968,1:0.266796421607034,2:0.1966986196828313,3:0.4646231926352379,4:0.27837280312033796,5:0.8334859865300459,6:0.4512987730876409,7:0.5363035875163916,8:0.4135792891652623,9:0.0672212299772873,10:0.07442813684305283,11:0.18089773990106728,12:0.9335634113057867,13:0.23115729148831743,14:0.015153078722821012,15:0.3367501042323473,16:0.9561031674984096,17:0.098910448044634,18:0.6351381708589529,19:0.779197528890113,20:0.6700842444937662,21:0.29827791502823886,22:0.4907803244814324,23:0.059403831984662814,24:0.7356588191524427,25:0.12646719140974416,26:0.4965966096349568,27:0.6775844385684904,28:0.8806811288416017,29:0.0802300024869117,30:0.5643374949467045,31:0.09426396707160334,32:0.7914448774572463,33:0.06596965228761342,34:0.22772003707568844,35:0.8276271986436843,36:0.9369656988128734,37:0.50220731357296,38:0.22260607459699655,39:0.961055194047579,40:0.7973691334525717} with alpha 21.0 and beta 139.0, percentage 14.492753623188406
The arm 18 has vector {0:0.275495424970402,1:0.44409666690986116,2:0.5941115866689328,3:0.3415805923321361,4:0.5693716030682787,5:0.17679684896742998,6:0.3842576450825399,7:0.20800872591250452,8:0.9659895779847522,9:0.7254593944483543,10:0.7065821864921595,11:0.47527351903752857,12:0.7603152795673592,13:0.13463521228782105,14:0.9478301989800084,15:0.4982835905609758,16:0.8741243979617398,17:0.18605158865594207,18:0.12541388235071615,19:0.2904300028676817,20:0.4555913122121402,21:0.5554985093537678,22:0.8520335828450685,23:0.6488058500569132,24:0.2892129242180791,25:0.16942713358512607,26:0.6679746318408358,27:0.15020622395106908,28:0.2855758499411536,29:0.6692885272640844,30:0.35752348682122836,31:0.5339779412698449,32:0.8103077924837522,33:0.05943003451765161,34:0.012377386513779398,35:0.7591480635227943,36:0.3563942650493156,37:0.6618261490887496,38:0.7596787236398369,39:0.9903297817669332,40:0.835449507168472} with alpha 36.0 and beta 212.0, percentage 16.587677725118482
The arm 19 has vector {0:0.1639553870217082,1:0.9635520322121542,2:0.72457195213453,3:0.5880697791518072,4:0.7971516877350509,5:0.5878873074633348,6:0.16001030012364736,7:0.6953966947003973,8:0.19958909871530528,9:0.2926673959922871,10:0.6959156567937262,11:0.19898631445778725,12:0.17992830253100422,13:0.7821000244709571,14:0.2647785251260323,15:0.6150796014723636,16:0.3233262989285869,17:0.5325466560605839,18:0.520216527876406,19:0.701443824012763,20:0.13582304288656755,21:0.7328646828716593,22:0.7669741974574175,23:0.36082655032329214,24:0.05397832952823289,25:0.3676297007035856,26:0.26244668860735054,27:0.7927014463658247,28:0.22789024806070668,29:0.2618897421764169,30:0.06835116232260363,31:0.19991681050483867,32:0.7126397945453129,33:0.6470535466951359,34:0.13666089190195718,35:0.1879538941055965,36:0.833916071916062,37:0.1727557919863092,38:0.8496888946146559,39:0.26879480783277,40:0.5447976266400107} with alpha 13.0 and beta 99.0, percentage 12.244897959183673
The arm 20 has vector {0:0.304194950308295,1:0.16328754716969873,2:0.37907698886777963,3:0.24702389969312866,4:0.07973505377542234,5:0.41121315539523384,6:0.2875718693354973,7:0.38516087719342984,8:0.7553917168079192,9:0.04846632841728471,10:0.40705292809539795,11:0.21247160166287826,12:0.01179528428260812,13:0.6872288232047209,14:0.0768585544276359,15:0.3753932064298855,16:0.6709296460570768,17:0.6526781487607576,18:0.21686432921347232,19:0.8155945336282685,20:0.015041986378592553,21:0.39033664889342923,22:0.5625543992031697,23:0.2847219121568463,24:0.056086146445461615,25:0.19434414276300493,26:0.6036158997461721,27:0.6999530758272176,28:0.767641342092353,29:0.9458594446028321,30:0.729236376187084,31:0.7684530926251071,32:0.06018861841637346,33:0.7596666952854302,34:0.9368253564258363,35:0.3909995956589729,36:0.6938513552382453,37:0.32645161557876745,38:0.8132088708686466,39:0.8826211377175318,40:0.4416176397621213} with alpha 16.0 and beta 119.0, percentage 12.711864406779661
The arm 21 has vector {0:0.8093456379708838,1:0.41948661998000236,2:0.25158778036497786,3:0.9736067018897351,4:0.004084609501304515,5:0.8695217005728082,6:0.028639498500406924,7:0.6341631596858467,8:0.44210490647010303,9:0.5652521361256753,10:0.09555200539629294,11:0.8848879937648493,12:0.8219301193875335,13:0.16420883875383208,14:0.6726151766198307,15:0.3201450895650475,16:0.7220758976478464,17:0.684843492891493,18:0.3138746918462406,19:0.43155866420606315,20:0.7726323887703385,21:0.7112458625859271,22:0.26139220679597,23:0.8438335499843194,24:0.7822530393406038,25:0.22036828235729178,26:0.3320578276696119,27:0.8003600750058723,28:0.4294875209158949,29:0.2779227922041744,30:0.6565498346516229,31:0.525599618768596,32:0.6434956711728038,33:0.9216389356137732,34:0.3218965044401194,35:0.9630220559335695,36:0.10074723462513346,37:0.19975946317903182,38:0.6968035927283267,39:0.6776395836483896,40:0.7452642494767696} with alpha 17.0 and beta 130.0, percentage 12.4031007751938
The arm 22 has vector {0:0.29644243174579,1:0.9063865057156894,2:0.531500604410545,3:0.14409045192660186,4:0.49134062328820505,5:0.6435572717546066,6:0.17710711462123618,7:0.2567956630951205,8:0.22538277358671477,9:0.2759737581163382,10:0.6620904169251433,11:0.17455341840015104,12:0.04295726577498371,13:0.06769218096137575,14:0.8976843858238138,15:0.3845296162362062,16:0.643417528582872,17:0.6654093639225453,18:0.5190604235081567,19:0.9190092987954307,20:0.8283531469559436,21:0.666696896398062,22:0.08249484388976902,23:0.6934570911499383,24:0.6615814719936282,25:0.16108763293749273,26:0.2772836848112543,27:0.9170980578067206,28:0.7564211021745163,29:0.28716113558940826,30:0.5188358335914486,31:0.07422952840587249,32:0.7322455562455092,33:0.8366286071464778,34:0.044913036763589376,35:0.6742433920390396,36:0.3368635784249099,37:0.7203521129978122,38:0.20732979502146376,39:0.016881234159799474,40:0.47091622617174556} with alpha 12.0 and beta 99.0, percentage 11.224489795918368
The arm 23 has vector {0:0.8492609060940056,1:0.8363990569450985,2:0.6569162722647366,3:0.49982901106368693,4:0.4123283829409585,5:0.18552934688275025,6:0.08161738507837057,7:0.29804309407802887,8:0.913030520334554,9:0.733410704418932,10:0.4409530666393402,11:0.940394986539032,12:0.22217529301364558,13:0.21243170204009554,14:0.09349426773141689,15:0.5839088780267708,16:0.12897551144449593,17:0.8601525893538912,18:0.28221599880369663,19:0.2487739193948998,20:0.7843164494200484,21:0.8739899487876817,22:0.6973522130531248,23:0.5499742543303218,24:0.48192495430628,25:0.3676570025271365,26:0.9055986929485215,27:0.848938744084341,28:0.49383122669879465,29:0.6416206249254548,30:0.7275483022748287,31:0.5314015646350838,32:0.04519014411333777,33:0.1443976075541078,34:0.9500835921508863,35:0.5157774117878905,36:0.8538484073278052,37:0.07246451932658704,38:0.8459996810670942,39:0.16571186197225696,40:0.9120844314865318} with alpha 18.0 and beta 125.0, percentage 13.709677419354838
The arm 24 has vector {0:0.21898707816268126,1:0.4563080148683457,2:0.4279094511501479,3:0.575684832770265,4:0.8920215356694977,5:0.9241635586551661,6:0.5480246447239345,7:0.27794609678005044,8:0.09538187517240926,9:0.6799829754826776,10:0.10310500671698575,11:0.9688406134643764,12:0.3932909495509528,13:0.9224925381482825,14:0.501584579756216,15:0.5833715204131812,16:0.07310779386031552,17:0.10437775110018366,18:0.5420126200581691,19:0.632801565269134,20:0.9539752342072223,21:0.24028096985595493,22:0.9621661207892397,23:0.9816489124955582,24:0.11899491009673913,25:0.8499870215482676,26:0.03311482744122174,27:0.3903841204088888,28:0.5151715459081423,29:0.5797700647422389,30:0.5147749172495545,31:0.16277942523394928,32:0.10676465111707134,33:0.9519850603996339,34:0.5653903170793622,35:0.7657231119709231,36:0.8417140488508732,37:0.7213821424377711,38:0.8809705007265052,39:0.954321195520627,40:0.21043163352253036} with alpha 13.0 and beta 108.0, percentage 11.214953271028037
The arm 25 has vector {0:0.5930587318979781,1:0.8612248455957082,2:0.016833872109473957,3:0.007870650079180641,4:0.3245723465101107,5:0.47355242920080476,6:0.9351037478732277,7:0.20182116138153716,8:0.3462046252138202,9:0.767125023089141,10:0.21144683728251767,11:0.05215188610012533,12:0.5091266648742337,13:0.5838579947264039,14:0.30976419828009694,15:0.8735057872092297,16:0.34125321946632636,17:0.9475349691452079,18:0.9768691917202663,19:0.6113184319565181,20:0.4633314709069467,21:0.9748957502363255,22:0.7444399320240743,23:0.4929536581703632,24:0.9260294030380885,25:0.8411863859461257,26:0.8176881197055714,27:0.9000110549441099,28:0.671819277731706,29:0.9868499257243982,30:0.7490727370636479,31:0.3540593597615179,32:0.5055924327442228,33:0.727846743546804,34:0.3679745255093526,35:0.09884941469850184,36:0.48973981508734743,37:0.09340353859630735,38:0.48654081228081314,39:0.7572711225740731,40:0.08299115953795022} with alpha 29.0 and beta 173.0, percentage 16.27906976744186
The arm 26 has vector {0:0.37879555054930614,1:0.20796876619682347,2:0.33355351160032987,3:0.8522902073707824,4:0.642822067126144,5:0.8199678155356227,6:0.029600101994152195,7:0.5596711181932523,8:0.2662760855721683,9:0.22926052567542088,10:0.3002480763649663,11:0.26796943507160387,12:0.4454042170110448,13:0.4811789530066255,14:0.6316312668321624,15:0.875940969817846,16:0.6813008613319805,17:0.3420195100015109,18:0.44701488770714737,19:0.23374417673019499,20:0.32194981824040203,21:0.45074503070004457,22:0.21619337683548767,23:0.22779582980494262,24:0.7130150461603131,25:0.595938290952288,26:0.692982387735168,27:0.31637784302921346,28:0.36197330943087525,29:0.0719450127082144,30:0.18574805394926497,31:0.03785119447168939,32:0.7234099739868896,33:0.9929010888632975,34:0.14340015910677928,35:0.35591978809427305,36:0.9287579225462833,37:0.8809643676627771,38:0.3573579824876707,39:0.1706377622562938,40:0.2657943685846612} with alpha 16.0 and beta 106.0, percentage 14.285714285714285
The arm 27 has vector {0:0.8501687246156179,1:0.9646159433579223,2:0.5269253502058955,3:0.7535950500912165,4:0.849936631747565,5:0.5098353016805934,6:0.4686936788741145,7:0.11626820472183896,8:0.40638433281395436,9:0.6035411535418174,10:0.38855882260940344,11:0.9789647997320068,12:0.08669110241312228,13:0.8782454212608214,14:0.5527747140165556,15:0.998005687003035,16:0.7161771462538836,17:0.22740655259406362,18:0.8740425626487938,19:0.7880581758021302,20:0.5774884687702327,21:0.7897482484350479,22:0.533816048102459,23:0.9286083384836439,24:0.6130640501194357,25:0.6382169283276149,26:0.12227328927902614,27:0.7717122447634338,28:0.2229457885578071,29:0.9458732559493486,30:0.5153596867356958,31:0.0979816624214982,32:0.9189939347828007,33:0.13495127321958889,34:0.7903478096917973,35:0.5896810789311815,36:0.048158039867034264,37:0.296023314491483,38:0.6616584256405396,39:0.08334438698855418,40:0.3445764759575989} with alpha 42.0 and beta 244.0, percentage 16.872427983539097
The arm 28 has vector {0:0.14151125422902455,1:0.293655186499614,2:0.3200745186552838,3:0.7016522085265696,4:0.5826209295487744,5:0.7732716209190944,6:0.011611435664885206,7:0.006912671610853405,8:0.556940485646015,9:0.8288748968179603,10:0.6980700302261749,11:0.27278853309585316,12:0.8534548684150617,13:0.5777933642564895,14:0.18102917779245786,15:0.9019538898977265,16:0.7431134247294836,17:0.6655302911546565,18:0.9647679041487484,19:0.8653024857041676,20:0.2531447678022066,21:0.7528240229741474,22:0.6932085054159797,23:0.9301424967013364,24:0.5400843838837129,25:0.8952178441802092,26:0.55112263358154,27:0.8343767414049037,28:0.4355388068022178,29:0.3820007531967846,30:0.47946587565944865,31:0.16479338030813495,32:0.7111017909307674,33:0.5503251195760458,34:0.2193527696193729,35:0.9467127259839493,36:0.8469713465683251,37:0.9222267399324469,38:0.46746556742562095,39:0.2372175325460012,40:0.4220544891392001} with alpha 20.0 and beta 137.0, percentage 13.970588235294118
The arm 29 has vector {0:0.1886753254900302,1:0.6195403552735997,2:0.9613851935494206,3:0.9330990326451765,4:0.3778485675299009,5:0.4651475803645325,6:0.05931585063892608,7:0.45699152563185474,8:0.015462748215133604,9:0.9047485037754697,10:0.4699338054487149,11:0.12126916674739285,12:0.16592461073010467,13:0.11245494917559884,14:0.44419521930279304,15:0.789537736676574,16:0.9170162666626516,17:0.8854731983077488,18:0.8519123751253066,19:0.5781525486515292,20:0.4679978195801555,21:0.7367861365254811,22:0.43561598614945063,23:0.6238636385396249,24:0.7876754152805864,25:0.9504704441051368,26:0.13426562716088275,27:0.6743356721594808,28:0.10950183876801334,29:0.6629187108667436,30:0.2607193331243338,31:0.13061258666652342,32:0.48900700319855983,33:0.2692072956043505,34:0.5041843587553804,35:0.8327210046354532,36:0.3074623550400214,37:0.712853472292285,38:0.7888502486709423,39:0.38472304731441065,40:0.9367282460517443} with alpha 8.0 and beta 77.0, percentage 9.210526315789473
The arm 30 has vector {0:0.011572446444821693,1:0.5663173896660838,2:0.4454694411303558,3:0.710860711409592,4:0.6143321329228427,5:0.3379720149711102,6:0.18713888299480685,7:0.7255067743854731,8:0.5382477602027436,9:0.17804793301667166,10:0.9688574381082048,11:0.03719020297496767,12:0.3458423345993423,13:0.9999890909904872,14:0.20980255470606202,15:0.18022614120907476,16:0.09494768870915271,17:0.6108493339813832,18:0.1482626585799498,19:0.04234918945806343,20:0.5102101374696332,21:0.5710984662146257,22:0.29169753124747366,23:0.5060693565427279,24:0.2695483385195788,25:0.7003976065544715,26:0.5843089983493124,27:0.8825670088828163,28:0.42410032391279295,29:0.9004778940171562,30:0.03383366821430511,31:0.38811987463771136,32:0.40840481826394304,33:0.5204173826931546,34:0.407545433686731,35:0.403101651853796,36:0.37286366574086627,37:0.2622885858981058,38:0.3868720589349295,39:0.1379206573128119,40:0.6043060282004901} with alpha 24.0 and beta 152.0, percentage 15.2317880794702
The arm 31 has vector {0:0.38540514051854,1:0.486550012072978,2:0.3717474755899144,3:0.3864757679480131,4:0.7911309322686111,5:0.9111682584511236,6:0.022126478897793844,7:0.14464685508093444,8:0.400693961931855,9:0.351391352798057,10:0.11598325618384586,11:0.0802844235478889,12:0.44562357762343996,13:0.5183400980118095,14:0.8167937021805496,15:0.03776511713022035,16:0.9942905473764839,17:0.24344644665767234,18:0.610383178579823,19:0.760239327533424,20:0.02107661925580606,21:0.8274482378846719,22:0.0683845046863295,23:0.8904565938543274,24:0.6063237401065,25:0.5136417779294381,26:0.4011880078911749,27:0.9500570483476283,28:0.7816156259832138,29:0.7448917174141081,30:0.9060411449644101,31:0.7405977880449559,32:0.5832372991752613,33:0.49431822259115676,34:0.665175195534229,35:0.39355916444527994,36:0.09172771591414364,37:0.09570473981219818,38:0.6324079394747749,39:0.9627762484854518,40:0.04047434527510374} with alpha 8.0 and beta 77.0, percentage 9.210526315789473
The arm 32 has vector {0:0.18019871642576435,1:0.4478460682249189,2:0.6731198925195677,3:0.7807182942104712,4:0.12945048463631859,5:0.4605154804200504,6:0.08704777767554983,7:0.19008058331374145,8:0.3899291236741276,9:0.5686812309020832,10:0.13322177659953316,11:0.6107467581059841,12:0.1480034553464139,13:0.7860751120333798,14:0.0894425363754826,15:0.019029511272914523,16:0.6769238267337537,17:0.020849256207494338,18:0.9537702232055211,19:0.0043036108609265655,20:0.13637149982174313,21:0.002355138989229677,22:0.550319354789015,23:0.053794441004831106,24:0.26441008362641505,25:0.667260753185384,26:0.9583647433736702,27:0.16924119357117617,28:0.4362930099615471,29:0.2912578724947391,30:0.6427440630081764,31:0.4186752230990951,32:0.51563606685676,33:0.4535452756474855,34:0.6959761518392952,35:0.5782007626697083,36:0.13784490999352905,37:0.9316318679630644,38:0.40227951308267496,39:0.37614323224428425,40:0.29565012256401735} with alpha 47.0 and beta 273.0, percentage 16.911764705882355
The arm 33 has vector {0:0.2483919889180486,1:0.7830834796288463,2:0.5347283693807438,3:0.01517805350667134,4:0.1004765099181062,5:0.7630642240871073,6:0.25370222857806823,7:0.6335965498962077,8:0.8418740703736102,9:0.33285119842265554,10:0.9906662903777673,11:0.39599698848430076,12:0.6447139922045068,13:0.005458255391261102,14:0.4186175985727969,15:0.44508511482962143,16:0.09546568188048832,17:0.9074179192099326,18:0.012246203539586609,19:0.46215774953720457,20:0.14675614487646738,21:0.34028948575667173,22:0.45041270905449426,23:0.7263930899145538,24:0.31339646645770547,25:0.6727391793129703,26:0.27469348855882336,27:0.199004256825967,28:0.65811761227761,29:0.973094591590531,30:0.8394477089866234,31:0.37842350661448565,32:0.9777161123442606,33:0.995040784196583,34:0.333846474819654,35:0.6517599279990285,36:0.27947900671655634,37:0.8176482021498899,38:0.21784149546376863,39:0.12474670353094885,40:0.6433527710587634} with alpha 5.0 and beta 55.0, percentage 7.4074074074074066
The arm 34 has vector {0:0.5156214957527309,1:0.9100757835392002,2:0.15641458372122619,3:0.8968070565656708,4:0.7979673375617922,5:0.9756770803552642,6:0.42485512345525445,7:0.23823783885031857,8:0.6107293603157017,9:0.5780184936397564,10:0.817211663426129,11:0.12718157457176194,12:0.3304812029747234,13:0.0781529343435936,14:0.2130299269188114,15:0.39666745675867576,16:0.22940396815110398,17:0.003939658365429866,18:0.6735066792638355,19:0.7217569470131037,20:0.5134399479498689,21:0.4742772647397866,22:0.07474879310129845,23:0.2793103912520305,24:0.5328288186682265,25:0.42900589533846645,26:0.31104294147127276,27:0.8500402759500932,28:0.016232865338004276,29:0.6873487949390499,30:0.06619355183134068,31:0.6162850907567379,32:0.23196323003434505,33:0.08228733784938214,34:0.5659982575684966,35:0.2961213755030775,36:0.8824635337246143,37:0.8538771728810298,38:0.24817595646190826,39:0.06878671106354861,40:0.06570389671446908} with alpha 3.0 and beta 47.0, percentage 4.3478260869565215
The arm 35 has vector {0:0.300414791665927,1:0.7656113116242905,2:0.1593795723544389,3:0.5701684847747693,4:0.5247257302853385,5:0.7079364599264097,6:0.8396781011806772,7:0.7791542170410344,8:0.23015617916298226,9:0.5673967728222536,10:0.7358608190133256,11:0.2885656580063881,12:0.285135781195908,13:0.5738372045523008,14:0.3140768834128428,15:0.013349985421580501,16:0.9174184252969237,17:0.9424309091089347,18:0.052677698653970206,19:0.6011677460523737,20:0.8152898349236654,21:0.27159129872225973,22:0.4456394674075026,23:0.172246949059631,24:0.29359826624684826,25:0.9111179115760683,26:0.608730869817376,27:0.7825180194281572,28:0.368182426582645,29:0.31204460020754055,30:0.5702315477373404,31:0.11207868248527286,32:0.5912050810769863,33:0.9192886784866074,34:0.5529752595210857,35:0.8736954161443047,36:0.6593344835678574,37:0.7056254684372604,38:0.16695666327505687,39:0.7006047172617967,40:0.40637909559488006} with alpha 4.0 and beta 51.0, percentage 6.0
The arm 36 has vector {0:0.9484364387039679,1:0.2696452477756808,2:0.23336802565389114,3:0.8046623800050073,4:0.5026681704601963,5:0.6397305972464239,6:0.39148553510823236,7:0.565924924693958,8:0.39265141393367287,9:0.18468646589094195,10:0.574308511093149,11:0.7854268777536564,12:0.6787797127060831,13:0.3067285653319014,14:0.6739530384473309,15:0.2837454912204651,16:0.699892708312627,17:0.8440147720247887,18:0.1000178982599772,19:0.7019871895592132,20:0.8625560488370617,21:0.38619763136834573,22:0.2084925016330712,23:0.8468806096840977,24:0.818364567529112,25:0.3686169038399081,26:0.7988866633901235,27:0.26239404918986275,28:0.7234288577862312,29:0.6369738010515941,30:0.4388515102728161,31:0.6634279990814204,32:0.3021425574184661,33:0.5372803291993813,34:0.1207590723920926,35:0.6513505611173667,36:0.846645421510238,37:0.6002220122286558,38:0.5986212942525045,39:0.13733501298451012,40:0.43916303792287215} with alpha 25.0 and beta 161.0, percentage 15.0
The arm 37 has vector {0:0.5634902075581423,1:0.7090076090635022,2:0.8901445252690394,3:0.14224401275279408,4:0.8942828773794166,5:0.862918086777125,6:0.37901028450343077,7:0.663368810574969,8:0.4254603769976034,9:0.8648461593156225,10:0.10538504596584763,11:0.18063163794869763,12:0.6789132773822348,13:0.23254677870038765,14:0.37133842139274054,15:0.07713461336881378,16:0.9722689154949447,17:0.5018591570929766,18:0.06186936011360933,19:0.10858445795871918,20:0.5769660924798671,21:0.10293234078073366,22:0.3661640947887518,23:0.1546891835789549,24:0.08494401891467629,25:0.09790606367411991,26:0.6210713799154521,27:0.9472455659237697,28:0.7500582443307326,29:0.03911087734204233,30:0.5775922748492143,31:0.26276998602433954,32:0.7859948123277064,33:0.78906621386908,34:0.4654595298258841,35:0.912666367603868,36:0.3902594048873761,37:0.014118213411818181,38:0.6704736625785797,39:0.8168254149442593,40:0.7452216199206436} with alpha 4.0 and beta 49.0, percentage 6.25
The arm 38 has vector {0:0.9796485761609877,1:0.49783237223083154,2:0.2780267562474604,3:0.7649512619173311,4:0.5739317416576967,5:0.8576841324071155,6:0.7933745552600454,7:0.37696014458085747,8:0.4252882709137281,9:0.5993668464620758,10:0.4439361657506047,11:0.5151128557922032,12:0.3592011995103591,13:0.579476011625755,14:0.41371428554602574,15:0.4886085698692907,16:0.7368796595482027,17:0.5562868705394075,18:0.3988320335542621,19:0.8912517671856943,20:0.8551005676452449,21:0.0694976864094512,22:0.274140817057133,23:0.8872595759841032,24:0.2105784765907016,25:0.06849377124360567,26:0.7313446494479979,27:0.07736811533671006,28:0.6298813075585143,29:0.7074897823051711,30:0.13222168499151854,31:0.5774689350868032,32:0.9326859523156644,33:0.3074872821229109,34:0.28374556710664567,35:0.7943654051202745,36:0.7707369891222371,37:0.38831464711356234,38:0.32700849593603787,39:0.17299306388693347,40:0.38292254233975265} with alpha 22.0 and beta 138.0, percentage 15.328467153284672
The arm 39 has vector {0:0.5480772240574137,1:0.9954609767389704,2:0.6003364285710155,3:0.35341312378954604,4:0.9635259180403027,5:0.27243864463119405,6:0.7714529739556911,7:0.18388507590577496,8:0.30904778441562364,9:0.8202180579931664,10:0.41035181118245934,11:0.2720940234383016,12:0.07009709232881389,13:0.06693440895197866,14:0.8887052669395902,15:0.0076963061407181454,16:0.7758758332783728,17:0.4055195338663181,18:0.11782554981408044,19:0.7582276810960576,20:0.28041612882563016,21:0.15255293082870802,22:0.0500344447287604,23:0.02350833501707905,24:0.11485089164088469,25:0.4108185240491252,26:0.5750469199770295,27:0.6352641624383248,28:0.9779859686029245,29:0.0581918695034479,30:0.18990376820345345,31:0.9325651723120072,32:0.190905812536314,33:0.946475689300192,34:0.18607657993661597,35:0.6636718582669712,36:0.5131886294146127,37:0.8156462651794248,38:0.19733759492220182,39:0.42778200472861283,40:0.8745845886140073} with alpha 5.0 and beta 58.0, percentage 7.017543859649122
The arm 40 has vector {0:0.16247549972214637,1:0.367746815650406,2:0.13361266936187155,3:0.4826751440576278,4:0.28418072097566316,5:0.22978234745357828,6:0.7292349002638092,7:0.20820162783600105,8:0.2898047963831655,9:0.2736255862830065,10:0.5680785227968025,11:0.4437102533710847,12:0.3871567517009634,13:0.27349121071183746,14:0.9100843112797062,15:0.6468575477367269,16:0.3708403315287211,17:0.1761140065989475,18:0.48118224911479757,19:0.8994135111746248,20:0.5931187354011412,21:0.6547685184185645,22:0.6573599246006036,23:0.6912691068524328,24:0.11524644628920111,25:0.7101161973377377,26:0.00991236122844985,27:0.5243767006150729,28:0.9401369242114701,29:0.46732979904295147,30:0.5884708932162063,31:0.29349526883617516,32:0.3932106979646851,33:0.38975252205628497,34:0.6761523933538686,35:0.2744003455748556,36:0.7776126980028896,37:0.1562267977496029,38:0.8157372282529279,39:0.29434421178108305,40:0.144267198820902} with alpha 32.0 and beta 187.0, percentage 16.666666666666664
The arm 41 has vector {0:0.4360094766853727,1:0.5544340084775933,2:0.575885338073755,3:0.3356444045965763,4:0.9058196888372798,5:0.3523552204428031,6:0.1510598499332656,7:0.8051173678699515,8:0.034859962447861714,9:0.4523385458218966,10:0.025638603389688597,11:0.07315697795382903,12:0.2004563614919881,13:0.689878900875164,14:0.7692473546897854,15:0.36824915047149154,16:0.6050643606568699,17:0.13870856034093648,18:0.976812206822152,19:0.7599098984787559,20:0.443106599994484,21:0.14278114951930054,22:0.47384914203342143,23:0.6542151322215665,24:0.9651260708253913,25:0.7055700245963917,26:0.7768193533113152,27:0.7796789528702129,28:0.6991168785699018,29:0.6282600758022235,30:0.802481439569682,31:0.4541199006409078,32:0.15506818621896545,33:0.4193324418685349,34:0.23475642573132138,35:0.08588048943513593,36:0.6208142753059738,37:0.036750706736802696,38:0.755622720951053,39:0.2494175131435039,40:0.12733622027403835} with alpha 11.0 and beta 95.0, percentage 10.638297872340425
The arm 42 has vector {0:0.7288288683077532,1:0.6739086383441562,2:0.6317444580690212,3:0.15335220265226146,4:0.4183144094227197,5:0.9164337409227028,6:0.5701620931740371,7:0.330824853866163,8:0.41483139891213006,9:0.7232384339524218,10:0.9103145333255795,11:0.22807927267735462,12:0.4110767298168666,13:0.5723325322651587,14:0.507980089110746,15:0.4524297675829987,16:0.6843423942257938,17:0.21207056973670824,18:0.6116077727776983,19:0.39257520497435694,20:0.537934054430925,21:0.786623435282907,22:0.6935286524495456,23:0.16868501922365664,24:0.9298457971619043,25:0.29999298558328635,26:0.6421200366138655,27:0.14980124737321876,28:0.506540657644283,29:0.30790350412785283,30:0.4417220979405464,31:0.17217910223301847,32:0.14455758445291378,33:0.4097212418796381,34:0.33484991580192003,35:0.6652434184899055,36:0.12359452897401124,37:0.7052234703101746,38:0.9216266248890245,39:0.14871442960717363,40:0.15990053857562236} with alpha 3.0 and beta 44.0, percentage 4.651162790697675
The arm 43 has vector {0:0.8858049450004564,1:0.3732183351819004,2:0.4353191170369448,3:0.40480729159373363,4:0.9563530333178174,5:0.801220448456741,6:0.953803234174965,7:0.8365334043519755,8:0.022656738215277472,9:0.29185591734277716,10:0.4544587667524852,11:0.339404834379364,12:0.031665937939975075,13:0.27548286505724284,14:0.8087094791610698,15:0.250232778261011,16:0.7198251354298433,17:0.16539819728189664,18:0.9857155905961494,19:0.8107373988178869,20:0.547075306410397,21:0.41656042287409956,22:0.05702028026235606,23:0.7172405454115361,24:0.8642704046376447,25:0.09808642414853908,26:0.059178196116395076,27:0.8581609769282651,28:0.6489679291929508,29:0.5486957684652888,30:0.7375009884109639,31:0.4413186341149129,32:0.7240680344666036,33:0.5855000165883135,34:0.5005970422984605,35:0.7491031213185033,36:0.5360764932741715,37:0.7383417419607745,38:0.2941947324106877,39:0.15043387569382016,40:0.615013773142409} with alpha 10.0 and beta 84.0, percentage 10.843373493975903
The arm 44 has vector {0:0.8935743651436548,1:0.8026257974366509,2:0.9859821021303519,3:0.8719959799296342,4:0.25761950794706945,5:0.22125725596390322,6:0.6269408539606212,7:0.5415621925407934,8:0.5208710481076009,9:0.9496189191536816,10:0.36700786537430496,11:0.4470203264001744,12:0.5288794910778062,13:0.46155243549262837,14:0.5974940238588055,15:0.22591420224966674,16:0.7429520258647035,17:0.6759282193715648,18:0.2857384290377857,19:0.15019768176466275,20:0.06191649299295654,21:0.7061108787531202,22:0.4890487765226168,23:0.5349781026603664,24:0.0031737475645707836,25:0.6671784083816258,26:0.22390276493294237,27:0.25180740691642134,28:0.47843371476391594,29:0.8610751632361282,30:0.3481464891658592,31:0.3836726656987307,32:0.9001866856551097,33:0.35015399966850747,34:0.18728067558568406,35:0.7929941688221521,36:0.9216986664997223,37:0.8630962247376128,38:0.5622509324126885,39:0.43058863665285896,40:0.8808605880788447} with alpha 16.0 and beta 115.0, percentage 13.157894736842104
The arm 45 has vector {0:0.7243511383464637,1:0.2234955530982562,2:0.48999667904136246,3:0.6293000233589837,4:0.7427584919021706,5:0.9923114875235406,6:0.5418867213466381,7:0.03886692670686853,8:0.10888044025706267,9:0.3166029130013511,10:0.32964181723214747,11:0.4842937500287149,12:0.7173911836360154,13:0.23602657257226867,14:0.9082823846568348,15:0.8800269194200504,16:0.29173917481143585,17:0.1768084604115424,18:0.2630960059993932,19:0.271238550694087,20:0.19855983604201588,21:0.5830325810325891,22:0.6222789974588249,23:0.622399024129571,24:0.5600592295254605,25:0.7729951892921764,26:0.6614740335387593,27:0.8966238934145928,28:0.7208768573193635,29:0.29239834584723534,30:0.1708275624813651,31:0.33417467447762805,32:0.09412958032407415,33:0.4963790376665034,34:0.1317214498637228,35:0.6012164300875822,36:0.4485899633253633,37:0.7711762526401466,38:0.01588047950009297,39:0.7050369529270918,40:0.20185991481095245} with alpha 27.0 and beta 177.0, percentage 14.772727272727273
The arm 46 has vector {0:0.11683059991975664,1:0.05516638822061781,2:0.6034869845654731,3:0.2780790616686244,4:0.5537813478371695,5:0.8366538865148944,6:0.8517543293484329,7:0.6367309728236283,8:0.35965076780773675,9:0.7969086695050677,10:0.4536187743884521,11:0.787201445142108,12:0.22523035015900372,13:0.14832930875428407,14:0.8099288522978474,15:0.4850273273824134,16:0.1825701978931853,17:0.6621475639225142,18:0.6331385408692133,19:0.19523848587011472,20:0.2824269371231827,21:0.7905103575888311,22:0.2632424501657227,23:0.053805374006759,24:0.01832046865168868,25:0.3803367604156386,26:0.40399452980974015,27:0.8800402031193789,28:0.03551560705068313,29:0.8906801801501146,30:0.9427948005114921,31:0.5179654321754967,32:0.44480522834825986,33:0.39089572661185945,34:0.2750361981728937,35:0.5869387300395013,36:0.8957423782243273,37:0.9174762445802593,38:0.5989323908641297,39:0.20975225292204858,40:0.2799320958926599} with alpha 5.0 and beta 56.0, percentage 7.2727272727272725
The arm 47 has vector {0:0.9752968264582454,1:0.3028757616428416,2:0.854216780552743,3:0.8245698039442647,4:0.868826617552397,5:0.8166470808136083,6:0.00387822747776545,7:0.8726939266218103,8:0.4655234473162152,9:0.6960267184968985,10:0.9030693739479659,11:0.9190060225465173,12:0.39820268198278996,13:0.0674593555862445,14:0.0011425597200844795,15:0.9171678188817098,16:0.44094960576448317,17:0.43068758724745104,18:0.9663766978236638,19:0.9083499571701399,20:0.201086738435713,21:0.7131720900307184,22:0.38835318546399356,23:0.27469834035981555,24:0.0492757189453219,25:0.1373839430009861,26:0.7026223671221903,27:0.3965838984579957,28:0.03547042482232965,29:0.06674766962225409,30:0.3466236588961005,31:0.25562335000957415,32:0.17253470877812604,33:0.5618193455846597,34:0.43127850411411695,35:0.3716092342054005,36:0.2650750031237954,37:0.8378861954683646,38:0.5852082025840405,39:0.9461504196940664,40:0.7450248443849349} with alpha 14.0 and beta 106.0, percentage 12.380952380952381
The arm 48 has vector {0:0.9448549424094045,1:0.6592953331164206,2:0.2644103840349581,3:0.5464312660391398,4:0.03601280892166803,5:0.7551226685681269,6:0.03216003506229792,7:0.6393705760429595,8:0.8273128865410032,9:0.8179048089574653,10:0.44385503132640824,11:0.35758593999751775,12:0.6581683326911076,13:0.8879065368054568,14:0.3894320320169171,15:0.5359087856824674,16:0.6556039605725444,17:0.5726909989249012,18:0.5746082374989758,19:0.018082791086776462,20:0.410031722829468,21:0.458764901578644,22:0.7753166152111127,23:0.32778421653596546,24:0.4754695614755228,25:0.6086147975495787,26:0.48501272311421173,27:0.08540378762727663,28:0.9455695809317202,29:0.6155785605992452,30:0.5902016801124007,31:0.9248928547873204,32:0.07270463939392113,33:0.3436322115972812,34:0.8403507966149243,35:0.7246714795015846,36:0.8739244560490891,37:0.0736943224578307,38:0.5789748652433676,39:0.740946466350983,40:0.34362570150072513} with alpha 16.0 and beta 113.0, percentage 13.392857142857142
The arm 49 has vector {0:0.4331038826092465,1:0.9240617020837676,2:0.3808981916053752,3:0.7519947846037687,4:0.45192545182647714,5:0.08899987131515208,6:0.019567545832561595,7:0.8194977897184405,8:0.6984331822993325,9:0.8134180316288828,10:0.9051344112210324,11:0.9788595411501527,12:0.564369446001589,13:0.7528150707014838,14:0.15014967250999744,15:0.13308414841723748,16:0.928390708795975,17:0.9420369764524997,18:0.5358815952505648,19:0.9200833040371243,20:0.9730375164872289,21:0.6844465901862782,22:0.9347662661094114,23:0.3836424553922816,24:0.9600566264121333,25:0.7574271015872868,26:0.531529783245734,27:0.5685574159766591,28:0.2566666132924148,29:0.3670643881898301,30:0.45842535411891827,31:0.9248441967386283,32:0.8000582874144879,33:0.9441997537177111,34:0.4974356669214247,35:0.387883223907577,36:0.48952163528147197,37:0.6435076055001634,38:0.5136810344292363,39:0.7969944118963393,40:0.13497315078012484} with alpha 7.0 and beta 66.0, percentage 9.230769230769232
The best arm is 10 with vector {0:0.5743578707934175,1:0.8564097063868352,2:0.56866797838777,3:0.9332051721659318,4:0.2083123262676828,5:0.9800047806590828,6:0.890136941084971,7:0.925293866631576,8:0.7659426502093848,9:0.28508831749960073,10:0.5895429233125252,11:0.6367444443856607,12:0.9112306928796609,13:0.025014281233659896,14:0.5219004799100793,15:0.6495099799061405,16:0.2625736392125022,17:0.9443659631943317,18:0.23014694868330876,19:0.7318046447872489,20:0.8122179788236935,21:0.0381131813108071,22:0.7069371227439628,23:0.8472081852730419,24:0.8499551805939185,25:0.752807927300199,26:0.28543667056174615,27:0.8537091528227109,28:0.837393554267627,29:0.17384540200051635,30:0.3414225946521602,31:0.0792314454161882,32:0.13804857400812887,33:0.3813202654025004,34:0.8309250484314645,35:0.09128144012389938,36:0.23283334814212675,37:0.9533725871742365,38:0.5616242062258108,39:0.9962344864946366,40:0.5384997637738416} with alpha 48.0 and beta 271.0, percentage 17.40740740740741
The right guesses are: 843 which means 13.74531224523072% correct
Done
The current arm is 10 with vector {0:0.5743578707934175,1:0.8564097063868352,2:0.56866797838777,3:0.9332051721659318,4:0.2083123262676828,5:0.9800047806590828,6:0.890136941084971,7:0.925293866631576,8:0.7659426502093848,9:0.28508831749960073,10:0.5895429233125252,11:0.6367444443856607,12:0.9112306928796609,13:0.025014281233659896,14:0.5219004799100793,15:0.6495099799061405,16:0.2625736392125022,17:0.9443659631943317,18:0.23014694868330876,19:0.7318046447872489,20:0.8122179788236935,21:0.0381131813108071,22:0.7069371227439628,23:0.8472081852730419,24:0.8499551805939185,25:0.752807927300199,26:0.28543667056174615,27:0.8537091528227109,28:0.837393554267627,29:0.17384540200051635,30:0.3414225946521602,31:0.0792314454161882,32:0.13804857400812887,33:0.3813202654025004,34:0.8309250484314645,35:0.09128144012389938,36:0.23283334814212675,37:0.9533725871742365,38:0.5616242062258108,39:0.9962344864946366,40:0.5384997637738416} with alpha 81.0 and beta 663.0
The order information:
Date: 2012-05-09T17:07:05.000+02:00
It predicted these items for order 1778911 :
   31560 with score of 1207.0180304358717
   752 with score of 538.3621870609304
   27900 with score of 448.23659664189654
   748 with score of 405.9682003709991
   20430 with score of 398.44841678443714
   5003 with score of 360.84651803257447
   21714 with score of 349.8506092001454
   11832 with score of 327.1248831823596
   31553 with score of 305.62026475836166
   27576 with score of 302.9146383441596
These are the actual items bought: 
   11832
   30233
The current arm is 10 with vector {0:0.5743578707934175,1:0.8564097063868352,2:0.56866797838777,3:0.9332051721659318,4:0.2083123262676828,5:0.9800047806590828,6:0.890136941084971,7:0.925293866631576,8:0.7659426502093848,9:0.28508831749960073,10:0.5895429233125252,11:0.6367444443856607,12:0.9112306928796609,13:0.025014281233659896,14:0.5219004799100793,15:0.6495099799061405,16:0.2625736392125022,17:0.9443659631943317,18:0.23014694868330876,19:0.7318046447872489,20:0.8122179788236935,21:0.0381131813108071,22:0.7069371227439628,23:0.8472081852730419,24:0.8499551805939185,25:0.752807927300199,26:0.28543667056174615,27:0.8537091528227109,28:0.837393554267627,29:0.17384540200051635,30:0.3414225946521602,31:0.0792314454161882,32:0.13804857400812887,33:0.3813202654025004,34:0.8309250484314645,35:0.09128144012389938,36:0.23283334814212675,37:0.9533725871742365,38:0.5616242062258108,39:0.9962344864946366,40:0.5384997637738416} with alpha 226.0 and beta 1663.0
The order information:
Date: 2012-05-10T17:54:43.000+02:00
It predicted these items for order 1779917 :
   31560 with score of 1212.9587863876573
   752 with score of 562.5817574040387
   27900 with score of 442.30236084406704
   748 with score of 426.78965691973116
   20430 with score of 392.89672848780714
   5003 with score of 374.51616035625705
   21714 with score of 363.62357550995773
   11832 with score of 324.59937585425956
   29669 with score of 320.76758843811257
   31553 with score of 312.85061294256786
These are the actual items bought: 
   30342
   23374
   32289
The current arm is 10 with vector {0:0.5743578707934175,1:0.8564097063868352,2:0.56866797838777,3:0.9332051721659318,4:0.2083123262676828,5:0.9800047806590828,6:0.890136941084971,7:0.925293866631576,8:0.7659426502093848,9:0.28508831749960073,10:0.5895429233125252,11:0.6367444443856607,12:0.9112306928796609,13:0.025014281233659896,14:0.5219004799100793,15:0.6495099799061405,16:0.2625736392125022,17:0.9443659631943317,18:0.23014694868330876,19:0.7318046447872489,20:0.8122179788236935,21:0.0381131813108071,22:0.7069371227439628,23:0.8472081852730419,24:0.8499551805939185,25:0.752807927300199,26:0.28543667056174615,27:0.8537091528227109,28:0.837393554267627,29:0.17384540200051635,30:0.3414225946521602,31:0.0792314454161882,32:0.13804857400812887,33:0.3813202654025004,34:0.8309250484314645,35:0.09128144012389938,36:0.23283334814212675,37:0.9533725871742365,38:0.5616242062258108,39:0.9962344864946366,40:0.5384997637738416} with alpha 370.0 and beta 2663.0
The order information:
Date: 2012-05-11T22:39:32.000+02:00
It predicted these items for order 1780921 :
   31560 with score of 1149.4360854720776
   752 with score of 568.1697120614442
   748 with score of 513.9376219710225
   27900 with score of 415.7488379483863
   20430 with score of 395.3548846252758
   21714 with score of 360.2604699375644
   5003 with score of 353.3790260407138
   29669 with score of 339.88499596902557
   27576 with score of 322.28088749559146
   11832 with score of 312.85538182227907
These are the actual items bought: 
   31776
The current arm is 10 with vector {0:0.5743578707934175,1:0.8564097063868352,2:0.56866797838777,3:0.9332051721659318,4:0.2083123262676828,5:0.9800047806590828,6:0.890136941084971,7:0.925293866631576,8:0.7659426502093848,9:0.28508831749960073,10:0.5895429233125252,11:0.6367444443856607,12:0.9112306928796609,13:0.025014281233659896,14:0.5219004799100793,15:0.6495099799061405,16:0.2625736392125022,17:0.9443659631943317,18:0.23014694868330876,19:0.7318046447872489,20:0.8122179788236935,21:0.0381131813108071,22:0.7069371227439628,23:0.8472081852730419,24:0.8499551805939185,25:0.752807927300199,26:0.28543667056174615,27:0.8537091528227109,28:0.837393554267627,29:0.17384540200051635,30:0.3414225946521602,31:0.0792314454161882,32:0.13804857400812887,33:0.3813202654025004,34:0.8309250484314645,35:0.09128144012389938,36:0.23283334814212675,37:0.9533725871742365,38:0.5616242062258108,39:0.9962344864946366,40:0.5384997637738416} with alpha 536.0 and beta 3663.0
The order information:
Date: 2012-05-13T15:53:25.000+02:00
It predicted these items for order 1781930 :
   31560 with score of 1078.6821897175594
   752 with score of 565.7741568781252
   748 with score of 556.5209164915168
   20430 with score of 399.8783715568755
   21714 with score of 392.1343880695819
   5003 with score of 388.00606759538243
   27900 with score of 384.26442371118094
   29669 with score of 339.8068899928073
   27576 with score of 328.75776477054166
   23467 with score of 295.91283224354436
These are the actual items bought: 
   2084
   29003
   31950
   20990
   31940
   30573
   20678
   30195
   25363
   27900
The current arm is 10 with vector {0:0.5743578707934175,1:0.8564097063868352,2:0.56866797838777,3:0.9332051721659318,4:0.2083123262676828,5:0.9800047806590828,6:0.890136941084971,7:0.925293866631576,8:0.7659426502093848,9:0.28508831749960073,10:0.5895429233125252,11:0.6367444443856607,12:0.9112306928796609,13:0.025014281233659896,14:0.5219004799100793,15:0.6495099799061405,16:0.2625736392125022,17:0.9443659631943317,18:0.23014694868330876,19:0.7318046447872489,20:0.8122179788236935,21:0.0381131813108071,22:0.7069371227439628,23:0.8472081852730419,24:0.8499551805939185,25:0.752807927300199,26:0.28543667056174615,27:0.8537091528227109,28:0.837393554267627,29:0.17384540200051635,30:0.3414225946521602,31:0.0792314454161882,32:0.13804857400812887,33:0.3813202654025004,34:0.8309250484314645,35:0.09128144012389938,36:0.23283334814212675,37:0.9533725871742365,38:0.5616242062258108,39:0.9962344864946366,40:0.5384997637738416} with alpha 688.0 and beta 4663.0
The order information:
Date: 2012-05-14T16:46:54.000+02:00
It predicted these items for order 1782931 :
   31560 with score of 1069.7445231156244
   748 with score of 612.8389960886211
   752 with score of 562.8242448775402
   21714 with score of 395.020459041843
   5003 with score of 393.489525533155
   20430 with score of 392.5235602267115
   27900 with score of 378.39014198238783
   27576 with score of 367.30774228761635
   29669 with score of 338.86458007506894
   31553 with score of 326.70189805597516
These are the actual items bought: 
   32564
The current arm is 10 with vector {0:0.5743578707934175,1:0.8564097063868352,2:0.56866797838777,3:0.9332051721659318,4:0.2083123262676828,5:0.9800047806590828,6:0.890136941084971,7:0.925293866631576,8:0.7659426502093848,9:0.28508831749960073,10:0.5895429233125252,11:0.6367444443856607,12:0.9112306928796609,13:0.025014281233659896,14:0.5219004799100793,15:0.6495099799061405,16:0.2625736392125022,17:0.9443659631943317,18:0.23014694868330876,19:0.7318046447872489,20:0.8122179788236935,21:0.0381131813108071,22:0.7069371227439628,23:0.8472081852730419,24:0.8499551805939185,25:0.752807927300199,26:0.28543667056174615,27:0.8537091528227109,28:0.837393554267627,29:0.17384540200051635,30:0.3414225946521602,31:0.0792314454161882,32:0.13804857400812887,33:0.3813202654025004,34:0.8309250484314645,35:0.09128144012389938,36:0.23283334814212675,37:0.9533725871742365,38:0.5616242062258108,39:0.9962344864946366,40:0.5384997637738416} with alpha 785.0 and beta 5663.0
The order information:
Date: 2012-05-15T15:02:20.000+02:00
It predicted these items for order 1783936 :
   31560 with score of 1053.7920406828123
   748 with score of 638.5057305078703
   752 with score of 534.4452036356066
   5003 with score of 403.66864574562135
   27576 with score of 399.20021096618245
   21714 with score of 397.8313760216879
   20430 with score of 379.8153424813275
   27900 with score of 360.1303042346543
   29669 with score of 337.0503174971874
   31553 with score of 322.0400947849129
These are the actual items bought: 
   12096
The arm 10 has vector {0:0.5743578707934175,1:0.8564097063868352,2:0.56866797838777,3:0.9332051721659318,4:0.2083123262676828,5:0.9800047806590828,6:0.890136941084971,7:0.925293866631576,8:0.7659426502093848,9:0.28508831749960073,10:0.5895429233125252,11:0.6367444443856607,12:0.9112306928796609,13:0.025014281233659896,14:0.5219004799100793,15:0.6495099799061405,16:0.2625736392125022,17:0.9443659631943317,18:0.23014694868330876,19:0.7318046447872489,20:0.8122179788236935,21:0.0381131813108071,22:0.7069371227439628,23:0.8472081852730419,24:0.8499551805939185,25:0.752807927300199,26:0.28543667056174615,27:0.8537091528227109,28:0.837393554267627,29:0.17384540200051635,30:0.3414225946521602,31:0.0792314454161882,32:0.13804857400812887,33:0.3813202654025004,34:0.8309250484314645,35:0.09128144012389938,36:0.23283334814212675,37:0.9533725871742365,38:0.5616242062258108,39:0.9962344864946366,40:0.5384997637738416} with alpha 839.0 and beta 6134.0, percentage 13.663786075330181
The best arm is 10 with vector {0:0.5743578707934175,1:0.8564097063868352,2:0.56866797838777,3:0.9332051721659318,4:0.2083123262676828,5:0.9800047806590828,6:0.890136941084971,7:0.925293866631576,8:0.7659426502093848,9:0.28508831749960073,10:0.5895429233125252,11:0.6367444443856607,12:0.9112306928796609,13:0.025014281233659896,14:0.5219004799100793,15:0.6495099799061405,16:0.2625736392125022,17:0.9443659631943317,18:0.23014694868330876,19:0.7318046447872489,20:0.8122179788236935,21:0.0381131813108071,22:0.7069371227439628,23:0.8472081852730419,24:0.8499551805939185,25:0.752807927300199,26:0.28543667056174615,27:0.8537091528227109,28:0.837393554267627,29:0.17384540200051635,30:0.3414225946521602,31:0.0792314454161882,32:0.13804857400812887,33:0.3813202654025004,34:0.8309250484314645,35:0.09128144012389938,36:0.23283334814212675,37:0.9533725871742365,38:0.5616242062258108,39:0.9962344864946366,40:0.5384997637738416} with alpha 839.0 and beta 6134.0, percentage 13.663786075330181
The right guesses are: 838 which means 13.663786075330181% correct
Done
487
