Items: 31014,2,2012-03-22 09:35:15.730000000,2013-01-31 22:08:19.360000000,0,0000000000000000000000000000000000000000000000000000000000000000000000000000000000000000000010000000000000000000000000000000000000000000000000000000000000000000000000000000000000000000000000000000000000000000000000000000000000000000000000000000000000000000
Items: 16065,3,2010-10-12 09:05:28.623000000,2011-10-19 12:41:59.293000000,0,0000000000000000000000000000000000000000000000000000000000000000000000000000000000000000000100000000000000000000000000000000000000000000000000000000000000000000000000000000000000000000000000000000000000000000000000000000000000000000000000000000000000000000
Items: 2897,1,2010-07-28 15:55:07.423000000,2013-07-15 05:02:15.650000000,0,0000000000000000000000000000000000000000000000000000000000000000000000000000000000000000000100000000000000000000000000000000000000000000000000000000000000000000000000000000000000000000000000000000000000000000000000000000000000000000000000000000000000000000
Users: 46671,2009-07-31 17:52:05.423000000,45238,,0
Users: 117404,2012-02-11 18:20:17.737000000,30295,1989-02-13 00:00:00,1
Users: 185087,2009-07-31 19:48:45.310000000,54234,1986-06-04 00:00:00,1
Users: 242612,2011-12-03 21:34:16.640000000,90627,1990-07-23 00:00:00,2
Users: 294436,2011-03-16 09:05:23.647000000,72233,1994-04-25 00:00:00,1
Users: 345704,2011-11-11 20:55:14.437000000,68600,1994-06-05 00:00:00,2
Users: 399809,2012-09-17 14:43:42.033000000,44491,1997-12-12 00:00:00,1
Users: 455390,2012-12-20 16:02:28.573000000,3274,1978-06-02 00:00:00,2
Users: 525182,2013-07-28 12:33:53.590000000,53372,1990-06-17 00:00:00,0
Orders: 35022,1033356,1457,2009-10-18 21:46:53.347000000
Orders: 214698,1082559,614,2010-01-24 20:16:55.153000000
Orders: 226305,1122161,1501,2010-03-20 16:23:03.950000000
Orders: 46541,1167569,11120,2010-05-26 12:55:02.417000000
Orders: 75824,1208142,11119,2010-07-27 23:14:48.377000000
Orders: 13287,1248778,12826,2010-09-21 21:56:27.157000000
Orders: 272654,1296031,653,2010-12-01 18:41:36.730000000
Orders: 285359,1344258,18628,2011-01-28 14:59:09.743000000
Orders: 157456,1388262,18371,2011-03-17 11:46:02.120000000
Orders: 307265,1432210,758,2011-04-29 21:28:48.340000000
Orders: 271030,1473349,21803,2011-06-14 15:24:35.467000000
Orders: 275827,1511037,21829,2011-07-28 21:58:50.970000000
Orders: 62527,1550712,24845,2011-09-10 18:44:47.023000000
Orders: 293365,1597283,27523,2011-11-12 08:21:31.203000000
Orders: 158173,1649466,24361,2011-12-28 14:06:54.430000000
Orders: 371623,1691322,28947,2012-01-31 15:54:20.570000000
Orders: 151193,1739094,2144,2012-03-22 17:02:48.527000000
Orders: 71320,1784958,7874,2012-05-16 17:00:59.817000000
Orders: 287161,1827735,20480,2012-06-29 22:23:24.193000000
Orders: 271514,1866722,31203,2012-08-11 21:38:56.863000000
Orders: 428803,1915657,35460,2012-10-09 20:15:44.210000000
Orders: 444954,1966435,29677,2012-12-01 22:51:49.073000000
Orders: 460415,2018674,31695,2013-01-07 22:20:30.543000000
Orders: 381441,2066329,35170,2013-02-19 22:08:16.833000000
Orders: 485606,2112774,39306,2013-03-26 15:04:37.277000000
Orders: 423890,2161061,11304,2013-05-03 09:35:38.190000000
Orders: 314770,2207605,26096,2013-06-05 19:04:54.837000000
Orders: 287308,2249841,40450,2013-07-13 20:23:09.463000000
Orders: 255027,2289235,33612,2013-08-13 17:15:05.073000000
Orders: 466261,2331294,43871,2013-09-15 21:02:00.180000000
Orders: 446724,2379393,448,2013-11-01 19:20:53.627000000

Startup information:
First order in training stage: 700000
First order in evaluation stage: 771338
Last order in evaluation stage: 776338

Number of orders in training stage: 71338
Number of orders in evaluation stage: 5000

The order information:
Date: 2012-05-10T17:54:43.000+02:00
It predicted these items for order 1779917 :
   8862 with score of 7.75
These are the actual items bought: 
   30342
   23374
   32289
The order information:
Date: 2012-05-13T15:53:25.000+02:00
It predicted these items for order 1781930 :
   31042 with score of 17.375
These are the actual items bought: 
   2084
   29003
   31950
   20990
   31940
   30573
   20678
   30195
   25363
   27900
The current arm is 21 with vector {0:0.364719732418327,1:0.9055437487742922,2:0.1535962703690521,3:0.18541833956924336,4:0.7602709732081097,5:0.3801298488757813,6:0.3910451991591216,7:0.07912150497229986,8:0.9213617941595382,9:0.47776449511648167,10:0.968195524336993,11:0.6236460295281439,12:0.545839250940615,13:0.2683855360329648,14:0.8611952103119165,15:0.5174140209840277,16:0.7243107919069919,17:0.014069572993403723,18:0.9944567032726158,19:0.7323963836565014,20:0.3264344034469099,21:0.6999668180650045,22:0.1058518312810186,23:0.9830781810119072,24:0.3203873412421827,25:0.7798950623916819,26:0.8845971073586202,27:0.614005011962774,28:0.2732415889249121,29:0.9934893289616865,30:0.6263118353860272,31:0.6870893847151988,32:0.9506775319666854,33:0.7064292202749043,34:0.9994556612922636,35:0.7940268064031586,36:0.8875587357805121,37:0.9363817475361556,38:0.13979202209709995,39:0.5694064722919125,40:0.8202792163755752} with alpha 2.0 and beta 14.0
The order information:
Date: 2012-05-09T17:07:05.000+02:00
It predicted these items for order 1778911 :
   31560 with score of 1.5983667612024002
These are the actual items bought: 
   11832
   30233
The current arm is 4 with vector {0:0.9527747429223822,1:0.5211090469247824,2:0.7964882285508057,3:0.2384414685278594,4:0.11231696984744655,5:0.6481670190346474,6:0.5538587010212217,7:0.1925113027594456,8:0.09710972792960193,9:0.4999870331437256,10:0.4670311554565054,11:0.5651809192274138,12:0.33126341593792274,13:0.3719281346992286,14:0.07907773056003409,15:0.5289029627254577,16:0.2055467776864618,17:0.403500983352874,18:0.5472788416320817,19:0.5130418902812637,20:0.45096767209893796,21:0.49724902153983774,22:0.9952093750910582,23:0.709094592854562,24:0.6922774387161079,25:0.7034499551640951,26:0.6686161036531431,27:0.09441402513008923,28:0.7631096340071901,29:0.8175218379116708,30:0.4109902204488022,31:0.34486002827281537,32:0.18247061086801208,33:0.3992811891050737,34:0.5371555464743061,35:0.9157987812844979,36:0.7237685517802303,37:0.6105868224946889,38:0.6886614409204889,39:0.6272461750300123,40:0.4360253860061033} with alpha 4.0 and beta 38.0
The order information:
Date: 2012-05-10T17:54:43.000+02:00
It predicted these items for order 1779917 :
   31560 with score of 1.937586215230909
These are the actual items bought: 
   30342
   23374
   32289
The current arm is 33 with vector {0:0.4119641653739986,1:0.12500143152737386,2:0.34789867755827364,3:0.7758032245592645,4:0.5765670872460615,5:0.03674344620157066,6:0.5262901839480125,7:0.5053776082583835,8:0.852122629455326,9:0.9052735402044065,10:0.7767527244103812,11:0.856356252589062,12:0.26110852296000187,13:0.3520419526920091,14:0.9746099238705774,15:0.2506439382315878,16:0.21361466520032768,17:0.928975475976681,18:0.7073054531597947,19:0.9895698339049371,20:0.07361725684306386,21:0.11169202501139142,22:0.21697840449224493,23:0.5158796235019342,24:0.005454267668193569,25:0.5729973251101756,26:0.9548462226467487,27:0.25264638415011675,28:0.8811528897509866,29:0.047822535227942,30:0.8731009955432413,31:0.18527199842655173,32:0.5856830423524073,33:0.26456001660911077,34:0.42301802646250364,35:0.32865094181628773,36:0.540089312741494,37:0.8908853775803753,38:0.38298437010582975,39:0.9319741339626112,40:0.6790568231604035} with alpha 2.0 and beta 50.0
The order information:
Date: 2012-05-11T22:39:32.000+02:00
It predicted these items for order 1780921 :
   31560 with score of 2.2181957270944537
These are the actual items bought: 
   31776
The current arm is 48 with vector {0:0.6431148440933702,1:0.7515539719722137,2:0.5127111361897051,3:0.05554803728555291,4:0.6841583446763521,5:0.7827478784559819,6:0.8665064332273723,7:0.27107053580637164,8:0.19947577418661788,9:0.8646456714179255,10:0.6932343640351413,11:0.9618387229445553,12:0.6157719346115469,13:0.8269022035515468,14:0.37530556324065556,15:0.9272869321024608,16:0.682461655684501,17:0.8937924347435073,18:0.4780354429449234,19:0.09311846589150197,20:0.5564603686174627,21:0.8986692136444463,22:0.24715691557061448,23:0.4292613910494266,24:0.29839714616965596,25:0.7241824822150562,26:0.37913352390887767,27:0.16306932375252337,28:0.9235421428579549,29:0.0077440692572267045,30:0.4638531153666918,31:0.7499713754475453,32:0.3348325280111768,33:0.33965279682693583,34:0.9272292584998535,35:0.3326958580333398,36:0.6390231062219903,37:0.011691073737572055,38:0.8429776584486516,39:0.11424776623035549,40:0.7857332138180223} with alpha 2.0 and beta 47.0
The order information:
Date: 2012-05-13T15:53:25.000+02:00
It predicted these items for order 1781930 :
   31560 with score of 1.8146679902418064
These are the actual items bought: 
   2084
   29003
   31950
   20990
   31940
   30573
   20678
   30195
   25363
   27900
The current arm is 41 with vector {0:0.03211172277654728,1:0.8991893872855975,2:0.7344209494535027,3:0.2836608450903392,4:0.8580875852871117,5:0.12052621475842762,6:0.22811516540138388,7:0.15399959949355058,8:0.372170455144191,9:0.17513978543793862,10:0.11748686601341285,11:0.18049317573973833,12:0.7849499752981889,13:0.5361053781147131,14:0.1270695631259996,15:0.11628317054292292,16:0.8971810629665198,17:0.3111255339592133,18:0.9302343802359293,19:0.21215869772493623,20:0.23942785843658843,21:0.9551084825306638,22:0.8899906805187873,23:0.7942832630750276,24:0.42347435217248397,25:0.9644131426852943,26:0.32109558182004827,27:0.5779022666075062,28:0.9865395288028197,29:0.8069742634546515,30:0.9434165967102695,31:0.6250206060973952,32:0.9252876025641628,33:0.6213711461802861,34:0.8247234715136876,35:0.7343394532340934,36:0.2961895281408693,37:0.7029598489189384,38:0.8539251956495689,39:0.838567755372679,40:0.9202511954580676} with alpha 10.0 and beta 158.0
The order information:
Date: 2012-05-14T16:46:54.000+02:00
It predicted these items for order 1782931 :
   31560 with score of 0.6752522202137662
These are the actual items bought: 
   32564
The arm 0 has vector {0:0.7673117307904772,1:0.17759532670308087,2:0.3044693656515117,3:0.47631102301614925,4:0.26492423036311996,5:0.7603541348810847,6:0.8068087934630502,7:0.522398608301263,8:0.44033186852560346,9:0.820155408462993,10:0.05975785759273977,11:0.39431109264623243,12:0.05083842090541013,13:0.9367388056364352,14:0.7363190024635609,15:0.15915018952256654,16:0.11741981256708367,17:0.41841943553513883,18:0.33350708099207493,19:0.19679709569943982,20:0.3101027868572491,21:0.8389284186831575,22:0.6984659356457336,23:0.4010821847743924,24:0.45696880908975723,25:0.8241890291654478,26:0.08918108791477275,27:0.09081114263579693,28:0.7213321791009364,29:0.14281488943777298,30:0.5617263041547874,31:0.253008119043559,32:0.555922357749212,33:0.8847765773547244,34:0.8690115229541518,35:0.09721377140793963,36:0.45949471891110594,37:0.7035071873865212,38:0.7231912597206953,39:0.35684220232053865,40:0.9165651479236032} with alpha 2.0 and beta 76.0, percentage 1.3157894736842104
The arm 1 has vector {0:0.826154358562597,1:0.1420655007533368,2:0.9491835878748026,3:0.081126076901328,4:0.7402939307211371,5:0.8589260101061549,6:0.777554198052572,7:0.5770202252814399,8:0.7460583617443207,9:0.918070167544807,10:0.256374805304327,11:0.33129651209077093,12:0.08362778482601663,13:0.37705037425992627,14:0.4221769390320448,15:0.494322222804241,16:0.21800444722557533,17:0.508067018582904,18:0.4057181657013803,19:0.40214797509857025,20:0.06684542295921592,21:0.3251017596338339,22:0.7629919211491263,23:0.8256339742990363,24:0.2087829354701658,25:0.7724106599952705,26:0.3692338107842069,27:0.45354910836198603,28:0.639567045878264,29:0.8293859789689186,30:0.23409507639650307,31:0.3300728710057844,32:0.5195702751314688,33:0.08121869168727658,34:0.11330830013028292,35:0.7441356905560583,36:0.12060361647647122,37:0.9502006261097694,38:0.3312010844688509,39:0.14456437503482567,40:0.4867288651384587} with alpha 3.0 and beta 87.0, percentage 2.272727272727273
The arm 2 has vector {0:0.7900078425159,1:0.013669864103641904,2:0.4703909932813364,3:0.46491439796595857,4:0.733441712232937,5:0.4609606877066892,6:0.9112852515515576,7:0.1855383292861572,8:0.41557231311533105,9:0.14166482322413454,10:0.827214410160143,11:0.34133564836650265,12:0.8949699743998012,13:0.9603520883047616,14:0.3790468178583174,15:0.0018344333323984108,16:0.7512753038179555,17:0.6145141954421931,18:0.2633605682407506,19:0.12257440443431833,20:0.8702870798970457,21:0.11513017699131478,22:0.1465310358589168,23:0.18517872435094107,24:0.9600254712744526,25:0.5164256625819004,26:0.06952075920510958,27:0.665588302150314,28:0.4161073977956977,29:0.593240908735407,30:0.6932002785052799,31:0.558542517302024,32:0.0017587714918456676,33:0.396505420072656,34:0.2267338365863537,35:0.21278884757669336,36:0.5689314706198417,37:0.13112805885821288,38:0.05177965998949441,39:0.9561392126265973,40:0.009253884963210224} with alpha 5.0 and beta 101.0, percentage 3.8461538461538463
The arm 3 has vector {0:0.368721577956832,1:0.7244327973017008,2:0.7873195217841755,3:0.6166486964850391,4:0.26564071867058725,5:0.49656932787526187,6:0.6877835936731784,7:0.5994139232070947,8:0.13621801852506588,9:0.28172090783603987,10:0.21990001527683634,11:0.008003168075669476,12:0.4737475414261856,13:0.13806866321716826,14:0.6394237512208899,15:0.7732395168913246,16:0.21917686476658438,17:0.8413817889864993,18:0.9007022373409272,19:0.43807660964720685,20:0.17965900406887803,21:0.1138090894675301,22:0.8711400707149649,23:0.22939722698086096,24:0.26386745646262666,25:0.7808266270152148,26:0.0900797892669647,27:0.144823127993441,28:0.8686252568527485,29:0.5047169809016404,30:0.7098136246989656,31:0.11376392891153553,32:0.23975171919761706,33:0.8384672113755302,34:0.7559698301862385,35:0.9607017669264148,36:0.7958396555004003,37:0.8914068768947297,38:0.758497947683355,39:0.8568704125704817,40:0.6190507844577274} with alpha 7.0 and beta 145.0, percentage 4.0
The arm 4 has vector {0:0.9527747429223822,1:0.5211090469247824,2:0.7964882285508057,3:0.2384414685278594,4:0.11231696984744655,5:0.6481670190346474,6:0.5538587010212217,7:0.1925113027594456,8:0.09710972792960193,9:0.4999870331437256,10:0.4670311554565054,11:0.5651809192274138,12:0.33126341593792274,13:0.3719281346992286,14:0.07907773056003409,15:0.5289029627254577,16:0.2055467776864618,17:0.403500983352874,18:0.5472788416320817,19:0.5130418902812637,20:0.45096767209893796,21:0.49724902153983774,22:0.9952093750910582,23:0.709094592854562,24:0.6922774387161079,25:0.7034499551640951,26:0.6686161036531431,27:0.09441402513008923,28:0.7631096340071901,29:0.8175218379116708,30:0.4109902204488022,31:0.34486002827281537,32:0.18247061086801208,33:0.3992811891050737,34:0.5371555464743061,35:0.9157987812844979,36:0.7237685517802303,37:0.6105868224946889,38:0.6886614409204889,39:0.6272461750300123,40:0.4360253860061033} with alpha 10.0 and beta 164.0, percentage 5.232558139534884
The arm 5 has vector {0:0.4852442836630967,1:0.23510598312773712,2:0.6868487810033979,3:0.36240812568467495,4:0.6145882969411881,5:0.32317306891071873,6:0.3844955635620627,7:0.25937186021304126,8:0.08802704787134841,9:0.8830639414162768,10:0.35331494693977494,11:0.3709429858722112,12:0.5702320062210688,13:0.2867764111657023,14:0.026382552022082506,15:0.17942051629771327,16:0.6481238582805762,17:0.3640486794832085,18:0.2812555895663965,19:0.09803348965768577,20:0.9972765406803649,21:0.4951997443431797,22:0.3383323555691974,23:0.13285924373446578,24:0.038704400902737746,25:0.45134334112304286,26:0.43444609874970364,27:0.49197209086564264,28:0.15695903777383902,29:0.5254363280454293,30:0.18954540875326675,31:0.9723392294892,32:0.6277616540082932,33:0.3231030191029164,34:0.19557908224798737,35:0.3371420991941929,36:0.9121473219589142,37:0.6664808614960482,38:0.49105137951259437,39:0.9586473284426453,40:0.7335769946048702} with alpha 2.0 and beta 73.0, percentage 1.36986301369863
The arm 6 has vector {0:0.5418147413209894,1:0.2304548224652765,2:0.7107391564499602,3:0.9048703996606638,4:0.07982961939393596,5:0.3377839922932805,6:0.8576936388465969,7:0.3999931857857747,8:0.5918079980803681,9:0.4307548542516344,10:0.16999648496200692,11:0.058982484731182394,12:0.9604392219853435,13:0.9877026510699937,14:0.10239609050051823,15:0.9286150143691657,16:0.8257779624531546,17:0.11935318660529926,18:0.23016696002969694,19:0.9322698498546944,20:0.8637403531383137,21:0.7479504363880246,22:0.4362859664529105,23:0.8900521927760325,24:0.7655670702656469,25:0.19008280586483972,26:0.8649181718238319,27:0.6305237520129906,28:0.8417677798830281,29:0.8856606019423311,30:0.6373852881011283,31:0.14031443775590347,32:0.9321158007257063,33:0.8069178952179022,34:0.39412858963845787,35:0.31110024460735786,36:0.9236962605351755,37:0.8256134430684997,38:0.5592111552183603,39:0.8021403191860357,40:0.17797691883029132} with alpha 1.0 and beta 51.0, percentage 0.0
The arm 7 has vector {0:0.11686140368443865,1:0.8815961919123148,2:0.43000968062626344,3:0.13092050166293845,4:0.804682324908937,5:0.8499728149340007,6:0.6633096926006871,7:0.6322562781572096,8:0.6141531357893819,9:0.6543258512372723,10:0.16959999469436193,11:0.8763329820723551,12:0.3272573085652034,13:0.6458292074351742,14:0.1242673305491937,15:0.007421968386083111,16:0.2527333862140393,17:0.552229146061218,18:0.8305923784183841,19:0.32246069402712974,20:0.7386702882847492,21:0.3196856439740937,22:0.04430109717867814,23:0.3289427612428879,24:0.8957681990543256,25:0.19735732341344492,26:0.7569085194002811,27:0.9596794903324195,28:0.2104339190188126,29:0.15167597181449732,30:0.6092097177315233,31:0.10031098208910272,32:0.13277886210566936,33:0.8710988621657209,34:0.9986730752762915,35:0.8200935302031495,36:0.557709346075936,37:0.9224210396315381,38:0.5797464451825879,39:0.06420305226075285,40:0.851485232271629} with alpha 7.0 and beta 139.0, percentage 4.166666666666666
The arm 8 has vector {0:0.003743541774475445,1:0.37334441086136816,2:0.7552126689346692,3:0.10921044732744423,4:0.020751071473774862,5:0.4430308498087243,6:0.5426484230318949,7:0.5148412029775065,8:0.7679352276373368,9:0.5628217047293548,10:0.23473712895960475,11:0.15771417849389557,12:0.6693071518026473,13:0.2626045473410753,14:0.05825175999428389,15:0.08863537132757215,16:0.16671864377218448,17:0.30243282407525984,18:0.3087647182846619,19:0.7234323030625257,20:0.18577541060492708,21:0.9441557696746112,22:0.5909288426350868,23:0.09782395007310463,24:0.9879111866293859,25:0.9564874677655999,26:0.6193089587141771,27:0.5263888066094277,28:0.48372950820170313,29:0.5414979164356768,30:0.0899057809676419,31:0.9212216035570232,32:0.42111598785357496,33:0.6717249578363945,34:0.5392525352544831,35:0.816304862132578,36:0.20458762338959546,37:0.41650368947954763,38:0.19200013331924848,39:0.6096780734910121,40:0.06970111088219755} with alpha 3.0 and beta 86.0, percentage 2.2988505747126435
The arm 9 has vector {0:0.5679665278199982,1:0.15151260112775178,2:0.7918032931090484,3:0.18337494760598982,4:0.8006774454931197,5:0.5851701443586578,6:0.9776160123833535,7:0.2652592679282616,8:0.4194061640508151,9:0.6315254850551213,10:0.6178785528393468,11:0.6115484575209728,12:0.9744385703106571,13:0.5315849230571126,14:0.9217207706424528,15:0.3531994595097211,16:0.09387356185656748,17:0.26389179256509,18:0.7426400812324124,19:0.4338080518783144,20:0.9040186713200934,21:0.6891202849029024,22:0.7070112811459611,23:0.38255984824076605,24:0.3554560801232439,25:0.5907687379529898,26:0.7797513444081415,27:0.9607769332956144,28:0.06899180678442485,29:0.7831457760948642,30:0.9267699069112753,31:0.005071877474266184,32:0.4452580662377984,33:0.7849376773073771,34:0.23684302741712848,35:0.9509756808625975,36:0.7372443596605186,37:0.7434074673082822,38:0.19267820408639302,39:0.6286559354579841,40:0.38192630344318557} with alpha 2.0 and beta 81.0, percentage 1.2345679012345678
The arm 10 has vector {0:0.7099679647497545,1:0.41840343665787105,2:0.11860079922791789,3:0.5402782576289133,4:0.49755862575661636,5:0.5107199757202824,6:0.379617840154869,7:0.5585746450386664,8:0.5838548283996253,9:0.49614501926452337,10:0.5842244822566723,11:0.6130546669773004,12:0.4365211533323229,13:0.08968313070643819,14:0.8072970033679505,15:0.23818375701348138,16:0.5200428203248187,17:0.45810195280797017,18:0.7530696605735806,19:0.9929110102260822,20:0.6649590395953212,21:0.17379370097155988,22:0.35565524323478204,23:0.1921773696114195,24:0.19362724924568164,25:0.8620545186083378,26:0.14168999026073403,27:0.41936810417834014,28:0.9657332838863213,29:0.4571240432800001,30:0.04782287105220784,31:0.951021556507143,32:0.4054080604131649,33:0.822237072053706,34:0.5446571224057388,35:0.6401492906007157,36:0.3739810966107048,37:0.5162615150819856,38:0.30451690192854985,39:0.41427909801051455,40:0.3308780996452714} with alpha 5.0 and beta 120.0, percentage 3.2520325203252036
The arm 11 has vector {0:0.4773635060685797,1:0.8121983892520336,2:0.6622368657606187,3:0.16515239145721716,4:0.3394856250665875,5:0.04244363804457829,6:0.6326925954388406,7:0.6856541416341613,8:0.6754146369031443,9:0.3451455991669764,10:0.6081641986672566,11:0.09191339527482778,12:0.07620957676910167,13:0.500485817111607,14:0.5313876806058347,15:0.23136491789048674,16:0.44013309987896776,17:0.1944942780441422,18:0.355031790902841,19:0.5493405505132797,20:0.062107916204864666,21:0.36611684476675554,22:0.42628352954420257,23:0.7881396022163977,24:0.9732978899361084,25:0.056199962201128995,26:0.4542521420648652,27:0.5063089073305407,28:0.19638007336359065,29:0.9218929759075397,30:0.5777027912618444,31:0.9129292812820267,32:0.5349363027504157,33:0.19962128847798621,34:0.22499004250296906,35:0.08199126957426639,36:0.9488870871656017,37:0.901831570497298,38:0.07394024266301658,39:0.07235354023829199,40:0.02362186097676988} with alpha 1.0 and beta 55.0, percentage 0.0
The arm 12 has vector {0:0.2578719376955032,1:0.11670737377936435,2:0.07874182052215473,3:0.3075736354629264,4:0.6374296923787603,5:0.24705083096887748,6:0.6420169294594187,7:0.502804068694513,8:0.3824930726916579,9:0.20278401201519736,10:0.6990814789790143,11:0.6586219335413704,12:0.8578033301221248,13:0.8765743322390838,14:0.7182858483259327,15:0.3549246371207925,16:0.1430767619069162,17:0.03393859189854542,18:0.16230142107524237,19:0.49277368123196597,20:0.9075662362999187,21:0.12807775610855254,22:0.4700647080035322,23:0.2930962210085699,24:0.9661876630736019,25:0.2722610038845187,26:0.8273810322676045,27:0.17771789243981762,28:0.7499337395836037,29:0.43268205314602903,30:0.9975772034591821,31:0.023002127673637296,32:0.45772090689122336,33:0.3461152374151675,34:0.8096116211614474,35:0.2510099172844267,36:0.03505416795374616,37:0.7512796122453065,38:0.8511250307378606,39:0.11273646871365706,40:0.20262994599896544} with alpha 2.0 and beta 69.0, percentage 1.4492753623188406
The arm 13 has vector {0:0.36567295092924035,1:0.22015264510187083,2:0.9096680504449088,3:0.7265218528031377,4:0.5783659061220514,5:0.803702255894916,6:0.6655039414385778,7:0.24814882253660975,8:0.042729735739936325,9:0.34956776946770274,10:0.13783080925048752,11:0.07095853005033914,12:0.9577656481082838,13:0.06567654203913953,14:0.5842641861963108,15:0.2699614394753056,16:0.40007868231777655,17:0.08874373033317406,18:0.7391343285689345,19:0.9889319161270178,20:0.055683531569167166,21:0.5297898612350576,22:0.5850899278648088,23:0.6892014039156897,24:0.8842426485471888,25:0.12942663133262733,26:0.5926039367213342,27:0.4070581193755014,28:0.9738182631741549,29:0.7723695632024062,30:0.8151804830961518,31:0.25972324167968575,32:0.8838885971995487,33:0.9617793559135124,34:0.79271444242516,35:0.9494418990878025,36:0.7170879935287251,37:0.7297714716540414,38:0.6716659390710598,39:0.8325844054562076,40:0.30099335826848495} with alpha 14.0 and beta 213.0, percentage 5.777777777777778
The arm 14 has vector {0:0.8856810892175043,1:0.33387898113220515,2:0.004791431033553173,3:0.7927382697597503,4:0.9684069157463921,5:0.5276365478054209,6:0.5020949930379146,7:0.3025077932998791,8:0.8468176222791106,9:0.7783221917889992,10:0.5922709396029878,11:0.6729179410679502,12:0.19537153360942272,13:1.9215300486030706E-4,14:0.4803576040571217,15:0.98964242930311,16:0.06304363762893617,17:0.11656045112272895,18:0.485703199978782,19:0.8625826756507146,20:0.25204724803512935,21:0.7488092214667,22:0.3837317607139674,23:0.6521288761280968,24:0.8691767060125792,25:0.34807612732854654,26:0.7433955989724983,27:0.006296238973344526,28:0.30377350280202464,29:0.37239554668995445,30:0.05806168480173213,31:0.5090795492044166,32:0.6645250653718896,33:0.22707127524519766,34:0.5268062020879407,35:0.5689761032045484,36:0.764732710655834,37:0.3651682210757481,38:0.0918999799555551,39:0.14294133137270792,40:0.12892516247389008} with alpha 2.0 and beta 69.0, percentage 1.4492753623188406
The arm 15 has vector {0:0.5935911326159026,1:0.9146983053100016,2:0.16920180033555843,3:0.5552047215233035,4:0.06955966690784021,5:0.30330618618433225,6:0.03440116237964774,7:0.653981788038393,8:0.9967971383583684,9:0.6458511178515723,10:0.3548455232459635,11:0.9659182359610445,12:0.8016946627413515,13:0.06828490538930643,14:0.6344906063681306,15:0.4408269623548354,16:0.6451847126207283,17:0.026085218102350205,18:0.2833180276187801,19:0.21488782366551373,20:0.04768484596883671,21:0.4540131433965223,22:0.2984161992758293,23:0.13997894818018386,24:0.2614146440885743,25:0.7308582433046691,26:0.737366575963832,27:0.23378265061635017,28:0.22583047096411712,29:0.06897887824046811,30:0.3747561607589356,31:0.8075772882978561,32:0.4235025689996118,33:0.818110342742359,34:0.8446742143265885,35:0.40871031467139973,36:0.7003790137499099,37:0.35705819639863523,38:0.27051365987630194,39:0.3819347917911866,40:0.3179952083870634} with alpha 2.0 and beta 71.0, percentage 1.4084507042253522
The arm 16 has vector {0:0.5520226906266078,1:0.6019244760545263,2:0.715532016045174,3:0.8863227642888799,4:0.5796659285901612,5:0.9715573630794069,6:0.12980858561929387,7:0.7876845011487387,8:0.2134565195727569,9:0.097167211721079,10:0.9166304680081115,11:0.08846644753213428,12:0.26465551217259564,13:0.017184787700404658,14:0.11040324527960343,15:0.6774178552046446,16:0.022709635601987466,17:0.6090185508246987,18:0.01721161596776355,19:0.683411496462375,20:0.05228499486012683,21:0.2269122376742595,22:0.6302819627917494,23:0.3543765718938988,24:0.9900264575608383,25:0.18873652529297713,26:0.21988350040716498,27:0.5023228540222606,28:0.21574711493220344,29:0.12831569612143268,30:0.3745164517660715,31:0.7799254329531534,32:0.4756305678793856,33:0.18948807480539787,34:0.23665480082408863,35:0.4369506932334942,36:0.8330495734716334,37:0.13789124722643198,38:0.8840464827730704,39:0.03269283940470069,40:0.9077313481160668} with alpha 2.0 and beta 75.0, percentage 1.3333333333333335
The arm 17 has vector {0:0.29983959325582377,1:0.2960888200053362,2:0.1454916025182097,3:0.16412876441698976,4:0.6259935206155262,5:0.7044942906896301,6:0.45370284865258725,7:0.7738787149739437,8:0.6729863149217201,9:0.020600698055293742,10:0.7279947685133603,11:0.8028546930403276,12:0.22479086230519352,13:0.2824517475132572,14:0.034658270090682564,15:0.21231818186168028,16:0.37301707132112494,17:0.46426692402836855,18:0.8182552465062772,19:0.6280355839061084,20:0.3909375640225684,21:0.9805793864122285,22:0.6047287272423718,23:0.10273539566817214,24:0.39666071816583126,25:0.6761042887193738,26:0.3429232345757046,27:0.7644010856663855,28:0.4476558877614869,29:0.1178268431148739,30:0.37028947813443813,31:0.07458951091506749,32:0.9542406945722574,33:0.6790338117935052,34:0.7937810922054511,35:0.9225820526629822,36:0.07507228324623216,37:0.6437765460582285,38:0.36733040944516715,39:0.7254714724198228,40:0.1623240325889609} with alpha 1.0 and beta 52.0, percentage 0.0
The arm 18 has vector {0:0.048614420253175195,1:0.11480175774565549,2:8.338561362793984E-4,3:0.7883883067218485,4:0.3897395615161955,5:0.48301540821699174,6:0.14796898022725746,7:0.06790606409786626,8:0.8664588531278545,9:0.6163161070398732,10:0.8816430841877111,11:0.6532941917826344,12:0.3660278285570405,13:0.009734598057998367,14:0.3556398370967715,15:0.19321986145394432,16:0.044562797331486714,17:0.14657475871820358,18:0.6122251765258527,19:0.8870740453794818,20:0.09358086206597904,21:0.878978535868754,22:0.06485948381059858,23:0.13789741191151272,24:0.548818859807989,25:0.6628450586913235,26:0.632276407265866,27:0.1400821808720173,28:0.7832324503279277,29:0.8798737019231733,30:0.8074134689152038,31:0.6837658268930434,32:0.9552184676892325,33:0.5399274803652484,34:0.17245157005966782,35:0.2643954125679795,36:0.6621605139639491,37:0.7466711091633182,38:0.4948274159265915,39:0.7995129323951005,40:0.8334532027938009} with alpha 2.0 and beta 75.0, percentage 1.3333333333333335
The arm 19 has vector {0:0.08933520922307547,1:0.5204726129976278,2:0.43931626586450145,3:0.10679662990405536,4:0.27486791693869717,5:0.4258824817037562,6:0.5955207647819609,7:0.91854370728031,8:0.8845724014572823,9:0.1911700702589152,10:0.8610491594200393,11:0.5072980471309501,12:0.25821334520664707,13:0.4907410940103053,14:0.8463974268629993,15:0.6964237456391587,16:0.7258574894615769,17:0.8301133049439117,18:0.3896204874932344,19:0.19350064828042968,20:0.255566206158067,21:0.40027376772611034,22:0.5547704572645809,23:0.0602124683452262,24:0.5874143810092557,25:0.6118782500941614,26:0.30258421650778056,27:0.40128148614837944,28:0.6870764282350358,29:0.44674086217446085,30:0.8321886232711715,31:0.1448357351260725,32:0.6540301481918508,33:0.4300219694578714,34:0.4728716738307186,35:0.8209650391678864,36:0.3461248141505604,37:0.5211887887497458,38:0.020931759383889026,39:0.9724904709595198,40:0.8284450554125216} with alpha 1.0 and beta 54.0, percentage 0.0
The arm 20 has vector {0:0.28778141463536056,1:0.5073336227708329,2:0.9356464202681729,3:0.502997753406187,4:0.3397109356663567,5:0.6132711103061571,6:0.20988588183263257,7:0.30808798678415417,8:0.2594583659950962,9:0.8729708276667819,10:0.8205636365624226,11:0.16976221242661482,12:0.36048958570494993,13:0.8759856326687349,14:0.054170197915028306,15:0.43841009006407816,16:0.6315207780868823,17:0.9535385804392028,18:0.34045170264201785,19:0.9443920483904061,20:0.702553581479935,21:0.723027772467681,22:0.04117448476506813,23:0.30689897827144863,24:0.922107495514189,25:0.6066731259009647,26:0.9769341024240525,27:0.7158110515403739,28:0.04586681524543457,29:0.44919806831749554,30:0.39744735911502793,31:0.12450948846163468,32:0.044206603879590856,33:0.5047600139611357,34:0.9003822076881829,35:0.432463798340176,36:0.6640882969175448,37:0.6317225878096734,38:0.09783532665167582,39:0.18827162986306023,40:0.6949249950486585} with alpha 1.0 and beta 53.0, percentage 0.0
The arm 21 has vector {0:0.364719732418327,1:0.9055437487742922,2:0.1535962703690521,3:0.18541833956924336,4:0.7602709732081097,5:0.3801298488757813,6:0.3910451991591216,7:0.07912150497229986,8:0.9213617941595382,9:0.47776449511648167,10:0.968195524336993,11:0.6236460295281439,12:0.545839250940615,13:0.2683855360329648,14:0.8611952103119165,15:0.5174140209840277,16:0.7243107919069919,17:0.014069572993403723,18:0.9944567032726158,19:0.7323963836565014,20:0.3264344034469099,21:0.6999668180650045,22:0.1058518312810186,23:0.9830781810119072,24:0.3203873412421827,25:0.7798950623916819,26:0.8845971073586202,27:0.614005011962774,28:0.2732415889249121,29:0.9934893289616865,30:0.6263118353860272,31:0.6870893847151988,32:0.9506775319666854,33:0.7064292202749043,34:0.9994556612922636,35:0.7940268064031586,36:0.8875587357805121,37:0.9363817475361556,38:0.13979202209709995,39:0.5694064722919125,40:0.8202792163755752} with alpha 18.0 and beta 230.0, percentage 6.910569105691057
The arm 22 has vector {0:0.9449283586457184,1:0.17960734104667742,2:0.25021958210148654,3:0.4847048664506508,4:0.514793416017205,5:0.15011434547184643,6:0.05273953060715786,7:0.8414393257650364,8:0.9398537285076088,9:0.5010887179954495,10:0.18011484194785732,11:0.7454060621058303,12:0.24692791259014035,13:0.4370654118951445,14:0.44180950994015067,15:0.3540307143921829,16:0.48957890511562907,17:0.7285629019945906,18:0.8977511021407306,19:0.8040551457968758,20:0.12952540875196716,21:0.5167397262374346,22:0.6125386909537693,23:0.8196306946677208,24:0.16995095477808508,25:0.12685648594689924,26:0.1499874137922692,27:0.7275698658067006,28:0.10174363244666618,29:0.9680947403768565,30:0.11596629484415921,31:0.9203581534137383,32:0.9544719768455069,33:0.22005126460970792,34:0.40512864060099485,35:0.14132619568316762,36:0.18263171435006353,37:0.32919961869938563,38:0.11757444513506266,39:0.747763159994149,40:0.4310751048618173} with alpha 1.0 and beta 54.0, percentage 0.0
The arm 23 has vector {0:0.3030284674908754,1:0.6711467313987588,2:0.8944431251318934,3:0.3886028400587628,4:0.8141871548415102,5:0.08710663006759833,6:0.19203439604261396,7:0.8267650320175642,8:0.8670668722372998,9:0.033287069074974474,10:0.7078779216540223,11:0.4921926977296275,12:0.8053516856754133,13:0.6418697324593495,14:0.7579937019934412,15:0.5418219505679226,16:0.8182540492345539,17:0.6252568121353103,18:0.9322454878820129,19:0.4897368787355628,20:0.2983740568963884,21:0.3609560266887265,22:0.25552393066439694,23:0.8061811282438578,24:0.2514915167079722,25:0.332617481692969,26:0.41152104889554975,27:0.885904605324017,28:0.5372554329079111,29:0.4583452618232854,30:0.8906287840527852,31:0.6631714189938787,32:0.4241763769506086,33:0.5234654181305665,34:0.8219307734013714,35:0.18558018825166323,36:0.6112195328444248,37:0.2684089842113766,38:0.14087941625120015,39:0.9573405076873662,40:0.20883374102271224} with alpha 1.0 and beta 51.0, percentage 0.0
The arm 24 has vector {0:0.15902974407534265,1:0.3449397001110962,2:0.40194870928593174,3:0.47884826852828244,4:0.09372066320800054,5:0.5735063348947612,6:0.7275177153998442,7:0.8467816870572458,8:0.7458468095220475,9:0.8229561113088603,10:0.0391230872352184,11:0.34578166740531724,12:0.08820248095082805,13:0.9172443936770466,14:0.2472916527731872,15:0.7016448140353252,16:0.11523642995639194,17:0.2075784344380095,18:0.3457634580549086,19:0.46027450237109047,20:0.20223124629003997,21:0.8057644791936814,22:0.20915628604330672,23:0.9303091060606229,24:0.030147976638016383,25:0.44390578604991826,26:0.037395581576218584,27:0.9813895928227989,28:0.4661715440374664,29:0.42801440361315757,30:0.11613176310347151,31:0.27258686380110464,32:0.19702242767505274,33:0.3453676807221634,34:0.7669868497152864,35:0.5603524902740199,36:0.7185259093914543,37:0.0496470136353252,38:0.7587418741641954,39:0.10444933417408164,40:0.16044068369786968} with alpha 2.0 and beta 74.0, percentage 1.3513513513513513
The arm 25 has vector {0:0.0192100471964175,1:0.6607790301586365,2:0.10137685407269525,3:0.01815146417886704,4:0.02754544775169787,5:0.32615251343507146,6:0.3660137632562328,7:0.10960544951460038,8:0.6083347040970735,9:0.7990867162572283,10:0.15329268228024773,11:0.8361387420846905,12:0.22441695694605113,13:0.013356430900628102,14:0.8161682428110981,15:0.4041353407552729,16:0.30698797233151087,17:0.6322341614731168,18:0.2947842240165448,19:0.879229191365842,20:0.02036173958681209,21:0.3846293639703535,22:0.8276006355008337,23:0.16869908997823968,24:0.6129492837247168,25:0.3091854548565902,26:0.1415255949741996,27:0.4824811008823965,28:0.6914071496049509,29:0.05831886444330925,30:0.7898312784968103,31:0.059140970674989024,32:0.7637829063436543,33:0.35776766453457953,34:0.6428165389636523,35:0.5267943278821187,36:0.7833233243651017,37:0.7914866989343335,38:0.008009104498177155,39:0.31094269669350594,40:0.9235743644662426} with alpha 11.0 and beta 173.0, percentage 5.4945054945054945
The arm 26 has vector {0:0.19305931582083602,1:0.35904852965826994,2:0.5100921897813079,3:0.8097584222545465,4:0.026981489384386603,5:0.34979209648484455,6:0.545389970054794,7:0.8445176472337123,8:0.7938748914752148,9:0.5073637466093026,10:0.3588660480535697,11:0.6427304234476305,12:0.9020462788320814,13:0.05953808358530799,14:0.9663498821102374,15:0.4731144218738892,16:0.2822430953516394,17:0.30328788833419684,18:0.5334088287843198,19:0.573524162824237,20:0.26904034344389405,21:0.44241347655396535,22:0.008434312722401471,23:0.15152650121104483,24:0.23230278029473617,25:0.40821921922863513,26:0.6895647727451879,27:0.8663314243563146,28:0.6196808084484576,29:0.7530598739059383,30:0.5139305600243481,31:0.48209978642374973,32:0.6077486619064317,33:0.6091206758640467,34:0.3923493274616884,35:0.33150381645168636,36:0.07544804871695543,37:0.17324490192917164,38:0.5190086244075175,39:0.4856396549552944,40:0.9601568236996129} with alpha 3.0 and beta 88.0, percentage 2.247191011235955
The arm 27 has vector {0:0.9113289512621231,1:0.5762120877765603,2:0.1788312245234912,3:0.07939245648374338,4:0.9315852958569543,5:0.9896800605967168,6:0.5260782953485296,7:0.43890926276236775,8:0.8783850265708232,9:0.33776182301716673,10:0.8480844039857041,11:0.07322063307963644,12:0.9886775157557992,13:0.6377468559644521,14:0.9594851793718305,15:0.02888251242082096,16:0.38548502684288055,17:0.7493010343572544,18:0.14976120865161102,19:0.25035771596965306,20:0.5805811027871722,21:0.21393175386489072,22:0.8727718286496091,23:0.02949389742170594,24:0.7310276323672444,25:0.6486425712381648,26:0.9362402702466706,27:0.353075508681311,28:0.3198627656299202,29:0.7823098969896249,30:0.7913179397554597,31:0.4101293160895785,32:0.8085999005271788,33:0.8700617487181963,34:0.8815428951386286,35:0.1412846660611098,36:0.90867160979297,37:0.7285114184865805,38:0.6991825626715069,39:0.8106933728402049,40:0.23142569690850867} with alpha 6.0 and beta 134.0, percentage 3.6231884057971016
The arm 28 has vector {0:0.4247775242013323,1:0.597446935726097,2:0.01954236321854419,3:0.3178319481137958,4:0.5052482223482483,5:0.503320197639813,6:0.9486123590381526,7:0.08918298563985227,8:0.3693402129009933,9:0.18680107073484975,10:0.7287638949131432,11:0.7120979903369135,12:0.08644979117834461,13:0.006304998459856992,14:0.4831403644896811,15:0.0782384865909147,16:0.04084242148122408,17:0.6902359328598572,18:0.5257557886792732,19:0.6244152288486131,20:0.6242853155456967,21:0.5778548522400752,22:0.41640586628919063,23:0.9915100443308866,24:0.09903305133083029,25:0.5859244351413648,26:0.9888293416520164,27:0.9279002208090565,28:0.3307146309167145,29:0.4621575473781485,30:0.29566954030575776,31:0.07965740508768404,32:0.10089839260172029,33:0.9768478026343909,34:0.43613500956950835,35:0.8065360870124212,36:0.12633557513770466,37:0.3198383961219947,38:0.416050350473689,39:0.25093769131663135,40:0.26866075383314303} with alpha 3.0 and beta 89.0, percentage 2.2222222222222223
The arm 29 has vector {0:0.5959217652681251,1:0.11868546476507091,2:0.5229506730773528,3:0.845733183995541,4:0.4189157704704891,5:0.45746854991994024,6:0.9562129674601557,7:0.5485911386548163,8:0.39878655857021483,9:0.76657992436094,10:0.607470000493368,11:0.3679795679312676,12:0.49307380773791987,13:0.839410939683942,14:0.05016664918536495,15:0.7869616726363449,16:0.623223883765776,17:0.8906696682815508,18:0.7675405077992895,19:0.18163165871142795,20:0.5015553656678008,21:0.470383507841838,22:0.7513679166919985,23:0.06693641833367847,24:0.1239119094807758,25:0.2530549628900379,26:0.23914067549934315,27:0.15870996480119792,28:0.6891862011046618,29:0.966802507104504,30:0.14465555585696466,31:0.9899861262923693,32:0.004268226521597418,33:0.4878735604356724,34:0.77025400438487,35:0.2735644182958944,36:0.5242038881793623,37:0.3550194463008205,38:0.17300263298514584,39:0.8282375699919285,40:0.06462059488899408} with alpha 2.0 and beta 73.0, percentage 1.36986301369863
The arm 30 has vector {0:0.06449633423307843,1:0.5418004680156214,2:0.6573116264175981,3:0.22255189376512874,4:0.5386714456560743,5:0.3667172215302019,6:0.7029731821830453,7:0.08327548448766742,8:0.12432257505087929,9:0.14521674326657963,10:0.24671051082506124,11:0.8083697615738814,12:0.3113501605453267,13:0.5445584884453526,14:0.6917582552888492,15:0.6299570629966837,16:0.60271234392609,17:0.9696554576250818,18:0.9541068668973391,19:0.9880598584343011,20:0.5119011598081056,21:0.7105112558330683,22:0.8736671706477384,23:0.39358378840860564,24:0.6474117601437235,25:0.9658281478660705,26:0.6727634872121856,27:0.6509970370563181,28:0.7474232692521765,29:0.48332649008183104,30:0.9842911669424569,31:0.9132097954748296,32:0.6449983190702323,33:0.3062971449627503,34:0.35354492539442617,35:0.6258375681477106,36:0.15716566111981756,37:0.4810834934957108,38:0.5598592004981656,39:0.5402494756356099,40:0.9893909251572195} with alpha 2.0 and beta 69.0, percentage 1.4492753623188406
The arm 31 has vector {0:0.9564520173191472,1:0.11594166160787844,2:0.6345160921521605,3:0.780844682429075,4:0.36686418180515046,5:0.29257348070027933,6:0.3339965563891093,7:0.28015561593335503,8:0.9957064845532799,9:0.85380542100885,10:0.312369883631766,11:0.13560956881240727,12:0.23604844848918405,13:0.9902795296847337,14:0.9899718441752012,15:0.7798827738865927,16:0.23710257357615994,17:0.7917180665601672,18:0.3507864983934913,19:0.32130449038754016,20:0.13741220717660774,21:0.026717970336973096,22:0.12598591861476438,23:0.5685720844505854,24:0.9457015361254791,25:0.9608901602520321,26:0.7622955438320703,27:0.31418486980649674,28:0.9085244902326861,29:0.19273083489827736,30:0.14195649321432546,31:0.6968886112625555,32:0.6157571690589178,33:0.8381599648304101,34:0.6623244747786505,35:0.5368998129185979,36:0.40065069235515516,37:0.6672000974310084,38:0.5454132398515118,39:0.2694247497349179,40:0.7154013718373131} with alpha 9.0 and beta 161.0, percentage 4.761904761904762
The arm 32 has vector {0:0.33459930531815374,1:0.3544747705334479,2:0.5494405170759439,3:0.21605965186120524,4:0.5697844279062274,5:0.027108267981762246,6:0.5155196418044176,7:0.18428792327385357,8:0.4767648473107433,9:0.9879491630361729,10:0.9336493818582894,11:0.22290921220161386,12:0.03462809270676226,13:0.8294198634225385,14:0.7943598774125251,15:0.9831510535531717,16:0.2720947789988143,17:0.6685444095815383,18:0.7723747736203366,19:0.6912928122936892,20:0.6186710947669202,21:0.9691266691204207,22:0.2538702531400122,23:0.18273193271991994,24:0.44134775238994073,25:0.5850972845114527,26:0.22798737769395994,27:0.7892699524571992,28:0.43186927812583253,29:0.10086547785557054,30:0.1395428766095972,31:0.9717380041149543,32:0.1562424983611791,33:0.42715626650881267,34:0.41006407410137136,35:0.37519800123446867,36:0.26738846321955645,37:0.048308996847751695,38:0.3989980464831997,39:0.04000101034373582,40:0.8642079634046982} with alpha 5.0 and beta 118.0, percentage 3.3057851239669422
The arm 33 has vector {0:0.4119641653739986,1:0.12500143152737386,2:0.34789867755827364,3:0.7758032245592645,4:0.5765670872460615,5:0.03674344620157066,6:0.5262901839480125,7:0.5053776082583835,8:0.852122629455326,9:0.9052735402044065,10:0.7767527244103812,11:0.856356252589062,12:0.26110852296000187,13:0.3520419526920091,14:0.9746099238705774,15:0.2506439382315878,16:0.21361466520032768,17:0.928975475976681,18:0.7073054531597947,19:0.9895698339049371,20:0.07361725684306386,21:0.11169202501139142,22:0.21697840449224493,23:0.5158796235019342,24:0.005454267668193569,25:0.5729973251101756,26:0.9548462226467487,27:0.25264638415011675,28:0.8811528897509866,29:0.047822535227942,30:0.8731009955432413,31:0.18527199842655173,32:0.5856830423524073,33:0.26456001660911077,34:0.42301802646250364,35:0.32865094181628773,36:0.540089312741494,37:0.8908853775803753,38:0.38298437010582975,39:0.9319741339626112,40:0.6790568231604035} with alpha 2.0 and beta 75.0, percentage 1.3333333333333335
The arm 34 has vector {0:0.6043899185308977,1:0.9840826081627483,2:0.7982834207560486,3:0.19714431451003134,4:0.14774734029243686,5:0.08537204494721351,6:0.47221222607224245,7:0.32408909746240777,8:0.6241976964671082,9:0.5133933904446069,10:0.23746690466243614,11:0.04682489789368616,12:0.13583474080956837,13:0.4693275261153437,14:0.8814611685777226,15:0.3428376336353902,16:0.683210857616562,17:0.7656636386004377,18:0.08851658111472827,19:0.2605287388977586,20:0.9377880014973786,21:0.06296132154430722,22:0.8049076218440082,23:0.7509874482087819,24:0.40176865529280614,25:0.5721699328027586,26:0.6361027560064147,27:0.03554369327109508,28:0.963056817043759,29:0.6975364612100082,30:0.8674175455136742,31:0.5571633484012294,32:0.7800494240584038,33:0.6059460177843882,34:0.12059022076275872,35:0.3550000338320508,36:0.8758554719552402,37:0.9792441624757706,38:0.14581876852464815,39:0.3068578058667668,40:0.7220367806660365} with alpha 3.0 and beta 88.0, percentage 2.247191011235955
The arm 35 has vector {0:0.05671499601286589,1:0.26900977081862143,2:0.6587160587526746,3:0.26347587645114245,4:0.19111338105264808,5:0.6393697150074414,6:0.5759854733715838,7:0.5359284002708952,8:0.5967374463795415,9:0.1406527952222505,10:0.2902342083526608,11:0.39420666766505297,12:0.7181647883891747,13:0.5395857695657406,14:0.6265749834335805,15:0.17913140402811945,16:0.928646527596651,17:0.027287913735849267,18:0.4180683829391709,19:0.73365722730578,20:0.0956727800863878,21:0.6710343996730603,22:0.08645275660282958,23:0.9137078820036254,24:0.4690510635221784,25:0.3753085350562815,26:0.9062991016839315,27:0.011372692919441874,28:0.5748401205215456,29:0.5534811147817873,30:0.9566936672298845,31:0.2164421161308967,32:0.778432606676445,33:0.28085453570607677,34:0.7286964879155348,35:0.8291579575540646,36:0.4092602645452087,37:0.690771215317313,38:0.6437348772174225,39:0.8755338550717796,40:0.052046000005814164} with alpha 10.0 and beta 179.0, percentage 4.81283422459893
The arm 36 has vector {0:0.17950698458738445,1:0.880647943323651,2:0.15474469990290618,3:0.37190520459007903,4:0.4351391358589657,5:0.6588423695034868,6:0.5672796701380441,7:0.24779871224507777,8:0.20073777967585793,9:0.8702706145387986,10:0.11477782727992059,11:0.042587459234563974,12:0.22950684898375306,13:0.14661617816580008,14:0.8374319552421275,15:0.31626441520987236,16:0.3056461354718426,17:0.6153082197850136,18:0.2540278897686412,19:0.24643069375876325,20:0.36048731898572284,21:0.8914573371541904,22:0.60123205080511,23:0.31913142867990696,24:0.7853234147689289,25:0.3601888902840943,26:0.459520630013718,27:0.9897215785601429,28:0.519663102935595,29:0.37058430357746197,30:0.09496579928697446,31:0.1679969395258376,32:0.021682860642833757,33:0.1491821206886088,34:0.37656179509164533,35:0.9904013617139612,36:0.9647525861408283,37:0.9966456682090106,38:0.9880032870621692,39:0.6800852190979075,40:0.03892970919590699} with alpha 3.0 and beta 80.0, percentage 2.4691358024691357
The arm 37 has vector {0:0.27957359079933164,1:0.5092201301774401,2:0.4922398330353355,3:0.7315090834053963,4:0.4055247979061861,5:0.14015634558550927,6:0.44868309860779165,7:0.7273390570881885,8:0.3061868834919689,9:0.9501715306259158,10:0.9762097001703383,11:0.8646257248854555,12:0.5536496322724589,13:0.23954079662268313,14:0.04594901604689139,15:0.7150898061448177,16:0.7819078748392031,17:0.2138572090566686,18:0.38547196797749794,19:0.24686318591252532,20:0.5525937038089348,21:0.060093643048762746,22:0.15937576364681694,23:0.11063001689551566,24:0.2201276444569794,25:0.1811554142544678,26:0.7346790426523716,27:0.8488086109283893,28:0.9865831773197715,29:0.04846818485880644,30:0.17627444499219314,31:0.1370402000701132,32:0.5664268403244448,33:0.2218619823931275,34:0.8334833974642684,35:0.33898867171688407,36:0.5278794417026045,37:0.2991815515802865,38:0.9418949316463038,39:0.8903732712892928,40:0.8056391787011208} with alpha 1.0 and beta 53.0, percentage 0.0
The arm 38 has vector {0:0.054118524498755094,1:0.6674403497387997,2:0.1899395642837831,3:0.027985700315793616,4:0.19626276321543656,5:0.3334267713292569,6:0.2905779115666788,7:0.7189210499728838,8:0.10363983951789468,9:0.805012698912453,10:0.17256223404779192,11:0.3925862040999557,12:0.9278281667437931,13:0.7055180946018013,14:0.6788290456170623,15:0.8228791083506303,16:0.02882614567520625,17:0.7256013961762581,18:0.9948659214191818,19:0.29361631150503853,20:0.515694394033197,21:0.9417615214169361,22:0.6204321665992147,23:0.4547219697834949,24:0.3308980652194424,25:0.7056646471946915,26:0.9247822506208082,27:0.09805847221109809,28:0.16016516560296756,29:0.7927745549795687,30:0.735996098707091,31:0.5298635631982597,32:0.25724174562283975,33:0.06191024472315221,34:0.453622457626656,35:0.8096572995133589,36:0.621211871010491,37:0.8412026969859492,38:0.20777746951970222,39:0.43278269499606703,40:0.04424594604336496} with alpha 4.0 and beta 98.0, percentage 3.0
The arm 39 has vector {0:0.32830648501464876,1:0.40183293947376797,2:0.5383053020742308,3:0.8572719582998214,4:0.33050619499969414,5:0.5615307530979681,6:0.8463347485885824,7:0.062456142164483475,8:0.3619113926942138,9:0.46424316954768796,10:0.19530625378881128,11:0.7597920385814407,12:0.9594238674353627,13:0.3945675052047112,14:0.8291498930329194,15:0.13524414246724525,16:0.12594235972290946,17:0.38369303260392384,18:0.6236945391548365,19:0.6010119471607024,20:0.25110146722740245,21:0.7714199053338315,22:0.14782860935846165,23:0.9591808520736897,24:0.6882145766640103,25:0.3937590073608046,26:0.676899605876843,27:0.016765848999985344,28:0.3317592768004144,29:0.17436482926076846,30:0.04826459686701301,31:0.015093352425061601,32:0.2006695253114178,33:0.5986930407845733,34:0.22688526116441587,35:0.139264692140603,36:0.5257105314758728,37:0.43025517006797687,38:0.5305986559685374,39:0.18652212643359023,40:0.7556445135128819} with alpha 3.0 and beta 78.0, percentage 2.5316455696202533
The arm 40 has vector {0:0.5310078518135827,1:0.7557183762275252,2:0.19800406460232522,3:0.8814998640379247,4:0.7749030124328868,5:0.7853479580432825,6:0.8963186761402793,7:0.891777887677478,8:0.6324568735341886,9:0.6221365767217533,10:0.7048969120753493,11:0.8826210712574238,12:0.2891807122235991,13:0.8081812068183603,14:0.5927776206541383,15:0.3375947374938074,16:0.7546924142235389,17:0.748225883663743,18:0.9111240853238273,19:0.42737444701995275,20:0.45180823336634934,21:0.8532928733200249,22:0.4470444553144606,23:0.5712910564069927,24:0.596279112725716,25:0.13104507654704778,26:0.736630411255991,27:0.7262401633435632,28:0.4441628508698561,29:0.6705408269416477,30:0.47318049041479104,31:0.6331676891994098,32:0.9107855182090808,33:0.1664203541584286,34:0.014169545387360594,35:0.3961843136485602,36:0.8881145558005882,37:0.25218047305942304,38:0.19779079241726927,39:0.1453118451966824,40:0.8299634095114627} with alpha 4.0 and beta 94.0, percentage 3.125
The arm 41 has vector {0:0.03211172277654728,1:0.8991893872855975,2:0.7344209494535027,3:0.2836608450903392,4:0.8580875852871117,5:0.12052621475842762,6:0.22811516540138388,7:0.15399959949355058,8:0.372170455144191,9:0.17513978543793862,10:0.11748686601341285,11:0.18049317573973833,12:0.7849499752981889,13:0.5361053781147131,14:0.1270695631259996,15:0.11628317054292292,16:0.8971810629665198,17:0.3111255339592133,18:0.9302343802359293,19:0.21215869772493623,20:0.23942785843658843,21:0.9551084825306638,22:0.8899906805187873,23:0.7942832630750276,24:0.42347435217248397,25:0.9644131426852943,26:0.32109558182004827,27:0.5779022666075062,28:0.9865395288028197,29:0.8069742634546515,30:0.9434165967102695,31:0.6250206060973952,32:0.9252876025641628,33:0.6213711461802861,34:0.8247234715136876,35:0.7343394532340934,36:0.2961895281408693,37:0.7029598489189384,38:0.8539251956495689,39:0.838567755372679,40:0.9202511954580676} with alpha 11.0 and beta 178.0, percentage 5.347593582887701
The arm 42 has vector {0:0.7249746587800548,1:0.9168747105179729,2:0.44267237755730826,3:0.6694754588146498,4:0.2706326117457545,5:0.5662771318019104,6:0.13552294633868833,7:0.8082831264690179,8:0.92889868085317,9:0.14454969613834479,10:0.9069447528949202,11:0.5982936150823599,12:0.623427319295717,13:0.08425336094008384,14:0.002273960250915752,15:0.07859814663351561,16:0.7463914234664631,17:0.45946513589724636,18:0.6212004399383948,19:0.2019236778957868,20:0.2999543319976574,21:0.2990615640743678,22:0.04425485636167492,23:0.008656827353198837,24:0.5128596337884782,25:0.15289391940470753,26:0.6745906297763975,27:0.6225272828337537,28:0.8062422524840217,29:0.9907411128090846,30:0.9662063115360849,31:0.9991499308803937,32:0.08559685396389394,33:0.8920787368736324,34:0.7965542923253641,35:0.9590413385822479,36:0.24821667705159534,37:0.928787197409431,38:0.5731921843606563,39:0.4076740627348949,40:0.40443531144234546} with alpha 1.0 and beta 52.0, percentage 0.0
The arm 43 has vector {0:0.3518246433484836,1:0.34225470180046125,2:0.5153728379431473,3:0.20027794002885124,4:0.9418736809556587,5:0.895406005251722,6:0.851164154413896,7:0.5170677814401405,8:0.8690186606382592,9:0.019215745623183844,10:0.19955232209690688,11:0.10014849804200832,12:0.6951789887014725,13:0.5274224873604574,14:0.4070538093391264,15:0.6547332733287929,16:0.2535391027381956,17:0.4268489015053244,18:0.08983095608186986,19:0.06628364135293441,20:0.9018958340134355,21:0.7235686928818886,22:0.9598240048290552,23:0.47100063688260674,24:0.3793162286038636,25:0.5907995691342237,26:0.8221323299023324,27:0.45446199768124973,28:0.4136704965164323,29:0.7054737391547218,30:0.6289654355974849,31:0.29563181275287476,32:0.6750067594887168,33:0.5123366754886698,34:0.7382021328799785,35:0.8724017140558048,36:0.4820627928597716,37:0.028110245393377475,38:0.34502054973293517,39:0.3083139196118784,40:0.7368742518495609} with alpha 2.0 and beta 71.0, percentage 1.4084507042253522
The arm 44 has vector {0:0.6367560402728577,1:0.09168708322792152,2:0.31024814325296457,3:0.4738462864375985,4:0.8155540870353172,5:5.867469366999112E-4,6:0.7308379282551506,7:0.4581046311624426,8:0.5669817278979383,9:0.7796616026459743,10:0.47263248598740515,11:0.3172170651328293,12:0.21872025653270577,13:0.339469007143547,14:0.31776190453484143,15:0.4227535071070221,16:0.6151253288593544,17:0.8584830358105652,18:0.22238105454208912,19:0.020001318795608736,20:0.8365697598687986,21:0.4846272111572473,22:0.6470751327010222,23:0.5968921641612582,24:0.5392007357096091,25:0.33883259609689587,26:0.8443879022764174,27:0.6819259358182181,28:0.44624241101429285,29:0.3940299705840731,30:0.796064545932365,31:0.7907139483600745,32:0.9961437532873996,33:0.6959680631917456,34:0.8713473084595462,35:0.7897190408115561,36:0.11391745547107901,37:0.9498849727544353,38:0.10790320496248151,39:0.3771566343773637,40:0.10650113009731044} with alpha 9.0 and beta 159.0, percentage 4.819277108433735
The arm 45 has vector {0:0.8142581920652223,1:0.741479107821764,2:0.47511645821930226,3:0.22073821271741312,4:0.2729896416200004,5:0.2563189966731757,6:0.5486921221668745,7:0.5652103492730506,8:0.1576978327762294,9:0.9039552956187998,10:0.6682468148420103,11:0.3363840214148943,12:0.3412241524030195,13:0.9492106758209756,14:0.9174536084142446,15:0.725035016478558,16:0.0024525382709260635,17:0.6489261003935003,18:0.7520691587288898,19:0.1578364126047206,20:0.04081050250764506,21:0.19916243975951953,22:0.694499638528141,23:0.050572786291501415,24:0.9927003833272748,25:0.9681193812241953,26:0.0696708544650031,27:0.37864985433173126,28:0.40087745822750165,29:0.15833576802612392,30:0.9748695730444807,31:0.9936281660865884,32:0.10045779493936025,33:0.42919362638530867,34:0.2148703111142649,35:0.9875842098122316,36:0.4490660284667086,37:0.2562296478294498,38:0.5225660000386401,39:0.7450521819355104,40:0.5302048684788461} with alpha 2.0 and beta 74.0, percentage 1.3513513513513513
The arm 46 has vector {0:0.3768766646224395,1:0.41873554784845457,2:0.3697529752456892,3:0.6314487954950491,4:0.03006789784783981,5:0.20552277915078143,6:0.4290017025362197,7:0.8982423523508533,8:0.6884977294481497,9:0.9456371817915264,10:0.0437104212989371,11:0.684813962532151,12:0.33492742794691,13:0.3097967669950098,14:0.18497753225704472,15:0.17808536236296835,16:0.2237341535515146,17:0.7383314137433051,18:0.994081315545492,19:0.9427763215289933,20:0.9975389054167321,21:0.22392886202440765,22:0.6948036360136328,23:0.48931695145388354,24:0.6701922444725309,25:0.5869296906716353,26:0.5307344683980104,27:0.2204602990712463,28:0.37296082183493595,29:0.37517043017370266,30:0.013351199846371453,31:0.7289802354231032,32:0.8585501181858145,33:0.19088735269318657,34:0.9100277773289714,35:6.175423064869179E-5,36:0.807748483701292,37:0.09412177588805071,38:0.13127541613434845,39:0.08550928571417915,40:0.13808304472559296} with alpha 3.0 and beta 83.0, percentage 2.380952380952381
The arm 47 has vector {0:0.5446447515054508,1:0.457255839623138,2:0.47597918865414246,3:0.4949189813735527,4:0.49669497634942905,5:0.33096400372821355,6:0.8460552085523875,7:0.7589916333874905,8:0.9422873574070163,9:0.7384908098822502,10:0.07246760687270049,11:0.718097188491277,12:0.7289093796118093,13:0.43946696981319644,14:0.7817185596678876,15:0.2507578954152243,16:0.5228415849496764,17:0.7040512851312215,18:0.4178648266440569,19:0.6013058818363103,20:0.09897262259723894,21:0.046806401626504957,22:0.6383741543572327,23:0.7512699586753663,24:0.17188889717310096,25:0.7455110792346359,26:0.7880646351105419,27:0.37699213873797044,28:0.1526552446481254,29:0.926156956158123,30:0.32159496722709446,31:0.835924463717961,32:0.3446409737763062,33:0.029115653714644862,34:0.13655475707758047,35:0.006317374125244801,36:0.8484576183721905,37:0.20730385988488198,38:0.7291648378270557,39:0.489123606723208,40:0.7721602699455093} with alpha 5.0 and beta 116.0, percentage 3.361344537815126
The arm 48 has vector {0:0.6431148440933702,1:0.7515539719722137,2:0.5127111361897051,3:0.05554803728555291,4:0.6841583446763521,5:0.7827478784559819,6:0.8665064332273723,7:0.27107053580637164,8:0.19947577418661788,9:0.8646456714179255,10:0.6932343640351413,11:0.9618387229445553,12:0.6157719346115469,13:0.8269022035515468,14:0.37530556324065556,15:0.9272869321024608,16:0.682461655684501,17:0.8937924347435073,18:0.4780354429449234,19:0.09311846589150197,20:0.5564603686174627,21:0.8986692136444463,22:0.24715691557061448,23:0.4292613910494266,24:0.29839714616965596,25:0.7241824822150562,26:0.37913352390887767,27:0.16306932375252337,28:0.9235421428579549,29:0.0077440692572267045,30:0.4638531153666918,31:0.7499713754475453,32:0.3348325280111768,33:0.33965279682693583,34:0.9272292584998535,35:0.3326958580333398,36:0.6390231062219903,37:0.011691073737572055,38:0.8429776584486516,39:0.11424776623035549,40:0.7857332138180223} with alpha 3.0 and beta 79.0, percentage 2.5
The arm 49 has vector {0:0.4461669060653969,1:0.26169201090513916,2:0.24392517057625085,3:0.3483106830105889,4:0.9676255702741987,5:0.2817155084313525,6:0.09400108926504913,7:0.7095937430361698,8:0.42693333414963797,9:0.9494373781247366,10:0.17876176111474906,11:0.9037504478069313,12:0.19980843669001092,13:0.5110752184628322,14:0.010691632786004712,15:0.11357989427889215,16:0.5010596556540193,17:0.17238729429228572,18:0.4493081159291583,19:0.03548421666865098,20:0.5157438487028122,21:0.11077303122343007,22:0.05912502295603772,23:0.8038314030154033,24:0.9401809665188722,25:0.213253760385971,26:0.7278850046139098,27:0.010409239140871218,28:0.4074195726779042,29:0.04480410760644726,30:0.9594944770939974,31:0.4889548250879272,32:0.25759734040422566,33:0.062203099689336905,34:0.7973147850887355,35:0.03856521450598838,36:0.5783442268484353,37:0.6991439063488821,38:0.541276351556907,39:0.4520672989575599,40:0.8983238312264485} with alpha 5.0 and beta 111.0, percentage 3.508771929824561
The best arm is 21 with vector {0:0.364719732418327,1:0.9055437487742922,2:0.1535962703690521,3:0.18541833956924336,4:0.7602709732081097,5:0.3801298488757813,6:0.3910451991591216,7:0.07912150497229986,8:0.9213617941595382,9:0.47776449511648167,10:0.968195524336993,11:0.6236460295281439,12:0.545839250940615,13:0.2683855360329648,14:0.8611952103119165,15:0.5174140209840277,16:0.7243107919069919,17:0.014069572993403723,18:0.9944567032726158,19:0.7323963836565014,20:0.3264344034469099,21:0.6999668180650045,22:0.1058518312810186,23:0.9830781810119072,24:0.3203873412421827,25:0.7798950623916819,26:0.8845971073586202,27:0.614005011962774,28:0.2732415889249121,29:0.9934893289616865,30:0.6263118353860272,31:0.6870893847151988,32:0.9506775319666854,33:0.7064292202749043,34:0.9994556612922636,35:0.7940268064031586,36:0.8875587357805121,37:0.9363817475361556,38:0.13979202209709995,39:0.5694064722919125,40:0.8202792163755752} with alpha 18.0 and beta 230.0, percentage 6.910569105691057
The right guesses are: 159 which means 3.18% correct
Done
The current arm is 21 with vector {0:0.364719732418327,1:0.9055437487742922,2:0.1535962703690521,3:0.18541833956924336,4:0.7602709732081097,5:0.3801298488757813,6:0.3910451991591216,7:0.07912150497229986,8:0.9213617941595382,9:0.47776449511648167,10:0.968195524336993,11:0.6236460295281439,12:0.545839250940615,13:0.2683855360329648,14:0.8611952103119165,15:0.5174140209840277,16:0.7243107919069919,17:0.014069572993403723,18:0.9944567032726158,19:0.7323963836565014,20:0.3264344034469099,21:0.6999668180650045,22:0.1058518312810186,23:0.9830781810119072,24:0.3203873412421827,25:0.7798950623916819,26:0.8845971073586202,27:0.614005011962774,28:0.2732415889249121,29:0.9934893289616865,30:0.6263118353860272,31:0.6870893847151988,32:0.9506775319666854,33:0.7064292202749043,34:0.9994556612922636,35:0.7940268064031586,36:0.8875587357805121,37:0.9363817475361556,38:0.13979202209709995,39:0.5694064722919125,40:0.8202792163755752} with alpha 32.0 and beta 632.0
The order information:
Date: 2012-05-09T17:07:05.000+02:00
It predicted these items for order 1778911 :
   31560 with score of 1.5983667612024002
These are the actual items bought: 
   11832
   30233
The current arm is 21 with vector {0:0.364719732418327,1:0.9055437487742922,2:0.1535962703690521,3:0.18541833956924336,4:0.7602709732081097,5:0.3801298488757813,6:0.3910451991591216,7:0.07912150497229986,8:0.9213617941595382,9:0.47776449511648167,10:0.968195524336993,11:0.6236460295281439,12:0.545839250940615,13:0.2683855360329648,14:0.8611952103119165,15:0.5174140209840277,16:0.7243107919069919,17:0.014069572993403723,18:0.9944567032726158,19:0.7323963836565014,20:0.3264344034469099,21:0.6999668180650045,22:0.1058518312810186,23:0.9830781810119072,24:0.3203873412421827,25:0.7798950623916819,26:0.8845971073586202,27:0.614005011962774,28:0.2732415889249121,29:0.9934893289616865,30:0.6263118353860272,31:0.6870893847151988,32:0.9506775319666854,33:0.7064292202749043,34:0.9994556612922636,35:0.7940268064031586,36:0.8875587357805121,37:0.9363817475361556,38:0.13979202209709995,39:0.5694064722919125,40:0.8202792163755752} with alpha 80.0 and beta 1584.0
The order information:
Date: 2012-05-10T17:54:43.000+02:00
It predicted these items for order 1779917 :
   5003 with score of 1.030441554279984
These are the actual items bought: 
   30342
   23374
   32289
The current arm is 21 with vector {0:0.364719732418327,1:0.9055437487742922,2:0.1535962703690521,3:0.18541833956924336,4:0.7602709732081097,5:0.3801298488757813,6:0.3910451991591216,7:0.07912150497229986,8:0.9213617941595382,9:0.47776449511648167,10:0.968195524336993,11:0.6236460295281439,12:0.545839250940615,13:0.2683855360329648,14:0.8611952103119165,15:0.5174140209840277,16:0.7243107919069919,17:0.014069572993403723,18:0.9944567032726158,19:0.7323963836565014,20:0.3264344034469099,21:0.6999668180650045,22:0.1058518312810186,23:0.9830781810119072,24:0.3203873412421827,25:0.7798950623916819,26:0.8845971073586202,27:0.614005011962774,28:0.2732415889249121,29:0.9934893289616865,30:0.6263118353860272,31:0.6870893847151988,32:0.9506775319666854,33:0.7064292202749043,34:0.9994556612922636,35:0.7940268064031586,36:0.8875587357805121,37:0.9363817475361556,38:0.13979202209709995,39:0.5694064722919125,40:0.8202792163755752} with alpha 121.0 and beta 2543.0
The order information:
Date: 2012-05-11T22:39:32.000+02:00
It predicted these items for order 1780921 :
   31560 with score of 1.0224653024219592
These are the actual items bought: 
   31776
The current arm is 21 with vector {0:0.364719732418327,1:0.9055437487742922,2:0.1535962703690521,3:0.18541833956924336,4:0.7602709732081097,5:0.3801298488757813,6:0.3910451991591216,7:0.07912150497229986,8:0.9213617941595382,9:0.47776449511648167,10:0.968195524336993,11:0.6236460295281439,12:0.545839250940615,13:0.2683855360329648,14:0.8611952103119165,15:0.5174140209840277,16:0.7243107919069919,17:0.014069572993403723,18:0.9944567032726158,19:0.7323963836565014,20:0.3264344034469099,21:0.6999668180650045,22:0.1058518312810186,23:0.9830781810119072,24:0.3203873412421827,25:0.7798950623916819,26:0.8845971073586202,27:0.614005011962774,28:0.2732415889249121,29:0.9934893289616865,30:0.6263118353860272,31:0.6870893847151988,32:0.9506775319666854,33:0.7064292202749043,34:0.9994556612922636,35:0.7940268064031586,36:0.8875587357805121,37:0.9363817475361556,38:0.13979202209709995,39:0.5694064722919125,40:0.8202792163755752} with alpha 163.0 and beta 3501.0
The order information:
Date: 2012-05-13T15:53:25.000+02:00
It predicted these items for order 1781930 :
   31415 with score of 1.0752786160792123
These are the actual items bought: 
   2084
   29003
   31950
   20990
   31940
   30573
   20678
   30195
   25363
   27900
The current arm is 21 with vector {0:0.364719732418327,1:0.9055437487742922,2:0.1535962703690521,3:0.18541833956924336,4:0.7602709732081097,5:0.3801298488757813,6:0.3910451991591216,7:0.07912150497229986,8:0.9213617941595382,9:0.47776449511648167,10:0.968195524336993,11:0.6236460295281439,12:0.545839250940615,13:0.2683855360329648,14:0.8611952103119165,15:0.5174140209840277,16:0.7243107919069919,17:0.014069572993403723,18:0.9944567032726158,19:0.7323963836565014,20:0.3264344034469099,21:0.6999668180650045,22:0.1058518312810186,23:0.9830781810119072,24:0.3203873412421827,25:0.7798950623916819,26:0.8845971073586202,27:0.614005011962774,28:0.2732415889249121,29:0.9934893289616865,30:0.6263118353860272,31:0.6870893847151988,32:0.9506775319666854,33:0.7064292202749043,34:0.9994556612922636,35:0.7940268064031586,36:0.8875587357805121,37:0.9363817475361556,38:0.13979202209709995,39:0.5694064722919125,40:0.8202792163755752} with alpha 216.0 and beta 4448.0
The order information:
Date: 2012-05-14T16:46:54.000+02:00
It predicted these items for order 1782931 :
   748 with score of 0.9871033658110537
These are the actual items bought: 
   32564
The arm 21 has vector {0:0.364719732418327,1:0.9055437487742922,2:0.1535962703690521,3:0.18541833956924336,4:0.7602709732081097,5:0.3801298488757813,6:0.3910451991591216,7:0.07912150497229986,8:0.9213617941595382,9:0.47776449511648167,10:0.968195524336993,11:0.6236460295281439,12:0.545839250940615,13:0.2683855360329648,14:0.8611952103119165,15:0.5174140209840277,16:0.7243107919069919,17:0.014069572993403723,18:0.9944567032726158,19:0.7323963836565014,20:0.3264344034469099,21:0.6999668180650045,22:0.1058518312810186,23:0.9830781810119072,24:0.3203873412421827,25:0.7798950623916819,26:0.8845971073586202,27:0.614005011962774,28:0.2732415889249121,29:0.9934893289616865,30:0.6263118353860272,31:0.6870893847151988,32:0.9506775319666854,33:0.7064292202749043,34:0.9994556612922636,35:0.7940268064031586,36:0.8875587357805121,37:0.9363817475361556,38:0.13979202209709995,39:0.5694064722919125,40:0.8202792163755752} with alpha 232.0 and beta 4770.0, percentage 4.62
The best arm is 21 with vector {0:0.364719732418327,1:0.9055437487742922,2:0.1535962703690521,3:0.18541833956924336,4:0.7602709732081097,5:0.3801298488757813,6:0.3910451991591216,7:0.07912150497229986,8:0.9213617941595382,9:0.47776449511648167,10:0.968195524336993,11:0.6236460295281439,12:0.545839250940615,13:0.2683855360329648,14:0.8611952103119165,15:0.5174140209840277,16:0.7243107919069919,17:0.014069572993403723,18:0.9944567032726158,19:0.7323963836565014,20:0.3264344034469099,21:0.6999668180650045,22:0.1058518312810186,23:0.9830781810119072,24:0.3203873412421827,25:0.7798950623916819,26:0.8845971073586202,27:0.614005011962774,28:0.2732415889249121,29:0.9934893289616865,30:0.6263118353860272,31:0.6870893847151988,32:0.9506775319666854,33:0.7064292202749043,34:0.9994556612922636,35:0.7940268064031586,36:0.8875587357805121,37:0.9363817475361556,38:0.13979202209709995,39:0.5694064722919125,40:0.8202792163755752} with alpha 232.0 and beta 4770.0, percentage 4.62
The right guesses are: 231 which means 4.62% correct
Done
The current arm is 0 with vector {0:0.36537171141226} with alpha 21.0 and beta 643.0
The order information:
Date: 2012-05-09T17:07:05.000+02:00
It predicted these items for order 1778911 :
   31560 with score of 247.0
These are the actual items bought: 
   11832
   30233
The current arm is 0 with vector {0:0.36537171141226} with alpha 43.0 and beta 1621.0
The order information:
Date: 2012-05-10T17:54:43.000+02:00
It predicted these items for order 1779917 :
   31560 with score of 230.0
These are the actual items bought: 
   30342
   23374
   32289
The current arm is 0 with vector {0:0.36537171141226} with alpha 65.0 and beta 2599.0
The order information:
Date: 2012-05-11T22:39:32.000+02:00
It predicted these items for order 1780921 :
   31560 with score of 221.0
These are the actual items bought: 
   31776
The current arm is 0 with vector {0:0.36537171141226} with alpha 92.0 and beta 3572.0
The order information:
Date: 2012-05-13T15:53:25.000+02:00
It predicted these items for order 1781930 :
   752 with score of 189.0
These are the actual items bought: 
   2084
   29003
   31950
   20990
   31940
   30573
   20678
   30195
   25363
   27900
The current arm is 0 with vector {0:0.36537171141226} with alpha 123.0 and beta 4541.0
The order information:
Date: 2012-05-14T16:46:54.000+02:00
It predicted these items for order 1782931 :
   748 with score of 193.0
These are the actual items bought: 
   32564
The arm 0 has vector {0:0.36537171141226} with alpha 132.0 and beta 4870.0, percentage 2.62
The best arm is 0 with vector {0:0.36537171141226} with alpha 132.0 and beta 4870.0, percentage 2.62
The right guesses are: 131 which means 2.62% correct
Done
706
