Items: 31014,2,2012-03-22 09:35:15.730000000,2013-01-31 22:08:19.360000000,0,0000000000000000000000000000000000000000000000000000000000000000000000000000000000000000000010000000000000000000000000000000000000000000000000000000000000000000000000000000000000000000000000000000000000000000000000000000000000000000000000000000000000000000
Items: 16065,3,2010-10-12 09:05:28.623000000,2011-10-19 12:41:59.293000000,0,0000000000000000000000000000000000000000000000000000000000000000000000000000000000000000000100000000000000000000000000000000000000000000000000000000000000000000000000000000000000000000000000000000000000000000000000000000000000000000000000000000000000000000
Items: 2897,1,2010-07-28 15:55:07.423000000,2013-07-15 05:02:15.650000000,0,0000000000000000000000000000000000000000000000000000000000000000000000000000000000000000000100000000000000000000000000000000000000000000000000000000000000000000000000000000000000000000000000000000000000000000000000000000000000000000000000000000000000000000
Users: 46671,2009-07-31 17:52:05.423000000,45238,,0
Users: 117404,2012-02-11 18:20:17.737000000,30295,1989-02-13 00:00:00,1
Users: 185087,2009-07-31 19:48:45.310000000,54234,1986-06-04 00:00:00,1
Users: 242612,2011-12-03 21:34:16.640000000,90627,1990-07-23 00:00:00,2
Users: 294436,2011-03-16 09:05:23.647000000,72233,1994-04-25 00:00:00,1
Users: 345704,2011-11-11 20:55:14.437000000,68600,1994-06-05 00:00:00,2
Users: 399809,2012-09-17 14:43:42.033000000,44491,1997-12-12 00:00:00,1
Users: 455390,2012-12-20 16:02:28.573000000,3274,1978-06-02 00:00:00,2
Users: 525182,2013-07-28 12:33:53.590000000,53372,1990-06-17 00:00:00,0
Orders: 35022,1033356,1457,2009-10-18 21:46:53.347000000
Orders: 214698,1082559,614,2010-01-24 20:16:55.153000000
Orders: 226305,1122161,1501,2010-03-20 16:23:03.950000000
Orders: 46541,1167569,11120,2010-05-26 12:55:02.417000000
Orders: 75824,1208142,11119,2010-07-27 23:14:48.377000000
Orders: 13287,1248778,12826,2010-09-21 21:56:27.157000000
Orders: 272654,1296031,653,2010-12-01 18:41:36.730000000
Orders: 285359,1344258,18628,2011-01-28 14:59:09.743000000
Orders: 157456,1388262,18371,2011-03-17 11:46:02.120000000
Orders: 307265,1432210,758,2011-04-29 21:28:48.340000000
Orders: 271030,1473349,21803,2011-06-14 15:24:35.467000000
Orders: 275827,1511037,21829,2011-07-28 21:58:50.970000000
Orders: 62527,1550712,24845,2011-09-10 18:44:47.023000000
Orders: 293365,1597283,27523,2011-11-12 08:21:31.203000000
Orders: 158173,1649466,24361,2011-12-28 14:06:54.430000000
Orders: 371623,1691322,28947,2012-01-31 15:54:20.570000000
Orders: 151193,1739094,2144,2012-03-22 17:02:48.527000000
Orders: 71320,1784958,7874,2012-05-16 17:00:59.817000000
Orders: 287161,1827735,20480,2012-06-29 22:23:24.193000000
Orders: 271514,1866722,31203,2012-08-11 21:38:56.863000000
Orders: 428803,1915657,35460,2012-10-09 20:15:44.210000000
Orders: 444954,1966435,29677,2012-12-01 22:51:49.073000000
Orders: 460415,2018674,31695,2013-01-07 22:20:30.543000000
Orders: 381441,2066329,35170,2013-02-19 22:08:16.833000000
Orders: 485606,2112774,39306,2013-03-26 15:04:37.277000000
Orders: 423890,2161061,11304,2013-05-03 09:35:38.190000000
Orders: 314770,2207605,26096,2013-06-05 19:04:54.837000000
Orders: 287308,2249841,40450,2013-07-13 20:23:09.463000000
Orders: 255027,2289235,33612,2013-08-13 17:15:05.073000000
Orders: 466261,2331294,43871,2013-09-15 21:02:00.180000000
Orders: 446724,2379393,448,2013-11-01 19:20:53.627000000

Startup information:
First order in training stage: 700000
First order in evaluation stage: 771338
Last order in evaluation stage: 777471

Number of orders in training stage: 71338
Number of orders in evaluation stage: 6133

The current arm is 2 with vector {0:0.10880441483877468,1:0.502468137453291,2:0.8614354581095643,3:0.5338987746083682,4:0.04777706123549352,5:0.21186286470335602,6:0.41731214004064365,7:0.5627569009773786,8:0.4728223688515262,9:0.07113254812622904,10:0.8905456314460123,11:0.7490632053357101,12:0.42240783687197947,13:0.70959717001072,14:0.6293546570316562,15:0.25898723444118044,16:0.29294938697445216,17:0.22596915239107618,18:0.2618833431876766,19:0.11071119519211237,20:0.2394103437330376,21:0.6529584007712812,22:0.2697465047307147,23:0.270513246071297,24:0.1685000612142431,25:0.5837528444346844,26:0.25001205178974617,27:0.795868717199193,28:0.8377102509208131,29:0.40761285081007637,30:0.9357539721147823,31:0.36559960795068924,32:0.22357848022504412,33:0.13815134438466103,34:0.9253471425111504,35:0.7683390891372269,36:0.7677621761967107,37:0.7110876648354564,38:0.996290736114822,39:0.7087466367352704,40:0.46430889003688014} with alpha 1.0 and beta 8.0
The order information:
Date: 2012-05-09T17:07:05.000+02:00
It predicted these items for order 1778911 :
   31560 with score of 703.1333252188641
   752 with score of 304.1526834471856
   27900 with score of 264.35038122733954
   748 with score of 236.4088883942959
   20430 with score of 235.5134671676822
   5003 with score of 207.3110255511849
   21714 with score of 200.99474112733662
   11832 with score of 191.88908735659948
   31553 with score of 180.4673416243853
   27576 with score of 173.313964231638
These are the actual items bought: 
   11832
   30233
The current arm is 48 with vector {0:0.9237555394654439,1:0.011944623645733787,2:0.936325891888949,3:0.46160789466477536,4:0.6046038749056512,5:0.4633488657901149,6:0.5143563462224491,7:0.9117217417437051,8:0.9432183320413778,9:0.19977140193642196,10:0.5380450840599907,11:0.48637409509736995,12:0.10053400248452171,13:0.3572683797532077,14:0.27689686904041966,15:0.7590912578559444,16:0.6739819540345442,17:0.2251660123883117,18:0.5407691762506772,19:0.2956079115144158,20:0.04735622497671532,21:0.18054683621699497,22:0.28723094734010324,23:0.3116072144244,24:0.9967618766786382,25:0.455181347926111,26:0.24207141273654553,27:0.3574787143689596,28:0.009975203242334696,29:0.3780657784069317,30:0.487857927773547,31:0.6073184796467186,32:0.35534544918263034,33:0.6818197587491817,34:0.8569287411030375,35:0.37759643656440867,36:0.8636561501699238,37:0.11925172305111054,38:0.2958110052500339,39:0.3556416475081753,40:0.26416571794677923} with alpha 9.0 and beta 44.0
The order information:
Date: 2012-05-10T17:54:43.000+02:00
It predicted these items for order 1779917 :
   31560 with score of 1111.6405780824446
   752 with score of 481.31693931233343
   27900 with score of 410.6841649364916
   748 with score of 388.1470096600739
   20430 with score of 367.80796188395425
   5003 with score of 331.9248419806501
   21714 with score of 323.3683734528532
   11832 with score of 302.32672224230663
   31553 with score of 293.65269632265233
   29669 with score of 287.6700287102816
These are the actual items bought: 
   30342
   23374
   32289
The current arm is 2 with vector {0:0.10880441483877468,1:0.502468137453291,2:0.8614354581095643,3:0.5338987746083682,4:0.04777706123549352,5:0.21186286470335602,6:0.41731214004064365,7:0.5627569009773786,8:0.4728223688515262,9:0.07113254812622904,10:0.8905456314460123,11:0.7490632053357101,12:0.42240783687197947,13:0.70959717001072,14:0.6293546570316562,15:0.25898723444118044,16:0.29294938697445216,17:0.22596915239107618,18:0.2618833431876766,19:0.11071119519211237,20:0.2394103437330376,21:0.6529584007712812,22:0.2697465047307147,23:0.270513246071297,24:0.1685000612142431,25:0.5837528444346844,26:0.25001205178974617,27:0.795868717199193,28:0.8377102509208131,29:0.40761285081007637,30:0.9357539721147823,31:0.36559960795068924,32:0.22357848022504412,33:0.13815134438466103,34:0.9253471425111504,35:0.7683390891372269,36:0.7677621761967107,37:0.7110876648354564,38:0.996290736114822,39:0.7087466367352704,40:0.46430889003688014} with alpha 12.0 and beta 67.0
The order information:
Date: 2012-05-11T22:39:32.000+02:00
It predicted these items for order 1780921 :
   31560 with score of 671.3841128140218
   752 with score of 320.46548046383623
   748 with score of 295.29945377605424
   27900 with score of 245.01195807543235
   20430 with score of 232.4853574927927
   21714 with score of 208.0316393223649
   5003 with score of 205.7098618134844
   29669 with score of 195.64687805094096
   11832 with score of 185.03777624517699
   27576 with score of 184.81156682395604
These are the actual items bought: 
   31776
The current arm is 44 with vector {0:0.6071467915867305,1:0.6642799544895309,2:0.9134984074983167,3:0.39853593509003793,4:0.7637628861642497,5:0.2179363683981591,6:0.7323829388030892,7:0.9984708952089172,8:0.5078853348493177,9:0.3848184269279339,10:0.019873695813007686,11:0.5071573847986425,12:0.6541957726224058,13:0.32319741112651834,14:0.13461220587280154,15:0.5254093972612421,16:0.7473832244763747,17:0.6958548728999677,18:0.13493989564961728,19:0.9380820598941946,20:0.5816790141007903,21:0.5286217198515212,22:0.8906443515504622,23:0.44424887386092804,24:0.3452379953809803,25:0.663985579489847,26:0.5561308308589966,27:0.3785073663135424,28:0.7430536392773202,29:0.10330314918375794,30:0.41957276554022116,31:0.44972292854417295,32:0.2797037937471015,33:0.6135719154421025,34:0.7775123742598729,35:0.030793266881933068,36:0.9614186951665887,37:0.8999651403063313,38:0.38045304490338316,39:0.019425373963047,40:0.7964745600904439} with alpha 10.0 and beta 55.0
The order information:
Date: 2012-05-13T15:53:25.000+02:00
It predicted these items for order 1781930 :
   31560 with score of 1122.0573866964294
   752 with score of 566.7726992260907
   748 with score of 562.7102329065171
   20430 with score of 416.0487003292997
   27900 with score of 399.87531114913327
   21714 with score of 399.47995362667774
   5003 with score of 398.2141541417718
   29669 with score of 345.5002014648967
   27576 with score of 334.0471879276322
   11832 with score of 308.3435185826445
These are the actual items bought: 
   2084
   29003
   31950
   20990
   31940
   30573
   20678
   30195
   25363
   27900
The current arm is 15 with vector {0:0.010635409154598374,1:0.24653171138922902,2:0.22574126620891766,3:0.7929196558402748,4:0.05230704082348081,5:0.16901462853096494,6:0.13579249467077759,7:0.4179617954790379,8:0.7899539070610665,9:0.7738015187003163,10:0.3214518848799307,11:0.0711858514977236,12:0.9266990800367437,13:0.5531530875754643,14:0.1978705370560767,15:0.9827316867364668,16:0.3522310408294351,17:0.035745646818233,18:0.5408768313951164,19:0.17023789063456463,20:0.1771237058242805,21:0.8378021350307596,22:0.12356143987159363,23:0.41143626426461444,24:0.8907141812722272,25:0.21168884289198586,26:0.15293421988955191,27:0.5514266811173472,28:0.9579837909583897,29:0.8895295867560538,30:0.2882209291870983,31:0.19334942353842655,32:0.02954748817474606,33:0.24057808149300686,34:0.9919789316243642,35:0.6985684362201594,36:0.7151900967532633,37:0.8002034238413782,38:0.16237423530177442,39:0.8567504622909652,40:0.4948589640359847} with alpha 18.0 and beta 103.0
The order information:
Date: 2012-05-14T16:46:54.000+02:00
It predicted these items for order 1782931 :
   31560 with score of 437.52714490926076
   748 with score of 225.54688052709236
   752 with score of 209.61278112305584
   20430 with score of 160.38126767027418
   5003 with score of 154.1619758243203
   21714 with score of 152.45781660091419
   27900 with score of 152.13529114501
   27576 with score of 140.2030191832581
   31553 with score of 129.57986062603166
   29669 with score of 129.22050030186008
These are the actual items bought: 
   32564
The current arm is 34 with vector {0:0.16004785699440505,1:0.5257830065213506,2:0.5413387008402244,3:0.21651543105961224,4:0.2443847906006651,5:0.8906729137522957,6:0.8544577120428369,7:0.1350128985287773,8:0.22875100859643638,9:0.4332458926850693,10:0.8697064794248556,11:0.4955042039891112,12:0.7506783986299622,13:0.49574884435354294,14:0.7763991923048251,15:0.09325540342195471,16:0.3165072245511563,17:0.8415705862299395,18:0.545119270644326,19:0.37532819765265024,20:0.09152692799162665,21:0.8761505855830095,22:0.9079706043678504,23:0.4236034507705797,24:0.07149154736172925,25:0.9871497344967378,26:0.440215750455771,27:0.40135570714515256,28:0.13693592576521996,29:0.28938093476118776,30:0.510458213300107,31:0.6439034331960135,32:0.4923101913815645,33:0.976647794213339,34:0.3859843136131128,35:0.6387852386652172,36:0.9721549961349409,37:0.4518343193691563,38:0.04588872926553267,39:0.6038646404267701,40:0.6395224804782123} with alpha 37.0 and beta 191.0
The order information:
Date: 2012-05-15T15:02:20.000+02:00
It predicted these items for order 1783936 :
   31560 with score of 264.0677689192181
   748 with score of 238.2572439519269
   752 with score of 174.52137242025213
   27576 with score of 138.8464662846467
   21714 with score of 128.49472096272612
   5003 with score of 123.55310345676864
   29669 with score of 113.83474693085459
   21776 with score of 107.4060828668465
   25201 with score of 103.04459235159985
   23467 with score of 102.63384271473076
These are the actual items bought: 
   12096
The arm 0 has vector {0:0.20804223865909166,1:0.8437624325946109,2:0.9971286930063566,3:0.9441274412103648,4:0.9695907648069974,5:0.2071801995045397,6:0.2234158745609146,7:0.49123119042709984,8:0.3382859873551328,9:0.7128051544249335,10:0.30427747730760113,11:0.10834124476842366,12:0.8181222897175726,13:0.7100726369546165,14:0.8755060238250106,15:0.9669014572250794,16:0.543926337052884,17:0.8370471756141524,18:0.054325385620872746,19:0.6910870833151579,20:0.7087973934325151,21:0.07212789885396576,22:0.9111125500189098,23:0.387129855414156,24:0.08874776009141816,25:0.5595128553780649,26:0.3924156042619771,27:0.07686325296321717,28:0.23199477180137906,29:0.40175394285774757,30:0.3651156960217118,31:0.494174563345417,32:0.349648189771251,33:0.4812213681635026,34:0.10528049774764625,35:0.5860227980912524,36:0.7308808294960595,37:0.33976119851360875,38:0.5602734182064207,39:0.5065542664544275,40:0.6252377544850886} with alpha 16.0 and beta 114.0, percentage 13.274336283185843
The arm 1 has vector {0:0.16860407741832129,1:0.4825480248181214,2:0.4637761442504795,3:0.5886904363505605,4:0.04679141211863358,5:0.8877512177572416,6:0.27074942291850734,7:0.4366254603049763,8:0.8577986091619607,9:0.41021714207218796,10:0.26599740175019715,11:0.9529933149044942,12:0.01029017721173442,13:0.14985275010766275,14:0.4007130536975183,15:0.7726937982711644,16:0.1248674823619792,17:0.2988710914079159,18:0.8286906338562536,19:0.29806642026395,20:0.8772734751750046,21:0.31391874013629584,22:0.21057704740815275,23:0.8701705605745416,24:0.10179918658989895,25:0.0020287021607832134,26:0.607248441795373,27:0.9878436773367961,28:0.26144454671508155,29:0.5521345508699438,30:0.09276450348629273,31:0.060680440451416295,32:0.47162529210398774,33:0.570138749492471,34:0.49141472712065515,35:0.7471850866559276,36:0.76297073745071,37:0.7523559643849125,38:0.8491258447504894,39:0.041301354871030704,40:0.9563723929023867} with alpha 7.0 and beta 69.0, percentage 8.823529411764707
The arm 2 has vector {0:0.10880441483877468,1:0.502468137453291,2:0.8614354581095643,3:0.5338987746083682,4:0.04777706123549352,5:0.21186286470335602,6:0.41731214004064365,7:0.5627569009773786,8:0.4728223688515262,9:0.07113254812622904,10:0.8905456314460123,11:0.7490632053357101,12:0.42240783687197947,13:0.70959717001072,14:0.6293546570316562,15:0.25898723444118044,16:0.29294938697445216,17:0.22596915239107618,18:0.2618833431876766,19:0.11071119519211237,20:0.2394103437330376,21:0.6529584007712812,22:0.2697465047307147,23:0.270513246071297,24:0.1685000612142431,25:0.5837528444346844,26:0.25001205178974617,27:0.795868717199193,28:0.8377102509208131,29:0.40761285081007637,30:0.9357539721147823,31:0.36559960795068924,32:0.22357848022504412,33:0.13815134438466103,34:0.9253471425111504,35:0.7683390891372269,36:0.7677621761967107,37:0.7110876648354564,38:0.996290736114822,39:0.7087466367352704,40:0.46430889003688014} with alpha 30.0 and beta 179.0, percentage 16.292134831460675
The arm 3 has vector {0:0.6470793037377718,1:0.5375134388895333,2:0.5234970642421576,3:0.3364966778863806,4:0.07277825132322369,5:0.9831893454103027,6:0.7709854302078092,7:0.2069074698763821,8:0.5230165977836915,9:0.4315848036364808,10:0.764049986054163,11:0.9983279035953088,12:0.903393569888579,13:0.7084840834408612,14:0.47942675212294983,15:0.13864360115527963,16:0.8024045379319988,17:0.5444843291950406,18:0.7691695686414682,19:0.3538203887272532,20:0.15286227195507796,21:0.24921614239527812,22:0.8279850905062743,23:0.3805627200165991,24:0.05288097256069657,25:0.754299174393527,26:0.4398596478798469,27:0.43597795248119864,28:0.9526528640889623,29:0.9411400430201354,30:0.2792956104634867,31:0.9937488092553678,32:0.6317879361572469,33:0.44854958077265317,34:0.7267830253180966,35:0.7223994366862326,36:0.9780397480096139,37:0.3332760138219184,38:0.8696906677676648,39:0.1826983897831579,40:0.26768999022493367} with alpha 27.0 and beta 171.0, percentage 15.294117647058824
The arm 4 has vector {0:0.5992963751810906,1:0.3870132576912362,2:0.6937879790797172,3:0.685707947263465,4:0.8787297935229571,5:0.38388401318391197,6:0.2403883044250975,7:0.14061560626040792,8:0.11236813044650229,9:0.10877466155732762,10:0.6480043055638692,11:0.39983566832907125,12:0.1245608800514244,13:0.15877491238472063,14:0.3127749247022825,15:0.5287273925011515,16:0.6336213129833869,17:0.2074205650328349,18:0.4684797091355576,19:0.02171959481750052,20:0.5354884123545339,21:0.1851720284390771,22:0.03864145886305159,23:0.8442003795318054,24:0.07023355160704348,25:0.0361622260555321,26:0.03548273104627753,27:0.9841056644416609,28:0.708556458175085,29:0.6438482324733471,30:0.43705867567400025,31:0.294921516461636,32:0.7040954351801945,33:0.7376307193608164,34:0.1974056008176992,35:0.2642385194010304,36:0.018459043990711965,37:0.4408805489495362,38:0.6615990865955107,39:0.976680085252773,40:0.9361754949700424} with alpha 5.0 and beta 56.0, percentage 7.2727272727272725
The arm 5 has vector {0:0.11541117612269103,1:0.08211431140471392,2:0.39850752658218025,3:0.4334749733028973,4:0.6425468133760741,5:0.4100576679254002,6:0.07804277990173214,7:0.7323651231752382,8:0.8677269433287174,9:0.3864405691964964,10:0.5473865070533518,11:0.3637378446547075,12:0.26468793238817967,13:0.8344420164739119,14:0.24200539293152679,15:0.7555450796379282,16:0.18846581070980384,17:0.595607460929631,18:0.3056107543721578,19:0.8680756432961372,20:0.2530941424053267,21:0.5448568515593939,22:0.14711670022156453,23:0.5113471809801126,24:0.16265816485285567,25:0.2430444202333838,26:0.15789737893836697,27:0.46028903841187685,28:0.6353624751747443,29:0.4365324021585941,30:0.2953696229512911,31:0.3645472769203085,32:0.021725640994269435,33:0.3520084023799991,34:0.2407514776808285,35:0.9975621016799454,36:0.20562335739671744,37:0.7146813894438216,38:0.7689365131443796,39:0.37053578564660905,40:0.07564360565886918} with alpha 11.0 and beta 83.0, percentage 12.195121951219512
The arm 6 has vector {0:0.8978572659629603,1:0.5347187240408726,2:0.8236172201729628,3:0.21661477592265577,4:0.03480387284022146,5:0.1590325651924971,6:0.9169592353986347,7:0.5506446111470183,8:0.9866047128441916,9:0.055028229742946744,10:0.3959652579487446,11:0.3930933360376727,12:0.9625029589836634,13:0.11630377791548951,14:0.6629313165146042,15:0.9502535645867478,16:0.12274694885309512,17:0.5283363694121062,18:0.6238770038565761,19:0.20372798539311465,20:0.9919612555798203,21:0.41316494222982336,22:0.019976314520669503,23:0.919304124345699,24:0.47151934417962194,25:0.12772342341466247,26:0.8707122106443922,27:0.49037520295642856,28:0.24578243175704784,29:0.8560876916518507,30:0.35256426017944065,31:0.21533262860662972,32:0.5706046218064044,33:0.9215422522314678,34:0.05390981740903733,35:0.8256749499860869,36:0.09927945728753873,37:0.15899652718847856,38:0.9905144053156311,39:0.06821597098659127,40:0.9915360799504009} with alpha 26.0 and beta 167.0, percentage 15.060240963855422
The arm 7 has vector {0:0.6964532124728318,1:0.7928354826671817,2:0.24337757090870016,3:0.22268519115269259,4:0.34739494890012645,5:0.5768043611796128,6:0.5337183624007991,7:0.3396692132339205,8:0.21655697046994227,9:0.7268839417031847,10:0.8668545201195005,11:0.10399428628969232,12:0.18514410240678192,13:0.35095703110135745,14:0.7171703439505613,15:0.4591845285985777,16:0.8661262025542733,17:0.40000564783807624,18:0.5928956900508239,19:0.49640623691683783,20:0.5118374720069733,21:0.5786730234342609,22:0.6724443277499387,23:0.14255775619433197,24:0.446113702382229,25:0.8932839129523533,26:0.44714096357478017,27:0.8520614707248431,28:0.17755359306040608,29:0.4227663281956284,30:0.43583325852844756,31:0.845850392615154,32:0.2736162324746241,33:0.5805794591606551,34:0.478263938491422,35:0.8525815816007946,36:0.9984715953498238,37:0.3441427973756248,38:0.08359920962733969,39:0.6155218010720656,40:0.6735647122289117} with alpha 16.0 and beta 119.0, percentage 12.711864406779661
The arm 8 has vector {0:0.6717977139075935,1:0.6585289702803356,2:0.18615945562205005,3:0.7254595969544604,4:0.335975576167303,5:0.2295246009209767,6:0.7450715467409142,7:0.6097958667148227,8:0.8754454771326338,9:0.904740018509601,10:0.7926416088726331,11:0.8081240294795154,12:0.5377775771208586,13:0.09788802242522254,14:0.7551777136270788,15:0.1414299833424526,16:0.8051870208558821,17:0.36257896234999876,18:0.919509238615767,19:0.43762551865632315,20:0.39684022403979446,21:0.11147358223856307,22:0.5330811845280825,23:0.047018112967226466,24:0.7902992276296184,25:0.08043575276901505,26:0.4704345341006002,27:0.5877209611863283,28:0.9167371432047121,29:0.36923250355446346,30:0.5853501161146489,31:0.13467204965280466,32:0.045268849749133366,33:0.092215038779359,34:0.013259389497778384,35:0.3890555978795004,36:0.28041335138538115,37:0.8068100092147079,38:0.1461895877008622,39:0.925582719679836,40:0.8016799664290568} with alpha 3.0 and beta 45.0, percentage 4.545454545454546
The arm 9 has vector {0:0.9750060749527473,1:0.9530969055848534,2:0.5023487801495242,3:0.2287454740627014,4:0.3264626881744884,5:0.27416088649041714,6:0.4632187401702944,7:0.6096417796595474,8:0.11752979116377937,9:0.8403566698984775,10:0.1385556641907738,11:0.8793703728380398,12:0.37471930044712154,13:0.8073403795519037,14:0.9278923057885125,15:0.927731222050171,16:0.36838019112869436,17:0.9881349199935043,18:0.11575955843324981,19:0.5598594715883577,20:0.5383330028386042,21:0.7547673346649596,22:0.15040653896905842,23:0.759402465074141,24:0.2749152470883428,25:0.8601478598260194,26:0.1619139387806695,27:0.5091467906040009,28:0.037301210298598564,29:0.25808872181918563,30:0.4014577033695482,31:0.32597855683678045,32:0.803807325317304,33:0.4342360855671564,34:0.835221723795641,35:0.606564738021849,36:0.8267497989981846,37:0.011391112586466967,38:0.6591617985651156,39:0.8214621457097577,40:0.7120470112513126} with alpha 12.0 and beta 93.0, percentage 11.956521739130435
The arm 10 has vector {0:0.7506120251266796,1:0.3517305462925622,2:0.2474875878173719,3:0.7128599547626693,4:0.002005737041123501,5:0.9256401349018522,6:0.39317661980830343,7:0.7446566003702495,8:0.38091989554198946,9:0.8650715918745665,10:0.8038420355959838,11:0.4823307044787264,12:0.8357468470176626,13:0.14534764315227677,14:0.008808834709180036,15:0.8555439651240104,16:0.7816725348316076,17:0.7355761049841725,18:0.11627530924637663,19:0.12466649184546297,20:0.048960407095350766,21:0.3310198625525661,22:0.032881407430389364,23:0.24603398863091241,24:0.9363493093408094,25:0.7485783976755074,26:0.7042753950389001,27:0.8395522476378571,28:0.8692840303049378,29:0.013657668282806013,30:0.43508307198268925,31:0.09244847761801034,32:0.5298888132365419,33:0.004965868015725072,34:0.01512252299478778,35:0.13800062836365068,36:0.1598571483426725,37:0.28132326070000613,38:0.07173054261449652,39:0.7124316390053348,40:0.5853016840507167} with alpha 5.0 and beta 58.0, percentage 7.017543859649122
The arm 11 has vector {0:0.4853279852672445,1:0.07898195851292744,2:0.016006701517047195,3:0.46242282579075866,4:0.6499990541329108,5:0.24160884740640265,6:0.22917577995642724,7:0.7859806958108814,8:0.28604095255191353,9:0.47429653332696964,10:0.09133392137100249,11:0.9001320783509548,12:0.87349564323792,13:0.8251857423469868,14:0.45421490422874145,15:0.3411154301204603,16:0.2530418236069091,17:0.9187333355060966,18:0.29917671228886866,19:0.9452459327242834,20:0.3523602754954934,21:0.11754521038335242,22:0.2941619656634493,23:0.6717746644966907,24:0.365450681605184,25:0.7776161061733723,26:0.1683047265535289,27:0.42320149604599444,28:0.09801548527233783,29:0.3758537948680696,30:0.08876866750000334,31:0.5606521972266688,32:0.10231067670207583,33:0.18494860523837775,34:0.6733233197916729,35:0.6748016126352882,36:0.11103229527945657,37:0.9903182707552335,38:0.2583621293064109,39:0.6297011077185716,40:0.3790081938458889} with alpha 41.0 and beta 244.0, percentage 16.46090534979424
The arm 12 has vector {0:0.1451375279076027,1:0.7847774840665167,2:0.12296771851297561,3:0.9514620902189348,4:0.21613688511437756,5:0.07327132176279816,6:0.5772133099924734,7:0.31401263689219794,8:0.8351311078560955,9:0.5961520901937413,10:0.6321594460476536,11:0.09692010841196208,12:0.862224983333825,13:0.6394290383947507,14:0.6378985265436311,15:0.6091526740937165,16:0.589311090876995,17:0.9008591331948698,18:0.48100271941027517,19:0.8726048503863394,20:0.7333528691853702,21:0.6412378468555452,22:0.9481880257345654,23:0.36791519336129186,24:0.5340742885890536,25:0.9237969826184154,26:0.4135969474920692,27:0.17680749730480694,28:0.36809809929929194,29:0.6147760404300328,30:0.03627927067734982,31:0.9349691988335515,32:0.10397136716206001,33:0.49007450813007947,34:0.2661281350235166,35:0.17727413873396636,36:0.20740247793772537,37:0.48867916628210095,38:0.6828293951970693,39:0.40706443298171135,40:0.4390334241519259} with alpha 35.0 and beta 214.0, percentage 15.96244131455399
The arm 13 has vector {0:0.8151950135417723,1:0.6659832396268264,2:0.5717426295268342,3:0.5427079702190882,4:0.5237561678076891,5:0.6639868119369207,6:0.7360317418189009,7:0.9105188452203963,8:0.9591982452747522,9:0.5820889800486823,10:0.8039084694846129,11:0.838987254234033,12:0.7215871713581097,13:0.905713898343771,14:0.18815597242093163,15:0.37583482241531296,16:0.729372640879845,17:0.026505850968352562,18:0.7825019532862781,19:0.2087947002728816,20:0.6362340182378506,21:0.9683585310690734,22:0.5002921602629549,23:0.6747587695007556,24:0.9115627697371806,25:0.1809206590558281,26:0.5939242718950287,27:0.9925676600247327,28:0.028014077097706758,29:0.39160864416052177,30:0.33956826763738857,31:0.793959450510831,32:0.8733665536654612,33:0.7857004094790361,34:0.8061305426269799,35:0.3559119238467219,36:0.6480965103237378,37:0.438587989248019,38:0.4023535058944764,39:0.25577250920525463,40:0.10033365802567651} with alpha 5.0 and beta 59.0, percentage 6.896551724137931
The arm 14 has vector {0:0.20394871196984776,1:0.234292236553041,2:0.8894441212003583,3:0.07128160549285545,4:0.09379895752876877,5:0.8849400328693585,6:0.4102581707138441,7:0.12227781037495,8:0.41773319342253834,9:0.4867505984854096,10:0.40100973344539725,11:0.7412056436203115,12:0.9656994946027703,13:0.7497561521255192,14:0.2887699452965927,15:0.6463429814529164,16:0.635597493225845,17:0.38504367355723146,18:0.8539702898653689,19:0.5308820313457666,20:0.052362345383682785,21:0.6479664366980392,22:0.5701669091016545,23:0.7789785464449224,24:0.4602102162609423,25:0.4037891727447541,26:0.6999290768324046,27:0.3036557024780068,28:0.04822094519943698,29:0.4330782079261898,30:0.5970638394896248,31:0.192532760338475,32:0.6305361793299536,33:0.46053689716374624,34:0.9136012842364362,35:0.19298239933298578,36:0.5896597617833278,37:0.3379452608217066,38:0.24369291006565563,39:0.19423683371879685,40:0.60027240928953} with alpha 5.0 and beta 56.0, percentage 7.2727272727272725
The arm 15 has vector {0:0.010635409154598374,1:0.24653171138922902,2:0.22574126620891766,3:0.7929196558402748,4:0.05230704082348081,5:0.16901462853096494,6:0.13579249467077759,7:0.4179617954790379,8:0.7899539070610665,9:0.7738015187003163,10:0.3214518848799307,11:0.0711858514977236,12:0.9266990800367437,13:0.5531530875754643,14:0.1978705370560767,15:0.9827316867364668,16:0.3522310408294351,17:0.035745646818233,18:0.5408768313951164,19:0.17023789063456463,20:0.1771237058242805,21:0.8378021350307596,22:0.12356143987159363,23:0.41143626426461444,24:0.8907141812722272,25:0.21168884289198586,26:0.15293421988955191,27:0.5514266811173472,28:0.9579837909583897,29:0.8895295867560538,30:0.2882209291870983,31:0.19334942353842655,32:0.02954748817474606,33:0.24057808149300686,34:0.9919789316243642,35:0.6985684362201594,36:0.7151900967532633,37:0.8002034238413782,38:0.16237423530177442,39:0.8567504622909652,40:0.4948589640359847} with alpha 21.0 and beta 145.0, percentage 13.88888888888889
The arm 16 has vector {0:0.3986423013700463,1:0.8193200100595578,2:0.7016520320508555,3:0.16821526263475894,4:0.30264954908299735,5:0.024619415508916775,6:0.47864278937923965,7:0.7462314410453236,8:0.9326294367191913,9:0.6387845647395616,10:0.4765515598402539,11:0.9283015703266112,12:0.834135637457605,13:0.5543704476106295,14:0.6204096735531904,15:0.4373388724932622,16:0.20259083061433536,17:0.9827339106013373,18:0.6995953524440234,19:0.5599140107108409,20:0.23677859749281882,21:0.3500688801871432,22:0.9771895918112464,23:0.26935167707620267,24:0.9515403755378323,25:0.0970786923992144,26:0.8527986176864011,27:0.6295491609027997,28:0.9241032446440152,29:0.8185114187684711,30:0.22869407447408185,31:0.3798139138135741,32:0.8809273497163532,33:0.5226424214603497,34:0.6810354275638697,35:0.4494434840435556,36:0.21734947016107808,37:0.913151895583583,38:0.08420726399219358,39:0.026924392638791983,40:0.4535338287153241} with alpha 23.0 and beta 161.0, percentage 13.750000000000002
The arm 17 has vector {0:0.1990531702876629,1:0.36046238013166143,2:0.19804422352801432,3:0.7065353468070714,4:0.5161881577439353,5:0.7281499820661074,6:0.34120289378759106,7:0.7822346576867728,8:0.8994254150561194,9:0.4734451269362443,10:0.9997256221276027,11:0.26853436391792074,12:0.1025393141329155,13:0.34228113813892114,14:0.2950768928207873,15:0.6245056094013881,16:0.6773260695026804,17:0.40067177648848507,18:0.5250109712691218,19:0.16024326915349774,20:0.8500668927563799,21:0.7542155422765533,22:0.6226124712736922,23:0.8938335016949671,24:0.22978157188659254,25:0.05315326674041532,26:0.19263484098175832,27:0.6553798826923212,28:0.8787670465867687,29:0.6444949749253396,30:0.12090081200421932,31:0.24899832734232974,32:0.8113269663721971,33:0.18844941373891766,34:0.3903433016901905,35:0.38269741009319114,36:0.5980316906069654,37:0.6513507221406819,38:0.23616919218478305,39:0.5203226866471398,40:0.07052806433439884} with alpha 14.0 and beta 92.0, percentage 14.285714285714285
The arm 18 has vector {0:0.4108929618399121,1:0.5659125136546161,2:0.1682921510128933,3:0.9948484963030839,4:0.06053177221920658,5:0.9509909932010184,6:0.20338616597108938,7:0.5412696986776732,8:0.8962214379820833,9:0.4999380356543016,10:0.6477286797542989,11:0.8983281718029282,12:0.3616558143434163,13:0.7482062040849847,14:0.9059166065467199,15:0.9008169690569908,16:0.5076663686069175,17:0.0713097896290773,18:0.631440432696912,19:0.42864997707974484,20:0.9785467290743939,21:0.9151690641812862,22:0.14116727912446025,23:0.6157530440743301,24:0.028618164862779127,25:0.401817504307339,26:0.27958419307489213,27:0.8974821499558423,28:0.6993938397784368,29:0.2253042761644256,30:0.4400068609668102,31:0.38618896520051993,32:0.2920144717884373,33:0.04047929353932944,34:0.475626466375502,35:0.20128997582325414,36:0.2956386448427657,37:0.0330965332533929,38:0.2575289773255338,39:0.8422578448240757,40:0.06731515619039063} with alpha 10.0 and beta 90.0, percentage 10.112359550561797
The arm 19 has vector {0:0.8089023765291572,1:0.5959112263544963,2:0.8139087903326389,3:0.18680905295170913,4:0.4380439234893584,5:0.8257021802442777,6:0.10168105609328315,7:0.8934234726778959,8:0.26341663150324235,9:0.6272474208532665,10:0.7994656112550084,11:0.24284882460875246,12:0.6855037490933777,13:0.17441276635324943,14:0.29588393095933696,15:0.9422243617413438,16:0.557046940700556,17:0.4877035538111043,18:0.35907742801385867,19:0.5925507513582223,20:0.419968233122068,21:0.9070716769062734,22:0.9051900152580699,23:0.7550252190359797,24:0.5099373260315114,25:0.38038470101298183,26:0.8303036991514288,27:0.5300282070232459,28:0.046392056549635075,29:0.6894980714256397,30:0.31749006508177313,31:0.6165791151847756,32:0.9744799011726312,33:0.5330395048337547,34:0.40267473517872,35:0.1326138710460899,36:0.47782358954370474,37:0.0630015288505763,38:0.9999430381646226,39:0.8520959495900965,40:0.7277788861935969} with alpha 19.0 and beta 116.0, percentage 15.65217391304348
The arm 20 has vector {0:0.4942069955864049,1:0.8843113681107826,2:0.624442006089584,3:0.8235027050217645,4:0.4573203364093872,5:0.07778043226517262,6:0.17896389328719386,7:0.005170854066221642,8:0.48043924756708045,9:0.5221602498760155,10:0.2838942731206112,11:0.7063517495913721,12:0.881237392281216,13:0.5642201843067538,14:0.7687666400783149,15:0.10153917606555807,16:0.10535209168545501,17:0.3621617459570209,18:0.4250970079648233,19:0.7079220412236227,20:0.19703957527566118,21:0.779686784975442,22:0.4217737452759297,23:0.2943822529271115,24:0.8159757725309241,25:0.49168475669139156,26:0.2822544299463513,27:0.314380741224938,28:0.6806451107041448,29:0.4381751007660283,30:0.569594785160167,31:0.9719029276213551,32:0.29938616315642996,33:0.05850084462605576,34:0.7712916242527172,35:0.8890623960324462,36:0.6618461979522393,37:0.5795205419457556,38:0.9579756506410683,39:0.8191256209183693,40:0.5250295321775265} with alpha 2.0 and beta 38.0, percentage 2.7027027027027026
The arm 21 has vector {0:0.5289924660052506,1:0.5638538945993324,2:0.6678525549165689,3:0.03850742284813646,4:0.36546313142628983,5:0.5256127539592405,6:0.5677051309300585,7:0.31410156815782664,8:0.39698897531775057,9:0.42334136282898316,10:0.5683075993799824,11:9.539415396908613E-5,12:0.6080866957177073,13:0.4900271254049501,14:0.7758377396907377,15:0.42414685427657406,16:0.8282685657025697,17:0.16768265004597693,18:0.07760515955677583,19:0.721375505568055,20:0.27766675701597066,21:0.03142986948001725,22:0.8368641206039354,23:0.3424832415086738,24:0.6318192420454976,25:0.7047213507452491,26:0.3297842916623843,27:0.4568293759523937,28:0.3337335041686259,29:0.5885175935363007,30:0.08094227533693954,31:0.8275500491431677,32:0.7881238842501456,33:0.5235056355499496,34:0.005122710731356284,35:0.4773572067362105,36:0.5888421346039723,37:0.6270513609043754,38:0.6133747282456817,39:0.3153236720135836,40:0.5586727804100488} with alpha 34.0 and beta 202.0, percentage 16.417910447761194
The arm 22 has vector {0:0.08049967135182912,1:0.6023319865013508,2:0.888763297592851,3:0.008200822758249071,4:0.7593943591860097,5:0.1873485912683689,6:0.73677044113555,7:0.3498527248260642,8:0.10553949389359396,9:0.676560503148853,10:0.4971372510080633,11:0.34664978910906386,12:0.4771440450913712,13:0.5329967665551198,14:0.8892725168520332,15:0.8103331252223659,16:0.34827378762650874,17:0.6287128919730296,18:0.44133604011346095,19:0.6295620005953976,20:0.14695263799142932,21:0.8968123008007963,22:0.0920247550584774,23:0.5015062559445014,24:0.15377870029103513,25:0.48903445435454573,26:0.9406241581621335,27:0.6959271485401054,28:0.1630916936907827,29:0.20251653878713005,30:0.7305258218695824,31:0.3569951485788395,32:0.00443301214915115,33:0.40655500905094,34:0.9048480428647939,35:0.4102751997994776,36:0.21102357824684403,37:0.07741911055413098,38:0.6200687078522231,39:0.8437980635311323,40:0.9125233873593693} with alpha 16.0 and beta 109.0, percentage 13.88888888888889
The arm 23 has vector {0:0.5852222557210114,1:0.5310070135543952,2:0.07163744237257685,3:0.8893261207472793,4:0.983020676227894,5:0.8085194118671497,6:0.98729957342762,7:0.37941956411299715,8:0.23199787511145775,9:0.93771555488494,10:0.17753190275162878,11:0.9078229830899663,12:0.4955835942727107,13:0.5780998427035148,14:0.6668831616737477,15:0.3347167305229266,16:0.9004906087052753,17:0.40517303962855356,18:0.35659721380325193,19:0.8719814676368882,20:0.6892432710303088,21:0.44404166900417996,22:0.059338006394172305,23:0.08459440555846665,24:0.9865759737244895,25:0.9214112133831707,26:0.3063688025227209,27:0.6959023242680406,28:0.3287544968587226,29:0.780423860950203,30:0.28257346997611854,31:0.4726210174469735,32:0.2746917693625832,33:0.47713336530208716,34:0.46573535636007724,35:0.2704337504673425,36:0.6686270696115105,37:0.17585178498420584,38:0.5602077226875082,39:0.04940280989398782,40:0.779501812926191} with alpha 8.0 and beta 72.0, percentage 9.859154929577464
The arm 24 has vector {0:0.8916467574522781,1:0.05328932483349558,2:0.06693981532991822,3:0.25401346683306525,4:0.7722391035221767,5:0.26288450611476766,6:0.2987737338961829,7:0.9372034075391718,8:0.5219317823898205,9:0.04498857936856049,10:0.7781619194197414,11:0.779563584857711,12:0.014645475655333029,13:0.7387864467505729,14:0.8716982902675171,15:0.9378706426592376,16:0.01371299667516801,17:0.38454824051078074,18:0.2384621358176473,19:0.5327660421753896,20:0.13514943494429632,21:0.40414740697771756,22:0.29906615073112885,23:0.030459706743123927,24:0.4092825266163249,25:0.44574667746598884,26:0.2759004789229582,27:0.7746104261907667,28:0.9681507173638189,29:0.10891801046735528,30:0.5833840201934838,31:0.8545281599305231,32:0.7379066755385526,33:0.1918929109327916,34:0.5028647189247282,35:0.44963127238220746,36:0.4284778142714095,37:0.43717149721843707,38:0.44514034368764965,39:0.7770364505428237,40:0.543159745819658} with alpha 8.0 and beta 71.0, percentage 10.0
The arm 25 has vector {0:0.6132238622594384,1:0.12964684904206725,2:0.2736105484506727,3:0.015591818444625871,4:0.33422194496869007,5:0.6778852545824471,6:0.03790894435754022,7:0.20536497986458635,8:0.6630283260774397,9:0.7513459821601574,10:0.8913903912821635,11:0.08432280644682955,12:0.9994306923499415,13:0.11345099446251627,14:0.49858703092113643,15:0.6171638024789406,16:0.4625374717280617,17:0.3775056270171817,18:0.6938717138353068,19:0.7811706866363077,20:0.3693499122853383,21:0.5079811550445187,22:0.7380098952044519,23:0.3306002778888457,24:0.9670341620132199,25:0.01815572735203086,26:0.6153952260841521,27:0.48725087248791543,28:0.8185697478837011,29:0.10326523007080513,30:0.0181839785633634,31:0.40075495741610523,32:0.8543140326571356,33:0.07572368644315752,34:0.4428774494947414,35:0.6444678986454939,36:0.7613933134174188,37:0.011797164704691165,38:0.3241767781930822,39:0.39425281362667575,40:0.10916294821848582} with alpha 28.0 and beta 176.0, percentage 15.428571428571427
The arm 26 has vector {0:0.8002949918758083,1:0.14976856729824695,2:0.9644211484604617,3:0.3727854817838666,4:0.13534310388031934,5:0.06461810524271838,6:0.12723848086086376,7:0.4398702741913453,8:0.23628399658718835,9:0.8228455351889357,10:0.3564213415324201,11:0.107887754943373,12:0.33758946581979365,13:0.07926561653875852,14:0.11723199373974413,15:0.7113166948580656,16:0.9441374033305859,17:0.794708276284093,18:0.6359866827799673,19:0.7808334461626256,20:0.3850288753224812,21:0.40912178440278857,22:0.10353032980467625,23:0.14888937976246008,24:0.342808582974263,25:0.4825176617197572,26:0.026684626888804353,27:0.26756052859373336,28:0.6606578188005997,29:0.48668487492348245,30:0.7719939101127937,31:0.13744809426091176,32:0.7861417313014576,33:0.45328389553127235,34:0.19692576342913581,35:0.8782073168843346,36:0.3762328296582772,37:0.636599287815164,38:0.003057979085551943,39:0.14189055880707313,40:0.8974574674151088} with alpha 5.0 and beta 54.0, percentage 7.547169811320755
The arm 27 has vector {0:0.22605905723786535,1:0.9193865962572829,2:0.918798262601224,3:0.7099550281086267,4:0.07987563140427434,5:0.4510743427111418,6:0.560245785856187,7:0.5096389131612554,8:0.3810375261113014,9:0.2953194575337579,10:0.7933184206432975,11:0.008318911487216307,12:0.30260474199306786,13:0.6478899471091585,14:0.07241553042331561,15:0.770714084116852,16:0.3084568892482059,17:0.23989037615436593,18:0.18622727441305031,19:0.9539431126568708,20:0.48745548011424134,21:0.8645980527946733,22:0.4626376117113803,23:0.825717424905288,24:0.4566848551138357,25:0.8785659578972635,26:0.4662886124959429,27:0.3021831153227802,28:0.8840969537176614,29:0.6543442833171541,30:0.15991820209459284,31:0.7465080068553233,32:0.535161874820191,33:0.289274824904306,34:0.4065972453272272,35:0.7654209908577656,36:0.08413466497647482,37:0.7278724586359883,38:0.3261316387618435,39:0.4095404824165335,40:0.1385776212402774} with alpha 11.0 and beta 93.0, percentage 10.869565217391305
The arm 28 has vector {0:0.7848757301352437,1:0.6182051660071352,2:0.6711442063462671,3:0.5715687573338288,4:0.6690017337717834,5:0.36562728609231465,6:0.6105145403852815,7:0.5746599214490669,8:0.15703379212048985,9:0.47167237234667814,10:0.13715223187194847,11:0.4323642328306857,12:0.06715298428024452,13:0.6662584466258953,14:0.17641156075472098,15:0.3531044207399936,16:0.8322663798408866,17:0.27215284439888443,18:0.9865526263716345,19:0.39213331946003893,20:0.6771517244935471,21:0.4992279796808047,22:0.9704630400610408,23:0.6821043538581602,24:0.03089634025496102,25:0.7263754356607308,26:0.09823396170613674,27:0.4306826918797644,28:0.513984658475846,29:0.7353757029108978,30:0.1196771367367514,31:0.20550907281448372,32:0.800390031463545,33:0.04881306160252219,34:0.7575067532586648,35:0.3985987865571944,36:0.39035906696278977,37:0.013488655519960036,38:0.7756179768448102,39:0.68872329763538,40:0.7378678822881111} with alpha 2.0 and beta 38.0, percentage 2.7027027027027026
The arm 29 has vector {0:0.2115692929192109,1:0.880252971169437,2:0.15047710626429656,3:0.3163781000017316,4:0.06205725700660458,5:0.6826870096458542,6:0.9022917944911442,7:0.03588068084515639,8:0.627910881381191,9:0.04851063486254592,10:0.3152859449105765,11:0.0031625165800501787,12:0.8154504083429213,13:0.7618639950329612,14:0.7174564427658011,15:0.622741561665939,16:0.1558849138327839,17:0.48429869438788986,18:0.9979023651332599,19:0.024587419919197773,20:0.3950298729706254,21:0.8437532899064807,22:0.6515211953827136,23:0.8233501956165628,24:0.21532560739522988,25:0.43220943707462645,26:0.2653882780681973,27:0.7431054554694148,28:0.9847857727861633,29:0.7653390488812739,30:0.5828141319745657,31:0.999046112123148,32:0.6689263124132341,33:0.47637169190312056,34:0.8852999568144915,35:0.987839694236453,36:0.20046161171342236,37:0.5005078285559714,38:0.2894742215181755,39:0.06689820811161917,40:0.16543858343562956} with alpha 39.0 and beta 227.0, percentage 16.8141592920354
The arm 30 has vector {0:0.11908102294937573,1:0.5394195995905543,2:0.8002320446802774,3:0.18380287422976693,4:0.009492171446631836,5:0.1814350518141128,6:0.21159473025673525,7:0.6790354481907326,8:0.8311249504064421,9:0.05612808141540504,10:0.8135020820441458,11:0.8536761571921683,12:0.48653122282800054,13:0.31231190456460844,14:0.40817983795288626,15:0.42283586239306226,16:0.11975525672530296,17:0.09755823490084814,18:0.7119137643191208,19:0.38072872556758064,20:0.2226592045690129,21:0.653138733684239,22:0.7944767784363338,23:0.26437145910927606,24:0.8248723053628048,25:0.9548495528996735,26:0.9406024914208818,27:0.9439699322107351,28:0.37686549064798736,29:0.9031162270095453,30:0.7730180661912319,31:0.7943896692845578,32:0.6008428788524047,33:0.5880905297105831,34:0.39195186406846094,35:0.7408024937581433,36:0.9006042608357648,37:0.1468626559292362,38:0.9837740448123261,39:0.9292271857075387,40:0.5320522098180015} with alpha 25.0 and beta 161.0, percentage 15.0
The arm 31 has vector {0:0.10301211487007234,1:0.778927994936881,2:0.11729367581329753,3:0.21637985136082272,4:0.5413644977042651,5:0.3018261991691765,6:0.9690903459768038,7:0.6624958417768314,8:0.6050426152804264,9:0.567924262524416,10:0.2953035694067302,11:0.387187026543403,12:0.6125379591621148,13:0.26635207134356076,14:0.27026598541577695,15:0.987355115527259,16:0.5778037032364031,17:0.6449647419504527,18:0.9718570509435123,19:0.4601580972244149,20:0.4710833609439271,21:0.40299684531167956,22:0.13761982184231103,23:0.7849281212463419,24:0.8898946817905823,25:0.5822670339523908,26:0.8072904692177697,27:0.0855812286960208,28:0.11757333386119351,29:0.8983332479597733,30:0.7795705066966779,31:0.7253728417473387,32:0.6154457829860722,33:0.3622746235130565,34:0.44212777776495915,35:0.10991817972896112,36:0.726834757824751,37:0.4416932441999928,38:0.4377043772856264,39:0.539289436616889,40:0.308982337129019} with alpha 19.0 and beta 122.0, percentage 14.87603305785124
The arm 32 has vector {0:0.33599324620434046,1:0.7535305063547763,2:0.21820857381951908,3:0.4208892230670883,4:0.5713982483986545,5:0.08663150371874317,6:0.0606455969811488,7:0.6638265918667982,8:0.4808544778123979,9:0.07607261141470856,10:0.7791532770266906,11:0.5915642791139244,12:0.008418064211836218,13:0.8952294635951759,14:0.016779153820805637,15:0.005925694895686062,16:0.350908669480818,17:0.38925828772221227,18:0.5816943380399775,19:0.1738220757389194,20:0.5262451950424863,21:0.6138876693846032,22:0.7484659105729652,23:0.7643865212875779,24:0.1040674265454915,25:0.18286893920392544,26:0.3516488356067424,27:0.5689513897859784,28:0.22130708091365414,29:0.1217350785463589,30:0.12494804072683807,31:0.1226551067595768,32:0.1593891788227556,33:0.6058590260225991,34:0.12838690194514502,35:0.019731191049480845,36:0.3009477789744961,37:0.8993563787117914,38:0.7701438923637848,39:0.041915446153285574,40:0.703429659852695} with alpha 31.0 and beta 189.0, percentage 15.957446808510639
The arm 33 has vector {0:0.4280925091448333,1:0.2415627865702995,2:0.45645774490116164,3:0.817567969901887,4:0.6128433388604482,5:0.9077467384501929,6:0.5945589775306096,7:0.5349012395712426,8:0.6564737942188671,9:0.15742869456367858,10:0.10840199337891232,11:0.2458108842612735,12:0.513869003991819,13:0.02701532434626619,14:0.9469236357355212,15:0.05311026711283373,16:0.23128860950458918,17:0.7214246261556125,18:0.43847040441407104,19:0.052073613074269054,20:0.5172252304717799,21:0.5679542672383473,22:0.6117528469741224,23:0.8055801745418036,24:0.06516102404993707,25:0.6661919050444818,26:0.8562909155719065,27:0.5607835330952687,28:0.8620756924997953,29:0.2859603123445561,30:0.6148038694549289,31:0.6638233647674365,32:0.566351263021379,33:0.8069903965046075,34:0.9810405317080441,35:0.47302048435348953,36:0.5820453982520148,37:0.36026654949076065,38:0.9898829052304762,39:0.2968910238626695,40:0.6401235038948897} with alpha 7.0 and beta 66.0, percentage 9.230769230769232
The arm 34 has vector {0:0.16004785699440505,1:0.5257830065213506,2:0.5413387008402244,3:0.21651543105961224,4:0.2443847906006651,5:0.8906729137522957,6:0.8544577120428369,7:0.1350128985287773,8:0.22875100859643638,9:0.4332458926850693,10:0.8697064794248556,11:0.4955042039891112,12:0.7506783986299622,13:0.49574884435354294,14:0.7763991923048251,15:0.09325540342195471,16:0.3165072245511563,17:0.8415705862299395,18:0.545119270644326,19:0.37532819765265024,20:0.09152692799162665,21:0.8761505855830095,22:0.9079706043678504,23:0.4236034507705797,24:0.07149154736172925,25:0.9871497344967378,26:0.440215750455771,27:0.40135570714515256,28:0.13693592576521996,29:0.28938093476118776,30:0.510458213300107,31:0.6439034331960135,32:0.4923101913815645,33:0.976647794213339,34:0.3859843136131128,35:0.6387852386652172,36:0.9721549961349409,37:0.4518343193691563,38:0.04588872926553267,39:0.6038646404267701,40:0.6395224804782123} with alpha 40.0 and beta 222.0, percentage 17.647058823529413
The arm 35 has vector {0:0.3461512489884008,1:0.6331362329495971,2:0.5107896603291741,3:0.7868645594482475,4:0.39964763800983527,5:0.31987552872218583,6:0.3608686170908939,7:0.37955585796378577,8:0.4597636597953012,9:0.9489844577298616,10:0.889764545451056,11:0.7340629451839259,12:0.8533837564591112,13:0.3355012478736954,14:0.5829959626617259,15:0.3150873324680905,16:0.7535706902293379,17:0.5948685511184806,18:0.10446834220908352,19:0.19216788182148326,20:0.5647042402617646,21:0.9135152767130177,22:0.4325096362451343,23:0.4828928746790816,24:0.5559623176904376,25:0.798048762596479,26:0.28490858807769015,27:0.3594939059587967,28:0.8918871200676634,29:0.004041078987942814,30:0.6962627661325445,31:0.6514844205661576,32:0.6849977377130348,33:0.1431533005950021,34:0.8198090915455034,35:0.46501133960629504,36:0.9287740220928676,37:0.8197940359131083,38:0.4917974735436218,39:0.8827722280462498,40:0.9313790145059015} with alpha 13.0 and beta 100.0, percentage 12.121212121212121
The arm 36 has vector {0:0.6070806621683512,1:0.20151781743029162,2:0.2854734062749755,3:0.944871997481824,4:0.17770841660029857,5:0.9476303081434114,6:0.0947486974235,7:0.8665507053787213,8:0.07523959843568961,9:0.4643017921856165,10:0.05013457395126908,11:0.1126299003310951,12:0.06365266591368346,13:0.40763482240987126,14:0.5020724884477296,15:0.08240192503764898,16:0.4892202878034717,17:0.08524681757752928,18:0.4195818843876169,19:0.6313719002066165,20:0.8807977729483777,21:0.6197741425363313,22:0.9173844966526733,23:0.35841042271252754,24:0.9258619957818391,25:0.7122664346047635,26:0.005441582073746898,27:0.37059657826924075,28:0.634450264874158,29:0.39897585440036276,30:0.38016221212119095,31:0.7140060776594145,32:0.13711925583884232,33:0.11159228309058844,34:0.25583011530971056,35:0.7998946536657378,36:0.07307583391000094,37:0.6006776920902469,38:0.01576454984077602,39:0.2305578737017704,40:0.24464020428981992} with alpha 22.0 and beta 149.0, percentage 14.18918918918919
The arm 37 has vector {0:0.7807634071644182,1:0.42521057398816586,2:0.8779063300145101,3:0.0799641478507116,4:0.5392818048575128,5:0.3347938780317834,6:0.11508202250546562,7:0.07614420676910982,8:0.7651806958737442,9:0.8056248933638253,10:0.050689411754275215,11:0.8944126124186303,12:0.9115125991398809,13:0.2016696970712284,14:0.03675312404866915,15:0.20629786377912185,16:0.44120022166559403,17:0.0023799666789008356,18:0.06507135009552423,19:0.33056902148426437,20:0.935040580444736,21:1.5135474712990593E-5,22:0.7795411128707471,23:0.9659773148424636,24:0.657382681213733,25:0.6183939985911537,26:0.29545603462817305,27:0.7141746321048592,28:0.5783682958684503,29:0.5391623444546307,30:0.5927904363673678,31:0.7787356279974031,32:0.3985659489980835,33:0.5763479858106952,34:0.24419791674240476,35:0.8564543757689373,36:0.7513202028028728,37:0.23803124463699998,38:0.6976697226835016,39:0.01292016255163797,40:0.5299225806194738} with alpha 18.0 and beta 122.0, percentage 14.049586776859504
The arm 38 has vector {0:0.7097171610325591,1:0.9059758392256732,2:0.8159684119379473,3:0.3574241474761436,4:0.4340746887548945,5:0.43880092655238834,6:0.7599495097207912,7:0.9410868573113784,8:0.4963906851193717,9:0.6661109679282579,10:0.8967755400861035,11:0.5677162173295534,12:0.9871431566544042,13:0.9436998882370742,14:0.46806473601139165,15:0.9561489245633045,16:0.29406778891174723,17:0.9207007790892704,18:0.15711127635015032,19:0.3037277603412806,20:0.20096279974169418,21:0.7329587948400725,22:0.26741863220192497,23:0.4542388588443438,24:0.7511512011064232,25:0.882112785881617,26:0.022443613275392793,27:0.4446362312367612,28:0.8312992368966212,29:0.40490099106716415,30:0.9288456133340516,31:0.43216742410899756,32:0.7590187021686057,33:0.6777034134712655,34:0.14862592971740318,35:0.8078217653039671,36:0.7258608916028275,37:0.9416411989505175,38:0.963931609259413,39:0.2473762151728418,40:0.8653139386030078} with alpha 5.0 and beta 60.0, percentage 6.779661016949152
The arm 39 has vector {0:0.3845662176993422,1:0.954556044854337,2:0.5108143994244007,3:0.1961744785748758,4:0.20550547570848932,5:0.7042638355873657,6:0.9791143136767672,7:0.7191922627445818,8:0.47689557291370455,9:0.3223314965479085,10:0.7570446843501015,11:0.3746939216100089,12:0.9819272492960363,13:0.9772638149808558,14:0.32630660140319856,15:0.9208526862240574,16:0.0201842415311293,17:0.24594944903639504,18:0.5452410271110799,19:0.6871554216784421,20:0.13603811166849045,21:0.016797917963755293,22:0.12954862404830325,23:0.3503650831055144,24:0.47986584926393205,25:0.957844761592606,26:0.383688724210524,27:0.11227171112754808,28:0.9006564697767794,29:0.6974042236364135,30:0.03195725627371837,31:0.5185171959252691,32:0.511356353190528,33:0.7833049026860144,34:0.7288776966707483,35:0.94123384688777,36:0.8147186487532466,37:0.5915928425128348,38:0.736813575082752,39:0.17438579673855203,40:0.316586324503347} with alpha 20.0 and beta 145.0, percentage 13.194444444444445
The arm 40 has vector {0:0.94834544574317,1:0.2967364154528246,2:0.8802516628037353,3:0.054433008444734865,4:0.016064341122098535,5:0.7379548916439408,6:0.49005666499367095,7:0.9366139262020509,8:0.35602083721080935,9:0.42546147718911964,10:0.1635262143935563,11:0.4368855511302381,12:0.4051403215453244,13:0.20720926888877234,14:0.9708826426706428,15:0.3148098512724865,16:0.3076792005304614,17:0.6250990451906435,18:0.9496538332657576,19:0.44163194492329805,20:0.7723488259933624,21:0.0353899859352258,22:0.9559247698987606,23:0.16800691831363013,24:0.4427722364387102,25:0.44163942900057984,26:0.6961720224352974,27:0.35155388333609694,28:0.595236591439512,29:0.6708907604881598,30:0.47296908436360197,31:0.2596550853606736,32:0.5927724965674077,33:0.22185222818176709,34:0.379487877529891,35:0.49182704838298674,36:0.41712468358026444,37:0.07435604929420081,38:0.3995791443201159,39:0.5167080140641378,40:0.8601314689117339} with alpha 33.0 and beta 197.0, percentage 16.3265306122449
The arm 41 has vector {0:0.9681586661607537,1:0.3000812233689796,2:0.9417275417598098,3:0.12039622987869192,4:0.2912612870670178,5:0.19337780096071344,6:0.7710662153386297,7:0.47581939295132536,8:0.7664717466809746,9:0.13330130438673748,10:0.7575869680260738,11:0.3260116741364323,12:0.14982573892699302,13:0.42966543436684435,14:0.7533709792196327,15:0.08811398234169032,16:0.6084003005068687,17:0.9162059745194546,18:0.4181018072579825,19:0.5440746578564738,20:0.5682692519004003,21:0.5938205915819994,22:0.058836596536642194,23:0.3273864797193877,24:0.9713417489700504,25:0.10195305770488661,26:0.8339336160079843,27:0.3861994818964348,28:0.302608407071969,29:0.8885167267945424,30:0.06593085573071711,31:0.6233888040953471,32:0.6039945782338251,33:0.17050655356271738,34:0.3794966088043792,35:0.769635545153385,36:0.07452443156985966,37:0.1136792573189691,38:0.9827715132990675,39:0.6447139143648625,40:0.10019841726012524} with alpha 19.0 and beta 125.0, percentage 14.516129032258066
The arm 42 has vector {0:0.06478489123084452,1:0.8839118763150475,2:0.6049582034137204,3:0.15623689689729003,4:0.8877632418191159,5:0.46090266424668747,6:0.9896260838225367,7:0.5735033453514169,8:0.28575108546595795,9:0.7842778879943866,10:0.12017956033579413,11:0.843270152242129,12:0.8321183852493528,13:0.4445501626902083,14:0.0273519180447247,15:0.8240517721785294,16:0.7764262311403732,17:0.5203583501754234,18:0.9535281806614554,19:0.5908205001127392,20:0.6616555108861215,21:0.23236449316219976,22:0.5985437715161981,23:0.22261774739119256,24:0.28375745616339854,25:0.06544247819815607,26:0.4478807533232586,27:0.3237455548379109,28:0.6351401419497428,29:0.1463996829344939,30:0.7576324012023772,31:0.7420347611052235,32:0.1342232062303943,33:0.9861772205420356,34:0.8924807720290725,35:0.6470027683572198,36:0.060842744542092486,37:0.002390698687413595,38:0.6446620238138216,39:0.6834315256335378,40:0.45275126658403386} with alpha 15.0 and beta 108.0, percentage 13.084112149532709
The arm 43 has vector {0:0.14263323593388555,1:0.00531489651194339,2:0.5094891649687846,3:0.09436117167201363,4:0.894378460095762,5:0.6972607745511137,6:0.6466406731529563,7:0.6534858002855097,8:0.4348099940987794,9:0.21017315554373683,10:0.1107401585738853,11:0.7736398601797936,12:0.5452966340976938,13:0.2666606848839902,14:0.7264118436889879,15:0.7256856723853742,16:0.6683360268767286,17:0.9663729689493392,18:0.32390398072679105,19:0.6195166047322805,20:0.18343761624692134,21:0.7602190550440626,22:0.5960703851900121,23:0.8765571886361332,24:0.27366555051602237,25:0.560123345889339,26:0.2984537885511509,27:0.05805927895453544,28:0.5440082971010143,29:0.07559098741351522,30:0.4337491435934495,31:0.19017818510278361,32:0.22610557017392596,33:0.34090813431683253,34:0.5414964444325521,35:0.8011551702204958,36:0.6679937649423323,37:0.3856489713497343,38:0.8138186080375935,39:0.6172460885770208,40:0.8428009263495093} with alpha 17.0 and beta 127.0, percentage 12.698412698412698
The arm 44 has vector {0:0.6071467915867305,1:0.6642799544895309,2:0.9134984074983167,3:0.39853593509003793,4:0.7637628861642497,5:0.2179363683981591,6:0.7323829388030892,7:0.9984708952089172,8:0.5078853348493177,9:0.3848184269279339,10:0.019873695813007686,11:0.5071573847986425,12:0.6541957726224058,13:0.32319741112651834,14:0.13461220587280154,15:0.5254093972612421,16:0.7473832244763747,17:0.6958548728999677,18:0.13493989564961728,19:0.9380820598941946,20:0.5816790141007903,21:0.5286217198515212,22:0.8906443515504622,23:0.44424887386092804,24:0.3452379953809803,25:0.663985579489847,26:0.5561308308589966,27:0.3785073663135424,28:0.7430536392773202,29:0.10330314918375794,30:0.41957276554022116,31:0.44972292854417295,32:0.2797037937471015,33:0.6135719154421025,34:0.7775123742598729,35:0.030793266881933068,36:0.9614186951665887,37:0.8999651403063313,38:0.38045304490338316,39:0.019425373963047,40:0.7964745600904439} with alpha 35.0 and beta 206.0, percentage 16.585365853658537
The arm 45 has vector {0:0.9916255378585446,1:0.06462777256708252,2:0.7108985510093687,3:0.9062877939940007,4:0.8738619481042943,5:0.6825096279933336,6:0.590184380215465,7:0.7651643692681013,8:0.5506925302413757,9:0.39158345904819924,10:0.41297502944829656,11:0.3495440035865156,12:0.7448589929358519,13:0.015887432306305627,14:0.22486597695888944,15:2.861817172354897E-4,16:0.8138052595820023,17:0.8235808791725623,18:0.12685231437904443,19:0.9659602947894362,20:0.3597151469930775,21:0.8291298907944765,22:0.44762262061430513,23:0.6084578070228135,24:0.8044262621836242,25:0.09718951620228122,26:0.05658194229045155,27:0.5561415699304666,28:0.563287827200171,29:0.5176388015190032,30:0.9146907800386377,31:0.6292920140104672,32:0.5521590421460943,33:0.4732239177913733,34:0.5487580919773366,35:0.9652520247646772,36:0.30057793153357204,37:0.612758347292396,38:0.7150894650730368,39:0.6480472350942204,40:0.9632132538967781} with alpha 27.0 and beta 172.0, percentage 15.204678362573098
The arm 46 has vector {0:0.6196047215206434,1:0.27449632007896996,2:0.6776229728704365,3:0.6214240445317675,4:0.024028208242825477,5:0.31512058414732513,6:0.38325066998764845,7:0.0638292590991062,8:0.6693843726760784,9:0.6531004451205845,10:0.6901438386342239,11:0.5705989753207432,12:0.6025934484400999,13:0.16381499755963513,14:0.4960107134424855,15:0.7727418100720214,16:0.3896018809657147,17:0.6331912326240531,18:0.7239854990534752,19:0.6179052036813883,20:0.9614279872403197,21:0.8429823449755868,22:0.611990462508092,23:0.2507796032530283,24:0.30436788951921734,25:0.4495056901789154,26:0.8964820560530428,27:0.5920743124264978,28:0.6783369827568257,29:0.7788597196060546,30:0.28610679198588307,31:0.9019922885918676,32:0.1239209348305772,33:0.854632774317806,34:0.7301365867771176,35:0.3660113362774552,36:0.8266401555758605,37:0.9262900577979721,38:0.4864850965999258,39:0.2570012486056863,40:0.43178622852241566} with alpha 21.0 and beta 149.0, percentage 13.513513513513514
The arm 47 has vector {0:0.4904220718290382,1:0.989524871103344,2:0.691297205648713,3:0.3485572937660514,4:0.04361293388823795,5:0.5351410917267871,6:0.8079776549421512,7:0.9228702926290621,8:0.16616990590987002,9:0.8743745521434066,10:0.25938096269289135,11:0.381710137001816,12:0.48516268228956283,13:0.8035695907167189,14:0.7659443441614173,15:0.6032129387907732,16:0.4776989872633627,17:0.5953707138255347,18:0.010854872016561323,19:0.22736627677054932,20:0.7510419626302971,21:0.49888107158114803,22:0.95201457599901,23:0.6447527549870515,24:0.49880438577257546,25:0.5250326516917644,26:0.475012889606078,27:0.8446269931800837,28:0.3616685425025298,29:0.5696103004923418,30:0.407142479800252,31:0.6981890714497744,32:0.5942519887556649,33:0.5124530036016965,34:0.27220785844226547,35:0.6949234061197114,36:0.26594527974585846,37:0.5615552325807254,38:0.6746853196762992,39:0.46930381481378625,40:0.5034228351238149} with alpha 10.0 and beta 88.0, percentage 10.344827586206897
The arm 48 has vector {0:0.9237555394654439,1:0.011944623645733787,2:0.936325891888949,3:0.46160789466477536,4:0.6046038749056512,5:0.4633488657901149,6:0.5143563462224491,7:0.9117217417437051,8:0.9432183320413778,9:0.19977140193642196,10:0.5380450840599907,11:0.48637409509736995,12:0.10053400248452171,13:0.3572683797532077,14:0.27689686904041966,15:0.7590912578559444,16:0.6739819540345442,17:0.2251660123883117,18:0.5407691762506772,19:0.2956079115144158,20:0.04735622497671532,21:0.18054683621699497,22:0.28723094734010324,23:0.3116072144244,24:0.9967618766786382,25:0.455181347926111,26:0.24207141273654553,27:0.3574787143689596,28:0.009975203242334696,29:0.3780657784069317,30:0.487857927773547,31:0.6073184796467186,32:0.35534544918263034,33:0.6818197587491817,34:0.8569287411030375,35:0.37759643656440867,36:0.8636561501699238,37:0.11925172305111054,38:0.2958110052500339,39:0.3556416475081753,40:0.26416571794677923} with alpha 20.0 and beta 135.0, percentage 14.17910447761194
The arm 49 has vector {0:0.1780918605916405,1:0.5434639419166837,2:0.7598590030318965,3:0.8253615045188009,4:0.972050610688212,5:0.7571545233295167,6:0.2472778639766301,7:0.7830506185835001,8:0.4765986676377024,9:0.13260581018180617,10:0.833928162001014,11:0.7755416394920548,12:0.9544742949386134,13:0.4276736122829896,14:0.9227730145172286,15:0.5810172231160846,16:0.5653548551507949,17:0.8210370136852144,18:0.5347760390413333,19:0.8446943145285234,20:0.42922854430761004,21:0.11537374072003437,22:0.8614033924047934,23:0.6332459573114467,24:0.9464451783196958,25:0.4851790342456964,26:0.5434229248033374,27:0.3905989210174098,28:0.2691848150259726,29:0.33688251630228516,30:0.4588552524982962,31:0.5657658832006687,32:0.708386190675682,33:0.28366867292345843,34:0.3141075148233671,35:0.6816167919357063,36:0.6408239649022117,37:0.3351160561101866,38:0.7312670433513301,39:0.05279161936747723,40:0.49324358502220034} with alpha 21.0 and beta 129.0, percentage 15.625
The best arm is 34 with vector {0:0.16004785699440505,1:0.5257830065213506,2:0.5413387008402244,3:0.21651543105961224,4:0.2443847906006651,5:0.8906729137522957,6:0.8544577120428369,7:0.1350128985287773,8:0.22875100859643638,9:0.4332458926850693,10:0.8697064794248556,11:0.4955042039891112,12:0.7506783986299622,13:0.49574884435354294,14:0.7763991923048251,15:0.09325540342195471,16:0.3165072245511563,17:0.8415705862299395,18:0.545119270644326,19:0.37532819765265024,20:0.09152692799162665,21:0.8761505855830095,22:0.9079706043678504,23:0.4236034507705797,24:0.07149154736172925,25:0.9871497344967378,26:0.440215750455771,27:0.40135570714515256,28:0.13693592576521996,29:0.28938093476118776,30:0.510458213300107,31:0.6439034331960135,32:0.4923101913815645,33:0.976647794213339,34:0.3859843136131128,35:0.6387852386652172,36:0.9721549961349409,37:0.4518343193691563,38:0.04588872926553267,39:0.6038646404267701,40:0.6395224804782123} with alpha 40.0 and beta 222.0, percentage 17.647058823529413
The right guesses are: 852 which means 13.892059351051689% correct
Done
The current arm is 34 with vector {0:0.16004785699440505,1:0.5257830065213506,2:0.5413387008402244,3:0.21651543105961224,4:0.2443847906006651,5:0.8906729137522957,6:0.8544577120428369,7:0.1350128985287773,8:0.22875100859643638,9:0.4332458926850693,10:0.8697064794248556,11:0.4955042039891112,12:0.7506783986299622,13:0.49574884435354294,14:0.7763991923048251,15:0.09325540342195471,16:0.3165072245511563,17:0.8415705862299395,18:0.545119270644326,19:0.37532819765265024,20:0.09152692799162665,21:0.8761505855830095,22:0.9079706043678504,23:0.4236034507705797,24:0.07149154736172925,25:0.9871497344967378,26:0.440215750455771,27:0.40135570714515256,28:0.13693592576521996,29:0.28938093476118776,30:0.510458213300107,31:0.6439034331960135,32:0.4923101913815645,33:0.976647794213339,34:0.3859843136131128,35:0.6387852386652172,36:0.9721549961349409,37:0.4518343193691563,38:0.04588872926553267,39:0.6038646404267701,40:0.6395224804782123} with alpha 87.0 and beta 663.0
The order information:
Date: 2012-05-09T17:07:05.000+02:00
It predicted these items for order 1778911 :
   31560 with score of 355.3867571064075
   752 with score of 212.8990816709711
   5003 with score of 122.29294053947835
   748 with score of 118.95214029586484
   21714 with score of 118.51640241743908
   27900 with score of 112.07530347614534
   27576 with score of 106.60182701222152
   23467 with score of 106.16648746268285
   20430 with score of 96.62567038143467
   11832 with score of 87.66348453933381
These are the actual items bought: 
   11832
   30233
The current arm is 34 with vector {0:0.16004785699440505,1:0.5257830065213506,2:0.5413387008402244,3:0.21651543105961224,4:0.2443847906006651,5:0.8906729137522957,6:0.8544577120428369,7:0.1350128985287773,8:0.22875100859643638,9:0.4332458926850693,10:0.8697064794248556,11:0.4955042039891112,12:0.7506783986299622,13:0.49574884435354294,14:0.7763991923048251,15:0.09325540342195471,16:0.3165072245511563,17:0.8415705862299395,18:0.545119270644326,19:0.37532819765265024,20:0.09152692799162665,21:0.8761505855830095,22:0.9079706043678504,23:0.4236034507705797,24:0.07149154736172925,25:0.9871497344967378,26:0.440215750455771,27:0.40135570714515256,28:0.13693592576521996,29:0.28938093476118776,30:0.510458213300107,31:0.6439034331960135,32:0.4923101913815645,33:0.976647794213339,34:0.3859843136131128,35:0.6387852386652172,36:0.9721549961349409,37:0.4518343193691563,38:0.04588872926553267,39:0.6038646404267701,40:0.6395224804782123} with alpha 240.0 and beta 1663.0
The order information:
Date: 2012-05-10T17:54:43.000+02:00
It predicted these items for order 1779917 :
   31560 with score of 343.79587065721626
   752 with score of 227.89225368542512
   5003 with score of 128.71018396770046
   748 with score of 126.91812370962921
   21714 with score of 122.77336030427077
   27900 with score of 114.69385402877992
   27576 with score of 106.75869344388948
   29669 with score of 103.47774743016517
   20430 with score of 95.88997344392715
   23467 with score of 92.8210599776621
These are the actual items bought: 
   30342
   23374
   32289
The current arm is 34 with vector {0:0.16004785699440505,1:0.5257830065213506,2:0.5413387008402244,3:0.21651543105961224,4:0.2443847906006651,5:0.8906729137522957,6:0.8544577120428369,7:0.1350128985287773,8:0.22875100859643638,9:0.4332458926850693,10:0.8697064794248556,11:0.4955042039891112,12:0.7506783986299622,13:0.49574884435354294,14:0.7763991923048251,15:0.09325540342195471,16:0.3165072245511563,17:0.8415705862299395,18:0.545119270644326,19:0.37532819765265024,20:0.09152692799162665,21:0.8761505855830095,22:0.9079706043678504,23:0.4236034507705797,24:0.07149154736172925,25:0.9871497344967378,26:0.440215750455771,27:0.40135570714515256,28:0.13693592576521996,29:0.28938093476118776,30:0.510458213300107,31:0.6439034331960135,32:0.4923101913815645,33:0.976647794213339,34:0.3859843136131128,35:0.6387852386652172,36:0.9721549961349409,37:0.4518343193691563,38:0.04588872926553267,39:0.6038646404267701,40:0.6395224804782123} with alpha 391.0 and beta 2663.0
The order information:
Date: 2012-05-11T22:39:32.000+02:00
It predicted these items for order 1780921 :
   31560 with score of 328.01057905354276
   752 with score of 227.98382649287723
   748 with score of 174.41933512051466
   21714 with score of 115.77798876783856
   29669 with score of 112.79042884498725
   27576 with score of 110.95520020263658
   27900 with score of 105.0217798009642
   5003 with score of 103.90035418915402
   20430 with score of 102.76882202659884
   23467 with score of 99.84443529034431
These are the actual items bought: 
   31776
The current arm is 34 with vector {0:0.16004785699440505,1:0.5257830065213506,2:0.5413387008402244,3:0.21651543105961224,4:0.2443847906006651,5:0.8906729137522957,6:0.8544577120428369,7:0.1350128985287773,8:0.22875100859643638,9:0.4332458926850693,10:0.8697064794248556,11:0.4955042039891112,12:0.7506783986299622,13:0.49574884435354294,14:0.7763991923048251,15:0.09325540342195471,16:0.3165072245511563,17:0.8415705862299395,18:0.545119270644326,19:0.37532819765265024,20:0.09152692799162665,21:0.8761505855830095,22:0.9079706043678504,23:0.4236034507705797,24:0.07149154736172925,25:0.9871497344967378,26:0.440215750455771,27:0.40135570714515256,28:0.13693592576521996,29:0.28938093476118776,30:0.510458213300107,31:0.6439034331960135,32:0.4923101913815645,33:0.976647794213339,34:0.3859843136131128,35:0.6387852386652172,36:0.9721549961349409,37:0.4518343193691563,38:0.04588872926553267,39:0.6038646404267701,40:0.6395224804782123} with alpha 554.0 and beta 3663.0
The order information:
Date: 2012-05-13T15:53:25.000+02:00
It predicted these items for order 1781930 :
   31560 with score of 288.7133671359484
   752 with score of 219.65907845166464
   748 with score of 199.47828881298426
   21714 with score of 130.55824481738483
   5003 with score of 119.81636229413412
   29669 with score of 114.97363366066098
   27576 with score of 111.90012708967271
   20430 with score of 105.60448250822648
   27900 with score of 101.16054175165931
   23467 with score of 97.69470227246953
These are the actual items bought: 
   2084
   29003
   31950
   20990
   31940
   30573
   20678
   30195
   25363
   27900
The current arm is 34 with vector {0:0.16004785699440505,1:0.5257830065213506,2:0.5413387008402244,3:0.21651543105961224,4:0.2443847906006651,5:0.8906729137522957,6:0.8544577120428369,7:0.1350128985287773,8:0.22875100859643638,9:0.4332458926850693,10:0.8697064794248556,11:0.4955042039891112,12:0.7506783986299622,13:0.49574884435354294,14:0.7763991923048251,15:0.09325540342195471,16:0.3165072245511563,17:0.8415705862299395,18:0.545119270644326,19:0.37532819765265024,20:0.09152692799162665,21:0.8761505855830095,22:0.9079706043678504,23:0.4236034507705797,24:0.07149154736172925,25:0.9871497344967378,26:0.440215750455771,27:0.40135570714515256,28:0.13693592576521996,29:0.28938093476118776,30:0.510458213300107,31:0.6439034331960135,32:0.4923101913815645,33:0.976647794213339,34:0.3859843136131128,35:0.6387852386652172,36:0.9721549961349409,37:0.4518343193691563,38:0.04588872926553267,39:0.6038646404267701,40:0.6395224804782123} with alpha 700.0 and beta 4663.0
The order information:
Date: 2012-05-14T16:46:54.000+02:00
It predicted these items for order 1782931 :
   31560 with score of 280.8871985038549
   748 with score of 229.43658419919393
   752 with score of 204.02247170869572
   21714 with score of 128.80923754681962
   27576 with score of 124.0493506547472
   5003 with score of 122.06715480943494
   29669 with score of 114.82315580102286
   27900 with score of 106.81991809068501
   23467 with score of 104.83667122101674
   20430 with score of 103.81618844679544
These are the actual items bought: 
   32564
The current arm is 34 with vector {0:0.16004785699440505,1:0.5257830065213506,2:0.5413387008402244,3:0.21651543105961224,4:0.2443847906006651,5:0.8906729137522957,6:0.8544577120428369,7:0.1350128985287773,8:0.22875100859643638,9:0.4332458926850693,10:0.8697064794248556,11:0.4955042039891112,12:0.7506783986299622,13:0.49574884435354294,14:0.7763991923048251,15:0.09325540342195471,16:0.3165072245511563,17:0.8415705862299395,18:0.545119270644326,19:0.37532819765265024,20:0.09152692799162665,21:0.8761505855830095,22:0.9079706043678504,23:0.4236034507705797,24:0.07149154736172925,25:0.9871497344967378,26:0.440215750455771,27:0.40135570714515256,28:0.13693592576521996,29:0.28938093476118776,30:0.510458213300107,31:0.6439034331960135,32:0.4923101913815645,33:0.976647794213339,34:0.3859843136131128,35:0.6387852386652172,36:0.9721549961349409,37:0.4518343193691563,38:0.04588872926553267,39:0.6038646404267701,40:0.6395224804782123} with alpha 816.0 and beta 5663.0
The order information:
Date: 2012-05-15T15:02:20.000+02:00
It predicted these items for order 1783936 :
   31560 with score of 264.0677689192181
   748 with score of 238.2572439519269
   752 with score of 174.52137242025213
   27576 with score of 138.8464662846467
   21714 with score of 128.49472096272612
   5003 with score of 123.55310345676864
   29669 with score of 113.83474693085459
   21776 with score of 107.4060828668465
   25201 with score of 103.04459235159985
   23467 with score of 102.63384271473076
These are the actual items bought: 
   12096
The arm 34 has vector {0:0.16004785699440505,1:0.5257830065213506,2:0.5413387008402244,3:0.21651543105961224,4:0.2443847906006651,5:0.8906729137522957,6:0.8544577120428369,7:0.1350128985287773,8:0.22875100859643638,9:0.4332458926850693,10:0.8697064794248556,11:0.4955042039891112,12:0.7506783986299622,13:0.49574884435354294,14:0.7763991923048251,15:0.09325540342195471,16:0.3165072245511563,17:0.8415705862299395,18:0.545119270644326,19:0.37532819765265024,20:0.09152692799162665,21:0.8761505855830095,22:0.9079706043678504,23:0.4236034507705797,24:0.07149154736172925,25:0.9871497344967378,26:0.440215750455771,27:0.40135570714515256,28:0.13693592576521996,29:0.28938093476118776,30:0.510458213300107,31:0.6439034331960135,32:0.4923101913815645,33:0.976647794213339,34:0.3859843136131128,35:0.6387852386652172,36:0.9721549961349409,37:0.4518343193691563,38:0.04588872926553267,39:0.6038646404267701,40:0.6395224804782123} with alpha 871.0 and beta 6134.0, percentage 14.185553562693626
The best arm is 34 with vector {0:0.16004785699440505,1:0.5257830065213506,2:0.5413387008402244,3:0.21651543105961224,4:0.2443847906006651,5:0.8906729137522957,6:0.8544577120428369,7:0.1350128985287773,8:0.22875100859643638,9:0.4332458926850693,10:0.8697064794248556,11:0.4955042039891112,12:0.7506783986299622,13:0.49574884435354294,14:0.7763991923048251,15:0.09325540342195471,16:0.3165072245511563,17:0.8415705862299395,18:0.545119270644326,19:0.37532819765265024,20:0.09152692799162665,21:0.8761505855830095,22:0.9079706043678504,23:0.4236034507705797,24:0.07149154736172925,25:0.9871497344967378,26:0.440215750455771,27:0.40135570714515256,28:0.13693592576521996,29:0.28938093476118776,30:0.510458213300107,31:0.6439034331960135,32:0.4923101913815645,33:0.976647794213339,34:0.3859843136131128,35:0.6387852386652172,36:0.9721549961349409,37:0.4518343193691563,38:0.04588872926553267,39:0.6038646404267701,40:0.6395224804782123} with alpha 871.0 and beta 6134.0, percentage 14.185553562693626
The right guesses are: 870 which means 14.185553562693626% correct
Done
The current arm is 0 with vector {0:0.8977105781521986} with alpha 77.0 and beta 663.0
The order information:
Date: 2012-05-09T17:07:05.000+02:00
It predicted these items for order 1778911 :
   31560 with score of 1066.0
   27900 with score of 422.0
   752 with score of 403.0
   20430 with score of 379.0
   748 with score of 359.0
   11832 with score of 300.0
   5003 with score of 297.0
   31553 with score of 290.0
   21714 with score of 288.0
   27576 with score of 244.0
These are the actual items bought: 
   11832
   30233
The current arm is 0 with vector {0:0.8977105781521986} with alpha 229.0 and beta 1663.0
The order information:
Date: 2012-05-10T17:54:43.000+02:00
It predicted these items for order 1779917 :
   31560 with score of 1088.0
   752 with score of 413.0
   27900 with score of 410.0
   748 with score of 374.0
   20430 with score of 372.0
   5003 with score of 305.0
   11832 with score of 303.0
   21714 with score of 299.0
   31553 with score of 298.0
   29669 with score of 270.0
These are the actual items bought: 
   30342
   23374
   32289
The current arm is 0 with vector {0:0.8977105781521986} with alpha 370.0 and beta 2663.0
The order information:
Date: 2012-05-11T22:39:32.000+02:00
It predicted these items for order 1780921 :
   31560 with score of 1028.0
   748 with score of 422.0
   752 with score of 420.0
   27900 with score of 389.0
   20430 with score of 366.0
   5003 with score of 311.0
   21714 with score of 304.0
   11832 with score of 298.0
   29669 with score of 282.0
   31553 with score of 275.0
These are the actual items bought: 
   31776
The current arm is 0 with vector {0:0.8977105781521986} with alpha 533.0 and beta 3663.0
The order information:
Date: 2012-05-13T15:53:25.000+02:00
It predicted these items for order 1781930 :
   31560 with score of 990.0
   748 with score of 443.0
   752 with score of 428.0
   20430 with score of 368.0
   27900 with score of 354.0
   5003 with score of 334.0
   21714 with score of 325.0
   29669 with score of 279.0
   11832 with score of 277.0
   27576 with score of 269.0
These are the actual items bought: 
   2084
   29003
   31950
   20990
   31940
   30573
   20678
   30195
   25363
   27900
The current arm is 0 with vector {0:0.8977105781521986} with alpha 679.0 and beta 4663.0
The order information:
Date: 2012-05-14T16:46:54.000+02:00
It predicted these items for order 1782931 :
   31560 with score of 989.0
   748 with score of 475.0
   752 with score of 445.0
   20430 with score of 361.0
   27900 with score of 339.0
   5003 with score of 338.0
   21714 with score of 331.0
   27576 with score of 302.0
   31553 with score of 286.0
   11832 with score of 282.0
These are the actual items bought: 
   32564
The current arm is 0 with vector {0:0.8977105781521986} with alpha 777.0 and beta 5663.0
The order information:
Date: 2012-05-15T15:02:20.000+02:00
It predicted these items for order 1783936 :
   31560 with score of 991.0
   748 with score of 496.0
   752 with score of 448.0
   20430 with score of 354.0
   5003 with score of 349.0
   21714 with score of 335.0
   27900 with score of 326.0
   27576 with score of 323.0
   31553 with score of 280.0
   11832 with score of 277.0
These are the actual items bought: 
   12096
The arm 0 has vector {0:0.8977105781521986} with alpha 831.0 and beta 6134.0, percentage 13.53334420348932
The best arm is 0 with vector {0:0.8977105781521986} with alpha 831.0 and beta 6134.0, percentage 13.53334420348932
The right guesses are: 830 which means 13.53334420348932% correct
Done
647
