Items: 31014,2,2012-03-22 09:35:15.730000000,2013-01-31 22:08:19.360000000,0,0000000000000000000000000000000000000000000000000000000000000000000000000000000000000000000010000000000000000000000000000000000000000000000000000000000000000000000000000000000000000000000000000000000000000000000000000000000000000000000000000000000000000000
Items: 16065,3,2010-10-12 09:05:28.623000000,2011-10-19 12:41:59.293000000,0,0000000000000000000000000000000000000000000000000000000000000000000000000000000000000000000100000000000000000000000000000000000000000000000000000000000000000000000000000000000000000000000000000000000000000000000000000000000000000000000000000000000000000000
Items: 2897,1,2010-07-28 15:55:07.423000000,2013-07-15 05:02:15.650000000,0,0000000000000000000000000000000000000000000000000000000000000000000000000000000000000000000100000000000000000000000000000000000000000000000000000000000000000000000000000000000000000000000000000000000000000000000000000000000000000000000000000000000000000000
Users: 46671,2009-07-31 17:52:05.423000000,45238,,0
Users: 117404,2012-02-11 18:20:17.737000000,30295,1989-02-13 00:00:00,1
Users: 185087,2009-07-31 19:48:45.310000000,54234,1986-06-04 00:00:00,1
Users: 242612,2011-12-03 21:34:16.640000000,90627,1990-07-23 00:00:00,2
Users: 294436,2011-03-16 09:05:23.647000000,72233,1994-04-25 00:00:00,1
Users: 345704,2011-11-11 20:55:14.437000000,68600,1994-06-05 00:00:00,2
Users: 399809,2012-09-17 14:43:42.033000000,44491,1997-12-12 00:00:00,1
Users: 455390,2012-12-20 16:02:28.573000000,3274,1978-06-02 00:00:00,2
Users: 525182,2013-07-28 12:33:53.590000000,53372,1990-06-17 00:00:00,0
Orders: 35022,1033356,1457,2009-10-18 21:46:53.347000000
Orders: 214698,1082559,614,2010-01-24 20:16:55.153000000
Orders: 226305,1122161,1501,2010-03-20 16:23:03.950000000
Orders: 46541,1167569,11120,2010-05-26 12:55:02.417000000
Orders: 75824,1208142,11119,2010-07-27 23:14:48.377000000
Orders: 13287,1248778,12826,2010-09-21 21:56:27.157000000
Orders: 272654,1296031,653,2010-12-01 18:41:36.730000000
Orders: 285359,1344258,18628,2011-01-28 14:59:09.743000000
Orders: 157456,1388262,18371,2011-03-17 11:46:02.120000000
Orders: 307265,1432210,758,2011-04-29 21:28:48.340000000
Orders: 271030,1473349,21803,2011-06-14 15:24:35.467000000
Orders: 275827,1511037,21829,2011-07-28 21:58:50.970000000
Orders: 62527,1550712,24845,2011-09-10 18:44:47.023000000
Orders: 293365,1597283,27523,2011-11-12 08:21:31.203000000
Orders: 158173,1649466,24361,2011-12-28 14:06:54.430000000
Orders: 371623,1691322,28947,2012-01-31 15:54:20.570000000
Orders: 151193,1739094,2144,2012-03-22 17:02:48.527000000
Orders: 71320,1784958,7874,2012-05-16 17:00:59.817000000
Orders: 287161,1827735,20480,2012-06-29 22:23:24.193000000
Orders: 271514,1866722,31203,2012-08-11 21:38:56.863000000
Orders: 428803,1915657,35460,2012-10-09 20:15:44.210000000
Orders: 444954,1966435,29677,2012-12-01 22:51:49.073000000
Orders: 460415,2018674,31695,2013-01-07 22:20:30.543000000
Orders: 381441,2066329,35170,2013-02-19 22:08:16.833000000
Orders: 485606,2112774,39306,2013-03-26 15:04:37.277000000
Orders: 423890,2161061,11304,2013-05-03 09:35:38.190000000
Orders: 314770,2207605,26096,2013-06-05 19:04:54.837000000
Orders: 287308,2249841,40450,2013-07-13 20:23:09.463000000
Orders: 255027,2289235,33612,2013-08-13 17:15:05.073000000
Orders: 466261,2331294,43871,2013-09-15 21:02:00.180000000
Orders: 446724,2379393,448,2013-11-01 19:20:53.627000000

Startup information:
First order in training stage: 700000
First order in evaluation stage: 771338
Last order in evaluation stage: 777338

Number of orders in training stage: 71338
Number of orders in evaluation stage: 6000

The current arm is 35 with vector {0:0.29537976128461585,1:0.7886183557737895,2:0.3182062058382862,3:0.9905703955837026,4:0.6592267992721647,5:0.7251312124702097,6:0.013137187806756878,7:0.5495533181100323,8:0.7846029648744235,9:0.4848139701085592,10:0.9969469846840479,11:0.9277621747919709,12:0.8329213983829634,13:0.5714550638552525,14:0.5763813417692423,15:0.34253027250619184,16:0.7441302744931859,17:0.4929803938166526,18:0.6038976154617356,19:0.9734055263385059,20:0.25255726567699244,21:0.1223160814697758,22:0.6940472239937892,23:0.45214956069936296,24:0.7214021722075078,25:0.8847714050198462,26:0.15979459875001012,27:0.5529840793496187,28:0.2131740491932831,29:0.18879555782302304,30:0.5545044336928564,31:0.06740060801449232,32:0.4486453258629083,33:0.2803139902883951,34:0.15765326714088734,35:0.40746520165928757,36:0.832535472687262,37:0.26580207352514906,38:0.08003557461617561,39:0.8595302805407442,40:0.7810959598627408} with alpha 3.0 and beta 14.0
The order information:
Date: 2012-05-09T17:07:05.000+01:00
It predicted these items for order 1778911 :
   1693 with score of 1.6797377730269902
   13688 with score of 1.6797377730269902
   21769 with score of 1.6797377730269902
   25013 with score of 1.6797377730269902
   31278 with score of 1.6797377730269902
   31560 with score of 1.5234191874043688
   31911 with score of 1.500729831654129
   28913 with score of 1.3176876952328893
   25015 with score of 1.3171721667918854
   26254 with score of 1.3171721667918854
These are the actual items bought: 
   11832
   30233
The current arm is 43 with vector {0:0.9025154368362811,1:0.656559953036162,2:0.9681460900028969,3:0.836655353927894,4:0.3645795536065386,5:0.03789330434280702,6:0.607063428656466,7:0.6335764672584253,8:0.22581500735136817,9:0.26534616650253373,10:0.7831110180107618,11:0.9841993908983014,12:0.874765192531061,13:0.4426105471835041,14:0.8912201305261914,15:0.6921043520688832,16:0.07981797744456143,17:0.485625852601417,18:0.17968397796957003,19:0.15301775038980414,20:0.6719113496023339,21:0.46997324115788064,22:0.24196877379088633,23:0.9541755143315679,24:0.7737123332508741,25:0.001637699535897541,26:0.3585235527346188,27:0.5449551905434057,28:0.5142300579658942,29:0.6754815768549641,30:0.7341256246810971,31:0.061356557940476564,32:0.0407165851303497,33:0.8881706162874999,34:0.8820384804903874,35:0.8309368509818105,36:0.41797934195470887,37:0.8395489751917783,38:0.6393806032562,39:0.8803434724599732,40:0.3603346996485991} with alpha 20.0 and beta 70.0
The order information:
Date: 2012-05-10T17:54:43.000+01:00
It predicted these items for order 1779917 :
   31560 with score of 2.9798106866790666
   5003 with score of 2.6261730106768604
   752 with score of 2.5105926238061747
   31774 with score of 2.4133343089900774
   23390 with score of 2.365862827798914
   9441 with score of 2.325220563852232
   21714 with score of 2.3029096469425157
   8902 with score of 2.3009592378699324
   32357 with score of 2.2959074091472376
   26225 with score of 2.2928822607379433
These are the actual items bought: 
   30342
   23374
   32289
The current arm is 45 with vector {0:0.7468082104923376,1:0.5693840654941816,2:0.3620963587621222,3:0.13253753182574224,4:0.6595130629545684,5:0.43882815733975034,6:0.434674746498774,7:0.0040121155688028765,8:0.18384062683372548,9:0.8759759731116167,10:0.7096957376208849,11:0.5247378889384068,12:0.3050264846588494,13:0.10620807003149335,14:0.44467144280572857,15:0.40167863977453633,16:0.8715944947538095,17:0.08387961076150374,18:0.0744337736864259,19:0.9881749588078995,20:0.3181153204905285,21:0.6045251758166157,22:0.1909703563392121,23:0.771308203511206,24:0.11140359092504482,25:0.5610990533928616,26:0.7258721362857914,27:0.9167579078059289,28:0.608957638751399,29:0.21491094192908844,30:0.04362695995230392,31:0.7318699687073953,32:0.7035051633945263,33:0.15262258414098295,34:0.37204305647284186,35:0.9364224036462091,36:0.13634886483715647,37:0.9716977534022342,38:0.23885539041554782,39:0.47076858306656444,40:0.9770935612357635} with alpha 15.0 and beta 66.0
The order information:
Date: 2012-05-11T22:39:32.000+01:00
It predicted these items for order 1780921 :
   31560 with score of 1.3207808554644223
   32354 with score of 1.3201446451940841
   23218 with score of 1.3181777911375285
   30664 with score of 1.3181777911375285
   30678 with score of 1.3181777911375285
   31755 with score of 1.3181777911375285
   32122 with score of 1.3181777911375285
   32190 with score of 1.3181777911375285
   2027 with score of 1.3181738996578303
   18741 with score of 1.3181738996578303
These are the actual items bought: 
   31776
The current arm is 43 with vector {0:0.9025154368362811,1:0.656559953036162,2:0.9681460900028969,3:0.836655353927894,4:0.3645795536065386,5:0.03789330434280702,6:0.607063428656466,7:0.6335764672584253,8:0.22581500735136817,9:0.26534616650253373,10:0.7831110180107618,11:0.9841993908983014,12:0.874765192531061,13:0.4426105471835041,14:0.8912201305261914,15:0.6921043520688832,16:0.07981797744456143,17:0.485625852601417,18:0.17968397796957003,19:0.15301775038980414,20:0.6719113496023339,21:0.46997324115788064,22:0.24196877379088633,23:0.9541755143315679,24:0.7737123332508741,25:0.001637699535897541,26:0.3585235527346188,27:0.5449551905434057,28:0.5142300579658942,29:0.6754815768549641,30:0.7341256246810971,31:0.061356557940476564,32:0.0407165851303497,33:0.8881706162874999,34:0.8820384804903874,35:0.8309368509818105,36:0.41797934195470887,37:0.8395489751917783,38:0.6393806032562,39:0.8803434724599732,40:0.3603346996485991} with alpha 116.0 and beta 326.0
The order information:
Date: 2012-05-13T15:53:25.000+01:00
It predicted these items for order 1781930 :
   31560 with score of 2.954846154469424
   752 with score of 2.620334943928392
   748 with score of 2.5468451476949507
   27900 with score of 2.31060067686775
   21714 with score of 2.2716687983812758
   5003 with score of 2.232691061950391
   29669 with score of 2.2079624959606816
   27576 with score of 2.194523495458559
   20430 with score of 2.183606027951724
   23467 with score of 2.1383811447976697
These are the actual items bought: 
   2084
   29003
   31950
   20990
   31940
   30573
   20678
   30195
   25363
   27900
The current arm is 41 with vector {0:0.605718945706312,1:0.5779452623532076,2:0.7924287751661759,3:0.25867349982443266,4:0.6910802718594449,5:0.44602056432817827,6:0.42317416427233834,7:0.9352684546516656,8:0.38093508496250994,9:0.8381601417886924,10:0.7451064518564183,11:0.7675979250348018,12:0.8229533420046768,13:0.8759732008707434,14:0.965403456996536,15:0.5853989699711786,16:0.7767997088998363,17:0.9341254041009985,18:0.8620942306856548,19:0.29024653164426417,20:0.997581173167538,21:0.21760874290476573,22:0.8434296936061761,23:0.7647962410555862,24:0.6777750925236165,25:0.5947942934832684,26:0.29890155851441413,27:0.07058897278343768,28:0.09830037566470862,29:0.6511756991451886,30:0.8845527141793256,31:0.5324229807989392,32:0.6278682194519402,33:0.3261422858251315,34:0.5784967263410213,35:0.7803405462312829,36:0.7173853238893814,37:0.19123095305702376,38:0.08723244570393573,39:0.6783385108803384,40:0.7012028398061662} with alpha 53.0 and beta 180.0
The order information:
Date: 2012-05-14T16:46:54.000+01:00
It predicted these items for order 1782931 :
   31560 with score of 2.1848786630321033
   748 with score of 1.7460523509595236
   752 with score of 1.6617237995894734
   21714 with score of 1.3955650550107424
   5003 with score of 1.383926694300738
   27576 with score of 1.3709280656868887
   20430 with score of 1.353455681836561
   27900 with score of 1.34439839992435
   21671 with score of 1.3355192745304387
   29669 with score of 1.3305394319440007
These are the actual items bought: 
   32564
The current arm is 32 with vector {0:0.6828697819048763,1:0.3879645483628188,2:0.23183887344174758,3:0.08736875303834235,4:0.001972465841852622,5:0.22253109213169886,6:0.22924444746256867,7:0.3736822869347337,8:0.4261041169601907,9:0.14118485513373336,10:0.6925084658294831,11:0.1843897745918932,12:0.23619889361575896,13:0.7246893358670113,14:0.05918170792009503,15:0.6222111950551178,16:0.8809150777684936,17:0.8266054433148535,18:0.7538164247684724,19:0.8540725168876401,20:0.010360890192448013,21:0.5047571630500187,22:0.9604241304749844,23:0.6844615712226491,24:0.7476444458943511,25:0.5242998688194475,26:0.5667025547367095,27:0.6352776664447215,28:0.4155605515293167,29:0.6703096868198591,30:0.4957061314208572,31:0.44442578494894847,32:0.5244002950475508,33:0.32306128318250704,34:0.11466337929087234,35:0.36886485331469965,36:0.31756980106016874,37:0.18368399651508094,38:0.14213915154378853,39:0.07275085734524345,40:0.5911114984547967} with alpha 82.0 and beta 309.0
The order information:
Date: 2012-05-15T15:02:20.000+01:00
It predicted these items for order 1783936 :
   31560 with score of 1.320381893323283
   748 with score of 1.1899245617593999
   752 with score of 1.0941429806529968
   27576 with score of 1.0219852631402382
   21714 with score of 1.0082503733373889
   5003 with score of 1.0054157567764737
   21671 with score of 1.0048652228586032
   31434 with score of 0.995409158869613
   29461 with score of 0.9942815765478783
   2951 with score of 0.9935237790162591
These are the actual items bought: 
   12096
The arm 0 has vector {0:0.524616498484147,1:0.3255897090765735,2:0.5987319603321254,3:0.9855838782944376,4:0.10521183688173319,5:0.292801050505869,6:0.19302936346727828,7:0.5153832259065774,8:0.2545378827149378,9:0.12009634460604379,10:0.6118423452093799,11:0.22167916904300977,12:0.8491496450344842,13:0.6593709994531282,14:0.997340782107975,15:0.6327444684971073,16:0.6215371635984269,17:0.25638582875160376,18:0.1598858027730099,19:0.19434654756013225,20:0.40866804872343465,21:0.08622457348807788,22:0.5678306911611277,23:0.10676424613770519,24:0.9280025695795701,25:0.850225585012267,26:0.24464384874255518,27:0.20663985399809903,28:0.8429493566579054,29:0.038069127185562546,30:0.7518605358497417,31:0.6163565916763255,32:0.25274974555808627,33:0.600373135039794,34:0.32170303430989866,35:0.09209379289684694,36:0.4987571616463512,37:0.458106414481254,38:0.8827162925552811,39:0.8319079434382213,40:0.2840616924359345} with alpha 23.0 and beta 124.0, percentage 15.172413793103448
The arm 1 has vector {0:0.31221175802770507,1:0.14748810965721582,2:0.15349690795523274,3:0.6579938692736916,4:0.0709066100780471,5:0.6335339746989059,6:0.9529066095551236,7:0.5816011447967937,8:0.04832321649132054,9:0.648336971313736,10:0.2833647040813352,11:0.2097568388039024,12:0.315164023468828,13:0.17668111269584086,14:0.2169822360110909,15:0.7301501369667168,16:0.7645954446532542,17:0.16915961872255336,18:0.18708795256716826,19:0.5146373834887429,20:0.637251776071766,21:0.6783809910314414,22:0.865773163731945,23:0.5102807230239618,24:0.1488043299410139,25:0.4372517895484267,26:0.2568230363309352,27:0.2347078563881,28:0.3897980013240686,29:0.6973674401938561,30:0.9335591951819792,31:0.48723408702492355,32:0.13233749611393608,33:0.4615114996398112,34:0.5321570383955252,35:0.04667322232145632,36:0.8091177658441677,37:0.6450034886859207,38:0.32901377813766053,39:0.9102238302134771,40:0.8775404785468435} with alpha 21.0 and beta 112.0, percentage 15.267175572519085
The arm 2 has vector {0:0.44565437811449304,1:0.2599771061045004,2:0.11257741588934611,3:0.3196743924153803,4:0.9688670136176936,5:0.8741246313905078,6:0.9984814611633661,7:0.7072813183954789,8:0.6882088793447502,9:0.984877237564569,10:0.6867205319945393,11:0.7939938391517363,12:0.5319546499560741,13:0.35189501076524754,14:0.550422796836929,15:0.34608096340986094,16:0.6430723372490418,17:0.44244275348025885,18:0.6078760576575517,19:0.8836233537049559,20:0.00876844157080825,21:0.351202995946856,22:0.7940426084779808,23:0.42980166449607937,24:0.7294449398132629,25:0.9194050284623356,26:0.8769993442012484,27:0.007652033278009784,28:0.5849012474634292,29:0.8426962667525406,30:0.46069505373205855,31:0.8956585108520189,32:0.8358246888215796,33:5.329061811246705E-4,34:0.4037102835545532,35:0.6690230581014998,36:0.33886840372599203,37:0.7020461609547677,38:0.24056941546494448,39:0.2112071481797949,40:0.8713535529630828} with alpha 1.0 and beta 24.0, percentage 0.0
The arm 3 has vector {0:0.06392515423646383,1:0.29938840655881016,2:0.4242468747594551,3:0.8309538075659157,4:0.22409924886892874,5:0.8240120675601863,6:0.05062633012241258,7:0.042437220410789345,8:0.18149384588647222,9:0.47085815261835284,10:0.5992388516672321,11:0.8052250346261564,12:0.488273454453509,13:0.5008171025453819,14:0.9974786488122923,15:0.4905354702170208,16:0.7090675616383452,17:0.8094741080343029,18:0.7535080498268238,19:0.4061518733379461,20:0.7227843841844799,21:0.718219674736627,22:0.28065451061801716,23:0.9061391919624971,24:0.5997754276475067,25:0.15606441625105716,26:0.7263263744975025,27:0.7603848890768912,28:0.8674599136268646,29:0.9224364235031469,30:0.5911082286045155,31:0.3434379532587676,32:0.05554551963069654,33:0.9565811958868289,34:0.9671110716120364,35:0.5979502752301731,36:0.20960010008148366,37:0.5855609656914493,38:0.7640134913902948,39:0.3341255619260377,40:0.026040977773597596} with alpha 11.0 and beta 74.0, percentage 12.048192771084338
The arm 4 has vector {0:0.38666630205552066,1:0.8977909317018695,2:0.46912687990044766,3:0.4580583585529713,4:0.7785165241386257,5:0.9405670877607244,6:0.1274769413771788,7:0.6288926310173774,8:0.9056386976931478,9:0.7447958902492297,10:0.5970141576492403,11:0.38895916910839745,12:0.5593080174464464,13:0.01622653409046182,14:0.23121856950193842,15:0.5580412715686202,16:0.6516342204878299,17:0.44988798758161885,18:0.1945161802481622,19:0.35733304095406504,20:0.411857700420752,21:0.3651608997774225,22:0.7501769259778774,23:0.005397416420805157,24:0.5945647186622869,25:0.5971875450237811,26:0.2599223098586513,27:0.020638740811559808,28:0.08090458601766704,29:0.6375268826170433,30:0.777487721307839,31:0.36641515962702675,32:0.056484728344720514,33:0.6338844268858995,34:0.8243738740261141,35:0.26170311836718363,36:0.1412531487516192,37:0.5489287526139739,38:0.17359054425395004,39:0.40323392794131363,40:0.48814994472341233} with alpha 8.0 and beta 58.0, percentage 10.9375
The arm 5 has vector {0:0.6904790527377964,1:0.2940076223310668,2:0.8983848276462447,3:0.3223592975325368,4:0.7735626766796949,5:0.8206541581924603,6:0.061953239461096654,7:0.5246836623668341,8:0.32114480620381913,9:0.08348703387760603,10:0.0571713923683389,11:0.7867729308502497,12:0.7468577999560967,13:0.34734590773661234,14:0.41139181624389276,15:0.5166042258579192,16:0.0333815512729877,17:0.808193704680678,18:0.5508131082115574,19:0.0016920738058038287,20:0.7755967858069912,21:0.4438711921303041,22:0.23154456410037738,23:0.8166324814039354,24:0.40173730214013637,25:0.223588487127393,26:0.16836520692948087,27:0.703709669314684,28:0.39847036125915947,29:0.3405486500848489,30:0.26507103325375647,31:0.09074692291373698,32:0.5397854383507883,33:0.7556075201951931,34:0.08162287470984131,35:0.9001570024768688,36:0.5053639609053407,37:0.6905987570134394,38:0.9087478262757792,39:0.663993018628739,40:0.5875597548892925} with alpha 5.0 and beta 48.0, percentage 7.8431372549019605
The arm 6 has vector {0:0.36752114394647417,1:0.5175446827743201,2:0.10439846043726742,3:0.5972895340314831,4:0.36754205755775393,5:0.8938879711581659,6:0.8402851116070235,7:0.6878517785319668,8:0.8255085877742555,9:0.9236524308004709,10:0.46197756610406604,11:0.36354849513613796,12:0.45096250396596027,13:0.5031715919157211,14:0.1665872931107204,15:0.4328647462834839,16:0.5077808947783836,17:0.7593050181197908,18:0.37502511238761327,19:0.6005922194089016,20:0.41719390887754126,21:0.13048803436894119,22:0.8634406604827689,23:0.20759217944977237,24:0.9094990754458674,25:0.4819972300754587,26:0.32462279231345503,27:0.033131127167701835,28:0.05138988299329894,29:0.32081972191422303,30:0.05984025305052265,31:0.6456103739146293,32:0.19844162529068043,33:0.5260437579784943,34:0.5393341737784981,35:0.10540258367639876,36:0.555246221817006,37:0.950792896166241,38:0.022691543559334337,39:0.8558676229484643,40:0.03178515389391723} with alpha 8.0 and beta 58.0, percentage 10.9375
The arm 7 has vector {0:0.8075982297254373,1:0.9778066807066744,2:0.7122816935508746,3:0.4187575087307701,4:0.5892837353824738,5:0.578053830087193,6:0.6701885672845892,7:0.2439717045537816,8:0.33944296799254636,9:0.49701769423063014,10:0.35497107887020185,11:0.5625143673340629,12:0.1720821378875298,13:0.15427893802105175,14:5.1608526344115724E-5,15:0.23528427404872698,16:0.7905554945608804,17:0.12699371260778725,18:0.39769064057482917,19:0.4244014855871241,20:0.10686610224755333,21:0.18718151816623219,22:0.6594130463507973,23:0.3842148622326106,24:0.48193370700892246,25:0.6047564732810289,26:0.14635617603712925,27:0.2836238102966472,28:0.34836376991041396,29:0.18541187728967312,30:0.24098651088047196,31:0.6536821378762737,32:0.29043402373168237,33:0.9353783821944524,34:0.3578048180925727,35:0.8873949993411375,36:0.23874466710983522,37:0.12126789538416272,38:0.4226902186493091,39:0.7901081593059827,40:0.14411820780611062} with alpha 28.0 and beta 121.0, percentage 18.367346938775512
The arm 8 has vector {0:0.10341421025044584,1:0.2485833438042493,2:0.728418302633991,3:0.8940150807287904,4:0.3173766778656415,5:0.12449237641690869,6:0.7375223816957436,7:0.02374354102014442,8:0.9315917822255193,9:0.8161330022448953,10:0.041878773420743975,11:0.6147906347078821,12:0.2592468048107054,13:0.6788867433306334,14:0.9503923827695796,15:0.8445992909490629,16:0.6907375439742021,17:0.9177440816693827,18:0.7455447709195684,19:0.18645620016287168,20:0.3667318646718921,21:0.43642564106414006,22:0.7373390098467364,23:0.047719516204016266,24:0.016986029264240088,25:0.1617149096299142,26:0.906037648955088,27:0.48155608815123696,28:0.35294788478284245,29:0.3791921659326172,30:0.7867459788596017,31:0.2558580334592577,32:0.939238791172224,33:0.9154199429066674,34:0.5098841169311238,35:0.9026774066759307,36:0.5895909582478329,37:0.7723507407046151,38:0.3077536248327072,39:0.43053966652855336,40:0.8801460269348951} with alpha 36.0 and beta 154.0, percentage 18.617021276595743
The arm 9 has vector {0:0.43060155244059684,1:0.9043503717569912,2:0.2730878837450823,3:0.11941613548981178,4:0.40181418825270765,5:0.9772406347191238,6:0.47173851644592113,7:0.5976088295721157,8:0.6278176231155032,9:0.7555210558911568,10:0.9125130479753185,11:0.9902388810749572,12:0.8291969495330848,13:0.838442808557014,14:0.4779113446692478,15:0.6877139065371782,16:0.7961538153035487,17:0.4664878761322353,18:0.2610397266968497,19:0.852650536218512,20:0.6318119208943522,21:0.521360009997274,22:0.7237458213056236,23:0.7298685889932125,24:0.5658084641813146,25:0.9158924781496903,26:0.10102104265335887,27:0.8285808820396239,28:0.31525032074918535,29:0.4423777668883734,30:0.9581651686230797,31:0.9538123826919424,32:0.6286477395349621,33:0.15056073643544676,34:0.6614541309956319,35:0.5433543846227541,36:0.9820681372928725,37:0.33131181700429135,38:0.6205672731737266,39:0.07529950433637589,40:0.06669450441007674} with alpha 1.0 and beta 24.0, percentage 0.0
The arm 10 has vector {0:0.767527506902295,1:0.7249306125300731,2:0.9907116398829425,3:0.17440384656276198,4:0.5116086935064293,5:0.09976612457479483,6:0.17168365788968443,7:0.93691416337181,8:0.3721651957537738,9:0.20097363735532248,10:0.9917215123054055,11:0.5156267424942315,12:0.4420210348633081,13:0.315276260138198,14:0.9457136219856465,15:0.6529221209659406,16:0.42635734644881207,17:0.5816526116712353,18:0.6539762918823702,19:0.9716956195876197,20:0.22297758404375745,21:0.9149481071055255,22:0.8610776750401955,23:0.6422631578018689,24:0.7412166761340768,25:0.8248465607152724,26:0.6007990180864786,27:0.9575904713792449,28:0.5119565859567149,29:0.4432794079228741,30:0.9119291625253672,31:0.5259664637685765,32:0.7477407196813373,33:0.013790228437889684,34:0.5262478959901414,35:0.7032428427975005,36:0.35339714706852177,37:0.2657584899735551,38:0.7253528141323485,39:0.8159828557815731,40:0.4255135284201027} with alpha 8.0 and beta 57.0, percentage 11.11111111111111
The arm 11 has vector {0:0.4866597715911788,1:0.07231630256674038,2:0.8706529503411228,3:0.20924616423919506,4:0.2753147792368932,5:0.7428078705013386,6:0.7084737502507193,7:0.5636361091834703,8:0.6290759646189198,9:0.7064444298834494,10:0.1524324838453871,11:0.6323593951497369,12:0.31022515244791327,13:0.17374126979858118,14:0.9274305950096889,15:0.777224232371734,16:0.25000094544668905,17:0.13285887067329372,18:0.8886550681450978,19:0.0857973692509586,20:0.19395207245364754,21:0.12468960888795555,22:0.7816820845783022,23:0.5385105837686903,24:0.9252268343826467,25:0.2784319689290955,26:0.5829146207251636,27:0.15388583271235456,28:0.7795766682007198,29:0.3720180700663326,30:0.394387787646198,31:0.05946674823343645,32:0.5016876732372083,33:0.2885485323244489,34:0.808008774971889,35:0.6444753796371394,36:0.23933419163136593,37:0.4648067951416319,38:0.5134832252647459,39:0.476379714494389,40:0.8460861852086886} with alpha 13.0 and beta 84.0, percentage 12.631578947368421
The arm 12 has vector {0:0.8341124225110211,1:0.24205732081481923,2:0.7080715418844784,3:0.9048869637816602,4:0.8038866589122476,5:0.5570459229460896,6:0.46084327154200366,7:0.43972586511606193,8:0.0036625966002009624,9:0.2725291278807884,10:0.29561569084865613,11:0.6757150678083469,12:0.8809747005191119,13:0.45585608697682567,14:0.2792334867113214,15:0.7042139084554762,16:0.19459014334435842,17:0.37126139494988575,18:0.5713020060790682,19:0.3688312419564487,20:0.7773913131215057,21:0.0663465069143816,22:0.07726375665454532,23:0.8998385903057028,24:0.5145438589468718,25:0.9731963789847501,26:0.8887481249039721,27:0.8087961983034387,28:0.1779618902192065,29:0.3416995071589115,30:0.5163473663241638,31:0.8070494419572767,32:0.9707237552183962,33:0.38411165527456215,34:0.09315190741323287,35:0.7621722553093614,36:0.37840799101109923,37:0.6545735070469348,38:0.11388978659504911,39:0.7545542086333291,40:0.07396170228155763} with alpha 8.0 and beta 63.0, percentage 10.144927536231885
The arm 13 has vector {0:0.8308693383901223,1:0.30749217287039865,2:0.9312283105214001,3:0.5016632836692252,4:0.6717667340581878,5:0.5869403619178925,6:0.9453778363667463,7:0.8097049482005841,8:0.5207388248939824,9:0.415497053229841,10:0.014915786422543098,11:0.5830325045128792,12:0.30929953550323885,13:0.9914503617610184,14:0.6859255904618063,15:0.9764565682216098,16:0.024585628826273687,17:0.9545052921440543,18:0.42397746219480725,19:0.12259222075206899,20:0.9619286356434393,21:0.7075804561413105,22:0.6297455752665917,23:0.6737717215992821,24:0.4022297485973615,25:0.6402278204861644,26:0.41036404819450456,27:0.17406994502762374,28:0.6696045825846545,29:0.7773321229946439,30:0.9606576533271145,31:0.2583719950760961,32:0.14017850912142926,33:0.9163265192656251,34:0.998712074931569,35:0.06769426841920445,36:0.33209985581198975,37:0.0791224273005583,38:0.9261176126074387,39:0.5900155926251253,40:0.7248268310040614} with alpha 3.0 and beta 38.0, percentage 5.128205128205128
The arm 14 has vector {0:0.06228140125952353,1:0.44046855641246196,2:0.8639114329312902,3:0.04132331677120338,4:0.664206193136939,5:0.9543169088091515,6:0.10976384926859573,7:0.9286499416201753,8:0.44555166618959763,9:0.6481338603894451,10:0.982846080558669,11:0.4258705123514446,12:0.0975312070849289,13:0.5409751654825689,14:0.6572079146648201,15:0.5625900459572242,16:0.6218143515733866,17:0.380595034485267,18:0.5450505276677998,19:0.7387716196167513,20:0.37308514005356963,21:0.7875837436117995,22:0.04504781530070601,23:0.9665131044194378,24:0.4278266537146155,25:0.9192662598019969,26:0.8723790280568764,27:0.6102257548468838,28:0.5767275371069195,29:0.9646464527779522,30:0.5800150454398921,31:0.12953594406146884,32:0.05695605610646648,33:0.03820408645683049,34:0.5580468794596348,35:0.07860937264619927,36:0.6720510367541875,37:0.8111308854054923,38:0.33186571578785706,39:0.9734800927599431,40:0.6495235161358776} with alpha 2.0 and beta 32.0, percentage 3.125
The arm 15 has vector {0:0.6131411151516091,1:0.9704438354631844,2:0.05257496771408443,3:0.9382454639518635,4:0.7460226515134415,5:0.5841301783301529,6:0.9458772885702607,7:0.08448530241627561,8:0.3798492365565327,9:0.7542648064221065,10:0.41657073577687476,11:0.19215637591764267,12:0.7549494314782398,13:0.019668119679845386,14:0.8206570674736585,15:0.48918095295347996,16:0.3346311817257016,17:0.35075563700779067,18:0.6794137483148924,19:0.7188418162429111,20:0.08758358060045779,21:0.5444246805917716,22:0.3975281191520402,23:0.32356817752748035,24:0.42032469292318986,25:0.11439230827900115,26:0.6524279441473502,27:0.7385651899461136,28:0.34484332657611527,29:0.24412621515622812,30:0.06172853072999218,31:0.7043660574062656,32:0.3408732516341152,33:0.2749972780981249,34:0.4548856661830911,35:0.023134724905581994,36:0.9026470983135805,37:0.00152785487566931,38:0.1660444758398777,39:0.839394941562851,40:0.9354125705442787} with alpha 18.0 and beta 101.0, percentage 14.529914529914532
The arm 16 has vector {0:0.04445575937027846,1:0.5064946362359614,2:0.20660612128284184,3:0.0924148659124695,4:0.007120672240030768,5:0.5385629338809738,6:0.6566937209691176,7:0.4727175048275203,8:0.7809287655319652,9:0.20356154965675277,10:0.08010698483765066,11:0.15258882092763515,12:0.22605505892569133,13:0.003144155709166041,14:0.5286612375191115,15:0.9786385797565766,16:0.17714535390975028,17:0.8266259861401782,18:0.2531368243724599,19:0.48343937651158597,20:0.17864636331907102,21:0.7096938231723109,22:0.6269151630270028,23:0.48007253722947396,24:0.5755074067393364,25:0.4576480409686001,26:0.29535985753606786,27:0.4107060074734221,28:0.700805041683075,29:0.47811550358852195,30:0.38291846007258434,31:0.12164009288996724,32:0.8357457458342966,33:0.4681516512105266,34:0.3353633986385196,35:0.5163965906813955,36:0.4944849421102062,37:0.11077357109345554,38:0.946057665266006,39:0.09541850933972751,40:0.040866022605648866} with alpha 3.0 and beta 31.0, percentage 6.25
The arm 17 has vector {0:0.14116265072379797,1:0.9675049048059533,2:0.5717044387934922,3:0.8525327685049032,4:0.9336339234183089,5:0.6175155269202042,6:0.7722952976151688,7:0.10106034220557636,8:0.5498539109293595,9:0.376743512931367,10:0.8917774488782034,11:0.5397027022522948,12:0.8342817706407147,13:0.7666126253840676,14:0.2846756754790609,15:0.6433827543561018,16:0.5114214898815945,17:0.6161811053395054,18:0.24596601862578094,19:0.5416588901179844,20:0.8573522509282914,21:0.5979789531677245,22:0.16976793294906045,23:0.5254080207781119,24:0.7537290941645626,25:0.2694768255224246,26:0.014573793554971015,27:0.855473167209151,28:0.9210132246212273,29:0.5337779570856466,30:0.08973455626574156,31:0.08975922837403227,32:0.020707369728610092,33:0.14919054283612676,34:0.15038916658228973,35:0.5935746398851169,36:0.5931996587481786,37:0.45380847146921877,38:0.6377763199381428,39:0.580672532984847,40:0.40960829887838357} with alpha 1.0 and beta 26.0, percentage 0.0
The arm 18 has vector {0:0.28025860550084314,1:0.4347041448162544,2:0.0070196396828887675,3:0.09404900598999866,4:0.7927520722815418,5:0.7953425745939697,6:0.7785110975062229,7:0.007878030095817001,8:7.694957306294548E-4,9:0.21428484317629626,10:0.4929513109548792,11:0.06322775205572506,12:0.24136914871768567,13:0.6222462701133941,14:0.3217051695947152,15:0.10118154748462482,16:0.4429435861950084,17:0.21951808603608458,18:0.8579611743728698,19:0.9273343409683931,20:0.742275000147163,21:0.6775241715825232,22:0.9975354500110692,23:0.007133112377064488,24:0.6072416580759921,25:0.6224090712992905,26:0.4697060701661959,27:0.6262677720462267,28:0.7562339886723067,29:0.44970979542823797,30:0.8399252868790984,31:0.09263136004332895,32:0.2262747173620857,33:0.9588302865489873,34:0.8118635418240746,35:0.09577011792376244,36:0.1963700045158876,37:0.538589042000323,38:0.6265245699605517,39:0.3832545333908689,40:0.8706611048780363} with alpha 2.0 and beta 29.0, percentage 3.4482758620689653
The arm 19 has vector {0:0.42169362196296567,1:0.26598981323753224,2:0.610621378212659,3:0.7178172694452369,4:0.6785626936357735,5:0.027139591322176804,6:0.770700683559503,7:0.5219550826303976,8:0.534524829083463,9:0.4134617612003333,10:0.01271798191453466,11:0.5843043620620959,12:0.8118082804885697,13:0.7877734582510287,14:0.9126872096326886,15:0.9334201237634697,16:0.8761470313323138,17:0.48262171622896766,18:0.9256907978211949,19:0.2222520753891184,20:0.5384100455968769,21:0.20055286900079972,22:0.211836555915214,23:0.34105218534584536,24:0.22583064726607305,25:0.42433254835466394,26:0.45273109113183896,27:0.8514687628938465,28:0.5107213500676993,29:0.06999840438080485,30:0.5505626385979219,31:0.9843056358916932,32:0.3418988342381737,33:0.6960553019269696,34:0.7347632714379772,35:0.45382382756375905,36:0.9483543380978124,37:0.8443422165928314,38:0.5086623268051391,39:0.017795344743306796,40:0.8347743480588086} with alpha 7.0 and beta 56.0, percentage 9.836065573770492
The arm 20 has vector {0:0.21497828509874928,1:0.1640830750587069,2:0.48725599817028953,3:0.49398503348292333,4:0.358656668885755,5:0.7260243625324384,6:0.9829526546004754,7:0.7423208752449681,8:0.5351808012944061,9:0.055439191039987845,10:0.180107365793311,11:0.3591035545349105,12:0.17903929716104416,13:0.06894905728686074,14:0.6303613459075297,15:0.651375716997305,16:0.761526834407118,17:0.8028354175983734,18:0.13904961186782216,19:0.5832543620161074,20:0.14386784802147046,21:0.5768638609559912,22:0.9092782154290868,23:0.09174662547491852,24:0.3519167083022031,25:0.8421772682486546,26:0.07232518136173627,27:0.4099476075209054,28:0.9134253206165024,29:0.10652915903486848,30:0.46047067437917455,31:0.2656204434863366,32:0.3808663391283782,33:0.5979732691294841,34:0.39331552049428764,35:0.42292004835066743,36:0.9719471651595583,37:0.6864855456033716,38:0.3780146732422065,39:0.3082665955562687,40:0.21042899923431135} with alpha 11.0 and beta 65.0, percentage 13.513513513513514
The arm 21 has vector {0:0.28341597391593887,1:0.6732381653926883,2:0.41866155094140556,3:0.10923114571542081,4:0.417302911167332,5:0.3856779258085168,6:0.5326710413346096,7:0.6320738753301758,8:0.9852557388274592,9:0.35606408647781085,10:0.808473386131857,11:0.278623232199232,12:0.008552348074201799,13:0.07469587237532416,14:0.8150396720656432,15:0.861275983144192,16:0.7501470822405775,17:0.8863134878048041,18:0.611965721655191,19:0.22512159794402642,20:0.6493693255318429,21:0.9891260172722334,22:0.20819828003628893,23:0.32318598497457407,24:0.8486312179158638,25:0.21600628358166585,26:0.7588215951526595,27:0.35050444437841544,28:0.8889167334708512,29:0.5802128090032515,30:0.8979826297754515,31:0.18437179412859483,32:0.517893600393138,33:0.1274681835251369,34:0.06309705338007587,35:0.711492804121153,36:0.6685744868123975,37:0.7707727623811672,38:0.2516600204326259,39:0.37848462876166356,40:0.614001764790653} with alpha 34.0 and beta 160.0, percentage 17.1875
The arm 22 has vector {0:0.23389856891442518,1:0.5723170090613636,2:0.04907560933913302,3:0.9525395392281354,4:0.9783924762170337,5:0.0537888033078584,6:0.07961152849232622,7:0.08986160389357134,8:0.471771217054631,9:0.23684584816071785,10:0.8878957802046477,11:0.5508227311894704,12:0.19134941511029935,13:0.6074276115055194,14:0.7415119834987207,15:0.4955257912776936,16:0.527636932261875,17:0.3929580321125954,18:0.27979924643409404,19:0.2822395745618713,20:0.011358420371199496,21:0.942865534784139,22:0.7190758578826394,23:0.442275032962117,24:0.43179994091826646,25:0.7558550265930799,26:0.6339678499188574,27:0.8959009477933506,28:0.9506759905471232,29:0.7427132156146,30:0.06371367334053812,31:0.3409182763648706,32:0.9873129515198227,33:0.9909283736963335,34:0.10151267272897557,35:0.03512450522978283,36:4.7767064956039107E-4,37:0.0924654118864151,38:0.6551287908307846,39:0.4112681289892631,40:0.3956163949668795} with alpha 17.0 and beta 94.0, percentage 14.678899082568808
The arm 23 has vector {0:0.23862050477866115,1:0.881960833564979,2:0.05570358691369015,3:0.3958850421591218,4:0.9821884230216743,5:0.8893925596022687,6:0.46714093331949114,7:0.7839739809940659,8:0.9466026828508974,9:0.8262679972632458,10:0.2455845647841104,11:0.8912717626565765,12:0.7326499437063613,13:0.3750950473515161,14:0.22779915862354894,15:0.31969794692468423,16:0.6529452657247761,17:0.5267162486629753,18:0.07033129533722249,19:0.8893071808878648,20:0.6874543770561706,21:0.34540175429660513,22:0.8346445246225878,23:0.8618713231932912,24:0.27035607467532385,25:0.9918578840947324,26:0.12979037591151532,27:0.7611040047291461,28:0.6224758785400692,29:0.4501445761058863,30:0.877041263943784,31:0.3052757387159992,32:0.14471896937454864,33:0.0667369538881667,34:0.9669569144045596,35:0.3386151240908254,36:0.520313814648778,37:0.7444927412836957,38:0.36845484483236424,39:0.8509806876371551,40:0.11277522015539443} with alpha 16.0 and beta 93.0, percentage 14.018691588785046
The arm 24 has vector {0:0.8724591573707096,1:0.5449305934601899,2:0.13951445141900254,3:0.2866140779835441,4:0.46674888038551776,5:0.5341008871134727,6:0.7247827214533316,7:0.04200623613100507,8:0.1294219405786854,9:0.3459819286147514,10:0.31742772141082776,11:0.25063686145582187,12:0.8461122511145917,13:0.3967048135154394,14:0.3114657658953609,15:0.23572593079161153,16:0.45531936994904854,17:0.6014414643498466,18:0.1954356742015919,19:0.7629575648450564,20:0.3081730282514489,21:0.6336742065191161,22:0.8197437475364221,23:0.4783916908444984,24:0.1052394339460857,25:0.1778125647824842,26:0.6571596712044527,27:0.45931048649131,28:0.43929388454680796,29:0.6618229916061505,30:0.21760515945504244,31:0.21755234213813268,32:0.37427677367142664,33:0.006872755719878665,34:0.38148770283213607,35:0.49870106738327913,36:0.48751306213861323,37:0.4317531205031696,38:0.0954219483110651,39:0.40663941001922665,40:0.5686626036289059} with alpha 12.0 and beta 81.0, percentage 12.087912087912088
The arm 25 has vector {0:0.49453491562171425,1:0.7669676080223656,2:0.864929212014577,3:0.9527157905614106,4:0.3715255666232151,5:0.6973176029668366,6:0.2781738272821326,7:0.6194593686972152,8:0.21001160030899613,9:0.2091608774094419,10:0.4883759927335203,11:0.1095225176002641,12:0.8815542164346497,13:0.7230113045122285,14:0.9226176050414054,15:0.35402560598174526,16:0.07004221667307298,17:0.5310220721346434,18:0.2951731770351891,19:0.013092463092312712,20:0.013149225109719942,21:0.7473053568554484,22:0.5261606150773833,23:0.26676939399717736,24:0.8005119651957024,25:0.33078878119827215,26:0.9402655977886883,27:0.4549724375598968,28:0.8503964842369226,29:0.1687554209638974,30:0.782268017551993,31:0.508289265385787,32:0.07746969896669453,33:0.2907246613054042,34:0.6869516669259744,35:0.5485189178827979,36:0.4712527715029665,37:0.755801898950527,38:0.4769950200538291,39:0.36344192640169637,40:0.07914193564241112} with alpha 3.0 and beta 37.0, percentage 5.263157894736842
The arm 26 has vector {0:0.10263760715423376,1:0.7801879672439707,2:0.9141142223933595,3:0.2763114319563317,4:0.3556113093045775,5:0.10313815428419648,6:0.07274784361340902,7:0.2335492864990525,8:0.3716160074179964,9:0.41685522987154633,10:0.11736259875581823,11:0.506130562933693,12:0.8658797396388512,13:0.8652909235807266,14:0.29156516210964767,15:0.6474030719685617,16:0.7032779913351171,17:0.514456781400686,18:0.27391539193265635,19:0.9302748850642957,20:0.48792119712115556,21:0.4636073837753828,22:0.8583262689830935,23:0.41146783609261395,24:0.02765248620622962,25:0.7753700930270426,26:0.6237769964844014,27:0.44425156305038904,28:0.9858943911964845,29:0.23271944557317226,30:0.8996116184215321,31:0.17210649640558795,32:0.04448421635200117,33:0.7180546510617382,34:0.587661723215882,35:0.3371131876242073,36:0.9373688456394392,37:0.6378311770355936,38:0.8377993232936278,39:0.8925887699159942,40:0.39739775292664214} with alpha 57.0 and beta 213.0, percentage 20.8955223880597
The arm 27 has vector {0:0.9786528449479382,1:0.13278213120615223,2:0.8416411719379672,3:0.4466695793261576,4:0.510338423707833,5:0.598554197448038,6:0.599754814470509,7:0.31998829049858124,8:0.9232450132229143,9:0.1308930504502901,10:0.6947914926065498,11:0.39685339871488956,12:0.12389863793147471,13:0.5061129514894156,14:0.03391927422453711,15:0.4462786524664184,16:0.03498560719460353,17:0.552421046425764,18:0.41818887046923947,19:0.9072701819268649,20:0.16797921520857506,21:0.7129832794038908,22:0.8712960560520099,23:0.579911072813136,24:0.9909398101986816,25:0.8778323374183132,26:0.8532945166889607,27:0.41707139324681286,28:0.01874774593031081,29:0.6854598686856355,30:0.45539279212814077,31:0.3660179468250483,32:0.826839115589732,33:0.18434622013646274,34:0.5580494839790578,35:0.6128256910999197,36:0.6980363128777763,37:0.5884447931183868,38:0.7592604015340768,39:0.39383462326058194,40:0.41179655828722606} with alpha 9.0 and beta 54.0, percentage 13.114754098360656
The arm 28 has vector {0:0.40655242841980155,1:0.9291788575968631,2:0.05100173350390469,3:0.6603789795906753,4:0.8858876837715282,5:0.20934333964391327,6:0.5111232383733902,7:0.7264432888442568,8:0.10063229959400799,9:0.05234336339586154,10:0.0773846801203193,11:0.8217849384718725,12:0.5139378189196641,13:0.04858134083122334,14:0.05268253953139368,15:0.27505554887592176,16:0.5322237757153138,17:0.7332145706106687,18:0.23332159441582445,19:0.6936322414901082,20:0.8250541069457964,21:0.4423778749608891,22:0.08289410190755753,23:0.09069553006702291,24:0.3977521876594493,25:0.9523437238598244,26:0.3826543336231014,27:0.66447746641478,28:0.18641156290459893,29:0.0031829933657553378,30:0.6058700063721381,31:0.6419390236930638,32:0.6016788732970599,33:0.6613216044026794,34:0.8065543972075034,35:0.6804069544577446,36:0.22088750812566504,37:0.30479650503611144,38:0.20601504768637757,39:0.7409028238424934,40:0.5583367865018678} with alpha 52.0 and beta 218.0, percentage 19.029850746268657
The arm 29 has vector {0:0.24725467874056117,1:0.16180140416823852,2:0.25827229373062033,3:0.6407564488712968,4:0.8792090471852183,5:0.6553185235377913,6:0.45407532862131283,7:0.49595115591801375,8:0.7270890212282677,9:0.3076419192145964,10:0.8885689035161859,11:0.4891344245442645,12:0.22876098205707673,13:0.2175726226706487,14:0.7246935087205871,15:0.27392379534547817,16:0.2552531103207397,17:0.011320595719327864,18:0.48645465360209594,19:0.3599279350886999,20:0.17124964287760436,21:0.5773503948525385,22:0.7181435830331676,23:0.9681265367896112,24:0.496147091860936,25:0.7655001218480788,26:0.3255742638384356,27:0.5286034255712492,28:0.043481315975322454,29:0.1011911582251308,30:0.42506971185240716,31:0.227764374991124,32:0.04199429424545764,33:0.46089022541103775,34:0.7873693501378596,35:0.04522132261826983,36:0.29963908273865736,37:0.6021757557753844,38:0.15343459536222337,39:0.21933274370701927,40:0.0700414288615202} with alpha 2.0 and beta 30.0, percentage 3.3333333333333335
The arm 30 has vector {0:0.5912629071162185,1:0.6090280105288653,2:0.36928786425581184,3:0.30611696541782263,4:0.4944183525963203,5:0.6615119972433957,6:0.2371321155194822,7:0.5622025234849284,8:0.24515369464847225,9:0.493028416720938,10:0.9845741807802032,11:0.8079061878018048,12:0.30855202155228556,13:0.3326476444892188,14:0.9108088998250492,15:0.4561656383599191,16:0.22404062814755632,17:0.5931861914190145,18:0.40345892871848155,19:0.3621234633971261,20:0.17278000448027386,21:0.8202964760978365,22:0.39028876396424317,23:0.9358673753258837,24:0.5435566634525002,25:0.303502721995216,26:0.21614934055990076,27:0.6390638692021925,28:0.688411219417063,29:0.6223856333186514,30:0.45398134594881534,31:0.6392960455433191,32:0.7230035874392114,33:0.1967401125010375,34:0.5722528988068885,35:0.8265707495729917,36:0.1899450631389803,37:0.9044358608206962,38:0.9792818772125378,39:0.6309894109689655,40:0.566608642121056} with alpha 2.0 and beta 29.0, percentage 3.4482758620689653
The arm 31 has vector {0:0.19215909885853555,1:0.1863096108784852,2:0.8255264760658182,3:0.3781506317384332,4:0.8474246150522394,5:0.8139907671944693,6:0.3325916808435394,7:0.44255476438858576,8:0.43518896652452654,9:0.10378761713998008,10:0.1730623354524945,11:0.06202570849738731,12:0.8486976827410215,13:0.47129062691097223,14:0.778484376878988,15:0.9098017670249071,16:0.8963370271540919,17:0.9266743716220336,18:0.8183000230810638,19:0.07988504872064617,20:0.32934106805080743,21:0.44681425044819323,22:0.5444946336916876,23:0.07493320147101268,24:0.5089450787207046,25:0.6931664229858434,26:0.08667600559180677,27:0.8259022165885082,28:0.8852553092964239,29:0.2318299510452807,30:0.7637898616643383,31:0.8280851532819983,32:0.7586530468782972,33:0.04721654291994082,34:0.6188620084299766,35:0.41056551690415455,36:0.8065808278486493,37:0.6257107444655343,38:0.5912968425181693,39:0.1607157261504728,40:0.2088639449615406} with alpha 8.0 and beta 60.0, percentage 10.606060606060606
The arm 32 has vector {0:0.6828697819048763,1:0.3879645483628188,2:0.23183887344174758,3:0.08736875303834235,4:0.001972465841852622,5:0.22253109213169886,6:0.22924444746256867,7:0.3736822869347337,8:0.4261041169601907,9:0.14118485513373336,10:0.6925084658294831,11:0.1843897745918932,12:0.23619889361575896,13:0.7246893358670113,14:0.05918170792009503,15:0.6222111950551178,16:0.8809150777684936,17:0.8266054433148535,18:0.7538164247684724,19:0.8540725168876401,20:0.010360890192448013,21:0.5047571630500187,22:0.9604241304749844,23:0.6844615712226491,24:0.7476444458943511,25:0.5242998688194475,26:0.5667025547367095,27:0.6352776664447215,28:0.4155605515293167,29:0.6703096868198591,30:0.4957061314208572,31:0.44442578494894847,32:0.5244002950475508,33:0.32306128318250704,34:0.11466337929087234,35:0.36886485331469965,36:0.31756980106016874,37:0.18368399651508094,38:0.14213915154378853,39:0.07275085734524345,40:0.5911114984547967} with alpha 91.0 and beta 340.0, percentage 20.97902097902098
The arm 33 has vector {0:0.2209923510840851,1:0.7220216454126887,2:0.8489299582533552,3:0.8808477218567111,4:0.8955138307190713,5:0.7715866624298042,6:0.612341776046833,7:0.5319495370896814,8:0.27131506351616863,9:0.7039405555494315,10:0.8267713337049049,11:0.6027612528488429,12:0.26709949485487494,13:0.04088819272262212,14:0.5515304807893484,15:0.07232247201743403,16:0.6366449517052193,17:0.782147036419193,18:0.7287462398901694,19:0.9175203083124766,20:0.7225716408941913,21:0.5446767596656216,22:0.8198492793650397,23:0.3749139634178117,24:0.3021290314790577,25:0.2465705289931479,26:0.9439176621310973,27:0.816952538639871,28:0.730953579224682,29:0.7635671219653856,30:0.1726386766155118,31:0.7924944591292319,32:0.19651727064509494,33:0.6979236858144394,34:0.6873599619877859,35:0.9124705297948525,36:0.411924472165887,37:0.21463935786842625,38:0.38871617547492,39:0.14268692151509488,40:0.4422488204096531} with alpha 16.0 and beta 93.0, percentage 14.018691588785046
The arm 34 has vector {0:0.4450593372902646,1:0.22565206918482927,2:0.00517117788198973,3:0.6019049470792845,4:0.5672014090099662,5:0.3169047215660299,6:0.6691468962550561,7:0.6739001879696845,8:0.19080897990863677,9:0.9575748988819022,10:0.9780623642888293,11:0.7818216632145994,12:0.11903979994351399,13:0.39141672246449954,14:0.714728396672542,15:0.03905573116993044,16:0.4579458339637188,17:0.36571698104284733,18:0.04308989555505793,19:0.11395731961092237,20:0.20844752559549717,21:0.5931294697208908,22:0.7333489391391914,23:0.417300984109658,24:0.4368847958974278,25:0.2930967893264742,26:0.7968114855743983,27:0.8173720647387416,28:0.920065912738151,29:0.5080731114202754,30:0.10231442780082511,31:0.9599526806512572,32:0.9158288186051151,33:0.29054597690513484,34:0.23900359234249058,35:0.9834231542339315,36:0.450623063004129,37:0.5160313812438034,38:0.9885227472109029,39:0.416559320257449,40:0.029562931884243526} with alpha 31.0 and beta 148.0, percentage 16.94915254237288
The arm 35 has vector {0:0.29537976128461585,1:0.7886183557737895,2:0.3182062058382862,3:0.9905703955837026,4:0.6592267992721647,5:0.7251312124702097,6:0.013137187806756878,7:0.5495533181100323,8:0.7846029648744235,9:0.4848139701085592,10:0.9969469846840479,11:0.9277621747919709,12:0.8329213983829634,13:0.5714550638552525,14:0.5763813417692423,15:0.34253027250619184,16:0.7441302744931859,17:0.4929803938166526,18:0.6038976154617356,19:0.9734055263385059,20:0.25255726567699244,21:0.1223160814697758,22:0.6940472239937892,23:0.45214956069936296,24:0.7214021722075078,25:0.8847714050198462,26:0.15979459875001012,27:0.5529840793496187,28:0.2131740491932831,29:0.18879555782302304,30:0.5545044336928564,31:0.06740060801449232,32:0.4486453258629083,33:0.2803139902883951,34:0.15765326714088734,35:0.40746520165928757,36:0.832535472687262,37:0.26580207352514906,38:0.08003557461617561,39:0.8595302805407442,40:0.7810959598627408} with alpha 3.0 and beta 38.0, percentage 5.128205128205128
The arm 36 has vector {0:0.0035887120141065987,1:0.4001858555534574,2:0.7265533802369654,3:0.9340993962578382,4:0.35468098019405236,5:0.008371144307748213,6:0.7312219136791627,7:0.07527012081485518,8:0.3746168409522195,9:0.4813851382037396,10:0.38599946369720617,11:0.6541557581346529,12:0.2330713909624087,13:0.40968066696589245,14:0.7078992116150274,15:0.295203254987221,16:0.9179164461386812,17:0.5646403267548772,18:0.35768866796409526,19:0.0894265801990558,20:0.2224875902013238,21:0.0742785787515301,22:0.7582538868022309,23:0.13967971817264158,24:0.9151552026132933,25:0.3570657792636398,26:0.6243230317673012,27:0.012033688173650026,28:0.32515997474256686,29:0.06111985779534157,30:0.6501334086938457,31:0.9935140298325422,32:0.49096550355366386,33:0.5492410825146266,34:0.04362713243472249,35:0.7557504011911033,36:0.7732856957797251,37:0.23104484042827922,38:0.8489304373115766,39:0.7636018640154042,40:0.19410801358198637} with alpha 2.0 and beta 29.0, percentage 3.4482758620689653
The arm 37 has vector {0:0.9614620116368807,1:0.38479578641209555,2:0.011478348787675507,3:0.8287264707008939,4:0.07688564446066859,5:0.1401861629060216,6:0.7037135272690063,7:0.7300089395288542,8:0.44334134614446863,9:0.8542827457232492,10:0.35918004542174664,11:0.25482538563823665,12:0.525506509220863,13:0.9136354023923567,14:0.46242436587269753,15:0.6026528019765832,16:0.2645665137443203,17:0.2852871569204074,18:0.6579524097605467,19:0.9680529011183595,20:0.6092422406460658,21:0.3290384335970886,22:0.712881894818524,23:0.6265443999352356,24:0.21650329439443816,25:0.4979894929620531,26:0.07047139354509024,27:0.798115704236604,28:0.2255943219186224,29:0.4387022972820208,30:0.6961147951275598,31:0.8368287915037221,32:0.6923280000163295,33:0.7967628668855236,34:0.5287361317012612,35:0.07104354625473719,36:0.6081666859286962,37:0.4517822311659455,38:0.11705364101962557,39:0.6806704326968789,40:0.6703597649928547} with alpha 35.0 and beta 148.0, percentage 18.784530386740332
The arm 38 has vector {0:0.1885727934783874,1:0.43682033922997887,2:0.7640454942782752,3:0.6709651814604644,4:0.5530235866500275,5:0.8882839034485681,6:0.26584031222223004,7:0.4104432931351474,8:0.5149012851130539,9:0.12610196785443673,10:0.09813129003092003,11:0.3704327908984548,12:0.5707163462957292,13:0.41386303965257487,14:0.9206921815384925,15:0.6466531159040434,16:0.034467013673067814,17:0.54088202923794,18:0.024029422447137017,19:0.37361905268661355,20:0.6872599096803818,21:0.15057292879207496,22:0.926792279933878,23:0.37206223846927056,24:0.5682979222411525,25:0.7141418502249064,26:0.7351822695097668,27:0.989925710019243,28:0.11263457739848282,29:0.31116826793819163,30:0.8974238520366083,31:0.5992435415099568,32:0.058039536034810046,33:0.18594699931627756,34:0.4370740822474213,35:0.22636088388678044,36:0.4503001066196506,37:0.3894619596218918,38:0.5909463116436734,39:0.1155752318450729,40:0.4256700340774381} with alpha 6.0 and beta 49.0, percentage 9.433962264150944
The arm 39 has vector {0:0.22564701287271827,1:0.026146260821141465,2:0.029770664500481492,3:0.7884930407870909,4:0.27674943298357135,5:0.625716320521782,6:0.330582704517865,7:0.825790231911194,8:0.5515301167328831,9:0.7067553954432176,10:0.20996922228542103,11:0.2701213252879622,12:0.7190479005416434,13:0.6880285896089248,14:0.966261103272999,15:0.3292778711233728,16:0.2868487293458364,17:0.5614143521387531,18:0.5829356866513206,19:0.9360040929050177,20:0.3434150410624889,21:0.837151136508996,22:0.4120773281245622,23:0.0670774857476869,24:0.26329125548346943,25:0.4639133650381727,26:0.34608761770932406,27:0.6190584757169917,28:0.9677339157498992,29:0.26861356343865805,30:0.9083458464889046,31:0.6936921044371165,32:0.3401010197662325,33:0.12957941932500083,34:0.12373035275061761,35:0.8156634467354338,36:0.8356371269667371,37:0.8545592526240278,38:0.18240520431614404,39:0.9757864901965982,40:0.3309713186973895} with alpha 4.0 and beta 41.0, percentage 6.976744186046512
The arm 40 has vector {0:0.5954165199995746,1:0.5063734294046621,2:0.19779736973550244,3:0.4967237580691801,4:0.7015694730898279,5:0.8509941045423352,6:0.30223597205555364,7:0.35053764343205085,8:0.49882152404361846,9:0.7504588103689191,10:0.19851656218849068,11:0.10355915061984033,12:0.3183489607183879,13:0.978688063152317,14:0.13110731323803182,15:0.4903024419083215,16:0.22295274216583827,17:0.9950306980062164,18:0.5500716086190446,19:0.9073892725390086,20:0.6717018042632086,21:0.8859152629366148,22:0.02180065819096244,23:0.4007003299275028,24:0.759182822642539,25:0.7309381564851436,26:0.48302741479847644,27:0.19333819054365198,28:0.7728297174123104,29:0.2618622463868189,30:0.7381321826478386,31:0.11216341145164754,32:0.13202082735640885,33:0.7563320702271045,34:0.9435507409060206,35:0.8840508763424273,36:0.8686005582431134,37:0.8868234447088986,38:0.5869434705139356,39:0.6125989982912815,40:0.31398728186581726} with alpha 1.0 and beta 27.0, percentage 0.0
The arm 41 has vector {0:0.605718945706312,1:0.5779452623532076,2:0.7924287751661759,3:0.25867349982443266,4:0.6910802718594449,5:0.44602056432817827,6:0.42317416427233834,7:0.9352684546516656,8:0.38093508496250994,9:0.8381601417886924,10:0.7451064518564183,11:0.7675979250348018,12:0.8229533420046768,13:0.8759732008707434,14:0.965403456996536,15:0.5853989699711786,16:0.7767997088998363,17:0.9341254041009985,18:0.8620942306856548,19:0.29024653164426417,20:0.997581173167538,21:0.21760874290476573,22:0.8434296936061761,23:0.7647962410555862,24:0.6777750925236165,25:0.5947942934832684,26:0.29890155851441413,27:0.07058897278343768,28:0.09830037566470862,29:0.6511756991451886,30:0.8845527141793256,31:0.5324229807989392,32:0.6278682194519402,33:0.3261422858251315,34:0.5784967263410213,35:0.7803405462312829,36:0.7173853238893814,37:0.19123095305702376,38:0.08723244570393573,39:0.6783385108803384,40:0.7012028398061662} with alpha 83.0 and beta 306.0, percentage 21.188630490956072
The arm 42 has vector {0:0.8953950494907934,1:0.8877246337766735,2:0.23184803705501522,3:0.47595218411854734,4:0.5653460350773263,5:0.16028552132444984,6:0.771646647196113,7:0.69866644900333,8:0.7031844212050157,9:0.2293849860391568,10:0.9840698932594159,11:0.5931184442624311,12:0.4159184135117949,13:0.027768992616492683,14:0.9575411777756754,15:0.9947046876658066,16:0.8583630970898266,17:0.5463451132705528,18:0.6698921189767472,19:0.037600499031704815,20:0.019019705174282087,21:0.5484904243251554,22:0.9711784413922767,23:0.8591085492610923,24:0.2527665214886723,25:0.4955191395167591,26:0.8344141432283523,27:0.13899717345099938,28:0.8962575358226378,29:0.1446185154586208,30:0.381149730606145,31:0.20517287966384412,32:0.4152127001809368,33:0.4489418742539002,34:0.9730742791598286,35:0.04050325935272192,36:0.8635330051519969,37:0.026081607574661825,38:0.8844092972804425,39:0.28070128524325455,40:0.9548513950348628} with alpha 16.0 and beta 92.0, percentage 14.150943396226415
The arm 43 has vector {0:0.9025154368362811,1:0.656559953036162,2:0.9681460900028969,3:0.836655353927894,4:0.3645795536065386,5:0.03789330434280702,6:0.607063428656466,7:0.6335764672584253,8:0.22581500735136817,9:0.26534616650253373,10:0.7831110180107618,11:0.9841993908983014,12:0.874765192531061,13:0.4426105471835041,14:0.8912201305261914,15:0.6921043520688832,16:0.07981797744456143,17:0.485625852601417,18:0.17968397796957003,19:0.15301775038980414,20:0.6719113496023339,21:0.46997324115788064,22:0.24196877379088633,23:0.9541755143315679,24:0.7737123332508741,25:0.001637699535897541,26:0.3585235527346188,27:0.5449551905434057,28:0.5142300579658942,29:0.6754815768549641,30:0.7341256246810971,31:0.061356557940476564,32:0.0407165851303497,33:0.8881706162874999,34:0.8820384804903874,35:0.8309368509818105,36:0.41797934195470887,37:0.8395489751917783,38:0.6393806032562,39:0.8803434724599732,40:0.3603346996485991} with alpha 182.0 and beta 692.0, percentage 20.756880733944953
The arm 44 has vector {0:0.6609463468811403,1:0.6471603265756807,2:0.31020582334135627,3:0.4905885386825245,4:0.5240758879085516,5:0.282159445331827,6:0.002938158718201911,7:0.4497345942197093,8:0.8263218175797838,9:0.3554989451485563,10:0.6888895976897627,11:0.09755346289567313,12:0.20029956043641772,13:0.44996047163719355,14:0.9717538064653186,15:0.10533511456041533,16:0.0347347470378887,17:0.47443752746064194,18:0.9039033510198511,19:0.9254794033062619,20:0.5356629589315303,21:0.19901015786248966,22:0.4595439811380242,23:0.9568181744804162,24:0.8177212142662924,25:0.29817148260570947,26:0.20419359107122925,27:0.9391308247677894,28:0.16323991187370557,29:0.865634265489613,30:0.15025925608812618,31:0.41714627787156344,32:0.7546405885443059,33:0.12897911152425756,34:0.3514001138270937,35:0.18956952736236143,36:0.616216472239825,37:0.7421385734188191,38:0.389761431002953,39:0.8308714951566103,40:0.3367384935432327} with alpha 10.0 and beta 59.0, percentage 13.432835820895523
The arm 45 has vector {0:0.7468082104923376,1:0.5693840654941816,2:0.3620963587621222,3:0.13253753182574224,4:0.6595130629545684,5:0.43882815733975034,6:0.434674746498774,7:0.0040121155688028765,8:0.18384062683372548,9:0.8759759731116167,10:0.7096957376208849,11:0.5247378889384068,12:0.3050264846588494,13:0.10620807003149335,14:0.44467144280572857,15:0.40167863977453633,16:0.8715944947538095,17:0.08387961076150374,18:0.0744337736864259,19:0.9881749588078995,20:0.3181153204905285,21:0.6045251758166157,22:0.1909703563392121,23:0.771308203511206,24:0.11140359092504482,25:0.5610990533928616,26:0.7258721362857914,27:0.9167579078059289,28:0.608957638751399,29:0.21491094192908844,30:0.04362695995230392,31:0.7318699687073953,32:0.7035051633945263,33:0.15262258414098295,34:0.37204305647284186,35:0.9364224036462091,36:0.13634886483715647,37:0.9716977534022342,38:0.23885539041554782,39:0.47076858306656444,40:0.9770935612357635} with alpha 25.0 and beta 119.0, percentage 16.901408450704224
The arm 46 has vector {0:0.887208050233911,1:0.17332113533090876,2:0.6732727267471721,3:0.0536640781290717,4:0.30561558214060547,5:0.35643296549517955,6:0.6660489708590508,7:0.7782798241091261,8:0.5714626888622286,9:0.2604657668537783,10:0.3794221266749629,11:0.4186454329024716,12:0.02588026532252774,13:0.10824814625173285,14:0.4151796799526053,15:0.6631748328459938,16:0.6982888451196879,17:0.889812158745768,18:0.005711183372635542,19:0.6998187779128918,20:0.8465352368791489,21:0.883635203577527,22:0.38784009480835246,23:0.7868963059156714,24:0.710754457046592,25:0.6175339674158904,26:0.8094742404399793,27:0.5206272689467968,28:0.7071339936187203,29:0.4694932974976348,30:0.6159790267934744,31:0.26559279849310113,32:0.34658388431631426,33:0.06637483745582407,34:0.17819927963886284,35:0.34214626671164416,36:0.08491571418650146,37:0.03494307504546801,38:0.6867634606948053,39:0.8487977354484293,40:0.5994435786999209} with alpha 77.0 and beta 294.0, percentage 20.59620596205962
The arm 47 has vector {0:0.24628090977138706,1:0.0029293579350926358,2:0.6063488082517048,3:0.35285048154377896,4:0.37072349097734236,5:0.03625605051551095,6:0.7351968849737207,7:0.9043044650543832,8:0.0478462586184355,9:0.7395780325481891,10:0.19630667334204954,11:0.9810702052476554,12:0.11189577793252292,13:0.13245262469840824,14:0.9072194610141675,15:0.8802472127201835,16:0.2644207428953921,17:0.4073121777980623,18:0.06370686675876991,19:0.32728606097531254,20:0.9595637544089661,21:0.4189869130825091,22:0.4306886911795812,23:0.4521603177371756,24:0.4574244575911748,25:0.16259477208847206,26:0.1764286921133289,27:0.3039002294362272,28:0.3090374577739833,29:0.4709248259807287,30:0.8386711382981163,31:0.36341191153816454,32:0.1896558299533958,33:0.9859113652273176,34:0.3656257274714283,35:0.68820695394868,36:0.370694622623465,37:0.4309517517951774,38:0.2358774597608696,39:0.3105632531788245,40:0.9817162469636291} with alpha 10.0 and beta 67.0, percentage 12.0
The arm 48 has vector {0:0.9392291600947337,1:0.03729295191780457,2:0.7064395298298239,3:0.9203563005742138,4:0.13353132335283824,5:0.9929601654674948,6:0.2588919880497135,7:0.6719430399118959,8:0.305625403096615,9:0.10399263017035576,10:0.9232308641265388,11:0.3036819154449336,12:0.7797443601520151,13:0.19068917912059502,14:0.8464717866765038,15:0.4592125642051613,16:0.24900196247438644,17:0.9402761349453574,18:0.2720953116292467,19:0.9507029864268708,20:0.6503795823201505,21:0.12787829953073893,22:0.967007222050246,23:0.990649341894397,24:0.5466560137096338,25:0.41630716659773015,26:0.377229323970241,27:0.21335251949274014,28:0.03945080811439816,29:0.30180761032992787,30:0.6069948115493456,31:0.3760518054997516,32:0.0012106527980544346,33:0.2504508082435343,34:0.06170667329515478,35:0.51629186895893,36:0.04450319802751379,37:0.8190851812588287,38:0.4258449628470532,39:0.9856474098481504,40:0.09773530002422925} with alpha 1.0 and beta 24.0, percentage 0.0
The arm 49 has vector {0:0.4524176121393757,1:0.6160665789330669,2:0.05477326765822277,3:0.49672039944862456,4:0.9865556488234423,5:0.7627906371372134,6:0.9012213335375953,7:0.13399415092982148,8:0.7259509001086477,9:0.7848026067432128,10:0.44461084246123106,11:0.7797148113024448,12:0.7498764057526972,13:0.8454156822186557,14:0.798110033279923,15:0.41763308356764495,16:0.2642834836301028,17:0.14464682862541722,18:0.938360417794291,19:0.5984872057812084,20:0.08200531127887634,21:0.5847547583929825,22:0.45630897005262727,23:0.19972797235288264,24:0.8051481692323937,25:0.45805363698253954,26:0.280885051414307,27:0.9129170929054301,28:0.2852400614835542,29:0.8804315258746345,30:0.9156187753008488,31:0.3765513109988424,32:0.08220371312714769,33:0.6121050326884627,34:0.2597801426018417,35:0.6142674458566628,36:0.04965929208000075,37:0.7099661954678814,38:0.9191059726752346,39:0.17338085134810877,40:0.17501774318892527} with alpha 7.0 and beta 56.0, percentage 9.836065573770492
The best arm is 41 with vector {0:0.605718945706312,1:0.5779452623532076,2:0.7924287751661759,3:0.25867349982443266,4:0.6910802718594449,5:0.44602056432817827,6:0.42317416427233834,7:0.9352684546516656,8:0.38093508496250994,9:0.8381601417886924,10:0.7451064518564183,11:0.7675979250348018,12:0.8229533420046768,13:0.8759732008707434,14:0.965403456996536,15:0.5853989699711786,16:0.7767997088998363,17:0.9341254041009985,18:0.8620942306856548,19:0.29024653164426417,20:0.997581173167538,21:0.21760874290476573,22:0.8434296936061761,23:0.7647962410555862,24:0.6777750925236165,25:0.5947942934832684,26:0.29890155851441413,27:0.07058897278343768,28:0.09830037566470862,29:0.6511756991451886,30:0.8845527141793256,31:0.5324229807989392,32:0.6278682194519402,33:0.3261422858251315,34:0.5784967263410213,35:0.7803405462312829,36:0.7173853238893814,37:0.19123095305702376,38:0.08723244570393573,39:0.6783385108803384,40:0.7012028398061662} with alpha 83.0 and beta 306.0, percentage 21.188630490956072
The right guesses are: 980 which means 16.333333333333332% correct
Done
The current arm is 41 with vector {0:0.605718945706312,1:0.5779452623532076,2:0.7924287751661759,3:0.25867349982443266,4:0.6910802718594449,5:0.44602056432817827,6:0.42317416427233834,7:0.9352684546516656,8:0.38093508496250994,9:0.8381601417886924,10:0.7451064518564183,11:0.7675979250348018,12:0.8229533420046768,13:0.8759732008707434,14:0.965403456996536,15:0.5853989699711786,16:0.7767997088998363,17:0.9341254041009985,18:0.8620942306856548,19:0.29024653164426417,20:0.997581173167538,21:0.21760874290476573,22:0.8434296936061761,23:0.7647962410555862,24:0.6777750925236165,25:0.5947942934832684,26:0.29890155851441413,27:0.07058897278343768,28:0.09830037566470862,29:0.6511756991451886,30:0.8845527141793256,31:0.5324229807989392,32:0.6278682194519402,33:0.3261422858251315,34:0.5784967263410213,35:0.7803405462312829,36:0.7173853238893814,37:0.19123095305702376,38:0.08723244570393573,39:0.6783385108803384,40:0.7012028398061662} with alpha 87.0 and beta 577.0
The order information:
Date: 2012-05-09T17:07:05.000+01:00
It predicted these items for order 1778911 :
   31560 with score of 2.6590074885338075
   752 with score of 1.9722232270773157
   27900 with score of 1.7817693938638306
   748 with score of 1.7585413143464201
   1693 with score of 1.7428197818939353
   13688 with score of 1.7428197818939353
   21769 with score of 1.7428197818939353
   25013 with score of 1.7428197818939353
   31278 with score of 1.7428197818939353
   23467 with score of 1.648548702972566
These are the actual items bought: 
   11832
   30233
The current arm is 41 with vector {0:0.605718945706312,1:0.5779452623532076,2:0.7924287751661759,3:0.25867349982443266,4:0.6910802718594449,5:0.44602056432817827,6:0.42317416427233834,7:0.9352684546516656,8:0.38093508496250994,9:0.8381601417886924,10:0.7451064518564183,11:0.7675979250348018,12:0.8229533420046768,13:0.8759732008707434,14:0.965403456996536,15:0.5853989699711786,16:0.7767997088998363,17:0.9341254041009985,18:0.8620942306856548,19:0.29024653164426417,20:0.997581173167538,21:0