Items: 31014,2,2012-03-22 09:35:15.730000000,2013-01-31 22:08:19.360000000,0,0000000000000000000000000000000000000000000000000000000000000000000000000000000000000000000010000000000000000000000000000000000000000000000000000000000000000000000000000000000000000000000000000000000000000000000000000000000000000000000000000000000000000000
Items: 16065,3,2010-10-12 09:05:28.623000000,2011-10-19 12:41:59.293000000,0,0000000000000000000000000000000000000000000000000000000000000000000000000000000000000000000100000000000000000000000000000000000000000000000000000000000000000000000000000000000000000000000000000000000000000000000000000000000000000000000000000000000000000000
Items: 2897,1,2010-07-28 15:55:07.423000000,2013-07-15 05:02:15.650000000,0,0000000000000000000000000000000000000000000000000000000000000000000000000000000000000000000100000000000000000000000000000000000000000000000000000000000000000000000000000000000000000000000000000000000000000000000000000000000000000000000000000000000000000000
Users: 46671,2009-07-31 17:52:05.423000000,45238,,0
Users: 117404,2012-02-11 18:20:17.737000000,30295,1989-02-13 00:00:00,1
Users: 185087,2009-07-31 19:48:45.310000000,54234,1986-06-04 00:00:00,1
Users: 242612,2011-12-03 21:34:16.640000000,90627,1990-07-23 00:00:00,2
Users: 294436,2011-03-16 09:05:23.647000000,72233,1994-04-25 00:00:00,1
Users: 345704,2011-11-11 20:55:14.437000000,68600,1994-06-05 00:00:00,2
Users: 399809,2012-09-17 14:43:42.033000000,44491,1997-12-12 00:00:00,1
Users: 455390,2012-12-20 16:02:28.573000000,3274,1978-06-02 00:00:00,2
Users: 525182,2013-07-28 12:33:53.590000000,53372,1990-06-17 00:00:00,0
Orders: 35022,1033356,1457,2009-10-18 21:46:53.347000000
Orders: 214698,1082559,614,2010-01-24 20:16:55.153000000
Orders: 226305,1122161,1501,2010-03-20 16:23:03.950000000
Orders: 46541,1167569,11120,2010-05-26 12:55:02.417000000
Orders: 75824,1208142,11119,2010-07-27 23:14:48.377000000
Orders: 13287,1248778,12826,2010-09-21 21:56:27.157000000
Orders: 272654,1296031,653,2010-12-01 18:41:36.730000000
Orders: 285359,1344258,18628,2011-01-28 14:59:09.743000000
Orders: 157456,1388262,18371,2011-03-17 11:46:02.120000000
Orders: 307265,1432210,758,2011-04-29 21:28:48.340000000
Orders: 271030,1473349,21803,2011-06-14 15:24:35.467000000
Orders: 275827,1511037,21829,2011-07-28 21:58:50.970000000
Orders: 62527,1550712,24845,2011-09-10 18:44:47.023000000
Orders: 293365,1597283,27523,2011-11-12 08:21:31.203000000
Orders: 158173,1649466,24361,2011-12-28 14:06:54.430000000
Orders: 371623,1691322,28947,2012-01-31 15:54:20.570000000
Orders: 151193,1739094,2144,2012-03-22 17:02:48.527000000
Orders: 71320,1784958,7874,2012-05-16 17:00:59.817000000
Orders: 287161,1827735,20480,2012-06-29 22:23:24.193000000
Orders: 271514,1866722,31203,2012-08-11 21:38:56.863000000
Orders: 428803,1915657,35460,2012-10-09 20:15:44.210000000
Orders: 444954,1966435,29677,2012-12-01 22:51:49.073000000
Orders: 460415,2018674,31695,2013-01-07 22:20:30.543000000
Orders: 381441,2066329,35170,2013-02-19 22:08:16.833000000
Orders: 485606,2112774,39306,2013-03-26 15:04:37.277000000
Orders: 423890,2161061,11304,2013-05-03 09:35:38.190000000
Orders: 314770,2207605,26096,2013-06-05 19:04:54.837000000
Orders: 287308,2249841,40450,2013-07-13 20:23:09.463000000
Orders: 255027,2289235,33612,2013-08-13 17:15:05.073000000
Orders: 466261,2331294,43871,2013-09-15 21:02:00.180000000
Orders: 446724,2379393,448,2013-11-01 19:20:53.627000000

Startup information:
First order in training stage: 700000
First order in evaluation stage: 771338
Last order in evaluation stage: 777471

Number of orders in training stage: 71338
Number of orders in evaluation stage: 6133

The current arm is 10 with vector {0:0.0028750823128261827,1:0.13535783443421312,2:0.04165060892191963,3:0.5062003299136273,4:0.3610523909663358,5:0.44989069730653675,6:0.995121866420499,7:0.19363033554528009} with alpha 1.0 and beta 9.0
The order information:
Date: 2012-05-09T17:07:05.000+02:00
It predicted these items for order 1778911 :
   31560 with score of 1.5564780019576605
   752 with score of 1.1874004490701289
   1693 with score of 0.8138181705856987
   13688 with score of 0.8138181705856987
   21769 with score of 0.8138181705856987
   25013 with score of 0.8138181705856987
   31278 with score of 0.8138181705856987
   23467 with score of 0.7687590851984135
   748 with score of 0.765837772014392
   31911 with score of 0.7181873979914317
These are the actual items bought: 
   11832
   30233
The current arm is 47 with vector {0:0.6116213010973441,1:0.38652536658931347,2:0.08094089344205391,3:0.769815720433781,4:0.4385329593318489,5:0.23693147175248153,6:0.30999484380629105,7:0.7288478577541739} with alpha 25.0 and beta 101.0
The order information:
Date: 2012-05-10T17:54:43.000+02:00
It predicted these items for order 1779917 :
   31560 with score of 2.42027972309159
   752 with score of 1.9315037284476981
   748 with score of 1.7519329991504697
   27900 with score of 1.7502690537564847
   5003 with score of 1.7232315588061502
   21714 with score of 1.711125355225315
   20430 with score of 1.7026982480465702
   29669 with score of 1.6674378782738972
   27576 with score of 1.6634745653933005
   11832 with score of 1.649400014114923
These are the actual items bought: 
   30342
   23374
   32289
The current arm is 36 with vector {0:0.6169875470179232,1:0.8616287260284611,2:0.8890968238575728,3:0.49884024530528603,4:0.6552131250689371,5:0.33244532889283207,6:0.13603766486587243,7:0.8693445364155661} with alpha 10.0 and beta 61.0
The order information:
Date: 2012-05-11T22:39:32.000+02:00
It predicted these items for order 1780921 :
   31560 with score of 2.1207712292018774
   752 with score of 1.5969307437412927
   748 with score of 1.558463130177082
   27900 with score of 1.4826071886321415
   20430 with score of 1.4630381710146527
   32354 with score of 1.449731881436644
   23218 with score of 1.449116326392002
   30664 with score of 1.449116326392002
   30678 with score of 1.449116326392002
   31755 with score of 1.449116326392002
These are the actual items bought: 
   31776
The current arm is 20 with vector {0:0.803549705961672,1:0.8641472853066311,2:0.19708572257530454,3:0.2787539066905377,4:0.33240540418351705,5:0.1227419032667263,6:0.3448294423815066,7:0.4042104458732554} with alpha 66.0 and beta 242.0
The order information:
Date: 2012-05-13T15:53:25.000+02:00
It predicted these items for order 1781930 :
   31560 with score of 1.8191162490702675
   752 with score of 1.6025009686521885
   748 with score of 1.5625552119776804
   21714 with score of 1.3995844235358412
   5003 with score of 1.3784615954894592
   29669 with score of 1.3641810348885377
   27576 with score of 1.354456109897904
   20430 with score of 1.3516191924215994
   27900 with score of 1.341754345086376
   23467 with score of 1.3224248840709791
These are the actual items bought: 
   2084
   29003
   31950
   20990
   31940
   30573
   20678
   30195
   25363
   27900
The current arm is 23 with vector {0:0.7695627413822123,1:0.7418462001629453,2:0.12576621281625167,3:0.7725454371872328,4:0.724289532620059,5:0.4952926217718263,6:0.8492658546836085,7:0.4854882380980039} with alpha 8.0 and beta 63.0
The order information:
Date: 2012-05-14T16:46:54.000+02:00
It predicted these items for order 1782931 :
   31560 with score of 2.7934370963658015
   748 with score of 2.634864432468735
   752 with score of 2.5088598608794834
   21714 with score of 2.1394674052891323
   27576 with score of 2.126361539969685
   5003 with score of 2.10493899801163
   29669 with score of 2.0811746213842537
   21671 with score of 2.076530634118416
   31434 with score of 2.0408370163844323
   2951 with score of 2.038382576353603
These are the actual items bought: 
   32564
The current arm is 20 with vector {0:0.803549705961672,1:0.8641472853066311,2:0.19708572257530454,3:0.2787539066905377,4:0.33240540418351705,5:0.1227419032667263,6:0.3448294423815066,7:0.4042104458732554} with alpha 105.0 and beta 561.0
The order information:
Date: 2012-05-15T15:02:20.000+02:00
It predicted these items for order 1783936 :
   31560 with score of 1.7481740683392109
   748 with score of 1.629161901592703
   752 with score of 1.4943019115700105
   27576 with score of 1.4057301671366749
   21714 with score of 1.3854175806432665
   5003 with score of 1.378003745080434
   29669 with score of 1.3489907513394017
   21776 with score of 1.329716094178669
   20430 with score of 1.3259940303096158
   27900 with score of 1.3255499029293276
These are the actual items bought: 
   12096
The arm 0 has vector {0:0.9900257854751708,1:0.10420401447151006,2:0.4311092405833741,3:0.5390120345880722,4:0.110899044038277,5:0.6532282903679667,6:0.5108611379255596,7:0.740649742807996} with alpha 12.0 and beta 107.0, percentage 9.401709401709402
The arm 1 has vector {0:0.3477407447696431,1:0.23165557630889455,2:0.47193432105876454,3:0.5833575156102353,4:0.1742591867600798,5:0.5462885283860617,6:0.028943314461200687,7:0.5978773865365632} with alpha 3.0 and beta 50.0, percentage 3.9215686274509802
The arm 2 has vector {0:0.7206539514336895,1:0.984957578893231,2:0.2450590528640254,3:0.5639500550353286,4:0.5054399250505424,5:0.8219787024035938,6:0.17163183040549046,7:0.874652739965281} with alpha 6.0 and beta 72.0, percentage 6.578947368421052
The arm 3 has vector {0:0.11971307363041295,1:0.706181233191282,2:0.8039544502111636,3:0.16681070672783593,4:0.2594971932508854,5:0.2906257303583689,6:0.2260210295757864,7:0.8193114978904752} with alpha 26.0 and beta 160.0, percentage 13.586956521739129
The arm 4 has vector {0:0.3420832328587772,1:0.7161963596364422,2:0.9067876912563304,3:0.992260823766503,4:0.017760663249040798,5:0.8313677289642148,6:0.9977675108861127,7:0.903544638600464} with alpha 9.0 and beta 81.0, percentage 9.090909090909092
The arm 5 has vector {0:0.9633991214906156,1:0.4533041726137692,2:0.3476395008807023,3:0.8452969343957735,4:0.9284913052372642,5:0.7610377184334419,6:0.532083789479601,7:0.42016838127163914} with alpha 2.0 and beta 41.0, percentage 2.4390243902439024
The arm 6 has vector {0:0.8112243250633742,1:0.6124836084633527,2:0.5765266651816342,3:0.24264247081401757,4:0.1888477258723099,5:0.6648820328934952,6:0.4599705255044507,7:0.2277894155447514} with alpha 7.0 and beta 80.0, percentage 7.0588235294117645
The arm 7 has vector {0:0.014040300964904717,1:0.6660203881857956,2:0.44109806597455525,3:0.03440762435664846,4:0.5217264855122072,5:0.43946063119916334,6:0.3056142145126334,7:0.2231506524734853} with alpha 1.0 and beta 30.0, percentage 0.0
The arm 8 has vector {0:0.5695801261504999,1:0.22305021758896681,2:0.6275987055334642,3:0.6678638307906848,4:0.44459963429589977,5:0.9009256980551428,6:0.6594998106766319,7:0.9058157763469532} with alpha 2.0 and beta 37.0, percentage 2.7027027027027026
The arm 9 has vector {0:0.7179128112943988,1:0.10212323811375634,2:0.5318294910462161,3:0.23810858164791127,4:0.8669427845452918,5:0.762680718995244,6:0.3197061703791735,7:0.2958756809421652} with alpha 1.0 and beta 33.0, percentage 0.0
The arm 10 has vector {0:0.0028750823128261827,1:0.13535783443421312,2:0.04165060892191963,3:0.5062003299136273,4:0.3610523909663358,5:0.44989069730653675,6:0.995121866420499,7:0.19363033554528009} with alpha 6.0 and beta 69.0, percentage 6.8493150684931505
The arm 11 has vector {0:0.500073118134205,1:0.8863321052077824,2:0.23577320319468376,3:0.7888810441593386,4:0.3043825593241978,5:0.004097033716348286,6:0.89616020202233,7:0.2630385964691849} with alpha 17.0 and beta 140.0, percentage 10.32258064516129
The arm 12 has vector {0:0.3377403540080557,1:0.6550080697491715,2:0.5648829414673233,3:0.08543841236086769,4:0.2119232250094425,5:0.8108755299034217,6:0.4542498182267195,7:0.8196493732789412} with alpha 4.0 and beta 41.0, percentage 6.976744186046512
The arm 13 has vector {0:0.6836138922766847,1:0.08332483089045051,2:0.6667496855992905,3:0.6891634221044997,4:0.30602983324690214,5:0.2967893104179953,6:0.19174978810559884,7:0.25759161310264345} with alpha 5.0 and beta 56.0, percentage 6.779661016949152
The arm 14 has vector {0:0.7972568610427015,1:0.9170625696363693,2:0.08516143173811175,3:0.45166024761792345,4:0.9906356597865617,5:0.5078674642328932,6:0.9891662296388989,7:0.8733487750344728} with alpha 11.0 and beta 96.0, percentage 9.523809523809524
The arm 15 has vector {0:0.6310413997661447,1:0.5607025382068854,2:0.7590489402894522,3:0.5982580276756697,4:0.5821685091747962,5:0.8328867831552552,6:0.5772162370090365,7:0.13338372131776788} with alpha 5.0 and beta 62.0, percentage 6.153846153846154
The arm 16 has vector {0:0.8586567918928875,1:0.20956034383382505,2:0.7726480099792089,3:0.29382001304439376,4:0.7070195177838525,5:0.5434727073832812,6:0.7494520497319186,7:0.6040390822657239} with alpha 3.0 and beta 48.0, percentage 4.081632653061225
The arm 17 has vector {0:0.5989585746224557,1:0.9680824212734094,2:0.3520740389525491,3:0.04213879843564594,4:0.5389985667144214,5:0.03264806745008375,6:0.4234446419827209,7:0.8619603730155276} with alpha 26.0 and beta 162.0, percentage 13.440860215053762
The arm 18 has vector {0:0.29649475461343233,1:0.02019233036103374,2:0.31801014195220845,3:0.8791422325431967,4:0.04714572078935142,5:0.7389784976092716,6:0.9407978320522397,7:0.5609895327552559} with alpha 5.0 and beta 57.0, percentage 6.666666666666667
The arm 19 has vector {0:0.23794942897190685,1:0.09336745198638918,2:0.9366392471608389,3:0.24546135211112097,4:0.1783683226927112,5:0.8176353847187118,6:0.5631364761290083,7:0.04340271589729461} with alpha 1.0 and beta 29.0, percentage 0.0
The arm 20 has vector {0:0.803549705961672,1:0.8641472853066311,2:0.19708572257530454,3:0.2787539066905377,4:0.33240540418351705,5:0.1227419032667263,6:0.3448294423815066,7:0.4042104458732554} with alpha 108.0 and beta 587.0, percentage 15.44011544011544
The arm 21 has vector {0:0.6126740009115205,1:0.4621776972345085,2:0.11585512228196804,3:0.17364665947994717,4:0.01334414539756179,5:0.5981091410812387,6:0.19794125631429427,7:0.423177195062864} with alpha 2.0 and beta 39.0, percentage 2.564102564102564
The arm 22 has vector {0:0.5752934546315612,1:0.7828127665057095,2:0.7544350905393458,3:0.7095794254895422,4:0.12052213904711184,5:0.9559382823514659,6:0.2900624880282361,7:0.014993458049841424} with alpha 2.0 and beta 36.0, percentage 2.7777777777777777
The arm 23 has vector {0:0.7695627413822123,1:0.7418462001629453,2:0.12576621281625167,3:0.7725454371872328,4:0.724289532620059,5:0.4952926217718263,6:0.8492658546836085,7:0.4854882380980039} with alpha 11.0 and beta 90.0, percentage 10.1010101010101
The arm 24 has vector {0:0.6779127895201305,1:0.6860018557674706,2:0.6897994708273845,3:0.8856124001026962,4:0.8539211752914784,5:0.709770632564697,6:0.37580268572155917,7:0.026142864945445377} with alpha 1.0 and beta 32.0, percentage 0.0
The arm 25 has vector {0:0.5113207827212325,1:0.19751725770161177,2:0.05985324393859359,3:0.6136763216100021,4:0.2915261137806372,5:0.7883387662207461,6:0.9175039362808611,7:0.09068747130892518} with alpha 2.0 and beta 42.0, percentage 2.380952380952381
The arm 26 has vector {0:0.6066574740915331,1:0.6906796810762225,2:0.6217467821288899,3:0.8803774664353448,4:0.9666411687356413,5:0.17344465360094385,6:0.8323782961385804,7:0.5334055611790928} with alpha 28.0 and beta 182.0, percentage 12.980769230769232
The arm 27 has vector {0:0.0102905525614716,1:0.31016633501702595,2:0.640051700277926,3:0.6852901326875622,4:0.6266215556376042,5:0.6489010362358426,6:0.6460849379896346,7:0.9122620729988857} with alpha 2.0 and beta 44.0, percentage 2.272727272727273
The arm 28 has vector {0:0.25141447132109007,1:0.9946402698568579,2:0.9267354852832073,3:0.03736633182976856,4:0.1356293596492224,5:0.414151454000502,6:0.4965553723075421,7:0.246340344594836} with alpha 6.0 and beta 68.0, percentage 6.944444444444445
The arm 29 has vector {0:0.4179341797054543,1:0.7136771486585649,2:0.5077813893870416,3:0.5715752662697414,4:0.28405170979681926,5:0.776197788783324,6:0.16303943951745115,7:0.9869833171116398} with alpha 1.0 and beta 30.0, percentage 0.0
The arm 30 has vector {0:0.3455407401633629,1:0.43180135081055915,2:0.6189158344503192,3:0.7387793906616341,4:0.7695498635031083,5:0.9317624614341466,6:0.9959110549116322,7:0.04059480494893275} with alpha 1.0 and beta 31.0, percentage 0.0
The arm 31 has vector {0:0.17808832778488703,1:0.8600900355683697,2:0.5174926682955721,3:0.9406228065782088,4:0.39842832736726297,5:0.5306270983684748,6:0.9329239406691862,7:0.46910754430038715} with alpha 35.0 and beta 220.0, percentage 13.438735177865613
The arm 32 has vector {0:0.06293645632718603,1:0.17289921111496354,2:0.5544458232279157,3:0.7126381754211774,4:0.9929994322487021,5:0.5662139732122468,6:0.6144644161650962,7:0.02945993249773149} with alpha 10.0 and beta 78.0, percentage 10.465116279069768
The arm 33 has vector {0:0.07816726931029572,1:0.7651013679126037,2:0.45699574339764426,3:0.3237156640946527,4:0.13721966412231068,5:0.3635086636543333,6:0.4990651355026219,7:0.6428555706810871} with alpha 27.0 and beta 182.0, percentage 12.560386473429952
The arm 34 has vector {0:0.17117345519579086,1:0.3282241366667713,2:0.56534463960843,3:0.5093352607342329,4:0.6901084490405487,5:0.18738123358980185,6:0.4318088334782557,7:0.9890609404809453} with alpha 22.0 and beta 161.0, percentage 11.602209944751381
The arm 35 has vector {0:0.39058774755175996,1:0.42294855655617813,2:0.3908695176634678,3:0.16936253523568023,4:0.5317182628215936,5:0.9507338711149026,6:0.65320422040555,7:0.8593433840805833} with alpha 16.0 and beta 133.0, percentage 10.204081632653061
The arm 36 has vector {0:0.6169875470179232,1:0.8616287260284611,2:0.8890968238575728,3:0.49884024530528603,4:0.6552131250689371,5:0.33244532889283207,6:0.13603766486587243,7:0.8693445364155661} with alpha 22.0 and beta 150.0, percentage 12.352941176470589
The arm 37 has vector {0:0.5602786572636387,1:0.7687029577831521,2:0.4319785373889832,3:0.02270986235953809,4:0.874863461698261,5:0.7533763791396513,6:0.6810937147539528,7:0.8691784627137844} with alpha 5.0 and beta 65.0, percentage 5.88235294117647
The arm 38 has vector {0:0.6630878878044187,1:0.018154509469503588,2:0.977400708803607,3:0.6204591153929134,4:0.9405989543232198,5:0.5681171105768758,6:0.42658431658341345,7:0.6577548786517257} with alpha 7.0 and beta 71.0, percentage 7.894736842105263
The arm 39 has vector {0:0.6153536244450105,1:0.7164634652037507,2:0.9410858265822619,3:0.17819678501345493,4:0.4133547714194483,5:0.7521650246904287,6:0.5125674557469567,7:0.6424855815546038} with alpha 8.0 and beta 82.0, percentage 7.954545454545454
The arm 40 has vector {0:0.6720279290256733,1:0.4623052181999395,2:0.4237979584895396,3:0.008697058608626018,4:0.526331965592896,5:0.984261977721431,6:0.6835935044030249,7:0.11502434139368767} with alpha 2.0 and beta 42.0, percentage 2.380952380952381
The arm 41 has vector {0:0.059339677104217836,1:0.20081388872748163,2:0.38087509432643807,3:0.028569416315759266,4:0.007508631920600806,5:0.1494579381534259,6:0.034700652885960914,7:0.8243444875832755} with alpha 16.0 and beta 133.0, percentage 10.204081632653061
The arm 42 has vector {0:0.8672313687818863,1:0.08046360541342801,2:0.11119487978221898,3:0.7994218566130507,4:0.4125050328092933,5:0.93468619009113,6:0.48215047084880414,7:0.6734129198470106} with alpha 1.0 and beta 31.0, percentage 0.0
The arm 43 has vector {0:0.7733864085879707,1:0.6545771133257466,2:0.30423879765463013,3:0.5342103137244457,4:0.17599374829554548,5:0.056525793305028715,6:0.46952124567010367,7:0.16637021831649101} with alpha 27.0 and beta 181.0, percentage 12.62135922330097
The arm 44 has vector {0:0.8094959604508696,1:0.5581449069882543,2:0.5256525974219622,3:0.6535945173390012,4:0.3314746355303577,5:0.5560218607492161,6:0.877353370355732,7:0.4578064346119912} with alpha 1.0 and beta 31.0, percentage 0.0
The arm 45 has vector {0:0.37402720697275404,1:0.18896329910317478,2:0.6490489729565512,3:0.7464039590295045,4:0.6940756979620348,5:0.0520874815595751,6:0.5659161468569851,7:0.573857171066341} with alpha 97.0 and beta 536.0, percentage 15.213946117274169
The arm 46 has vector {0:0.9255397893307785,1:0.887858035068095,2:0.9369481779446109,3:0.5291933189414982,4:0.5348077850865169,5:0.7169350781957013,6:0.933998701107485,7:0.9630002699631023} with alpha 16.0 and beta 125.0, percentage 10.79136690647482
The arm 47 has vector {0:0.6116213010973441,1:0.38652536658931347,2:0.08094089344205391,3:0.769815720433781,4:0.4385329593318489,5:0.23693147175248153,6:0.30999484380629105,7:0.7288478577541739} with alpha 103.0 and beta 523.0, percentage 16.346153846153847
The arm 48 has vector {0:0.40100397204382676,1:0.7469003382527274,2:0.7549893494008865,3:0.8684172168800663,4:0.8077528043102142,5:0.17073611576173164,6:0.911863106019512,7:0.31651132611807054} with alpha 3.0 and beta 45.0, percentage 4.3478260869565215
The arm 49 has vector {0:0.3671411668383019,1:0.19725200679275767,2:0.9722757681603861,3:0.04574013642328845,4:0.8012594296824084,5:0.16662273213087098,6:0.029348253515814715,7:0.7173464757506526} with alpha 6.0 and beta 72.0, percentage 6.578947368421052
The best arm is 47 with vector {0:0.6116213010973441,1:0.38652536658931347,2:0.08094089344205391,3:0.769815720433781,4:0.4385329593318489,5:0.23693147175248153,6:0.30999484380629105,7:0.7288478577541739} with alpha 103.0 and beta 523.0, percentage 16.346153846153847
The right guesses are: 690 which means 11.250611446274254% correct
Done
The current arm is 47 with vector {0:0.6116213010973441,1:0.38652536658931347,2:0.08094089344205391,3:0.769815720433781,4:0.4385329593318489,5:0.23693147175248153,6:0.30999484380629105,7:0.7288478577541739} with alpha 82.0 and beta 582.0
The order information:
Date: 2012-05-09T17:07:05.000+02:00
It predicted these items for order 1778911 :
   31560 with score of 2.090997321507268
   752 with score of 1.5604767481262622
   27900 with score of 1.4217033833881365
   748 with score of 1.401860858688344
   23467 with score of 1.3155917486909166
   31553 with score of 1.3015243405457475
   1693 with score of 1.2870857321816744
   13688 with score of 1.2870857321816744
   21769 with score of 1.2870857321816744
   25013 with score of 1.2870857321816744
These are the actual items bought: 
   11832
   30233
The current arm is 47 with vector {0:0.6116213010973441,1:0.38652536658931347,2:0.08094089344205391,3:0.769815720433781,4:0.4385329593318489,5:0.23693147175248153,6:0.30999484380629105,7:0.7288478577541739} with alpha 232.0 and beta 1432.0
The order information:
Date: 2012-05-10T17:54:43.000+02:00
It predicted these items for order 1779917 :
   31560 with score of 2.42027972309159
   752 with score of 1.9315037284476981
   748 with score of 1.7519329991504697
   27900 with score of 1.7502690537564847
   5003 with score of 1.7232315588061502
   21714 with score of 1.711125355225315
   20430 with score of 1.7026982480465702
   29669 with score of 1.6674378782738972
   27576 with score of 1.6634745653933005
   11832 with score of 1.649400014114923
These are the actual items bought: 
   30342
   23374
   32289
The current arm is 47 with vector {0:0.6116213010973441,1:0.38652536658931347,2:0.08094089344205391,3:0.769815720433781,4:0.4385329593318489,5:0.23693147175248153,6:0.30999484380629105,7:0.7288478577541739} with alpha 371.0 and beta 2293.0
The order information:
Date: 2012-05-11T22:39:32.000+02:00
It predicted these items for order 1780921 :
   31560 with score of 2.419649059323911
   752 with score of 1.9616280276395175
   748 with score of 1.8736930424338376
   27900 with score of 1.7428702619573997
   20430 with score of 1.7274498601475579
   21714 with score of 1.7236148581983566
   5003 with score of 1.7059643887251341
   29669 with score of 1.7034666342953015
   27576 with score of 1.693542865155295
   23467 with score of 1.6658334466712204
These are the actual items bought: 
   31776
The current arm is 47 with vector {0:0.6116213010973441,1:0.38652536658931347,2:0.08094089344205391,3:0.769815720433781,4:0.4385329593318489,5:0.23693147175248153,6:0.30999484380629105,7:0.7288478577541739} with alpha 539.0 and beta 3125.0
The order information:
Date: 2012-05-13T15:53:25.000+02:00
It predicted these items for order 1781930 :
   31560 with score of 2.411730609957057
   752 with score of 2.0077233365030476
   748 with score of 1.9787598589291167
   21714 with score of 1.7869652268107312
   5003 with score of 1.7720675005641309
   20430 with score of 1.7598843772333672
   27900 with score of 1.7472140664988998
   29669 with score of 1.7417124154165995
   27576 with score of 1.727222809547888
   23467 with score of 1.6910483735059323
These are the actual items bought: 
   2084
   29003
   31950
   20990
   31940
   30573
   20678
   30195
   25363
   27900
The current arm is 47 with vector {0:0.6116213010973441,1:0.38652536658931347,2:0.08094089344205391,3:0.769815720433781,4:0.4385329593318489,5:0.23693147175248153,6:0.30999484380629105,7:0.7288478577541739} with alpha 694.0 and beta 3970.0
The order information:
Date: 2012-05-14T16:46:54.000+02:00
It predicted these items for order 1782931 :
   31560 with score of 2.3908463989009245
   748 with score of 2.0464212566071827
   752 with score of 1.9835506143184918
   21714 with score of 1.7845177646853605
   5003 with score of 1.7760045057691132
   27576 with score of 1.7641853741430988
   20430 with score of 1.7541775754184852
   27900 with score of 1.7472951228122016
   29669 with score of 1.7340098406675508
   31553 with score of 1.7089161616767736
These are the actual items bought: 
   32564
The current arm is 47 with vector {0:0.6116213010973441,1:0.38652536658931347,2:0.08094089344205391,3:0.769815720433781,4:0.4385329593318489,5:0.23693147175248153,6:0.30999484380629105,7:0.7288478577541739} with alpha 807.0 and beta 4857.0
The order information:
Date: 2012-05-15T15:02:20.000+02:00
It predicted these items for order 1783936 :
   31560 with score of 2.3477649031494976
   748 with score of 2.05920358603829
   752 with score of 1.9193292079039097
   27576 with score of 1.7935743823141879
   21714 with score of 1.7783901548403422
   5003 with score of 1.7774374448249515
   20430 with score of 1.7331211089024894
   29669 with score of 1.7251680491722932
   27900 with score of 1.7213922538969693
   23467 with score of 1.700986724361606
These are the actual items bought: 
   12096
The arm 47 has vector {0:0.6116213010973441,1:0.38652536658931347,2:0.08094089344205391,3:0.769815720433781,4:0.4385329593318489,5:0.23693147175248153,6:0.30999484380629105,7:0.7288478577541739} with alpha 856.0 and beta 5279.0, percentage 13.94097505299201
The best arm is 47 with vector {0:0.6116213010973441,1:0.38652536658931347,2:0.08094089344205391,3:0.769815720433781,4:0.4385329593318489,5:0.23693147175248153,6:0.30999484380629105,7:0.7288478577541739} with alpha 856.0 and beta 5279.0, percentage 13.94097505299201
The right guesses are: 855 which means 13.94097505299201% correct
Done
367
