Items: 31014,2,2012-03-22 09:35:15.730000000,2013-01-31 22:08:19.360000000,0,0000000000000000000000000000000000000000000000000000000000000000000000000000000000000000000010000000000000000000000000000000000000000000000000000000000000000000000000000000000000000000000000000000000000000000000000000000000000000000000000000000000000000000
Items: 16065,3,2010-10-12 09:05:28.623000000,2011-10-19 12:41:59.293000000,0,0000000000000000000000000000000000000000000000000000000000000000000000000000000000000000000100000000000000000000000000000000000000000000000000000000000000000000000000000000000000000000000000000000000000000000000000000000000000000000000000000000000000000000
Items: 2897,1,2010-07-28 15:55:07.423000000,2013-07-15 05:02:15.650000000,0,0000000000000000000000000000000000000000000000000000000000000000000000000000000000000000000100000000000000000000000000000000000000000000000000000000000000000000000000000000000000000000000000000000000000000000000000000000000000000000000000000000000000000000
Users: 46671,2009-07-31 17:52:05.423000000,45238,,0
Users: 117404,2012-02-11 18:20:17.737000000,30295,1989-02-13 00:00:00,1
Users: 185087,2009-07-31 19:48:45.310000000,54234,1986-06-04 00:00:00,1
Users: 242612,2011-12-03 21:34:16.640000000,90627,1990-07-23 00:00:00,2
Users: 294436,2011-03-16 09:05:23.647000000,72233,1994-04-25 00:00:00,1
Users: 345704,2011-11-11 20:55:14.437000000,68600,1994-06-05 00:00:00,2
Users: 399809,2012-09-17 14:43:42.033000000,44491,1997-12-12 00:00:00,1
Users: 455390,2012-12-20 16:02:28.573000000,3274,1978-06-02 00:00:00,2
Users: 525182,2013-07-28 12:33:53.590000000,53372,1990-06-17 00:00:00,0
Orders: 35022,1033356,1457,2009-10-18 21:46:53.347000000
Orders: 214698,1082559,614,2010-01-24 20:16:55.153000000
Orders: 226305,1122161,1501,2010-03-20 16:23:03.950000000
Orders: 46541,1167569,11120,2010-05-26 12:55:02.417000000
Orders: 75824,1208142,11119,2010-07-27 23:14:48.377000000
Orders: 13287,1248778,12826,2010-09-21 21:56:27.157000000
Orders: 272654,1296031,653,2010-12-01 18:41:36.730000000
Orders: 285359,1344258,18628,2011-01-28 14:59:09.743000000
Orders: 157456,1388262,18371,2011-03-17 11:46:02.120000000
Orders: 307265,1432210,758,2011-04-29 21:28:48.340000000
Orders: 271030,1473349,21803,2011-06-14 15:24:35.467000000
Orders: 275827,1511037,21829,2011-07-28 21:58:50.970000000
Orders: 62527,1550712,24845,2011-09-10 18:44:47.023000000
Orders: 293365,1597283,27523,2011-11-12 08:21:31.203000000
Orders: 158173,1649466,24361,2011-12-28 14:06:54.430000000
Orders: 371623,1691322,28947,2012-01-31 15:54:20.570000000
Orders: 151193,1739094,2144,2012-03-22 17:02:48.527000000
Orders: 71320,1784958,7874,2012-05-16 17:00:59.817000000
Orders: 287161,1827735,20480,2012-06-29 22:23:24.193000000
Orders: 271514,1866722,31203,2012-08-11 21:38:56.863000000
Orders: 428803,1915657,35460,2012-10-09 20:15:44.210000000
Orders: 444954,1966435,29677,2012-12-01 22:51:49.073000000
Orders: 460415,2018674,31695,2013-01-07 22:20:30.543000000
Orders: 381441,2066329,35170,2013-02-19 22:08:16.833000000
Orders: 485606,2112774,39306,2013-03-26 15:04:37.277000000
Orders: 423890,2161061,11304,2013-05-03 09:35:38.190000000
Orders: 314770,2207605,26096,2013-06-05 19:04:54.837000000
Orders: 287308,2249841,40450,2013-07-13 20:23:09.463000000
Orders: 255027,2289235,33612,2013-08-13 17:15:05.073000000
Orders: 466261,2331294,43871,2013-09-15 21:02:00.180000000
Orders: 446724,2379393,448,2013-11-01 19:20:53.627000000

Startup information:
First order in training stage: 700000
First order in evaluation stage: 771338
Last order in evaluation stage: 777338

Number of orders in training stage: 71338
Number of orders in evaluation stage: 6000

The current arm is 6 with vector {0:0.667902939617112,1:0.18967695749160207,2:0.892035165525245,3:0.8813912393878287,4:0.14686635937616654,5:0.5462094654450661,6:0.10277262761699846,7:0.6199584524198408,8:0.7344044990675894,9:0.5223618948107415,10:0.5212082646003031,11:0.869561948872506,12:0.779075539485769,13:0.5405484328652577,14:0.11575179331492147,15:0.3377254386677774,16:0.6750058897371841,17:0.5446614256846762,18:0.3430583585588841,19:0.9060013366554331,20:0.17477636181757705,21:0.04424631151995362,22:0.2268713243961189,23:0.37808583939192497,24:0.062401946082969006,25:0.9572215617281498,26:0.3141446388734648,27:0.3038865705488797,28:0.7084997239585101,29:0.49313225284521334,30:0.22350319684822095,31:0.7027894344665332,32:0.5364521111643265,33:0.5306710134134686,34:0.6130641404214495,35:0.6186630903526937,36:0.318581468723353,37:0.9199768212730901,38:0.2539437132401541,39:0.9134069717499793,40:0.10046020089053653} with alpha 3.0 and beta 15.0
The order information:
Date: 2012-05-09T17:07:05.000+02:00
It predicted these items for order 1778911 :
   31560 with score of 1066.0
   27900 with score of 422.0
   752 with score of 403.0
   20430 with score of 379.0
   748 with score of 359.0
   11832 with score of 300.0
   5003 with score of 297.0
   31553 with score of 290.0
   21714 with score of 288.0
   27576 with score of 244.0
These are the actual items bought: 
   11832
   30233
The current arm is 10 with vector {0:0.5014483033084159,1:0.6981664690334417,2:0.6484769166618601,3:0.06501622130766904,4:0.3538723370920863,5:0.5192212855627306,6:0.43348085336676545,7:0.16401841341399637,8:0.005791611899655935,9:0.4993312493564399,10:0.2642894413830943,11:0.3995355899738938,12:0.14634239430342755,13:0.04750354023639081,14:0.7830225463140693,15:0.7296004037750938,16:0.2018895991034051,17:0.6495121854344486,18:0.835177987124185,19:0.3440891648484833,20:0.861045531237576,21:0.8059884398070264,22:0.8314387713508085,23:0.860268527043577,24:0.8589154189160698,25:0.43343466729804536,26:0.987684666575625,27:0.9945934332724422,28:0.051665696667978045,29:0.8824549088221715,30:0.685377226539803,31:0.5429474525188889,32:0.1185120748614118,33:0.6213473859290483,34:0.10775166103125156,35:0.7368358772972398,36:0.108859527972895,37:0.542891246218288,38:0.14015561560333023,39:0.9428835491455235,40:0.16333544502979913} with alpha 16.0 and beta 65.0
The order information:
Date: 2012-05-10T17:54:43.000+02:00
It predicted these items for order 1779917 :
   31560 with score of 1088.0
   752 with score of 413.0
   27900 with score of 410.0
   748 with score of 374.0
   20430 with score of 372.0
   5003 with score of 305.0
   11832 with score of 303.0
   21714 with score of 299.0
   31553 with score of 298.0
   29669 with score of 270.0
These are the actual items bought: 
   30342
   23374
   32289
The current arm is 23 with vector {0:0.12299575434063814,1:0.6019182590650353,2:0.42180453266550644,3:0.8355669075996093,4:0.06909181914669338,5:0.7933659869482633,6:0.8663861030795782,7:0.8635264368308059,8:0.6303405352965932,9:0.5398049655216647,10:0.9722739637556285,11:0.777030886282011,12:0.30801340671378985,13:0.3963708635740818,14:0.5345563839236037,15:0.7530355500878723,16:0.6335308722882154,17:0.41019710184894576,18:0.8153116789307185,19:0.38635773533128215,20:0.0784440761467905,21:0.9688856544430676,22:0.7403884378590985,23:0.9728904844741993,24:0.747170195279489,25:0.8982627400814898,26:0.7385627704371851,27:0.29140935063526374,28:0.734594274863394,29:0.9919249341927193,30:0.9972335508701248,31:0.6660302940921072,32:0.8704600992585904,33:0.5999869025673292,34:0.5160416988026643,35:0.6301282608595868,36:0.6424793023218954,37:0.9447112174437244,38:0.8107363082858062,39:0.2432042120868021,40:0.09485753397916574} with alpha 15.0 and beta 54.0
The order information:
Date: 2012-05-11T22:39:32.000+02:00
It predicted these items for order 1780921 :
   31560 with score of 1028.0
   748 with score of 422.0
   752 with score of 420.0
   27900 with score of 389.0
   20430 with score of 366.0
   5003 with score of 311.0
   21714 with score of 304.0
   11832 with score of 298.0
   29669 with score of 282.0
   31553 with score of 275.0
These are the actual items bought: 
   31776
The current arm is 17 with vector {0:0.2969714074662656,1:0.9417991290539871,2:0.540761547249623,3:0.5864878758926491,4:0.7069046964228403,5:0.15621218644012802,6:0.6211351824894037,7:0.20388361517164555,8:0.14243918321162097,9:0.9458669890553782,10:0.8744677690617015,11:0.09204578410965569,12:0.49574347580018496,13:0.0849363117566988,14:0.6906252189965195,15:0.7899172574640991,16:0.9365313660337876,17:0.8784117412985643,18:0.3972529470870054,19:0.04123317862281051,20:0.5620727924146992,21:0.3339962967521102,22:0.037964261833860036,23:0.10679077912105861,24:0.9898146071290389,25:0.115823255040305,26:0.8477227710826583,27:0.3337306266836818,28:0.7115782972939998,29:0.10659530902901626,30:0.027277352338040295,31:0.32315653324661,32:0.3312941695347369,33:0.6096559979351008,34:0.1750273768563656,35:0.320334369786921,36:0.953971570746508,37:0.06427686694091816,38:0.05003663453636775,39:0.7995268246994828,40:0.5473037883480113} with alpha 25.0 and beta 93.0
The order information:
Date: 2012-05-13T15:53:25.000+02:00
It predicted these items for order 1781930 :
   31560 with score of 990.0
   748 with score of 443.0
   752 with score of 428.0
   20430 with score of 368.0
   27900 with score of 354.0
   5003 with score of 334.0
   21714 with score of 325.0
   29669 with score of 279.0
   11832 with score of 277.0
   27576 with score of 269.0
These are the actual items bought: 
   2084
   29003
   31950
   20990
   31940
   30573
   20678
   30195
   25363
   27900
The current arm is 37 with vector {0:0.12465778795235471,1:0.5149836527808447,2:0.04420660442639457,3:0.84500887021402,4:0.09723220012462941,5:0.17597625452044663,6:0.16805566798984428,7:0.37418477855023935,8:0.07445067832974495,9:0.6174501507336301,10:0.43561791119736815,11:0.8062521131903988,12:0.4019040369223186,13:0.8779941478723314,14:0.5131110197946163,15:0.37506238666664926,16:0.19793578168556947,17:0.12119394912251202,18:0.21379801747808824,19:0.2646370619370879,20:0.7672118262926607,21:0.6263381299822501,22:0.6948161201205628,23:0.6511702738913447,24:0.8684906565350669,25:0.8678493696445718,26:0.24973790536563623,27:0.006639520781291819,28:0.1614207610810674,29:0.3794902405364272,30:0.3274619617483353,31:0.8445296658110277,32:0.7682250883528898,33:0.6909746765067153,34:0.8423117792374774,35:0.5795385678373397,36:0.9181410963841368,37:0.91211718219253,38:0.41205663565012873,39:0.06938693285485487,40:0.2333165740722294} with alpha 9.0 and beta 55.0
The order information:
Date: 2012-05-14T16:46:54.000+02:00
It predicted these items for order 1782931 :
   31560 with score of 989.0
   748 with score of 475.0
   752 with score of 445.0
   20430 with score of 361.0
   27900 with score of 339.0
   5003 with score of 338.0
   21714 with score of 331.0
   27576 with score of 302.0
   31553 with score of 286.0
   11832 with score of 282.0
These are the actual items bought: 
   32564
The current arm is 47 with vector {0:0.5463369489638883,1:0.34332303156827393,2:0.845621758776487,3:0.31556831396162943,4:0.8770189358791878,5:0.32143979480681373,6:0.9859957896733199,7:0.7364242010934038,8:0.597841229086535,9:0.9319327286934812,10:0.2687876213737952,11:0.5743273731311945,12:0.7171770897719019,13:0.4879245287383013,14:0.7082159136114132,15:0.24402220430852783,16:0.5817664546991365,17:0.8500239373686334,18:0.03331479690819439,19:0.7129902759749672,20:0.9137441594888617,21:0.6966626330542747,22:0.25284541647206826,23:0.3898525770470346,24:0.6832261961380544,25:0.29865603131586926,26:0.404605933967371,27:0.44045059633991834,28:0.6019339874939568,29:0.19164241980414787,30:0.9161864375191108,31:0.09503690278878574,32:0.674355135527546,33:0.8764160237715282,34:0.17099536939084403,35:0.6716212640108141,36:0.1849611615988742,37:0.21547290842171873,38:0.623634873114626,39:0.4630942809176538,40:0.16802798259230722} with alpha 24.0 and beta 135.0
The order information:
Date: 2012-05-15T15:02:20.000+02:00
It predicted these items for order 1783936 :
   31560 with score of 991.0
   748 with score of 496.0
   752 with score of 448.0
   20430 with score of 354.0
   5003 with score of 349.0
   21714 with score of 335.0
   27900 with score of 326.0
   27576 with score of 323.0
   31553 with score of 280.0
   11832 with score of 277.0
These are the actual items bought: 
   12096
The arm 0 has vector {0:0.3035416142732924,1:0.4428604346476731,2:0.9002333959574895,3:0.06125147584407231,4:0.8737252125429593,5:0.2052665320361864,6:0.8905876806221485,7:0.9674482429206374,8:0.00855742659573644,9:0.389975315226048,10:0.2748952642197663,11:0.7489581507995419,12:0.6585615737624239,13:0.39868034987566636,14:0.7189791197328863,15:0.185025992358256,16:0.24860833054745457,17:0.46565548060678663,18:0.06137826209013064,19:0.21435421341871252,20:0.9218167017704709,21:0.8622006984991429,22:0.047174898283000255,23:0.5690501752685952,24:0.5898177265589515,25:0.18343398076523387,26:0.3055803461388553,27:0.21605558822698245,28:0.4191700255458195,29:0.10191942947389698,30:0.9661605693903901,31:0.692442425684621,32:0.7700654706878077,33:0.05694632172972258,34:0.5727733789945068,35:0.7007973981353143,36:0.7305988481535364,37:0.959973972331384,38:0.9754192408458141,39:0.5765678041009061,40:0.6000517869998433} with alpha 30.0 and beta 146.0, percentage 16.666666666666664
The arm 1 has vector {0:0.578634185265184,1:0.19519201805872444,2:0.9563735133510899,3:0.5735331415454522,4:0.623520072052491,5:0.11544613256132108,6:0.1630742987444853,7:0.8314243957696432,8:0.22678128604965841,9:0.5089269759081599,10:0.17910052294617385,11:0.40094798798485465,12:0.22927459122604088,13:0.4543294230436494,14:0.023610350836000604,15:0.8117308557669266,16:0.3687449967582037,17:0.3211441471124197,18:0.3186266890289937,19:0.29477115144068067,20:0.1839264826115088,21:0.014872231507573663,22:0.4709334290698427,23:0.630409606305644,24:0.6115050551795713,25:0.37402513414198524,26:0.04655382337736291,27:0.546713382471747,28:0.415660354950556,29:0.011439230394692523,30:0.2777634313566083,31:0.4078770785050756,32:0.09686489338088533,33:0.7205596415153075,34:0.8269688524454222,35:0.6617365229747948,36:0.8179429142074278,37:0.8900674687772528,38:0.24660776659072303,39:0.5090828560616819,40:0.6124588661695639} with alpha 3.0 and beta 38.0, percentage 5.128205128205128
The arm 2 has vector {0:0.8920354937416228,1:0.984003126858627,2:0.765459603955447,3:0.42045529059296627,4:0.9411520821894367,5:0.4323122486974895,6:0.05021805158770576,7:0.5444413084798483,8:0.30803855491921495,9:0.33454137097612613,10:0.35266295705021,11:0.9606316795983534,12:0.37922525110919025,13:0.3772434847891244,14:0.6141923532596258,15:0.8842562854451074,16:0.9297682820510018,17:0.49064740006534946,18:0.47342980835164394,19:0.07108272613330047,20:0.04519585404844406,21:0.2737222924015005,22:0.9743054695660818,23:0.02398377633322535,24:0.05308265409345059,25:0.22801903563548598,26:0.867673625694041,27:0.35782181681387815,28:0.7275065341462721,29:0.9104342437151242,30:0.10382552458935412,31:0.717047663543173,32:0.09912863086418022,33:0.9832811516435941,34:0.6685383807959934,35:0.9324901305695048,36:0.9590530594965935,37:0.3302038207316147,38:0.6140353990665421,39:0.12099143340141238,40:0.5861706682508604} with alpha 23.0 and beta 132.0, percentage 14.37908496732026
The arm 3 has vector {0:0.7265760543989421,1:0.34846733746156255,2:0.5176070995853126,3:0.3730174427370253,4:0.2619661242017285,5:0.35568183492005945,6:0.20533665842020554,7:0.022505837173255494,8:0.5250937465950558,9:0.2884620040332502,10:0.5161068543710539,11:0.6525492717384382,12:0.011150217520264905,13:0.280601354158841,14:0.9592557095005857,15:0.3099791995964918,16:0.38206720151910356,17:0.2209409421501598,18:0.25059934382511995,19:0.32628500663720983,20:0.6388006875244812,21:0.03563761127017606,22:0.889331990097771,23:0.11124303592111462,24:0.8632410274319677,25:0.21283363526903376,26:0.1643949068359294,27:0.39697007432070597,28:0.30649345439693887,29:0.9841218468044428,30:0.3983457295991675,31:0.10678456869397557,32:0.22679109999692615,33:0.46078144175122027,34:0.7578223034922537,35:0.008214258285370257,36:0.5382621819087929,37:0.523602236120098,38:0.9724884172156791,39:0.8963844669653175,40:0.21723998910967302} with alpha 6.0 and beta 57.0, percentage 8.19672131147541
The arm 4 has vector {0:0.8451244403346374,1:0.10300956793899185,2:0.9719771728061732,3:0.3862461136104177,4:0.13874686158836058,5:0.1476518740511955,6:0.2193457643052501,7:0.8215211857668175,8:0.5245127977582302,9:0.7137266748196137,10:0.08274831730897636,11:0.6712937843678015,12:0.8047318913446425,13:0.623268060994809,14:0.004901503512646177,15:0.8930035468272977,16:0.1745509983031196,17:0.360859584130913,18:0.44859524026977493,19:0.3147891688201606,20:0.08036598221466407,21:0.6169108558822871,22:0.4456356573817547,23:0.10315658486919399,24:0.5557276861112239,25:0.7592747813954258,26:0.4631138095609385,27:0.2611114395083939,28:0.36235379689962977,29:0.8782106691259793,30:0.8174584824965523,31:0.1301233821155353,32:0.057488061335680185,33:0.6739222555185871,34:0.5268461409297246,35:0.9013887396419925,36:0.26725212080582783,37:0.7763782512084415,38:0.2021918415092806,39:0.2825771374611,40:0.3139166118985799} with alpha 8.0 and beta 65.0, percentage 9.859154929577464
The arm 5 has vector {0:0.44030048121249066,1:0.7964630267274444,2:0.8806661158579591,3:0.23975288866583566,4:0.11956828384391605,5:0.767552101576876,6:0.9780974665800891,7:0.8880199425670048,8:0.6557366005369119,9:0.6128968228936538,10:0.12305060213702912,11:0.23220530853463794,12:0.04237764199093841,13:0.730334477013621,14:0.7464609173674971,15:0.29300487111062523,16:0.2607178558619594,17:0.8858334964622605,18:0.5012396339982763,19:0.13811375387912195,20:0.36040092921347244,21:0.20772212130560064,22:0.6158579676729442,23:0.3088121976967988,24:0.24296873995707535,25:0.44719923186978694,26:0.1514213197878358,27:0.37596982080179353,28:0.29330425355404643,29:0.41132602322580525,30:0.009387198405107822,31:0.46835076268093667,32:0.5877566851927213,33:0.09205032367794852,34:0.8019244253682205,35:0.9869503600585963,36:0.32959712258259266,37:0.4050001936120101,38:0.7512484558341698,39:0.9934150487746671,40:0.6621902139992836} with alpha 35.0 and beta 180.0, percentage 15.96244131455399
The arm 6 has vector {0:0.667902939617112,1:0.18967695749160207,2:0.892035165525245,3:0.8813912393878287,4:0.14686635937616654,5:0.5462094654450661,6:0.10277262761699846,7:0.6199584524198408,8:0.7344044990675894,9:0.5223618948107415,10:0.5212082646003031,11:0.869561948872506,12:0.779075539485769,13:0.5405484328652577,14:0.11575179331492147,15:0.3377254386677774,16:0.6750058897371841,17:0.5446614256846762,18:0.3430583585588841,19:0.9060013366554331,20:0.17477636181757705,21:0.04424631151995362,22:0.2268713243961189,23:0.37808583939192497,24:0.062401946082969006,25:0.9572215617281498,26:0.3141446388734648,27:0.3038865705488797,28:0.7084997239585101,29:0.49313225284521334,30:0.22350319684822095,31:0.7027894344665332,32:0.5364521111643265,33:0.5306710134134686,34:0.6130641404214495,35:0.6186630903526937,36:0.318581468723353,37:0.9199768212730901,38:0.2539437132401541,39:0.9134069717499793,40:0.10046020089053653} with alpha 9.0 and beta 65.0, percentage 11.11111111111111
The arm 7 has vector {0:0.049765647369306,1:0.24423024991247622,2:0.12555616763022337,3:0.410319695250393,4:0.12309770389345587,5:0.260591075129777,6:0.12761058629790545,7:0.882567487899612,8:0.9310499582138014,9:0.8150169943404192,10:0.7372721668929225,11:0.15545811700563383,12:0.0014777094939283364,13:0.06772677979350183,14:0.3183917927939235,15:0.3885112888885962,16:0.893072846090323,17:0.22757455731046827,18:0.43159904814951244,19:0.6085445084012472,20:0.33275128410021904,21:0.28558880481416193,22:0.17877829956449232,23:0.728224751688675,24:0.08337834408668243,25:0.2358365871429201,26:0.9336563955492347,27:0.6521154803153044,28:0.49880789778018475,29:0.8702589386162682,30:0.1839507869795921,31:0.8038826667148998,32:0.5063086681936653,33:0.947782054222253,34:0.7308723458855974,35:0.05666484939267846,36:0.2724508759009261,37:0.9527825577818018,38:0.9460073084875801,39:0.011231848370355513,40:0.12610211063644827} with alpha 5.0 and beta 52.0, percentage 7.2727272727272725
The arm 8 has vector {0:0.451233696615854,1:0.0251069392405483,2:0.3526459364856638,3:0.7197835814623456,4:0.4304712913789438,5:0.4825372690757579,6:0.8244842988973932,7:0.1788707523387164,8:0.27643394856131076,9:0.043942103090357065,10:0.2883669710873974,11:0.9744257595209753,12:0.7844241398173807,13:0.6263412210483231,14:0.1279182049454377,15:0.5882067066427931,16:0.6150579419836157,17:0.6841116725814078,18:0.13430318434622113,19:0.9309243182069117,20:0.47567324768219443,21:0.22336848999472725,22:0.11367572476134924,23:0.7608138128978298,24:0.9322382012751793,25:0.876047489635997,26:0.7945823473385489,27:0.8661221978536227,28:0.15076709732945914,29:0.6119317773427623,30:0.7841621870457419,31:0.9137673993213425,32:0.3342549391985117,33:0.994126937176695,34:0.06555943246243401,35:0.7108569664253894,36:0.9639238998383862,37:0.49133177972644404,38:0.5835429203961958,39:0.45961448950997363,40:0.025880657004615504} with alpha 38.0 and beta 202.0, percentage 15.546218487394958
The arm 9 has vector {0:0.27197874965343427,1:0.44609537565687263,2:0.9055800028391141,3:0.16156349307652285,4:0.553019329273271,5:0.5894423153975475,6:0.4214502858009096,7:0.8468390614490207,8:0.7921756447378403,9:0.9435127751782285,10:0.7041074393417929,11:0.18020052828125366,12:0.5655452496223456,13:0.4453426055124313,14:0.9439266788575886,15:0.2695017865021161,16:0.2353530784183605,17:0.18307634675425744,18:0.25005441743108436,19:0.25036857901803244,20:0.18316701544452896,21:0.7550857421208359,22:0.2846499799115565,23:0.49628746713925465,24:0.12845516125055545,25:0.5047863116830744,26:0.702514129201005,27:0.7409111932691963,28:0.929704026057733,29:0.2808836337981512,30:0.7837871691625099,31:0.8816191420680155,32:0.060054288560201785,33:0.5098080930152474,34:0.6275002495918673,35:0.8502976905454764,36:0.35208892296776895,37:0.9788258672747585,38:0.08051772428666126,39:0.974674541897481,40:0.17403243658841128} with alpha 14.0 and beta 89.0, percentage 12.871287128712872
The arm 10 has vector {0:0.5014483033084159,1:0.6981664690334417,2:0.6484769166618601,3:0.06501622130766904,4:0.3538723370920863,5:0.5192212855627306,6:0.43348085336676545,7:0.16401841341399637,8:0.005791611899655935,9:0.4993312493564399,10:0.2642894413830943,11:0.3995355899738938,12:0.14634239430342755,13:0.04750354023639081,14:0.7830225463140693,15:0.7296004037750938,16:0.2018895991034051,17:0.6495121854344486,18:0.835177987124185,19:0.3440891648484833,20:0.861045531237576,21:0.8059884398070264,22:0.8314387713508085,23:0.860268527043577,24:0.8589154189160698,25:0.43343466729804536,26:0.987684666575625,27:0.9945934332724422,28:0.051665696667978045,29:0.8824549088221715,30:0.685377226539803,31:0.5429474525188889,32:0.1185120748614118,33:0.6213473859290483,34:0.10775166103125156,35:0.7368358772972398,36:0.108859527972895,37:0.542891246218288,38:0.14015561560333023,39:0.9428835491455235,40:0.16333544502979913} with alpha 25.0 and beta 154.0, percentage 13.559322033898304
The arm 11 has vector {0:0.1401763695193874,1:0.7104745231302327,2:0.9416540584483583,3:0.19746497845323807,4:0.3963606383434639,5:0.20826016036194495,6:0.19428528773052667,7:0.9443578763758723,8:0.8747189483266842,9:0.5653130022346463,10:0.4555925558242946,11:0.5486057619290909,12:0.6318871396146448,13:0.32003950926170066,14:0.5416480913868951,15:0.8647125237096756,16:0.35596342159616123,17:0.7807673642647625,18:0.4869800199161606,19:0.5438806238672135,20:0.05717995959874578,21:0.9396691612245841,22:0.5512004202960243,23:0.6412386387741731,24:0.6544510693776896,25:0.5896436395254809,26:0.5926486168639163,27:0.26140914889798095,28:0.9041401706177928,29:0.2179593027760962,30:0.4605433763199479,31:0.7803877459348744,32:0.10688241668847787,33:0.698272925289112,34:0.04960279398866052,35:0.7709843200613051,36:0.4632607108232015,37:0.7423582873255734,38:0.7554138637082185,39:0.09652717578434533,40:0.919070763027618} with alpha 15.0 and beta 89.0, percentage 13.725490196078432
The arm 12 has vector {0:0.3345479240451975,1:0.2777180672382461,2:0.2908375491046532,3:0.8125076160725501,4:0.06199406147350095,5:0.3743606832138465,6:0.5884558726689285,7:0.14833020203921488,8:0.3975099341271483,9:0.4064607961190757,10:0.06692252901491269,11:0.4898652781471897,12:0.17940726164331633,13:0.779935399822438,14:0.2657648358553173,15:0.06497820854391445,16:0.8574831320051811,17:0.9484647585229381,18:0.8902630117907566,19:0.0775320708956252,20:0.5192754750397047,21:0.8592398858639932,22:0.12369082009023169,23:0.12473201840005221,24:0.2325027796077298,25:0.09247728037814962,26:0.03198740417010004,27:0.594542410188178,28:0.5461054638775494,29:0.7335602957258213,30:0.7533080902871815,31:0.7476523306697026,32:0.616709429498676,33:0.36671388057865195,34:0.9073108918663637,35:0.19226952689122023,36:0.07869315060198856,37:0.32510464869382105,38:0.5795005071442202,39:0.7946721068500348,40:0.9625034767721907} with alpha 21.0 and beta 122.0, percentage 14.184397163120568
The arm 13 has vector {0:0.43575088123273886,1:0.1562772434572729,2:0.38476098215101195,3:0.41163372446412705,4:0.7766747391755866,5:0.06511582460103094,6:0.04878833003578875,7:0.7576555033979252,8:0.718146038764437,9:0.13393736890604413,10:0.3144343412558427,11:0.5009552769623697,12:0.9476898613725625,13:0.24608527916907452,14:0.49823239998201196,15:0.5572436169043984,16:0.6744041173224332,17:0.7086508586969497,18:0.975665384540753,19:0.2789795865407596,20:0.03089810772377022,21:0.690420777805944,22:0.11043848386322297,23:0.44182308156497485,24:0.7070720352685048,25:0.6264180357262203,26:0.7266694212213304,27:0.17308640193888059,28:0.8425882875455557,29:0.6768058005206812,30:0.1099869958495876,31:0.9439071411775315,32:0.43548985580698973,33:0.7368321733478271,34:0.8575696525801472,35:0.8529799931599577,36:0.008879613390880947,37:0.6133008955538553,38:0.8864531690972348,39:0.4555090398834013,40:0.8222445841750237} with alpha 51.0 and beta 243.0, percentage 17.123287671232877
The arm 14 has vector {0:0.8151367024582281,1:0.43828065701274266,2:0.9386763270585646,3:0.06794798460160156,4:0.42987760080173576,5:0.19286949916535856,6:0.08053748985980436,7:0.537034194110193,8:0.5283469319887972,9:0.855215026821538,10:0.08358089641113042,11:0.567450967445044,12:0.2795999285949301,13:0.2519526536372425,14:0.41898731483345764,15:0.7646101491435514,16:0.204701400694978,17:0.42084517438214564,18:0.17584917707895487,19:0.7064973625362478,20:0.11158294844848637,21:0.8673725520462219,22:0.9764817617195102,23:0.1975446205120086,24:0.6506043237005685,25:0.17565777441864083,26:0.8384115978190974,27:0.9789961843335414,28:0.324710972226519,29:0.6283933416556955,30:0.27333943457313614,31:0.1054701167248645,32:0.9929879720485534,33:0.9646767160661421,34:0.6863587270727189,35:0.3812632004154116,36:0.8639242817696695,37:0.797755693770681,38:0.8484610173064545,39:0.37717030914740757,40:0.9543572540434616} with alpha 1.0 and beta 25.0, percentage 0.0
The arm 15 has vector {0:0.33031014091769484,1:0.6009370727501318,2:0.08529000639039797,3:0.8181499210745796,4:0.9952496640920504,5:0.48764456247226184,6:0.6876270635441062,7:0.045031903148344155,8:0.9101667546427915,9:0.07640320864128325,10:0.4751903496435639,11:0.09228108890807107,12:0.5883654980857984,13:0.689300594328753,14:0.7456740945015513,15:0.23266328436770167,16:0.3924451285837218,17:0.06563435367244441,18:0.7643685373186971,19:0.08846648442160365,20:0.40145068392277816,21:0.9010869899834266,22:0.9104755523374303,23:0.958627717430499,24:0.32653550560010625,25:0.744735984093574,26:0.4294890223066411,27:0.9113174260856024,28:0.85316760074776,29:0.07675568515154862,30:0.9412347445519211,31:0.28702429725094614,32:0.584218275530777,33:0.8458507125265851,34:0.21665990612746766,35:0.8966457156396594,36:0.2251229574944391,37:0.21522472633066103,38:0.169044808420434,39:0.17731353762573476,40:0.22393116689763404} with alpha 4.0 and beta 48.0, percentage 6.0
The arm 16 has vector {0:0.8499198334712237,1:0.4108054725757013,2:0.7025991134025779,3:0.5830082826591141,4:0.7896864967310643,5:0.6161684390535943,6:0.17478508136749282,7:0.8996521754575914,8:0.35979163109191015,9:0.40695034112689543,10:0.7833667189354682,11:0.9241064987714394,12:0.4572673000369104,13:0.8751766156287726,14:0.1821348963859566,15:0.09201112344043483,16:0.8232510035472594,17:0.2613249506525347,18:0.5170879165886795,19:0.06426252997681403,20:0.5062275021282634,21:0.8191162866240592,22:0.015161482755089772,23:0.6854556328648472,24:0.3254822835446961,25:0.557030668989794,26:0.016468882737865065,27:0.3061792428848137,28:0.05947533811432726,29:0.40061865759895343,30:0.7870604741170787,31:0.4931392114469262,32:0.7774651478836428,33:0.6081873443708111,34:0.8935566841681378,35:0.16187806560318818,36:0.49000539654749364,37:0.47004396050859376,38:0.670049991359327,39:0.15378743557181607,40:0.28823777846227827} with alpha 24.0 and beta 139.0, percentage 14.285714285714285
The arm 17 has vector {0:0.2969714074662656,1:0.9417991290539871,2:0.540761547249623,3:0.5864878758926491,4:0.7069046964228403,5:0.15621218644012802,6:0.6211351824894037,7:0.20388361517164555,8:0.14243918321162097,9:0.9458669890553782,10:0.8744677690617015,11:0.09204578410965569,12:0.49574347580018496,13:0.0849363117566988,14:0.6906252189965195,15:0.7899172574640991,16:0.9365313660337876,17:0.8784117412985643,18:0.3972529470870054,19:0.04123317862281051,20:0.5620727924146992,21:0.3339962967521102,22:0.037964261833860036,23:0.10679077912105861,24:0.9898146071290389,25:0.115823255040305,26:0.8477227710826583,27:0.3337306266836818,28:0.7115782972939998,29:0.10659530902901626,30:0.027277352338040295,31:0.32315653324661,32:0.3312941695347369,33:0.6096559979351008,34:0.1750273768563656,35:0.320334369786921,36:0.953971570746508,37:0.06427686694091816,38:0.05003663453636775,39:0.7995268246994828,40:0.5473037883480113} with alpha 34.0 and beta 184.0, percentage 15.277777777777779
The arm 18 has vector {0:0.1586913860454785,1:0.5430165837424891,2:0.998161964905385,3:0.963024108044904,4:0.6522724719473789,5:0.1109596956691189,6:0.23758709802984823,7:0.21243728572567178,8:0.2296784935230276,9:0.00857005750429507,10:0.5407051513263645,11:0.019325252325624653,12:0.24708567036674933,13:0.6321225891095378,14:0.2153669939149403,15:0.6241862560387181,16:0.25626744307479976,17:0.7407058798691636,18:0.5858278993166833,19:0.6199338607587418,20:0.19323643948817204,21:0.47492227662462716,22:0.4813261972112459,23:0.7714822700152889,24:0.1440525584837582,25:0.35593376958464085,26:0.3624191732840374,27:0.8833785775231225,28:0.9102030807273211,29:0.5881813801600203,30:0.02304588110586392,31:0.8709964107920297,32:0.7232077152387354,33:0.6402894024376355,34:0.20961162695526236,35:0.6531510575306378,36:0.40781279765974576,37:0.7002001948810235,38:0.29392098233386743,39:0.3001799290459257,40:0.13099975357876426} with alpha 4.0 and beta 45.0, percentage 6.382978723404255
The arm 19 has vector {0:0.3496417807123645,1:0.7903555463876205,2:0.8570847079782875,3:0.35253956786588325,4:0.0026883058529850734,5:0.45495655350550834,6:0.49451550514180276,7:0.26124432657577745,8:0.14447270222076714,9:0.37034655376017533,10:0.3544048356039704,11:0.5844915089532957,12:0.7058271660916953,13:0.5687528264943518,14:0.36376566142294464,15:0.06169522681017747,16:0.47244721865651274,17:0.3624078796942961,18:0.6497185285163799,19:0.7256155369336833,20:0.6002334030077818,21:0.42155376931593747,22:0.7505841165297032,23:0.040383942979572596,24:0.6374597161959819,25:0.44115888387846114,26:0.19152019148989352,27:0.44084778394601354,28:0.840149215047659,29:0.8586842588480957,30:0.7000076448695037,31:0.029127221288703264,32:0.8398765667056228,33:0.7416010680714723,34:0.8656350926413959,35:0.15787504498610938,36:0.3426442785496512,37:0.7283664875406528,38:0.645700078625064,39:0.26798515562716974,40:0.424999311866909} with alpha 2.0 and beta 33.0, percentage 3.0303030303030303
The arm 20 has vector {0:0.32001781217575687,1:0.8459476208494567,2:0.8720271700120542,3:0.5370769168167597,4:0.3111946922728941,5:0.33199486840199444,6:0.6014044295079526,7:0.9367840977748549,8:0.8933718841835644,9:0.43146650358610494,10:0.1713805996159694,11:0.18344258150171688,12:0.3726290038694403,13:0.12659636661901907,14:0.6008780616139383,15:0.3339431435738047,16:0.13826182723214941,17:0.5140850193146533,18:0.5806079888013352,19:0.3430210497398847,20:0.27502725747746803,21:0.1348074977291427,22:0.4786871964469921,23:0.5141762744916827,24:0.6095080987194194,25:0.6814406134785277,26:0.9496306098911756,27:0.7157964658739505,28:0.37851546385872614,29:0.13103079702562193,30:0.6292043934154328,31:0.4167968506123869,32:0.724089510099695,33:0.48959863756212274,34:0.43738943741476866,35:0.4620259261539402,36:0.7663702904599765,37:0.7274404670290022,38:0.18792019507504198,39:0.2568106139950823,40:0.36606668645448104} with alpha 6.0 and beta 60.0, percentage 7.8125
The arm 21 has vector {0:0.07537984124679675,1:0.45024292198559723,2:0.6167923234247544,3:0.1220300894877292,4:0.6355931521852533,5:0.35654804714982835,6:0.5064938283802648,7:0.6782991815114038,8:0.35092627870141546,9:0.48526222805274943,10:0.898696809188189,11:0.1004143987887941,12:0.5460796026501304,13:0.249812835673067,14:0.4523934240100794,15:0.01443094040444115,16:0.3438582791537482,17:0.45534560837867144,18:0.40318394656333456,19:0.20931480700884697,20:0.7807594082437601,21:0.7372123907310278,22:0.7416986097691476,23:0.23830186013910515,24:0.8266696732868268,25:0.2623153738634695,26:0.4118444491183946,27:0.8178561157808746,28:0.6749577041377344,29:0.7072329305383314,30:0.5505212089027637,31:0.8108564890316284,32:0.5672003447027291,33:0.4656389163817459,34:0.1403703532263686,35:0.24216206882931857,36:0.5344333643123904,37:0.23655179981718066,38:0.5043518284495407,39:0.35763930881007944,40:0.43074816353927214} with alpha 15.0 and beta 94.0, percentage 13.084112149532709
The arm 22 has vector {0:0.5780397278984197,1:0.6440249534380342,2:0.9465822434108185,3:0.9459361682207585,4:0.36927079664706197,5:0.18066852572165093,6:0.18164324722041036,7:0.3957860824287073,8:0.7436658005763916,9:0.5208594114632465,10:0.13599385820739884,11:0.15613330107867762,12:0.760848202317541,13:0.35885405951972227,14:0.1110589144635582,15:0.7570878023977474,16:0.14241846905022526,17:0.3424458757418314,18:0.006750942447636854,19:0.9734722687025591,20:0.22521936917640462,21:0.7718376905972687,22:0.8181638176132155,23:0.46397046848956724,24:0.8267609668832202,25:0.2704797225065505,26:0.5303099117620829,27:0.5475120791903445,28:0.3928922389503279,29:0.9169926322901842,30:0.7356198553249359,31:0.16674596853448265,32:0.8690658119820319,33:0.8902262879450408,34:0.9125594142516681,35:0.6229374101424915,36:0.0474064726306781,37:0.8485111741416127,38:0.1033055050797349,39:0.30540051229445286,40:0.5586691898605365} with alpha 24.0 and beta 130.0, percentage 15.131578947368421
The arm 23 has vector {0:0.12299575434063814,1:0.6019182590650353,2:0.42180453266550644,3:0.8355669075996093,4:0.06909181914669338,5:0.7933659869482633,6:0.8663861030795782,7:0.8635264368308059,8:0.6303405352965932,9:0.5398049655216647,10:0.9722739637556285,11:0.777030886282011,12:0.30801340671378985,13:0.3963708635740818,14:0.5345563839236037,15:0.7530355500878723,16:0.6335308722882154,17:0.41019710184894576,18:0.8153116789307185,19:0.38635773533128215,20:0.0784440761467905,21:0.9688856544430676,22:0.7403884378590985,23:0.9728904844741993,24:0.747170195279489,25:0.8982627400814898,26:0.7385627704371851,27:0.29140935063526374,28:0.734594274863394,29:0.9919249341927193,30:0.9972335508701248,31:0.6660302940921072,32:0.8704600992585904,33:0.5999869025673292,34:0.5160416988026643,35:0.6301282608595868,36:0.6424793023218954,37:0.9447112174437244,38:0.8107363082858062,39:0.2432042120868021,40:0.09485753397916574} with alpha 19.0 and beta 118.0, percentage 13.333333333333334
The arm 24 has vector {0:0.7877686981588938,1:0.21076259042030088,2:0.7344017565060708,3:0.013932634899283425,4:0.4630673902181054,5:0.2444227465605301,6:0.732117648460841,7:0.6026951061387894,8:0.6639787793279169,9:0.7681212496114644,10:0.22198801517717848,11:0.1555636897886098,12:0.21916259605191635,13:0.6134654866701242,14:0.4069426405350023,15:0.364208532169078,16:0.23753504133749626,17:0.3479071038746022,18:0.5819529721077714,19:0.7409117574613622,20:0.20281090352677777,21:0.8112028429572639,22:0.20238952661967713,23:0.801046703009112,24:0.6490122021924248,25:0.903039997637918,26:0.6602043586079915,27:0.8915431616540868,28:0.15619727536560257,29:0.32776122813019404,30:0.2251856957456787,31:0.33648629194626833,32:0.3425349448513928,33:0.6854711192579619,34:0.9335354742798081,35:0.544705480800551,36:0.8334021659279337,37:0.3531487913673307,38:0.9072032421405507,39:0.7077528974537135,40:0.6458676649032282} with alpha 12.0 and beta 84.0, percentage 11.702127659574469
The arm 25 has vector {0:0.2906246299376428,1:0.9955533833251341,2:0.8376731910171586,3:0.09746397526477091,4:0.36834460191595775,5:0.5178826465373002,6:0.07015378283639984,7:0.11204017824511814,8:0.4392218793309871,9:0.6373561586336756,10:0.8172241024237983,11:0.7597364091310026,12:0.7801101217627943,13:0.32577513702073113,14:0.17681206137884342,15:0.6632286483949997,16:0.7797315932139223,17:0.9164344283460336,18:0.654441775889144,19:0.43667642407118246,20:0.5205864850150689,21:0.5578412151711427,22:0.6629080658186204,23:0.6065140100301418,24:0.35839917633230844,25:0.1842294643421145,26:0.22125863473128993,27:0.2523085172982352,28:0.8970030589967247,29:0.19211110464178727,30:0.36626251571583834,31:0.8001408025979907,32:0.7297786696715787,33:0.8363466340694587,34:0.5727897480111952,35:0.4240023676943254,36:0.5679436171327347,37:0.6747285621251298,38:0.4525736491262501,39:0.6951353968955297,40:0.3450657627427076} with alpha 47.0 and beta 241.0, percentage 16.083916083916083
The arm 26 has vector {0:0.6916806653680436,1:0.027940410419873718,2:0.3968151147450174,3:0.4631910459690787,4:0.14375468035191907,5:0.43144402794417214,6:0.02967356608256866,7:0.973944122189869,8:0.20864858789421614,9:0.3491757085039321,10:0.6556589581555295,11:0.5093772041702533,12:0.9894781516029766,13:0.721906309530733,14:0.822049574728879,15:0.8319651328194383,16:0.61122927618999,17:0.9258015388262243,18:0.02128228098706597,19:0.13324077158686987,20:0.2304474515981697,21:0.9507364547197864,22:0.987673028947735,23:0.15248436984546332,24:0.9268348860287023,25:0.489586881790532,26:0.4778658599415979,27:0.6808035496984669,28:0.6150900154635816,29:0.6441783461425855,30:0.37503173557883895,31:0.058264341016252774,32:0.6869945999321195,33:0.8853118500010057,34:0.7822601031623609,35:0.30072027263000745,36:0.854286684565375,37:0.08210360647707904,38:0.3160870192642137,39:0.13853531829664745,40:0.6511966749719545} with alpha 8.0 and beta 67.0, percentage 9.58904109589041
The arm 27 has vector {0:0.4415396064626984,1:0.6474266012615963,2:0.8257853761977322,3:0.2709705476809642,4:0.7292518374535943,5:0.22452300230279598,6:0.7196493703166742,7:0.004939395265967983,8:0.1361744282072722,9:0.5528052820171484,10:0.2450072348345229,11:0.24431795951006197,12:0.11221497470475339,13:0.6207675021195805,14:0.8143794258784962,15:0.9108786785443872,16:0.3426749508218926,17:0.06125347115531132,18:0.8096193926689963,19:0.05600723789534423,20:0.42360457190229384,21:0.4589831234519707,22:0.035279258772944355,23:0.994347111637203,24:0.39832339709668896,25:0.5426398526244002,26:0.4925733548436727,27:0.030220455602436358,28:0.9200174841951452,29:0.5784625314451523,30:0.5761095951202907,31:0.4854314403599286,32:0.9941300113176269,33:0.5818232769911451,34:0.8738424568034779,35:0.9168701384453923,36:0.7088634619237146,37:0.9492931548925312,38:0.5533115105125521,39:0.3585414253975343,40:0.6641945219668433} with alpha 9.0 and beta 73.0, percentage 10.0
The arm 28 has vector {0:0.041488641326091535,1:0.8264112309260574,2:0.8054734215534475,3:0.8846074254306325,4:0.2450921991333357,5:0.8660103637335284,6:0.89591842659747,7:0.9641914500171203,8:0.4100670621050325,9:0.8069848847776561,10:0.6318839742327743,11:0.27487183318796093,12:0.249753076632647,13:0.5423745954555372,14:0.6261803606354458,15:0.5340886224244786,16:0.14435136050902542,17:0.6664775285744076,18:0.8574173234853579,19:0.1059014510472801,20:0.10394713113663567,21:0.2506571654438603,22:0.39594172528189,23:0.8432654416286159,24:0.9220541578149375,25:0.6762953362897511,26:0.018776426808825297,27:0.8646823848122028,28:0.8435370099501563,29:0.04021787507928731,30:0.8077321526018402,31:0.9963060167904964,32:0.0646463728445813,33:0.26210602626641055,34:0.9570128222716111,35:0.6934466280177861,36:0.7516446360710725,37:0.7601304577313963,38:0.4294720620979616,39:0.7168102337249631,40:0.9649366382998327} with alpha 5.0 and beta 49.0, percentage 7.6923076923076925
The arm 29 has vector {0:0.1252983441553691,1:0.35752913294746136,2:0.24372410076203777,3:0.2208710452827779,4:0.9467178256841428,5:0.905298961562425,6:0.2604248557499882,7:0.05298816560493125,8:0.9659465582057625,9:0.6965112734185088,10:0.7788865556603848,11:0.841249637553696,12:0.015255659535938104,13:0.7417412082481252,14:0.21163612823452016,15:0.9771924555797064,16:0.7995520021099701,17:0.34057964496306825,18:0.2959977423200808,19:0.3256569614780199,20:0.0444418755223871,21:0.30337032010889076,22:0.06844292077666614,23:0.2806553518841327,24:0.07916460133980852,25:0.4479818148983371,26:0.8304348591379551,27:0.8134354605459196,28:0.11774554420923655,29:0.2756502942125604,30:0.9648380362466756,31:0.6322140157057758,32:0.0764956854675829,33:0.5903560111559353,34:0.8558142038587672,35:0.1392155205191259,36:0.8352855206030548,37:0.09983944817347501,38:0.48311099419755965,39:0.2563819309235664,40:0.7173396162126313} with alpha 18.0 and beta 115.0, percentage 12.977099236641221
The arm 30 has vector {0:0.9827940368686546,1:0.8550843643239324,2:0.9410693285068404,3:0.6891504474932669,4:0.49298072852813013,5:0.24244959613805184,6:0.6616925115480602,7:0.5941581822348033,8:0.7414390464492976,9:0.6803738257863974,10:0.39084251421970917,11:0.8978496879234708,12:0.1711350476693051,13:0.513305589471963,14:0.35645174329400164,15:0.16210612790419432,16:0.2475668447023709,17:0.7762299718817642,18:0.24979740353275515,19:0.1894597142595752,20:0.7937942280189624,21:0.5399063992794803,22:0.45868128792774754,23:0.21991447039182788,24:0.975450426563122,25:0.6484684753310564,26:0.2737229939290887,27:0.9641199694038488,28:0.8781430835044316,29:0.05155232929075826,30:0.29826942767760833,31:0.34205798347621164,32:0.4021991882491861,33:0.6208920223502346,34:0.633436991800899,35:0.06730641862325293,36:0.4550184691536251,37:0.8662995120085654,38:0.8602146529150535,39:0.8751140838413658,40:0.7236244411301234} with alpha 5.0 and beta 53.0, percentage 7.142857142857142
The arm 31 has vector {0:0.6003039104186966,1:0.2571908505555951,2:0.058368664230460054,3:0.5116342622044282,4:0.8534337834158252,5:0.4334291011377256,6:0.9978992869300998,7:0.31752440586776076,8:0.34066792721399664,9:0.6803595106526873,10:0.45699733038534107,11:0.47189143336881567,12:0.8060675992824963,13:0.6983201490595249,14:0.857694901849553,15:0.4854930476557119,16:0.4437925443543177,17:0.24123149380383335,18:0.7131065602580824,19:0.1899987365829402,20:0.15187527779680687,21:0.7295035092625546,22:0.9129978257572582,23:0.9586020999141598,24:0.7020032505113275,25:0.7384355573121733,26:0.820962574503641,27:0.06661426616882105,28:0.05964860200806865,29:0.3888613525166733,30:0.7710798617730412,31:0.18099681043389815,32:0.5730585260653577,33:0.27347252078517004,34:0.9166525840584695,35:0.017849903843056736,36:0.17445850349125924,37:0.660569187923948,38:0.9484665997697014,39:0.8485920164025502,40:0.6675996528129546} with alpha 49.0 and beta 241.0, percentage 16.666666666666664
The arm 32 has vector {0:0.998077307948706,1:0.3983616100444617,2:0.29804182139046753,3:0.08739375733165056,4:0.6794045022396871,5:0.8199174569265976,6:0.8846632822139321,7:0.9325391643670162,8:0.863417168644797,9:0.5086163905392955,10:0.9066295084751735,11:0.6033082846863741,12:0.9600898008613235,13:0.8417789024025968,14:0.6140360788424332,15:0.8278520007578136,16:0.11625263444535539,17:0.7606786221142423,18:0.3276396056599422,19:0.7657420588978777,20:0.6979595417579364,21:0.3029085146535685,22:0.20786400673899152,23:0.7188061978334763,24:0.5897765700659968,25:0.18094596549206543,26:0.3702483697648056,27:0.22790694840328163,28:0.5487729608661496,29:0.6407267702516277,30:0.8678806311185929,31:0.4982412319214957,32:0.8411587002450265,33:0.8121044129000976,34:0.9197918541914654,35:0.8698252876385472,36:0.5127644021072768,37:0.03632365067756227,38:0.7502713046422763,39:0.6743946763382559,40:0.25227599877827256} with alpha 1.0 and beta 26.0, percentage 0.0
The arm 33 has vector {0:0.8690352980707113,1:0.7508278452967692,2:0.5164997040360053,3:0.03885325755861946,4:0.9742936354611015,5:0.1483354543760529,6:0.46190630820483203,7:0.5734099806407256,8:0.45038452616478264,9:0.947182894276047,10:0.13091011807985475,11:0.22509333464224257,12:0.5522091204430714,13:0.1519563101105339,14:0.26869692288461144,15:0.3502138493039654,16:0.6743983034263213,17:0.9500681549213328,18:0.6891676895941903,19:0.019510443107291664,20:0.4848335562122865,21:0.4891424558949593,22:0.03381311354941219,23:0.9033860073686382,24:0.7594626378549162,25:0.30116975156628745,26:0.6854825657495603,27:0.6450792530712286,28:0.012370585379189558,29:0.7835996224985161,30:0.3575549045227102,31:0.15007021328786863,32:0.012655838407907849,33:0.3653041502971204,34:0.23439725257252209,35:0.3157599047556885,36:0.02826523289728544,37:0.613190255066041,38:0.6861238261603798,39:0.4025767875169387,40:0.3111878285583267} with alpha 7.0 and beta 60.0, percentage 9.230769230769232
The arm 34 has vector {0:0.37826307519228664,1:0.055713944011959726,2:0.9013454517054812,3:0.5285236162195155,4:0.09620073242346938,5:0.03766035667272827,6:0.39983698674312207,7:0.2968871616749311,8:0.13394813112329307,9:0.0785264862091295,10:0.11387041686603405,11:0.5267186273184199,12:0.8246176350447488,13:0.3019402371685228,14:0.4100358689890089,15:0.8672167166855069,16:0.18235160299319275,17:0.16199072011329985,18:0.19424959301578948,19:0.4626453955147043,20:0.934581188016876,21:0.8542547906964174,22:0.8920257995260815,23:0.7781242344567485,24:0.3130898995442576,25:0.01499766463824681,26:0.7799901333170518,27:0.7176209717142332,28:0.8065902362195987,29:0.14298433184700365,30:0.14556711880062145,31:0.7258931766463306,32:0.25233948056430444,33:0.981739358191406,34:0.9132367704191737,35:0.2548855147705249,36:0.6880415767970044,37:0.005825162793251404,38:0.7967389583582322,39:0.054307400484125634,40:0.1936506495161472} with alpha 12.0 and beta 84.0, percentage 11.702127659574469
The arm 35 has vector {0:0.16145935411726897,1:0.08731514922146721,2:0.5515487562064268,3:0.06237816298525112,4:0.46549694054708,5:0.07070699212486409,6:0.9004389284248367,7:0.2614126314466858,8:0.32006858997642107,9:0.7242260676792032,10:0.3177463961308442,11:0.8726819794495896,12:0.8039218527589761,13:0.22966412531265323,14:0.9794222424098474,15:0.28178025649280924,16:0.0781238354832503,17:0.9788838423005088,18:0.27057230375689156,19:0.7076388910196298,20:0.23717257900784616,21:0.5677900924379219,22:0.2135745477522355,23:0.21039171654350386,24:0.2945213445108168,25:0.9941395686392687,26:0.702776941409969,27:0.8361708820487146,28:0.6871217726776,29:0.6798007886960027,30:0.2332040223384878,31:0.663713848053877,32:0.30026600683800897,33:0.837109131042731,34:0.8150146047818055,35:0.5717720351931872,36:0.7351076202656444,37:0.3411492412764586,38:0.2701514674217782,39:0.5593278110765586,40:0.05584762774410168} with alpha 4.0 and beta 41.0, percentage 6.976744186046512
The arm 36 has vector {0:0.666051258460138,1:0.050503956828162444,2:0.5677198394907814,3:0.23127050296766438,4:0.2092089719880036,5:0.6246322587782012,6:0.6810264719674793,7:0.37312772692360374,8:0.20926536876691793,9:0.9336729600453423,10:0.2235544126351724,11:0.993501076607356,12:0.7614662385011284,13:0.5139315062149674,14:0.6204559387242482,15:0.5837504148173316,16:0.6253108474358562,17:0.6760515060364187,18:0.3311777774356538,19:0.4006203327485782,20:0.1742284206787601,21:0.02420640731157342,22:0.825707177862194,23:0.3693113641907072,24:0.31182444111003027,25:0.20474997993536637,26:0.7198354572258466,27:0.07447128152995053,28:0.8040923222125522,29:0.06068708789649235,30:0.1205024340930767,31:0.538960397089943,32:0.3197212028508083,33:0.7260785334401999,34:0.38318984230843856,35:0.7510616482084,36:0.5932456890166876,37:0.6160351250915591,38:0.6428517153986316,39:0.7267105025409474,40:0.5289907219235526} with alpha 19.0 and beta 114.0, percentage 13.740458015267176
The arm 37 has vector {0:0.12465778795235471,1:0.5149836527808447,2:0.04420660442639457,3:0.84500887021402,4:0.09723220012462941,5:0.17597625452044663,6:0.16805566798984428,7:0.37418477855023935,8:0.07445067832974495,9:0.6174501507336301,10:0.43561791119736815,11:0.8062521131903988,12:0.4019040369223186,13:0.8779941478723314,14:0.5131110197946163,15:0.37506238666664926,16:0.19793578168556947,17:0.12119394912251202,18:0.21379801747808824,19:0.2646370619370879,20:0.7672118262926607,21:0.6263381299822501,22:0.6948161201205628,23:0.6511702738913447,24:0.8684906565350669,25:0.8678493696445718,26:0.24973790536563623,27:0.006639520781291819,28:0.1614207610810674,29:0.3794902405364272,30:0.3274619617483353,31:0.8445296658110277,32:0.7682250883528898,33:0.6909746765067153,34:0.8423117792374774,35:0.5795385678373397,36:0.9181410963841368,37:0.91211718219253,38:0.41205663565012873,39:0.06938693285485487,40:0.2333165740722294} with alpha 9.0 and beta 71.0, percentage 10.256410256410255
The arm 38 has vector {0:0.9539646291676948,1:0.0013051517835251936,2:0.596868565172548,3:0.017845129092345147,4:0.405671827876417,5:0.6220787926643273,6:0.540831418573082,7:0.037154705609195426,8:0.8676504846719004,9:0.32148534321646816,10:0.04646349402712757,11:0.08734489793037048,12:0.5711909488402923,13:0.1345903886599682,14:0.1115601503665643,15:0.4071926920978337,16:0.023998749076442727,17:0.8002491091782501,18:0.36743907249579777,19:0.37939056356607714,20:0.09964260515268708,21:0.9390707008854782,22:0.0675435016195639,23:0.10960434561976617,24:0.6228649812608646,25:0.2852727070983081,26:0.8933121619647145,27:0.2761089605151664,28:0.8954068565885748,29:0.3915131558318651,30:0.66561987669683,31:0.7070851213683585,32:0.7171915068386596,33:0.0041734866766309775,34:0.7717870249380636,35:0.13734761143534557,36:0.15746472356303498,37:0.44698976352150943,38:0.3960954333150487,39:0.08079526784492552,40:0.07980604952983628} with alpha 26.0 and beta 145.0, percentage 14.792899408284024
The arm 39 has vector {0:0.6163250008523308,1:0.9978593633573628,2:0.02667821640854806,3:0.06949769593595778,4:0.18986559267845726,5:0.22014752634350576,6:0.6462885699041747,7:0.37708074255834956,8:0.002175689276248116,9:0.3215536453672615,10:0.45501174239856423,11:0.5483529820007824,12:0.8682140519955802,13:0.28492989790840895,14:0.7056689154778283,15:0.2782201331604983,16:0.38186646196206997,17:0.09789421063094716,18:0.4966612762996231,19:0.11648147301016565,20:0.5681675346111491,21:0.43706581647700415,22:0.7836857718632517,23:0.814274333356735,24:0.7130597179430527,25:0.5181658950955937,26:0.7902229337144698,27:0.6830173183845827,28:0.8932993389598847,29:0.4628745422213216,30:0.8856080332101831,31:0.46373496830831074,32:0.018243970189320002,33:0.5990774858262018,34:0.07623303180309415,35:0.9710321437834656,36:0.14940194057152423,37:0.17383696099446166,38:0.7894825164946981,39:0.10486753658629921,40:0.0976753334827064} with alpha 10.0 and beta 72.0, percentage 11.25
The arm 40 has vector {0:0.6452959408597541,1:0.05352426445013758,2:0.9645886367470828,3:0.8972965549485465,4:0.5271659254477844,5:0.22999141019762426,6:0.7948043114254539,7:0.41895660949195823,8:0.12466632684338774,9:0.6551553357097241,10:0.6616294740645146,11:0.024955601222424018,12:0.34888816137027845,13:0.7587298557006728,14:0.3966120064400772,15:0.9775779323319073,16:0.14933194737521283,17:0.11107155301160765,18:0.03578943025358816,19:0.2444071060232329,20:0.7126769126581015,21:0.0508100400574224,22:0.790065763048641,23:0.7681804481027932,24:0.5289158812569285,25:0.059711937469103304,26:0.719961431608009,27:0.00502926048195973,28:0.023521962803667362,29:0.8510578447503958,30:0.6938498328356677,31:0.15568869268486574,32:0.30144162294289045,33:0.02169859662310103,34:0.4542571248813091,35:0.389424079499715,36:0.9223947726403225,37:0.9425146128920656,38:0.11481389004029274,39:0.8405517851754519,40:0.048946995058760656} with alpha 6.0 and beta 54.0, percentage 8.620689655172415
The arm 41 has vector {0:0.18000102768468484,1:0.29386540663204397,2:0.7511966906652802,3:0.11662948614560531,4:0.040999152128589844,5:0.19928331358196694,6:0.606597144254602,7:0.34645599481660416,8:0.9558857710157693,9:0.09074953726224677,10:0.053156971132249486,11:0.8634082504065609,12:0.8626159820638857,13:0.7364480995415866,14:0.45659313181636085,15:0.8037189652576099,16:0.9116144584393422,17:0.6727625386079935,18:0.2559292104205111,19:0.23432715602236542,20:0.6282197602322698,21:0.3238940694224568,22:0.724783597490697,23:0.9568484765992302,24:0.10503824950531493,25:0.6918207177257163,26:0.29440049013830927,27:0.2890098928917345,28:0.2936915924667416,29:0.16840517718869052,30:0.5084623080769726,31:0.8286612527384233,32:0.6685704196180466,33:0.48741161830331503,34:0.28817529804918285,35:0.13304114554834456,36:0.8410312354825912,37:0.9435890508951587,38:0.09994800710036067,39:0.12704481482954277,40:0.8825925856975886} with alpha 7.0 and beta 53.0, percentage 10.344827586206897
The arm 42 has vector {0:0.3225744232522135,1:0.8810519523246069,2:0.33976696667869777,3:0.668932130332718,4:0.2807479463527275,5:0.27741200732214777,6:0.9681022918212328,7:0.7656868561334729,8:0.6825452441994313,9:0.7050253012733921,10:0.17580143396343395,11:0.37288589421392326,12:0.47766076616090225,13:0.2588421215338973,14:0.9227396006339746,15:0.9607122511857638,16:0.8473710388852747,17:0.7242180253747716,18:0.596390898924266,19:0.3601300532585645,20:0.7817749058401889,21:0.08552022498535505,22:0.40603823049612986,23:0.8465077640076524,24:0.36516898925531927,25:0.755920482860277,26:0.8159037791064462,27:0.7533895556793376,28:0.5006005794242484,29:0.6131152902575125,30:0.3247711743983345,31:0.6404724361945666,32:0.5554913135389773,33:0.1531320284342772,34:0.25143270151391883,35:0.7037598797606025,36:0.4789362000603512,37:0.12394753968782357,38:0.5604916590248521,39:0.8625855496967886,40:0.7411120728571541} with alpha 14.0 and beta 89.0, percentage 12.871287128712872
The arm 43 has vector {0:0.3920869111006524,1:0.8690445190112465,2:0.5005067419121858,3:0.6590993611051258,4:0.7636821805272849,5:0.12402331906916642,6:0.3138929144344307,7:0.36994926851570875,8:0.43846522202264415,9:0.04966278787038081,10:0.6019860913646926,11:0.3676604811965142,12:0.8177122445962757,13:0.7821787200293433,14:0.5629594535119667,15:0.8274988852520793,16:0.08793408401071034,17:0.49428325073355295,18:0.49644330378681834,19:0.5453675948587641,20:0.7487231060327838,21:0.3261863527767095,22:0.10884757266734046,23:0.20847826175763462,24:0.9024034117204156,25:0.6038908068607031,26:0.8515791780294119,27:0.206858019130858,28:0.026405753992426173,29:0.16079187491189972,30:0.004846820590879486,31:0.8509469796548033,32:0.5884248887251485,33:0.43353715050429853,34:0.05622998567513471,35:0.1666244176124907,36:0.48456127245757685,37:0.9852005570285207,38:0.9528325851505076,39:0.32998882759574377,40:0.9819129552418216} with alpha 45.0 and beta 231.0, percentage 16.05839416058394
The arm 44 has vector {0:0.05533410305720032,1:0.2869307382173879,2:0.6312541046536466,3:0.8601575312016432,4:0.809734704296228,5:0.7796386619195215,6:0.5236160876296909,7:0.8576819462365335,8:0.9510808570398431,9:0.020958607490598635,10:0.9508666410046542,11:0.6210757563165916,12:0.9971163828686955,13:0.23081978411606274,14:0.9082900393349641,15:0.9637397265070808,16:0.8101354591137331,17:0.6891561931019689,18:0.811334129064146,19:0.2893188896551272,20:0.2661133224867629,21:0.40555695145152426,22:0.20069821193212722,23:0.6047270639126063,24:0.971700106154364,25:0.8572560992351338,26:0.23702206675876547,27:0.8921490638653463,28:0.13081720837005872,29:0.051729526024806405,30:0.051045464667665574,31:0.04658559778389593,32:0.561058340907186,33:0.26632807800908453,34:0.4909650992927932,35:0.27020986061087604,36:0.3760634626327626,37:0.941247824893289,38:0.8102731000580324,39:0.4425686454358717,40:0.9515237925043574} with alpha 3.0 and beta 38.0, percentage 5.128205128205128
The arm 45 has vector {0:0.06746424372359006,1:0.49336460805445403,2:0.8464867593520049,3:0.17028841515338022,4:0.6220949153911692,5:0.033843496543406015,6:0.9545986577472068,7:0.27509464033342645,8:0.3222279978670123,9:0.11122273809418814,10:0.9095643257933306,11:0.23272707918981073,12:0.47411173946133456,13:0.983064227261605,14:0.710743119246898,15:0.7375797043224201,16:0.9990500813469816,17:0.8026067579188728,18:0.8060597174250805,19:0.9032522069030411,20:0.6589330580726265,21:0.005740196909734707,22:0.430246960472369,23:0.8590138700303528,24:0.8648980665736548,25:0.8891209025171669,26:0.7981896651812673,27:0.8126793404118207,28:0.763395051373042,29:0.13606161663383498,30:0.565521249457365,31:0.4100783411451432,32:0.9487994414900234,33:0.8078021946776274,34:0.14516475947515506,35:0.12152946916536911,36:0.05966398924843497,37:0.1591923685289377,38:0.7776319818283445,39:0.45600846969564146,40:0.19399265845516178} with alpha 37.0 and beta 197.0, percentage 15.517241379310345
The arm 46 has vector {0:0.9251473466081082,1:0.6750963362190499,2:0.12220532897891745,3:0.7205768854054281,4:0.19100508707555564,5:0.679467197515847,6:0.5767821412401553,7:0.32673307338265156,8:0.7626991850750915,9:0.19587117721676595,10:0.7464855706623792,11:0.9178732132899997,12:0.91799360299574,13:0.7987469344388436,14:0.04348928666785845,15:0.9561731852109145,16:0.6361686366370745,17:0.4954222786985435,18:0.9956602554166222,19:0.013821704566182369,20:0.5894889324631627,21:0.9679217264592093,22:0.007449920170445767,23:0.6851751426004957,24:0.25074192306636467,25:0.6956792328316069,26:0.2635189297742384,27:0.9056495218158095,28:0.41104948250987805,29:0.3329147667313488,30:0.8578592979958398,31:0.8868341674229182,32:0.628376021477571,33:0.06564150395396795,34:0.9434283663393264,35:0.0633701319754959,36:0.17464981235199362,37:0.39810473191005236,38:0.709145451408308,39:0.5881935488456376,40:0.3475904399948091} with alpha 5.0 and beta 49.0, percentage 7.6923076923076925
The arm 47 has vector {0:0.5463369489638883,1:0.34332303156827393,2:0.845621758776487,3:0.31556831396162943,4:0.8770189358791878,5:0.32143979480681373,6:0.9859957896733199,7:0.7364242010934038,8:0.597841229086535,9:0.9319327286934812,10:0.2687876213737952,11:0.5743273731311945,12:0.7171770897719019,13:0.4879245287383013,14:0.7082159136114132,15:0.24402220430852783,16:0.5817664546991365,17:0.8500239373686334,18:0.03331479690819439,19:0.7129902759749672,20:0.9137441594888617,21:0.6966626330542747,22:0.25284541647206826,23:0.3898525770470346,24:0.6832261961380544,25:0.29865603131586926,26:0.404605933967371,27:0.44045059633991834,28:0.6019339874939568,29:0.19164241980414787,30:0.9161864375191108,31:0.09503690278878574,32:0.674355135527546,33:0.8764160237715282,34:0.17099536939084403,35:0.6716212640108141,36:0.1849611615988742,37:0.21547290842171873,38:0.623634873114626,39:0.4630942809176538,40:0.16802798259230722} with alpha 26.0 and beta 144.0, percentage 14.880952380952381
The arm 48 has vector {0:0.7309233704523742,1:0.03045009136617638,2:0.6953457022096454,3:0.389498662098377,4:0.8804986235933493,5:0.5308035185202465,6:0.9806069208186652,7:0.5222933951078592,8:0.6793581949200553,9:0.5070084860212408,10:0.4998379995101563,11:0.14371809624643683,12:0.2800088508796935,13:0.43557408621094307,14:0.48770761197689405,15:0.4326485117269545,16:0.17744257078755188,17:0.418184758282908,18:0.19616328934447191,19:0.968163541769757,20:0.9683396010225559,21:0.22430581719031306,22:0.24039176728792067,23:0.28086432905804715,24:0.045983027310364855,25:0.2394892438946129,26:0.549486714717598,27:0.19739247124814208,28:0.4290964463789526,29:0.4972026555670501,30:0.057722199114315975,31:0.23158593044138565,32:0.7646801457124598,33:0.6373611515493405,34:0.8273259013199807,35:0.010735589898300368,36:0.31825273946678134,37:0.6523057605954022,38:0.16825725916680856,39:0.3636554558601067,40:0.7865847606752947} with alpha 59.0 and beta 275.0, percentage 17.46987951807229
The arm 49 has vector {0:0.7289741372228862,1:0.43345964986376584,2:0.6762485762874968,3:0.7240732400496547,4:0.9490697242724013,5:0.0378142321704551,6:0.986027615846119,7:0.43184577248477274,8:0.3214844075868293,9:0.23618338874216394,10:0.2672856602695437,11:0.34717838382891575,12:0.607267276043657,13:0.65391337952281,14:0.6312686865155025,15:0.8880394863493751,16:0.33122156610356357,17:0.7832468722196886,18:0.2013520441646196,19:0.9419903251096807,20:0.29166259685699014,21:0.03402283412427587,22:0.06603114279491795,23:0.15751131217126002,24:0.9616197741905284,25:0.7882386520781257,26:0.24829445060043998,27:0.5084120785553441,28:0.11292575831624085,29:0.512223559575421,30:0.2764252302168334,31:0.5809845444263128,32:0.2676536671884072,33:0.6993016112153626,34:0.4598069105067655,35:0.00956013224340213,36:0.05871809215969004,37:0.48902857632181207,38:0.8872143268013274,39:0.21370150504280538,40:0.30508713154075895} with alpha 9.0 and beta 56.0, percentage 12.698412698412698
The best arm is 48 with vector {0:0.7309233704523742,1:0.03045009136617638,2:0.6953457022096454,3:0.389498662098377,4:0.8804986235933493,5:0.5308035185202465,6:0.9806069208186652,7:0.5222933951078592,8:0.6793581949200553,9:0.5070084860212408,10:0.4998379995101563,11:0.14371809624643683,12:0.2800088508796935,13:0.43557408621094307,14:0.48770761197689405,15:0.4326485117269545,16:0.17744257078755188,17:0.418184758282908,18:0.19616328934447191,19:0.968163541769757,20:0.9683396010225559,21:0.22430581719031306,22:0.24039176728792067,23:0.28086432905804715,24:0.045983027310364855,25:0.2394892438946129,26:0.549486714717598,27:0.19739247124814208,28:0.4290964463789526,29:0.4972026555670501,30:0.057722199114315975,31:0.23158593044138565,32:0.7646801457124598,33:0.6373611515493405,34:0.8273259013199807,35:0.010735589898300368,36:0.31825273946678134,37:0.6523057605954022,38:0.16825725916680856,39:0.3636554558601067,40:0.7865847606752947} with alpha 59.0 and beta 275.0, percentage 17.46987951807229
The right guesses are: 818 which means 13.633333333333333% correct
Done
The current arm is 48 with vector {0:0.7309233704523742,1:0.03045009136617638,2:0.6953457022096454,3:0.389498662098377,4:0.8804986235933493,5:0.5308035185202465,6:0.9806069208186652,7:0.5222933951078592,8:0.6793581949200553,9:0.5070084860212408,10:0.4998379995101563,11:0.14371809624643683,12:0.2800088508796935,13:0.43557408621094307,14:0.48770761197689405,15:0.4326485117269545,16:0.17744257078755188,17:0.418184758282908,18:0.19616328934447191,19:0.968163541769757,20:0.9683396010225559,21:0.22430581719031306,22:0.24039176728792067,23:0.28086432905804715,24:0.045983027310364855,25:0.2394892438946129,26:0.549486714717598,27:0.19739247124814208,28:0.4290964463789526,29:0.4972026555670501,30:0.057722199114315975,31:0.23158593044138565,32:0.7646801457124598,33:0.6373611515493405,34:0.8273259013199807,35:0.010735589898300368,36:0.31825273946678134,37:0.6523057605954022,38:0.16825725916680856,39:0.3636554558601067,40:0.7865847606752947} with alpha 77.0 and beta 587.0
The order information:
Date: 2012-05-09T17:07:05.000+02:00
It predicted these items for order 1778911 :
   31560 with score of 1066.0
   27900 with score of 422.0
   752 with score of 403.0
   20430 with score of 379.0
   748 with score of 359.0
   11832 with score of 300.0
   5003 with score of 297.0
   31553 with score of 290.0
   21714 with score of 288.0
   27576 with score of 244.0
These are the actual items bought: 
   11832
   30233
The current arm is 48 with vector {0:0.7309233704523742,1:0.03045009136617638,2:0.6953457022096454,3:0.389498662098377,4:0.8804986235933493,5:0.5308035185202465,6:0.9806069208186652,7:0.5222933951078592,8:0.6793581949200553,9:0.5070084860212408,10:0.4998379995101563,11:0.14371809624643683,12:0.2800088508796935,13:0.43557408621094307,14:0.48770761197689405,15:0.4326485117269545,16:0.17744257078755188,17:0.418184758282908,18:0.19616328934447191,19:0.968163541769757,20:0.9683396010225559,21:0.22430581719031306,22:0.24039176728792067,23:0.28086432905804715,24:0.045983027310364855,25:0.2394892438946129,26:0.549486714717598,27:0.19739247124814208,28:0.4290964463789526,29:0.4972026555670501,30:0.057722199114315975,31:0.23158593044138565,32:0.7646801457124598,33:0.6373611515493405,34:0.8273259013199807,35:0.010735589898300368,36:0.31825273946678134,37:0.6523057605954022,38:0.16825725916680856,39:0.3636554558601067,40:0.7865847606752947} with alpha 229.0 and beta 1435.0
The order information:
Date: 2012-05-10T17:54:43.000+02:00
It predicted these items for order 1779917 :
   31560 with score of 1088.0
   752 with score of 413.0
   27900 with score of 410.0
   748 with score of 374.0
   20430 with score of 372.0
   5003 with score of 305.0
   11832 with score of 303.0
   21714 with score of 299.0
   31553 with score of 298.0
   29669 with score of 270.0
These are the actual items bought: 
   30342
   23374
   32289
The current arm is 48 with vector {0:0.7309233704523742,1:0.03045009136617638,2:0.6953457022096454,3:0.389498662098377,4:0.8804986235933493,5:0.5308035185202465,6:0.9806069208186652,7:0.5222933951078592,8:0.6793581949200553,9:0.5070084860212408,10:0.4998379995101563,11:0.14371809624643683,12:0.2800088508796935,13:0.43557408621094307,14:0.48770761197689405,15:0.4326485117269545,16:0.17744257078755188,17:0.418184758282908,18:0.19616328934447191,19:0.968163541769757,20:0.9683396010225559,21:0.22430581719031306,22:0.24039176728792067,23:0.28086432905804715,24:0.045983027310364855,25:0.2394892438946129,26:0.549486714717598,27:0.19739247124814208,28:0.4290964463789526,29:0.4972026555670501,30:0.057722199114315975,31:0.23158593044138565,32:0.7646801457124598,33:0.6373611515493405,34:0.8273259013199807,35:0.010735589898300368,36:0.31825273946678134,37:0.6523057605954022,38:0.16825725916680856,39:0.3636554558601067,40:0.7865847606752947} with alpha 370.0 and beta 2294.0
The order information:
Date: 2012-05-11T22:39:32.000+02:00
It predicted these items for order 1780921 :
   31560 with score of 1028.0
   748 with score of 422.0
   752 with score of 420.0
   27900 with score of 389.0
   20430 with score of 366.0
   5003 with score of 311.0
   21714 with score of 304.0
   11832 with score of 298.0
   29669 with score of 282.0
   31553 with score of 275.0
These are the actual items bought: 
   31776
The current arm is 48 with vector {0:0.7309233704523742,1:0.03045009136617638,2:0.6953457022096454,3:0.389498662098377,4:0.8804986235933493,5:0.5308035185202465,6:0.9806069208186652,7:0.5222933951078592,8:0.6793581949200553,9:0.5070084860212408,10:0.4998379995101563,11:0.14371809624643683,12:0.2800088508796935,13:0.43557408621094307,14:0.48770761197689405,15:0.4326485117269545,16:0.17744257078755188,17:0.418184758282908,18:0.19616328934447191,19:0.968163541769757,20:0.9683396010225559,21:0.22430581719031306,22:0.24039176728792067,23:0.28086432905804715,24:0.045983027310364855,25:0.2394892438946129,26:0.549486714717598,27:0.19739247124814208,28:0.4290964463789526,29:0.4972026555670501,30:0.057722199114315975,31:0.23158593044138565,32:0.7646801457124598,33:0.6373611515493405,34:0.8273259013199807,35:0.010735589898300368,36:0.31825273946678134,37:0.6523057605954022,38:0.16825725916680856,39:0.3636554558601067,40:0.7865847606752947} with alpha 533.0 and beta 3131.0
The order information:
Date: 2012-05-13T15:53:25.000+02:00
It predicted these items for order 1781930 :
   31560 with score of 990.0
   748 with score of 443.0
   752 with score of 428.0
   20430 with score of 368.0
   27900 with score of 354.0
   5003 with score of 334.0
   21714 with score of 325.0
   29669 with score of 279.0
   11832 with score of 277.0
   27576 with score of 269.0
These are the actual items bought: 
   2084
   29003
   31950
   20990
   31940
   30573
   20678
   30195
   25363
   27900
The current arm is 48 with vector {0:0.7309233704523742,1:0.03045009136617638,2:0.6953457022096454,3:0.389498662098377,4:0.8804986235933493,5:0.5308035185202465,6:0.9806069208186652,7:0.5222933951078592,8:0.6793581949200553,9:0.5070084860212408,10:0.4998379995101563,11:0.14371809624643683,12:0.2800088508796935,13:0.43557408621094307,14:0.48770761197689405,15:0.4326485117269545,16:0.17744257078755188,17:0.418184758282908,18:0.19616328934447191,19:0.968163541769757,20:0.9683396010225559,21:0.22430581719031306,22:0.24039176728792067,23:0.28086432905804715,24:0.045983027310364855,25:0.2394892438946129,26:0.549486714717598,27:0.19739247124814208,28:0.4290964463789526,29:0.4972026555670501,30:0.057722199114315975,31:0.23158593044138565,32:0.7646801457124598,33:0.6373611515493405,34:0.8273259013199807,35:0.010735589898300368,36:0.31825273946678134,37:0.6523057605954022,38:0.16825725916680856,39:0.3636554558601067,40:0.7865847606752947} with alpha 679.0 and beta 3985.0
The order information:
Date: 2012-05-14T16:46:54.000+02:00
It predicted these items for order 1782931 :
   31560 with score of 989.0
   748 with score of 475.0
   752 with score of 445.0
   20430 with score of 361.0
   27900 with score of 339.0
   5003 with score of 338.0
   21714 with score of 331.0
   27576 with score of 302.0
   31553 with score of 286.0
   11832 with score of 282.0
These are the actual items bought: 
   32564
The current arm is 48 with vector {0:0.7309233704523742,1:0.03045009136617638,2:0.6953457022096454,3:0.389498662098377,4:0.8804986235933493,5:0.5308035185202465,6:0.9806069208186652,7:0.5222933951078592,8:0.6793581949200553,9:0.5070084860212408,10:0.4998379995101563,11:0.14371809624643683,12:0.2800088508796935,13:0.43557408621094307,14:0.48770761197689405,15:0.4326485117269545,16:0.17744257078755188,17:0.418184758282908,18:0.19616328934447191,19:0.968163541769757,20:0.9683396010225559,21:0.22430581719031306,22:0.24039176728792067,23:0.28086432905804715,24:0.045983027310364855,25:0.2394892438946129,26:0.549486714717598,27:0.19739247124814208,28:0.4290964463789526,29:0.4972026555670501,30:0.057722199114315975,31:0.23158593044138565,32:0.7646801457124598,33:0.6373611515493405,34:0.8273259013199807,35:0.010735589898300368,36:0.31825273946678134,37:0.6523057605954022,38:0.16825725916680856,39:0.3636554558601067,40:0.7865847606752947} with alpha 777.0 and beta 4887.0
The order information:
Date: 2012-05-15T15:02:20.000+02:00
It predicted these items for order 1783936 :
   31560 with score of 991.0
   748 with score of 496.0
   752 with score of 448.0
   20430 with score of 354.0
   5003 with score of 349.0
   21714 with score of 335.0
   27900 with score of 326.0
   27576 with score of 323.0
   31553 with score of 280.0
   11832 with score of 277.0
These are the actual items bought: 
   12096
The arm 48 has vector {0:0.7309233704523742,1:0.03045009136617638,2:0.6953457022096454,3:0.389498662098377,4:0.8804986235933493,5:0.5308035185202465,6:0.9806069208186652,7:0.5222933951078592,8:0.6793581949200553,9:0.5070084860212408,10:0.4998379995101563,11:0.14371809624643683,12:0.2800088508796935,13:0.43557408621094307,14:0.48770761197689405,15:0.4326485117269545,16:0.17744257078755188,17:0.418184758282908,18:0.19616328934447191,19:0.968163541769757,20:0.9683396010225559,21:0.22430581719031306,22:0.24039176728792067,23:0.28086432905804715,24:0.045983027310364855,25:0.2394892438946129,26:0.549486714717598,27:0.19739247124814208,28:0.4290964463789526,29:0.4972026555670501,30:0.057722199114315975,31:0.23158593044138565,32:0.7646801457124598,33:0.6373611515493405,34:0.8273259013199807,35:0.010735589898300368,36:0.31825273946678134,37:0.6523057605954022,38:0.16825725916680856,39:0.3636554558601067,40:0.7865847606752947} with alpha 819.0 and beta 5183.0, percentage 13.633333333333333
The best arm is 48 with vector {0:0.7309233704523742,1:0.03045009136617638,2:0.6953457022096454,3:0.389498662098377,4:0.8804986235933493,5:0.5308035185202465,6:0.9806069208186652,7:0.5222933951078592,8:0.6793581949200553,9:0.5070084860212408,10:0.4998379995101563,11:0.14371809624643683,12:0.2800088508796935,13:0.43557408621094307,14:0.48770761197689405,15:0.4326485117269545,16:0.17744257078755188,17:0.418184758282908,18:0.19616328934447191,19:0.968163541769757,20:0.9683396010225559,21:0.22430581719031306,22:0.24039176728792067,23:0.28086432905804715,24:0.045983027310364855,25:0.2394892438946129,26:0.549486714717598,27:0.19739247124814208,28:0.4290964463789526,29:0.4972026555670501,30:0.057722199114315975,31:0.23158593044138565,32:0.7646801457124598,33:0.6373611515493405,34:0.8273259013199807,35:0.010735589898300368,36:0.31825273946678134,37:0.6523057605954022,38:0.16825725916680856,39:0.3636554558601067,40:0.7865847606752947} with alpha 819.0 and beta 5183.0, percentage 13.633333333333333
The right guesses are: 818 which means 13.633333333333333% correct
Done
The current arm is 0 with vector {0:0.9046856224010129} with alpha 77.0 and beta 587.0
The order information:
Date: 2012-05-09T17:07:05.000+02:00
It predicted these items for order 1778911 :
   31560 with score of 1066.0
   27900 with score of 422.0
   752 with score of 403.0
   20430 with score of 379.0
   748 with score of 359.0
   11832 with score of 300.0
   5003 with score of 297.0
   31553 with score of 290.0
   21714 with score of 288.0
   27576 with score of 244.0
These are the actual items bought: 
   11832
   30233
The current arm is 0 with vector {0:0.9046856224010129} with alpha 229.0 and beta 1435.0
The order information:
Date: 2012-05-10T17:54:43.000+02:00
It predicted these items for order 1779917 :
   31560 with score of 1088.0
   752 with score of 413.0
   27900 with score of 410.0
   748 with score of 374.0
   20430 with score of 372.0
   5003 with score of 305.0
   11832 with score of 303.0
   21714 with score of 299.0
   31553 with score of 298.0
   29669 with score of 270.0
These are the actual items bought: 
   30342
   23374
   32289
The current arm is 0 with vector {0:0.9046856224010129} with alpha 370.0 and beta 2294.0
The order information:
Date: 2012-05-11T22:39:32.000+02:00
It predicted these items for order 1780921 :
   31560 with score of 1028.0
   748 with score of 422.0
   752 with score of 420.0
   27900 with score of 389.0
   20430 with score of 366.0
   5003 with score of 311.0
   21714 with score of 304.0
   11832 with score of 298.0
   29669 with score of 282.0
   31553 with score of 275.0
These are the actual items bought: 
   31776
The current arm is 0 with vector {0:0.9046856224010129} with alpha 533.0 and beta 3131.0
The order information:
Date: 2012-05-13T15:53:25.000+02:00
It predicted these items for order 1781930 :
   31560 with score of 990.0
   748 with score of 443.0
   752 with score of 428.0
   20430 with score of 368.0
   27900 with score of 354.0
   5003 with score of 334.0
   21714 with score of 325.0
   29669 with score of 279.0
   11832 with score of 277.0
   27576 with score of 269.0
These are the actual items bought: 
   2084
   29003
   31950
   20990
   31940
   30573
   20678
   30195
   25363
   27900
The current arm is 0 with vector {0:0.9046856224010129} with alpha 679.0 and beta 3985.0
The order information:
Date: 2012-05-14T16:46:54.000+02:00
It predicted these items for order 1782931 :
   31560 with score of 989.0
   748 with score of 475.0
   752 with score of 445.0
   20430 with score of 361.0
   27900 with score of 339.0
   5003 with score of 338.0
   21714 with score of 331.0
   27576 with score of 302.0
   31553 with score of 286.0
   11832 with score of 282.0
These are the actual items bought: 
   32564
The current arm is 0 with vector {0:0.9046856224010129} with alpha 777.0 and beta 4887.0
The order information:
Date: 2012-05-15T15:02:20.000+02:00
It predicted these items for order 1783936 :
   31560 with score of 991.0
   748 with score of 496.0
   752 with score of 448.0
   20430 with score of 354.0
   5003 with score of 349.0
   21714 with score of 335.0
   27900 with score of 326.0
   27576 with score of 323.0
   31553 with score of 280.0
   11832 with score of 277.0
These are the actual items bought: 
   12096
The arm 0 has vector {0:0.9046856224010129} with alpha 819.0 and beta 5183.0, percentage 13.633333333333333
The best arm is 0 with vector {0:0.9046856224010129} with alpha 819.0 and beta 5183.0, percentage 13.633333333333333
The right guesses are: 818 which means 13.633333333333333% correct
Done
599
