Items: 31014,2,2012-03-22 09:35:15.730000000,2013-01-31 22:08:19.360000000,0,0000000000000000000000000000000000000000000000000000000000000000000000000000000000000000000010000000000000000000000000000000000000000000000000000000000000000000000000000000000000000000000000000000000000000000000000000000000000000000000000000000000000000000
Items: 16065,3,2010-10-12 09:05:28.623000000,2011-10-19 12:41:59.293000000,0,0000000000000000000000000000000000000000000000000000000000000000000000000000000000000000000100000000000000000000000000000000000000000000000000000000000000000000000000000000000000000000000000000000000000000000000000000000000000000000000000000000000000000000
Items: 2897,1,2010-07-28 15:55:07.423000000,2013-07-15 05:02:15.650000000,0,0000000000000000000000000000000000000000000000000000000000000000000000000000000000000000000100000000000000000000000000000000000000000000000000000000000000000000000000000000000000000000000000000000000000000000000000000000000000000000000000000000000000000000
Users: 46671,2009-07-31 17:52:05.423000000,45238,,0
Users: 117404,2012-02-11 18:20:17.737000000,30295,1989-02-13 00:00:00,1
Users: 185087,2009-07-31 19:48:45.310000000,54234,1986-06-04 00:00:00,1
Users: 242612,2011-12-03 21:34:16.640000000,90627,1990-07-23 00:00:00,2
Users: 294436,2011-03-16 09:05:23.647000000,72233,1994-04-25 00:00:00,1
Users: 345704,2011-11-11 20:55:14.437000000,68600,1994-06-05 00:00:00,2
Users: 399809,2012-09-17 14:43:42.033000000,44491,1997-12-12 00:00:00,1
Users: 455390,2012-12-20 16:02:28.573000000,3274,1978-06-02 00:00:00,2
Users: 525182,2013-07-28 12:33:53.590000000,53372,1990-06-17 00:00:00,0
Orders: 35022,1033356,1457,2009-10-18 21:46:53.347000000
Orders: 214698,1082559,614,2010-01-24 20:16:55.153000000
Orders: 226305,1122161,1501,2010-03-20 16:23:03.950000000
Orders: 46541,1167569,11120,2010-05-26 12:55:02.417000000
Orders: 75824,1208142,11119,2010-07-27 23:14:48.377000000
Orders: 13287,1248778,12826,2010-09-21 21:56:27.157000000
Orders: 272654,1296031,653,2010-12-01 18:41:36.730000000
Orders: 285359,1344258,18628,2011-01-28 14:59:09.743000000
Orders: 157456,1388262,18371,2011-03-17 11:46:02.120000000
Orders: 307265,1432210,758,2011-04-29 21:28:48.340000000
Orders: 271030,1473349,21803,2011-06-14 15:24:35.467000000
Orders: 275827,1511037,21829,2011-07-28 21:58:50.970000000
Orders: 62527,1550712,24845,2011-09-10 18:44:47.023000000
Orders: 293365,1597283,27523,2011-11-12 08:21:31.203000000
Orders: 158173,1649466,24361,2011-12-28 14:06:54.430000000
Orders: 371623,1691322,28947,2012-01-31 15:54:20.570000000
Orders: 151193,1739094,2144,2012-03-22 17:02:48.527000000
Orders: 71320,1784958,7874,2012-05-16 17:00:59.817000000
Orders: 287161,1827735,20480,2012-06-29 22:23:24.193000000
Orders: 271514,1866722,31203,2012-08-11 21:38:56.863000000
Orders: 428803,1915657,35460,2012-10-09 20:15:44.210000000
Orders: 444954,1966435,29677,2012-12-01 22:51:49.073000000
Orders: 460415,2018674,31695,2013-01-07 22:20:30.543000000
Orders: 381441,2066329,35170,2013-02-19 22:08:16.833000000
Orders: 485606,2112774,39306,2013-03-26 15:04:37.277000000
Orders: 423890,2161061,11304,2013-05-03 09:35:38.190000000
Orders: 314770,2207605,26096,2013-06-05 19:04:54.837000000
Orders: 287308,2249841,40450,2013-07-13 20:23:09.463000000
Orders: 255027,2289235,33612,2013-08-13 17:15:05.073000000
Orders: 466261,2331294,43871,2013-09-15 21:02:00.180000000
Orders: 446724,2379393,448,2013-11-01 19:20:53.627000000

Startup information:
First order in training stage: 700000
First order in evaluation stage: 771338
Last order in evaluation stage: 777471

Number of orders in training stage: 71338
Number of orders in evaluation stage: 6133

The current arm is 29 with vector {0:0.7666713574733826,1:0.856423854584095} with alpha 2.0 and beta 12.0
The order information:
Date: 2012-05-09T17:07:05.000+02:00
It predicted these items for order 1778911 :
   31560 with score of 1.6230952120574775
   752 with score of 0.8979975287558817
   748 with score of 0.5429428912693363
   27900 with score of 0.5376862718512682
   5003 with score of 0.5365871796903582
   21714 with score of 0.5200447864311337
   20430 with score of 0.4689968350172503
   27576 with score of 0.46296768059416205
   23467 with score of 0.4529978907377438
   11832 with score of 0.4117361406800778
These are the actual items bought: 
   11832
   30233
The current arm is 16 with vector {0:0.02653828383803214,1:0.9421734394722197} with alpha 7.0 and beta 33.0
The order information:
Date: 2012-05-10T17:54:43.000+02:00
It predicted these items for order 1779917 :
   31560 with score of 0.9687117233102518
   752 with score of 0.38083703337371205
   27900 with score of 0.36300846142311005
   748 with score of 0.3341412818254662
   20430 with score of 0.32825552701598226
   5003 with score of 0.2758894635797061
   21714 with score of 0.2700013511142077
   11832 with score of 0.26792679960028926
   31553 with score of 0.2626738876840517
   29669 with score of 0.24281136313481297
These are the actual items bought: 
   30342
   23374
   32289
The current arm is 23 with vector {0:0.8306037093133883,1:0.45712592042327016} with alpha 7.0 and beta 41.0
The order information:
Date: 2012-05-11T22:39:32.000+02:00
It predicted these items for order 1780921 :
   31560 with score of 1.286399486418259
   752 with score of 0.9378976295654116
   748 with score of 0.702005958805988
   21714 with score of 0.46176759703490433
   29669 with score of 0.4520132126999752
   27576 with score of 0.4469039784022597
   5003 with score of 0.4084954474036244
   27900 with score of 0.4017369076075875
   23467 with score of 0.4008958591362555
   20430 with score of 0.3952975299914727
These are the actual items bought: 
   31776
The current arm is 15 with vector {0:0.1821534889094346,1:0.521666730330022} with alpha 18.0 and beta 79.0
The order information:
Date: 2012-05-13T15:53:25.000+02:00
It predicted these items for order 1781930 :
   31560 with score of 0.6961100186506974
   752 with score of 0.40768213596120173
   748 with score of 0.3905280254163712
   21714 with score of 0.2685955120868792
   5003 with score of 0.2598450858777327
   20430 with score of 0.25655786136088826
   27900 with score of 0.24628943086270938
   29669 with score of 0.23375492608018283
   27576 with score of 0.2265580150205686
   23467 with score of 0.20190940896525872
These are the actual items bought: 
   2084
   29003
   31950
   20990
   31940
   30573
   20678
   30195
   25363
   27900
The current arm is 27 with vector {0:0.4631020357267879,1:0.9562460197187463} with alpha 52.0 and beta 206.0
The order information:
Date: 2012-05-14T16:46:54.000+02:00
It predicted these items for order 1782931 :
   31560 with score of 1.3689587147705988
   748 with score of 0.9223708520730007
   752 with score of 0.8333770901869884
   21714 with score of 0.5551881053474458
   5003 with score of 0.5403608456599815
   27576 with score of 0.5247490430942691
   20430 with score of 0.5026118148610204
   27900 with score of 0.4981368639429461
   29669 with score of 0.4847474349556573
   23467 with score of 0.44671501402122654
These are the actual items bought: 
   32564
The current arm is 22 with vector {0:0.5180218415668146,1:0.9050557359090399} with alpha 12.0 and beta 80.0
The order information:
Date: 2012-05-15T15:02:20.000+02:00
It predicted these items for order 1783936 :
   31560 with score of 1.294854349365257
   748 with score of 0.9658774180033229
   752 with score of 0.750221082119548
   27576 with score of 0.5796434601478275
   21714 with score of 0.5547002588307536
   5003 with score of 0.5469703953126004
   29669 with score of 0.48121457998923933
   20430 with score of 0.4694739053859402
   27900 with score of 0.4618534513623389
   23467 with score of 0.4440480787529246
These are the actual items bought: 
   12096
The arm 0 has vector {0:0.6234248181944033,1:0.01109345410459417} with alpha 15.0 and beta 91.0, percentage 13.461538461538462
The arm 1 has vector {0:0.7867147156546414,1:0.22122788469543053} with alpha 2.0 and beta 34.0, percentage 2.941176470588235
The arm 2 has vector {0:0.09995776458733152,1:0.2088919144998831} with alpha 23.0 and beta 125.0, percentage 15.068493150684931
The arm 3 has vector {0:0.6442860238140543,1:0.13666477462414928} with alpha 4.0 and beta 39.0, percentage 7.317073170731707
The arm 4 has vector {0:0.4994017777014016,1:0.0236190580760669} with alpha 6.0 and beta 55.0, percentage 8.47457627118644
The arm 5 has vector {0:0.5411458653000787,1:0.09293307353114044} with alpha 12.0 and beta 73.0, percentage 13.253012048192772
The arm 6 has vector {0:0.3223847008939805,1:0.6754903437701306} with alpha 5.0 and beta 43.0, percentage 8.695652173913043
The arm 7 has vector {0:0.06902730167572002,1:0.9569681505253709} with alpha 7.0 and beta 61.0, percentage 9.090909090909092
The arm 8 has vector {0:0.461731206885979,1:0.012793356443365433} with alpha 14.0 and beta 78.0, percentage 14.444444444444443
The arm 9 has vector {0:0.31580404359835035,1:0.5596771359132273} with alpha 32.0 and beta 165.0, percentage 15.897435897435896
The arm 10 has vector {0:0.22036528919234988,1:0.4987656090223356} with alpha 5.0 and beta 47.0, percentage 8.0
The arm 11 has vector {0:0.587968736039439,1:0.7198293821730826} with alpha 4.0 and beta 47.0, percentage 6.122448979591836
The arm 12 has vector {0:0.1353807198035858,1:0.02931186846290401} with alpha 68.0 and beta 291.0, percentage 18.76750700280112
The arm 13 has vector {0:0.5160199811624591,1:0.6136581985998695} with alpha 15.0 and beta 102.0, percentage 12.173913043478262
The arm 14 has vector {0:0.9190429586607375,1:0.29643738526155083} with alpha 7.0 and beta 41.0, percentage 13.043478260869565
The arm 15 has vector {0:0.1821534889094346,1:0.521666730330022} with alpha 22.0 and beta 124.0, percentage 14.583333333333334
The arm 16 has vector {0:0.02653828383803214,1:0.9421734394722197} with alpha 19.0 and beta 107.0, percentage 14.516129032258066
The arm 17 has vector {0:0.5308079161419528,1:0.10680329687340051} with alpha 14.0 and beta 94.0, percentage 12.264150943396226
The arm 18 has vector {0:0.49416996343134856,1:0.12321955767263504} with alpha 9.0 and beta 63.0, percentage 11.428571428571429
The arm 19 has vector {0:0.6709228316808985,1:0.4108490132652365} with alpha 10.0 and beta 75.0, percentage 10.843373493975903
The arm 20 has vector {0:0.46309419407170405,1:0.4570766396319036} with alpha 14.0 and beta 93.0, percentage 12.380952380952381
The arm 21 has vector {0:0.9864195905559371,1:0.504131488524953} with alpha 7.0 and beta 58.0, percentage 9.523809523809524
The arm 22 has vector {0:0.5180218415668146,1:0.9050557359090399} with alpha 13.0 and beta 87.0, percentage 12.244897959183673
The arm 23 has vector {0:0.8306037093133883,1:0.45712592042327016} with alpha 21.0 and beta 117.0, percentage 14.705882352941178
The arm 24 has vector {0:0.14154167804845985,1:0.8541442264019835} with alpha 30.0 and beta 151.0, percentage 16.201117318435752
The arm 25 has vector {0:0.49004459480654083,1:0.5336961411560678} with alpha 38.0 and beta 184.0, percentage 16.818181818181817
The arm 26 has vector {0:0.551715573203518,1:0.3724378138030161} with alpha 12.0 and beta 76.0, percentage 12.790697674418606
The arm 27 has vector {0:0.4631020357267879,1:0.9562460197187463} with alpha 59.0 and beta 284.0, percentage 17.008797653958943
The arm 28 has vector {0:0.5251731465825387,1:0.4628864694957058} with alpha 14.0 and beta 80.0, percentage 14.130434782608695
The arm 29 has vector {0:0.7666713574733826,1:0.856423854584095} with alpha 18.0 and beta 106.0, percentage 13.934426229508196
The arm 30 has vector {0:0.590425354796158,1:0.34007412836613704} with alpha 23.0 and beta 120.0, percentage 15.602836879432624
The arm 31 has vector {0:0.9311681835455822,1:0.11988136641473002} with alpha 15.0 and beta 88.0, percentage 13.861386138613863
The arm 32 has vector {0:0.7979899558189363,1:0.7562531852383415} with alpha 9.0 and beta 69.0, percentage 10.526315789473683
The arm 33 has vector {0:0.9707698922212715,1:0.7966013671504888} with alpha 21.0 and beta 119.0, percentage 14.492753623188406
The arm 34 has vector {0:0.12793036289437998,1:0.5931393738687013} with alpha 34.0 and beta 178.0, percentage 15.714285714285714
The arm 35 has vector {0:0.01181297360064204,1:0.8175202990126055} with alpha 15.0 and beta 95.0, percentage 12.962962962962962
The arm 36 has vector {0:0.4961226090425992,1:0.610547778767611} with alpha 9.0 and beta 69.0, percentage 10.526315789473683
The arm 37 has vector {0:0.2676813959583847,1:0.8613355215882295} with alpha 53.0 and beta 254.0, percentage 17.04918032786885
The arm 38 has vector {0:0.2439118097297408,1:0.008403209759183072} with alpha 17.0 and beta 107.0, percentage 13.114754098360656
The arm 39 has vector {0:0.23476051687067123,1:0.5322227345126437} with alpha 9.0 and beta 70.0, percentage 10.38961038961039
The arm 40 has vector {0:0.793924958139179,1:0.39057297952673276} with alpha 14.0 and beta 95.0, percentage 12.149532710280374
The arm 41 has vector {0:0.17789912903102567,1:0.5201049337650698} with alpha 25.0 and beta 136.0, percentage 15.09433962264151
The arm 42 has vector {0:0.10668563149608279,1:0.7580796431030336} with alpha 5.0 and beta 53.0, percentage 7.142857142857142
The arm 43 has vector {0:0.9149196540866098,1:0.20308097825018756} with alpha 4.0 and beta 44.0, percentage 6.521739130434782
The arm 44 has vector {0:0.981996940121797,1:0.6805769177405327} with alpha 33.0 and beta 157.0, percentage 17.02127659574468
The arm 45 has vector {0:0.3516556763453299,1:0.1268471465411024} with alpha 27.0 and beta 151.0, percentage 14.772727272727273
The arm 46 has vector {0:0.537728995555479,1:0.8109281940497374} with alpha 34.0 and beta 181.0, percentage 15.492957746478872
The arm 47 has vector {0:0.7594287520928288,1:0.015906307257556263} with alpha 26.0 and beta 135.0, percentage 15.723270440251572
The arm 48 has vector {0:0.501320431194543,1:0.3237567637401334} with alpha 15.0 and beta 98.0, percentage 12.612612612612612
The arm 49 has vector {0:0.06823796500912205,1:0.6286146703435903} with alpha 16.0 and beta 100.0, percentage 13.157894736842104
The best arm is 12 with vector {0:0.1353807198035858,1:0.02931186846290401} with alpha 68.0 and beta 291.0, percentage 18.76750700280112
The right guesses are: 873 which means 14.234469264633947% correct
Done
The current arm is 12 with vector {0:0.1353807198035858,1:0.02931186846290401} with alpha 81.0 and beta 583.0
The order information:
Date: 2012-05-09T17:07:05.000+02:00
It predicted these items for order 1778911 :
   31560 with score of 0.1646925882664898
   752 with score of 0.11247983095886503
   5003 with score of 0.06078423521427839
   21714 with score of 0.05889246141261756
   23467 with score of 0.054830260852251796
   748 with score of 0.05481565195738023
   27576 with score of 0.053845890108072975
   27900 with score of 0.046682165442124154
   21787 with score of 0.04199845900906267
   21803 with score of 0.04040915289322916
These are the actual items bought: 
   11832
   30233
The current arm is 12 with vector {0:0.1353807198035858,1:0.02931186846290401} with alpha 232.0 and beta 1432.0
The order information:
Date: 2012-05-10T17:54:43.000+02:00
It predicted these items for order 1779917 :
   31560 with score of 0.1646925882664898
   752 with score of 0.12943763282328094
   5003 with score of 0.06825542812338337
   21714 with score of 0.06456211083855035
   748 with score of 0.06246240722985863
   27576 with score of 0.056767269037933964
   29669 with score of 0.05318580737275353
   27900 with score of 0.05166004872580978
   23467 with score of 0.04854955314288224
   21787 with score of 0.046798384530668306
These are the actual items bought: 
   30342
   23374
   32289
The current arm is 12 with vector {0:0.1353807198035858,1:0.02931186846290401} with alpha 392.0 and beta 2272.0
The order information:
Date: 2012-05-11T22:39:32.000+02:00
It predicted these items for order 1780921 :
   31560 with score of 0.16460729669967242
   752 with score of 0.1344573078644647
   748 with score of 0.09592147502834938
   21714 with score of 0.061937551272691266
   27576 with score of 0.0613560517797982
   29669 with score of 0.06131207978269719
   23467 with score of 0.05469004743111988
   21803 with score of 0.05412408941305536
   5003 with score of 0.05294782829034604
   27900 with score of 0.04842700215954597
These are the actual items bought: 
   31776
The current arm is 12 with vector {0:0.1353807198035858,1:0.02931186846290401} with alpha 550.0 and beta 3114.0
The order information:
Date: 2012-05-13T15:53:25.000+02:00
It predicted these items for order 1781930 :
   31560 with score of 0.15896218742824278
   752 with score of 0.14805292152290186
   748 with score of 0.12987323801773398
   21714 with score of 0.08196889366412496
   29669 with score of 0.07272762690618825
   5003 with score of 0.07220716372867363
   27576 with score of 0.07099894721720323
   21803 with score of 0.062065178647019846
   23467 with score of 0.0610060630523783
   12338 with score of 0.05904516795690246
These are the actual items bought: 
   2084
   29003
   31950
   20990
   31940
   30573
   20678
   30195
   25363
   27900
The current arm is 12 with vector {0:0.1353807198035858,1:0.02931186846290401} with alpha 706.0 and beta 3958.0
The order information:
Date: 2012-05-14T16:46:54.000+02:00
It predicted these items for order 1782931 :
   31560 with score of 0.14996204362464885
   748 with score of 0.14945871527363574
   752 with score of 0.13103321604877433
   21714 with score of 0.07855268166315921
   27576 with score of 0.07699172848560182
   5003 with score of 0.07244705629877096
   29669 with score of 0.07137023769351898
   12338 with score of 0.06542287750634604
   23467 with score of 0.06455330308432822
   27900 with score of 0.05985051306239312
These are the actual items bought: 
   32564
The current arm is 12 with vector {0:0.1353807198035858,1:0.02931186846290401} with alpha 835.0 and beta 4829.0
The order information:
Date: 2012-05-15T15:02:20.000+02:00
It predicted these items for order 1783936 :
   748 with score of 0.14871103990421708
   31560 with score of 0.13118250910718637
   752 with score of 0.1023877864178147
   27576 with score of 0.0839460926998675
   21714 with score of 0.0749182073884965
   5003 with score of 0.06997068771844757
   29669 with score of 0.06784106659904385
   21776 with score of 0.06691405234267712
   25201 with score of 0.06112895671500415
   23467 with score of 0.05959160110309122
These are the actual items bought: 
   12096
The arm 12 has vector {0:0.1353807198035858,1:0.02931186846290401} with alpha 894.0 and beta 5241.0, percentage 14.560573944236099
The best arm is 12 with vector {0:0.1353807198035858,1:0.02931186846290401} with alpha 894.0 and beta 5241.0, percentage 14.560573944236099
The right guesses are: 893 which means 14.560573944236099% correct
Done
330
