Items: 31014,2,2012-03-22 09:35:15.730000000,2013-01-31 22:08:19.360000000,0,0000000000000000000000000000000000000000000000000000000000000000000000000000000000000000000010000000000000000000000000000000000000000000000000000000000000000000000000000000000000000000000000000000000000000000000000000000000000000000000000000000000000000000
Items: 16065,3,2010-10-12 09:05:28.623000000,2011-10-19 12:41:59.293000000,0,0000000000000000000000000000000000000000000000000000000000000000000000000000000000000000000100000000000000000000000000000000000000000000000000000000000000000000000000000000000000000000000000000000000000000000000000000000000000000000000000000000000000000000
Items: 2897,1,2010-07-28 15:55:07.423000000,2013-07-15 05:02:15.650000000,0,0000000000000000000000000000000000000000000000000000000000000000000000000000000000000000000100000000000000000000000000000000000000000000000000000000000000000000000000000000000000000000000000000000000000000000000000000000000000000000000000000000000000000000
Users: 46671,2009-07-31 17:52:05.423000000,45238,,0
Users: 117404,2012-02-11 18:20:17.737000000,30295,1989-02-13 00:00:00,1
Users: 185087,2009-07-31 19:48:45.310000000,54234,1986-06-04 00:00:00,1
Users: 242612,2011-12-03 21:34:16.640000000,90627,1990-07-23 00:00:00,2
Users: 294436,2011-03-16 09:05:23.647000000,72233,1994-04-25 00:00:00,1
Users: 345704,2011-11-11 20:55:14.437000000,68600,1994-06-05 00:00:00,2
Users: 399809,2012-09-17 14:43:42.033000000,44491,1997-12-12 00:00:00,1
Users: 455390,2012-12-20 16:02:28.573000000,3274,1978-06-02 00:00:00,2
Users: 525182,2013-07-28 12:33:53.590000000,53372,1990-06-17 00:00:00,0
Orders: 35022,1033356,1457,2009-10-18 21:46:53.347000000
Orders: 214698,1082559,614,2010-01-24 20:16:55.153000000
Orders: 226305,1122161,1501,2010-03-20 16:23:03.950000000
Orders: 46541,1167569,11120,2010-05-26 12:55:02.417000000
Orders: 75824,1208142,11119,2010-07-27 23:14:48.377000000
Orders: 13287,1248778,12826,2010-09-21 21:56:27.157000000
Orders: 272654,1296031,653,2010-12-01 18:41:36.730000000
Orders: 285359,1344258,18628,2011-01-28 14:59:09.743000000
Orders: 157456,1388262,18371,2011-03-17 11:46:02.120000000
Orders: 307265,1432210,758,2011-04-29 21:28:48.340000000
Orders: 271030,1473349,21803,2011-06-14 15:24:35.467000000
Orders: 275827,1511037,21829,2011-07-28 21:58:50.970000000
Orders: 62527,1550712,24845,2011-09-10 18:44:47.023000000
Orders: 293365,1597283,27523,2011-11-12 08:21:31.203000000
Orders: 158173,1649466,24361,2011-12-28 14:06:54.430000000
Orders: 371623,1691322,28947,2012-01-31 15:54:20.570000000
Orders: 151193,1739094,2144,2012-03-22 17:02:48.527000000
Orders: 71320,1784958,7874,2012-05-16 17:00:59.817000000
Orders: 287161,1827735,20480,2012-06-29 22:23:24.193000000
Orders: 271514,1866722,31203,2012-08-11 21:38:56.863000000
Orders: 428803,1915657,35460,2012-10-09 20:15:44.210000000
Orders: 444954,1966435,29677,2012-12-01 22:51:49.073000000
Orders: 460415,2018674,31695,2013-01-07 22:20:30.543000000
Orders: 381441,2066329,35170,2013-02-19 22:08:16.833000000
Orders: 485606,2112774,39306,2013-03-26 15:04:37.277000000
Orders: 423890,2161061,11304,2013-05-03 09:35:38.190000000
Orders: 314770,2207605,26096,2013-06-05 19:04:54.837000000
Orders: 287308,2249841,40450,2013-07-13 20:23:09.463000000
Orders: 255027,2289235,33612,2013-08-13 17:15:05.073000000
Orders: 466261,2331294,43871,2013-09-15 21:02:00.180000000
Orders: 446724,2379393,448,2013-11-01 19:20:53.627000000

Startup information:
First order in training stage: 700000
First order in evaluation stage: 771338
Last order in evaluation stage: 777471

Number of orders in training stage: 71338
Number of orders in evaluation stage: 6133

The current arm is 41 with vector {0:0.5510871111358584,1:0.6517013325526115,2:0.8595829820634006,3:0.5617368485530693,4:0.8863255155929134,5:0.93396166932121,6:0.7330182357865946,7:0.9780443624937115} with alpha 2.0 and beta 15.0
The order information:
Date: 2012-05-09T17:07:05.000+02:00
It predicted these items for order 1778911 :
   31560 with score of 3.156360454862634
   1693 with score of 2.3713742960499817
   13688 with score of 2.3713742960499817
   21769 with score of 2.3713742960499817
   25013 with score of 2.3713742960499817
   31278 with score of 2.3713742960499817
   752 with score of 2.3664320972071775
   31911 with score of 2.153424579464595
   27900 with score of 2.0251518844366054
   748 with score of 2.023296117553284
These are the actual items bought: 
   11832
   30233
The current arm is 38 with vector {0:0.1800328614233624,1:0.5492363495776492,2:0.9880762176084181,3:0.06509920937447655,4:0.8189580215855374,5:0.10501995429298361,6:0.563266581745817,7:0.660151303623146} with alpha 8.0 and beta 45.0
The order information:
Date: 2012-05-10T17:54:43.000+02:00
It predicted these items for order 1779917 :
   31560 with score of 1.468549956166802
   752 with score of 0.9890726265085197
   748 with score of 0.6900187587025464
   5003 with score of 0.6799893523075395
   27900 with score of 0.6634034884462053
   21714 with score of 0.6616549012020543
   27576 with score of 0.6049849857522189
   20430 with score of 0.6009192438594907
   29669 with score of 0.5999772240438204
   23467 with score of 0.5610651333717459
These are the actual items bought: 
   30342
   23374
   32289
The current arm is 38 with vector {0:0.1800328614233624,1:0.5492363495776492,2:0.9880762176084181,3:0.06509920937447655,4:0.8189580215855374,5:0.10501995429298361,6:0.563266581745817,7:0.660151303623146} with alpha 20.0 and beta 105.0
The order information:
Date: 2012-05-11T22:39:32.000+02:00
It predicted these items for order 1780921 :
   31560 with score of 1.4672895531938552
   752 with score of 1.025017283698937
   748 with score of 0.8652946147386844
   21714 with score of 0.6638431726607597
   27900 with score of 0.6500678747230156
   29669 with score of 0.6477194846529392
   27576 with score of 0.6387086710532746
   20430 with score of 0.6376398158030553
   5003 with score of 0.6294036612932247
   23467 with score of 0.600944601638256
These are the actual items bought: 
   31776
The current arm is 2 with vector {0:0.732508418754621,1:0.2909146205668668,2:0.8718196835775645,3:0.1783417234606034,4:0.3504991704444096,5:0.16289736339706606,6:0.43071932751078945,7:0.7637841821531062} with alpha 48.0 and beta 244.0
The order information:
Date: 2012-05-13T15:53:25.000+02:00
It predicted these items for order 1781930 :
   31560 with score of 2.0902657792814527
   752 with score of 1.6725917577810057
   748 with score of 1.6267256682066684
   21714 with score of 1.3921735811354778
   5003 with score of 1.3682012692479915
   20430 with score of 1.3435185499671483
   29669 with score of 1.3361917207239862
   27900 with score of 1.3276388845570584
   27576 with score of 1.321273832137742
   23467 with score of 1.2753337581556028
These are the actual items bought: 
   2084
   29003
   31950
   20990
   31940
   30573
   20678
   30195
   25363
   27900
The current arm is 7 with vector {0:0.257427110118406,1:0.44094555110703804,2:0.8940050936769324,3:0.6721540884906209,4:0.34931742080454076,5:0.8692973387543402,6:0.10510025502085962,7:0.9993032812431392} with alpha 5.0 and beta 60.0
The order information:
Date: 2012-05-14T16:46:54.000+02:00
It predicted these items for order 1782931 :
   31560 with score of 2.038313415340394
   21671 with score of 1.811318367641318
   31434 with score of 1.8059514625086674
   2951 with score of 1.8008993731191671
   28144 with score of 1.8008993731191671
   21533 with score of 1.7998889552412671
   25390 with score of 1.7998889552412671
   29703 with score of 1.7998889552412671
   30483 with score of 1.7998889552412671
   30823 with score of 1.7998889552412671
These are the actual items bought: 
   32564
The current arm is 6 with vector {0:0.3126793519398591,1:0.7132338166362682,2:0.29994026097901283,3:0.33944387258568365,4:0.16216899959027165,5:0.10980367293200943,6:0.7421501617959387,7:0.4093511225244787} with alpha 69.0 and beta 370.0
The order information:
Date: 2012-05-15T15:02:20.000+02:00
It predicted these items for order 1783936 :
   31560 with score of 1.6218781069103048
   748 with score of 1.5946109585827049
   752 with score of 1.3278130462318822
   27576 with score of 1.1953235839829173
   21714 with score of 1.1476740524071505
   5003 with score of 1.1245412417068361
   29669 with score of 1.0951173936096943
   21776 with score of 1.0774195196833563
   25201 with score of 1.0531993623404832
   23467 with score of 1.0478516000846338
These are the actual items bought: 
   12096
The arm 0 has vector {0:0.30936134064398013,1:0.7018112873274007,2:0.725152405038341,3:0.4381444518145535,4:0.6471015699691368,5:0.5574890286775944,6:0.4133950476396274,7:0.3146046416178361} with alpha 6.0 and beta 62.0, percentage 7.575757575757576
The arm 1 has vector {0:0.6916315758199812,1:0.11093815563871035,2:0.5218124133860379,3:0.8839018328752235,4:0.009324059156699538,5:0.19491458596445843,6:0.18972119571432478,7:0.4146129172503136} with alpha 29.0 and beta 185.0, percentage 13.20754716981132
The arm 2 has vector {0:0.732508418754621,1:0.2909146205668668,2:0.8718196835775645,3:0.1783417234606034,4:0.3504991704444096,5:0.16289736339706606,6:0.43071932751078945,7:0.7637841821531062} with alpha 75.0 and beta 428.0, percentage 14.770459081836327
The arm 3 has vector {0:0.481105901352592,1:0.2337893204158572,2:0.5958625101971189,3:0.48558386975576806,4:0.9246151898306056,5:0.5400486842170327,6:0.5709002275205618,7:0.7089894926835166} with alpha 4.0 and beta 53.0, percentage 5.454545454545454
The arm 4 has vector {0:0.27304517418025187,1:0.3053111447151421,2:0.39271491460702945,3:0.09191051119661309,4:0.06486530219912301,5:0.7869535691487815,6:0.1477853045708033,7:0.29243548888191584} with alpha 2.0 and beta 42.0, percentage 2.380952380952381
The arm 5 has vector {0:0.5092162233729455,1:0.9006407171926782,2:0.7192216310764649,3:0.5951918430758925,4:0.5567692602006944,5:0.8804715072209567,6:0.6537556193519465,7:0.372122246877607} with alpha 1.0 and beta 29.0, percentage 0.0
The arm 6 has vector {0:0.3126793519398591,1:0.7132338166362682,2:0.29994026097901283,3:0.33944387258568365,4:0.16216899959027165,5:0.10980367293200943,6:0.7421501617959387,7:0.4093511225244787} with alpha 71.0 and beta 409.0, percentage 14.644351464435147
The arm 7 has vector {0:0.257427110118406,1:0.44094555110703804,2:0.8940050936769324,3:0.6721540884906209,4:0.34931742080454076,5:0.8692973387543402,6:0.10510025502085962,7:0.9993032812431392} with alpha 5.0 and beta 65.0, percentage 5.88235294117647
The arm 8 has vector {0:0.29479844139309563,1:0.9890883222445653,2:0.6777728394808135,3:0.3249034546121027,4:0.043828544594287866,5:0.9303051593084243,6:0.5883134570109576,7:0.9238895461883591} with alpha 1.0 and beta 32.0, percentage 0.0
The arm 9 has vector {0:0.6471135269795704,1:0.9575417324366339,2:0.021155890852996184,3:0.34528430787442965,4:0.8160470958465722,5:0.3155082158195517,6:0.6485851642298429,7:0.06905784997319186} with alpha 14.0 and beta 90.0, percentage 12.745098039215685
The arm 10 has vector {0:0.10135902780875428,1:0.9867091017572789,2:0.7778163224815823,3:0.789574864779481,4:0.5424982635153427,5:0.7625148654434101,6:0.001261583622862772,7:0.7627015193611595} with alpha 4.0 and beta 57.0, percentage 5.084745762711865
The arm 11 has vector {0:0.43108659545032013,1:0.8929885604351842,2:0.7596551133621892,3:0.018356216619259458,4:0.3806722457132994,5:0.05489760137179189,6:0.3638323437076916,7:0.2298626742337584} with alpha 28.0 and beta 186.0, percentage 12.735849056603774
The arm 12 has vector {0:0.1665068157845393,1:0.3950289206022607,2:0.5603283418974717,3:0.7269135623870165,4:0.7460538472590229,5:0.24776299541322777,6:0.28265365609355164,7:0.15271109742477207} with alpha 4.0 and beta 55.0, percentage 5.263157894736842
The arm 13 has vector {0:0.19147425852920263,1:0.5118421740151458,2:0.9432075786819467,3:0.12455463402213973,4:0.5700752094005438,5:0.9670760178306023,6:0.3242008382862852,7:0.5595493738824063} with alpha 2.0 and beta 41.0, percentage 2.4390243902439024
The arm 14 has vector {0:0.4494794166879683,1:0.7653953251498713,2:0.7195390244297178,3:0.44899555003182245,4:0.6402439720058827,5:0.8463830840402783,6:0.3293330419007482,7:0.5664334845182107} with alpha 1.0 and beta 32.0, percentage 0.0
The arm 15 has vector {0:0.029738814195142127,1:0.538067217327568,2:0.7693743816925849,3:0.3785542510415063,4:0.08133259766583867,5:0.12448264058971581,6:0.9317980037735801,7:0.29027141813142876} with alpha 8.0 and beta 81.0, percentage 8.045977011494253
The arm 16 has vector {0:0.18800194734421805,1:0.08353558213657442,2:0.173846742674429,3:0.10480790322673383,4:0.2593622586957107,5:0.4919073450096083,6:0.02744551733262124,7:0.4386231340073382} with alpha 1.0 and beta 30.0, percentage 0.0
The arm 17 has vector {0:0.006904458409394243,1:0.15420192051121773,2:0.6428907371354403,3:0.6838447957521356,4:0.5521384651428441,5:0.3206424846797412,6:0.7665835581012317,7:0.8395383848618023} with alpha 47.0 and beta 279.0, percentage 14.19753086419753
The arm 18 has vector {0:0.9704301182538161,1:0.46864665519841164,2:0.9144582202900228,3:0.021948370498734437,4:0.9745615292118643,5:0.5847197139013534,6:0.6254477404173514,7:0.51223101793249} with alpha 8.0 and beta 70.0, percentage 9.210526315789473
The arm 19 has vector {0:0.044597728878092546,1:0.2770700616289391,2:0.5401643279407138,3:0.1717049580491692,4:0.045404846964202106,5:0.5199236941876744,6:0.20003740938357062,7:0.5303942253693178} with alpha 3.0 and beta 48.0, percentage 4.081632653061225
The arm 20 has vector {0:0.0707498694170956,1:0.23609462595084596,2:0.08986044771778467,3:0.7001290752985972,4:0.7524395403588491,5:0.7662550392133576,6:0.10887455884712516,7:0.027801806814211405} with alpha 6.0 and beta 68.0, percentage 6.944444444444445
The arm 21 has vector {0:0.31054818658917827,1:0.42099098750923225,2:0.8306517101025199,3:0.9512266999771554,4:0.8816857197737292,5:0.008815618475933151,6:0.9633799076192271,7:0.6818837905159011} with alpha 18.0 and beta 131.0, percentage 11.564625850340136
The arm 22 has vector {0:0.3645785098948766,1:0.878122824294449,2:0.9729028475038659,3:0.09210530329999489,4:0.9529073917761416,5:0.7267251558417582,6:0.9476030090938612,7:0.10062448244994271} with alpha 3.0 and beta 46.0, percentage 4.25531914893617
The arm 23 has vector {0:0.7536799999532675,1:0.26105191161495345,2:0.46539350238129107,3:0.709570725627009,4:0.6883683307608586,5:0.6525196387953395,6:0.7304385698089467,7:0.49745412086508023} with alpha 3.0 and beta 43.0, percentage 4.545454545454546
The arm 24 has vector {0:0.4689163124303073,1:0.8237531042086897,2:0.9269131865038612,3:0.3510698192182463,4:0.5695088498821663,5:0.7799498206046614,6:0.9729783289237123,7:0.9858756973723031} with alpha 3.0 and beta 48.0, percentage 4.081632653061225
The arm 25 has vector {0:0.6429760245155594,1:0.00912384325595339,2:0.8644417510940718,3:0.17083622758297712,4:0.1928288821045745,5:0.35802458316104313,6:0.8209304631119052,7:0.4071263490222611} with alpha 43.0 and beta 252.0, percentage 14.334470989761092
The arm 26 has vector {0:0.7193786613446367,1:0.13542259927268852,2:0.07330927715517654,3:0.45842040129452033,4:0.5390026243044589,5:0.6028703512454808,6:0.7188034112762731,7:0.9105944798495815} with alpha 6.0 and beta 70.0, percentage 6.756756756756757
The arm 27 has vector {0:0.6419862670568839,1:0.8178769266467958,2:0.2673887653135417,3:0.867003647427304,4:0.06431217009573265,5:0.7232888640962687,6:0.15127631608102388,7:0.9792997060897313} with alpha 2.0 and beta 43.0, percentage 2.3255813953488373
The arm 28 has vector {0:0.41922516340666816,1:0.09659140740870431,2:0.9953224869840473,3:0.7805324601017674,4:0.30588753546761827,5:0.9702191722684036,6:0.701070831567614,7:0.6031438518009279} with alpha 6.0 and beta 62.0, percentage 7.575757575757576
The arm 29 has vector {0:0.006918327525192058,1:0.6039660489729773,2:0.34664866252291715,3:0.21952726938466194,4:0.07435323944804473,5:0.21925607220543508,6:6.16281891225201E-4,7:0.2661199478602633} with alpha 2.0 and beta 42.0, percentage 2.380952380952381
The arm 30 has vector {0:0.3431319393348594,1:0.5042374886028235,2:0.2885829027488407,3:0.7948823392071385,4:0.5708024021048166,5:0.9795492315904394,6:0.7343353331506205,7:0.6784400762642572} with alpha 2.0 and beta 40.0, percentage 2.5
The arm 31 has vector {0:0.7304728086158738,1:0.8653241991701005,2:0.7172648473632525,3:0.9894374050916358,4:0.9992024009017455,5:0.8271692197074839,6:0.22188111801694121,7:0.4822274347574923} with alpha 5.0 and beta 60.0, percentage 6.349206349206349
The arm 32 has vector {0:0.8588227500391413,1:0.9585279149550634,2:0.4979891152474014,3:0.1405044414376685,4:0.2900978142439724,5:0.6693717712533,6:0.46212121979686405,7:0.39041899865240315} with alpha 5.0 and beta 64.0, percentage 5.970149253731343
The arm 33 has vector {0:0.0014505578681897058,1:0.10778044760732597,2:0.058953382192442394,3:0.8689171116431793,4:0.7697875988449376,5:0.662412889955089,6:0.7802312071385814,7:0.6845379837563721} with alpha 9.0 and beta 69.0, percentage 10.526315789473683
The arm 34 has vector {0:0.16226217933998333,1:0.8207652057011354,2:0.5333595560905533,3:0.01551518488359771,4:0.6281486739435633,5:0.34531918829752994,6:0.09386320026610862,7:0.41385369943894157} with alpha 3.0 and beta 50.0, percentage 3.9215686274509802
The arm 35 has vector {0:0.5036769699247958,1:0.8969837734536503,2:0.3545391222969735,3:0.7439328318980849,4:0.40311773659133954,5:0.7272996996774315,6:0.612261573014504,7:0.4633918565165135} with alpha 2.0 and beta 35.0, percentage 2.857142857142857
The arm 36 has vector {0:0.3529607008781309,1:0.983796481370139,2:0.774956427010488,3:0.0663052654674331,4:0.606556697926204,5:0.8011768160981356,6:0.956105972586716,7:0.9548358208080336} with alpha 15.0 and beta 118.0, percentage 10.687022900763358
The arm 37 has vector {0:0.22016539511938393,1:0.4102642671689508,2:0.054229468536424075,3:0.3339103133204945,4:0.47745625835144667,5:0.930129246816085,6:0.8556093973988652,7:0.7399701200560357} with alpha 6.0 and beta 65.0, percentage 7.246376811594203
The arm 38 has vector {0:0.1800328614233624,1:0.5492363495776492,2:0.9880762176084181,3:0.06509920937447655,4:0.8189580215855374,5:0.10501995429298361,6:0.563266581745817,7:0.660151303623146} with alpha 29.0 and beta 193.0, percentage 12.727272727272727
The arm 39 has vector {0:0.3146425991494919,1:0.7532525708709733,2:0.4282863742580746,3:0.9885453293794715,4:0.44948503506407067,5:0.37294641590440514,6:0.5313846704089904,7:0.38800420332905294} with alpha 4.0 and beta 56.0, percentage 5.172413793103448
The arm 40 has vector {0:0.4019740388777123,1:0.6877061904255155,2:0.7942170726512663,3:0.964978647882503,4:0.08958909152848227,5:0.9127398989402609,6:0.09719249669963959,7:0.20456693722668862} with alpha 1.0 and beta 31.0, percentage 0.0
The arm 41 has vector {0:0.5510871111358584,1:0.6517013325526115,2:0.8595829820634006,3:0.5617368485530693,4:0.8863255155929134,5:0.93396166932121,6:0.7330182357865946,7:0.9780443624937115} with alpha 3.0 and beta 50.0, percentage 3.9215686274509802
The arm 42 has vector {0:0.9582568767175699,1:0.038859452397971395,2:0.6964373397233243,3:0.5303251111472852,4:0.3771089045278465,5:0.9620290781360509,6:0.1918996449420377,7:0.9171400928301678} with alpha 3.0 and beta 48.0, percentage 4.081632653061225
The arm 43 has vector {0:0.2215303669186457,1:0.5900403473798469,2:0.5084268339643795,3:0.7960582071812315,4:0.9277445470356225,5:0.11825388177104246,6:0.5354512589057835,7:0.41043857880588785} with alpha 131.0 and beta 699.0, percentage 15.70048309178744
The arm 44 has vector {0:0.907174059517436,1:0.3843193570362312,2:0.9316944251418848,3:0.012797969089383021,4:0.03191424488618666,5:0.41248568491179183,6:0.7643665565281137,7:0.6789024417086603} with alpha 18.0 and beta 122.0, percentage 12.318840579710146
The arm 45 has vector {0:0.9557300159469921,1:0.0898429767056661,2:0.5605294723455243,3:0.3566768582915598,4:0.18779599562590943,5:0.421295179411883,6:0.5367373000166863,7:0.9785908974642142} with alpha 91.0 and beta 495.0, percentage 15.41095890410959
The arm 46 has vector {0:0.35773224169943063,1:0.5646407603909837,2:0.4404126119914703,3:0.4619709233710996,4:0.8020912523661717,5:0.7247470561007316,6:0.5594693088010956,7:0.6806533016897275} with alpha 7.0 and beta 76.0, percentage 7.4074074074074066
The arm 47 has vector {0:0.563443803257932,1:0.7634300866705717,2:0.22697699554701734,3:0.7842471539947244,4:0.7955466940008492,5:0.5904182982595156,6:0.04981549455343459,7:0.6253203873724779} with alpha 2.0 and beta 37.0, percentage 2.7027027027027026
The arm 48 has vector {0:0.7383654474938538,1:0.8083950566542052,2:0.8494293391420997,3:0.49997910384134414,4:0.31178613551542156,5:0.941375098002874,6:0.4076067063024631,7:0.23498582420049619} with alpha 4.0 and beta 59.0, percentage 4.918032786885246
The arm 49 has vector {0:0.3752738211763247,1:0.35007106119840925,2:0.4878367429170226,3:0.08361711645269776,4:0.3223608870431989,5:0.8048881852047594,6:0.14687278460351028,7:0.5460362302964198} with alpha 2.0 and beta 39.0, percentage 2.564102564102564
The best arm is 43 with vector {0:0.2215303669186457,1:0.5900403473798469,2:0.5084268339643795,3:0.7960582071812315,4:0.9277445470356225,5:0.11825388177104246,6:0.5354512589057835,7:0.41043857880588785} with alpha 131.0 and beta 699.0, percentage 15.70048309178744
The right guesses are: 698 which means 11.381053318115116% correct
Done
The current arm is 43 with vector {0:0.2215303669186457,1:0.5900403473798469,2:0.5084268339643795,3:0.7960582071812315,4:0.9277445470356225,5:0.11825388177104246,6:0.5354512589057835,7:0.41043857880588785} with alpha 77.0 and beta 587.0
The order information:
Date: 2012-05-09T17:07:05.000+02:00
It predicted these items for order 1778911 :
   31560 with score of 2.0961631427878338
   752 with score of 1.7067849182375472
   748 with score of 1.4669262328358312
   27900 with score of 1.4518421276469837
   23467 with score of 1.4285737514979833
   572 with score of 1.361123569803852
   1663 with score of 1.351882281550904
   31553 with score of 1.3506288060291705
   23469 with score of 1.3471265590253865
   377 with score of 1.3160369133072185
These are the actual items bought: 
   11832
   30233
The current arm is 43 with vector {0:0.2215303669186457,1:0.5900403473798469,2:0.5084268339643795,3:0.7960582071812315,4:0.9277445470356225,5:0.11825388177104246,6:0.5354512589057835,7:0.41043857880588785} with alpha 224.0 and beta 1440.0
The order information:
Date: 2012-05-10T17:54:43.000+02:00
It predicted these items for order 1779917 :
   31560 with score of 1.9634784118115487
   752 with score of 1.6425702291504847
   5003 with score of 1.370108176128175
   748 with score of 1.3658731922714218
   21714 with score of 1.353876434372704
   27900 with score of 1.333479769405057
   27576 with score of 1.3097830702033997
   29669 with score of 1.3010315543573345
   20430 with score of 1.2816213750192018
   23467 with score of 1.272338234442318
These are the actual items bought: 
   30342
   23374
   32289
The current arm is 43 with vector {0:0.2215303669186457,1:0.5900403473798469,2:0.5084268339643795,3:0.7960582071812315,4:0.9277445470356225,5:0.11825388177104246,6:0.5354512589057835,7:0.41043857880588785} with alpha 373.0 and beta 2291.0
The order information:
Date: 2012-05-11T22:39:32.000+02:00
It predicted these items for order 1780921 :
   31560 with score of 1.9630278542531883
   752 with score of 1.6707287975612148
   748 with score of 1.5183962765574843
   21714 with score of 1.3520120807928175
   29669 with score of 1.3409601942236977
   27576 with score of 1.336824683954716
   27900 with score of 1.3206780520901351
   5003 with score of 1.3176779986973912
   20430 with score of 1.3136633507553868
   23467 with score of 1.3049071025610124
These are the actual items bought: 
   31776
The current arm is 43 with vector {0:0.2215303669186457,1:0.5900403473798469,2:0.5084268339643795,3:0.7960582071812315,4:0.9277445470356225,5:0.11825388177104246,6:0.5354512589057835,7:0.41043857880588785} with alpha 546.0 and beta 3118.0
The order information:
Date: 2012-05-13T15:53:25.000+02:00
It predicted these items for order 1781930 :
   31560 with score of 1.9430959007152118
   752 with score of 1.7310777035048286
   748 with score of 1.6649532325679264
   21714 with score of 1.438769268180963
   5003 with score of 1.4035556676913061
   29669 with score of 1.3918560416250476
   27576 with score of 1.3801239176656133
   20430 with score of 1.3547597858965887
   27900 with score of 1.341732681990642
   23467 with score of 1.3347970294306064
These are the actual items bought: 
   2084
   29003
   31950
   20990
   31940
   30573
   20678
   30195
   25363
   27900
The current arm is 43 with vector {0:0.2215303669186457,1:0.5900403473798469,2:0.5084268339643795,3:0.7960582071812315,4:0.9277445470356225,5:0.11825388177104246,6:0.5354512589057835,7:0.41043857880588785} with alpha 702.0 and beta 3962.0
The order information:
Date: 2012-05-14T16:46:54.000+02:00
It predicted these items for order 1782931 :
   31560 with score of 1.9073613763150576
   748 with score of 1.752630174382595
   752 with score of 1.6705180178784949
   21714 with score of 1.4277114534310822
   27576 with score of 1.4142223624998524
   5003 with score of 1.4060384375991943
   29669 with score of 1.384220230842338
   27900 with score of 1.3562480095726104
   23467 with score of 1.3520437999193546
   20430 with score of 1.3469122634050334
These are the actual items bought: 
   32564
The current arm is 43 with vector {0:0.2215303669186457,1:0.5900403473798469,2:0.5084268339643795,3:0.7960582071812315,4:0.9277445470356225,5:0.11825388177104246,6:0.5354512589057835,7:0.41043857880588785} with alpha 806.0 and beta 4858.0
The order information:
Date: 2012-05-15T15:02:20.000+02:00
It predicted these items for order 1783936 :
   31560 with score of 1.8330454897232435
   748 with score of 1.7561839558776278
   752 with score of 1.5578294371635306
   27576 with score of 1.4477124434277402
   21714 with score of 1.4143116902764914
   5003 with score of 1.3994169931823859
   29669 with score of 1.3699385404614317
   21776 with score of 1.3512300136565056
   25201 with score of 1.3372545457481118
   23467 with score of 1.3349221843770003
These are the actual items bought: 
   12096
The arm 43 has vector {0:0.2215303669186457,1:0.5900403473798469,2:0.5084268339643795,3:0.7960582071812315,4:0.9277445470356225,5:0.11825388177104246,6:0.5354512589057835,7:0.41043857880588785} with alpha 854.0 and beta 5281.0, percentage 13.908364585031796
The best arm is 43 with vector {0:0.2215303669186457,1:0.5900403473798469,2:0.5084268339643795,3:0.7960582071812315,4:0.9277445470356225,5:0.11825388177104246,6:0.5354512589057835,7:0.41043857880588785} with alpha 854.0 and beta 5281.0, percentage 13.908364585031796
The right guesses are: 853 which means 13.908364585031796% correct
Done
420
