Items: 31014,2,2012-03-22 09:35:15.730000000,2013-01-31 22:08:19.360000000,0,0000000000000000000000000000000000000000000000000000000000000000000000000000000000000000000010000000000000000000000000000000000000000000000000000000000000000000000000000000000000000000000000000000000000000000000000000000000000000000000000000000000000000000
Items: 16065,3,2010-10-12 09:05:28.623000000,2011-10-19 12:41:59.293000000,0,0000000000000000000000000000000000000000000000000000000000000000000000000000000000000000000100000000000000000000000000000000000000000000000000000000000000000000000000000000000000000000000000000000000000000000000000000000000000000000000000000000000000000000
Items: 2897,1,2010-07-28 15:55:07.423000000,2013-07-15 05:02:15.650000000,0,0000000000000000000000000000000000000000000000000000000000000000000000000000000000000000000100000000000000000000000000000000000000000000000000000000000000000000000000000000000000000000000000000000000000000000000000000000000000000000000000000000000000000000
Users: 46671,2009-07-31 17:52:05.423000000,45238,,0
Users: 117404,2012-02-11 18:20:17.737000000,30295,1989-02-13 00:00:00,1
Users: 185087,2009-07-31 19:48:45.310000000,54234,1986-06-04 00:00:00,1
Users: 242612,2011-12-03 21:34:16.640000000,90627,1990-07-23 00:00:00,2
Users: 294436,2011-03-16 09:05:23.647000000,72233,1994-04-25 00:00:00,1
Users: 345704,2011-11-11 20:55:14.437000000,68600,1994-06-05 00:00:00,2
Users: 399809,2012-09-17 14:43:42.033000000,44491,1997-12-12 00:00:00,1
Users: 455390,2012-12-20 16:02:28.573000000,3274,1978-06-02 00:00:00,2
Users: 525182,2013-07-28 12:33:53.590000000,53372,1990-06-17 00:00:00,0
Orders: 35022,1033356,1457,2009-10-18 21:46:53.347000000
Orders: 214698,1082559,614,2010-01-24 20:16:55.153000000
Orders: 226305,1122161,1501,2010-03-20 16:23:03.950000000
Orders: 46541,1167569,11120,2010-05-26 12:55:02.417000000
Orders: 75824,1208142,11119,2010-07-27 23:14:48.377000000
Orders: 13287,1248778,12826,2010-09-21 21:56:27.157000000
Orders: 272654,1296031,653,2010-12-01 18:41:36.730000000
Orders: 285359,1344258,18628,2011-01-28 14:59:09.743000000
Orders: 157456,1388262,18371,2011-03-17 11:46:02.120000000
Orders: 307265,1432210,758,2011-04-29 21:28:48.340000000
Orders: 271030,1473349,21803,2011-06-14 15:24:35.467000000
Orders: 275827,1511037,21829,2011-07-28 21:58:50.970000000
Orders: 62527,1550712,24845,2011-09-10 18:44:47.023000000
Orders: 293365,1597283,27523,2011-11-12 08:21:31.203000000
Orders: 158173,1649466,24361,2011-12-28 14:06:54.430000000
Orders: 371623,1691322,28947,2012-01-31 15:54:20.570000000
Orders: 151193,1739094,2144,2012-03-22 17:02:48.527000000
Orders: 71320,1784958,7874,2012-05-16 17:00:59.817000000
Orders: 287161,1827735,20480,2012-06-29 22:23:24.193000000
Orders: 271514,1866722,31203,2012-08-11 21:38:56.863000000
Orders: 428803,1915657,35460,2012-10-09 20:15:44.210000000
Orders: 444954,1966435,29677,2012-12-01 22:51:49.073000000
Orders: 460415,2018674,31695,2013-01-07 22:20:30.543000000
Orders: 381441,2066329,35170,2013-02-19 22:08:16.833000000
Orders: 485606,2112774,39306,2013-03-26 15:04:37.277000000
Orders: 423890,2161061,11304,2013-05-03 09:35:38.190000000
Orders: 314770,2207605,26096,2013-06-05 19:04:54.837000000
Orders: 287308,2249841,40450,2013-07-13 20:23:09.463000000
Orders: 255027,2289235,33612,2013-08-13 17:15:05.073000000
Orders: 466261,2331294,43871,2013-09-15 21:02:00.180000000
Orders: 446724,2379393,448,2013-11-01 19:20:53.627000000

Startup information:
First order in training stage: 700000
First order in evaluation stage: 771338
Last order in evaluation stage: 777471

Number of orders in training stage: 71338
Number of orders in evaluation stage: 6133

The current arm is 10 with vector {0:0.6166965634992029,1:0.2921400832712965,2:0.026398563002998143,3:0.5501819465649301,4:0.00411551010325617,5:0.17860818428505842,6:0.8932064843523203,7:0.6820263450828024,8:0.7484161067848288,9:0.6890253288833087,10:0.06920389318007236,11:0.3209891329380825,12:0.19552036038948994,13:0.469022566192138,14:0.762383553050118,15:0.5183873505814809,16:0.03734715450113513,17:0.009813252562279717,18:0.36797475687999626,19:0.0790153062966279,20:0.46812083818757033,21:0.12976725427496383,22:0.4475037164588249,23:0.450817308691425,24:0.3825270154971391,25:0.010187457417278667,26:0.505550311892748,27:0.4946322075768983,28:0.11691566385712471,29:0.6791432486974657,30:0.7174582641601026,31:0.24736517309619777,32:0.4615409985616137,33:0.2622570489085855,34:0.696248326701368,35:0.5213416827660997,36:0.08701030971216372,37:0.5226306361467365,38:0.7023513678574439,39:0.6465346184415459,40:0.02430236166528943} with alpha 5.0 and beta 19.0
The order information:
Date: 2012-05-09T17:07:05.000+02:00
It predicted these items for order 1778911 :
   31560 with score of 948.2844055159159
   752 with score of 440.7225887820952
   27900 with score of 345.603176901466
   748 with score of 318.71371728344815
   20430 with score of 306.44652510762114
   5003 with score of 288.92757109857257
   21714 with score of 280.1101057974077
   11832 with score of 254.35183765587675
   27576 with score of 243.84994427259028
   31553 with score of 235.03114978664155
These are the actual items bought: 
   11832
   30233
The current arm is 4 with vector {0:0.022556518911008294,1:0.41809495845633704,2:0.02344221986982553,3:0.8189644926179369,4:0.21365479255568864,5:0.8493190466605928,6:0.11055892256941746,7:0.20957789505567936,8:0.8066989055735299,9:0.5850648647669385,10:0.3805952856578113,11:0.9430317805046805,12:0.7029622857101538,13:0.4392238008795277,14:0.8159714226071986,15:0.254996177131664,16:0.8405423568055358,17:0.4370821849275349,18:0.7660611992284015,19:0.11580054969327258,20:0.2086886923568747,21:0.1668457212213501,22:0.37366332543324154,23:0.44170376984880744,24:0.9302862295918541,25:0.5597596908030498,26:0.8139645981384281,27:0.3627336263446804,28:0.9489623914558292,29:0.9708324797923908,30:0.3915984970306341,31:0.5914805347002338,32:0.7483835543110144,33:0.8558280735124261,34:0.6839851396929172,35:0.3623459113182922,36:0.9114304826910528,37:0.681451570768123,38:0.1596535666248824,39:0.06294600019171093,40:0.008976536128290524} with alpha 8.0 and beta 41.0
The order information:
Date: 2012-05-10T17:54:43.000+02:00
It predicted these items for order 1779917 :
   31560 with score of 254.2908230230741
   752 with score of 109.62846355850475
   27900 with score of 94.40123862450913
   748 with score of 89.06339787103119
   20430 with score of 84.66636477607379
   5003 with score of 76.03978910559174
   21714 with score of 74.11896819984115
   11832 with score of 69.65148978407494
   31553 with score of 67.7180906408981
   29669 with score of 66.05114863697693
These are the actual items bought: 
   30342
   23374
   32289
The current arm is 4 with vector {0:0.022556518911008294,1:0.41809495845633704,2:0.02344221986982553,3:0.8189644926179369,4:0.21365479255568864,5:0.8493190466605928,6:0.11055892256941746,7:0.20957789505567936,8:0.8066989055735299,9:0.5850648647669385,10:0.3805952856578113,11:0.9430317805046805,12:0.7029622857101538,13:0.4392238008795277,14:0.8159714226071986,15:0.254996177131664,16:0.8405423568055358,17:0.4370821849275349,18:0.7660611992284015,19:0.11580054969327258,20:0.2086886923568747,21:0.1668457212213501,22:0.37366332543324154,23:0.44170376984880744,24:0.9302862295918541,25:0.5597596908030498,26:0.8139645981384281,27:0.3627336263446804,28:0.9489623914558292,29:0.9708324797923908,30:0.3915984970306341,31:0.5914805347002338,32:0.7483835543110144,33:0.8558280735124261,34:0.6839851396929172,35:0.3623459113182922,36:0.9114304826910528,37:0.681451570768123,38:0.1596535666248824,39:0.06294600019171093,40:0.008976536128290524} with alpha 12.0 and beta 66.0
The order information:
Date: 2012-05-11T22:39:32.000+02:00
It predicted these items for order 1780921 :
   31560 with score of 240.72646064583287
   752 with score of 110.98584647632984
   748 with score of 104.43627975678795
   27900 with score of 89.1145427927018
   20430 with score of 84.40278968538682
   21714 with score of 74.19059685368894
   5003 with score of 73.99367113437904
   29669 with score of 69.56340913765271
   11832 with score of 67.72222358029791
   27576 with score of 65.4924909360568
These are the actual items bought: 
   31776
The current arm is 21 with vector {0:0.9876515250315713,1:0.8951184434715576,2:0.7993756674483417,3:0.9807287931885929,4:0.5488094339644538,5:0.9078828360573067,6:0.8830007425364772,7:0.5455890495361899,8:0.8231314896570087,9:0.06274555571316498,10:0.3394373793829695,11:0.6913063533524803,12:0.27321175457476743,13:0.9205997852177028,14:0.7322806198189183,15:0.15453652505198257,16:0.8118683278739854,17:0.4248728408648448,18:0.469682229227651,19:0.8026287382118394,20:0.8599546833949114,21:0.6311421529099708,22:0.5557376952396349,23:0.7781623507133926,24:0.12668906832783877,25:0.9408747847838367,26:0.6401835520915764,27:0.9326416646354719,28:0.15449420508731693,29:0.27129879665548895,30:0.9816501149348965,31:0.7731663493986757,32:0.8149569656383322,33:0.901480884749606,34:0.1966120710761774,35:0.2100969817341356,36:0.025387348171647228,37:0.8744512811920245,38:0.12492382197866592,39:0.0774618365610803,40:0.3459897680135081} with alpha 17.0 and beta 90.0
The order information:
Date: 2012-05-13T15:53:25.000+02:00
It predicted these items for order 1781930 :
   31560 with score of 701.9421943041095
   752 with score of 402.3722075761618
   748 with score of 387.60813303748205
   21714 with score of 268.4702006848236
   5003 with score of 261.02400561542186
   20430 with score of 260.14368619846306
   27900 with score of 249.86623598157675
   29669 with score of 233.68559663451595
   27576 with score of 226.44896304905456
   23467 with score of 202.42937850397465
These are the actual items bought: 
   2084
   29003
   31950
   20990
   31940
   30573
   20678
   30195
   25363
   27900
The current arm is 23 with vector {0:0.6231526042794235,1:0.2740631156513472,2:0.055919050319997665,3:0.5652802723572572,4:0.38437810807835593,5:0.7811327807238517,6:0.36813344742783427,7:0.6483737117672597,8:0.1490485600887258,9:0.9303252191850451,10:0.7919371159583887,11:0.3092494343803913,12:0.9324051275089092,13:0.09342139581762843,14:0.2576338219407258,15:0.08373513017955969,16:0.4464018853282766,17:0.5873097444056894,18:0.7653049157720008,19:0.4566219532635817,20:0.5183461811280726,21:0.1692987534780671,22:0.4200452038052407,23:0.20356047684394196,24:0.23131846771004072,25:0.1986156750330299,26:0.717572899146315,27:0.9225106540220668,28:0.7926272588527596,29:0.48648590052796725,30:0.572340959223738,31:0.34214803249939285,32:0.3127606473069585,33:0.7434909695740372,34:0.4292573736567481,35:0.6999485520927894,36:0.2733583719572975,37:0.19186627010788027,38:0.3034936439788999,39:0.6947381562463983,40:0.137690929493413} with alpha 27.0 and beta 142.0
The order information:
Date: 2012-05-14T16:46:54.000+02:00
It predicted these items for order 1782931 :
   31560 with score of 705.7631523924198
   748 with score of 380.23197491925544
   752 with score of 351.5754253908226
   20430 with score of 258.8247538353466
   5003 with score of 253.11095191663324
   21714 with score of 251.88295294291507
   27900 with score of 247.13116007412842
   27576 with score of 232.72070365271426
   29669 with score of 214.57869486764318
   31553 with score of 211.68107984586672
These are the actual items bought: 
   32564
The current arm is 43 with vector {0:0.846945517769484,1:0.43392020950471166,2:0.9567568812762312,3:0.7865269248250434,4:0.38775178877871064,5:0.834078700106497,6:0.2709918183475395,7:0.3414407503326172,8:0.826940513530457,9:0.5385269718666256,10:0.02719523410471636,11:0.5172579171132854,12:0.950079118798671,13:0.23765889987102584,14:0.8058734291820248,15:0.6051776595812568,16:0.35430670339285475,17:0.21635017314301697,18:0.14243713041214212,19:0.07136971058816555,20:0.9500801273649051,21:0.3395405418066447,22:0.830858828214849,23:0.4471156611330772,24:0.11859235799680268,25:0.6848240749656099,26:0.45176776962299814,27:0.8741577045693109,28:0.6801174792543644,29:0.4946645617528116,30:0.47957118876407756,31:0.8515477246538021,32:0.26717417874926774,33:0.5071659353186859,34:0.721095199005373,35:0.22405708579574235,36:0.15312353585249838,37:0.6906675279974442,38:0.4352656513663792,39:0.18674842512114964,40:0.7438466737698671} with alpha 8.0 and beta 68.0
The order information:
Date: 2012-05-15T15:02:20.000+02:00
It predicted these items for order 1783936 :
   31560 with score of 381.2068561845207
   748 with score of 225.20774390346625
   752 with score of 190.65596882421383
   5003 with score of 144.92421373961227
   21714 with score of 142.3083596683117
   27576 with score of 142.01384511742168
   20430 with score of 137.9636024484554
   27900 with score of 130.2935923655572
   29669 with score of 120.34288844578295
   31553 with score of 115.96153190371092
These are the actual items bought: 
   12096
The arm 0 has vector {0:0.7079362204110434,1:0.47243116651547257,2:0.23048187399031583,3:0.5004245855575425,4:0.9769249859803788,5:0.0702341662566921,6:0.25732998055188794,7:0.7487862405276945,8:0.5976476512116422,9:0.6557341607905216,10:0.11762295488973895,11:0.8452532017558971,12:0.873378756744914,13:0.2999424599516092,14:0.5220702351381104,15:0.6255098972195609,16:0.6596913610734542,17:0.9109059931055984,18:0.3431822647074766,19:0.6652585198167851,20:0.9561111270566618,21:0.3638397155215869,22:0.33842935928071805,23:0.8309296177180772,24:0.5438813820605145,25:0.331202459099157,26:0.0666829421768127,27:0.6605726241289077,28:0.9401943587475313,29:0.8070521544348865,30:0.9590034770458968,31:0.43551712799971865,32:0.6412143242855347,33:0.03257331751646808,34:0.8627380221673018,35:0.23269561838672403,36:0.8255971573754292,37:0.3375286961848636,38:0.7869409035064019,39:0.7883562728684946,40:0.7395121949015808} with alpha 13.0 and beta 105.0, percentage 11.538461538461538
The arm 1 has vector {0:0.6943005794526892,1:0.49637212912506323,2:0.3747665323126522,3:0.13408624031273741,4:0.2846195392615133,5:0.5825410370139136,6:0.6433135543066555,7:0.9855239906411766,8:0.10000535686991807,9:0.8763849608336388,10:0.7393353700552391,11:0.21744507034223226,12:0.8424672247571052,13:0.2102359701855857,14:0.11424855589670391,15:0.463136680533076,16:0.5146149480266725,17:0.49264555623374695,18:0.7836763155779413,19:0.5857900739890928,20:0.8642056068409101,21:0.2491534934975952,22:0.6641907146631388,23:0.10755128947064363,24:0.9350686636316679,25:0.7626151028443253,26:0.9793798022847974,27:0.4268788841876614,28:0.6607220728158352,29:0.5009166197170122,30:0.003708893686281689,31:0.9893209944489411,32:8.658356277625456E-4,33:0.3932271356508029,34:0.4876399433589871,35:0.0898911160096525,36:0.6178260450771277,37:0.7382468956129025,38:0.5058239205458858,39:0.5127549338761894,40:0.4947338608447128} with alpha 22.0 and beta 151.0, percentage 14.000000000000002
The arm 2 has vector {0:0.264418571675643,1:0.3570835803540382,2:0.18429685482126745,3:0.8908284621417787,4:0.5261601779552907,5:0.10357522653836582,6:0.2714323413770159,7:0.17785695355417552,8:0.3124722861125385,9:0.2425396680710903,10:0.22655991638797934,11:0.8845345759235336,12:0.3195042421245514,13:0.29836214665284344,14:0.46833780007537784,15:0.7858951649525561,16:0.03642186778464296,17:0.5982899973261812,18:0.3616166871344102,19:0.4675235520967004,20:0.25239629062554936,21:0.4581397234392137,22:0.29556209253356935,23:0.21569791266973115,24:0.2546414182810428,25:0.23495677999631803,26:0.17129659861221602,27:0.8955614127756732,28:0.6194010715836099,29:0.8720573407676137,30:0.8453866940381012,31:0.9580243959262663,32:0.9378511392061587,33:0.7590979699912165,34:0.29414166472877157,35:0.7908537849412204,36:0.19895591383310363,37:0.22072699933333972,38:0.5906054527657748,39:0.6292989383546114,40:0.6558414428198077} with alpha 34.0 and beta 208.0, percentage 15.942028985507244
The arm 3 has vector {0:0.07931842172825776,1:0.844146958646919,2:0.6726662922217345,3:0.027704569283549696,4:0.008126156531054751,5:0.6215350633081772,6:0.669013623847801,7:0.7962360414699,8:0.2906341825476578,9:0.9580984262810228,10:0.5483714007013628,11:0.973452168942857,12:0.7012201404474018,13:0.6525444314978156,14:0.24743998353366548,15:0.21704627344366867,16:0.5449238704077731,17:0.44901325552108284,18:0.41800611624072714,19:0.42773879615224364,20:0.43402893229556605,21:0.12602788007814314,22:0.03721470434903451,23:0.12205982391992398,24:0.9502844476640622,25:0.7472401292815908,26:0.4216426703738705,27:0.6277794165130008,28:0.05679452131522367,29:0.10782352711259169,30:0.5598964376997313,31:0.7159221596026779,32:0.08759872155305548,33:0.10638617722567434,34:0.5638460170650431,35:0.694434332286531,36:0.6105250036554181,37:0.5169933464598491,38:0.12678896402200557,39:0.30887743972586024,40:0.8361537003832819} with alpha 8.0 and beta 71.0, percentage 10.0
The arm 4 has vector {0:0.022556518911008294,1:0.41809495845633704,2:0.02344221986982553,3:0.8189644926179369,4:0.21365479255568864,5:0.8493190466605928,6:0.11055892256941746,7:0.20957789505567936,8:0.8066989055735299,9:0.5850648647669385,10:0.3805952856578113,11:0.9430317805046805,12:0.7029622857101538,13:0.4392238008795277,14:0.8159714226071986,15:0.254996177131664,16:0.8405423568055358,17:0.4370821849275349,18:0.7660611992284015,19:0.11580054969327258,20:0.2086886923568747,21:0.1668457212213501,22:0.37366332543324154,23:0.44170376984880744,24:0.9302862295918541,25:0.5597596908030498,26:0.8139645981384281,27:0.3627336263446804,28:0.9489623914558292,29:0.9708324797923908,30:0.3915984970306341,31:0.5914805347002338,32:0.7483835543110144,33:0.8558280735124261,34:0.6839851396929172,35:0.3623459113182922,36:0.9114304826910528,37:0.681451570768123,38:0.1596535666248824,39:0.06294600019171093,40:0.008976536128290524} with alpha 24.0 and beta 159.0, percentage 14.556962025316455
The arm 5 has vector {0:0.8946427403310288,1:0.9003890585165771,2:0.7919392176656805,3:0.41385186352076486,4:0.42731647827343966,5:0.7817206047148223,6:0.8356617566129758,7:0.8318347824983698,8:0.016374576978578026,9:0.6136446201831411,10:0.10894774498716586,11:0.8827115556088604,12:0.1220678706683117,13:0.047692132818133004,14:0.7797562707026412,15:0.24859355111029235,16:0.8635344762939143,17:0.5073560102431344,18:0.7596338222817968,19:0.5025371188359642,20:0.622810083545967,21:0.6558169330390936,22:0.15226128560596586,23:0.655434056179054,24:0.0025907267580433935,25:0.76769288750993,26:0.5828488918818946,27:0.47435307837202434,28:0.8369424537922552,29:0.34011211925700835,30:0.415933805755482,31:0.01714278678566128,32:0.8510427875903466,33:0.2939889186351703,34:0.23774469652945474,35:0.19408378472116017,36:0.796052541534546,37:0.31296057205780425,38:0.5388095861219899,39:0.1431979942070457,40:0.12544804849694557} with alpha 24.0 and beta 154.0, percentage 15.032679738562091
The arm 6 has vector {0:0.5444041801777978,1:0.318690491111155,2:0.8072378776429497,3:0.4246587433293937,4:0.9245664452101485,5:0.8631693131285859,6:0.8064263090697587,7:0.7990872025667286,8:0.48873163530171415,9:0.27697056529808994,10:0.9223505255564424,11:0.6076952886825545,12:0.2554174640128568,13:0.6068459695046051,14:0.33415622962957514,15:0.799017312882989,16:0.28374875782691744,17:0.46483427033848856,18:0.11367505219504659,19:0.395998239960592,20:0.217873041555377,21:0.367410896366861,22:0.8887183491169887,23:0.5329546731289552,24:0.8384974160190726,25:0.49717661938868485,26:0.6662605531365194,27:0.5201649916564426,28:0.3090410051184843,29:0.8279466817264313,30:0.2405950408157942,31:0.0048512596037124656,32:0.43522119751722066,33:0.802617196236871,34:0.01429450192728876,35:0.4465666962695697,36:0.22904029698738104,37:0.834449897603694,38:0.17072065525996927,39:0.3760839999823574,40:0.1629906125604369} with alpha 4.0 and beta 52.0, percentage 5.88235294117647
The arm 7 has vector {0:0.8671691372016367,1:0.15479545570225173,2:0.749523533270737,3:0.7828478316078545,4:0.5226871748435841,5:0.6745084764812513,6:0.7270150905363386,7:0.145931228215881,8:0.33916271534756004,9:0.7547877883278813,10:0.9274654693525555,11:0.3942814330985347,12:0.8915821718826424,13:0.0819131906571603,14:0.5976012287622299,15:0.11995288070657006,16:0.4442358954403829,17:0.10979086120485959,18:0.8716800714994752,19:0.20792082114448895,20:0.18784154115934082,21:0.9281611935051854,22:0.36912546186793327,23:0.10331127609651503,24:0.8713099974112272,25:0.13367737547727876,26:0.9289605582625934,27:0.2734139170365866,28:0.5235119733098046,29:0.8119977313731389,30:0.3703273762993421,31:0.5481021753915061,32:0.43534781995956007,33:0.7542109491534181,34:0.44883170136144224,35:0.3266230996672894,36:0.47948594064029404,37:0.28690768167751024,38:0.2595627016255796,39:0.7024881755858848,40:0.12618993790805488} with alpha 8.0 and beta 76.0, percentage 9.333333333333334
The arm 8 has vector {0:0.8149654483571223,1:0.5434451225095744,2:0.7833176128193996,3:0.32768026546319895,4:0.2043339023777493,5:0.558787718449584,6:0.022876515725393176,7:0.8366663692546539,8:0.7040509276088238,9:0.40696752880087395,10:0.8426752363171714,11:0.9338011133742509,12:0.513852218891009,13:0.09567593565193555,14:0.9156404917751682,15:0.550227275335376,16:0.42225927884998316,17:0.37528023812352596,18:0.23053513268839976,19:0.8492745333765381,20:0.35371910868310497,21:0.12627864095579144,22:0.5102394848835416,23:0.1742352297277877,24:0.5239981519414882,25:0.5304022538337039,26:0.8002784458902497,27:0.8996108676767776,28:0.09597517939352274,29:0.4366681455179895,30:0.22507496018553774,31:0.6422555554936787,32:0.8217304142107821,33:0.67059745947333,34:0.08997782841315605,35:0.5541585714235778,36:0.5607908695267245,37:0.9424912200112063,38:0.49399302752637964,39:0.6087853084418305,40:0.8144631979932041} with alpha 34.0 and beta 214.0, percentage 15.492957746478872
The arm 9 has vector {0:0.792509283870607,1:0.7863749316158255,2:0.8581033946083326,3:0.9228191738019511,4:0.6864470146392777,5:0.04371815139507618,6:0.8573219534022257,7:0.3100451635826762,8:0.8773043257584777,9:0.7120661287293737,10:0.3190202300492494,11:0.02347907910805247,12:0.4009769767199374,13:0.5511089637522582,14:0.7200602716365205,15:0.32979367346940225,16:0.8181802992633576,17:0.024661626973751738,18:0.6247942386854625,19:0.13304332752309367,20:0.48355939771556866,21:0.4207610713291712,22:0.5051411236691766,23:0.7104633186426281,24:0.14820196060376656,25:0.30308148580049743,26:0.8848970358683688,27:0.23570589987188328,28:0.5412011268879734,29:0.22243529780741123,30:0.07371485736590488,31:0.1849692791073818,32:0.7570451353077909,33:0.47795837902712734,34:0.6609649516334418,35:0.9476006984514367,36:0.8176966209138394,37:0.6158376628955984,38:0.43046646790333265,39:0.15363437373404953,40:0.899653666278744} with alpha 15.0 and beta 107.0, percentage 13.20754716981132
The arm 10 has vector {0:0.6166965634992029,1:0.2921400832712965,2:0.026398563002998143,3:0.5501819465649301,4:0.00411551010325617,5:0.17860818428505842,6:0.8932064843523203,7:0.6820263450828024,8:0.7484161067848288,9:0.6890253288833087,10:0.06920389318007236,11:0.3209891329380825,12:0.19552036038948994,13:0.469022566192138,14:0.762383553050118,15:0.5183873505814809,16:0.03734715450113513,17:0.009813252562279717,18:0.36797475687999626,19:0.0790153062966279,20:0.46812083818757033,21:0.12976725427496383,22:0.4475037164588249,23:0.450817308691425,24:0.3825270154971391,25:0.010187457417278667,26:0.505550311892748,27:0.4946322075768983,28:0.11691566385712471,29:0.6791432486974657,30:0.7174582641601026,31:0.24736517309619777,32:0.4615409985616137,33:0.2622570489085855,34:0.696248326701368,35:0.5213416827660997,36:0.08701030971216372,37:0.5226306361467365,38:0.7023513678574439,39:0.6465346184415459,40:0.02430236166528943} with alpha 31.0 and beta 190.0, percentage 15.873015873015872
The arm 11 has vector {0:0.9304192312033587,1:0.8964546993990021,2:0.2443430469917507,3:0.65515946289375,4:0.6012394190711013,5:0.7653982826967306,6:0.24761394725285013,7:0.6531797179568981,8:0.29429510858763985,9:0.9402789205071925,10:0.3803802307016916,11:0.6518220726921111,12:0.7131269039993972,13:0.35885219366467147,14:0.3744603491640054,15:0.8367225578582667,16:0.5373710825275347,17:0.41954214950672497,18:0.42828739567127083,19:0.02052602251051272,20:0.22189011147467752,21:0.5157235851474634,22:0.7476933298295809,23:0.053168727715854014,24:0.7891385560103171,25:0.09766928676661979,26:0.4872576514103897,27:0.445495131405819,28:0.6368321923798477,29:0.04617474403321775,30:0.5242041170397296,31:0.759165996088482,32:0.9104007075197605,33:0.871956880746931,34:0.9279246165629041,35:0.5050488562572424,36:0.3403902388213935,37:0.8069027732301609,38:0.5593754518468085,39:0.6832476483114243,40:0.001203178427523377} with alpha 8.0 and beta 77.0, percentage 9.210526315789473
The arm 12 has vector {0:0.7189468285393165,1:0.42661941855488283,2:0.3613773233083247,3:0.3491440673283098,4:0.9716699189013893,5:0.24813109508522446,6:0.055216201466621095,7:0.06055226342445574,8:0.8861479270793264,9:0.23730276212094026,10:0.8105231398746515,11:0.8656797451923931,12:0.458256286601485,13:0.8611426895602708,14:0.9886230782746078,15:0.9959244796079636,16:0.6173695424848907,17:0.4179090538993179,18:0.6913614074276977,19:0.6925998051423743,20:0.42247803003997897,21:0.01979771061049196,22:0.15227605659942023,23:0.29610585396607814,24:0.3211434018674265,25:0.23806403216829475,26:0.8811689543077953,27:0.33302310847482053,28:0.11599561591419938,29:0.8252330243341216,30:0.46955834485798076,31:0.921426330666377,32:0.7329718533667228,33:0.9329567523205835,34:0.676053152833644,35:0.38474593022828785,36:0.019420464769689838,37:0.9743450336416319,38:0.7763955308403904,39:0.2240739648650114,40:0.703621533415147} with alpha 23.0 and beta 150.0, percentage 14.76510067114094
The arm 13 has vector {0:0.774727268876426,1:0.12424284554639253,2:0.9098848874200554,3:0.09206515751972721,4:0.9448217038912156,5:0.7214770126930103,6:0.7537084976964702,7:0.30265221439083023,8:0.3032815828101624,9:0.18468117735222922,10:0.5408589487436863,11:0.8359963331758552,12:0.17722126223313095,13:0.3686226402394358,14:0.6454040264979191,15:0.9593950702098026,16:0.3901647880407939,17:0.36868542816866423,18:0.7508216254098351,19:0.8515999556452563,20:0.4676855014666119,21:0.9398401070111048,22:0.40217801860124247,23:0.4358379750302974,24:0.4808517003270246,25:0.15825898142678096,26:0.6775922400553103,27:0.33497717068554456,28:0.21427763862972293,29:0.7986487523373185,30:0.27083466343471585,31:0.9992643880791493,32:0.376167625669369,33:0.6559967644320627,34:0.1132980874747267,35:0.36179912418661475,36:0.9353023765973154,37:0.3010687365768321,38:0.6361347498561227,39:0.19719730514393152,40:0.3176179902581955} with alpha 6.0 and beta 64.0, percentage 7.936507936507936
The arm 14 has vector {0:0.9768564515569936,1:0.07820713945567903,2:0.1749879078970933,3:0.09687866203585171,4:0.5625464799375021,5:0.5990135226310357,6:0.019857281277939176,7:0.34204295809701546,8:0.16628008066466393,9:0.7457718502938145,10:0.43527393166174844,11:0.3009502810618525,12:0.2432507567691865,13:0.7591714831101078,14:0.13694114529513635,15:0.8168578402215033,16:0.859329376402081,17:0.6390098818196732,18:0.8944764161524317,19:0.6597704896285113,20:0.22707042903249175,21:0.9523089746924033,22:0.24146981344043206,23:0.04463662222484943,24:0.9890255950392144,25:0.9042972215959698,26:0.966206032640204,27:0.25331255575657674,28:0.17872146657224863,29:0.004820087852858035,30:0.02514873702701459,31:0.12565974646710976,32:0.7864727979412955,33:0.1773780686074351,34:0.7388515127782268,35:0.11325324212133259,36:0.5797913257337166,37:0.5698454611889698,38:0.5473956555850699,39:0.2733820263963501,40:0.23731069867881383} with alpha 6.0 and beta 66.0, percentage 7.6923076923076925
The arm 15 has vector {0:0.6573362213103461,1:0.4994434862916267,2:0.019954651579583427,3:0.9632388782011253,4:0.34525061272504465,5:0.008091006053634442,6:0.5294209741761715,7:0.09775183686277189,8:0.45830381330747794,9:0.21648479787249886,10:0.5676815789118006,11:0.56285712073572,12:0.6961045197049393,13:0.34238814724977795,14:0.6242793479420403,15:0.21858744371661487,16:0.4613436516346412,17:0.02604503692386395,18:0.08918026312293992,19:0.3508710505447672,20:0.5552446569746343,21:0.09035533946885199,22:0.04766316425603345,23:0.06201049263430336,24:0.3798164036200845,25:0.5243554414951007,26:0.7908923035539726,27:0.608501093749309,28:0.661279657678455,29:0.3413480664233196,30:0.47604533650194936,31:0.9566659063632263,32:0.761228180140372,33:0.5846644657082519,34:0.8127354678451421,35:0.19903720309538508,36:0.36866445919673596,37:0.28582817555805584,38:0.8119881241679616,39:0.9894814899800914,40:0.260252455759886} with alpha 17.0 and beta 116.0, percentage 13.91304347826087
The arm 16 has vector {0:0.16659480476163757,1:0.31781094964101975,2:0.5331799783697535,3:0.3616381690249566,4:0.5639874033333688,5:0.6948331769916498,6:0.06375577875748706,7:0.015512953346669911,8:0.5083044488708417,9:0.2618507601970378,10:0.36309054563351584,11:0.1438137390436368,12:0.9609462485579183,13:0.30890333429193095,14:0.8392853884169811,15:0.21916872301489532,16:0.4383963341685293,17:0.42689831373093967,18:0.22385312007010016,19:0.978147195148686,20:0.5031040726764809,21:0.7502292017844044,22:0.468559974003684,23:0.03906131806408797,24:0.061099856958959364,25:0.2909261957568059,26:0.6917465534289293,27:0.12123876967285996,28:0.0425623600599041,29:0.3809409150389602,30:0.21933175377366232,31:0.9781343508485321,32:0.050921549518133546,33:0.2978834266089133,34:0.0267934794601421,35:0.8880902174251878,36:0.4022019902892713,37:0.5702808795960427,38:0.48436784268261557,39:0.6954303707502797,40:0.35755956024188473} with alpha 30.0 and beta 172.0, percentage 16.95906432748538
The arm 17 has vector {0:0.3911064687815289,1:0.8131567598196856,2:0.578745649840794,3:0.8802947665614229,4:0.9781857917437908,5:0.481937208220248,6:0.427474293641387,7:0.7822680246181138,8:0.0995449994036367,9:0.23089916866047355,10:0.3453793933289181,11:0.4650322734517649,12:0.4941650281711377,13:0.3744283489704179,14:0.7036311402398314,15:0.29330240351473025,16:0.647043581191416,17:0.7792425943682191,18:0.9845314863139089,19:0.635555671921933,20:0.749565728259984,21:0.953348864244851,22:0.3079713297609321,23:0.5608032648391243,24:0.7355101888178175,25:0.7791455111595132,26:0.4231494480731106,27:0.10984760466949695,28:0.3483113522184107,29:0.5625652532265538,30:0.6608389627861734,31:0.020937062533584294,32:0.10142199766730675,33:0.7089571062663853,34:0.9521503491643223,35:0.7751617066427617,36:0.28895364129085166,37:0.6970098832166323,38:0.5548879560649647,39:0.45840977181513143,40:0.35245870176005234} with alpha 13.0 and beta 102.0, percentage 11.881188118811881
The arm 18 has vector {0:0.9414900824716417,1:0.5407189509788402,2:0.8501637493189871,3:0.33554367520780937,4:0.9664165867630905,5:0.7832281075576948,6:0.9021459747153671,7:0.7066383542906807,8:0.7002369401515753,9:0.41682795290480645,10:0.2753659432218337,11:0.7894630096194047,12:0.3176658399124709,13:0.15879926105615216,14:0.7496651467408157,15:0.9669274328710075,16:0.9412772845449165,17:0.31761571909602426,18:0.5366885652502458,19:0.5422070354470617,20:0.5421530840800117,21:0.09320335215494657,22:0.4784150122248211,23:0.5137560504517923,24:0.023743972756793297,25:0.7016914120387509,26:0.7100760693147053,27:0.15124931048206314,28:0.5177940270467559,29:0.8979437150439689,30:0.8803559811810193,31:0.21851421183266506,32:0.03537272941623926,33:0.5251977305751371,34:0.8121836611583862,35:0.2853784592535912,36:0.8022520458809401,37:0.2659612244357783,38:0.4047976875311424,39:0.10282285782288758,40:0.3034031894739594} with alpha 13.0 and beta 98.0, percentage 12.371134020618557
The arm 19 has vector {0:0.9204518975737991,1:0.8662230553635923,2:0.9257705690590745,3:0.0037879661011956944,4:0.7041301079231618,5:0.14440683481998096,6:0.5342847719092461,7:0.9368624544152655,8:0.5065340851023991,9:0.28944607241537357,10:0.6176180250977876,11:0.08090223016620601,12:0.6833661129262306,13:0.7498323066651761,14:0.868645778405128,15:0.351325170581108,16:0.441926977884437,17:0.4577852770829992,18:0.4763136655255119,19:0.878094304843008,20:0.3273590031656236,21:0.6203060390782745,22:0.8123012268487602,23:0.9400461064335167,24:0.3890032886971698,25:0.2126271143199574,26:0.15095977167225216,27:0.28549288147738705,28:0.4546583242479282,29:0.32974893148315976,30:0.6930117403572083,31:0.11422088360882643,32:0.3486143378574674,33:0.7896571412203887,34:0.5386454197956086,35:0.39780722221695786,36:0.25035515780597184,37:0.3820024722691612,38:0.031826147178180886,39:0.10712119096186756,40:0.8423727926631918} with alpha 13.0 and beta 102.0, percentage 11.881188118811881
The arm 20 has vector {0:0.620629759694282,1:0.9792914946914211,2:0.6063214081704124,3:0.9007473225775975,4:0.598481205157625,5:0.9278043480111559,6:0.8400809124136811,7:0.2581311817831654,8:0.5483357057615867,9:0.058586977132234375,10:0.5927161688879568,11:0.8508348055767244,12:0.3579995195141076,13:0.36652068322680176,14:0.9703086223755246,15:0.27281793081816397,16:0.07293259707054522,17:0.7092147543505203,18:0.06497125833879214,19:0.9425597976146999,20:0.011660816739932578,21:0.45261914403909764,22:0.14923130582287747,23:0.1887266569563536,24:0.9594031730852867,25:0.9816837027019139,26:0.5148997268866639,27:0.31023510709203694,28:0.36655931967780075,29:0.73336890940084,30:0.31662155202071307,31:0.09579667626237676,32:0.3682915197103107,33:0.23154383219532293,34:0.6613548475635121,35:0.756687709399971,36:0.6664497460959652,37:0.6621096973869681,38:0.8170480084814598,39:0.6082741170656679,40:0.6167884110588795} with alpha 8.0 and beta 72.0, percentage 9.859154929577464
The arm 21 has vector {0:0.9876515250315713,1:0.8951184434715576,2:0.7993756674483417,3:0.9807287931885929,4:0.5488094339644538,5:0.9078828360573067,6:0.8830007425364772,7:0.5455890495361899,8:0.8231314896570087,9:0.06274555571316498,10:0.3394373793829695,11:0.6913063533524803,12:0.27321175457476743,13:0.9205997852177028,14:0.7322806198189183,15:0.15453652505198257,16:0.8118683278739854,17:0.4248728408648448,18:0.469682229227651,19:0.8026287382118394,20:0.8599546833949114,21:0.6311421529099708,22:0.5557376952396349,23:0.7781623507133926,24:0.12668906832783877,25:0.9408747847838367,26:0.6401835520915764,27:0.9326416646354719,28:0.15449420508731693,29:0.27129879665548895,30:0.9816501149348965,31:0.7731663493986757,32:0.8149569656383322,33:0.901480884749606,34:0.1966120710761774,35:0.2100969817341356,36:0.025387348171647228,37:0.8744512811920245,38:0.12492382197866592,39:0.0774618365610803,40:0.3459897680135081} with alpha 31.0 and beta 195.0, percentage 15.463917525773196
The arm 22 has vector {0:0.03197393614574717,1:0.17040463886487467,2:0.2771711189696874,3:0.036480865003371,4:0.18141228616680738,5:0.9177296048085243,6:0.08724117498117967,7:0.07817963503846193,8:0.7940912841427972,9:0.07722343484682015,10:0.2306627599603155,11:0.47560158121189733,12:0.2718776116949514,13:0.05011056148214976,14:0.590833121075757,15:0.3838933681308119,16:0.20359984405348275,17:0.8478049009321627,18:0.8786570090657979,19:0.7851954978718126,20:0.8914269731820387,21:0.6318269322640497,22:0.6892419007987881,23:0.6989028098019973,24:0.22468254794913445,25:0.14051917689935445,26:0.3473324730683667,27:0.40994172020212616,28:0.7385343706436726,29:0.16002251862472294,30:0.7273849386994907,31:0.4624711312125783,32:0.03138810604309905,33:0.23010919140310282,34:0.8277231496923171,35:0.6238012079215453,36:0.54720016250079,37:0.9164807861897899,38:0.7775237012951363,39:0.30233094765032775,40:0.8588256124468132} with alpha 13.0 and beta 101.0, percentage 12.0
The arm 23 has vector {0:0.6231526042794235,1:0.2740631156513472,2:0.055919050319997665,3:0.5652802723572572,4:0.38437810807835593,5:0.7811327807238517,6:0.36813344742783427,7:0.6483737117672597,8:0.1490485600887258,9:0.9303252191850451,10:0.7919371159583887,11:0.3092494343803913,12:0.9324051275089092,13:0.09342139581762843,14:0.2576338219407258,15:0.08373513017955969,16:0.4464018853282766,17:0.5873097444056894,18:0.7653049157720008,19:0.4566219532635817,20:0.5183461811280726,21:0.1692987534780671,22:0.4200452038052407,23:0.20356047684394196,24:0.23131846771004072,25:0.1986156750330299,26:0.717572899146315,27:0.9225106540220668,28:0.7926272588527596,29:0.48648590052796725,30:0.572340959223738,31:0.34214803249939285,32:0.3127606473069585,33:0.7434909695740372,34:0.4292573736567481,35:0.6999485520927894,36:0.2733583719572975,37:0.19186627010788027,38:0.3034936439788999,39:0.6947381562463983,40:0.137690929493413} with alpha 30.0 and beta 199.0, percentage 14.646464646464647
The arm 24 has vector {0:0.4716368942924314,1:0.30430251968514865,2:0.8696787281160082,3:0.7789637016537043,4:0.6322675086836853,5:0.8258959882547264,6:0.5782330774449198,7:0.7168713650538361,8:0.24877518251589914,9:0.811864150202748,10:0.6044922836842889,11:0.5618434243625882,12:0.017690671145944803,13:0.4289460491703837,14:0.8161780464846924,15:0.34495827689317227,16:0.8515620066433219,17:0.690060845537656,18:0.4357315579974359,19:0.2007052424106327,20:0.4781322041965159,21:0.887676137860694,22:0.03902753333446929,23:0.46726594967491386,24:0.440431731640301,25:0.9757768663356121,26:0.11562755050502638,27:0.5865127811191174,28:0.7003223004121051,29:0.08291612198590703,30:0.2372343782590578,31:0.8227075346436146,32:0.797448995299834,33:0.21704802428194647,34:0.8377910861280153,35:0.8487525152389978,36:0.14081508008386867,37:0.21563766196433976,38:0.9458526239891591,39:0.06891982431356025,40:0.3874718000300995} with alpha 11.0 and beta 89.0, percentage 11.363636363636363
The arm 25 has vector {0:0.20441795420275022,1:0.20046193801904721,2:0.8350731137559527,3:0.5875673920374203,4:0.9528613023024907,5:0.4399789294371915,6:0.42744898599326475,7:0.22368226150509662,8:0.6437688400772358,9:0.5380576213149818,10:0.044387201981269664,11:0.9880539591907049,12:0.37105033519338704,13:0.04557059938753072,14:0.4238068834868549,15:0.10046521164269262,16:0.04929624250173692,17:0.13543687993592501,18:0.6313516761554104,19:0.3354090199343136,20:0.24950023671905108,21:0.9643442950935178,22:0.1826178483237989,23:0.566490735336489,24:0.32053570794101605,25:0.9579919096243329,26:0.09941927480156254,27:0.2813171982634106,28:0.761065346929552,29:0.22204193784362491,30:0.2891235279350185,31:0.7868122928281708,32:0.7869096561547491,33:0.4729006075508474,34:0.5632591590281101,35:0.24285306744080082,36:0.4040652141668465,37:0.09191849068636315,38:0.03482249584099284,39:0.9997493236389942,40:0.5682130641300518} with alpha 1.0 and beta 29.0, percentage 0.0
The arm 26 has vector {0:0.8608096183151404,1:0.298316578900913,2:0.7256365860394371,3:0.7433463367209352,4:0.9500055975707009,5:0.7672499410999868,6:0.7293523645377206,7:0.05627358846413688,8:0.8872508328099136,9:0.6449953155724698,10:0.013555757512492939,11:0.49513468427871743,12:0.7055418291381635,13:0.27437721425460493,14:0.1559653125799132,15:0.6471477491825391,16:0.7177352002075706,17:0.7861782298490246,18:0.15306209224467549,19:0.8274180995571431,20:0.3521828571091119,21:0.854068058631809,22:0.5290186858314708,23:0.6069025098306217,24:0.9379303969029695,25:0.6872074316319275,26:0.4471313135800652,27:0.8236441439967739,28:0.6459649188665014,29:0.6105292537627487,30:0.26138940836191404,31:0.7698310635823464,32:0.9019902273042886,33:0.458270835867836,34:0.12602665879327835,35:0.9353149352998832,36:0.06493059230455944,37:0.18691933147779027,38:0.9658969051886648,39:0.08818923835214121,40:0.31281458586898214} with alpha 5.0 and beta 54.0, percentage 7.547169811320755
The arm 27 has vector {0:0.7627629428338768,1:0.9993118949815336,2:0.9951534345996771,3:0.0027512455611206077,4:0.6186740416570892,5:0.8139996883192822,6:0.4562341894044719,7:0.7809624200117572,8:0.3070004472339354,9:0.5072511296838275,10:0.726096479649314,11:0.24972846864739684,12:0.04885553294239209,13:0.06623227912051388,14:0.2016941813627392,15:0.5943191768432889,16:0.25469309183300226,17:0.8996371533772024,18:0.1334760303971111,19:0.2967614489351603,20:0.1401752685982387,21:0.21697219105935828,22:0.5501712552454586,23:0.38964262488682344,24:0.19770517602968563,25:0.8727291035283232,26:0.9986493032790442,27:0.22318966940515927,28:0.7415832011732305,29:0.888678882109562,30:0.0617680568127662,31:0.5945994597959436,32:0.7664878266354841,33:0.19298158168200075,34:0.3378925287288368,35:0.050671876386116366,36:0.6469906493136868,37:0.2662661003685094,38:0.8917051960011726,39:0.5635686881383486,40:0.7243139274517642} with alpha 9.0 and beta 75.0, percentage 10.81081081081081
The arm 28 has vector {0:0.7192011983474018,1:0.20673934694557905,2:0.9085506518837276,3:0.8783381173636036,4:0.22759013496955416,5:0.016474231857483645,6:0.23967717045181747,7:0.43189560374204905,8:0.09039467709776583,9:0.17085889635043394,10:0.0052335128245593054,11:0.43016014153372517,12:0.5978165575676977,13:0.7641882404199624,14:0.6923637930678466,15:0.21338944666226012,16:0.6915257531103132,17:0.21468221641372143,18:0.4440566325362517,19:0.4345642139199356,20:0.6610241873482835,21:0.47556485602752085,22:0.8219063804959215,23:0.46380892613236757,24:0.4991965364345652,25:0.7375220969783419,26:0.3408238669725765,27:0.8513073563109829,28:0.018392714350997208,29:0.9212000086027237,30:0.4077428530496209,31:0.7617394165921823,32:0.8003831329822044,33:0.3080677580369755,34:0.3813336734342816,35:0.9429512385022638,36:0.9925808123156094,37:0.8051078144677242,38:0.10383504403619037,39:0.13448961919458025,40:0.9922627744357524} with alpha 17.0 and beta 126.0, percentage 12.8
The arm 29 has vector {0:0.7885828585009509,1:0.07163130092164027,2:0.41933116784548063,3:0.701786327525348,4:0.19223616698828794,5:0.8072109478235315,6:0.06855127721941068,7:0.2847011906541911,8:0.8529962771055799,9:0.7476746448887024,10:0.7231087958335221,11:0.6784816349165625,12:0.33048428051521384,13:0.02779364213722635,14:0.9585252633866247,15:0.1444209750331965,16:0.44271467236316064,17:0.7105112649884033,18:0.1722173555658194,19:0.5734551890444531,20:0.8769868272169961,21:0.6636406873990178,22:0.5998067575960428,23:0.4393300962981431,24:0.6633242150802722,25:0.13523524645312723,26:0.3228756124319224,27:0.29610041242467766,28:0.4195653106306648,29:0.12065121199470974,30:0.6480435077299896,31:0.42479209625233527,32:0.7633921576636542,33:0.8899301648614648,34:0.8910222673757255,35:0.9234408333459584,36:0.31085370315842853,37:0.8009894125862119,38:0.07731002023050426,39:0.20795663184336644,40:0.9651472556556441} with alpha 34.0 and beta 204.0, percentage 16.25615763546798
The arm 30 has vector {0:0.06431302262076066,1:0.9310560363180762,2:0.4140709957386166,3:0.03988484058380459,4:0.6871415470817956,5:0.3394965576474902,6:0.7137529579138762,7:0.9108761040155757,8:0.801761624757814,9:0.4308244568254094,10:0.9002222494166878,11:0.09081013659882764,12:0.5372916118206672,13:0.6807602832788383,14:0.9980738413246254,15:0.17193733922298715,16:0.1281078860249083,17:0.3372439574220769,18:0.9244313005507949,19:0.3592076383818269,20:0.6178880815955762,21:0.7180371094856198,22:0.5445250298681434,23:0.960584635322222,24:0.8633608477045049,25:0.49752539167824894,26:0.66343473690989,27:0.9867191959198635,28:0.018843904081071283,29:0.8816705408303703,30:0.042951355772207545,31:0.33991091046226185,32:0.2639177801288157,33:0.9316296417004591,34:0.9203590341925915,35:0.6774685767594658,36:0.0947975075994133,37:0.1770053744055552,38:0.2787805355156979,39:0.8764161593831606,40:0.5549994083726153} with alpha 51.0 and beta 294.0, percentage 17.064846416382252
The arm 31 has vector {0:0.5003817112968304,1:0.43947157339356013,2:0.9614575692048555,3:0.8432135027273637,4:0.5349139291375017,5:0.2377851600958728,6:0.5400289864712259,7:0.019172642527998884,8:0.4969991624197383,9:0.6851844097148031,10:0.6726694022903175,11:0.6376431104075437,12:0.4810477157385369,13:0.03872961957496868,14:0.5704561102695408,15:0.967749162878204,16:0.061108509553101875,17:0.8643779075700221,18:0.17377508246369888,19:0.39116383456192316,20:0.2206462589275704,21:0.12535543980679753,22:0.18094574172713285,23:0.9366279732124665,24:0.7958968442759973,25:0.05452086611735241,26:0.3179267756989739,27:0.8605437085366547,28:0.5060900390444152,29:0.5420765016318185,30:0.4166343998535109,31:0.047556132791667816,32:0.10081344315627849,33:0.8222543449141727,34:0.5580051277865793,35:0.39930647594349145,36:0.825804756022159,37:0.28418404482652593,38:0.11598774165686776,39:0.7778843584595083,40:0.2154744146001052} with alpha 10.0 and beta 85.0, percentage 10.714285714285714
The arm 32 has vector {0:0.9539817308695894,1:0.9431490624771341,2:0.6223428738159399,3:0.6801896764174002,4:0.998009291664774,5:0.6925559136721733,6:0.6547883670982779,7:0.8952680506934078,8:0.06857082744536858,9:0.3598675193762585,10:0.9397739517878916,11:0.5847505023908489,12:0.5221012023007781,13:0.6899386068925637,14:0.7953864487830907,15:0.7135437551443649,16:0.2933738361711765,17:0.7560831892933597,18:0.7879394321925519,19:0.14099005712587442,20:0.3569292655242666,21:0.1467780410264823,22:0.46945700152216996,23:0.4385205378603201,24:0.24607378988182171,25:0.3411418346314897,26:0.516604360360555,27:0.23393320107200688,28:0.4598426684750778,29:0.5957999734407352,30:0.6121124897357313,31:0.39788708584839283,32:0.8733657356497203,33:0.19215615877972347,34:0.23032711186900967,35:0.11584831021361863,36:0.015161315372949735,37:0.4431599280680295,38:0.3804078265540034,39:0.501603396475974,40:0.13296217169250557} with alpha 54.0 and beta 290.0, percentage 18.33910034602076
The arm 33 has vector {0:0.7944625950839492,1:0.9402806576942503,2:0.43768495326016865,3:0.42359679547871454,4:0.7657811877285946,5:0.031197923837962382,6:0.8751282837906385,7:0.817749962018516,8:0.5021062263440449,9:0.9915702246250563,10:0.7179215877370848,11:0.2691515778245841,12:0.7029022723628678,13:0.9051779226578224,14:0.07253459192888811,15:0.9672611284532285,16:0.043459364500296416,17:0.09128220404808607,18:0.35571293725284403,19:0.533150896509015,20:0.8775481703472678,21:0.49944814850675545,22:0.0779673223247509,23:0.5661826398632355,24:0.13068522735920174,25:0.12020459260027516,26:0.17920758121802238,27:0.13123257080707507,28:0.4203303092576194,29:0.24462491050416424,30:0.9455894700538423,31:0.40493509546952733,32:0.27685446480666265,33:0.12626926113903836,34:0.8330379238708735,35:0.6089099449817603,36:0.8197367139635718,37:0.8403264712564094,38:0.8467721101201576,39:0.035631155469925124,40:0.793305807791474} with alpha 3.0 and beta 42.0, percentage 4.878048780487805
The arm 34 has vector {0:0.8704375738463531,1:0.7844305193855043,2:5.907960744215845E-4,3:0.7280000041844709,4:0.8471808747257604,5:0.35540361917156016,6:0.5968061471390103,7:0.8494670357725027,8:0.9382307080079103,9:0.3566481660599855,10:0.16376451073210352,11:0.4312836863643884,12:0.8097176113088671,13:0.5350381360844941,14:0.5635338832718324,15:0.6204970606900153,16:0.4861891378660894,17:0.9089814982951143,18:0.13447846600916225,19:0.862687862983819,20:0.4031590885832549,21:0.6325439221945697,22:0.3711516093976429,23:0.10814604916582016,24:0.5740910901898334,25:0.5242806178676472,26:0.9619786536485425,27:0.015227163071464211,28:0.050715936245401494,29:0.18371561826677363,30:0.43553401373206924,31:0.3109301388888702,32:0.06883228966543375,33:0.4378621575470194,34:0.6353476968374291,35:0.8183573066296702,36:0.7790595370778359,37:0.4698919193751381,38:0.8360332725809335,39:0.43015375541807965,40:0.6760403279227295} with alpha 26.0 and beta 164.0, percentage 15.337423312883436
The arm 35 has vector {0:0.26038739376555653,1:0.3985241754481801,2:0.5512685397686952,3:0.7742108584799821,4:0.13873349309937144,5:0.14729088113834188,6:0.2924973282643569,7:0.8974630622310111,8:0.3691749891155355,9:0.32525010684723354,10:0.698129929770041,11:0.8009371660618644,12:0.5389419897649503,13:0.5834211834909575,14:0.5907649844859494,15:0.5151318593048794,16:0.6599069943337678,17:0.8970607014328132,18:0.2974066705889187,19:0.7086323216469724,20:0.2727068907296315,21:0.9868619119356844,22:0.19925101813455703,23:0.37562307107989523,24:0.395995124078774,25:0.44759257828222543,26:0.7379176953495895,27:0.3880082259351062,28:0.7699213245975856,29:0.49004627592152794,30:0.7409734327099231,31:0.5698989589772244,32:0.7263209761497174,33:0.3760563165159597,34:0.8624939146133674,35:0.8024897007118158,36:0.6074552349869805,37:0.7082123031600407,38:0.08216678008021938,39:0.9874227570914725,40:0.4568784399363196} with alpha 9.0 and beta 84.0, percentage 9.63855421686747
The arm 36 has vector {0:0.15064283566557413,1:0.9915750022218778,2:0.25390243472255813,3:0.6945406961700827,4:0.9991006526034136,5:0.018063346398227487,6:0.8012096937444384,7:0.5869972136916688,8:0.20397428750809987,9:0.3849360541983806,10:0.7261851300638927,11:0.7828204732620362,12:0.6053608540926134,13:0.06030403634027737,14:0.3552122799852049,15:0.33465851185160234,16:0.3707819653838218,17:0.13572961403533967,18:0.26225515425121737,19:0.04532583027255033,20:0.28623781874963716,21:0.884684715770705,22:0.8491128331910109,23:0.8436721805300754,24:0.9649948886893985,25:0.5580191565734113,26:0.5456438355462111,27:0.8258377511378113,28:0.5471405960983564,29:0.320133999190348,30:0.035075634724942906,31:0.571537136445225,32:0.35457285760450963,33:0.8060243628143073,34:0.9979481003943516,35:0.5580658738549595,36:0.07992169728404053,37:0.5178315827508714,38:0.44200685394334016,39:0.5712472390012596,40:0.23609302575431945} with alpha 29.0 and beta 180.0, percentage 15.64245810055866
The arm 37 has vector {0:0.9943492168206858,1:0.27465888497509205,2:0.667431322656926,3:0.761423750424424,4:0.25181107820951865,5:0.53639577355788,6:0.9101272345296233,7:0.808584296828643,8:0.6370405306232862,9:0.3310357257537989,10:0.8285430359733805,11:0.9865541433663584,12:0.6450777986102962,13:0.32330651299739743,14:0.7310037961736645,15:0.6509071036580026,16:0.7868601874504596,17:0.5732932831408061,18:0.46456815977454813,19:0.35355493057430787,20:0.9401676667235394,21:0.6363055380382657,22:0.3871675655381486,23:0.7530256936716627,24:0.4250129316488076,25:0.19517415762525658,26:0.9201269230613598,27:0.32232737312278614,28:0.8158801659861914,29:0.7136010259600751,30:0.6760006544342583,31:0.03951824233795764,32:0.8479792472365868,33:0.38974131282086355,34:0.24152346488360577,35:0.9231146303890604,36:0.9412159076019632,37:0.2393329380803626,38:0.2571821914915936,39:0.610871928699821,40:0.7666649917789694} with alpha 2.0 and beta 37.0, percentage 2.7777777777777777
The arm 38 has vector {0:0.13634375241029473,1:0.08519883250147331,2:0.43676239877224543,3:0.9761308469712627,4:0.4431297289149929,5:0.4134034573054529,6:0.19219104662350084,7:0.7253918913273287,8:0.6552515564233717,9:0.3658362982417285,10:0.38173412122248873,11:0.7309179329850308,12:0.9832099722885177,13:0.02505681953642913,14:0.714743293212592,15:0.9545612894900859,16:0.4546913426318818,17:0.3915310316237449,18:0.488319062564743,19:0.5341475776590084,20:0.9343005611161911,21:0.9349804928574438,22:0.9766756385929061,23:0.8507387585608537,24:0.14531083518813748,25:0.664796267235065,26:0.6165845812438194,27:0.5119381873605514,28:0.13137532579247746,29:0.002005645133390188,30:0.21120684767005615,31:0.16273172946612913,32:0.12829109061016497,33:0.37215086300305456,34:0.27995165751654594,35:0.6816195472520802,36:0.837172447267361,37:0.2584041917374814,38:0.7446667323480551,39:0.6162700908873819,40:0.12902876938411512} with alpha 11.0 and beta 88.0, percentage 11.494252873563218
The arm 39 has vector {0:0.3867101605494656,1:0.8590205301561387,2:0.5596818090229786,3:0.6389385136261919,4:0.4740943356735462,5:0.6188736112294617,6:0.5772635095277623,7:0.26777928910286086,8:0.9074983216561934,9:0.05988159704967699,10:0.11551905538075746,11:0.30099889489285825,12:0.9047698900107239,13:0.5488624110084939,14:0.3517830123083512,15:0.6346551496610487,16:0.018635640335074477,17:0.8677647293847616,18:0.11296477613598166,19:0.5475496425584774,20:0.4252551971735955,21:0.044036249993997245,22:0.23436164727147346,23:0.7962110620292916,24:0.496361614327402,25:0.9347231447493348,26:0.707627772579883,27:0.3850243375680116,28:0.9043386432908265,29:0.14542199003990264,30:0.4640995349749161,31:0.7705630124851971,32:0.05113215180570552,33:0.9075324896910281,34:0.23210767142089817,35:0.8621354149178605,36:0.6661418062809532,37:0.018184632942101153,38:0.8320130136438522,39:0.15656412961482014,40:0.41537241395676594} with alpha 3.0 and beta 45.0, percentage 4.545454545454546
The arm 40 has vector {0:0.28026040421101617,1:0.10264868651735992,2:0.41982602183898843,3:0.6761054570364154,4:0.43210452149168876,5:0.3820651842462812,6:0.9448072949793753,7:0.603679519406585,8:0.37965794595653,9:0.8245778836578955,10:0.9530727512930878,11:0.2463509921715692,12:0.6699641283775324,13:0.22893481796538773,14:0.18734700674423954,15:0.4055304267680099,16:0.11368167259240214,17:0.23097356345376063,18:0.8157210389536415,19:0.5673643449091157,20:0.9848357189734389,21:0.2550576076980938,22:0.433274658913277,23:0.22750074655629382,24:0.6475575068351292,25:0.2731474021057939,26:0.957796701257201,27:0.7383098833324788,28:0.658114924258852,29:0.9062873835361698,30:0.8785960725844775,31:0.7822163873591239,32:0.050429541035412084,33:0.9871676584868367,34:0.40547316175882153,35:0.57362850924414,36:0.7170527352495513,37:0.7558994098372814,38:0.8693401890962826,39:0.40757921244356365,40:0.6860746975619267} with alpha 12.0 and beta 96.0, percentage 11.578947368421053
The arm 41 has vector {0:0.08569872750246088,1:0.503339389882867,2:0.9978046285461332,3:0.13798499896259142,4:0.3601303040519609,5:0.9282350774747155,6:0.38381658148382847,7:0.616247282852048,8:0.8657334944243669,9:0.07897802937035481,10:0.8236252768629009,11:0.7142449677256621,12:0.8886271862516243,13:0.3208670180526929,14:0.02084395724632848,15:0.35501298410367343,16:0.5069468315066761,17:0.09506787879725342,18:0.4449631850832908,19:0.5755013178591037,20:0.08162326303117284,21:0.9288243273563803,22:0.9507291523115612,23:0.30143314656964093,24:0.9699794915123523,25:0.4906754006989249,26:0.6972962785094251,27:0.9646577233603958,28:0.35732822548021015,29:0.7201748390917516,30:0.47482843827207044,31:0.8025304665068868,32:0.6868454614231465,33:0.16630414745859734,34:0.2026269006166026,35:0.33208486240583757,36:0.9316175018073617,37:0.43995346742947017,38:0.4219450645272398,39:0.9418471373059281,40:0.26542462222905217} with alpha 19.0 and beta 130.0, percentage 13.953488372093023
The arm 42 has vector {0:0.979007754822056,1:0.948475947634978,2:0.9483953359937878,3:0.09563595463427155,4:0.9296074625104667,5:0.9379408909204281,6:0.3208929596884438,7:0.20740297681481445,8:0.5612847109007152,9:0.4016211497259441,10:0.17135803507452552,11:0.8724948622024374,12:0.24375859847587655,13:0.9172092957363485,14:0.05037435370611787,15:0.24933103763905162,16:0.44057794701947794,17:0.038126635108367224,18:0.7387510779683197,19:0.35472116607233617,20:0.13900093055335572,21:0.8849963903401544,22:0.3464752887295881,23:0.055241479249787395,24:0.6354127311357227,25:0.6739282449381213,26:0.37091302462283904,27:0.07965044221835305,28:0.03422186344429068,29:0.1317532046299421,30:0.8024799143124111,31:0.2808327522061792,32:0.46243264119259353,33:0.17726426402898499,34:0.21980925724907707,35:0.905752839388569,36:0.15381233693667618,37:0.22914387793061441,38:0.592653773352243,39:0.35533246627019177,40:0.5104478350595625} with alpha 38.0 and beta 227.0, percentage 16.371681415929203
The arm 43 has vector {0:0.846945517769484,1:0.43392020950471166,2:0.9567568812762312,3:0.7865269248250434,4:0.38775178877871064,5:0.834078700106497,6:0.2709918183475395,7:0.3414407503326172,8:0.826940513530457,9:0.5385269718666256,10:0.02719523410471636,11:0.5172579171132854,12:0.950079118798671,13:0.23765889987102584,14:0.8058734291820248,15:0.6051776595812568,16:0.35430670339285475,17:0.21635017314301697,18:0.14243713041214212,19:0.07136971058816555,20:0.9500801273649051,21:0.3395405418066447,22:0.830858828214849,23:0.4471156611330772,24:0.11859235799680268,25:0.6848240749656099,26:0.45176776962299814,27:0.8741577045693109,28:0.6801174792543644,29:0.4946645617528116,30:0.47957118876407756,31:0.8515477246538021,32:0.26717417874926774,33:0.5071659353186859,34:0.721095199005373,35:0.22405708579574235,36:0.15312353585249838,37:0.6906675279974442,38:0.4352656513663792,39:0.18674842512114964,40:0.7438466737698671} with alpha 9.0 and beta 75.0, percentage 10.81081081081081
The arm 44 has vector {0:0.9905360864725389,1:0.2072548618534369,2:0.40926849094774365,3:0.025576192581124424,4:0.35020153404996235,5:0.7673730748803993,6:0.7387807573394334,7:0.013140957828523092,8:0.41972204245419453,9:0.7570290066053661,10:0.479159825451588,11:0.41773484837811337,12:0.6430777570673307,13:0.018518796278730543,14:0.9694293039033203,15:0.5148254645343885,16:0.1117834169444063,17:0.3036483050633809,18:0.6051107476283722,19:0.9445581477863203,20:0.6026574650723797,21:0.1151085777810339,22:0.4764300383957901,23:0.3140648559714331,24:0.6692273125223138,25:0.18387736358402462,26:0.40220531767423406,27:0.34433800773530143,28:0.4185094342904544,29:0.2208896862032026,30:0.5932993970394841,31:0.3071940240163553,32:0.23496787838549593,33:0.636735183480932,34:0.3447669122935886,35:0.5282391134189013,36:0.41062232645454577,37:0.14693244785274562,38:0.6100336338929401,39:0.6800312707756584,40:0.051382243024143404} with alpha 21.0 and beta 145.0, percentage 13.88888888888889
The arm 45 has vector {0:0.666289123214961,1:0.8362450462560133,2:0.9867740768923013,3:0.36747769953139586,4:0.2264098205117847,5:0.7184996932064383,6:0.5810843677228708,7:0.38126011174844265,8:0.19626238153774467,9:0.22864772926104904,10:0.2894136920401864,11:0.4006290037355935,12:0.2547166209877513,13:0.929585836857726,14:0.11106189115558396,15:0.6873033655706452,16:0.458195557974295,17:0.8862938877580591,18:0.0459036267473899,19:0.8977472321593081,20:0.6266491787063451,21:0.6798399937391203,22:0.8809805632244202,23:0.5259094904771241,24:0.036305563203548274,25:0.036082874503690965,26:0.22414809222821785,27:0.018628833524143906,28:0.5262000122152496,29:0.2174492476023846,30:0.1962696521831846,31:0.20472886201559692,32:0.8969700908322573,33:0.681797795175736,34:0.424740249214441,35:0.274864397340737,36:0.8117859282531189,37:0.8636916715282488,38:0.601484970574925,39:0.24826875704142304,40:0.5974010127342385} with alpha 6.0 and beta 63.0, percentage 8.064516129032258
The arm 46 has vector {0:0.6092314809379211,1:0.7156230807439331,2:0.4445816235868788,3:0.9331785985076069,4:0.1313245193362289,5:0.21205132648680936,6:0.3367022960818743,7:0.8679042252876465,8:0.1041033039912087,9:0.34586425273068755,10:0.6015279621862668,11:0.9070792810741601,12:0.22499687873184127,13:0.8529709162865808,14:0.8650901131477392,15:0.3271503181342307,16:0.28405732985340393,17:0.6044902735360297,18:0.1458805038257407,19:0.5743903034732979,20:0.8963667418216708,21:0.6193790389360083,22:0.7876128753793963,23:0.6049543274227435,24:0.4649276757369012,25:0.0633327528199904,26:0.2394640970757823,27:0.24935490985730002,28:0.8773948753271278,29:0.24215058628070696,30:0.2410975303318309,31:0.15303492038997946,32:0.603130152682578,33:0.5056895774477185,34:0.1650628312176987,35:0.936860843370098,36:0.5499830447259298,37:0.9607296179866237,38:0.6011149347790775,39:0.9049502246039857,40:0.784019542770628} with alpha 36.0 and beta 206.0, percentage 17.073170731707318
The arm 47 has vector {0:0.534810338950459,1:0.5098782881856772,2:0.9286348757941464,3:0.8965318507826412,4:0.9672027661083433,5:0.9266906926578579,6:0.1746238098499291,7:0.8049245484568068,8:0.39306916748591847,9:0.6872510642240479,10:0.18770594388514605,11:0.04078190832635731,12:0.7718743886755649,13:0.4312584955013573,14:0.8246350366159799,15:0.6987482683598523,16:0.7864958218649959,17:0.4886906857907767,18:0.6598343036361352,19:0.8806479234943075,20:0.5082091733453821,21:0.6147131840485951,22:0.21426597341298714,23:0.1298375884671209,24:0.6054179798647814,25:0.3552992140019958,26:0.45072931598471666,27:0.6997311518252897,28:0.596090150684966,29:0.4090435169898782,30:0.952396590116013,31:0.10349688671272417,32:0.22035037449854622,33:0.975049535599647,34:0.9579130514859613,35:0.5723825463813937,36:0.4605301655997268,37:0.02052887749497767,38:0.8725029138817172,39:0.7834541714507486,40:0.5516120070812146} with alpha 40.0 and beta 238.0, percentage 16.455696202531644
The arm 48 has vector {0:0.7564424783188136,1:0.2844383281854137,2:0.39129508861777196,3:0.6815655346746319,4:0.9597105076032213,5:0.9506756203076666,6:0.03733348882262277,7:0.018025160974609378,8:0.5074753338084442,9:6.797803226401555E-4,10:0.09033693063418802,11:0.5699641900369131,12:0.9038175478376022,13:0.369447478595497,14:0.43407404192873866,15:0.6258673523773215,16:0.6419944437157602,17:0.6320875249038591,18:0.018643100061585205,19:0.819167470212469,20:0.4157144296858408,21:0.9727527813975548,22:0.14414508937072046,23:0.6681684906370702,24:0.4374648042914131,25:0.42114916830297777,26:0.4266734844993576,27:0.6716771812204344,28:0.80210373875352,29:0.32999886285673563,30:0.8880456508286106,31:0.9236783724451608,32:0.046332302685309856,33:0.827201449645423,34:0.2678178820289989,35:0.9490434934358797,36:0.5206272303691306,37:0.383440336712642,38:0.6016599601112188,39:0.04062302492251457,40:0.6762930178756485} with alpha 10.0 and beta 84.0, percentage 10.843373493975903
The arm 49 has vector {0:0.13895049177595986,1:0.10310954831030417,2:0.8030269154233391,3:0.7786012874515215,4:0.5047981819992209,5:0.6147177630460927,6:0.9276272740895217,7:0.8608226787596278,8:0.9406963445908743,9:0.2617815638623451,10:0.3211998976696546,11:0.1363561456982182,12:0.9426219939029024,13:0.8520450207467737,14:0.23446295117431093,15:0.5545326367145134,16:0.12983931523780534,17:0.379253664203668,18:0.5676810821744619,19:0.8414655070330824,20:0.19718603267807255,21:0.155259655895589,22:0.35963200192080236,23:0.06323047716423913,24:0.7210884683073172,25:0.22330702748945153,26:0.9576982012583571,27:0.933319159457362,28:0.5613893633512742,29:0.9246642427989282,30:0.3660869415969622,31:0.11406092007105018,32:0.75905166949814,33:0.4828588278433422,34:0.7045803122743743,35:0.30568077107223635,36:0.3718155831569331,37:0.9274353744653897,38:0.5590965229903321,39:0.8144722065816196,40:0.7189597323825269} with alpha 2.0 and beta 32.0, percentage 3.225806451612903
The best arm is 32 with vector {0:0.9539817308695894,1:0.9431490624771341,2:0.6223428738159399,3:0.6801896764174002,4:0.998009291664774,5:0.6925559136721733,6:0.6547883670982779,7:0.8952680506934078,8:0.06857082744536858,9:0.3598675193762585,10:0.9397739517878916,11:0.5847505023908489,12:0.5221012023007781,13:0.6899386068925637,14:0.7953864487830907,15:0.7135437551443649,16:0.2933738361711765,17:0.7560831892933597,18:0.7879394321925519,19:0.14099005712587442,20:0.3569292655242666,21:0.1467780410264823,22:0.46945700152216996,23:0.4385205378603201,24:0.24607378988182171,25:0.3411418346314897,26:0.516604360360555,27:0.23393320107200688,28:0.4598426684750778,29:0.5957999734407352,30:0.6121124897357313,31:0.39788708584839283,32:0.8733657356497203,33:0.19215615877972347,34:0.23032711186900967,35:0.11584831021361863,36:0.015161315372949735,37:0.4431599280680295,38:0.3804078265540034,39:0.501603396475974,40:0.13296217169250557} with alpha 54.0 and beta 290.0, percentage 18.33910034602076
The right guesses are: 846 which means 13.794227947171041% correct
Done
The current arm is 32 with vector {0:0.9539817308695894,1:0.9431490624771341,2:0.6223428738159399,3:0.6801896764174002,4:0.998009291664774,5:0.6925559136721733,6:0.6547883670982779,7:0.8952680506934078,8:0.06857082744536858,9:0.3598675193762585,10:0.9397739517878916,11:0.5847505023908489,12:0.5221012023007781,13:0.6899386068925637,14:0.7953864487830907,15:0.7135437551443649,16:0.2933738361711765,17:0.7560831892933597,18:0.7879394321925519,19:0.14099005712587442,20:0.3569292655242666,21:0.1467780410264823,22:0.46945700152216996,23:0.4385205378603201,24:0.24607378988182171,25:0.3411418346314897,26:0.516604360360555,27:0.23393320107200688,28:0.4598426684750778,29:0.5957999734407352,30:0.6121124897357313,31:0.39788708584839283,32:0.8733657356497203,33:0.19215615877972347,34:0.23032711186900967,35:0.11584831021361863,36:0.015161315372949735,37:0.4431599280680295,38:0.3804078265540034,39:0.501603396475974,40:0.13296217169250557} with alpha 81.0 and beta 663.0
The order information:
Date: 2012-05-09T17:07:05.000+02:00
It predicted these items for order 1778911 :
   31560 with score of 1118.0463068299377
   752 with score of 483.88846343005537
   27900 with score of 421.66944381237903
   748 with score of 377.0556216321698
   20430 with score of 374.9717240159828
   5003 with score of 329.7130358627046
   21714 with score of 319.6927754125266
   11832 with score of 305.5511729414485
   31553 with score of 288.4308250223325
   27576 with score of 275.72305805760453
These are the actual items bought: 
   11832
   30233
The current arm is 32 with vector {0:0.9539817308695894,1:0.9431490624771341,2:0.6223428738159399,3:0.6801896764174002,4:0.998009291664774,5:0.6925559136721733,6:0.6547883670982779,7:0.8952680506934078,8:0.06857082744536858,9:0.3598675193762585,10:0.9397739517878916,11:0.5847505023908489,12:0.5221012023007781,13:0.6899386068925637,14:0.7953864487830907,15:0.7135437551443649,16:0.2933738361711765,17:0.7560831892933597,18:0.7879394321925519,19:0.14099005712587442,20:0.3569292655242666,21:0.1467780410264823,22:0.46945700152216996,23:0.4385205378603201,24:0.24607378988182171,25:0.3411418346314897,26:0.516604360360555,27:0.23393320107200688,28:0.4598426684750778,29:0.5957999734407352,30:0.6121124897357313,31:0.39788708584839283,32:0.8733657356497203,33:0.19215615877972347,34:0.23032711186900967,35:0.11584831021361863,36:0.015161315372949735,37:0.4431599280680295,38:0.3804078265540034,39:0.501603396475974,40:0.13296217169250557} with alpha 227.0 and beta 1663.0
The order information:
Date: 2012-05-10T17:54:43.000+02:00
It predicted these items for order 1779917 :
   31560 with score of 1126.2871349943186
   752 with score of 502.999618613085
   27900 with score of 413.8779065234183
   748 with score of 394.7405870383682
   20430 with score of 369.37949945965653
   5003 with score of 341.47934031280073
   21714 with score of 332.17900180605056
   11832 with score of 304.3310790334781
   31553 with score of 294.6155851978536
   29669 with score of 294.43003772817275
These are the actual items bought: 
   30342
   23374
   32289
The current arm is 32 with vector {0:0.9539817308695894,1:0.9431490624771341,2:0.6223428738159399,3:0.6801896764174002,4:0.998009291664774,5:0.6925559136721733,6:0.6547883670982779,7:0.8952680506934078,8:0.06857082744536858,9:0.3598675193762585,10:0.9397739517878916,11:0.5847505023908489,12:0.5221012023007781,13:0.6899386068925637,14:0.7953864487830907,15:0.7135437551443649,16:0.2933738361711765,17:0.7560831892933597,18:0.7879394321925519,19:0.14099005712587442,20:0.3569292655242666,21:0.1467780410264823,22:0.46945700152216996,23:0.4385205378603201,24:0.24607378988182171,25:0.3411418346314897,26:0.516604360360555,27:0.23393320107200688,28:0.4598426684750778,29:0.5957999734407352,30:0.6121124897357313,31:0.39788708584839283,32:0.8733657356497203,33:0.19215615877972347,34:0.23032711186900967,35:0.11584831021361863,36:0.015161315372949735,37:0.4431599280680295,38:0.3804078265540034,39:0.501603396475974,40:0.13296217169250557} with alpha 371.0 and beta 2663.0
The order information:
Date: 2012-05-11T22:39:32.000+02:00
It predicted these items for order 1780921 :
   31560 with score of 1066.6823123463998
   752 with score of 508.61243769043995
   748 with score of 469.1484442069689
   27900 with score of 389.83808280558935
   20430 with score of 369.90005848668005
   21714 with score of 330.77755185869773
   5003 with score of 327.21804680888135
   29669 with score of 311.0682214131178
   11832 with score of 294.61895529962334
   27576 with score of 293.8258688830607
These are the actual items bought: 
   31776
The current arm is 32 with vector {0:0.9539817308695894,1:0.9431490624771341,2:0.6223428738159399,3:0.6801896764174002,4:0.998009291664774,5:0.6925559136721733,6:0.6547883670982779,7:0.8952680506934078,8:0.06857082744536858,9:0.3598675193762585,10:0.9397739517878916,11:0.5847505023908489,12:0.5221012023007781,13:0.6899386068925637,14:0.7953864487830907,15:0.7135437551443649,16:0.2933738361711765,17:0.7560831892933597,18:0.7879394321925519,19:0.14099005712587442,20:0.3569292655242666,21:0.1467780410264823,22:0.46945700152216996,23:0.4385205378603201,24:0.24607378988182171,25:0.3411418346314897,26:0.516604360360555,27:0.23393320107200688,28:0.4598426684750778,29:0.5957999734407352,30:0.6121124897357313,31:0.39788708584839283,32:0.8733657356497203,33:0.19215615877972347,34:0.23032711186900967,35:0.11584831021361863,36:0.015161315372949735,37:0.4431599280680295,38:0.3804078265540034,39:0.501603396475974,40:0.13296217169250557} with alpha 537.0 and beta 3663.0
The order information:
Date: 2012-05-13T15:53:25.000+02:00
It predicted these items for order 1781930 :
   31560 with score of 1006.4796011526726
   752 with score of 508.5673874323084
   748 with score of 504.9796220666666
   20430 with score of 373.65671818984276
   27900 with score of 359.1660750774369
   21714 with score of 358.7316707156966
   5003 with score of 357.6262521594379
   29669 with score of 310.3661206908104
   27576 with score of 300.09261818175236
   11832 with score of 277.12870992366277
These are the actual items bought: 
   2084
   29003
   31950
   20990
   31940
   30573
   20678
   30195
   25363
   27900
The current arm is 32 with vector {0:0.9539817308695894,1:0.9431490624771341,2:0.6223428738159399,3:0.6801896764174002,4:0.998009291664774,5:0.6925559136721733,6:0.6547883670982779,7:0.8952680506934078,8:0.06857082744536858,9:0.3598675193762585,10:0.9397739517878916,11:0.5847505023908489,12:0.5221012023007781,13:0.6899386068925637,14:0.7953864487830907,15:0.7135437551443649,16:0.2933738361711765,17:0.7560831892933597,18:0.7879394321925519,19:0.14099005712587442,20:0.3569292655242666,21:0.1467780410264823,22:0.46945700152216996,23:0.4385205378603201,24:0.24607378988182171,25:0.3411418346314897,26:0.516604360360555,27:0.23393320107200688,28:0.4598426684750778,29:0.5957999734407352,30:0.6121124897357313,31:0.39788708584839283,32:0.8733657356497203,33:0.19215615877972347,34:0.23032711186900967,35:0.11584831021361863,36:0.015161315372949735,37:0.4431599280680295,38:0.3804078265540034,39:0.501603396475974,40:0.13296217169250557} with alpha 690.0 and beta 4663.0
The order information:
Date: 2012-05-14T16:46:54.000+02:00
It predicted these items for order 1782931 :
   31560 with score of 999.690431988105
   748 with score of 553.2750785848248
   752 with score of 510.0455529132789
   20430 with score of 366.7438041358358
   5003 with score of 362.5183205387112
   21714 with score of 362.14224848533087
   27900 with score of 351.6258344539238
   27576 with score of 335.53241943474154
   29669 with score of 309.4588276305926
   31553 with score of 302.2283340034868
These are the actual items bought: 
   32564
The current arm is 32 with vector {0:0.9539817308695894,1:0.9431490624771341,2:0.6223428738159399,3:0.6801896764174002,4:0.998009291664774,5:0.6925559136721733,6:0.6547883670982779,7:0.8952680506934078,8:0.06857082744536858,9:0.3598675193762585,10:0.9397739517878916,11:0.5847505023908489,12:0.5221012023007781,13:0.6899386068925637,14:0.7953864487830907,15:0.7135437551443649,16:0.2933738361711765,17:0.7560831892933597,18:0.7879394321925519,19:0.14099005712587442,20:0.3569292655242666,21:0.1467780410264823,22:0.46945700152216996,23:0.4385205378603201,24:0.24607378988182171,25:0.3411418346314897,26:0.516604360360555,27:0.23393320107200688,28:0.4598426684750778,29:0.5957999734407352,30:0.6121124897357313,31:0.39788708584839283,32:0.8733657356497203,33:0.19215615877972347,34:0.23032711186900967,35:0.11584831021361863,36:0.015161315372949735,37:0.4431599280680295,38:0.3804078265540034,39:0.501603396475974,40:0.13296217169250557} with alpha 788.0 and beta 5663.0
The order information:
Date: 2012-05-15T15:02:20.000+02:00
It predicted these items for order 1783936 :
   31560 with score of 988.3849665910086
   748 with score of 576.6624802495198
   752 with score of 489.81367241565044
   5003 with score of 372.3668964072584
   21714 with score of 365.06844642640317
   27576 with score of 363.4996477081103
   20430 with score of 355.8932663961008
   27900 with score of 335.4037896056917
   29669 with score of 307.9095967847744
   31553 with score of 297.51138897422345
These are the actual items bought: 
   12096
The arm 32 has vector {0:0.9539817308695894,1:0.9431490624771341,2:0.6223428738159399,3:0.6801896764174002,4:0.998009291664774,5:0.6925559136721733,6:0.6547883670982779,7:0.8952680506934078,8:0.06857082744536858,9:0.3598675193762585,10:0.9397739517878916,11:0.5847505023908489,12:0.5221012023007781,13:0.6899386068925637,14:0.7953864487830907,15:0.7135437551443649,16:0.2933738361711765,17:0.7560831892933597,18:0.7879394321925519,19:0.14099005712587442,20:0.3569292655242666,21:0.1467780410264823,22:0.46945700152216996,23:0.4385205378603201,24:0.24607378988182171,25:0.3411418346314897,26:0.516604360360555,27:0.23393320107200688,28:0.4598426684750778,29:0.5957999734407352,30:0.6121124897357313,31:0.39788708584839283,32:0.8733657356497203,33:0.19215615877972347,34:0.23032711186900967,35:0.11584831021361863,36:0.015161315372949735,37:0.4431599280680295,38:0.3804078265540034,39:0.501603396475974,40:0.13296217169250557} with alpha 842.0 and beta 6134.0, percentage 13.712701777270503
The best arm is 32 with vector {0:0.9539817308695894,1:0.9431490624771341,2:0.6223428738159399,3:0.6801896764174002,4:0.998009291664774,5:0.6925559136721733,6:0.6547883670982779,7:0.8952680506934078,8:0.06857082744536858,9:0.3598675193762585,10:0.9397739517878916,11:0.5847505023908489,12:0.5221012023007781,13:0.6899386068925637,14:0.7953864487830907,15:0.7135437551443649,16:0.2933738361711765,17:0.7560831892933597,18:0.7879394321925519,19:0.14099005712587442,20:0.3569292655242666,21:0.1467780410264823,22:0.46945700152216996,23:0.4385205378603201,24:0.24607378988182171,25:0.3411418346314897,26:0.516604360360555,27:0.23393320107200688,28:0.4598426684750778,29:0.5957999734407352,30:0.6121124897357313,31:0.39788708584839283,32:0.8733657356497203,33:0.19215615877972347,34:0.23032711186900967,35:0.11584831021361863,36:0.015161315372949735,37:0.4431599280680295,38:0.3804078265540034,39:0.501603396475974,40:0.13296217169250557} with alpha 842.0 and beta 6134.0, percentage 13.712701777270503
The right guesses are: 841 which means 13.712701777270503% correct
Done
497
