Items: 31014,2,2012-03-22 09:35:15.730000000,2013-01-31 22:08:19.360000000,0,0000000000000000000000000000000000000000000000000000000000000000000000000000000000000000000010000000000000000000000000000000000000000000000000000000000000000000000000000000000000000000000000000000000000000000000000000000000000000000000000000000000000000000
Items: 16065,3,2010-10-12 09:05:28.623000000,2011-10-19 12:41:59.293000000,0,0000000000000000000000000000000000000000000000000000000000000000000000000000000000000000000100000000000000000000000000000000000000000000000000000000000000000000000000000000000000000000000000000000000000000000000000000000000000000000000000000000000000000000
Items: 2897,1,2010-07-28 15:55:07.423000000,2013-07-15 05:02:15.650000000,0,0000000000000000000000000000000000000000000000000000000000000000000000000000000000000000000100000000000000000000000000000000000000000000000000000000000000000000000000000000000000000000000000000000000000000000000000000000000000000000000000000000000000000000
Users: 46671,2009-07-31 17:52:05.423000000,45238,,0
Users: 117404,2012-02-11 18:20:17.737000000,30295,1989-02-13 00:00:00,1
Users: 185087,2009-07-31 19:48:45.310000000,54234,1986-06-04 00:00:00,1
Users: 242612,2011-12-03 21:34:16.640000000,90627,1990-07-23 00:00:00,2
Users: 294436,2011-03-16 09:05:23.647000000,72233,1994-04-25 00:00:00,1
Users: 345704,2011-11-11 20:55:14.437000000,68600,1994-06-05 00:00:00,2
Users: 399809,2012-09-17 14:43:42.033000000,44491,1997-12-12 00:00:00,1
Users: 455390,2012-12-20 16:02:28.573000000,3274,1978-06-02 00:00:00,2
Users: 525182,2013-07-28 12:33:53.590000000,53372,1990-06-17 00:00:00,0
Orders: 35022,1033356,1457,2009-10-18 21:46:53.347000000
Orders: 214698,1082559,614,2010-01-24 20:16:55.153000000
Orders: 226305,1122161,1501,2010-03-20 16:23:03.950000000
Orders: 46541,1167569,11120,2010-05-26 12:55:02.417000000
Orders: 75824,1208142,11119,2010-07-27 23:14:48.377000000
Orders: 13287,1248778,12826,2010-09-21 21:56:27.157000000
Orders: 272654,1296031,653,2010-12-01 18:41:36.730000000
Orders: 285359,1344258,18628,2011-01-28 14:59:09.743000000
Orders: 157456,1388262,18371,2011-03-17 11:46:02.120000000
Orders: 307265,1432210,758,2011-04-29 21:28:48.340000000
Orders: 271030,1473349,21803,2011-06-14 15:24:35.467000000
Orders: 275827,1511037,21829,2011-07-28 21:58:50.970000000
Orders: 62527,1550712,24845,2011-09-10 18:44:47.023000000
Orders: 293365,1597283,27523,2011-11-12 08:21:31.203000000
Orders: 158173,1649466,24361,2011-12-28 14:06:54.430000000
Orders: 371623,1691322,28947,2012-01-31 15:54:20.570000000
Orders: 151193,1739094,2144,2012-03-22 17:02:48.527000000
Orders: 71320,1784958,7874,2012-05-16 17:00:59.817000000
Orders: 287161,1827735,20480,2012-06-29 22:23:24.193000000
Orders: 271514,1866722,31203,2012-08-11 21:38:56.863000000
Orders: 428803,1915657,35460,2012-10-09 20:15:44.210000000
Orders: 444954,1966435,29677,2012-12-01 22:51:49.073000000
Orders: 460415,2018674,31695,2013-01-07 22:20:30.543000000
Orders: 381441,2066329,35170,2013-02-19 22:08:16.833000000
Orders: 485606,2112774,39306,2013-03-26 15:04:37.277000000
Orders: 423890,2161061,11304,2013-05-03 09:35:38.190000000
Orders: 314770,2207605,26096,2013-06-05 19:04:54.837000000
Orders: 287308,2249841,40450,2013-07-13 20:23:09.463000000
Orders: 255027,2289235,33612,2013-08-13 17:15:05.073000000
Orders: 466261,2331294,43871,2013-09-15 21:02:00.180000000
Orders: 446724,2379393,448,2013-11-01 19:20:53.627000000

Startup information:
First order in training stage: 100000
First order in evaluation stage: 171338
Last order in evaluation stage: 177471

Number of orders in training stage: 71338
Number of orders in evaluation stage: 6133

The current arm is 23 with vector {0:0.46259266633826746,1:0.004493136313197921,2:0.1346084211042482,3:0.5723947453095141,4:0.15982777289533978,5:0.525456088770891} with alpha 1.0 and beta 12.0
The order information:
Date: 2010-05-31T21:42:55.000+02:00
It predicted these items for order 1173587 :
   422 with score of 1.5604435004186725
   1735 with score of 1.5604435004186725
   1745 with score of 1.5604435004186725
   2196 with score of 1.5604435004186725
   4271 with score of 1.5604435004186725
   4536 with score of 1.5604435004186725
   4659 with score of 1.5604435004186725
   6277 with score of 1.5604435004186725
   7801 with score of 1.5604435004186725
   8143 with score of 1.5604435004186725
These are the actual items bought: 
   1066
   1069
The current arm is 43 with vector {0:0.10387150050449867,1:0.04719931960787671,2:0.5045279932705139,3:0.13953673962969293,4:0.13842099619115755,5:0.6953879599000038} with alpha 1.0 and beta 33.0
The order information:
Date: 2010-06-01T21:40:10.000+02:00
It predicted these items for order 1174598 :
   2382 with score of 0.9387962000341954
   3969 with score of 0.9387962000341954
   4265 with score of 0.9387962000341954
   5071 with score of 0.9387962000341954
   6023 with score of 0.9387962000341954
   6148 with score of 0.9387962000341954
   6787 with score of 0.9387962000341954
   9533 with score of 0.9387962000341954
   11179 with score of 0.9387962000341954
   9098 with score of 0.7992594604045025
These are the actual items bought: 
   752
The current arm is 44 with vector {0:0.14847007170362947,1:0.5286347256590269,2:0.43295441254612943,3:0.18244961203389076,4:0.7034958074016946,5:0.6836273595890627} with alpha 1.0 and beta 46.0
The order information:
Date: 2010-06-03T10:26:24.000+02:00
It predicted these items for order 1175602 :
   1459 with score of 1.014547043326583
   1626 with score of 1.014547043326583
   5207 with score of 1.014547043326583
   5644 with score of 1.014547043326583
   6743 with score of 1.014547043326583
   7582 with score of 1.014547043326583
   8521 with score of 1.014547043326583
   8951 with score of 1.014547043326583
   9268 with score of 1.014547043326583
   10876 with score of 1.014547043326583
These are the actual items bought: 
   7768
   8836
   11019
The current arm is 20 with vector {0:0.4408749458030524,1:0.6866939300791898,2:0.4690360312878673,3:0.42961947762896624,4:0.9138144668112489,5:0.9614262699889218} with alpha 2.0 and beta 90.0
The order information:
Date: 2010-06-04T23:29:18.000+02:00
It predicted these items for order 1176616 :
   1899 with score of 2.316115682603223
   6358 with score of 2.316115682603223
   6617 with score of 2.316115682603223
   8080 with score of 2.316115682603223
   8107 with score of 2.316115682603223
   10283 with score of 1.8354025476087623
   11280 with score of 1.8354025476087623
   7403 with score of 1.7392599206098702
   8958 with score of 1.7392599206098702
   11277 with score of 1.675164835943942
These are the actual items bought: 
   11225
The current arm is 6 with vector {0:0.9419803732197779,1:0.6987233816488386,2:0.3654302005667167,3:0.29152996255093877,4:0.8188965845070709,5:0.09502306859011145} with alpha 3.0 and beta 96.0
The order information:
Date: 2010-06-06T23:30:31.000+02:00
It predicted these items for order 1177626 :
   252 with score of 1.3285334043608281
   713 with score of 1.3285334043608281
   977 with score of 1.3285334043608281
   2595 with score of 1.3285334043608281
   2958 with score of 1.3285334043608281
   4674 with score of 1.3285334043608281
   5091 with score of 1.3285334043608281
   6577 with score of 1.3285334043608281
   8033 with score of 1.3285334043608281
   9355 with score of 1.3285334043608281
These are the actual items bought: 
   8194
   3202
   3823
   11351
The current arm is 25 with vector {0:0.7766373367445399,1:0.36367019523811894,2:0.013586016925951738,3:0.6308928694376802,4:0.9752041770140576,5:0.10415386829339579} with alpha 1.0 and beta 84.0
The order information:
Date: 2010-06-08T17:48:35.000+02:00
It predicted these items for order 1178632 :
   4420 with score of 1.511684074475616
   5427 with score of 1.511684074475616
   6551 with score of 1.511684074475616
   6654 with score of 1.511684074475616
   6751 with score of 1.511684074475616
   8872 with score of 1.511684074475616
   10940 with score of 1.511684074475616
   3687 with score of 1.485645607402267
   8052 with score of 1.4769661183778173
   10720 with score of 1.4670467023498748
These are the actual items bought: 
   7802
   9710
   1049
The arm 0 has vector {0:0.4660318128463199,1:0.2614889878133839,2:0.9363016835380524,3:0.12664457021468867,4:0.25468445068873147,5:0.49586626032272807} with alpha 5.0 and beta 182.0, percentage 2.1621621621621623
The arm 1 has vector {0:0.7798386075234041,1:0.6531414958839444,2:0.8727193614569153,3:0.3795112527132021,4:0.5738322738545022,5:0.6710555908996424} with alpha 3.0 and beta 139.0, percentage 1.4285714285714286
The arm 2 has vector {0:0.8573591680752448,1:0.6639443030217389,2:0.8929581352834294,3:0.3329018194628257,4:0.8353310686276528,5:0.5425502033921407} with alpha 2.0 and beta 110.0, percentage 0.9090909090909091
The arm 3 has vector {0:0.46947999509607097,1:0.9373081484211647,2:0.7431953843094878,3:0.15982067684168333,4:0.7599828576421671,5:0.5090037228907066} with alpha 2.0 and beta 110.0, percentage 0.9090909090909091
The arm 4 has vector {0:0.9365640450022117,1:0.37381816610415153,2:0.35267158550721955,3:0.7954559061509463,4:0.480941679161772,5:0.6710095148065103} with alpha 1.0 and beta 80.0, percentage 0.0
The arm 5 has vector {0:0.3639782845453502,1:0.17316793661401597,2:0.2402289959341235,3:0.06148399932946791,4:0.831722654752335,5:0.1803957852473601} with alpha 1.0 and beta 89.0, percentage 0.0
The arm 6 has vector {0:0.9419803732197779,1:0.6987233816488386,2:0.3654302005667167,3:0.29152996255093877,4:0.8188965845070709,5:0.09502306859011145} with alpha 4.0 and beta 145.0, percentage 2.0408163265306123
The arm 7 has vector {0:0.2337456325348357,1:0.8712441913251676,2:0.7025121333728825,3:0.6928499448673572,4:0.6085009837112937,5:0.6572017367777611} with alpha 6.0 and beta 197.0, percentage 2.4875621890547266
The arm 8 has vector {0:0.9610861302714283,1:0.036309655713315125,2:0.7793698227669584,3:0.18004389635582296,4:0.9522918788290731,5:0.7449541510602281} with alpha 5.0 and beta 186.0, percentage 2.1164021164021163
The arm 9 has vector {0:0.8541023069281597,1:0.43838295442530606,2:0.1677905603542188,3:0.7081429020103395,4:0.08145141511670595,5:0.15194729112640182} with alpha 2.0 and beta 117.0, percentage 0.8547008547008548
The arm 10 has vector {0:0.9009365771152665,1:0.8592086055221151,2:0.4001358865153447,3:0.40593234126925837,4:0.7566569670335481,5:0.8820724822931073} with alpha 8.0 and beta 258.0, percentage 2.6515151515151514
The arm 11 has vector {0:0.8510244862999319,1:0.24113268748683325,2:0.7005223029597882,3:0.9116486229020315,4:0.7662115721598248,5:0.2156915599659851} with alpha 1.0 and beta 86.0, percentage 0.0
The arm 12 has vector {0:0.48518813410453954,1:0.6271237848097602,2:0.2630607254653575,3:0.20271369271274797,4:0.30549314397018146,5:0.1782793644830022} with alpha 1.0 and beta 84.0, percentage 0.0
The arm 13 has vector {0:0.7788729411450797,1:0.24515682429440155,2:0.49325991534695157,3:0.5228438506340538,4:0.8203899525216483,5:0.4224326923663372} with alpha 2.0 and beta 120.0, percentage 0.8333333333333334
The arm 14 has vector {0:0.9794298674411537,1:0.37093886972654655,2:0.18498981595350927,3:0.8294552665263437,4:0.3164777863281447,5:0.3909937998532781} with alpha 1.0 and beta 87.0, percentage 0.0
The arm 15 has vector {0:0.04313096768990943,1:0.5245913164791213,2:0.08626409275578073,3:0.9449604356151892,4:0.0930853262188367,5:0.5132187137340404} with alpha 4.0 and beta 165.0, percentage 1.7964071856287425
The arm 16 has vector {0:0.1895629349620458,1:0.19552438411347106,2:0.569439493047423,3:0.2609035578772668,4:0.9423860400726559,5:0.6680249537746881} with alpha 4.0 and beta 155.0, percentage 1.910828025477707
The arm 17 has vector {0:0.6319125105403127,1:0.11706198640704235,2:0.7331328625536068,3:0.48804210819555804,4:0.9652334637436683,5:0.5934400877343912} with alpha 1.0 and beta 81.0, percentage 0.0
The arm 18 has vector {0:0.0797535708307825,1:0.056916465474682876,2:0.8570764482595504,3:0.23385222394406435,4:0.1633160175364462,5:0.7696631871507281} with alpha 6.0 and beta 204.0, percentage 2.403846153846154
The arm 19 has vector {0:0.3267865925549387,1:0.4288532115095287,2:0.32794282155223076,3:0.041355999041892466,4:0.21931498594000065,5:0.5143498097904341} with alpha 6.0 and beta 211.0, percentage 2.3255813953488373
The arm 20 has vector {0:0.4408749458030524,1:0.6866939300791898,2:0.4690360312878673,3:0.42961947762896624,4:0.9138144668112489,5:0.9614262699889218} with alpha 3.0 and beta 144.0, percentage 1.3793103448275863
The arm 21 has vector {0:0.6871283807013442,1:0.7524255894880921,2:0.5787384925774546,3:0.31167964603632725,4:0.18931546966086432,5:0.36694189668698995} with alpha 1.0 and beta 88.0, percentage 0.0
The arm 22 has vector {0:0.5216793417626492,1:0.9612600850411698,2:0.6005670672405254,3:0.9662554100590156,4:0.4961451465738568,5:0.7039043163815455} with alpha 1.0 and beta 84.0, percentage 0.0
The arm 23 has vector {0:0.46259266633826746,1:0.004493136313197921,2:0.1346084211042482,3:0.5723947453095141,4:0.15982777289533978,5:0.525456088770891} with alpha 1.0 and beta 86.0, percentage 0.0
The arm 24 has vector {0:0.03880278472964582,1:0.47962446278040183,2:0.6306354800031277,3:0.4502457087530508,4:0.475848680860554,5:0.870792050215353} with alpha 3.0 and beta 133.0, percentage 1.4925373134328357
The arm 25 has vector {0:0.7766373367445399,1:0.36367019523811894,2:0.013586016925951738,3:0.6308928694376802,4:0.9752041770140576,5:0.10415386829339579} with alpha 1.0 and beta 86.0, percentage 0.0
The arm 26 has vector {0:0.23666598127264915,1:0.3005391400968753,2:0.1919050743180888,3:0.48958234765529773,4:0.6328282998351765,5:0.8002638932440905} with alpha 3.0 and beta 121.0, percentage 1.639344262295082
The arm 27 has vector {0:0.8487002110368767,1:0.49513569373867117,2:0.14817547477217474,3:5.6057632236927724E-5,4:0.765022331896867,5:0.45377694499389676} with alpha 4.0 and beta 156.0, percentage 1.89873417721519
The arm 28 has vector {0:0.19453147410975702,1:0.6062131633193688,2:0.5567587147847718,3:0.4055329595788284,4:0.9060214739319726,5:0.3101929191131314} with alpha 1.0 and beta 79.0, percentage 0.0
The arm 29 has vector {0:0.8449771719732712,1:0.26434394424460295,2:0.21054843600937712,3:0.3304803978102151,4:0.4242403790656013,5:0.6148854064864252} with alpha 1.0 and beta 85.0, percentage 0.0
The arm 30 has vector {0:0.1731797737507088,1:0.03715196770740148,2:0.2984515257032415,3:0.180105697308113,4:0.19886372889347947,5:0.1612513496836685} with alpha 2.0 and beta 115.0, percentage 0.8695652173913043
The arm 31 has vector {0:0.057741496611189325,1:0.16190598028875647,2:0.9153489296482685,3:0.9193234131031685,4:0.8319162808191217,5:0.8393175341528286} with alpha 2.0 and beta 102.0, percentage 0.9803921568627451
The arm 32 has vector {0:0.40411174698026997,1:0.6296544651321011,2:0.8172119465006896,3:0.2137190790784943,4:0.004716492192852861,5:0.03920750350880153} with alpha 1.0 and beta 84.0, percentage 0.0
The arm 33 has vector {0:0.9553253939343532,1:0.8716957177542972,2:0.030557435247152376,3:0.22417398590204252,4:0.09293920373066,5:0.5677616039011399} with alpha 2.0 and beta 116.0, percentage 0.8620689655172413
The arm 34 has vector {0:0.592580382283344,1:0.8811697372805661,2:0.7416178117566153,3:0.46765944332453946,4:0.8057522372502067,5:0.5920728428898772} with alpha 2.0 and beta 109.0, percentage 0.9174311926605505
The arm 35 has vector {0:0.4517390586238432,1:0.5951889239834534,2:0.7302955808415156,3:0.6478495456065806,4:0.1280207286902677,5:0.06555347952326784} with alpha 3.0 and beta 146.0, percentage 1.3605442176870748
The arm 36 has vector {0:0.9789614649830991,1:0.7393697187863334,2:0.8129932349623414,3:0.7769390236374268,4:0.7156844429267598,5:0.4095862861308186} with alpha 2.0 and beta 119.0, percentage 0.8403361344537815
The arm 37 has vector {0:0.99831347793209,1:0.14639384386259258,2:0.3735038983003487,3:0.13350945757513233,4:0.5184948837839654,5:0.910608991033007} with alpha 3.0 and beta 107.0, percentage 1.8518518518518516
The arm 38 has vector {0:0.06572727428203418,1:0.8513977543900425,2:0.8344960856331356,3:0.5140098377774566,4:0.3443127842863599,5:0.8208871748335251} with alpha 7.0 and beta 218.0, percentage 2.690582959641256
The arm 39 has vector {0:0.8506101466254986,1:0.3046080934687643,2:0.5245647189917285,3:0.15372907386523582,4:0.4293460804084934,5:0.5873588352354452} with alpha 4.0 and beta 157.0, percentage 1.8867924528301887
The arm 40 has vector {0:0.43596856441906184,1:0.9337541993295699,2:0.5956579005097644,3:0.41848972029720755,4:0.0012386064541781705,5:0.08240033712996142} with alpha 3.0 and beta 112.0, percentage 1.7699115044247788
The arm 41 has vector {0:0.3308572167418258,1:0.26727627035277923,2:0.24409415809248902,3:0.8550645623422893,4:0.4149983955985418,5:0.05502415820085482} with alpha 1.0 and beta 82.0, percentage 0.0
The arm 42 has vector {0:0.23183994799223895,1:0.76351043673465,2:0.8702418409087475,3:0.468477319762178,4:0.8099370987998538,5:0.6922745485802473} with alpha 1.0 and beta 86.0, percentage 0.0
The arm 43 has vector {0:0.10387150050449867,1:0.04719931960787671,2:0.5045279932705139,3:0.13953673962969293,4:0.13842099619115755,5:0.6953879599000038} with alpha 2.0 and beta 107.0, percentage 0.9345794392523363
The arm 44 has vector {0:0.14847007170362947,1:0.5286347256590269,2:0.43295441254612943,3:0.18244961203389076,4:0.7034958074016946,5:0.6836273595890627} with alpha 1.0 and beta 87.0, percentage 0.0
The arm 45 has vector {0:0.8496002990791269,1:0.6588308785519561,2:0.8437700920393782,3:0.5882556705585527,4:0.9862012808466789,5:0.7118948132631538} with alpha 2.0 and beta 86.0, percentage 1.1627906976744187
The arm 46 has vector {0:0.4819464398975315,1:0.8683129729246546,2:0.03800219497386581,3:0.5573810223417904,4:0.20568173181143878,5:0.8595055051712416} with alpha 3.0 and beta 131.0, percentage 1.5151515151515151
The arm 47 has vector {0:0.26038768851621474,1:0.5355894374087021,2:0.9782436360785487,3:0.7938036337415547,4:0.648579678261349,5:0.07825959861727638} with alpha 1.0 and beta 82.0, percentage 0.0
The arm 48 has vector {0:0.08263257572698368,1:0.12733453247026172,2:0.004338147839056616,3:0.051755959159931364,4:0.3036952401342332,5:0.7295926945508451} with alpha 2.0 and beta 106.0, percentage 0.9433962264150944
The arm 49 has vector {0:0.022735184564290467,1:0.6431687593451708,2:0.42050590666996757,3:0.3016009994353479,4:0.6891024350809628,5:0.44871045570688206} with alpha 1.0 and beta 84.0, percentage 0.0
The best arm is 38 with vector {0:0.06572727428203418,1:0.8513977543900425,2:0.8344960856331356,3:0.5140098377774566,4:0.3443127842863599,5:0.8208871748335251} with alpha 7.0 and beta 218.0, percentage 2.690582959641256
The right guesses are: 79 which means 1.2881134844285016% correct
Done
The current arm is 38 with vector {0:0.06572727428203418,1:0.8513977543900425,2:0.8344960856331356,3:0.5140098377774566,4:0.3443127842863599,5:0.8208871748335251} with alpha 6.0 and beta 658.0
The order information:
Date: 2010-05-31T21:42:55.000+02:00
It predicted these items for order 1173587 :
   422 with score of 1.4006242868930159
   1735 with score of 1.4006242868930159
   1745 with score of 1.4006242868930159
   2196 with score of 1.4006242868930159
   4271 with score of 1.4006242868930159
   4536 with score of 1.4006242868930159
   4659 with score of 1.4006242868930159
   6277 with score of 1.4006242868930159
   7801 with score of 1.4006242868930159
   8143 with score of 1.4006242868930159
These are the actual items bought: 
   1066
   1069
The current arm is 38 with vector {0:0.06572727428203418,1:0.8513977543900425,2:0.8344960856331356,3:0.5140098377774566,4:0.3443127842863599,5:0.8208871748335251} with alpha 10.0 and beta 1654.0
The order information:
Date: 2010-06-01T21:40:10.000+02:00
It predicted these items for order 1174598 :
   2382 with score of 1.4006242868930159
   3969 with score of 1.4006242868930159
   4265 with score of 1.4006242868930159
   5071 with score of 1.4006242868930159
   6023 with score of 1.4006242868930159
   6148 with score of 1.4006242868930159
   6787 with score of 1.4006242868930159
   9533 with score of 1.4006242868930159
   11179 with score of 1.4006242868930159
   6956 with score of 1.1660850940834373
These are the actual items bought: 
   752
The current arm is 38 with vector {0:0.06572727428203418,1:0.8513977543900425,2:0.8344960856331356,3:0.5140098377774566,4:0.3443127842863599,5:0.8208871748335251} with alpha 20.0 and beta 2644.0
The order information:
Date: 2010-06-03T10:26:24.000+02:00
It predicted these items for order 1175602 :
   1459 with score of 1.4006242868930159
   1626 with score of 1.4006242868930159
   5207 with score of 1.4006242868930159
   5644 with score of 1.4006242868930159
   6743 with score of 1.4006242868930159
   7582 with score of 1.4006242868930159
   8521 with score of 1.4006242868930159
   8951 with score of 1.4006242868930159
   9268 with score of 1.4006242868930159
   10876 with score of 1.4006242868930159
These are the actual items bought: 
   7768
   8836
   11019
The current arm is 38 with vector {0:0.06572727428203418,1:0.8513977543900425,2:0.8344960856331356,3:0.5140098377774566,4:0.3443127842863599,5:0.8208871748335251} with alpha 42.0 and beta 3622.0
The order information:
Date: 2010-06-04T23:29:18.000+02:00
It predicted these items for order 1176616 :
   1899 with score of 1.2309272334019192
   6358 with score of 1.2309272334019192
   6617 with score of 1.2309272334019192
   8080 with score of 1.2309272334019192
   8107 with score of 1.2309272334019192
   9025 with score of 0.8866144491155593
   10283 with score of 0.8204836459851567
   11280 with score of 0.8204836459851567
   7403 with score of 0.7383949285018041
   8958 with score of 0.7383949285018041
These are the actual items bought: 
   11225
The current arm is 38 with vector {0:0.06572727428203418,1:0.8513977543900425,2:0.8344960856331356,3:0.5140098377774566,4:0.3443127842863599,5:0.8208871748335251} with alpha 58.0 and beta 4606.0
The order information:
Date: 2010-06-06T23:30:31.000+02:00
It predicted these items for order 1177626 :
   252 with score of 1.4006242868930159
   713 with score of 1.4006242868930159
   977 with score of 1.4006242868930159
   2595 with score of 1.4006242868930159
   2958 with score of 1.4006242868930159
   4674 with score of 1.4006242868930159
   5091 with score of 1.4006242868930159
   6577 with score of 1.4006242868930159
   8033 with score of 1.4006242868930159
   9355 with score of 1.4006242868930159
These are the actual items bought: 
   8194
   3202
   3823
   11351
The current arm is 38 with vector {0:0.06572727428203418,1:0.8513977543900425,2:0.8344960856331356,3:0.5140098377774566,4:0.3443127842863599,5:0.8208871748335251} with alpha 72.0 and beta 5592.0
The order information:
Date: 2010-06-08T17:48:35.000+02:00
It predicted these items for order 1178632 :
   4420 with score of 1.4006242868930159
   5427 with score of 1.4006242868930159
   6551 with score of 1.4006242868930159
   6654 with score of 1.4006242868930159
   6751 with score of 1.4006242868930159
   8872 with score of 1.4006242868930159
   10940 with score of 1.4006242868930159
   3687 with score of 1.1954024931846345
   8052 with score of 1.126995228615174
   10720 with score of 1.048815497678648
These are the actual items bought: 
   7802
   9710
   1049
The arm 38 has vector {0:0.06572727428203418,1:0.8513977543900425,2:0.8344960856331356,3:0.5140098377774566,4:0.3443127842863599,5:0.8208871748335251} with alpha 77.0 and beta 6058.0, percentage 1.2391977824881786
The best arm is 38 with vector {0:0.06572727428203418,1:0.8513977543900425,2:0.8344960856331356,3:0.5140098377774566,4:0.3443127842863599,5:0.8208871748335251} with alpha 77.0 and beta 6058.0, percentage 1.2391977824881786
The right guesses are: 76 which means 1.2391977824881786% correct
Done
171
