Items: 31014,2,2012-03-22 09:35:15.730000000,2013-01-31 22:08:19.360000000,0,0000000000000000000000000000000000000000000000000000000000000000000000000000000000000000000010000000000000000000000000000000000000000000000000000000000000000000000000000000000000000000000000000000000000000000000000000000000000000000000000000000000000000000
Items: 16065,3,2010-10-12 09:05:28.623000000,2011-10-19 12:41:59.293000000,0,0000000000000000000000000000000000000000000000000000000000000000000000000000000000000000000100000000000000000000000000000000000000000000000000000000000000000000000000000000000000000000000000000000000000000000000000000000000000000000000000000000000000000000
Items: 2897,1,2010-07-28 15:55:07.423000000,2013-07-15 05:02:15.650000000,0,0000000000000000000000000000000000000000000000000000000000000000000000000000000000000000000100000000000000000000000000000000000000000000000000000000000000000000000000000000000000000000000000000000000000000000000000000000000000000000000000000000000000000000
Users: 46671,2009-07-31 17:52:05.423000000,45238,,0
Users: 117404,2012-02-11 18:20:17.737000000,30295,1989-02-13 00:00:00,1
Users: 185087,2009-07-31 19:48:45.310000000,54234,1986-06-04 00:00:00,1
Users: 242612,2011-12-03 21:34:16.640000000,90627,1990-07-23 00:00:00,2
Users: 294436,2011-03-16 09:05:23.647000000,72233,1994-04-25 00:00:00,1
Users: 345704,2011-11-11 20:55:14.437000000,68600,1994-06-05 00:00:00,2
Users: 399809,2012-09-17 14:43:42.033000000,44491,1997-12-12 00:00:00,1
Users: 455390,2012-12-20 16:02:28.573000000,3274,1978-06-02 00:00:00,2
Users: 525182,2013-07-28 12:33:53.590000000,53372,1990-06-17 00:00:00,0
Orders: 35022,1033356,1457,2009-10-18 21:46:53.347000000
Orders: 214698,1082559,614,2010-01-24 20:16:55.153000000
Orders: 226305,1122161,1501,2010-03-20 16:23:03.950000000
Orders: 46541,1167569,11120,2010-05-26 12:55:02.417000000
Orders: 75824,1208142,11119,2010-07-27 23:14:48.377000000
Orders: 13287,1248778,12826,2010-09-21 21:56:27.157000000
Orders: 272654,1296031,653,2010-12-01 18:41:36.730000000
Orders: 285359,1344258,18628,2011-01-28 14:59:09.743000000
Orders: 157456,1388262,18371,2011-03-17 11:46:02.120000000
Orders: 307265,1432210,758,2011-04-29 21:28:48.340000000
Orders: 271030,1473349,21803,2011-06-14 15:24:35.467000000
Orders: 275827,1511037,21829,2011-07-28 21:58:50.970000000
Orders: 62527,1550712,24845,2011-09-10 18:44:47.023000000
Orders: 293365,1597283,27523,2011-11-12 08:21:31.203000000
Orders: 158173,1649466,24361,2011-12-28 14:06:54.430000000
Orders: 371623,1691322,28947,2012-01-31 15:54:20.570000000
Orders: 151193,1739094,2144,2012-03-22 17:02:48.527000000
Orders: 71320,1784958,7874,2012-05-16 17:00:59.817000000
Orders: 287161,1827735,20480,2012-06-29 22:23:24.193000000
Orders: 271514,1866722,31203,2012-08-11 21:38:56.863000000
Orders: 428803,1915657,35460,2012-10-09 20:15:44.210000000
Orders: 444954,1966435,29677,2012-12-01 22:51:49.073000000
Orders: 460415,2018674,31695,2013-01-07 22:20:30.543000000
Orders: 381441,2066329,35170,2013-02-19 22:08:16.833000000
Orders: 485606,2112774,39306,2013-03-26 15:04:37.277000000
Orders: 423890,2161061,11304,2013-05-03 09:35:38.190000000
Orders: 314770,2207605,26096,2013-06-05 19:04:54.837000000
Orders: 287308,2249841,40450,2013-07-13 20:23:09.463000000
Orders: 255027,2289235,33612,2013-08-13 17:15:05.073000000
Orders: 466261,2331294,43871,2013-09-15 21:02:00.180000000
Orders: 446724,2379393,448,2013-11-01 19:20:53.627000000

Startup information:
First order in training stage: 700000
First order in evaluation stage: 771338
Last order in evaluation stage: 777471

Number of orders in training stage: 71338
Number of orders in evaluation stage: 6133

The current arm is 31 with vector {0:0.8459272216489473,1:0.8008164302804966,2:0.41293200347239656,3:0.6018166539152343,4:0.8691638668405323,5:0.9756476911707382,6:0.25809343802246687,7:0.4589161894319874,8:0.8524174380090875,9:0.6010554615157229,10:0.3804922817878442,11:0.3992616697028881,12:0.09444866812498798,13:0.5027541729216743,14:0.7174750700120406,15:0.6403796201250034,16:0.9516304376086528,17:0.9899891798627024,18:0.37061259428596405,19:0.9627742186659807,20:0.4380823747285919,21:0.9300021278007641,22:0.9811114181629645,23:0.8535181912367299,24:0.9577794749832054,25:0.7748737293383055,26:0.764032490664296,27:0.9002271744690253,28:0.7588082832790699,29:0.08224579170081625,30:0.5838146573035664,31:0.4548631914448712,32:0.3540762354906909,33:0.4528259890347228,34:0.24151991302454967,35:0.2869600806430517,36:0.17710464309518537,37:0.2768580492137963,38:0.33585494656889847,39:0.17463939286298968,40:0.784536153483216} with alpha 1.0 and beta 10.0
The order information:
Date: 2012-05-09T17:07:05.000+02:00
It predicted these items for order 1778911 :
   1693 with score of 2.690738779660218
   13688 with score of 2.690738779660218
   21769 with score of 2.690738779660218
   25013 with score of 2.690738779660218
   31278 with score of 2.690738779660218
   31911 with score of 2.4527285196535606
   31560 with score of 2.440337891572955
   28913 with score of 2.203345437066811
   25015 with score of 2.2029149340748484
   26254 with score of 2.2029149340748484
These are the actual items bought: 
   11832
   30233
The current arm is 4 with vector {0:0.6939006691312385,1:0.25791061512549096,2:0.6481083485936204,3:0.6583904982559149,4:0.588612890220678,5:0.3512916461387834,6:0.8187461693850151,7:0.5927867782123967,8:0.6389304757567014,9:0.8467857760188144,10:0.16710351161519466,11:0.49491897637467297,12:0.010275192377426023,13:0.9026677487935587,14:0.7854922229975626,15:0.6695992822625255,16:0.868282493101596,17:0.8122318455309303,18:0.7003898566881035,19:0.7990442906126075,20:0.22930275122635468,21:0.9298560363914028,22:0.47140691847003025,23:0.36930285610991487,24:0.5286222630084874,25:0.33702012370801404,26:0.6972377379900481,27:0.5896992120195015,28:0.3584500889502731,29:0.9486787094856424,30:0.4035375705272236,31:0.8761410666409228,32:0.5904687682499378,33:0.6966309802958697,34:0.5402210680930738,35:0.4238034905165535,36:0.892410933904412,37:0.8984524977601932,38:0.0540149260357935,39:0.8404415464909472,40:0.3396990404395057} with alpha 6.0 and beta 30.0
The order information:
Date: 2012-05-10T17:54:43.000+02:00
It predicted these items for order 1779917 :
   31560 with score of 2.763824114984565
   5003 with score of 2.3017845085085504
   752 with score of 2.2965163175440226
   31774 with score of 2.0524952707902364
   21714 with score of 2.004360897812076
   23390 with score of 1.9906354484294866
   31290 with score of 1.9492474452796151
   31871 with score of 1.9492474452796151
   9441 with score of 1.9427971719697092
   32357 with score of 1.920822624156683
These are the actual items bought: 
   30342
   23374
   32289
The current arm is 41 with vector {0:0.6779841262237963,1:0.3714110915849481,2:0.9767529990089937,3:0.24973208448655881,4:0.1036020649671262,5:0.27407379558690603,6:0.829638843799996,7:0.1403462178571443,8:0.025426977746858093,9:0.1457529729197743,10:0.6079433493613206,11:0.7532710501292657,12:0.5169318160901583,13:0.03222792685691089,14:0.15078936835263312,15:0.6294836325920566,16:0.6405346854197713,17:0.09723156445224435,18:0.5894470626366093,19:0.5805616773445468,20:0.5507641543016291,21:0.33431029818073965,22:0.24510764999929935,23:0.7088500900922362,24:0.02925702545464548,25:0.2907339215473671,26:0.5616292330829579,27:0.11599886202053489,28:0.6417296618703376,29:0.14639246914241055,30:0.6148063831766587,31:0.4980733226945103,32:0.6041193693330652,33:0.5051158094790589,34:0.40948559302057297,35:0.0407527888395286,36:0.8540231643287269,37:0.11419863692887067,38:0.7496873295190569,39:0.5019953622529947,40:0.08671351102214042} with alpha 17.0 and beta 64.0
The order information:
Date: 2012-05-11T22:39:32.000+02:00
It predicted these items for order 1780921 :
   31560 with score of 1.8990166280234944
   752 with score of 1.7388641607676947
   748 with score of 1.5015002364619312
   21714 with score of 1.3017553929601295
   27576 with score of 1.2977290200841514
   29669 with score of 1.2934444748331524
   23467 with score of 1.2573123117298903
   21803 with score of 1.2546222716996043
   5003 with score of 1.2445949858569765
   23469 with score of 1.2157676291916915
These are the actual items bought: 
   31776
The current arm is 10 with vector {0:0.24432397922894822,1:0.949357655360999,2:0.35345201215447963,3:0.17135626377012714,4:0.4257841711556958,5:0.1843257794789498,6:0.8641112255926607,7:0.5575763080326943,8:0.7991785276855954,9:0.7230983025858745,10:0.045301981338432884,11:0.3605060676111077,12:0.14317472638599626,13:0.22868118908144452,14:0.683163532549312,15:0.7233326004974315,16:0.3802077992609818,17:0.10862057744918063,18:0.7247643322652167,19:0.5453858265967094,20:0.3783825587475472,21:0.4093903271814211,22:0.07229335544690685,23:0.3053619395597862,24:0.9281454701014534,25:0.7536080406053617,26:0.6320215857350732,27:0.23363595466237452,28:0.28612753457002393,29:0.9824206410741518,30:0.7450546432741615,31:0.8056811165672472,32:0.6259883662069919,33:0.607757958465695,34:0.21278242159119332,35:0.9662838876062455,36:0.7678453468246735,37:0.11123319291236144,38:0.1478990395933839,39:0.39735695375965896,40:0.5537164485476376} with alpha 58.0 and beta 195.0
The order information:
Date: 2012-05-13T15:53:25.000+02:00
It predicted these items for order 1781930 :
   31560 with score of 1.804348804256791
   752 with score of 1.5217732536947859
   748 with score of 1.4134013524049551
   21714 with score of 1.0609645260405687
   5003 with score of 1.0031446355902256
   29669 with score of 0.9899420507470742
   27576 with score of 0.9721729717863767
   27900 with score of 0.944594535580629
   12338 with score of 0.9208649020754639
   20430 with score of 0.9208300781335202
These are the actual items bought: 
   2084
   29003
   31950
   20990
   31940
   30573
   20678
   30195
   25363
   27900
The current arm is 10 with vector {0:0.24432397922894822,1:0.949357655360999,2:0.35345201215447963,3:0.17135626377012714,4:0.4257841711556958,5:0.1843257794789498,6:0.8641112255926607,7:0.5575763080326943,8:0.7991785276855954,9:0.7230983025858745,10:0.045301981338432884,11:0.3605060676111077,12:0.14317472638599626,13:0.22868118908144452,14:0.683163532549312,15:0.7233326004974315,16:0.3802077992609818,17:0.10862057744918063,18:0.7247643322652167,19:0.5453858265967094,20:0.3783825587475472,21:0.4093903271814211,22:0.07229335544690685,23:0.3053619395597862,24:0.9281454701014534,25:0.7536080406053617,26:0.6320215857350732,27:0.23363595466237452,28:0.28612753457002393,29:0.9824206410741518,30:0.7450546432741615,31:0.8056811165672472,32:0.6259883662069919,33:0.607757958465695,34:0.21278242159119332,35:0.9662838876062455,36:0.7678453468246735,37:0.11123319291236144,38:0.1478990395933839,39:0.39735695375965896,40:0.5537164485476376} with alpha 66.0 and beta 240.0
The order information:
Date: 2012-05-14T16:46:54.000+02:00
It predicted these items for order 1782931 :
   31560 with score of 1.7466880071463498
   748 with score of 1.5514260746553128
   752 with score of 1.4221088184880506
   21714 with score of 1.0424175559271904
   27576 with score of 1.023648841366127
   5003 with score of 1.006678415836947
   29669 with score of 0.977808549587894
   23467 with score of 0.9276918391444715
   27900 with score of 0.926235371981543
   20430 with score of 0.9087857606185805
These are the actual items bought: 
   32564
The current arm is 2 with vector {0:0.42825582361978676,1:0.3036846928253296,2:0.06490210688128961,3:0.16998813792093215,4:0.5189822974369322,5:0.31365285931735387,6:0.5581721568916352,7:0.3792139830071726,8:0.32817212578332955,9:0.15405037664453314,10:0.1819488574913204,11:0.1485005577602515,12:0.1973087210400566,13:0.6528526207974477,14:0.0015042729551828504,15:0.23576271720240438,16:0.3545620623496404,17:0.5911554524309008,18:0.2655611860433671,19:0.5664379786014324,20:0.7252219948992034,21:0.7227841490145217,22:0.19439428076670184,23:0.7949761196350957,24:0.6118571132511973,25:0.8215975822481844,26:0.6615820156739545,27:0.768556863997694,28:0.2567261099371314,29:0.045212879126605765,30:0.0854800727250169,31:0.27454337634991866,32:0.8721213155233284,33:0.4855105837170266,34:0.6322450167229712,35:0.6001881452171391,36:0.2471798378086233,37:0.44828310618311307,38:0.3018991544096564,39:0.24832944195483553,40:0.8425167896587534} with alpha 21.0 and beta 99.0
The order information:
Date: 2012-05-15T15:02:20.000+02:00
It predicted these items for order 1783936 :
   31560 with score of 1.403050634132167
   748 with score of 1.348696139999316
   752 with score of 1.1428730808008944
   27576 with score of 1.0341708791620985
   21714 with score of 0.996734893944435
   5003 with score of 0.981346857593539
   29669 with score of 0.9547012844219271
   21776 with score of 0.9394684527234309
   21671 with score of 0.937063912086937
   25201 with score of 0.9228839458334308
These are the actual items bought: 
   12096
The arm 0 has vector {0:0.5445501386130861,1:0.3707673025522674,2:0.5974293622661359,3:0.2694027121634418,4:0.4490893452192095,5:0.2037189531418071,6:0.3659567832990668,7:0.8901062670525588,8:0.1617330187817303,9:0.346587520292968,10:0.016354792160005904,11:0.8740695891422544,12:0.08406795196894834,13:0.2486961375612703,14:0.7314247454941737,15:0.12842992270924147,16:0.13207457585703697,17:0.12666042484212459,18:0.8556464149852797,19:0.18675615806414847,20:0.36324987307695056,21:0.8648851116340894,22:0.8031848008706161,23:0.27520596984681434,24:0.5925252978240213,25:0.7336098561010662,26:0.6307420846195538,27:0.20229077864311795,28:0.09470043585662469,29:0.06117363958868938,30:0.39891257334871166,31:0.46879469957562336,32:0.9644470179810982,33:0.7380631497776914,34:0.713145862435452,35:0.28341943729707453,36:0.1352448154206245,37:0.421145540771499,38:0.45051547457822894,39:0.8488680398191011,40:0.9113624612770073} with alpha 46.0 and beta 199.0, percentage 18.51851851851852
The arm 1 has vector {0:0.39101595318081583,1:0.23807606312573548,2:0.46528203831127013,3:0.12519576622158268,4:0.9934460866879455,5:0.06905897035246589,6:0.6635566626377375,7:0.26351938053466595,8:0.42795121390780566,9:0.8815879651466247,10:0.6432627533414147,11:0.8110695911073803,12:0.7776114384258626,13:0.09909070123691988,14:0.8356158516965846,15:0.22623911694397103,16:0.8069068279393384,17:0.14367391668891571,18:0.7316873833031344,19:0.7910601272356866,20:0.15027803858900557,21:0.1283281400247307,22:0.6478553859433738,23:0.4251609560382106,24:0.25925947031036445,25:0.018401893628257726,26:0.13849128041809944,27:0.4181200389862457,28:0.6399232198949181,29:0.723561005059904,30:0.6586728554908357,31:0.6323200370671791,32:0.3051497305551796,33:0.7125788504258344,34:0.7022083168440523,35:0.9566760187538528,36:0.552143308610341,37:0.22781228117251984,38:0.42273910635472167,39:0.6117455985373987,40:0.6222278934795815} with alpha 16.0 and beta 78.0, percentage 16.304347826086957
The arm 2 has vector {0:0.42825582361978676,1:0.3036846928253296,2:0.06490210688128961,3:0.16998813792093215,4:0.5189822974369322,5:0.31365285931735387,6:0.5581721568916352,7:0.3792139830071726,8:0.32817212578332955,9:0.15405037664453314,10:0.1819488574913204,11:0.1485005577602515,12:0.1973087210400566,13:0.6528526207974477,14:0.0015042729551828504,15:0.23576271720240438,16:0.3545620623496404,17:0.5911554524309008,18:0.2655611860433671,19:0.5664379786014324,20:0.7252219948992034,21:0.7227841490145217,22:0.19439428076670184,23:0.7949761196350957,24:0.6118571132511973,25:0.8215975822481844,26:0.6615820156739545,27:0.768556863997694,28:0.2567261099371314,29:0.045212879126605765,30:0.0854800727250169,31:0.27454337634991866,32:0.8721213155233284,33:0.4855105837170266,34:0.6322450167229712,35:0.6001881452171391,36:0.2471798378086233,37:0.44828310618311307,38:0.3018991544096564,39:0.24832944195483553,40:0.8425167896587534} with alpha 21.0 and beta 108.0, percentage 15.748031496062993
The arm 3 has vector {0:0.23180447712749497,1:0.5983885121080765,2:0.043055995890374454,3:0.09102960548723937,4:0.7696770289907009,5:0.6392559353969525,6:0.17443540507373145,7:0.48542983605247847,8:0.3439199209282454,9:0.04835332755738486,10:0.4791211767678698,11:0.48241155418395754,12:0.7518627385112223,13:0.3715743286524088,14:0.1479366073730749,15:0.06403550496305022,16:0.528429251706935,17:0.3106722315918128,18:0.5018096706082452,19:0.22020230612474445,20:0.019104869672625258,21:0.790458286934362,22:0.6637167707636373,23:0.559938117484646,24:0.1829122960730052,25:0.4327008469480319,26:0.11356810336654943,27:0.5787790390877132,28:8.514836121457092E-4,29:0.38151378993046403,30:0.6577130998401417,31:0.8711037509999909,32:0.2990734417192116,33:0.8922251383571602,34:0.2780441776401352,35:0.8634578255752902,36:0.008043749445477477,37:0.43830503358374284,38:0.08624556234096248,39:0.9837222281796206,40:0.6054893518316214} with alpha 2.0 and beta 28.0, percentage 3.571428571428571
The arm 4 has vector {0:0.6939006691312385,1:0.25791061512549096,2:0.6481083485936204,3:0.6583904982559149,4:0.588612890220678,5:0.3512916461387834,6:0.8187461693850151,7:0.5927867782123967,8:0.6389304757567014,9:0.8467857760188144,10:0.16710351161519466,11:0.49491897637467297,12:0.010275192377426023,13:0.9026677487935587,14:0.7854922229975626,15:0.6695992822625255,16:0.868282493101596,17:0.8122318455309303,18:0.7003898566881035,19:0.7990442906126075,20:0.22930275122635468,21:0.9298560363914028,22:0.47140691847003025,23:0.36930285610991487,24:0.5286222630084874,25:0.33702012370801404,26:0.6972377379900481,27:0.5896992120195015,28:0.3584500889502731,29:0.9486787094856424,30:0.4035375705272236,31:0.8761410666409228,32:0.5904687682499378,33:0.6966309802958697,34:0.5402210680930738,35:0.4238034905165535,36:0.892410933904412,37:0.8984524977601932,38:0.0540149260357935,39:0.8404415464909472,40:0.3396990404395057} with alpha 24.0 and beta 115.0, percentage 16.78832116788321
The arm 5 has vector {0:0.17098062237644562,1:0.47385644919257364,2:0.6372643712726825,3:0.8332137149771972,4:0.05537680501920317,5:0.5723536811391846,6:0.7952302789935491,7:0.3220031585315496,8:0.2314682846411582,9:0.7157759889169804,10:0.7240800292184978,11:0.12052586199614457,12:0.6735857394078979,13:0.8770654088406379,14:0.7711445166672167,15:0.35899524805983285,16:0.6239200756930742,17:0.5808608579743678,18:0.8964136631580222,19:0.06052019030603639,20:0.5781640039899509,21:0.6641224367849361,22:0.4359565688084234,23:0.29132240800792386,24:0.24500031572707937,25:0.2505222900941524,26:0.712247963055335,27:0.5018801130475024,28:0.33243388862584333,29:0.8886497364929264,30:0.737645347804364,31:0.7899105467497995,32:0.15829445571942158,33:0.7952793743620251,34:0.36817766220572845,35:0.09164272712746058,36:0.7596895520156317,37:0.12970272917573222,38:0.7332739334497689,39:0.5248468287741108,40:0.41222090233155917} with alpha 4.0 and beta 44.0, percentage 6.521739130434782
The arm 6 has vector {0:0.7274130791631402,1:0.21736737048817933,2:0.7601903790289679,3:0.37439411912672027,4:0.7510130170176358,5:0.8171448861593231,6:0.49402922525813775,7:0.6102581979741697,8:0.29271761148942355,9:0.026552791062630532,10:0.39278608130173065,11:0.612648892091122,12:0.28341204899097994,13:0.41720885468032565,14:0.8366384529829419,15:0.40224060470186984,16:0.6215528187861828,17:0.2680944111944541,18:0.3639337638469299,19:0.8609801320876275,20:0.04194814760207766,21:0.03672069859371663,22:0.9414757720241389,23:0.48513338277630536,24:0.7545927148792523,25:0.2733370423825662,26:0.006552009783829638,27:0.7408115602292915,28:0.48853412667242135,29:0.7982885764987597,30:0.7518034208308915,31:0.131002746072319,32:0.28754063827602905,33:0.48576401081110965,34:0.692314087932075,35:0.08897132749858616,36:0.23518160551340173,37:0.6838180110825381,38:0.7080646756304934,39:0.5498102825254525,40:0.5907351064767317} with alpha 9.0 and beta 64.0, percentage 11.267605633802818
The arm 7 has vector {0:0.2918896322552603,1:0.40327072885264104,2:0.18603775015705526,3:0.34550274667453973,4:0.7822371813649763,5:0.40419168950968554,6:0.5510591141154866,7:0.8907124118621784,8:0.6467216788070609,9:0.011805457804631714,10:0.07971740934665705,11:0.4066776556072258,12:0.7271338043634302,13:0.8825232530700056,14:0.8025829498462629,15:0.647766546776663,16:0.04797846259662042,17:0.9270726119992534,18:0.6973728221829801,19:0.5504663279893452,20:0.24104587600672955,21:0.7652775968721445,22:0.36388083556579,23:0.1671331378250086,24:0.9415104229793386,25:0.06236239549186218,26:0.09190861614956447,27:0.5264206919839393,28:0.336721493456718,29:0.7072348273031717,30:0.052156072336052794,31:0.06739392138933664,32:0.4982244614080741,33:0.5362123679450262,34:0.6972934402905139,35:0.009506982415111831,36:0.7765207503846816,37:0.5164291068588559,38:0.45801828855648985,39:0.7267691606953139,40:0.06560292804339285} with alpha 123.0 and beta 469.0, percentage 20.677966101694913
The arm 8 has vector {0:0.13384249408307936,1:0.6085960495085619,2:0.22319508788539755,3:0.4004996928550375,4:0.9688872494774687,5:0.0028993936968193523,6:0.39231776842227517,7:0.628183871498317,8:0.7226355082131954,9:0.9527373929946839,10:0.22601451587047217,11:0.6864474940227024,12:0.8351127506979877,13:0.7941658952144923,14:0.5316462047002727,15:0.19289792788600157,16:0.6656475326693769,17:0.7887650292825422,18:0.8274564764601532,19:0.4444061825396336,20:0.43929704684523463,21:0.030408528550094793,22:0.9430397227964614,23:0.8126155315426064,24:0.28169077762226,25:0.8381300763352575,26:0.37975160935970675,27:0.8783021373274733,28:0.7183897199790811,29:0.41489856647442547,30:0.047349763496751796,31:0.4732271039899971,32:0.06236393153755604,33:0.24961149630296864,34:0.8718778930466046,35:0.4984863990865197,36:0.8309503845176421,37:0.3736879329668955,38:0.5796868269898454,39:0.7395166801188272,40:0.704583574260555} with alpha 10.0 and beta 66.0, percentage 12.162162162162163
The arm 9 has vector {0:0.046488905376205425,1:0.6784617234079399,2:0.3832799495367203,3:0.2893931158124896,4:0.7435804202081899,5:0.01167980797544399,6:0.056306098906896196,7:0.7038790514653365,8:0.4560890934941412,9:0.5858400768281926,10:0.5662383511328012,11:0.3475778495727273,12:0.9821087220788328,13:0.25855872680491665,14:0.7113548547693872,15:0.8558365493220285,16:0.9236010779635174,17:0.7484594817167264,18:0.11597222523852935,19:0.4254800396659232,20:0.18388181535682158,21:0.5188483470205816,22:0.8508501094684959,23:0.15645923878601242,24:0.12927503030712673,25:0.4791708810303019,26:0.3005772866805926,27:0.11013086899923441,28:0.6368558101062664,29:0.8513701999136588,30:0.9432399267875703,31:0.7085683921369593,32:0.5772662794106708,33:0.8745974832487514,34:0.9414389525073127,35:0.9310493343269437,36:0.9221096351245761,37:0.5149796367887306,38:0.8962561603213004,39:0.8928542983972655,40:0.6134786101595296} with alpha 6.0 and beta 49.0, percentage 9.433962264150944
The arm 10 has vector {0:0.24432397922894822,1:0.949357655360999,2:0.35345201215447963,3:0.17135626377012714,4:0.4257841711556958,5:0.1843257794789498,6:0.8641112255926607,7:0.5575763080326943,8:0.7991785276855954,9:0.7230983025858745,10:0.045301981338432884,11:0.3605060676111077,12:0.14317472638599626,13:0.22868118908144452,14:0.683163532549312,15:0.7233326004974315,16:0.3802077992609818,17:0.10862057744918063,18:0.7247643322652167,19:0.5453858265967094,20:0.3783825587475472,21:0.4093903271814211,22:0.07229335544690685,23:0.3053619395597862,24:0.9281454701014534,25:0.7536080406053617,26:0.6320215857350732,27:0.23363595466237452,28:0.28612753457002393,29:0.9824206410741518,30:0.7450546432741615,31:0.8056811165672472,32:0.6259883662069919,33:0.607757958465695,34:0.21278242159119332,35:0.9662838876062455,36:0.7678453468246735,37:0.11123319291236144,38:0.1478990395933839,39:0.39735695375965896,40:0.5537164485476376} with alpha 81.0 and beta 314.0, percentage 20.35623409669211
The arm 11 has vector {0:0.7808746628255042,1:0.15917081664654797,2:0.4352926667699679,3:0.32707707721259316,4:0.13169526944804788,5:0.8642169338077031,6:0.3051927930815439,7:0.02234868656997846,8:0.4253560256183264,9:0.9668777237705599,10:0.609516890904417,11:0.5683813632246124,12:0.6133179438830214,13:0.21748104961823722,14:0.8587564547037198,15:0.6638193486102371,16:0.5606195033338262,17:0.987097959768203,18:0.2278481751429393,19:0.8473196994279815,20:0.9318909702956901,21:0.7818608323584902,22:0.48666570652325936,23:0.943136800105174,24:0.4990536562096418,25:0.02273061388384323,26:0.9720724535220787,27:0.1473061536395146,28:0.42504502059686355,29:0.8138480073561277,30:0.12521491396643192,31:0.8587793266919577,32:0.09362362869596819,33:0.5725065701113743,34:0.19391115395241743,35:0.31045919491537943,36:0.5176057789399888,37:0.055563390190551676,38:0.46919798853088435,39:0.2789527742348734,40:0.6873772830283805} with alpha 3.0 and beta 34.0, percentage 5.714285714285714
The arm 12 has vector {0:0.1800762688040226,1:0.6891700260417085,2:0.9876496951375954,3:0.8572966819991399,4:0.6787949161990156,5:0.4337235142382856,6:0.6268876005987614,7:0.9772883869313277,8:0.8330958951012039,9:0.7523070322144094,10:0.674621409427694,11:0.5583700524875134,12:0.28181670027230743,13:0.15399972161439401,14:0.16812272188922717,15:0.4913209362930677,16:0.17758626206721673,17:0.18286116017635412,18:0.6523279336421334,19:0.6662031082054298,20:0.12112792073606526,21:0.5121355418807141,22:0.9573468207038122,23:0.43381280570125147,24:0.37922471645188616,25:0.6972182911562297,26:0.00662012022001468,27:0.03851158250048181,28:0.35546015870889447,29:0.6325732514825684,30:0.2583723460927472,31:0.5098932115078265,32:0.5843762503879469,33:0.4655643995211378,34:0.6975480420494671,35:0.5622237906486164,36:0.32806195570512264,37:0.1232189208704999,38:0.04292369372773108,39:0.025129471695580885,40:0.6440695940438516} with alpha 38.0 and beta 157.0, percentage 19.170984455958546
The arm 13 has vector {0:0.5329855160548287,1:0.31873036131393506,2:0.8015471311224964,3:0.8341143044958957,4:0.7614157267864092,5:0.19395724578382667,6:0.20658922140493075,7:0.31519410341558485,8:0.45447793934176983,9:0.63775674085113,10:0.8960189532054686,11:0.8706657188342606,12:0.5742436316805788,13:0.023941020444642525,14:0.28382315619901255,15:0.7585928512908748,16:0.6080582224708727,17:0.08382076516327408,18:0.3710538563694564,19:0.059218312067522816,20:0.629188876314347,21:0.3857796830614706,22:0.5136599495149954,23:0.2875451753818359,24:0.2587436876870052,25:0.8363322034359122,26:0.6690804969854777,27:0.22111248342120715,28:0.07220100181370492,29:0.7050539831477776,30:0.5364999998384944,31:0.8457981353212158,32:0.7610641770976827,33:0.08536861135726159,34:0.14615937426579206,35:0.34775215299238393,36:0.6059809862108217,37:0.400180234351766,38:0.6970957584837683,39:0.2995156200805805,40:0.15636018976744492} with alpha 2.0 and beta 31.0, percentage 3.225806451612903
The arm 14 has vector {0:0.4129474246006556,1:0.6459470328497648,2:0.29953976260888726,3:0.991392400014755,4:0.0518430712615201,5:0.5800648721101994,6:0.12986468286839636,7:0.6336731112473569,8:0.7445076133350736,9:0.31502994130586837,10:0.9687673480376766,11:0.1384610786476207,12:0.15529404814391057,13:0.357102985674303,14:0.7290890191950528,15:0.018084227035621847,16:0.3947512288203001,17:0.5719402652388018,18:0.5994262798569108,19:0.09348995334963106,20:0.2459526289226387,21:0.8247180913768838,22:0.4740956534177051,23:0.9651429019271581,24:0.867572944745712,25:0.9904025581578061,26:0.5551725540933617,27:0.18983134840959903,28:0.13833976602473286,29:0.5071919479916773,30:0.41348522510792207,31:0.26278667994942306,32:0.7280798655143945,33:0.6353484842060695,34:0.7887236134324064,35:0.9671649222280823,36:0.11761063595260002,37:0.18445082156234938,38:0.8678203838736769,39:0.6874946414125228,40:0.9921001088046285} with alpha 4.0 and beta 40.0, percentage 7.142857142857142
The arm 15 has vector {0:0.0958724250212315,1:0.8376777653927967,2:0.5190315272518133,3:0.3248100624546918,4:0.47381660769841993,5:0.2607592345363301,6:0.6947984644384069,7:0.46587253059444467,8:0.9949999862631987,9:0.33556221574499157,10:0.3184436778586035,11:0.20634404728413502,12:0.4002331017597386,13:0.4641820100960673,14:0.44752801648254337,15:0.8120763625278842,16:0.9357413791543946,17:0.3972240098340081,18:0.23353135164055605,19:0.30288667760847743,20:0.6070525726530482,21:0.263705876407307,22:0.24050054763888395,23:0.2668957779297948,24:0.4052264441112635,25:0.3353064923142156,26:0.08334011482082315,27:0.6289107254035671,28:0.8359652936863767,29:0.7512064914386362,30:0.867931894876448,31:0.7953583631856672,32:0.7683092336104049,33:0.028999845254236267,34:0.8997716324187733,35:0.4706584645547084,36:0.8227083073373285,37:0.34979825357820693,38:0.8868847620769972,39:0.05110450246813858,40:0.04959695175833456} with alpha 35.0 and beta 145.0, percentage 19.101123595505616
The arm 16 has vector {0:0.5529450885768136,1:0.04766253733801362,2:0.7467106040269559,3:0.4372026299928269,4:0.7657790148424096,5:0.8378832422949631,6:0.2696469917740919,7:0.37976851030894654,8:0.6839730118937076,9:0.6273916130952297,10:0.22180816170897932,11:0.10989645060304443,12:0.8945665707641544,13:0.5788381392219418,14:0.5627775117445778,15:0.9694638048880593,16:0.20755531783112435,17:0.8539529396870686,18:0.37459558955759775,19:0.4743449687633954,20:0.7069354725620648,21:0.7660224572114078,22:0.44748663997196614,23:0.23745408544959945,24:0.7113180173772017,25:0.39991671614348934,26:0.937740380384852,27:0.6874485872838141,28:0.9591226429610145,29:0.25023123977382045,30:0.13826841837136128,31:0.786733495092893,32:0.2712901517027244,33:0.2898593210887389,34:0.6575158252241974,35:0.29113213257706916,36:0.22863452217289426,37:0.4170908070134258,38:0.5398402413588106,39:0.5295950780871491,40:0.7341644879009006} with alpha 3.0 and beta 32.0, percentage 6.0606060606060606
The arm 17 has vector {0:0.87847199443284,1:0.5693212343257574,2:0.9076038918431603,3:0.7759780519272188,4:0.45767137662405377,5:0.40997481814936254,6:0.9814951153356556,7:0.30069751500079545,8:0.6093136892682239,9:0.4838946230384287,10:0.3143100923983285,11:0.06374905861993352,12:0.2958958288090029,13:0.5129993120847841,14:0.236648423145567,15:0.9007537307123908,16:0.6112804800382797,17:0.6788931479334672,18:0.7665532164582209,19:0.6667469208888105,20:0.9472567706132028,21:0.8110492169604613,22:0.06407195020606393,23:0.5553329654665817,24:0.20811849997594423,25:0.30752649275850275,26:0.29105875597690545,27:0.9145579104059876,28:0.5049233748115044,29:0.6579978982912104,30:0.22366771089406023,31:0.14302365554206353,32:0.17521583506638028,33:0.2599512604311275,34:0.41188661469689225,35:0.452267418423674,36:0.4067637525921569,37:0.2557930662404164,38:0.38631178619014594,39:0.05100986509483896,40:0.011681141522090432} with alpha 30.0 and beta 132.0, percentage 18.125
The arm 18 has vector {0:0.3176257431355052,1:0.5923067385248377,2:0.8565655252413744,3:0.6594770051256583,4:0.23319068882727678,5:0.23053024518376652,6:0.3185950801847317,7:0.5957714720475249,8:0.07609271242501914,9:0.741542530311311,10:0.9712675969590537,11:0.5704104447646583,12:0.20657017532635513,13:0.8228866840024732,14:0.07062569905115912,15:0.016803435240748454,16:0.2921609858240012,17:0.8608492154514155,18:0.6136180944360513,19:0.016503403685379614,20:0.02014835734126419,21:0.2671717913091779,22:0.5460732880578033,23:0.5952229586755876,24:0.14503199807261802,25:0.9930152953741241,26:0.4275090357181546,27:0.05390838007152721,28:0.05797988808358001,29:0.06374099958947277,30:0.7464845693077239,31:0.3703869734652262,32:0.5948667043640717,33:0.9028425676561399,34:0.36749608764092656,35:0.20372026091958728,36:0.8850842986893723,37:0.3151423463972005,38:0.3883381373930179,39:0.32596883543282695,40:0.2169757424370824} with alpha 16.0 and beta 80.0, percentage 15.957446808510639
The arm 19 has vector {0:0.5290255244446277,1:0.9073020528590068,2:0.18583079791000812,3:0.5932027622393642,4:0.8881694975916103,5:0.15082958988547746,6:0.6309635783960965,7:0.7228816942117882,8:0.30535593051926024,9:0.1899352871589478,10:0.17218206861357432,11:0.31973125177491635,12:0.21772106492716214,13:0.43666728812956546,14:0.3608537770889083,15:0.338924727543384,16:0.41347884026091775,17:0.3498464172964776,18:0.3582367143236096,19:0.9153259059419624,20:0.2733888390902198,21:0.46448026448842494,22:0.8123948841711687,23:0.7799174789317552,24:0.3013502411882044,25:0.869211426029525,26:0.7013292676488094,27:0.5687586124413826,28:0.6338290303600138,29:0.7205805046549242,30:0.17888901142900715,31:0.11016061476619099,32:0.6347511241245333,33:0.3623888826685542,34:0.3230787550283716,35:0.9006659039630445,36:0.8121073799884353,37:0.7646094435086982,38:0.8822532316428097,39:0.4190625401153485,40:0.059385286432288464} with alpha 65.0 and beta 253.0, percentage 20.253164556962027
The arm 20 has vector {0:0.7262047881123275,1:0.06710018370973625,2:0.7329964078100322,3:0.837241304422776,4:0.2721448787934806,5:0.11666138448113084,6:0.10764244738858653,7:0.6732696428567778,8:0.7755650946921268,9:0.8693332944161286,10:0.835601474026592,11:0.4963671449683742,12:0.8130537980923841,13:0.6007208807325342,14:0.6711455942743821,15:0.7562889237850576,16:0.7756065274270048,17:0.6583572526855823,18:0.3674004380339533,19:0.5657056560666055,20:0.8173048186546132,21:0.3274213544095106,22:0.6211403754864768,23:0.3458588168949741,24:0.5691391356185251,25:0.5660468821779658,26:0.1499446265044314,27:0.3369531639891815,28:0.8333153053639581,29:0.2368405314747346,30:0.7792085770447472,31:0.4354843380731801,32:0.14587537170601095,33:0.9519883599814855,34:0.5399272288514243,35:0.17788988025432262,36:0.996156305294004,37:0.5752722689203082,38:0.7656463607993504,39:0.3333094508419945,40:0.4179546619722211} with alpha 109.0 and beta 414.0, percentage 20.72936660268714
The arm 21 has vector {0:0.13814133371452852,1:0.5925595921138702,2:0.6501416842481555,3:0.7120035634271205,4:0.38498009542304223,5:0.8374425352339615,6:0.5616735431733069,7:0.6863402087169591,8:0.7060151337849503,9:0.11381100083828322,10:0.8523706388881471,11:0.0025887431961700846,12:0.20960069717607077,13:0.6736937539300698,14:0.9426584584866479,15:0.021449214586945153,16:0.010313631606485019,17:0.16808219586262851,18:0.6500113100312517,19:0.07190220863642383,20:0.30760314852822823,21:0.1956252363979739,22:0.04361059611274809,23:0.8289826373815862,24:0.9948378800450994,25:0.9083041863925917,26:0.2255106605815651,27:0.6459594598106161,28:0.05215601739145992,29:0.04547699392422411,30:0.026742890436108335,31:0.23084247081597886,32:0.20504400620989693,33:0.06577914945392249,34:0.5623874432813073,35:0.04846495992768296,36:0.4945140896003324,37:0.6547008048637138,38:0.5840871890487912,39:0.34171795133691096,40:0.794125957263133} with alpha 4.0 and beta 39.0, percentage 7.317073170731707
The arm 22 has vector {0:0.395685718141762,1:0.9261196037550561,2:0.23393358170935807,3:0.9670629693094657,4:0.3796300306882603,5:0.4291605016616079,6:0.9159699826104787,7:0.6718257636308229,8:0.46342996956356586,9:0.22221181528269907,10:0.4931713905039474,11:0.9429949391276017,12:0.7194743017288803,13:0.11863053945046742,14:0.4049982856082307,15:0.4692913398062881,16:0.23870105932643626,17:0.30870674938048315,18:0.9292844193705101,19:0.36928669997202634,20:0.5360965150740092,21:0.43131395701547925,22:0.31398280886141494,23:0.6559002732691758,24:0.5999741005441566,25:0.9021007936772499,26:0.6075906214104441,27:0.38285078798757743,28:0.6432462625698809,29:0.5565794044550944,30:0.6634694848011334,31:0.5924629858885384,32:0.9978485100569595,33:0.044081683299230345,34:0.07813276386615631,35:0.43417964291137046,36:0.47115320541783856,37:0.5404446468030165,38:0.14900391230933396,39:0.8151986582065028,40:0.9066885999234252} with alpha 97.0 and beta 356.0, percentage 21.286031042128602
The arm 23 has vector {0:0.038770378255791216,1:0.14223790330991837,2:0.15224125406811606,3:0.8907305751727365,4:0.8727636399200432,5:0.23494660995279937,6:0.7989520692037239,7:0.5480442523791375,8:0.047651332852264305,9:0.21740589786095776,10:0.7812248622306628,11:0.7928308937572369,12:0.40234476602158054,13:0.02881820456057793,14:0.9322113541358779,15:0.80532769820836,16:0.0867951489615052,17:0.8762164643876217,18:0.3193724538903773,19:0.9924070323282214,20:0.8337502348173935,21:0.7797112097448979,22:0.4192087712885372,23:0.1492299525047992,24:0.4778473768600676,25:0.14857782620114846,26:0.6554347189767229,27:0.8469667722890627,28:0.02666973991300048,29:0.8377618952636972,30:0.3404971751583378,31:0.1145574029773404,32:0.8008239422640785,33:0.19293489475286862,34:0.3881569587475904,35:0.5296690843118387,36:0.012207999901391431,37:0.9509886267698772,38:0.06156927181459615,39:0.3271518928316688,40:0.6737672380056483} with alpha 32.0 and beta 159.0, percentage 16.402116402116402
The arm 24 has vector {0:0.7245952637484395,1:0.6862793825948253,2:0.7766435495754439,3:0.22141448607699965,4:0.30184823648840287,5:0.5345075733085851,6:0.6705113942542279,7:0.6159133291376646,8:0.059738509881834156,9:0.009180591566089191,10:0.9964067243277749,11:0.7721743633003253,12:0.45154407482324166,13:0.4011930091276793,14:0.45086327714207164,15:0.4273489609454918,16:0.8142237096973907,17:0.23253908495977826,18:0.4179012347435137,19:0.5860584445091349,20:0.5526590199820777,21:0.23330804036343988,22:0.06325616471457518,23:0.13419904898959778,24:0.633208298398711,25:0.6766197358888402,26:0.5500080516015172,27:0.5256069047707934,28:0.5498464940955174,29:0.9981200018269064,30:0.10939877209423676,31:0.9315796468024201,32:0.3437086853644682,33:0.8213034443166919,34:0.49430409505003703,35:0.7271076757811324,36:0.6554368439609796,37:0.09549852041591933,38:0.36147266222695207,39:0.16920844364228227,40:0.4601230097676281} with alpha 24.0 and beta 116.0, percentage 16.666666666666664
The arm 25 has vector {0:0.7282966022605848,1:0.5461725959981101,2:0.7600938410264492,3:0.21709031393592093,4:0.6761976656181016,5:0.27024908332734543,6:0.315045022138816,7:0.8714207955029156,8:0.9110561230924763,9:0.46381581858247156,10:0.8109062790699705,11:0.6092953923832769,12:0.609410837554687,13:0.41436131819531974,14:0.08287830253153916,15:0.5213078392731543,16:0.20692445072853705,17:0.19682008389277272,18:0.505349516971646,19:0.21087215608336618,20:0.9075068411615644,21:0.941270340417949,22:0.8839512578121379,23:0.6709333983729728,24:0.5918110282045909,25:0.5242129163590786,26:0.25975095222196354,27:0.7618746549558464,28:0.7938685852264269,29:0.22330289147395654,30:0.3769645263411783,31:0.8706497435521573,32:0.7847036355760174,33:0.9778176189223315,34:0.19578786896528455,35:0.5070135080622598,36:0.1470290378036263,37:0.7409756224918057,38:0.14092465492375061,39:0.07848619193513573,40:0.8064300281420831} with alpha 32.0 and beta 151.0, percentage 17.12707182320442
The arm 26 has vector {0:0.994637679899587,1:0.28806231601491017,2:0.4116130640724799,3:0.19767550222843255,4:0.12472925618488351,5:0.6132451868915888,6:0.3537305634325729,7:0.5355210665131296,8:0.8286467864929332,9:0.02652769673631017,10:0.38575096990633484,11:0.6415327167773955,12:0.9844614370579129,13:0.26687000079877343,14:0.17588355702139669,15:0.31564227718084514,16:0.7415174104786245,17:0.671372129519773,18:0.9518627764759802,19:0.6107962974481037,20:0.7562317152849481,21:0.4279618342924092,22:0.5445494679036383,23:0.2072076203341362,24:0.5796409005321483,25:0.8000048748889999,26:0.5668787658308504,27:0.5432521409676789,28:0.6440737700256215,29:0.7647231809035286,30:0.4430771965768504,31:0.19891227002301137,32:0.010203329973256237,33:0.2535755068649227,34:0.8658165367409209,35:0.5968212286150334,36:0.46361581249700845,37:0.15229373424744086,38:0.9618649876072388,39:0.9782166555626292,40:0.7009177565421307} with alpha 2.0 and beta 29.0, percentage 3.4482758620689653
The arm 27 has vector {0:0.5158269591517244,1:0.3438313152979886,2:0.12357529016938751,3:0.7363669108082718,4:0.8517742482072462,5:0.7387298807995101,6:0.7729423671373862,7:0.33197766314622246,8:0.16734615060563884,9:0.7112187275347359,10:0.563212991599604,11:0.7507646263926288,12:0.6257735427853658,13:0.5881170290029119,14:0.5404472183613157,15:0.28288069575988395,16:0.674533710115352,17:0.4784916477926091,18:0.7918748847962715,19:0.6496372753455227,20:0.9050697640081438,21:0.5655812099917399,22:0.4637590277362663,23:0.4383247421051546,24:0.4963842536026686,25:0.7599157008196732,26:0.951525188561563,27:0.45358649641063775,28:0.3691286420853811,29:0.4455295761451714,30:0.21803238743869346,31:0.5666375377508155,32:0.11501361906646212,33:0.29993955651693494,34:0.9308216904356805,35:0.02832736169060235,36:0.9929745430407353,37:0.7951933947076262,38:0.26093498129596304,39:0.01638397470084929,40:0.6598040626158865} with alpha 2.0 and beta 31.0, percentage 3.225806451612903
The arm 28 has vector {0:0.4775129319429873,1:0.5838927747412027,2:0.11884579522892635,3:0.4701095452759314,4:0.9265335606602295,5:0.570330619843917,6:0.2907311780429822,7:0.4760645555176628,8:0.20332935356723048,9:0.35042814174495973,10:0.13236634646529577,11:0.18496897778128163,12:0.5864711995679696,13:0.43431970395117037,14:0.7124307150372137,15:0.1274474372588693,16:0.5437430650317722,17:0.5261273179887762,18:0.714310703436795,19:0.21259147292097913,20:0.0973135014076687,21:0.13533763998981008,22:0.12727231326059663,23:0.7663386908033106,24:0.9112208373627733,25:0.062297823449858014,26:0.6134516408220427,27:0.5470498809856071,28:0.6828797756021303,29:0.29128827786132616,30:0.9119917942483619,31:0.39472334807427367,32:0.3313975395689188,33:0.33459730140769517,34:0.361983879298893,35:0.5469929599766509,36:0.8977746324053165,37:0.5463543726551898,38:0.23215396032039182,39:0.5280628331325733,40:0.20086951996774893} with alpha 1.0 and beta 24.0, percentage 0.0
The arm 29 has vector {0:0.9036066732929646,1:0.7484148318418218,2:0.39040495642883855,3:0.07568713822784745,4:0.03415993757387181,5:0.8697994089729981,6:0.32970688254307345,7:0.3754037897287903,8:0.49464512284192497,9:0.46544090932703097,10:0.2718368502422257,11:0.5668539861091486,12:0.07344090419085991,13:0.1887778967024485,14:0.9244789103384199,15:0.8258773201316599,16:0.4511916570892682,17:0.5107653975430436,18:0.10107187199373313,19:0.9386547267108607,20:0.6158419226089307,21:0.11456510356129301,22:0.5954434248276648,23:0.23827189004288352,24:0.27460828428403883,25:0.7257098978111592,26:0.7679675763766104,27:0.3016081042934746,28:0.9517138311477817,29:0.1630927122790815,30:0.05989925616994063,31:0.2646754418692915,32:0.8569196228653008,33:0.11332787131584943,34:0.3658410330471953,35:0.20921204181155617,36:0.5022769502760963,37:0.7568110623637289,38:0.13281749475769045,39:0.1602113478656193,40:0.16558843322436145} with alpha 3.0 and beta 35.0, percentage 5.555555555555555
The arm 30 has vector {0:0.19530987838329905,1:0.32333164153782856,2:0.1237071739947504,3:0.037149857054705415,4:0.4882286979807672,5:0.9648281121674543,6:0.18271093011527828,7:0.6239718094004353,8:0.20607803642708256,9:0.8885179141337485,10:0.18921090980486255,11:0.3439509817799129,12:0.9952710213964095,13:0.5533358283845183,14:0.734557273175332,15:0.9066558591195092,16:0.09083625093831871,17:0.14896497237878226,18:0.6576999540368217,19:0.5308976909768504,20:0.25569594404405127,21:0.27482444931753025,22:0.3443197783582145,23:0.04565589929650371,24:0.4159297864711572,25:0.5275307682223206,26:0.12928884347856706,27:0.7864206784671295,28:0.7608884210974949,29:0.2865570426007975,30:0.02725269346932535,31:0.40311272542849086,32:0.9447577033417658,33:0.7479994247263649,34:0.487892547933674,35:0.6740217615477767,36:0.9234050324134866,37:0.748079559883717,38:0.8678595340682422,39:0.7668394132881514,40:0.9036016455442695} with alpha 1.0 and beta 23.0, percentage 0.0
The arm 31 has vector {0:0.8459272216489473,1:0.8008164302804966,2:0.41293200347239656,3:0.6018166539152343,4:0.8691638668405323,5:0.9756476911707382,6:0.25809343802246687,7:0.4589161894319874,8:0.8524174380090875,9:0.6010554615157229,10:0.3804922817878442,11:0.3992616697028881,12:0.09444866812498798,13:0.5027541729216743,14:0.7174750700120406,15:0.6403796201250034,16:0.9516304376086528,17:0.9899891798627024,18:0.37061259428596405,19:0.9627742186659807,20:0.4380823747285919,21:0.9300021278007641,22:0.9811114181629645,23:0.8535181912367299,24:0.9577794749832054,25:0.7748737293383055,26:0.764032490664296,27:0.9002271744690253,28:0.7588082832790699,29:0.08224579170081625,30:0.5838146573035664,31:0.4548631914448712,32:0.3540762354906909,33:0.4528259890347228,34:0.24151991302454967,35:0.2869600806430517,36:0.17710464309518537,37:0.2768580492137963,38:0.33585494656889847,39:0.17463939286298968,40:0.784536153483216} with alpha 1.0 and beta 24.0, percentage 0.0
The arm 32 has vector {0:0.7468286490225564,1:0.7710963033241958,2:0.7709652353537858,3:0.47780013061335236,4:0.6563185340526201,5:0.9523768695103875,6:0.2771880923629054,7:0.9483551033364689,8:0.6178074307323774,9:0.6550038210559659,10:0.4534606601785899,11:0.273506805628012,12:0.21475669207989134,13:0.47256303156226387,14:0.5096700786221302,15:0.7490891112191114,16:0.30376997488006297,17:0.8677754197421582,18:0.5503234439735188,19:0.43474713142605326,20:0.4733113051841652,21:0.24364279135666578,22:0.37967643291052766,23:0.3883628028335493,24:0.5214648591551498,25:0.365624045490764,26:0.768338994135147,27:0.9565169169264253,28:0.8194737762001612,29:0.4702614736341344,30:0.06509640602243949,31:0.34538012623560577,32:0.6871210548640677,33:0.406210339114662,34:0.6389862687477794,35:0.28068159999748177,36:0.02114402009301486,37:0.9168364346040275,38:0.626037264594221,39:0.13613331548868612,40:0.5139676971191423} with alpha 12.0 and beta 73.0, percentage 13.253012048192772
The arm 33 has vector {0:0.43946208246321206,1:0.2294820180021494,2:0.41219945406080094,3:0.053689595707626325,4:0.13649681436484074,5:0.28680586106007955,6:0.13985108218460107,7:0.0038868275819413656,8:0.7297310556076081,9:0.45123566878167176,10:0.2769711717262041,11:0.5098916706589103,12:0.9068554707820904,13:0.7213314123998329,14:0.07713456688528064,15:0.33035217451024756,16:0.7016867276287218,17:0.01890953044515853,18:0.706489525551667,19:0.268665090570987,20:0.5670423839074228,21:0.5750209159770069,22:0.5913088943951815,23:0.8746674190841643,24:0.12452918852114014,25:0.4120632510545953,26:0.8267073847272846,27:0.8700647609192083,28:0.9317047615681687,29:0.8985059648791233,30:0.7550736947149751,31:0.863204247261293,32:0.6542474033108759,33:0.8137443562240714,34:0.8644175191851168,35:0.7193619176941288,36:0.04878732725780144,37:0.3607365659780888,38:0.3667365191805293,39:0.6545429538708103,40:0.94999774868851} with alpha 10.0 and beta 71.0, percentage 11.39240506329114
The arm 34 has vector {0:0.6801793289605563,1:0.8688834896618114,2:0.7152139387809979,3:0.6775002829123469,4:0.6870083689926663,5:0.8990330525186326,6:0.3064416964771052,7:0.8592796331879851,8:0.7128593748576605,9:0.3736794303066191,10:0.8092247851030883,11:0.7652551024529588,12:0.2737288474400237,13:0.6858475620078103,14:0.8473842472751318,15:0.15297499224975464,16:0.9122658521043544,17:0.48221666023402765,18:0.17970348656078217,19:0.26834218520828856,20:0.7709057657163864,21:0.09678088800133477,22:0.14694645683480734,23:0.9577439005731692,24:0.5817193562405026,25:0.6740900196692983,26:0.32098259766803194,27:0.8268137779049979,28:0.09422453747749349,29:0.8703934187116822,30:0.08586965127836155,31:0.25604676232330903,32:0.7348669200020531,33:0.11182438222187907,34:0.19026990157484303,35:0.8501482634047869,36:0.528049914213214,37:0.20350144197553643,38:0.02577846887320323,39:0.9643648500789808,40:0.6021759198104888} with alpha 1.0 and beta 22.0, percentage 0.0
The arm 35 has vector {0:0.44583770486850194,1:0.8426335329905071,2:0.707813927813384,3:0.6525983898373015,4:0.5787442467348476,5:0.5843475316526113,6:0.12611934440539807,7:0.835719560965541,8:0.5134345389132339,9:0.28247658881430115,10:0.35387168836640404,11:0.20091429516885673,12:0.22635664032375047,13:0.8233331591799746,14:0.438774549003733,15:0.6972717698401883,16:0.27889914546468086,17:0.5829290104548318,18:0.21727410078223708,19:0.3521677410686328,20:0.07112283096179195,21:0.7781191786338534,22:0.9951085681127999,23:0.09892375923969399,24:0.6094806950916741,25:0.16939368069113458,26:0.9401323134210999,27:0.9143065372509152,28:0.1331118802580683,29:0.7663338519462675,30:0.29386590850473226,31:0.38024526107201573,32:0.6371622668485457,33:0.3254577530469962,34:0.6142455720596054,35:0.7592628280251782,36:0.12871209736148226,37:0.10564963913946768,38:0.264340041461247,39:0.8000352297738619,40:0.7847184283556876} with alpha 25.0 and beta 131.0, percentage 15.584415584415584
The arm 36 has vector {0:0.5553294739905387,1:0.23048994181900817,2:0.7546322222414502,3:0.15546183384583923,4:0.7450866350842229,5:0.7106881442826244,6:0.31662764203428173,7:0.7047266350808755,8:0.21084561515717104,9:0.5986169494992308,10:0.31113786085766615,11:0.08760331281202738,12:0.6558805149782272,13:0.5014307652225723,14:0.05453740236227056,15:0.08362063137026143,16:0.4765282234530176,17:0.7824468127900841,18:0.5750927130840826,19:0.015012226575525367,20:0.29688525644742847,21:0.07006475394640332,22:0.49111190295979945,23:0.11298907761349997,24:0.8804084037820513,25:0.5912539068392245,26:0.24204938851552305,27:0.2959403652208338,28:0.003771692499636159,29:0.8704932727914088,30:0.6644489416076311,31:0.9281096205027145,32:0.23397482316382734,33:0.9769554535934402,34:0.5451925907709316,35:0.3404044145366305,36:0.47210046383338466,37:0.1600848549436693,38:0.1803213319981466,39:0.12500804025866086,40:0.4945732591578825} with alpha 5.0 and beta 44.0, percentage 8.51063829787234
The arm 37 has vector {0:0.6907419663234341,1:0.48771694417951794,2:0.8756834821125418,3:0.2003740413268137,4:0.29634942787078755,5:0.5371233629132394,6:0.8024857264555211,7:0.7834169289680044,8:0.39211006697578676,9:0.48781582274816093,10:0.9180750131380407,11:0.13721875333622768,12:0.8829059521983194,13:0.5589152726268014,14:0.16716361735617735,15:0.5931622752486796,16:0.6912575729341086,17:0.21705681095968132,18:0.6231852209636055,19:0.2651495077260614,20:0.10423571190370018,21:0.20078774635040586,22:0.13663037999117478,23:0.007284895740119368,24:0.6362889951406844,25:0.5929021911688981,26:0.7569824029142662,27:0.06987968187277793,28:0.36493985010439156,29:0.8638395844439146,30:0.16167959274174548,31:0.27925826520691155,32:0.0233736217705528,33:0.4996620603282569,34:0.0986562232511542,35:0.8860383364268851,36:0.42130889957263096,37:0.033325350898708805,38:0.7908317560542744,39:0.5751832295272192,40:0.9101308177239235} with alpha 11.0 and beta 70.0, percentage 12.658227848101266
The arm 38 has vector {0:0.2548470093297951,1:0.8448242916216695,2:0.023374033966820584,3:0.6398012639207331,4:0.8744186119547737,5:0.5265073829799194,6:0.6776658783589499,7:0.9221448148037745,8:0.5581204830977466,9:0.9372391648564161,10:0.05068662781609523,11:0.7412976175708681,12:0.7495916448471825,13:0.6644626825735829,14:0.24531075544454528,15:0.13161998164135813,16:0.33287935192626594,17:0.5363646231819801,18:0.8612651640011127,19:0.37442603811645214,20:0.6752255500065154,21:0.033907263138308275,22:0.7837735348176162,23:0.21445375142230494,24:0.0223412145803914,25:0.37414128984499384,26:0.031245832498625892,27:0.9999448878904457,28:0.89212861396705,29:0.19174947769894024,30:0.5119155467418783,31:0.35266209826926154,32:0.8024775475350867,33:0.30420226042821685,34:0.6761331847250861,35:0.49483736114668886,36:0.9718133192478049,37:0.11478443947842887,38:0.9871646914165242,39:0.802257692747058,40:0.22515437172035135} with alpha 6.0 and beta 47.0, percentage 9.803921568627452
The arm 39 has vector {0:0.125296400086922,1:0.4976581119608291,2:0.2036010324055041,3:0.8980413541533,4:0.42325897647884647,5:0.8078043982875345,6:0.5462267607662501,7:0.9008655241677619,8:0.45448643543124745,9:0.4983331077591544,10:0.7353284102104849,11:0.030122215199170133,12:0.4070344013851708,13:0.562909023230815,14:0.9644646265939647,15:0.07553962676804193,16:0.1611582525495986,17:0.8041820275458537,18:0.977667996244573,19:0.6957071482710787,20:0.8766964234126708,21:0.7816792559425992,22:0.5699127484308384,23:0.19288585355670773,24:0.07665395588521806,25:0.040225250217419406,26:0.48850420896109326,27:0.4960255797204032,28:0.05689898267677851,29:0.9836287282041482,30:0.2670124485443969,31:0.6422384927016582,32:0.9763904499779621,33:0.23212105783581638,34:0.45503023872145454,35:0.9189108161461719,36:0.46510135464290914,37:0.9111792107681477,38:0.8993296649639663,39:0.6030828535309302,40:0.5842845925481391} with alpha 8.0 and beta 53.0, percentage 11.864406779661017
The arm 40 has vector {0:0.6860899918390979,1:0.45469463851943837,2:0.6333071154402325,3:0.47986913285938004,4:0.6142361098698969,5:0.41780000542073104,6:0.9087937375142188,7:0.615763994234822,8:0.14789215732136807,9:0.6033416883051129,10:0.32192374861289275,11:0.3828966676045954,12:0.277112230839191,13:0.7861999823693672,14:0.07651375854682207,15:0.08186121491933629,16:0.24999748814357758,17:0.2523231913681214,18:0.24291278198625632,19:0.7354880806989231,20:0.6657754623747556,21:0.18292072227372091,22:0.47752805283265354,23:0.28769275310993414,24:0.8011589187796646,25:0.3174391624285423,26:0.4314197356410503,27:0.10821688384899397,28:0.16669156875679947,29:0.08210517339048418,30:0.7469866074244118,31:0.02331922383127394,32:0.6595128731305382,33:0.28318008180010945,34:0.6575040559068439,35:0.3409622426572406,36:0.20591719151436338,37:0.08474437013732206,38:0.4170050299231616,39:0.5232040860853342,40:0.8639853099370071} with alpha 12.0 and beta 64.0, percentage 14.864864864864865
The arm 41 has vector {0:0.6779841262237963,1:0.3714110915849481,2:0.9767529990089937,3:0.24973208448655881,4:0.1036020649671262,5:0.27407379558690603,6:0.829638843799996,7:0.1403462178571443,8:0.025426977746858093,9:0.1457529729197743,10:0.6079433493613206,11:0.7532710501292657,12:0.5169318160901583,13:0.03222792685691089,14:0.15078936835263312,15:0.6294836325920566,16:0.6405346854197713,17:0.09723156445224435,18:0.5894470626366093,19:0.5805616773445468,20:0.5507641543016291,21:0.33431029818073965,22:0.24510764999929935,23:0.7088500900922362,24:0.02925702545464548,25:0.2907339215473671,26:0.5616292330829579,27:0.11599886202053489,28:0.6417296618703376,29:0.14639246914241055,30:0.6148063831766587,31:0.4980733226945103,32:0.6041193693330652,33:0.5051158094790589,34:0.40948559302057297,35:0.0407527888395286,36:0.8540231643287269,37:0.11419863692887067,38:0.7496873295190569,39:0.5019953622529947,40:0.08671351102214042} with alpha 31.0 and beta 152.0, percentage 16.574585635359114
The arm 42 has vector {0:0.8517486316597145,1:0.8052527024474636,2:0.5133475110200808,3:0.6696108964405719,4:0.046675836555820194,5:0.4777590884072789,6:0.7879591877073588,7:0.525697135674819,8:0.4947879715566479,9:0.45260811019538616,10:0.1920275546482777,11:0.47045263150670535,12:0.6909886733413758,13:0.3123061217231269,14:0.7520161930983903,15:0.8494898054107134,16:0.2600240085505692,17:0.5677674077783292,18:0.7380876974409155,19:0.35956619001257684,20:0.9845787326557339,21:0.9870725061733737,22:0.6347008125062091,23:0.02015920408849281,24:0.3037558482368685,25:0.03288960128440799,26:0.7673071245711302,27:0.42864530489167296,28:0.735805714809928,29:0.2292404507411654,30:0.8245012005616981,31:0.6708801207313287,32:0.6742391054130549,33:0.612275941031023,34:0.2243564697438587,35:0.58640392356642,36:0.8894595403792932,37:0.12767078887588645,38:0.9536244624253186,39:0.5473968780263148,40:0.17632012564620014} with alpha 52.0 and beta 212.0, percentage 19.46564885496183
The arm 43 has vector {0:0.8931893209033053,1:0.7368011659015558,2:0.7749201765684711,3:0.21696103663557365,4:0.5362344960587514,5:0.6019968591621172,6:0.6407553666829322,7:0.2844141189113778,8:0.4909546715900469,9:0.34443717703456567,10:0.905196266896699,11:0.41352251122271,12:0.9473005388333094,13:0.7979682183574693,14:0.43520119545675207,15:0.7725748986456781,16:0.9989574127642938,17:0.8409600247266417,18:0.8774992297208294,19:0.03717215484709824,20:0.866395851340603,21:0.8116721933935214,22:0.45671167152309433,23:0.4586646751529869,24:0.558748192636065,25:0.7061615362644049,26:0.23694344131954215,27:0.9210539065880782,28:0.12610364357757342,29:0.6675519688353225,30:0.3332051680505852,31:0.38656196450469216,32:0.5121586273190659,33:0.20310899868800714,34:0.6187001796283509,35:0.00979339268811219,36:0.1515300947574606,37:0.9756625344266152,38:0.43207651868380337,39:0.8882349814785634,40:0.012724577825382943} with alpha 9.0 and beta 60.0, percentage 11.940298507462686
The arm 44 has vector {0:0.02315032268946271,1:0.7017884606682097,2:0.10566750484260001,3:0.6344159616241473,4:0.2624363069442879,5:0.1294629648501815,6:0.6561449586295481,7:0.27261299440178144,8:0.7504742102070096,9:0.33481903692600945,10:0.04237470809970412,11:0.051553524660932215,12:0.07170810913655379,13:0.5062318223110635,14:0.4501818134678992,15:0.5764926366545488,16:0.4104413586992408,17:0.20525729995386022,18:0.9680348070397613,19:0.9920822217817085,20:0.8930250712156708,21:0.9096317609638479,22:0.9390020509877163,23:0.6415408578311435,24:0.5535857575542691,25:0.31544965409188397,26:0.4473432329209841,27:0.7333205963935036,28:0.3114947586901764,29:0.33179791926599245,30:0.7354073710879209,31:0.8422036496362248,32:0.2531574001053216,33:0.7179371785221184,34:0.4247867756942536,35:0.4298357140810971,36:0.31123567615602354,37:0.6490695914463682,38:0.8566419126592976,39:0.05212420586412403,40:0.8207426603399732} with alpha 12.0 and beta 68.0, percentage 14.102564102564102
The arm 45 has vector {0:0.01707368764981132,1:0.4043460358814174,2:0.15836684581742577,3:0.18260804169711298,4:0.8744367682741543,5:0.3088769864785904,6:0.7100812799429295,7:0.25103414248376277,8:0.7810596406327089,9:0.08761616829886554,10:0.9243484804395895,11:0.15723488416342246,12:0.8777053165839337,13:0.938469384777003,14:0.8898160070834596,15:0.832299904198646,16:0.5267503307321882,17:0.16795854421038336,18:0.0817823826792704,19:0.4259690281243923,20:0.8204949645843179,21:0.1439075130782047,22:0.35683935978886894,23:0.3014585567921717,24:0.23963328533117878,25:0.6331046939505452,26:0.2354194322793638,27:0.05747229292589873,28:0.660705363313433,29:0.9834182175952565,30:0.8483334379911497,31:0.5851065129928947,32:0.6772532681127984,33:0.095566525205251,34:0.853313379260795,35:0.7615704968257214,36:0.5761250597552975,37:0.8042808157786642,38:0.26475560952229904,39:0.8249150836581416,40:0.07129147990450047} with alpha 14.0 and beta 74.0, percentage 15.11627906976744
The arm 46 has vector {0:0.588941434153659,1:0.8546708994528014,2:0.5998143812698956,3:0.37320883219464374,4:0.3351240238387482,5:0.9159397900160724,6:0.3247465901703819,7:0.23593545542823335,8:0.05562868273544286,9:0.34254848834749396,10:0.5949647717643973,11:0.7473966449628223,12:0.7843273176394606,13:0.6660575934292351,14:0.7597924192302997,15:0.6284045905613921,16:0.8743168534150086,17:0.1583458904976387,18:0.3756434092393791,19:0.7381552847986056,20:0.317163485190435,21:0.11817698630442364,22:0.3264942888010436,23:0.5238046890707496,24:0.28650091536574096,25:0.33646454813864657,26:0.933822808634088,27:0.23544977186380933,28:0.2297294579223057,29:0.251440001348768,30:0.9412124487120975,31:0.2688880206989027,32:0.12350980661580646,33:0.3556624941286072,34:0.2565993662315492,35:0.006027528823905448,36:0.658779830244564,37:0.3528046085326456,38:0.7339999718002634,39:0.1717851113943495,40:0.36026912465002725} with alpha 1.0 and beta 24.0, percentage 0.0
The arm 47 has vector {0:0.9245972967411145,1:0.1817181001763123,2:0.7654860410114156,3:0.45158200801224646,4:0.5698007666135942,5:0.7311054922662229,6:0.5468393002052833,7:0.7053936705442457,8:0.8313171187286424,9:0.6757291440722477,10:0.897715953046602,11:0.9039074135483456,12:0.4100976959183211,13:0.5118735111781056,14:0.36066493501745955,15:0.48104965094792995,16:0.1980727995011059,17:0.8434771364995455,18:0.6782305910406814,19:0.4413506867328959,20:0.8520928372441023,21:0.475466340413099,22:0.27285634932272484,23:0.7579235071216497,24:0.5525983058659856,25:0.32076266337266957,26:0.007561038074493376,27:0.533125774310766,28:0.6332138413198802,29:0.1368324015419533,30:0.8844241758109359,31:0.21640923860930483,32:0.34340780304647667,33:0.1245383183474359,34:0.22109536361095128,35:0.44231570864392866,36:0.004436952993946752,37:0.5676715146135353,38:0.7813422672383281,39:0.9265035650141888,40:0.5863089754802686} with alpha 3.0 and beta 38.0, percentage 5.128205128205128
The arm 48 has vector {0:0.9551237752653313,1:0.08696490198036178,2:0.2196901860676096,3:0.8227035728835979,4:0.22273330377053424,5:0.5280400662683655,6:0.5118084706810482,7:0.4590544404058078,8:0.6689751521187535,9:0.5262078864295249,10:0.936333015235783,11:0.376312572100037,12:0.2625044535948221,13:0.5618094402775633,14:0.15015681789726543,15:0.19763968549672972,16:0.85329755438915,17:0.7593766371810402,18:0.6814592200529267,19:0.3957369547820512,20:0.8670394716152683,21:0.37848403089413774,22:0.9531456579579451,23:0.5299863499045784,24:0.37066559085446216,25:0.07145393224813579,26:0.26826259379136397,27:0.1549273953208803,28:0.4019019541944433,29:0.3018212117295882,30:0.34592706779446925,31:0.08297813120817044,32:0.5677909636475637,33:0.2019233269025713,34:0.6185203655481166,35:0.39838787700749156,36:0.28029811463820375,37:0.4682581851635763,38:0.8016639402748088,39:0.6230067508687182,40:0.31295076239932684} with alpha 9.0 and beta 60.0, percentage 11.940298507462686
The arm 49 has vector {0:0.8067794653246371,1:0.8438660196538794,2:0.358243591504796,3:0.8146773216354786,4:0.04731137577982225,5:0.15641347876732392,6:0.3958761076743593,7:0.993021936028582,8:1.038644958591961E-4,9:0.003911280751609736,10:0.3322417467489658,11:0.7590775334948,12:0.8984675572026628,13:0.22995256719919888,14:0.8086619347566334,15:0.8299270216084191,16:0.04412326264218147,17:0.6891528576788197,18:0.23732202284446646,19:0.6076671932366262,20:0.16452363593103525,21:0.002319362836846972,22:0.4730549553953448,23:0.5130030346520582,24:0.37800631864122736,25:0.022393658001690908,26:0.20340362021477487,27:0.22696136915199194,28:0.6202592179299367,29:0.07522263552426312,30:0.9552818478571597,31:0.8361494966411893,32:0.8625579338282966,33:0.8836128449765553,34:0.016465729892429892,35:0.526175419377996,36:0.6503551644689672,37:0.2801686522430148,38:0.9585441215812135,39:0.19994572702999114,40:0.6367249435898373} with alpha 8.0 and beta 56.0, percentage 11.29032258064516
The best arm is 22 with vector {0:0.395685718141762,1:0.9261196037550561,2:0.23393358170935807,3:0.9670629693094657,4:0.3796300306882603,5:0.4291605016616079,6:0.9159699826104787,7:0.6718257636308229,8:0.46342996956356586,9:0.22221181528269907,10:0.4931713905039474,11:0.9429949391276017,12:0.7194743017288803,13:0.11863053945046742,14:0.4049982856082307,15:0.4692913398062881,16:0.23870105932643626,17:0.30870674938048315,18:0.9292844193705101,19:0.36928669997202634,20:0.5360965150740092,21:0.43131395701547925,22:0.31398280886141494,23:0.6559002732691758,24:0.5999741005441566,25:0.9021007936772499,26:0.6075906214104441,27:0.38285078798757743,28:0.6432462625698809,29:0.5565794044550944,30:0.6634694848011334,31:0.5924629858885384,32:0.9978485100569595,33:0.044081683299230345,34:0.07813276386615631,35:0.43417964291137046,36:0.47115320541783856,37:0.5404446468030165,38:0.14900391230933396,39:0.8151986582065028,40:0.9066885999234252} with alpha 97.0 and beta 356.0, percentage 21.286031042128602
The right guesses are: 1025 which means 16.712864829610304% correct
Done
The current arm is 22 with vector {0:0.395685718141762,1:0.9261196037550561,2:0.23393358170935807,3:0.9670629693094657,4:0.3796300306882603,5:0.4291605016616079,6:0.9159699826104787,7:0.6718257636308229,8:0.46342996956356586,9:0.22221181528269907,10:0.4931713905039474,11:0.9429949391276017,12:0.7194743017288803,13:0.11863053945046742,14:0.4049982856082307,15:0.4692913398062881,16:0.23870105932643626,17:0.30870674938048315,18:0.9292844193705101,19:0.36928669997202634,20:0.5360965150740092,21:0.43131395701547925,22:0.31398280886141494,23:0.6559002732691758,24:0.5999741005441566,25:0.9021007936772499,26:0.6075906214104441,27:0.38285078798757743,28:0.6432462625698809,29:0.5565794044550944,30:0.6634694848011334,31:0.5924629858885384,32:0.9978485100569595,33:0.044081683299230345,34:0.07813276386615631,35:0.43417964291137046,36:0.47115320541783856,37:0.5404446468030165,38:0.14900391230933396,39:0.8151986582065028,40:0.9066885999234252} with alpha 127.0 and beta 537.0
The order information:
Date: 2012-05-09T17:07:05.000+02:00
It predicted these items for order 1778911 :
   31560 with score of 2.366734801370531
   752 with score of 1.7200586315698503
   748 with score of 1.3117002301937188
   27900 with score of 1.2834923809159
   23467 with score of 1.250026047494667
   1693 with score of 1.2044762504916302
   13688 with score of 1.2044762504916302
   21769 with score of 1.2044762504916302
   25013 with score of 1.2044762504916302
   31278 with score of 1.2044762504916302
These are the actual items bought: 
   11832
   30233
The current arm is 22 with vector {0:0.395685718141762,1:0.9261196037550561,2:0.23393358170935807,3:0.9670629693094657,4:0.3796300306882603,5:0.4291605016616079,6:0.9159699826104787,7:0.6718257636308229,8:0.46342996956356586,9:0.22221181528269907,10:0.4931713905039474,11:0.9429949391276017,12:0.7194743017288803,13:0.11863053945046742,14:0.4049982856082307,15:0.4692913398062881,16:0.23870105932643626,17:0.30870674938048315,18:0.9292844193705101,19:0.36928669997202634,20:0.5360965150740092,21:0.43131395701547925,22:0.31398280886141494,23:0.6559002732691758,24:0.5999741005441566,25:0.9021007936772499,26:0.6075906214104441,27:0.38285078798757743,28:0.6432462625698809,29:0.5565794044550944,30:0.6634694848011334,31:0.5924629858885384,32:0.9978485100569595,33:0.044081683299230345,34:0.07813276386615631,35:0.43417964291137046,36:0.47115320541783856,37:0.5404446468030165,38:0.14900391230933396,39:0.8151986582065028,40:0.9066885999234252} with alpha 311.0 and beta 1353.0
The order information:
Date: 2012-05-10T17:54:43.000+02:00
It predicted these items for order 1779917 :
   31560 with score of 2.9505444336925297
   752 with score of 2.4227604413505808
   5003 with score of 2.3648943005573675
   31774 with score of 2.08475485836428
   21714 with score of 2.025407877848821
   23390 with score of 2.015477825164156
   29669 with score of 2.0009150186217104
   31290 with score of 1.9861632412154868
   31871 with score of 1.9861632412154868
   9441 with score of 1.9617284009588352
These are the actual items bought: 
   30342
   23374
   32289
The current arm is 22 with vector {0:0.395685718141762,1:0.9261196037550561,2:0.23393358170935807,3:0.9670629693094657,4:0.3796300306882603,5:0.4291605016616079,6:0.9159699826104787,7:0.6718257636308229,8:0.46342996956356586,9:0.22221181528269907,10:0.4931713905039474,11:0.9429949391276017,12:0.7194743017288803,13:0.11863053945046742,14:0.4049982856082307,15:0.4692913398062881,16:0.23870105932643626,17:0.30870674938048315,18:0.9292844193705101,19:0.36928669997202634,20:0.5360965150740092,21:0.43131395701547925,22:0.31398280886141494,23:0.6559002732691758,24:0.5999741005441566,25:0.9021007936772499,26:0.6075906214104441,27:0.38285078798757743,28:0.6432462625698809,29:0.5565794044550944,30:0.6634694848011334,31:0.5924629858885384,32:0.9978485100569595,33:0.044081683299230345,34:0.07813276386615631,35:0.43417964291137046,36:0.47115320541783856,37:0.5404446468030165,38:0.14900391230933396,39:0.8151986582065028,40:0.9066885999234252} with alpha 514.0 and beta 2150.0
The order information:
Date: 2012-05-11T22:39:32.000+02:00
It predicted these items for order 1780921 :
   31560 with score of 2.9512886802136524
   752 with score of 2.470328038366811
   748 with score of 2.208743876928606
   21714 with score of 1.930912480291609
   29669 with score of 1.9082524052650698
   27576 with score of 1.9044583699754696
   27900 with score of 1.8706349848337003
   5003 with score of 1.8704807673687536
   20430 with score of 1.8587713325473336
   23467 with score of 1.8501766435619442
These are the actual items bought: 
   31776
The current arm is 22 with vector {0:0.395685718141762,1:0.9261196037550561,2:0.23393358170935807,3:0.9670629693094657,4:0.3796300306882603,5:0.4291605016616079,6:0.9159699826104787,7:0.6718257636308229,8:0.46342996956356586,9:0.22221181528269907,10:0.4931713905039474,11:0.9429949391276017,12:0.7194743017288803,13:0.11863053945046742,14:0.4049982856082307,15:0.4692913398062881,16:0.23870105932643626,17:0.30870674938048315,18:0.9292844193705101,19:0.36928669997202634,20:0.5360965150740092,21:0.43131395701547925,22:0.31398280886141494,23:0.6559002732691758,24:0.5999741005441566,25:0.9021007936772499,26:0.6075906214104441,27:0.38285078798757743,28:0.6432462625698809,29:0.5565794044550944,30:0.6634694848011334,31:0.5924629858885384,32:0.9978485100569595,33:0.044081683299230345,34:0.07813276386615631,35:0.43417964291137046,36:0.47115320541783856,37:0.5404446468030165,38:0.14900391230933396,39:0.8151986582065028,40:0.9066885999234252} with alpha 713.0 and beta 2951.0
The order information:
Date: 2012-05-13T15:53:25.000+02:00
It predicted these items for order 1781930 :
   31560 with score of 2.9200552622662848
   752 with score of 2.57132657339322
   748 with score of 2.460277882460232
   27900 with score of 2.0981243022550045
   21714 with score of 2.073873393564959
   5003 with score of 2.0147377094000367
   29669 with score of 2.001400982372672
   31865 with score of 1.9816560981945952
   31634 with score of 1.9809774863121399
   31854 with score of 1.9809774863121399
These are the actual items bought: 
   2084
   29003
   31950
   20990
   31940
   30573
   20678
   30195
   25363
   27900
The current arm is 22 with vector {0:0.395685718141762,1:0.9261196037550561,2:0.23393358170935807,3:0.9670629693094657,4:0.3796300306882603,5:0.4291605016616079,6:0.9159699826104787,7:0.6718257636308229,8:0.46342996956356586,9:0.22221181528269907,10:0.4931713905039474,11:0.9429949391276017,12:0.7194743017288803,13:0.11863053945046742,14:0.4049982856082307,15:0.4692913398062881,16:0.23870105932643626,17:0.30870674938048315,18:0.9292844193705101,19:0.36928669997202634,20:0.5360965150740092,21:0.43131395701547925,22:0.31398280886141494,23:0.6559002732691758,24:0.5999741005441566,25:0.9021007936772499,26:0.6075906214104441,27:0.38285078798757743,28:0.6432462625698809,29:0.5565794044550944,30:0.6634694848011334,31:0.5924629858885384,32:0.9978485100569595,33:0.044081683299230345,34:0.07813276386615631,35:0.43417964291137046,36:0.47115320541783856,37:0.5404446468030165,38:0.14900391230933396,39:0.8151986582065028,40:0.9066885999234252} with alpha 920.0 and beta 3744.0
The order information:
Date: 2012-05-14T16:46:54.000+02:00
It predicted these items for order 1782931 :
   31560 with score of 2.8586620094489827
   748 with score of 2.6103260838409046
   752 with score of 2.470198272181355
   21714 with score of 2.055855860302198
   27576 with score of 2.0362020833958097
   5003 with score of 2.019317000413503
   29669 with score of 1.984421588315934
   27900 with score of 1.9336001650889478
   23467 with score of 1.9296077583530642
   20430 with score of 1.9187877076096036
These are the actual items bought: 
   32564
The current arm is 22 with vector {0:0.395685718141762,1:0.9261196037550561,2:0.23393358170935807,3:0.9670629693094657,4:0.3796300306882603,5:0.4291605016616079,6:0.9159699826104787,7:0.6718257636308229,8:0.46342996956356586,9:0.22221181528269907,10:0.4931713905039474,11:0.9429949391276017,12:0.7194743017288803,13:0.11863053945046742,14:0.4049982856082307,15:0.4692913398062881,16:0.23870105932643626,17:0.30870674938048315,18:0.9292844193705101,19:0.36928669997202634,20:0.5360965150740092,21:0.43131395701547925,22:0.31398280886141494,23:0.6559002732691758,24:0.5999741005441566,25:0.9021007936772499,26:0.6075906214104441,27:0.38285078798757743,28:0.6432462625698809,29:0.5565794044550944,30:0.6634694848011334,31:0.5924629858885384,32:0.9978485100569595,33:0.044081683299230345,34:0.07813276386615631,35:0.43417964291137046,36:0.47115320541783856,37:0.5404446468030165,38:0.14900391230933396,39:0.8151986582065028,40:0.9066885999234252} with alpha 1076.0 and beta 4588.0
The order information:
Date: 2012-05-15T15:02:20.000+02:00
It predicted these items for order 1783936 :
   31560 with score of 2.731456792620329
   748 with score of 2.6168587951062268
   752 with score of 2.2773332264151187
   27576 with score of 2.0927252246482313
   21714 with score of 2.0328036054168237
   5003 with score of 2.0078801825322
   29669 with score of 1.9603088004346445
   21776 with score of 1.931885045025648
   25201 with score of 1.9064411241851216
   23467 with score of 1.9000307211295366
These are the actual items bought: 
   12096
The arm 22 has vector {0:0.395685718141762,1:0.9261196037550561,2:0.23393358170935807,3:0.9670629693094657,4:0.3796300306882603,5:0.4291605016616079,6:0.9159699826104787,7:0.6718257636308229,8:0.46342996956356586,9:0.22221181528269907,10:0.4931713905039474,11:0.9429949391276017,12:0.7194743017288803,13:0.11863053945046742,14:0.4049982856082307,15:0.4692913398062881,16:0.23870105932643626,17:0.30870674938048315,18:0.9292844193705101,19:0.36928669997202634,20:0.5360965150740092,21:0.43131395701547925,22:0.31398280886141494,23:0.6559002732691758,24:0.5999741005441566,25:0.9021007936772499,26:0.6075906214104441,27:0.38285078798757743,28:0.6432462625698809,29:0.5565794044550944,30:0.6634694848011334,31:0.5924629858885384,32:0.9978485100569595,33:0.044081683299230345,34:0.07813276386615631,35:0.43417964291137046,36:0.47115320541783856,37:0.5404446468030165,38:0.14900391230933396,39:0.8151986582065028,40:0.9066885999234252} with alpha 1176.0 and beta 4959.0, percentage 19.15864992662645
The best arm is 22 with vector {0:0.395685718141762,1:0.9261196037550561,2:0.23393358170935807,3:0.9670629693094657,4:0.3796300306882603,5:0.4291605016616079,6:0.9159699826104787,7:0.6718257636308229,8:0.46342996956356586,9:0.22221181528269907,10:0.4931713905039474,11:0.9429949391276017,12:0.7194743017288803,13:0.11863053945046742,14:0.4049982856082307,15:0.4692913398062881,16:0.23870105932643626,17:0.30870674938048315,18:0.9292844193705101,19:0.36928669997202634,20:0.5360965150740092,21:0.43131395701547925,22:0.31398280886141494,23:0.6559002732691758,24:0.5999741005441566,25:0.9021007936772499,26:0.6075906214104441,27:0.38285078798757743,28:0.6432462625698809,29:0.5565794044550944,30:0.6634694848011334,31:0.5924629858885384,32:0.9978485100569595,33:0.044081683299230345,34:0.07813276386615631,35:0.43417964291137046,36:0.47115320541783856,37:0.5404446468030165,38:0.14900391230933396,39:0.8151986582065028,40:0.9066885999234252} with alpha 1176.0 and beta 4959.0, percentage 19.15864992662645
The right guesses are: 1175 which means 19.15864992662645% correct
Done
470
