Items: 31014,2,2012-03-22 09:35:15.730000000,2013-01-31 22:08:19.360000000,0,0000000000000000000000000000000000000000000000000000000000000000000000000000000000000000000010000000000000000000000000000000000000000000000000000000000000000000000000000000000000000000000000000000000000000000000000000000000000000000000000000000000000000000
Items: 16065,3,2010-10-12 09:05:28.623000000,2011-10-19 12:41:59.293000000,0,0000000000000000000000000000000000000000000000000000000000000000000000000000000000000000000100000000000000000000000000000000000000000000000000000000000000000000000000000000000000000000000000000000000000000000000000000000000000000000000000000000000000000000
Items: 2897,1,2010-07-28 15:55:07.423000000,2013-07-15 05:02:15.650000000,0,0000000000000000000000000000000000000000000000000000000000000000000000000000000000000000000100000000000000000000000000000000000000000000000000000000000000000000000000000000000000000000000000000000000000000000000000000000000000000000000000000000000000000000
Users: 46671,2009-07-31 17:52:05.423000000,45238,,0
Users: 117404,2012-02-11 18:20:17.737000000,30295,1989-02-13 00:00:00,1
Users: 185087,2009-07-31 19:48:45.310000000,54234,1986-06-04 00:00:00,1
Users: 242612,2011-12-03 21:34:16.640000000,90627,1990-07-23 00:00:00,2
Users: 294436,2011-03-16 09:05:23.647000000,72233,1994-04-25 00:00:00,1
Users: 345704,2011-11-11 20:55:14.437000000,68600,1994-06-05 00:00:00,2
Users: 399809,2012-09-17 14:43:42.033000000,44491,1997-12-12 00:00:00,1
Users: 455390,2012-12-20 16:02:28.573000000,3274,1978-06-02 00:00:00,2
Users: 525182,2013-07-28 12:33:53.590000000,53372,1990-06-17 00:00:00,0
Orders: 35022,1033356,1457,2009-10-18 21:46:53.347000000
Orders: 214698,1082559,614,2010-01-24 20:16:55.153000000
Orders: 226305,1122161,1501,2010-03-20 16:23:03.950000000
Orders: 46541,1167569,11120,2010-05-26 12:55:02.417000000
Orders: 75824,1208142,11119,2010-07-27 23:14:48.377000000
Orders: 13287,1248778,12826,2010-09-21 21:56:27.157000000
Orders: 272654,1296031,653,2010-12-01 18:41:36.730000000
Orders: 285359,1344258,18628,2011-01-28 14:59:09.743000000
Orders: 157456,1388262,18371,2011-03-17 11:46:02.120000000
Orders: 307265,1432210,758,2011-04-29 21:28:48.340000000
Orders: 271030,1473349,21803,2011-06-14 15:24:35.467000000
Orders: 275827,1511037,21829,2011-07-28 21:58:50.970000000
Orders: 62527,1550712,24845,2011-09-10 18:44:47.023000000
Orders: 293365,1597283,27523,2011-11-12 08:21:31.203000000
Orders: 158173,1649466,24361,2011-12-28 14:06:54.430000000
Orders: 371623,1691322,28947,2012-01-31 15:54:20.570000000
Orders: 151193,1739094,2144,2012-03-22 17:02:48.527000000
Orders: 71320,1784958,7874,2012-05-16 17:00:59.817000000
Orders: 287161,1827735,20480,2012-06-29 22:23:24.193000000
Orders: 271514,1866722,31203,2012-08-11 21:38:56.863000000
Orders: 428803,1915657,35460,2012-10-09 20:15:44.210000000
Orders: 444954,1966435,29677,2012-12-01 22:51:49.073000000
Orders: 460415,2018674,31695,2013-01-07 22:20:30.543000000
Orders: 381441,2066329,35170,2013-02-19 22:08:16.833000000
Orders: 485606,2112774,39306,2013-03-26 15:04:37.277000000
Orders: 423890,2161061,11304,2013-05-03 09:35:38.190000000
Orders: 314770,2207605,26096,2013-06-05 19:04:54.837000000
Orders: 287308,2249841,40450,2013-07-13 20:23:09.463000000
Orders: 255027,2289235,33612,2013-08-13 17:15:05.073000000
Orders: 466261,2331294,43871,2013-09-15 21:02:00.180000000
Orders: 446724,2379393,448,2013-11-01 19:20:53.627000000

Startup information:
First order in training stage: 700000
First order in evaluation stage: 771338
Last order in evaluation stage: 777471

Number of orders in training stage: 71338
Number of orders in evaluation stage: 6133

The current arm is 44 with vector {0:0.6025417025130895,1:0.18276809486216017,2:0.09755737261828823,3:0.09855563795609179,4:0.003936357059100781,5:0.9540691449930442,6:0.692458867668734,7:0.8894062622529019,8:0.16161525023014622,9:0.9252086398609457,10:0.8163197748555853,11:0.4954195557627563,12:0.24133023035093715,13:0.41401026274980535,14:0.06529623958036268,15:0.9187267361821959,16:0.6026519998461562,17:0.08272440491603572,18:0.996650889886087,19:0.8087695781107717,20:0.5023377460436504,21:0.7134250696950958,22:0.6775882043049304,23:0.8649565688797811,24:0.4416064907535624,25:0.41622378500335355,26:0.4798170546028633,27:0.04982715967665108,28:0.22097171177989583,29:0.527144257791104,30:0.39482170497240165,31:0.34639212568446354,32:0.4884051281457994,33:0.09631695240169891,34:0.9909935488464875,35:0.001314541082620968,36:0.5845346178318681,37:0.3137615859524291,38:0.5987596412771427,39:0.9642802685253427,40:0.783503073329516} with alpha 4.0 and beta 18.0
The order information:
Date: 2012-05-09T17:07:05.000+02:00
It predicted these items for order 1778911 :
   31560 with score of 1119.7589489281243
   752 with score of 487.1525621608027
   27900 with score of 420.2641436622398
   748 with score of 376.6983909507916
   20430 with score of 374.39798475456104
   5003 with score of 331.23881006407765
   21714 with score of 321.15886707691266
   11832 with score of 305.5143637432959
   31553 with score of 286.93168747453865
   27576 with score of 277.18548778278927
These are the actual items bought: 
   11832
   30233
The current arm is 35 with vector {0:0.7219080010152047,1:0.2467300313032481,2:0.9643507139596876,3:0.784267253916113,4:0.23968798956491055,5:0.5132699329609919,6:0.17981966263907168,7:0.749671291031017,8:0.9389767439632101,9:0.9935720575710311,10:0.4361466766720816,11:0.13836784029527882,12:0.9999323140198964,13:0.4077036305497954,14:0.04829325331036838,15:0.7829469003166091,16:0.5385305736884444,17:0.18633652668300293,18:0.005312642905583198,19:0.8736586831299971,20:0.42862602327177846,21:0.020977887082352376,22:0.18326990729424986,23:0.14349787884046705,24:0.5557675510120622,25:0.4127687284823739,26:0.3341008729040633,27:0.5053464769616003,28:0.40116164198236637,29:0.09990863420350116,30:0.15942574315931057,31:0.5841533767896727,32:0.7197555652236305,33:0.7666264807057286,34:0.8886058518119188,35:0.2553508113724826,36:0.13871045835859364,37:0.15126562309310332,38:0.48590754755663457,39:0.705257450794908,40:0.4301231242224701} with alpha 5.0 and beta 25.0
The order information:
Date: 2012-05-10T17:54:43.000+02:00
It predicted these items for order 1779917 :
   31560 with score of 858.5070623036644
   752 with score of 347.26956638293416
   27900 with score of 321.2815085450691
   748 with score of 297.8871880754091
   20430 with score of 289.9156937015715
   5003 with score of 248.49752460857684
   21714 with score of 242.9205788865563
   11832 with score of 237.2885477133606
   31553 with score of 232.10100648773727
   29669 with score of 217.9433575191535
These are the actual items bought: 
   30342
   23374
   32289
The current arm is 46 with vector {0:0.6711511233258954,1:0.11967899620843003,2:0.549459421926964,3:0.6629252226196312,4:0.6558415256102675,5:0.5996831290499435,6:0.36636047331767996,7:0.8658606977991686,8:0.19962584896508495,9:0.37286873574226775,10:0.7484706742314001,11:0.44037245568614747,12:0.33122867070416306,13:0.5262134119829994,14:0.023226664970844357,15:0.8267184928823516,16:0.6503248790885167,17:0.46922747186788305,18:0.9076344584633903,19:0.10980340656722876,20:0.8393839706348694,21:0.5746180715570228,22:0.7711451313745067,23:0.13958464557758854,24:0.5984218068872291,25:0.2802576488849934,26:0.9267974893318982,27:0.3973393633746499,28:0.7270985493762254,29:0.2299846142708497,30:0.31320038692627084,31:0.23391537589124156,32:0.5837923207047343,33:0.24445270221500648,34:0.01919046854067541,35:0.7744275239657648,36:0.3500247255178932,37:0.41318753228088356,38:0.2928557453482076,39:0.7321989811450296,40:0.0859922632929756} with alpha 13.0 and beta 63.0
The order information:
Date: 2012-05-11T22:39:32.000+02:00
It predicted these items for order 1780921 :
   31560 with score of 972.4083098787048
   752 with score of 438.2746012935661
   748 with score of 416.92313427234177
   27900 with score of 360.5040840847615
   20430 with score of 340.954221923545
   5003 with score of 297.00401516076647
   21714 with score of 296.4423423213663
   29669 with score of 277.38177506916287
   11832 with score of 274.0179013888831
   27576 with score of 260.43803937325515
These are the actual items bought: 
   31776
The current arm is 4 with vector {0:0.4262675676178873,1:0.9872969114484785,2:0.26809848619944177,3:0.15848459574767515,4:0.15300454418563791,5:0.4308085711873161,6:0.6174268109684955,7:0.49973176370055195,8:0.837250735022265,9:0.2314371139448963,10:0.9686840188560769,11:0.7825544517681421,12:0.028298948587869854,13:0.4106197789355239,14:0.5663226779670918,15:0.09681166172771116,16:0.6597808182876075,17:0.1646295318285309,18:0.6835506254832071,19:0.4350835028496737,20:0.34743748412871456,21:0.10660280828490187,22:0.2440535568536456,23:0.4859359244630399,24:0.4496004494788365,25:0.7003014266752121,26:0.656247332345753,27:0.017587235879713448,28:0.5816431965576674,29:0.94884173122222,30:0.7304329737949926,31:0.23002688441688324,32:0.040759681317642626,33:0.3765480797896227,34:0.9500751631945377,35:0.36661347155862223,36:0.8985983292907828,37:0.7108349568135938,38:0.44567364211402516,39:0.0249126310942287,40:0.5340213478062622} with alpha 32.0 and beta 163.0
The order information:
Date: 2012-05-13T15:53:25.000+02:00
It predicted these items for order 1781930 :
   31560 with score of 607.0817648618291
   752 with score of 331.1657846205053
   748 with score of 322.6134609250954
   21714 with score of 225.3587766966325
   20430 with score of 224.62043875258126
   5003 with score of 221.21500366289803
   27900 with score of 215.7765633090836
   29669 with score of 195.59152109400586
   27576 with score of 189.35235464851914
   23467 with score of 169.8357590061587
These are the actual items bought: 
   2084
   29003
   31950
   20990
   31940
   30573
   20678
   30195
   25363
   27900
The current arm is 27 with vector {0:0.38214986414558505,1:0.17161436974948052,2:0.4863638597489248,3:0.2690160826088255,4:0.41931447945286526,5:0.34574177313072796,6:0.8413313923600125,7:0.09105727885719772,8:0.9443959187302918,9:0.6602771741660471,10:0.8823829115622619,11:0.06905654269784955,12:0.44910837794156644,13:0.03868750766323448,14:0.34299927862205826,15:0.09646164663161594,16:0.696132691828323,17:0.5222361650830382,18:0.5177422833336129,19:0.2876500037846663,20:0.609143708702439,21:0.0686469663950704,22:0.7035680325002451,23:0.173219161154198,24:0.6872472401061194,25:0.5544417803509444,26:0.7073592130016481,27:0.9950959814391932,28:0.0856951417023959,29:0.9345603840429616,30:0.2504857162597314,31:0.6008580043127635,32:0.7921546882614399,33:0.7638030073861186,34:0.12567831197773294,35:0.038643804204361754,36:0.4170720861108237,37:0.43488786951736613,38:0.9707164830854562,39:0.43563205492552315,40:0.2860915425930295} with alpha 24.0 and beta 124.0
The order information:
Date: 2012-05-14T16:46:54.000+02:00
It predicted these items for order 1782931 :
   31560 with score of 235.42208415097338
   748 with score of 206.2875350830126
   752 with score of 182.5216457958551
   21714 with score of 113.24414391868817
   27576 with score of 109.76601184597769
   5003 with score of 106.310706066937
   29669 with score of 101.68950021611342
   23467 with score of 92.56909912968153
   27900 with score of 91.25701772995684
   20430 with score of 87.37374935775398
These are the actual items bought: 
   32564
The current arm is 33 with vector {0:0.39441333745243146,1:0.717982565753226,2:0.22108726236839416,3:0.7998626732893035,4:0.8593721033412914,5:0.6421543707769164,6:0.318870679528916,7:0.5917046005552276,8:0.884672979137538,9:0.7603086229499041,10:0.36348268095282443,11:0.8227138556467923,12:0.7495478646857434,13:0.05393838558201702,14:0.3650593114283349,15:0.8298134128821598,16:0.4170189459561442,17:0.961797014661351,18:0.20213251836497304,19:0.6690294914642791,20:0.13435980551312132,21:0.19627210167281006,22:0.735292977098373,23:0.15696485523003734,24:0.08525746544553936,25:0.586468819519963,26:0.6536932893314586,27:0.7265831134704906,28:0.38440572339959833,29:0.3086785231185737,30:0.2798136199330311,31:0.9261187044503366,32:0.552899393046457,33:0.5503503061960071,34:0.08291567052499094,35:0.19859780992855203,36:0.5267565819487746,37:0.1498754199503496,38:0.33093517725801336,39:0.5495858520224269,40:0.5520241862164371} with alpha 21.0 and beta 138.0
The order information:
Date: 2012-05-15T15:02:20.000+02:00
It predicted these items for order 1783936 :
   31560 with score of 636.0533066203728
   748 with score of 358.470289222661
   752 with score of 308.6993847349693
   5003 with score of 236.0860997356691
   21714 with score of 230.35041519083657
   20430 with score of 228.8437814090514
   27576 with score of 227.7209931057225
   27900 with score of 214.50305694619183
   29669 with score of 193.4852229688663
   31553 with score of 188.89382304821078
These are the actual items bought: 
   12096
The arm 0 has vector {0:0.4719753138081628,1:0.585162114380934,2:0.200586108254458,3:0.1688092066916448,4:0.5491500674741052,5:0.40183795216938933,6:0.21720013884156664,7:0.46600298859180167,8:0.9635001028651785,9:0.44593890902118216,10:0.7243322485015885,11:0.712309168191806,12:0.5873603165697673,13:0.6867190473981094,14:0.5807930957276572,15:0.9272543677999758,16:0.2929657821615008,17:0.3448594690354414,18:0.46304389004969004,19:0.42369935782890844,20:0.5321452762624918,21:0.669549300903169,22:0.3946271488304902,23:0.47676400283674547,24:0.4737910823187287,25:0.7763195271548168,26:0.45651268876832396,27:0.18946033041491428,28:0.2553710151444898,29:0.6689740730349855,30:0.1513555438070966,31:0.9970502406037283,32:0.44110616531080415,33:0.24137692032979974,34:0.9519044806107592,35:0.3616635041370222,36:0.9883303872903115,37:0.6159195968405716,38:0.47027594151384455,39:0.03286052414705809,40:0.6518357676910371} with alpha 21.0 and beta 137.0, percentage 14.705882352941178
The arm 1 has vector {0:0.9539657266682261,1:0.3303135109986033,2:0.8604646645169606,3:0.4372654464210787,4:0.5614417382303971,5:0.10214653192135581,6:0.1727918719502486,7:0.7179562868984259,8:0.022753982595842936,9:0.9877273439894206,10:0.3435311886979475,11:0.8714638792555541,12:0.5109409458733095,13:0.9444661089373719,14:0.5540977209281182,15:0.6463466556723527,16:0.4354324303721344,17:0.89287116110244,18:0.5193258618129358,19:0.525280974431887,20:0.3993916243015134,21:0.11880382228892727,22:0.36131868838089476,23:0.9683445981416663,24:0.7215342615853785,25:0.2963154347494097,26:0.5787561232172704,27:0.5808008351660592,28:0.9891961599574652,29:0.7960797550738404,30:0.6780157458528292,31:0.8756652790936619,32:0.5031981950648088,33:0.552976671771616,34:0.7318617888513576,35:0.6581804147156253,36:0.7981350954040097,37:0.6842889421489399,38:0.6709523354721324,39:0.5396044951439992,40:0.4131854024532259} with alpha 15.0 and beta 111.0, percentage 12.727272727272727
The arm 2 has vector {0:0.6679345098759163,1:0.4943172234436721,2:0.6152760443221136,3:0.9716946551042299,4:0.6455102249848979,5:0.9690189028592818,6:0.24187683354221712,7:0.17865188257987197,8:0.9415199453626814,9:0.8117695278417423,10:0.3584307816652865,11:0.9507583791380232,12:0.425581580567322,13:0.55985913804131,14:0.16510397661920684,15:0.5657922591234148,16:0.56191767260018,17:0.9488137940398826,18:0.5247007972170953,19:0.49620531539365687,20:0.07851500691351088,21:0.6354418276391575,22:0.7378702384244151,23:0.9166917613005171,24:0.07978358223126825,25:0.38092654940858217,26:0.8369731611316209,27:0.9310163082799298,28:0.43913863344837667,29:0.667070332893238,30:0.6444711853511628,31:0.7312621775962992,32:0.9083500872466211,33:0.7990295993845081,34:0.009695306901363443,35:0.35876070109841196,36:0.1439296654403649,37:0.3633826044000332,38:0.5355755833154624,39:0.12361312103514432,40:0.6732554902703037} with alpha 11.0 and beta 95.0, percentage 10.638297872340425
The arm 3 has vector {0:0.6018049394919044,1:0.9269846708432354,2:0.9148626622194389,3:0.2835699111772625,4:0.41083720394121426,5:0.3359039950308985,6:0.4225137842057265,7:0.6143205445760526,8:0.8236214744364898,9:0.7563606645194226,10:0.6350172373970155,11:0.4189917374886424,12:0.32048802358542083,13:0.7172125716729952,14:0.4304494328498466,15:0.7666203931587285,16:0.24943866111638446,17:0.3962207672175905,18:0.5124932436669924,19:0.8926689070793637,20:0.24480398415821458,21:0.0625682967415585,22:0.5672512733232512,23:0.29231063553979053,24:0.42825606170486985,25:0.8011521114711777,26:0.5899543500421773,27:0.43147453794707247,28:0.5287743130001309,29:0.1339091185421798,30:0.5993221759544087,31:0.790466687006625,32:0.048118396542718656,33:0.06404485960677764,34:0.4813663097700852,35:0.8519679616757735,36:0.9956371281467302,37:0.9619477472921986,38:0.3974983445980057,39:0.3338313204575324,40:0.09680567762787973} with alpha 25.0 and beta 159.0, percentage 15.18987341772152
The arm 4 has vector {0:0.4262675676178873,1:0.9872969114484785,2:0.26809848619944177,3:0.15848459574767515,4:0.15300454418563791,5:0.4308085711873161,6:0.6174268109684955,7:0.49973176370055195,8:0.837250735022265,9:0.2314371139448963,10:0.9686840188560769,11:0.7825544517681421,12:0.028298948587869854,13:0.4106197789355239,14:0.5663226779670918,15:0.09681166172771116,16:0.6597808182876075,17:0.1646295318285309,18:0.6835506254832071,19:0.4350835028496737,20:0.34743748412871456,21:0.10660280828490187,22:0.2440535568536456,23:0.4859359244630399,24:0.4496004494788365,25:0.7003014266752121,26:0.656247332345753,27:0.017587235879713448,28:0.5816431965576674,29:0.94884173122222,30:0.7304329737949926,31:0.23002688441688324,32:0.040759681317642626,33:0.3765480797896227,34:0.9500751631945377,35:0.36661347155862223,36:0.8985983292907828,37:0.7108349568135938,38:0.44567364211402516,39:0.0249126310942287,40:0.5340213478062622} with alpha 45.0 and beta 263.0, percentage 16.793893129770993
The arm 5 has vector {0:0.18576725721432674,1:0.4903973521011833,2:0.845382928353746,3:0.46195852223765177,4:0.7799910342728682,5:0.6185055924148327,6:0.16500478412140585,7:0.0037481556690247553,8:0.3391863395229715,9:0.14270283330205025,10:0.24262302654875856,11:0.7827832991936975,12:0.17721853600630266,13:0.47120946094257277,14:0.2939218906061818,15:0.9249711203627065,16:0.43196241712318684,17:0.5544181232874958,18:0.8779724283280618,19:0.7261295074789512,20:0.6292791434667042,21:0.49251493369186516,22:0.5325799597775441,23:0.30842849908050496,24:0.4432126209170252,25:0.9680320053109668,26:0.3514560828961194,27:0.8832427473492094,28:0.3245742025054037,29:0.6231999639452606,30:0.7916881024870221,31:0.12850486284535334,32:0.22396910537042725,33:0.5491494390965767,34:0.5800369327912254,35:0.033820014427769385,36:0.6814241985796066,37:0.46029519436944344,38:0.08352683229252422,39:0.7070041671794439,40:0.624966990749919} with alpha 23.0 and beta 151.0, percentage 14.666666666666666
The arm 6 has vector {0:0.31640806210671213,1:0.6105739002542869,2:0.9808479406979264,3:0.5881139879341322,4:0.4058278722042379,5:0.5587352827395957,6:0.4065844874444412,7:0.6641753842182786,8:0.20633313190552638,9:0.030397936874217546,10:0.37111105087904395,11:0.3939438183382855,12:0.8646398488104756,13:0.17160363873076812,14:0.022227996590690746,15:0.04098050364980155,16:0.2037081509454145,17:0.9109172669028276,18:0.513059669209655,19:0.433509604652913,20:0.39182966675381947,21:0.5983602026594091,22:0.31696604536418327,23:0.1920138459748305,24:0.7692503642543773,25:0.9201311480130262,26:0.5764315571620311,27:0.15611700187438782,28:0.08387283017498914,29:0.49167905361852704,30:0.443151669402313,31:0.6539443483646016,32:0.2612055060286522,33:0.847920601783076,34:0.16209710083987272,35:0.4290994308674573,36:0.517057296955247,37:0.05317747102754955,38:0.6468505107568104,39:0.6191384282097712,40:0.14091267551133835} with alpha 6.0 and beta 61.0, percentage 8.333333333333332
The arm 7 has vector {0:0.8614770996285843,1:0.5395026213506356,2:0.8469731211993662,3:0.6693179306644284,4:0.11200230281005752,5:0.8671362930783398,6:0.3218393990300529,7:0.2998230769842294,8:0.1914532860738346,9:0.7137793418217564,10:0.15249001558870634,11:0.8412558945887673,12:0.9608706367994375,13:0.8646928570698582,14:0.7589520566618365,15:0.13587985746652742,16:0.1485842022441317,17:0.4347269041122007,18:0.30523979270670765,19:0.9750673675991167,20:0.6370382374385484,21:0.34978489803914947,22:0.01547864455961645,23:0.6217403822323624,24:0.06375958470725163,25:0.1754200042905889,26:0.3562985101145194,27:0.02764597264446844,28:0.3993045085403957,29:0.23618013823911777,30:0.9497014248574134,31:0.8847608079540327,32:0.8367436299341866,33:0.2377409360817856,34:0.9787002877660076,35:0.29825469793076176,36:0.9649223174176904,37:0.8549268314338071,38:0.15248926221238635,39:0.6037080892976447,40:0.523663037714398} with alpha 24.0 and beta 159.0, percentage 14.556962025316455
The arm 8 has vector {0:0.40499941209434265,1:0.3172972786588578,2:0.21785328694044193,3:0.007820256389439395,4:0.06456753973972718,5:0.16216907664748548,6:0.8732138853527971,7:0.3238320523691496,8:0.7467834217855444,9:0.04030182897359291,10:0.49369654795201057,11:0.9001467087301859,12:0.8140075792339846,13:0.9652943879282546,14:0.8139998789801749,15:0.6342041437157098,16:0.24328022018158402,17:0.43252583316497006,18:0.7329321380566958,19:0.13488607875837766,20:0.79412747896937,21:0.04301028834723619,22:0.5243278136042524,23:0.9825678194598683,24:0.7878427371836099,25:0.33539969457545127,26:0.5417246321545817,27:0.24866787305176252,28:0.5393956043113416,29:0.45387640302212806,30:0.1330691988156043,31:0.8940706591258213,32:0.3162544577786185,33:0.011481580569519423,34:0.8402056623199793,35:0.7224315648781451,36:0.579765381813588,37:0.1435119244842744,38:0.9136506554921692,39:0.8586136234537871,40:0.8582061677709635} with alpha 20.0 and beta 141.0, percentage 13.571428571428571
The arm 9 has vector {0:0.2667673117876391,1:0.47223588975692676,2:0.02525006704123689,3:0.6153260561994762,4:0.10655405228811776,5:0.47868471634274035,6:0.8678808100489676,7:0.2749573567534872,8:0.3959504145090158,9:0.3851660029266384,10:0.029754455659562917,11:0.21496155750012813,12:0.7354453516762995,13:0.1440120071509816,14:0.4925644428000798,15:0.6643595295119342,16:0.3652971938956935,17:0.2792822720783964,18:0.5262321342186482,19:0.002942290560058236,20:0.08697706095048896,21:0.5477049909895807,22:0.1538685487187319,23:0.05574550330882988,24:0.1961321135455849,25:0.9179218264546711,26:0.5130850669175405,27:0.6369798456783413,28:0.1586410777025793,29:0.6778316125472267,30:0.4165923400069328,31:0.33487325824059266,32:0.041027717370775374,33:0.8066372608694862,34:0.47975766056230906,35:0.17118281745327113,36:0.5517253202786785,37:0.7805343512995138,38:0.6178884083411214,39:0.8359531286512505,40:0.7320008281002623} with alpha 15.0 and beta 108.0, percentage 13.084112149532709
The arm 10 has vector {0:0.6571312965642517,1:0.03350408021771334,2:0.7156231570936648,3:0.9383547466967108,4:0.25479686639267574,5:0.7174832815933455,6:0.7191982888652831,7:0.891446898270865,8:0.18966581209889155,9:0.7505309298459857,10:0.9450867628759858,11:0.5542127698723829,12:0.345474966244931,13:0.5055947191056033,14:0.09465447888781386,15:0.9233703850307305,16:0.30359155875212174,17:0.35552932969804685,18:0.7455531104323534,19:0.3754990619045465,20:0.05039663934179228,21:0.9151494076765402,22:0.20482075060706972,23:0.5292891832700528,24:0.425618415850631,25:0.7512880022035071,26:0.7738853253797598,27:0.7161288044822038,28:0.7983309741113848,29:0.017150244176558305,30:0.9293510967793053,31:0.8659488137056358,32:0.6119115718053577,33:0.556096844519372,34:0.7429145092008276,35:0.6893203029600862,36:0.16417341632356175,37:0.505818400847829,38:0.8246889810478432,39:0.3045655276763778,40:0.39084174101729496} with alpha 9.0 and beta 82.0, percentage 9.876543209876543
The arm 11 has vector {0:0.14739206162214746,1:0.3711579016887666,2:0.05401613132727068,3:0.023247902409581744,4:0.6634309218820641,5:0.14761266619325186,6:0.627525018141561,7:0.4506931336792138,8:0.19555996101571937,9:0.6575187423190083,10:0.2789695162588266,11:0.5507011546160627,12:0.2845317158706393,13:0.9510300512975874,14:0.9154012599397435,15:0.47015520456216886,16:0.8209334042087757,17:0.7026171736986205,18:0.20663280531685446,19:0.0931959559313601,20:0.4742606487328005,21:0.15045622030329497,22:0.060682294728973685,23:0.7550822427281164,24:0.10052629606222518,25:0.6881874837042309,26:0.10433234785997358,27:0.6562215030391818,28:0.7339405847603995,29:0.6228834001985888,30:0.20198090792405698,31:0.15778326247415786,32:0.41786912902849305,33:0.7204925330474288,34:0.9754607503075619,35:0.691172608828292,36:0.8710392757867754,37:0.0847980555282305,38:0.48187106350326747,39:0.8746197888407261,40:0.91252394986533} with alpha 6.0 and beta 58.0, percentage 8.771929824561402
The arm 12 has vector {0:0.751511464750144,1:0.22912703128814527,2:0.3202178005362615,3:0.29796428781575335,4:0.6223878955974101,5:0.14786718944393396,6:0.15004552172303487,7:0.6638263555734837,8:0.1357378990072915,9:0.5036305786719015,10:0.3799064021925299,11:0.6977424391140774,12:0.8928502773542939,13:0.10147542758611205,14:0.8087358436660522,15:0.7296805367095358,16:0.7398272721154128,17:0.5047615880437687,18:0.9582993691996404,19:0.029770272510741047,20:0.9259726013364397,21:0.49157821998816753,22:0.9591321899697497,23:0.17040604432934847,24:0.1750051512493358,25:0.046084362589395744,26:0.9890570603884433,27:0.3440829888904161,28:0.7375042559927212,29:0.1095463622573144,30:0.1997436029838452,31:0.9795026634297576,32:0.9189787123108314,33:0.46771813537285,34:0.12320345981102443,35:0.500448895013662,36:0.3822031188254058,37:0.29450204714839323,38:0.39155078467329607,39:0.6207888027145193,40:0.46446344782887194} with alpha 18.0 and beta 119.0, percentage 14.40677966101695
The arm 13 has vector {0:0.5682457494830816,1:0.3024856159547331,2:0.06057602023532349,3:0.06250301059789731,4:0.03952949315654308,5:0.37069374100492214,6:0.5880431375427677,7:0.10468376946293334,8:0.24898908321764457,9:0.2239409421115237,10:0.20065584581248608,11:0.4458151010357879,12:0.9463586102404585,13:0.30764304020167765,14:0.9772940705017825,15:0.7142156436240168,16:0.7666210280093303,17:0.769211224607508,18:0.8325489780620627,19:0.335894499885114,20:0.3710886789831157,21:0.8891836047368932,22:0.7836294470998788,23:0.09980352151246874,24:0.2239235551228952,25:0.4944187142339772,26:0.9358714064570246,27:0.35232002157062425,28:0.7779209375730319,29:0.7043979763643146,30:0.27902803512383334,31:0.5837250605665029,32:0.21006488336565954,33:0.5029778919693828,34:0.6489496316131439,35:0.86790561669841,36:0.12718867970654257,37:0.8173801242776725,38:0.796917342822114,39:0.6284650397935637,40:0.14533284940675062} with alpha 17.0 and beta 112.0, percentage 14.414414414414415
The arm 14 has vector {0:0.01407485352816995,1:0.8863840892291145,2:0.426345766188043,3:0.4545935287781713,4:0.27570745869965996,5:0.6474088419838705,6:0.4261039729435363,7:0.7009913459886967,8:0.41980211844104165,9:0.6795188355077355,10:0.2479240182210718,11:0.2753767117641115,12:0.3493875682028065,13:0.6124159111148748,14:0.46240648999733147,15:0.3021981216118985,16:0.28679727762266805,17:0.25084128444874676,18:0.2759141538253841,19:0.18766519727329445,20:0.32823171695157083,21:0.14880147317193881,22:0.22193060453681956,23:0.38832187005165186,24:0.8103352334748737,25:0.524208299451146,26:0.4409397283658356,27:0.5995222339385937,28:0.6649329848581577,29:0.030152731883648753,30:0.1472473906675349,31:0.5015315418849648,32:0.6996653521312395,33:0.7691555392249294,34:0.4800620658321213,35:0.4109928188021631,36:0.6072683567831262,37:0.593306941509034,38:0.699846165151911,39:0.8229202370606358,40:0.38756629166464995} with alpha 38.0 and beta 215.0, percentage 17.289719626168225
The arm 15 has vector {0:0.32161344640795997,1:0.8102272054386531,2:0.23452215117449726,3:0.7276265211398573,4:0.2675682574496214,5:0.20268066581782995,6:0.4589881792872166,7:0.14848519617096523,8:0.26874514182875264,9:0.9390238457527392,10:0.5346334395594687,11:0.02889708190543272,12:0.49579339985151727,13:0.373294475599116,14:0.7084694168540049,15:0.8294277952907333,16:0.6208480365138956,17:0.07268063770542743,18:0.11072989382886345,19:0.9725383947361407,20:0.7987764186808047,21:0.6378025938491989,22:0.05069433371336096,23:0.950937902745419,24:0.6384720356911887,25:0.8438522164627418,26:0.27164223900315976,27:0.644989801522592,28:0.8036654736687604,29:0.44296651587971614,30:0.040086987432367605,31:0.2509678306112373,32:0.7888664746793551,33:0.6498644458646824,34:0.09262851056921717,35:0.9602913199883575,36:0.8965466746322912,37:0.25346498444666776,38:0.5115439592946426,39:0.9792507765579527,40:0.9563639889535587} with alpha 24.0 and beta 154.0, percentage 15.032679738562091
The arm 16 has vector {0:0.004783811352332301,1:0.13012315718345835,2:0.8613893492666463,3:0.8532348653624598,4:0.6870126956251654,5:0.939281005777193,6:0.8551986926143692,7:0.7883551396672481,8:0.05220484312363394,9:0.9619701983818536,10:0.5515716806441191,11:0.5778437890017478,12:0.6888566413130816,13:0.21227835273929463,14:0.8711065098030646,15:0.0035272453784256363,16:0.4826119663284075,17:0.5988773623454118,18:0.3107613531612151,19:0.6375891246181005,20:0.16626544909436025,21:0.337242264595343,22:0.3604605478642503,23:0.32048555237301446,24:0.3840956088148968,25:0.9987824610660397,26:0.5870780930888777,27:0.3606776108173396,28:0.4431379692729417,29:0.9950554531091146,30:0.35952747849995914,31:0.042664518522981476,32:0.9947840438798495,33:0.7149363026288266,34:0.2780305749476355,35:0.7800810652753848,36:0.6923530476475188,37:0.812264755397253,38:0.6788666628349134,39:0.21960425982888876,40:0.1780512902934711} with alpha 5.0 and beta 52.0, percentage 7.8431372549019605
The arm 17 has vector {0:0.3172537895544689,1:0.2506132913993354,2:0.749551486978532,3:0.8691499026899271,4:0.7881501599942805,5:0.8383764562489014,6:0.2668165183952945,7:0.5013202598702604,8:0.9066180367517144,9:0.5604270894564026,10:0.02887391455518651,11:0.8150796153367708,12:0.7209680407994036,13:0.7146477645746026,14:0.8386841644149438,15:0.23215098129712053,16:0.5995356276226668,17:0.9865978357718768,18:0.879336839693177,19:0.6221375639664851,20:0.6309390842651341,21:0.4595893027282463,22:0.2698427944837185,23:0.9046907949635705,24:0.12015825116850609,25:0.762765649241046,26:0.7914077079665635,27:0.4930360937082662,28:0.18202721020480617,29:0.2960427907854283,30:0.10635692556040599,31:0.37874025139725387,32:0.3213257375493933,33:0.07674469880848767,34:0.5358688869514521,35:0.6583241113646919,36:0.845464375486095,37:0.06258642191206132,38:0.8794154515450668,39:0.9134593906633554,40:0.05124371757258572} with alpha 33.0 and beta 203.0, percentage 15.841584158415841
The arm 18 has vector {0:0.4161463591059047,1:0.1817775066388817,2:0.4213134144331375,3:0.5378112914107487,4:0.4696236899495694,5:0.8609858482384775,6:0.7712531234590458,7:0.35649090245539095,8:0.5913893559139957,9:0.5836402415775053,10:0.7170346273261721,11:0.06513959125579671,12:0.8859378737487537,13:0.24135880267950083,14:0.2799502620241616,15:0.7551479727363155,16:0.4031288534165963,17:0.056372067647958324,18:0.7992679500257349,19:0.8243297824037963,20:0.10324657174790608,21:0.9422483004248869,22:0.06857410639035888,23:0.9874514012485714,24:0.777863900933509,25:0.935645112781209,26:0.4522468695469286,27:0.650894550352578,28:0.6070240627899414,29:0.7403711713422942,30:0.9296356727552345,31:0.8941988835006511,32:0.7150242240500922,33:0.9459736771252999,34:0.9242592069494985,35:0.853867530589672,36:0.4312054813370102,37:0.4552440347899488,38:0.8408433509058677,39:0.21055916401315844,40:0.01630815966027921} with alpha 40.0 and beta 236.0, percentage 16.595744680851062
The arm 19 has vector {0:0.1157786711857105,1:0.09270910579208336,2:0.34607315861018595,3:0.4037176065558459,4:0.39417246327946387,5:0.5405302024038001,6:0.8918060912009681,7:0.5497945728592131,8:0.5338429272711502,9:0.015616490645416481,10:0.6252847414390204,11:0.6258131192602743,12:0.2523687026696896,13:0.6090034469322538,14:0.8513574677234375,15:0.7291949766544646,16:0.9742102366764384,17:0.2561180183172378,18:0.4144936134057373,19:0.37324751311017257,20:0.9504393672843182,21:0.7096473690172028,22:0.7065267215619809,23:0.4115157551578279,24:0.1901429403732512,25:0.9722863660544818,26:0.5797100407349921,27:0.029423760168762803,28:0.6604977461192858,29:0.6675480665895777,30:0.6153567914220175,31:0.03819286194129201,32:0.9157690436979956,33:0.7483065782100656,34:0.947035069984591,35:0.7496782066157318,36:0.5351043737500741,37:0.7152813245287333,38:0.6010721664715285,39:0.9139575536616377,40:0.22403750483917306} with alpha 25.0 and beta 153.0, percentage 15.789473684210526
The arm 20 has vector {0:0.10264298652364678,1:0.6555752581612894,2:0.3071307422033559,3:0.909811631810704,4:0.1546255809773367,5:0.1468461852876164,6:0.8156993086715214,7:0.03496203513079932,8:0.7053305851189329,9:0.4977951771499738,10:0.39242174040396305,11:0.6407169018806498,12:0.3635479545727254,13:0.25097497843955574,14:0.8609779983583925,15:0.17399058038487447,16:0.9163335362634584,17:0.6996675133283391,18:0.8580073250528447,19:0.033511745650543046,20:0.25632484782475573,21:0.9832184355648091,22:0.1458325540398524,23:0.5773106548788387,24:0.5053716801556847,25:0.3856828906940103,26:0.6229519565147159,27:0.3235284719226581,28:0.6429908264436056,29:0.9234942968373501,30:0.6359684697804533,31:0.015372955771927654,32:0.5982695138780318,33:0.9240243595764668,34:0.38129595851596754,35:0.035800267892015736,36:0.9612581910477747,37:0.2679534521693874,38:0.8147468034996022,39:0.16599390194945496,40:0.9888292543997226} with alpha 33.0 and beta 187.0, percentage 17.20430107526882
The arm 21 has vector {0:0.6929211236018306,1:0.14084931859345773,2:0.17919150853935295,3:0.40631019516605815,4:0.6761908763715928,5:0.9003329127839655,6:0.6106515718725789,7:0.1845574385334846,8:0.18228362538935805,9:0.5079266181434516,10:0.7005785039625388,11:0.7737682125921601,12:0.8966307574603628,13:0.7554537147949638,14:0.302186304065277,15:0.33910451603305813,16:0.18196138303250364,17:0.5502321726315968,18:0.5660473560218623,19:0.42916624679904636,20:0.5811147512857546,21:0.8539581852017032,22:0.0672401331891993,23:0.6169817131293912,24:0.8878340243885856,25:0.5851248348805497,26:0.054899125710057395,27:0.802638041920562,28:0.3852959930199651,29:0.43450285143206746,30:0.8316164186252979,31:0.5722214158244799,32:0.23566156970669372,33:0.04350822291244383,34:0.030522315638650155,35:0.6654609510029755,36:0.8481479254820199,37:0.84923812346789,38:0.6558462129514152,39:0.30127490879057184,40:0.7775981020990748} with alpha 17.0 and beta 122.0, percentage 13.223140495867769
The arm 22 has vector {0:0.38326982452603253,1:0.9452010249093484,2:0.6200247521382919,3:0.29595984927495134,4:0.3050165683025654,5:0.5787561331228638,6:0.4177508089051237,7:0.6521501813008609,8:0.08469377924666266,9:0.9292777174555671,10:0.029400553330741763,11:0.1467196799394863,12:0.1302389935900229,13:0.019373350171235648,14:0.0540992414616025,15:0.4143346404847662,16:0.7327101378150043,17:0.8433048717397357,18:0.7847709182480134,19:0.9036948425094525,20:0.3796967903687899,21:0.6106050690986398,22:0.9859812582729995,23:0.6192866453787454,24:0.4213833954828612,25:0.1407347455870338,26:0.13227180911800218,27:0.4876312838837459,28:0.05236033485543434,29:0.22821549010814235,30:0.8414197251807587,31:0.11083712144951596,32:0.4038682911287168,33:0.7807443886920983,34:0.3190569888718957,35:0.9732708899164265,36:0.028916560837411565,37:0.9818613757606328,38:0.11187714308085228,39:0.23733403063414737,40:0.1638052581983097} with alpha 18.0 and beta 129.0, percentage 13.28125
The arm 23 has vector {0:0.02011863758989252,1:0.7208514645093215,2:0.30411427818000836,3:0.243433449898235,4:0.5971762531148361,5:0.6885788931275547,6:0.34751223339558024,7:0.6018465522639649,8:0.23691744490859878,9:0.9212636315495105,10:0.6218275156196363,11:0.3660974780886368,12:0.03762438579390448,13:0.7684208883767868,14:0.3553183816309683,15:0.6168866153349878,16:0.16254612953946923,17:0.48608619786115814,18:0.4511274990626585,19:0.15645876715847118,20:0.07292884143079648,21:0.7290892435601769,22:0.7034028613533215,23:0.13452054360479393,24:0.7006334481068694,25:0.21241977281012148,26:0.22178316962300793,27:0.9177467464326607,28:0.09819145237602012,29:0.21871214786025694,30:0.2725545255908577,31:0.5784887786109543,32:0.055137087552105335,33:0.03930737893179803,34:0.6732724792373542,35:0.7764187023976588,36:0.19645981742730934,37:0.2929393230205388,38:0.5309167520119763,39:0.1343887387992726,40:0.9511809668870037} with alpha 13.0 and beta 98.0, percentage 12.371134020618557
The arm 24 has vector {0:0.8012087746485901,1:0.7256750119793602,2:0.22784472130050404,3:0.5889334640417052,4:0.6249625304436259,5:0.7265629959577875,6:0.7834115041555403,7:0.9989488443800826,8:0.07734062832770705,9:0.001645233385646705,10:0.343756208341342,11:0.21050949719985712,12:0.01031679656712503,13:0.279700820253576,14:0.12567787783003126,15:0.5580471416224363,16:0.7724541498677605,17:0.26488817537229425,18:0.9704640884396992,19:0.9284085571303761,20:0.23148246869147693,21:0.7680110139331889,22:0.19875373666371166,23:0.846120987169512,24:0.1581998957549322,25:0.2959296268255014,26:0.3297385573265804,27:0.6778428776954025,28:0.7783495403327546,29:0.1806622584163431,30:0.7774935082204333,31:0.8318338698173852,32:0.8779732123574279,33:0.08155111201372933,34:0.7443190731985345,35:0.633910375732546,36:0.19704173869608832,37:0.10394136734448778,38:0.5870320258724377,39:0.7503902363932731,40:0.966005041029063} with alpha 15.0 and beta 116.0, percentage 12.173913043478262
The arm 25 has vector {0:0.571574303905579,1:0.27376316640708664,2:0.16325990669724333,3:0.11640134172572081,4:0.2966424157608144,5:0.08030088478553998,6:0.7906658866687123,7:0.8974072437983832,8:0.8453380628364433,9:0.3828384180879776,10:0.8620986199748766,11:0.13989093431540545,12:0.27192432715981973,13:0.11716955699244735,14:0.6542439544700588,15:0.024046439693074517,16:0.8272221569987914,17:0.5398089447646376,18:0.025464319184511086,19:0.8405302176287122,20:0.08009174972385125,21:0.4043006501871226,22:0.6981079900687452,23:0.0016156159523871283,24:0.5671411769550542,25:0.5967574534855473,26:0.2802796071997413,27:0.27004800763428227,28:0.3935529096482636,29:0.98936410105121,30:0.7638254640280708,31:0.7329283748686378,32:0.6863201726597623,33:0.1679373476600695,34:0.4920234053500142,35:0.36502753449602154,36:0.505696617122674,37:0.18126769485297234,38:0.172921010314815,39:0.8339588606711935,40:0.4536006306028115} with alpha 18.0 and beta 118.0, percentage 14.529914529914532
The arm 26 has vector {0:0.2095246562917874,1:0.9634980615526022,2:0.25673313819893884,3:0.08510747327775625,4:0.08010146060699885,5:0.1251611457997529,6:0.900859512216495,7:0.5494502002647382,8:0.7195420240076612,9:0.3073383990318055,10:0.8910068505234247,11:0.45234017953867356,12:0.9991866344190586,13:0.33269881718318106,14:0.09422236375661397,15:0.2124201027618755,16:0.94897264821787,17:0.7909670743656002,18:0.9623606529457999,19:0.160711374950821,20:0.23915863386772807,21:0.7493554792048563,22:0.7059743559537485,23:0.004863400657881489,24:0.9395286028951109,25:0.6509155920907677,26:0.19857509488568026,27:0.5997012298989385,28:0.7276371834867359,29:0.902233781240534,30:0.9239945107983372,31:0.773451089837165,32:0.573727844907358,33:0.8301265756484063,34:0.4251875112492455,35:0.7832640474412876,36:0.3969074014793542,37:0.17524373925320724,38:0.45000112401560277,39:0.3210896828191846,40:0.18845428967674138} with alpha 19.0 and beta 128.0, percentage 14.173228346456693
The arm 27 has vector {0:0.38214986414558505,1:0.17161436974948052,2:0.4863638597489248,3:0.2690160826088255,4:0.41931447945286526,5:0.34574177313072796,6:0.8413313923600125,7:0.09105727885719772,8:0.9443959187302918,9:0.6602771741660471,10:0.8823829115622619,11:0.06905654269784955,12:0.44910837794156644,13:0.03868750766323448,14:0.34299927862205826,15:0.09646164663161594,16:0.696132691828323,17:0.5222361650830382,18:0.5177422833336129,19:0.2876500037846663,20:0.609143708702439,21:0.0686469663950704,22:0.7035680325002451,23:0.173219161154198,24:0.6872472401061194,25:0.5544417803509444,26:0.7073592130016481,27:0.9950959814391932,28:0.0856951417023959,29:0.9345603840429616,30:0.2504857162597314,31:0.6008580043127635,32:0.7921546882614399,33:0.7638030073861186,34:0.12567831197773294,35:0.038643804204361754,36:0.4170720861108237,37:0.43488786951736613,38:0.9707164830854562,39:0.43563205492552315,40:0.2860915425930295} with alpha 30.0 and beta 181.0, percentage 16.11111111111111
The arm 28 has vector {0:0.43643530694822075,1:0.7481295884926656,2:0.06890691762455392,3:0.12719182891990644,4:0.03864606807912374,5:0.5843239496191907,6:0.6220564713489398,7:0.14754969786287742,8:0.9817499000181972,9:0.5007727130550357,10:0.08619225114782536,11:0.3578909728611247,12:0.6994100149236309,13:0.30111837042858103,14:0.7142133352433956,15:0.46360452100336436,16:0.9576556642542854,17:0.7335921885638876,18:0.5697721425983483,19:0.8835169159424281,20:0.030416099155483933,21:0.9613591760551067,22:0.10564148726745815,23:0.09989138951364263,24:0.342410684191204,25:0.9547890791447811,26:0.16171749520973167,27:0.8984520691829335,28:0.06856464942198481,29:0.47814612394800593,30:0.08690168189443592,31:0.7258504395327452,32:0.21995449583737947,33:0.31811530254844156,34:0.1663323688099455,35:0.5145998826974599,36:0.4802636660500623,37:0.7579627364143133,38:0.0626991903983275,39:0.08125240341130147,40:0.7681202035085014} with alpha 12.0 and beta 92.0, percentage 12.087912087912088
The arm 29 has vector {0:0.1537585877171611,1:0.3250737733048067,2:0.19615483647480003,3:0.33266200051515626,4:0.5502531053415849,5:0.7704479844300215,6:0.6415444634557348,7:0.5039106957818147,8:0.23812127807154648,9:0.5030348825625569,10:0.27351647842640636,11:0.015574700229376792,12:0.1139729359101217,13:0.42498944009561745,14:0.40314875200112976,15:0.3408189976511552,16:0.6779424457659537,17:0.5998073226840109,18:0.45632052521510713,19:0.28900673087996565,20:0.4266896589026008,21:0.39953482916714766,22:0.2626762097371904,23:0.06675418995262516,24:0.6586310860687269,25:0.49409414551086395,26:0.29922088365597665,27:0.4808552382755459,28:0.6364992860222244,29:0.9908969371790425,30:0.8581454903867041,31:0.618727054014177,32:0.4509875092678428,33:0.47095513853614723,34:0.21276608520280604,35:0.0824911549661268,36:0.6269205579782209,37:0.21749558610071829,38:0.25060474714028846,39:0.001014213756522886,40:0.9127581339738564} with alpha 13.0 and beta 95.0, percentage 12.76595744680851
The arm 30 has vector {0:0.22330221507251913,1:0.40047454491957746,2:0.6377827959309988,3:0.015245758378108376,4:0.6286021770648706,5:0.19577161408651378,6:0.00525861968732555,7:0.3987664255019929,8:0.6253741438902805,9:0.822333610181384,10:0.6778823935318835,11:0.9495762379003455,12:0.10503314911326855,13:0.010994705900175039,14:0.8121754817916784,15:0.9409774915804637,16:0.9319171945899465,17:0.6838659671376973,18:0.36995754391032576,19:0.10672248761351522,20:0.4139046130168057,21:0.5413064477490352,22:0.7701873251796857,23:0.11153117206053986,24:0.8905867599005564,25:0.929821551306601,26:0.5923313973967951,27:0.9003399919943124,28:0.3557069257202994,29:0.4410566427202979,30:0.5317620677827493,31:0.4830569393097792,32:0.6743486954645025,33:0.03593582439675114,34:0.2620936340142379,35:0.948688145413696,36:0.1167104466415867,37:0.6307259053265651,38:0.04419177575741806,39:0.8684184912573959,40:0.4842345948698681} with alpha 17.0 and beta 110.0, percentage 14.678899082568808
The arm 31 has vector {0:0.49127430153754437,1:0.3834688510116131,2:0.32419971787061164,3:0.8573072675987101,4:0.015830538889724077,5:0.2585672850744214,6:0.8913246726461144,7:0.5057875585045787,8:0.2390741992729244,9:0.443959161227532,10:0.018506114300803955,11:0.510974651887788,12:0.4591954977128879,13:0.9618271544695283,14:0.029368050709297155,15:0.5210097061626494,16:0.9891100072457815,17:0.8566999837001231,18:0.7452251905805055,19:0.42740118793184667,20:0.5836280884975557,21:0.11179798006457875,22:0.5438521190065592,23:0.4993460821203256,24:0.21390334935501654,25:0.5842238838486069,26:0.5583913713424924,27:0.5271710536405313,28:0.2250871238782507,29:0.269979400802011,30:0.5360176097059592,31:0.5967800277431567,32:0.2826611714909555,33:0.21853639186453655,34:0.03055825679152735,35:0.8867997951207416,36:0.621796996031596,37:0.450101047890352,38:0.87197466319373,39:0.14817690051620958,40:0.28884075987353985} with alpha 3.0 and beta 46.0, percentage 4.444444444444445
The arm 32 has vector {0:0.4561801798551979,1:0.7700672447228981,2:0.6964965591230715,3:0.07043869482286469,4:0.6852640495819151,5:0.8908829543652579,6:0.8535311739523769,7:0.47656237415426295,8:0.9534215213421258,9:0.3731959948661008,10:0.03602242720051296,11:0.38076754983682126,12:0.6358403195941529,13:0.43672327714088566,14:0.7216217640577933,15:0.8016868750679167,16:0.47455224970387755,17:0.20584757501695672,18:0.2546055980965135,19:0.24268114504579574,20:0.22410053355663495,21:0.09894646084289338,22:0.8343656324788411,23:0.18339400364681258,24:0.28020168760217756,25:0.6436231073765355,26:0.9379132630784967,27:0.42006394503330446,28:0.14246043156559018,29:0.955076031485572,30:0.002492464288021856,31:0.4744485566270076,32:0.8552700649397837,33:0.9300219889095269,34:0.417658053402275,35:0.46093795686304795,36:0.16948888767699943,37:0.2357703032993579,38:0.41867642357472,39:0.32475521798303675,40:0.2298849718383621} with alpha 11.0 and beta 81.0, percentage 12.5
The arm 33 has vector {0:0.39441333745243146,1:0.717982565753226,2:0.22108726236839416,3:0.7998626732893035,4:0.8593721033412914,5:0.6421543707769164,6:0.318870679528916,7:0.5917046005552276,8:0.884672979137538,9:0.7603086229499041,10:0.36348268095282443,11:0.8227138556467923,12:0.7495478646857434,13:0.05393838558201702,14:0.3650593114283349,15:0.8298134128821598,16:0.4170189459561442,17:0.961797014661351,18:0.20213251836497304,19:0.6690294914642791,20:0.13435980551312132,21:0.19627210167281006,22:0.735292977098373,23:0.15696485523003734,24:0.08525746544553936,25:0.586468819519963,26:0.6536932893314586,27:0.7265831134704906,28:0.38440572339959833,29:0.3086785231185737,30:0.2798136199330311,31:0.9261187044503366,32:0.552899393046457,33:0.5503503061960071,34:0.08291567052499094,35:0.19859780992855203,36:0.5267565819487746,37:0.1498754199503496,38:0.33093517725801336,39:0.5495858520224269,40:0.5520241862164371} with alpha 21.0 and beta 146.0, percentage 13.793103448275861
The arm 34 has vector {0:0.37081187727810416,1:0.2734008256199707,2:0.6103665136073567,3:0.21555461317489932,4:0.08884599054547071,5:0.454110302909171,6:0.36185360017904955,7:0.7039417703024365,8:0.8002142184114213,9:0.34940367636493375,10:0.244206264826341,11:0.6974956346580539,12:0.8672828876013889,13:0.6012123501567046,14:0.49495421402370454,15:0.8316644806645324,16:0.7476306052431719,17:0.11515909908901789,18:0.7133203344102665,19:0.4894156784997703,20:0.9513705929951657,21:0.8454965264946243,22:0.11916757675818124,23:0.7874162960964336,24:0.9664865366624315,25:0.5507326043847365,26:0.5397563933823057,27:0.01984401349830378,28:0.7278881356660433,29:0.3658552724851405,30:0.5038769347414374,31:0.00868330694177577,32:0.44279677375079873,33:0.5468519570778282,34:0.8659567154965236,35:0.9671323477949972,36:0.25010376777059684,37:0.7017257430296564,38:0.549887628069019,39:0.1231232650762264,40:0.8050190120820683} with alpha 1.0 and beta 29.0, percentage 0.0
The arm 35 has vector {0:0.7219080010152047,1:0.2467300313032481,2:0.9643507139596876,3:0.784267253916113,4:0.23968798956491055,5:0.5132699329609919,6:0.17981966263907168,7:0.749671291031017,8:0.9389767439632101,9:0.9935720575710311,10:0.4361466766720816,11:0.13836784029527882,12:0.9999323140198964,13:0.4077036305497954,14:0.04829325331036838,15:0.7829469003166091,16:0.5385305736884444,17:0.18633652668300293,18:0.005312642905583198,19:0.8736586831299971,20:0.42862602327177846,21:0.020977887082352376,22:0.18326990729424986,23:0.14349787884046705,24:0.5557675510120622,25:0.4127687284823739,26:0.3341008729040633,27:0.5053464769616003,28:0.40116164198236637,29:0.09990863420350116,30:0.15942574315931057,31:0.5841533767896727,32:0.7197555652236305,33:0.7666264807057286,34:0.8886058518119188,35:0.2553508113724826,36:0.13871045835859364,37:0.15126562309310332,38:0.48590754755663457,39:0.705257450794908,40:0.4301231242224701} with alpha 27.0 and beta 161.0, percentage 16.25
The arm 36 has vector {0:0.41758365411411646,1:0.37227312888788033,2:0.49637083556984307,3:0.2610479202602757,4:0.5922287811431204,5:0.4162297570623713,6:0.8108060897656448,7:0.0683294001862832,8:0.16093550804156298,9:0.987061513554634,10:0.2207352970539208,11:0.23436129598236455,12:0.6765571452645402,13:0.3729955503421888,14:0.5695124636562494,15:0.4109896010169207,16:0.4659862003299986,17:0.23736391324357875,18:0.11262833377404369,19:0.7032727805422584,20:0.4544331913207488,21:0.5114211681318405,22:0.2738173422859781,23:0.23071927306305584,24:0.6170829343767089,25:0.8370579652154484,26:0.3326755538564503,27:0.6830175100246272,28:0.4955406273719717,29:0.8812985049687507,30:0.18300639321660428,31:0.030424861558533633,32:0.7116376260483289,33:0.4900427203771428,34:0.3548343001209794,35:0.17444341369921834,36:0.052735478888841225,37:0.33537532886626487,38:0.30553542636678643,39:0.9740285574739654,40:0.3582442364220456} with alpha 8.0 and beta 72.0, percentage 9.859154929577464
The arm 37 has vector {0:0.7045610554854059,1:0.5147277511241051,2:0.7669872156490045,3:0.7100210612401402,4:0.016147990687436553,5:0.551987423343496,6:0.30171974779039634,7:0.7278075591672316,8:0.7988222792039542,9:0.16217782124242963,10:0.5742046500778457,11:0.703314665330552,12:0.17843664279655214,13:0.9596950016817312,14:0.4663564433762465,15:0.20218227437885472,16:0.7498172266407096,17:0.7331747341709223,18:0.10559422420755671,19:0.18824460068522986,20:0.8962951600089293,21:0.2464828799064912,22:0.4585821897415635,23:0.6375712981871285,24:0.8211623871314053,25:0.45812856538651925,26:0.6246765134195434,27:0.5290190861224695,28:0.020542501243563382,29:0.648020174228792,30:0.7436314040637182,31:0.39869990495490215,32:0.4161362611402438,33:0.9493984983424661,34:0.1582977273341677,35:0.5805848578177463,36:0.9154227798616166,37:0.705346979538533,38:0.11618459068172937,39:0.38815314878733553,40:0.7547657375500703} with alpha 10.0 and beta 84.0, percentage 10.843373493975903
The arm 38 has vector {0:0.9515994672059592,1:0.9653388402401094,2:0.9781710212970152,3:0.059258951559951534,4:0.4249679864382868,5:0.02725497197327864,6:0.303442782065955,7:0.13783884504877542,8:0.927378091847757,9:0.6489646606028844,10:0.507741923309696,11:0.1850960733510415,12:0.49253255370120874,13:0.8644878746320098,14:0.7052353844896742,15:0.30720689302550175,16:0.9694405940143426,17:0.26567457697782026,18:0.4645000605670415,19:0.96041346099978,20:0.3090411662331647,21:0.38346337209579995,22:0.06388937530660499,23:0.22838751485573439,24:0.21571760933541184,25:0.5994844298014341,26:0.03911532545152885,27:0.9480723730209996,28:0.7526088737889993,29:0.32774550499057387,30:0.3789073571426349,31:0.6055869788985441,32:0.5617886391522519,33:0.31200863102133924,34:0.3479704533791098,35:0.1687264714484763,36:0.6799452727357892,37:0.639985644876839,38:0.5896058583970876,39:0.6439361153272503,40:0.9732864790497311} with alpha 5.0 and beta 57.0, percentage 7.142857142857142
The arm 39 has vector {0:0.025759614413920717,1:0.7306660793011092,2:0.6337820228992034,3:0.9687837432622065,4:0.8281235737252471,5:0.25661056980462904,6:0.7004400185125049,7:0.9768231588058244,8:0.2861426653513959,9:0.495290536481347,10:0.8650765273636518,11:0.7509873260554184,12:0.42375267389981053,13:0.9355178137820481,14:0.24904730393019536,15:0.7845693632743787,16:0.5886269422609172,17:0.12217025786116875,18:0.41715464751516984,19:0.9168308148519694,20:0.3723995792044028,21:0.09856971001452619,22:0.11910337171130925,23:0.33540130248881317,24:0.7331484451500975,25:0.38542418088711194,26:0.7343057467366421,27:0.7208320836290852,28:0.8607614114051744,29:0.6923681382680694,30:0.6311366600681553,31:0.563643957628426,32:0.5515537249719105,33:0.521539345813696,34:0.6699594755712643,35:0.575711784575998,36:0.06788114452839611,37:0.32746080766339314,38:0.9394497256766167,39:0.8287567848771824,40:0.1368931743220635} with alpha 8.0 and beta 64.0, percentage 11.11111111111111
The arm 40 has vector {0:0.03330466417195099,1:0.15362936392921633,2:0.4445869055858166,3:0.4284909832576146,4:0.28792366947970605,5:0.38983022666823075,6:0.14276889386479097,7:0.33887271631291394,8:0.5833655980548029,9:0.4124353402835714,10:0.4907216120444402,11:0.41721594551235597,12:0.31175505712555496,13:0.5700758120975589,14:0.8991413201427634,15:0.17668849084529314,16:0.6541283422186935,17:0.6564715231701415,18:0.8354960675397608,19:0.10204538639731908,20:0.9505236799847717,21:0.37143187289170887,22:0.5383700672624867,23:0.09373863254532733,24:0.8303992821201807,25:0.5174043393002599,26:0.26966627527065745,27:0.5656101608706106,28:0.17239559491892242,29:0.9929879372135942,30:0.19083381721010428,31:0.006102439164854867,32:0.5706709305345667,33:0.8061013519677338,34:0.07736526921118991,35:0.14320569531927674,36:0.3831489622463451,37:0.6921013282433032,38:0.4513984905166728,39:0.8746561681783587,40:0.8239466115038162} with alpha 9.0 and beta 84.0, percentage 9.63855421686747
The arm 41 has vector {0:0.7260614838335511,1:0.7954903346312727,2:0.437939314506229,3:0.7044700271832814,4:0.5162925912498993,5:0.2613232199475828,6:0.6418695624453776,7:0.844749509770944,8:0.46343345329671104,9:0.6586040284845841,10:0.8336247222349167,11:0.20951847428301007,12:0.9049320669454657,13:0.8608021510462274,14:0.4436147163263704,15:0.1153326560527298,16:0.7710858084729829,17:0.37553393023691406,18:0.9670246915287499,19:0.05119822699370191,20:0.23653504738978437,21:0.6485490687268564,22:0.32212738288940357,23:0.39813014462960983,24:0.7882871819381717,25:0.15792461281212933,26:0.43091168089542475,27:0.6717331677698752,28:0.47422005030869707,29:0.37351557997867413,30:0.32254335793092925,31:0.8322369096972498,32:0.2278616712951559,33:0.20340146071089293,34:0.6767842460078621,35:0.23973342698575284,36:0.25780446532155454,37:0.19997677228456623,38:0.9666041377526247,39:0.008080293873304,40:0.9720152422029583} with alpha 18.0 and beta 127.0, percentage 13.492063492063492
The arm 42 has vector {0:0.5379890979138219,1:0.4684932937771663,2:0.7037125220230004,3:0.34904167048442314,4:0.05979296302348913,5:0.33428313069659354,6:0.9541526713976808,7:0.3318795584578824,8:0.45849531108610975,9:0.4791444412802317,10:0.7420589996096308,11:0.8500246607326853,12:0.5305346505136326,13:0.8740130222558851,14:0.759838106297493,15:0.007954054922985399,16:0.6101958448675681,17:0.005877349897961626,18:0.7129210751742551,19:0.5093812812405168,20:0.11155221934066306,21:0.4677921420417316,22:0.15615857082258044,23:0.6194383379177689,24:0.12798366673069195,25:0.6039121056605908,26:0.4576474995995149,27:0.8144271332053539,28:0.9395910274388117,29:0.812437393453519,30:0.003893898989675959,31:0.44893074109987163,32:0.9489296208916428,33:0.0909304237511459,34:0.07390004888910084,35:0.18275075721185974,36:0.5070778421205259,37:0.8628579128923274,38:0.9344852038635315,39:0.6033383041193097,40:0.7848612563129125} with alpha 17.0 and beta 125.0, percentage 12.903225806451612
The arm 43 has vector {0:0.04789593782417201,1:0.05451567726506912,2:0.631501948805557,3:0.9795354569350107,4:0.7578341348921382,5:0.1736509488242879,6:0.11487763215209712,7:0.21763138203633703,8:0.22530196788635592,9:0.3909126520074815,10:0.49737012207869014,11:0.7729379061637651,12:0.5938816161679801,13:0.14973661097255653,14:0.591057316566928,15:0.5923790567491085,16:0.0966971912775374,17:0.6204312353297682,18:0.26902019328775906,19:0.5044336966483336,20:0.2304023321918659,21:0.014468495754738853,22:0.8474568446885749,23:0.3664433865163669,24:0.4988746257690687,25:0.5495760568642402,26:0.21936222505325798,27:0.15654636537802258,28:0.885167853581048,29:0.2193232747332604,30:0.515566941643588,31:0.347415565813342,32:0.3453198906657442,33:0.9759943022133056,34:0.46462039375851094,35:0.534491313062382,36:0.09843039060289716,37:0.03312502752389679,38:0.09492837953353606,39:0.5367746634787418,40:0.12828124395835383} with alpha 52.0 and beta 279.0, percentage 18.345323741007196
The arm 44 has vector {0:0.6025417025130895,1:0.18276809486216017,2:0.09755737261828823,3:0.09855563795609179,4:0.003936357059100781,5:0.9540691449930442,6:0.692458867668734,7:0.8894062622529019,8:0.16161525023014622,9:0.9252086398609457,10:0.8163197748555853,11:0.4954195557627563,12:0.24133023035093715,13:0.41401026274980535,14:0.06529623958036268,15:0.9187267361821959,16:0.6026519998461562,17:0.08272440491603572,18:0.996650889886087,19:0.8087695781107717,20:0.5023377460436504,21:0.7134250696950958,22:0.6775882043049304,23:0.8649565688797811,24:0.4416064907535624,25:0.41622378500335355,26:0.4798170546028633,27:0.04982715967665108,28:0.22097171177989583,29:0.527144257791104,30:0.39482170497240165,31:0.34639212568446354,32:0.4884051281457994,33:0.09631695240169891,34:0.9909935488464875,35:0.001314541082620968,36:0.5845346178318681,37:0.3137615859524291,38:0.5987596412771427,39:0.9642802685253427,40:0.783503073329516} with alpha 22.0 and beta 142.0, percentage 14.893617021276595
The arm 45 has vector {0:0.6793873500382208,1:0.8904305865518011,2:0.19894212489914287,3:0.05475963190650268,4:0.2563617184174338,5:0.7409422656251085,6:0.701217832128882,7:0.005858411470628377,8:0.11712040649898281,9:0.9170397762304627,10:0.4188088774609706,11:0.12209364619345042,12:0.21234243371194994,13:0.7189804620330308,14:0.6575993471170427,15:0.40040141882133595,16:0.2374245748369822,17:0.5651704682027178,18:0.760493711929088,19:0.11855232257852455,20:0.871828245172684,21:0.05006201972854374,22:0.7442390197332736,23:0.5030027163112492,24:0.2569348440882261,25:0.11639343558422799,26:0.23574820514352168,27:0.48625055896443525,28:0.8925151105695448,29:0.7657050209822738,30:0.44165767020406055,31:0.38450320900352997,32:0.0322907555838331,33:0.5879821141699972,34:0.7291870601054408,35:0.6524634026386317,36:0.8175862020129494,37:0.7679609543545503,38:0.746335303084105,39:0.07484916738992209,40:0.8452236503227597} with alpha 12.0 and beta 100.0, percentage 11.11111111111111
The arm 46 has vector {0:0.6711511233258954,1:0.11967899620843003,2:0.549459421926964,3:0.6629252226196312,4:0.6558415256102675,5:0.5996831290499435,6:0.36636047331767996,7:0.8658606977991686,8:0.19962584896508495,9:0.37286873574226775,10:0.7484706742314001,11:0.44037245568614747,12:0.33122867070416306,13:0.5262134119829994,14:0.023226664970844357,15:0.8267184928823516,16:0.6503248790885167,17:0.46922747186788305,18:0.9076344584633903,19:0.10980340656722876,20:0.8393839706348694,21:0.5746180715570228,22:0.7711451313745067,23:0.13958464557758854,24:0.5984218068872291,25:0.2802576488849934,26:0.9267974893318982,27:0.3973393633746499,28:0.7270985493762254,29:0.2299846142708497,30:0.31320038692627084,31:0.23391537589124156,32:0.5837923207047343,33:0.24445270221500648,34:0.01919046854067541,35:0.7744275239657648,36:0.3500247255178932,37:0.41318753228088356,38:0.2928557453482076,39:0.7321989811450296,40:0.0859922632929756} with alpha 25.0 and beta 153.0, percentage 15.789473684210526
The arm 47 has vector {0:0.5968762551198051,1:0.5681459689262871,2:0.06117078877549209,3:0.14146397762055096,4:0.5644012699511314,5:0.12742911847725125,6:0.24455768781429987,7:0.10934050896869185,8:0.2058843972008947,9:0.40418110118574346,10:0.03729403771206907,11:0.42113824991787896,12:0.2217675587470136,13:0.27518865465620923,14:0.5366737441574071,15:0.8563848911177884,16:0.6287052917414677,17:0.16030646171074459,18:0.13814556247158527,19:0.5016742641171903,20:0.1435676447540728,21:0.295437853029615,22:0.3148778518605886,23:0.540860183369298,24:0.1508163662628913,25:0.9903252602111745,26:0.8580405595826187,27:0.24645765439284728,28:0.08186019110105869,29:0.5475021738572043,30:0.42895232761263247,31:0.8093433653188595,32:0.36697327846027517,33:0.4996392728277086,34:0.8272527017538841,35:0.23359539021234588,36:0.24241973497824632,37:0.026663349133825287,38:0.2672450132141613,39:0.03244341322251787,40:0.18687733582325072} with alpha 8.0 and beta 72.0, percentage 9.859154929577464
The arm 48 has vector {0:0.43984324303948674,1:0.8010441136594052,2:0.583260632299576,3:0.6406610250788699,4:0.24415103229901547,5:0.003304141335316979,6:0.6505643821202504,7:0.3954936836807711,8:0.39122380743752627,9:0.9936786989406033,10:0.35792590487638964,11:0.34545658200167084,12:0.8203920316269206,13:0.5602883263158986,14:0.14944247278894585,15:0.4090641025918955,16:0.5309611143004285,17:0.3591318643173923,18:0.7109279226342795,19:0.13056634353669883,20:0.9573592098829474,21:0.170527626969053,22:0.6108881242315115,23:0.36500306855808384,24:0.836688391201872,25:0.34960791255499124,26:0.3260331050255342,27:0.7823698828356588,28:0.3582840456316003,29:0.9601055949562336,30:0.04233378210706562,31:0.3155620436092079,32:0.3495209581100711,33:0.21384181835544636,34:0.9993848777125769,35:0.7400247198247465,36:0.1593201450235947,37:0.21650305054138008,38:0.8408036694830063,39:0.6903854185755239,40:0.12170332758533642} with alpha 18.0 and beta 128.0, percentage 13.385826771653544
The arm 49 has vector {0:0.6010685575059179,1:0.024457505376417776,2:0.9059492290250312,3:0.6509553557955104,4:0.38449819417577025,5:0.6275524787018951,6:0.43954633425907563,7:0.30831301131780076,8:0.011302995648037162,9:0.5170820510978692,10:0.35418540199030335,11:0.7259377824612346,12:0.34617717063669995,13:0.23413216117419489,14:0.31610853259642246,15:0.08991211880893157,16:0.4221486659391771,17:0.7589744460505693,18:0.36928406378757506,19:0.5055548440582914,20:0.8891270804075722,21:0.3161626268404488,22:0.4076206781636348,23:0.5663210720215905,24:0.30047198931422403,25:0.20466459929815217,26:0.4457967384567222,27:0.7492810619043316,28:0.7846742764093041,29:0.6109524660928349,30:0.04859072243155371,31:0.6377443354697226,32:0.7210908630980359,33:0.13137676700219814,34:0.18323668902631984,35:0.3176200780690912,36:0.9110917416585037,37:0.520592057945754,38:0.37167435216022393,39:0.7599682409860442,40:0.7784890870560357} with alpha 10.0 and beta 88.0, percentage 10.344827586206897
The best arm is 43 with vector {0:0.04789593782417201,1:0.05451567726506912,2:0.631501948805557,3:0.9795354569350107,4:0.7578341348921382,5:0.1736509488242879,6:0.11487763215209712,7:0.21763138203633703,8:0.22530196788635592,9:0.3909126520074815,10:0.49737012207869014,11:0.7729379061637651,12:0.5938816161679801,13:0.14973661097255653,14:0.591057316566928,15:0.5923790567491085,16:0.0966971912775374,17:0.6204312353297682,18:0.26902019328775906,19:0.5044336966483336,20:0.2304023321918659,21:0.014468495754738853,22:0.8474568446885749,23:0.3664433865163669,24:0.4988746257690687,25:0.5495760568642402,26:0.21936222505325798,27:0.15654636537802258,28:0.885167853581048,29:0.2193232747332604,30:0.515566941643588,31:0.347415565813342,32:0.3453198906657442,33:0.9759943022133056,34:0.46462039375851094,35:0.534491313062382,36:0.09843039060289716,37:0.03312502752389679,38:0.09492837953353606,39:0.5367746634787418,40:0.12828124395835383} with alpha 52.0 and beta 279.0, percentage 18.345323741007196
The right guesses are: 860 which means 14.022501222892547% correct
Done
The current arm is 43 with vector {0:0.04789593782417201,1:0.05451567726506912,2:0.631501948805557,3:0.9795354569350107,4:0.7578341348921382,5:0.1736509488242879,6:0.11487763215209712,7:0.21763138203633703,8:0.22530196788635592,9:0.3909126520074815,10:0.49737012207869014,11:0.7729379061637651,12:0.5938816161679801,13:0.14973661097255653,14:0.591057316566928,15:0.5923790567491085,16:0.0966971912775374,17:0.6204312353297682,18:0.26902019328775906,19:0.5044336966483336,20:0.2304023321918659,21:0.014468495754738853,22:0.8474568446885749,23:0.3664433865163669,24:0.4988746257690687,25:0.5495760568642402,26:0.21936222505325798,27:0.15654636537802258,28:0.885167853581048,29:0.2193232747332604,30:0.515566941643588,31:0.347415565813342,32:0.3453198906657442,33:0.9759943022133056,34:0.46462039375851094,35:0.534491313062382,36:0.09843039060289716,37:0.03312502752389679,38:0.09492837953353606,39:0.5367746634787418,40:0.12828124395835383} with alpha 81.0 and beta 663.0
The order information:
Date: 2012-05-09T17:07:05.000+02:00
It predicted these items for order 1778911 :
   31560 with score of 261.1770245612104
   752 with score of 109.7654446160531
   27900 with score of 100.00031755071954
   20430 with score of 88.62055158417647
   748 with score of 88.35780784824487
   5003 with score of 75.7138625665291
   21714 with score of 73.41092763010337
   11832 with score of 71.6564367952599
   31553 with score of 68.63001137424054
   27576 with score of 63.03240639317917
These are the actual items bought: 
   11832
   30233
The current arm is 43 with vector {0:0.04789593782417201,1:0.05451567726506912,2:0.631501948805557,3:0.9795354569350107,4:0.7578341348921382,5:0.1736509488242879,6:0.11487763215209712,7:0.21763138203633703,8:0.22530196788635592,9:0.3909126520074815,10:0.49737012207869014,11:0.7729379061637651,12:0.5938816161679801,13:0.14973661097255653,14:0.591057316566928,15:0.5923790567491085,16:0.0966971912775374,17:0.6204312353297682,18:0.26902019328775906,19:0.5044336966483336,20:0.2304023321918659,21:0.014468495754738853,22:0.8474568446885749,23:0.3664433865163669,24:0.4988746257690687,25:0.5495760568642402,26:0.21936222505325798,27:0.15654636537802258,28:0.885167853581048,29:0.2193232747332604,30:0.515566941643588,31:0.347415565813342,32:0.3453198906657442,33:0.9759943022133056,34:0.46462039375851094,35:0.534491313062382,36:0.09843039060289716,37:0.03312502752389679,38:0.09492837953353606,39:0.5367746634787418,40:0.12828124395835383} with alpha 228.0 and beta 1663.0
The order information:
Date: 2012-05-10T17:54:43.000+02:00
It predicted these items for order 1779917 :
   31560 with score of 264.23223044527623
   752 with score of 114.00142174108507
   27900 with score of 98.18371643946136
   748 with score of 92.64567753788587
   20430 with score of 88.07527880352086
   5003 with score of 79.12252139535589
   21714 with score of 77.12746731022528
   11832 with score of 72.48407878229347
   31553 with score of 70.4766885276715
   29669 with score of 68.74835985243377
These are the actual items bought: 
   30342
   23374
   32289
The current arm is 43 with vector {0:0.04789593782417201,1:0.05451567726506912,2:0.631501948805557,3:0.9795354569350107,4:0.7578341348921382,5:0.1736509488242879,6:0.11487763215209712,7:0.21763138203633703,8:0.22530196788635592,9:0.3909126520074815,10:0.49737012207869014,11:0.7729379061637651,12:0.5938816161679801,13:0.14973661097255653,14:0.591057316566928,15:0.5923790567491085,16:0.0966971912775374,17:0.6204312353297682,18:0.26902019328775906,19:0.5044336966483336,20:0.2304023321918659,21:0.014468495754738853,22:0.8474568446885749,23:0.3664433865163669,24:0.4988746257690687,25:0.5495760568642402,26:0.21936222505325798,27:0.15654636537802258,28:0.885167853581048,29:0.2193232747332604,30:0.515566941643588,31:0.347415565813342,32:0.3453198906657442,33:0.9759943022133056,34:0.46462039375851094,35:0.534491313062382,36:0.09843039060289716,37:0.03312502752389679,38:0.09492837953353606,39:0.5367746634787418,40:0.12828124395835383} with alpha 371.0 and beta 2663.0
The order information:
Date: 2012-05-11T22:39:32.000+02:00
It predicted these items for order 1780921 :
   31560 with score of 250.14154097805934
   752 with score of 115.41014709604353
   748 with score of 108.60740130405209
   27900 with score of 92.6942137741188
   20430 with score of 87.80315652149484
   21714 with score of 77.18556312106736
   5003 with score of 76.98467597055371
   29669 with score of 72.39430445312739
   11832 with score of 70.4775335444541
   27576 with score of 68.15861555043378
These are the actual items bought: 
   31776
The current arm is 43 with vector {0:0.04789593782417201,1:0.05451567726506912,2:0.631501948805557,3:0.9795354569350107,4:0.7578341348921382,5:0.1736509488242879,6:0.11487763215209712,7:0.21763138203633703,8:0.22530196788635592,9:0.3909126520074815,10:0.49737012207869014,11:0.7729379061637651,12:0.5938816161679801,13:0.14973661097255653,14:0.591057316566928,15:0.5923790567491085,16:0.0966971912775374,17:0.6204312353297682,18:0.26902019328775906,19:0.5044336966483336,20:0.2304023321918659,21:0.014468495754738853,22:0.8474568446885749,23:0.3664433865163669,24:0.4988746257690687,25:0.5495760568642402,26:0.21936222505325798,27:0.15654636537802258,28:0.885167853581048,29:0.2193232747332604,30:0.515566941643588,31:0.347415565813342,32:0.3453198906657442,33:0.9759943022133056,34:0.46462039375851094,35:0.534491313062382,36:0.09843039060289716,37:0.03312502752389679,38:0.09492837953353606,39:0.5367746634787418,40:0.12828124395835383} with alpha 537.0 and beta 3663.0
The order information:
Date: 2012-05-13T15:53:25.000+02:00
It predicted these items for order 1781930 :
   31560 with score of 237.27870218892394
   748 with score of 116.16599604878833
   752 with score of 115.88641019892087
   20430 with score of 88.58349310711161
   27900 with score of 85.19389506244994
   5003 with score of 83.71216237166598
   21714 with score of 83.36071214237933
   29669 with score of 72.09089208141013
   27576 with score of 69.68200336672162
   11832 with score of 66.13723212113555
These are the actual items bought: 
   2084
   29003
   31950
   20990
   31940
   30573
   20678
   30195
   25363
   27900
The current arm is 43 with vector {0:0.04789593782417201,1:0.05451567726506912,2:0.631501948805557,3:0.9795354569350107,4:0.7578341348921382,5:0.1736509488242879,6:0.11487763215209712,7:0.21763138203633703,8:0.22530196788635592,9:0.3909126520074815,10:0.49737012207869014,11:0.7729379061637651,12:0.5938816161679801,13:0.14973661097255653,14:0.591057316566928,15:0.5923790567491085,16:0.0966971912775374,17:0.6204312353297682,18:0.26902019328775906,19:0.5044336966483336,20:0.2304023321918659,21:0.014468495754738853,22:0.8474568446885749,23:0.3664433865163669,24:0.4988746257690687,25:0.5495760568642402,26:0.21936222505325798,27:0.15654636537802258,28:0.885167853581048,29:0.2193232747332604,30:0.515566941643588,31:0.347415565813342,32:0.3453198906657442,33:0.9759943022133056,34:0.46462039375851094,35:0.534491313062382,36:0.09843039060289716,37:0.03312502752389679,38:0.09492837953353606,39:0.5367746634787418,40:0.12828124395835383} with alpha 689.0 and beta 4663.0
The order information:
Date: 2012-05-14T16:46:54.000+02:00
It predicted these items for order 1782931 :
   31560 with score of 236.02697006932812
   748 with score of 126.57733859547452
   752 with score of 117.17601127511529
   20430 with score of 86.94738993660309
   5003 with score of 84.81279907401084
   21714 with score of 84.32270364490421
   27900 with score of 82.96224103954712
   27576 with score of 77.89845484679795
   29669 with score of 71.87024555753138
   31553 with score of 71.08717461026737
These are the actual items bought: 
   32564
The current arm is 43 with vector {0:0.04789593782417201,1:0.05451567726506912,2:0.631501948805557,3:0.9795354569350107,4:0.7578341348921382,5:0.1736509488242879,6:0.11487763215209712,7:0.21763138203633703,8:0.22530196788635592,9:0.3909126520074815,10:0.49737012207869014,11:0.7729379061637651,12:0.5938816161679801,13:0.14973661097255653,14:0.591057316566928,15:0.5923790567491085,16:0.0966971912775374,17:0.6204312353297682,18:0.26902019328775906,19:0.5044336966483336,20:0.2304023321918659,21:0.014468495754738853,22:0.8474568446885749,23:0.3664433865163669,24:0.4988746257690687,25:0.5495760568642402,26:0.21936222505325798,27:0.15654636537802258,28:0.885167853581048,29:0.2193232747332604,30:0.515566941643588,31:0.347415565813342,32:0.3453198906657442,33:0.9759943022133056,34:0.46462039375851094,35:0.534491313062382,36:0.09843039060289716,37:0.03312502752389679,38:0.09492837953353606,39:0.5367746634787418,40:0.12828124395835383} with alpha 787.0 and beta 5663.0
The order information:
Date: 2012-05-15T15:02:20.000+02:00
It predicted these items for order 1783936 :
   31560 with score of 234.16462147812973
   748 with score of 131.95255695644835
   752 with score of 113.80816527771975
   5003 with score of 87.20690156787867
   21714 with score of 85.0783300037493
   20430 with score of 84.61979102790994
   27576 with score of 84.07689091330901
   27900 with score of 79.32887921236045
   29669 with score of 71.53794354663853
   31553 with score of 69.89623258467701
These are the actual items bought: 
   12096
The arm 43 has vector {0:0.04789593782417201,1:0.05451567726506912,2:0.631501948805557,3:0.9795354569350107,4:0.7578341348921382,5:0.1736509488242879,6:0.11487763215209712,7:0.21763138203633703,8:0.22530196788635592,9:0.3909126520074815,10:0.49737012207869014,11:0.7729379061637651,12:0.5938816161679801,13:0.14973661097255653,14:0.591057316566928,15:0.5923790567491085,16:0.0966971912775374,17:0.6204312353297682,18:0.26902019328775906,19:0.5044336966483336,20:0.2304023321918659,21:0.014468495754738853,22:0.8474568446885749,23:0.3664433865163669,24:0.4988746257690687,25:0.5495760568642402,26:0.21936222505325798,27:0.15654636537802258,28:0.885167853581048,29:0.2193232747332604,30:0.515566941643588,31:0.347415565813342,32:0.3453198906657442,33:0.9759943022133056,34:0.46462039375851094,35:0.534491313062382,36:0.09843039060289716,37:0.03312502752389679,38:0.09492837953353606,39:0.5367746634787418,40:0.12828124395835383} with alpha 841.0 and beta 6134.0, percentage 13.696396543290396
The best arm is 43 with vector {0:0.04789593782417201,1:0.05451567726506912,2:0.631501948805557,3:0.9795354569350107,4:0.7578341348921382,5:0.1736509488242879,6:0.11487763215209712,7:0.21763138203633703,8:0.22530196788635592,9:0.3909126520074815,10:0.49737012207869014,11:0.7729379061637651,12:0.5938816161679801,13:0.14973661097255653,14:0.591057316566928,15:0.5923790567491085,16:0.0966971912775374,17:0.6204312353297682,18:0.26902019328775906,19:0.5044336966483336,20:0.2304023321918659,21:0.014468495754738853,22:0.8474568446885749,23:0.3664433865163669,24:0.4988746257690687,25:0.5495760568642402,26:0.21936222505325798,27:0.15654636537802258,28:0.885167853581048,29:0.2193232747332604,30:0.515566941643588,31:0.347415565813342,32:0.3453198906657442,33:0.9759943022133056,34:0.46462039375851094,35:0.534491313062382,36:0.09843039060289716,37:0.03312502752389679,38:0.09492837953353606,39:0.5367746634787418,40:0.12828124395835383} with alpha 841.0 and beta 6134.0, percentage 13.696396543290396
The right guesses are: 840 which means 13.696396543290396% correct
Done
The current arm is 0 with vector {0:0.9331627894714175} with alpha 77.0 and beta 663.0
The order information:
Date: 2012-05-09T17:07:05.000+02:00
It predicted these items for order 1778911 :
   31560 with score of 1066.0
   27900 with score of 422.0
   752 with score of 403.0
   20430 with score of 379.0
   748 with score of 359.0
   11832 with score of 300.0
   5003 with score of 297.0
   31553 with score of 290.0
   21714 with score of 288.0
   27576 with score of 244.0
These are the actual items bought: 
   11832
   30233
The current arm is 0 with vector {0:0.9331627894714175} with alpha 229.0 and beta 1663.0
The order information:
Date: 2012-05-10T17:54:43.000+02:00
It predicted these items for order 1779917 :
   31560 with score of 1088.0
   752 with score of 413.0
   27900 with score of 410.0
   748 with score of 374.0
   20430 with score of 372.0
   5003 with score of 305.0
   11832 with score of 303.0
   21714 with score of 299.0
   31553 with score of 298.0
   29669 with score of 270.0
These are the actual items bought: 
   30342
   23374
   32289
The current arm is 0 with vector {0:0.9331627894714175} with alpha 370.0 and beta 2663.0
The order information:
Date: 2012-05-11T22:39:32.000+02:00
It predicted these items for order 1780921 :
   31560 with score of 1028.0
   748 with score of 422.0
   752 with score of 420.0
   27900 with score of 389.0
   20430 with score of 366.0
   5003 with score of 311.0
   21714 with score of 304.0
   11832 with score of 298.0
   29669 with score of 282.0
   31553 with score of 275.0
These are the actual items bought: 
   31776
The current arm is 0 with vector {0:0.9331627894714175} with alpha 533.0 and beta 3663.0
The order information:
Date: 2012-05-13T15:53:25.000+02:00
It predicted these items for order 1781930 :
   31560 with score of 990.0
   748 with score of 443.0
   752 with score of 428.0
   20430 with score of 368.0
   27900 with score of 354.0
   5003 with score of 334.0
   21714 with score of 325.0
   29669 with score of 279.0
   11832 with score of 277.0
   27576 with score of 269.0
These are the actual items bought: 
   2084
   29003
   31950
   20990
   31940
   30573
   20678
   30195
   25363
   27900
The current arm is 0 with vector {0:0.9331627894714175} with alpha 679.0 and beta 4663.0
The order information:
Date: 2012-05-14T16:46:54.000+02:00
It predicted these items for order 1782931 :
   31560 with score of 989.0
   748 with score of 475.0
   752 with score of 445.0
   20430 with score of 361.0
   27900 with score of 339.0
   5003 with score of 338.0
   21714 with score of 331.0
   27576 with score of 302.0
   31553 with score of 286.0
   11832 with score of 282.0
These are the actual items bought: 
   32564
The current arm is 0 with vector {0:0.9331627894714175} with alpha 777.0 and beta 5663.0
The order information:
Date: 2012-05-15T15:02:20.000+02:00
It predicted these items for order 1783936 :
   31560 with score of 991.0
   748 with score of 496.0
   752 with score of 448.0
   20430 with score of 354.0
   5003 with score of 349.0
   21714 with score of 335.0
   27900 with score of 326.0
   27576 with score of 323.0
   31553 with score of 280.0
   11832 with score of 277.0
These are the actual items bought: 
   12096
The arm 0 has vector {0:0.9331627894714175} with alpha 831.0 and beta 6134.0, percentage 13.53334420348932
The best arm is 0 with vector {0:0.9331627894714175} with alpha 831.0 and beta 6134.0, percentage 13.53334420348932
The right guesses are: 830 which means 13.53334420348932% correct
Done
916
