Items: 31014,2,2012-03-22 09:35:15.730000000,2013-01-31 22:08:19.360000000,0,0000000000000000000000000000000000000000000000000000000000000000000000000000000000000000000010000000000000000000000000000000000000000000000000000000000000000000000000000000000000000000000000000000000000000000000000000000000000000000000000000000000000000000
Items: 16065,3,2010-10-12 09:05:28.623000000,2011-10-19 12:41:59.293000000,0,0000000000000000000000000000000000000000000000000000000000000000000000000000000000000000000100000000000000000000000000000000000000000000000000000000000000000000000000000000000000000000000000000000000000000000000000000000000000000000000000000000000000000000
Items: 2897,1,2010-07-28 15:55:07.423000000,2013-07-15 05:02:15.650000000,0,0000000000000000000000000000000000000000000000000000000000000000000000000000000000000000000100000000000000000000000000000000000000000000000000000000000000000000000000000000000000000000000000000000000000000000000000000000000000000000000000000000000000000000
Users: 46671,2009-07-31 17:52:05.423000000,45238,,0
Users: 117404,2012-02-11 18:20:17.737000000,30295,1989-02-13 00:00:00,1
Users: 185087,2009-07-31 19:48:45.310000000,54234,1986-06-04 00:00:00,1
Users: 242612,2011-12-03 21:34:16.640000000,90627,1990-07-23 00:00:00,2
Users: 294436,2011-03-16 09:05:23.647000000,72233,1994-04-25 00:00:00,1
Users: 345704,2011-11-11 20:55:14.437000000,68600,1994-06-05 00:00:00,2
Users: 399809,2012-09-17 14:43:42.033000000,44491,1997-12-12 00:00:00,1
Users: 455390,2012-12-20 16:02:28.573000000,3274,1978-06-02 00:00:00,2
Users: 525182,2013-07-28 12:33:53.590000000,53372,1990-06-17 00:00:00,0
Orders: 35022,1033356,1457,2009-10-18 21:46:53.347000000
Orders: 214698,1082559,614,2010-01-24 20:16:55.153000000
Orders: 226305,1122161,1501,2010-03-20 16:23:03.950000000
Orders: 46541,1167569,11120,2010-05-26 12:55:02.417000000
Orders: 75824,1208142,11119,2010-07-27 23:14:48.377000000
Orders: 13287,1248778,12826,2010-09-21 21:56:27.157000000
Orders: 272654,1296031,653,2010-12-01 18:41:36.730000000
Orders: 285359,1344258,18628,2011-01-28 14:59:09.743000000
Orders: 157456,1388262,18371,2011-03-17 11:46:02.120000000
Orders: 307265,1432210,758,2011-04-29 21:28:48.340000000
Orders: 271030,1473349,21803,2011-06-14 15:24:35.467000000
Orders: 275827,1511037,21829,2011-07-28 21:58:50.970000000
Orders: 62527,1550712,24845,2011-09-10 18:44:47.023000000
Orders: 293365,1597283,27523,2011-11-12 08:21:31.203000000
Orders: 158173,1649466,24361,2011-12-28 14:06:54.430000000
Orders: 371623,1691322,28947,2012-01-31 15:54:20.570000000
Orders: 151193,1739094,2144,2012-03-22 17:02:48.527000000
Orders: 71320,1784958,7874,2012-05-16 17:00:59.817000000
Orders: 287161,1827735,20480,2012-06-29 22:23:24.193000000
Orders: 271514,1866722,31203,2012-08-11 21:38:56.863000000
Orders: 428803,1915657,35460,2012-10-09 20:15:44.210000000
Orders: 444954,1966435,29677,2012-12-01 22:51:49.073000000
Orders: 460415,2018674,31695,2013-01-07 22:20:30.543000000
Orders: 381441,2066329,35170,2013-02-19 22:08:16.833000000
Orders: 485606,2112774,39306,2013-03-26 15:04:37.277000000
Orders: 423890,2161061,11304,2013-05-03 09:35:38.190000000
Orders: 314770,2207605,26096,2013-06-05 19:04:54.837000000
Orders: 287308,2249841,40450,2013-07-13 20:23:09.463000000
Orders: 255027,2289235,33612,2013-08-13 17:15:05.073000000
Orders: 466261,2331294,43871,2013-09-15 21:02:00.180000000
Orders: 446724,2379393,448,2013-11-01 19:20:53.627000000

Startup information:
First order in training stage: 700000
First order in evaluation stage: 771338
Last order in evaluation stage: 777338

Number of orders in training stage: 71338
Number of orders in evaluation stage: 6000

The current arm is 16 with vector {0:0.9664837217595948,1:0.46516335215089577,2:0.8149085204428058,3:0.6460348653277117,4:0.5839426830787805,5:0.13573091712497687,6:0.08559360604542066,7:0.062432778721812854,8:0.7878009232635655,9:0.7785147445119236,10:0.15720977321888152,11:0.08465597591639995,12:0.05310283014425332,13:0.7454252983068734,14:0.29926625902130055,15:0.5274855423357434,16:0.4534054894244557,17:0.1077812301539749,18:0.9435940719522835,19:0.571782132509519,20:0.38557502886351813,21:0.13987851979953514,22:0.7713468464554785,23:0.9756520936629338,24:0.9637622158868369,25:0.1690699710897191,26:0.6223891895672289,27:0.3925564272921799,28:0.26972379065166585,29:0.19433973173620978,30:0.28093095599114193,31:0.7187922515934684,32:0.46214847921040614,33:0.45295726101180245,34:0.6946043889918456,35:0.39813470485613545,36:0.9951508163838081,37:0.6394121473101265,38:0.8679749752308109,39:0.013093121469988978,40:0.8698555297381084} with alpha 1.0 and beta 8.0
The order information:
Date: 2012-05-09T17:07:05.000+02:00
It predicted these items for order 1778911 :
   31560 with score of 1.6995987354349944
   1693 with score of 1.686157321963352
   13688 with score of 1.686157321963352
   21769 with score of 1.686157321963352
   25013 with score of 1.686157321963352
   31278 with score of 1.686157321963352
   31911 with score of 1.653844993292642
   752 with score of 1.639627114546078
   28913 with score of 1.6183504307354997
   25015 with score of 1.6182918634008638
These are the actual items bought: 
   11832
   30233
The current arm is 15 with vector {0:0.2837902088442469,1:0.22254542162967594,2:0.2984888457825652,3:0.4895982817943041,4:0.255409684714753,5:0.4170650803562329,6:0.4881406060226914,7:0.032137877333296316,8:0.9861382509678452,9:0.48042740708392184,10:0.7157166601545721,11:0.18217163007485526,12:0.705223441248749,13:0.7362972184858996,14:0.3233812597529441,15:0.31800309029784446,16:0.038204186278388286,17:0.2828088347992376,18:0.7501602249946242,19:0.351441512103283,20:0.45823332528653105,21:0.7676304573485077,22:0.5143760373916841,23:0.5547602637217269,24:0.15928456892970777,25:0.05165997966542657,26:0.329131252575962,27:0.40380682168827686,28:0.7111400421813466,29:0.5746497273619197,30:0.177809262835547,31:0.7393907902738689,32:0.8045424852268962,33:0.3643412851422546,34:0.010631745720634522,35:0.5984843385438339,36:0.2222807098171231,37:0.41098909129300354,38:0.44707977113761155,39:0.7878242845884019,40:0.5003812870866181} with alpha 6.0 and beta 24.0
The order information:
Date: 2012-05-10T17:54:43.000+02:00
It predicted these items for order 1779917 :
   5003 with score of 1.3927896194613043
   31290 with score of 1.3758922500912605
   31871 with score of 1.3758922500912605
   24194 with score of 1.3063223263848296
   27109 with score of 1.3063223263848296
   31560 with score of 1.2936669739945388
   31774 with score of 1.290523955295987
   24834 with score of 1.28485510395907
   31711 with score of 1.2848173176873983
   32162 with score of 1.268737010156441
These are the actual items bought: 
   30342
   23374
   32289
The current arm is 12 with vector {0:0.9259326447021459,1:0.19241183863645894,2:0.018303142347123935,3:0.13517544943956095,4:0.20810103830246796,5:0.2692113388169247,6:0.40544063605609626,7:0.7554533850444731,8:0.2780504046297527,9:0.011848550610803588,10:0.9502533590166387,11:0.5897982016004446,12:0.845233965530161,13:0.5558189122349533,14:0.6313475361121583,15:0.29017446697946625,16:0.13139182661688353,17:0.9573252244132835,18:0.21849670276797328,19:0.33103390502236774,20:0.14969992233593288,21:0.6460511232167444,22:0.2460822014366154,23:0.3443708845004866,24:0.5981622443283308,25:0.7585924683291241,26:0.7525487415432188,27:0.06592022408099973,28:0.7713716042605342,29:0.6300462400792686,30:0.4963603273199172,31:0.5942867302783413,32:0.12287489339059121,33:0.6125628429017466,34:0.9675857467578111,35:0.8680471339272574,36:0.14724963219178577,37:0.09910506417877452,38:0.6058258239833054,39:0.6726243666520074,40:0.9019162131410616} with alpha 28.0 and beta 89.0
The order information:
Date: 2012-05-11T22:39:32.000+02:00
It predicted these items for order 1780921 :
   31560 with score of 2.2214970528412
   752 with score of 1.7388871334491782
   748 with score of 1.623661811867586
   27900 with score of 1.4590432832783193
   21714 with score of 1.449417869703902
   20430 with score of 1.44338444459482
   29669 with score of 1.4280757992450412
   5003 with score of 1.4252574685872423
   27576 with score of 1.4184509381088481
   23467 with score of 1.38589823379251
These are the actual items bought: 
   31776
The current arm is 16 with vector {0:0.9664837217595948,1:0.46516335215089577,2:0.8149085204428058,3:0.6460348653277117,4:0.5839426830787805,5:0.13573091712497687,6:0.08559360604542066,7:0.062432778721812854,8:0.7878009232635655,9:0.7785147445119236,10:0.15720977321888152,11:0.08465597591639995,12:0.05310283014425332,13:0.7454252983068734,14:0.29926625902130055,15:0.5274855423357434,16:0.4534054894244557,17:0.1077812301539749,18:0.9435940719522835,19:0.571782132509519,20:0.38557502886351813,21:0.13987851979953514,22:0.7713468464554785,23:0.9756520936629338,24:0.9637622158868369,25:0.1690699710897191,26:0.6223891895672289,27:0.3925564272921799,28:0.26972379065166585,29:0.19433973173620978,30:0.28093095599114193,31:0.7187922515934684,32:0.46214847921040614,33:0.45295726101180245,34:0.6946043889918456,35:0.39813470485613545,36:0.9951508163838081,37:0.6394121473101265,38:0.8679749752308109,39:0.013093121469988978,40:0.8698555297381084} with alpha 20.0 and beta 85.0
The order information:
Date: 2012-05-13T15:53:25.000+02:00
It predicted these items for order 1781930 :
   31865 with score of 2.211183738911271
   31634 with score of 2.211120675498421
   31854 with score of 2.211120675498421
   21252 with score of 2.2110576120855705
   31845 with score of 2.2018894728962426
   29011 with score of 2.181462756773451
   31513 with score of 2.1663815437595644
   31728 with score of 2.1521726352015467
   31849 with score of 2.1433182803487827
   32139 with score of 2.1433182803487827
These are the actual items bought: 
   2084
   29003
   31950
   20990
   31940
   30573
   20678
   30195
   25363
   27900
The current arm is 36 with vector {0:0.8884440804664049,1:0.3621678851255017,2:0.35239701218996144,3:0.38836106690661243,4:0.4376702138745018,5:0.3874702959182903,6:0.5454049298452989,7:0.2531786010854925,8:0.6312139656879724,9:0.8657995023260728,10:0.6267932907374967,11:0.41309283571529476,12:0.25624608166315077,13:0.2550027636281662,14:0.718784212838982,15:0.9416353394070823,16:0.1441491796973634,17:0.1472064247952264,18:0.012395312025264671,19:0.7301925754474929,20:0.7989994703856722,21:0.5205637095005688,22:0.36423740243569336,23:0.9068547739816235,24:0.4074887366957315,25:0.7625048195481144,26:0.9168024928678609,27:0.23346187349324965,28:0.5919844057093855,29:0.022613307560411133,30:0.9505973456578904,31:0.8052870487374777,32:0.8076480701503668,33:0.38941384430399684,34:0.9008600674645109,35:0.43318079639032914,36:0.9681143378232383,37:0.6952649251127775,38:0.25409107650114426,39:0.8991318239469812,40:0.8963450114157996} with alpha 28.0 and beta 128.0
The order information:
Date: 2012-05-14T16:46:54.000+02:00
It predicted these items for order 1782931 :
   31560 with score of 2.0230707638424756
   748 with score of 1.9518797820424738
   752 with score of 1.8725585790546204
   21671 with score of 1.6889308578515323
   31434 with score of 1.666067405078566
   2951 with score of 1.6647874323733813
   28144 with score of 1.6647874323733813
   21533 with score of 1.6645314378323446
   25390 with score of 1.6645314378323446
   29703 with score of 1.6645314378323446
These are the actual items bought: 
   32564
The current arm is 10 with vector {0:0.4652060771292783,1:0.44524852648168556,2:0.22967654343782617,3:0.44400402448309184,4:0.5724936243045015,5:0.16499386292012252,6:0.9396810357819414,7:0.3177137955518857,8:0.8025440218862377,9:0.7694932781836473,10:0.1317378605839915,11:0.45795844959298904,12:0.7736761741007185,13:0.5866396129190303,14:0.30085220053243067,15:0.6933632033694227,16:0.7314522588885699,17:0.22502990311001814,18:0.7637017306230622,19:0.9753190192395955,20:0.3461933886604882,21:0.3342488644134689,22:0.8062466073208304,23:0.16046939335883648,24:0.721700127801357,25:0.6993043192736729,26:0.8014224366354872,27:0.4316987853577653,28:0.3031759491381192,29:0.9340602917831605,30:0.39254533203022623,31:0.19115518579603186,32:0.9923477587996872,33:0.9873779974713258,34:0.9568299715336531,35:0.5994064988457197,36:0.7760435166507766,37:0.472132825677952,38:0.12037278643063787,39:0.5017388863911875,40:0.34486154145903547} with alpha 148.0 and beta 568.0
The order information:
Date: 2012-05-15T15:02:20.000+02:00
It predicted these items for order 1783936 :
   748 with score of 2.002817171398919
   31560 with score of 1.936946948617336
   752 with score of 1.6745320514891873
   27576 with score of 1.53207413020764
   21714 with score of 1.4690365290226801
   5003 with score of 1.4370255467761588
   29669 with score of 1.414418889859958
   21776 with score of 1.4031616134127254
   25201 with score of 1.366152804230677
   23467 with score of 1.3559220323408365
These are the actual items bought: 
   12096
The arm 0 has vector {0:0.8649904507573557,1:0.11795428015440579,2:0.20928697691410947,3:0.033870640254321516,4:0.3367238856964643,5:0.6372550895721253,6:0.19720612303947593,7:0.016339536187540693,8:0.8610403056313103,9:0.06529185859496256,10:0.288586146672565,11:0.6371982801999697,12:0.36103509374645215,13:0.03614569860625316,14:0.1874845411537822,15:0.06260007829129732,16:0.0043525322771911235,17:0.7716141680008001,18:0.28623752457698304,19:0.17411669966624344,20:0.2552941302730849,21:0.8628657189690849,22:0.4188407335919996,23:0.5213581715965945,24:0.3764976156643366,25:0.8607784023817201,26:0.6890577144573666,27:0.7605332377544574,28:0.7914330731358197,29:0.11375281537071147,30:0.30478655135433785,31:0.44003098239922056,32:0.9564550596540492,33:0.6372771500845639,34:0.775894338607678,35:0.09090709826263799,36:0.13892487662914632,37:0.8918446634356334,38:0.5956839277605158,39:0.8382461001250785,40:0.6660915714605501} with alpha 5.0 and beta 46.0, percentage 8.16326530612245
The arm 1 has vector {0:0.28817436514314154,1:0.7836887918334577,2:0.08686005051703583,3:0.9366467667646858,4:0.7713396425276121,5:0.4204203288010815,6:0.9648016278464401,7:0.9355171981073771,8:0.9173210426768466,9:0.5382969704811912,10:0.8747369703217294,11:0.2888466840670768,12:0.30995511938572917,13:0.8750045137547594,14:0.5425974204266147,15:0.05396565101323936,16:0.8040574973920044,17:0.9765002872881509,18:0.8547966236830618,19:0.08352769637454638,20:0.7286831922413448,21:0.6313403094648762,22:0.9298465061985435,23:0.4835184362531487,24:0.6816967238244231,25:0.05140931446565611,26:0.9692695433203258,27:0.9617397332229222,28:0.6503301447190456,29:0.14832011810952195,30:0.874168045854973,31:0.7788602806314074,32:0.8811526889229251,33:0.032613881804349876,34:0.051890549728623836,35:0.9893368268106423,36:0.1682536687941686,37:0.396080759575942,38:0.012839290856796137,39:0.590874967646643,40:0.42820837683697177} with alpha 21.0 and beta 108.0, percentage 15.748031496062993
The arm 2 has vector {0:0.6497185575561554,1:0.20755128805179512,2:0.6711113640626137,3:0.18080791180598554,4:0.1365496696922629,5:0.388866980099019,6:0.5503682969148002,7:0.4107223664376396,8:0.5195887126782591,9:0.14651333097437902,10:0.6603397814103934,11:0.7408808832490679,12:0.17588177645581726,13:0.27932876596969125,14:0.9000331176677284,15:0.08211688174124998,16:0.22131727398541634,17:0.7801978500772412,18:0.0012149634822783417,19:0.5126422192915548,20:0.3396626273904818,21:0.8039642362853204,22:0.5751912862591472,23:0.7223174438097506,24:0.5068777719992205,25:0.49441872693450706,26:0.24912322394011288,27:0.635236900208933,28:0.024249740499512895,29:0.297531851515904,30:0.711525910938001,31:0.4006513982963559,32:0.11202057947040878,33:0.690989696545259,34:0.2905955197756819,35:0.8584035602269386,36:0.7495487907298254,37:0.3289109645625803,38:0.2602999270964216,39:0.9652753613309243,40:0.2270257432358045} with alpha 18.0 and beta 95.0, percentage 15.315315315315313
The arm 3 has vector {0:0.717196129676539,1:0.7552877568653041,2:0.17586521447141557,3:0.9187712060582368,4:0.3966857548590872,5:0.6703441326604999,6:0.14313662066762578,7:0.6455874330388918,8:0.4257800142803718,9:0.09418738681661187,10:0.8020646874723633,11:0.7869490272916669,12:0.04954939122771107,13:0.44698487334332926,14:0.6177994814715264,15:0.6527922656197527,16:0.9417928118727652,17:0.3985280980683962,18:0.5390337876209031,19:0.29525082909503797,20:0.9496074629019237,21:0.18834568866510992,22:0.6583378785205598,23:0.3327558980525247,24:0.9873141587924213,25:0.7791245609647549,26:0.536171192878708,27:0.5412074156305833,28:0.8120042610133267,29:0.7842382573367004,30:0.8133605489451445,31:0.08884518132763408,32:0.30874078959879325,33:0.47410454819882053,34:0.8109253119851828,35:0.7456243379101669,36:0.5964728815151433,37:0.7802874345454658,38:0.09772068135921241,39:0.5224516674974161,40:0.8770377560646929} with alpha 4.0 and beta 39.0, percentage 7.317073170731707
The arm 4 has vector {0:0.49955636847673146,1:0.6506609130055249,2:0.23853463992432178,3:0.14580968107571457,4:0.7677498654992343,5:0.9928516998212048,6:0.9952387827791652,7:0.7148489449746488,8:0.2666933880945421,9:0.3785975932164355,10:0.5352999381606082,11:0.2709883604093747,12:0.6181721905247605,13:0.3468252289146898,14:0.4188232065177685,15:0.0650052781718542,16:0.14553596684089964,17:0.08010326293861991,18:0.6928155779903613,19:0.4951938759480997,20:0.13726111404374286,21:0.5584767690126723,22:0.7590802065048907,23:0.9775901804518577,24:0.11030306067144757,25:0.4116912138054588,26:0.42889774924081225,27:0.48065274288899684,28:0.7709590199999895,29:0.7770517643602971,30:0.675102684734417,31:0.9199239836805183,32:0.36006465372002094,33:0.1455741884768027,34:0.9243399011022764,35:0.6533549905621449,36:0.3527506178409866,37:0.3300310488371099,38:0.015216078631008156,39:0.9377582316102793,40:0.4706592690330046} with alpha 9.0 and beta 46.0, percentage 15.09433962264151
The arm 5 has vector {0:0.8389312256819529,1:0.694942349963639,2:0.11931337322617352,3:0.147639455971889,4:0.5426244586631063,5:0.7523216557086105,6:0.3971867825135623,7:0.9630787474781546,8:0.08975988150119352,9:0.33760038959169447,10:0.2602446827662761,11:0.9702945017248732,12:0.7958621554320955,13:0.4498710085805694,14:0.890432682679353,15:0.4076317396134005,16:0.7485459496961355,17:0.2201050769740286,18:0.7051195283891725,19:0.4154395654728097,20:0.9776760267705599,21:0.4726694476503267,22:0.4410815411163067,23:0.5248643389504586,24:0.4124886989346378,25:0.6171270963740881,26:0.556129163723738,27:0.6002097685805082,28:0.5722946418445523,29:0.4776250997064786,30:0.9059023322352499,31:0.05960056883007414,32:0.394719954879144,33:0.6641470603395394,34:0.4247319819978054,35:0.43603650265648397,36:0.01800033256648237,37:0.3981443310275016,38:0.9126129190627191,39:0.2762820721039453,40:0.12500933029529004} with alpha 4.0 and beta 39.0, percentage 7.317073170731707
The arm 6 has vector {0:0.14646021387802977,1:0.2082074816195456,2:0.7910808413691905,3:0.12029580551271035,4:0.792154352162164,5:0.3506068702409846,6:0.17153025779371445,7:0.4700606559716003,8:0.8892787780086607,9:0.021067503040925306,10:0.8571982043207498,11:0.8962925455061009,12:0.8017068383020749,13:0.1990849366248183,14:0.4755570251461597,15:0.06396257407032957,16:0.8181020380539572,17:0.9844032693954274,18:0.240541170622937,19:0.14834728178309253,20:0.3965182468096181,21:0.004871520689134434,22:0.5845204718033277,23:0.3013366609452708,24:0.9127403559291374,25:0.40754104434262317,26:0.7928989689383404,27:0.648251239534399,28:0.3674593618792661,29:0.16856900957837428,30:0.8063245891979779,31:0.0959680661205683,32:0.23981835836016985,33:0.3756701910926312,34:0.9675217163309455,35:0.3195096982343185,36:0.5302142389549935,37:0.920888342720743,38:0.8047756961067559,39:0.6978537867996849,40:0.9567282314097659} with alpha 5.0 and beta 49.0, percentage 7.6923076923076925
The arm 7 has vector {0:0.16155996567626396,1:0.04928593226684974,2:0.23975812040641287,3:0.4244541227265044,4:0.1920553612425978,5:0.7965702784840111,6:0.9638383981654415,7:0.9353585595971623,8:0.8105361148328396,9:0.04430316266055312,10:0.4557723260556473,11:0.41007006825063685,12:0.889431967338081,13:0.6291073035937458,14:0.13120669187707446,15:0.15786243162441604,16:0.502323084788058,17:0.47333196524714627,18:0.0954588588392481,19:0.4652489447894159,20:0.6709267083511979,21:0.07663926584645508,22:0.880145016438094,23:0.6079649758202506,24:0.4391143246256105,25:0.035807106696441715,26:0.9524363409010449,27:0.6674261760125146,28:0.4212688958462453,29:0.19935654787500467,30:0.9675880137842227,31:0.8915823981835042,32:0.06798965546569868,33:0.8169964214922095,34:0.18114494856992902,35:0.9756273634466771,36:0.6447855188592492,37:0.33783118531269174,38:0.032657898792764706,39:0.6728923170611725,40:0.029805250273290063} with alpha 8.0 and beta 60.0, percentage 10.606060606060606
The arm 8 has vector {0:0.5364548532882009,1:0.9839496209218571,2:0.26680244594280755,3:0.09101786138851109,4:0.37873082519317147,5:0.5079925115857189,6:0.5853293900190522,7:0.5922530194514869,8:0.6785854342782323,9:0.940716986799285,10:0.18880081028237683,11:0.9108497225413595,12:0.6905702914507481,13:0.5129249810905551,14:0.579221671523748,15:0.901013222509114,16:0.3987697103175528,17:0.8912844861605723,18:0.21478060594802117,19:0.16390988035527831,20:0.3242549724964897,21:0.26232483509848137,22:0.20352977368816605,23:0.8602533007424442,24:0.3768318736871762,25:0.9334889550445766,26:0.520415866871043,27:0.12847788898947676,28:0.16544806945819845,29:0.45367766238653906,30:0.715657849796853,31:0.719666174973118,32:0.41023395772084714,33:0.18934496712731486,34:0.4726759361344782,35:0.0852182359688306,36:0.13259022454327996,37:0.9067819459814909,38:0.7743436175596543,39:0.44899432004360273,40:0.5011818422625617} with alpha 1.0 and beta 25.0, percentage 0.0
The arm 9 has vector {0:0.7274485629854033,1:0.8279660519153512,2:0.3144618977161774,3:0.688752025011306,4:0.8366361894379732,5:0.57070326863505,6:0.20368941771798665,7:0.8048130345878701,8:0.042108662212440695,9:0.5338069445519471,10:0.9702958913863622,11:0.6355627526173665,12:0.4005910939011662,13:0.992601128614402,14:0.6621784852027863,15:0.8916157291823439,16:0.1687210160492022,17:0.2951008274691952,18:0.6672750328897096,19:0.02534686648482798,20:0.1748369490328182,21:0.3912413490697081,22:0.4570930828468004,23:0.41156848073185803,24:0.05152179699144288,25:0.3559627940340395,26:0.19759976491625197,27:0.07638860630441102,28:0.14846126596757458,29:0.3542702514092647,30:0.02870170160979746,31:0.12912046408021538,32:0.5987768505982982,33:0.9933280291954317,34:0.4503338993369248,35:0.967682328672666,36:0.46175930874259896,37:0.39658459356408227,38:0.6887430333186698,39:0.19728282447039447,40:0.8961428116121738} with alpha 14.0 and beta 71.0, percentage 15.66265060240964
The arm 10 has vector {0:0.4652060771292783,1:0.44524852648168556,2:0.22967654343782617,3:0.44400402448309184,4:0.5724936243045015,5:0.16499386292012252,6:0.9396810357819414,7:0.3177137955518857,8:0.8025440218862377,9:0.7694932781836473,10:0.1317378605839915,11:0.45795844959298904,12:0.7736761741007185,13:0.5866396129190303,14:0.30085220053243067,15:0.6933632033694227,16:0.7314522588885699,17:0.22502990311001814,18:0.7637017306230622,19:0.9753190192395955,20:0.3461933886604882,21:0.3342488644134689,22:0.8062466073208304,23:0.16046939335883648,24:0.721700127801357,25:0.6993043192736729,26:0.8014224366354872,27:0.4316987853577653,28:0.3031759491381192,29:0.9340602917831605,30:0.39254533203022623,31:0.19115518579603186,32:0.9923477587996872,33:0.9873779974713258,34:0.9568299715336531,35:0.5994064988457197,36:0.7760435166507766,37:0.472132825677952,38:0.12037278643063787,39:0.5017388863911875,40:0.34486154145903547} with alpha 149.0 and beta 587.0, percentage 20.16348773841962
The arm 11 has vector {0:0.9873714023645184,1:0.5649182172252424,2:0.522315452732797,3:0.6233742092515185,4:0.9517221169536052,5:0.7786356515817374,6:0.4666671425894541,7:0.034703582473212036,8:0.38519326414809263,9:0.9484557773569021,10:0.3148187916597833,11:0.8047171400649157,12:0.2076868347781966,13:0.09531447043125596,14:0.9590606653719307,15:0.5351386459575104,16:0.9079837606683757,17:0.5537439995779567,18:0.7367303001369794,19:0.0811845303639458,20:0.5769312092556133,21:0.9361031366431427,22:0.84011625267316,23:0.7305207633611864,24:0.2660396037074877,25:0.2784220224510494,26:0.49100635486344435,27:0.1652106044640934,28:0.4398826402694107,29:0.9510860131089118,30:0.7200183466581512,31:0.9769796153769251,32:0.2826069863765419,33:0.6350003244546689,34:0.315681494856649,35:0.7646261886008583,36:0.31075419875295485,37:0.5998092708624955,38:0.5960714234396949,39:0.144338738472496,40:0.8053466002552728} with alpha 4.0 and beta 45.0, percentage 6.382978723404255
The arm 12 has vector {0:0.9259326447021459,1:0.19241183863645894,2:0.018303142347123935,3:0.13517544943956095,4:0.20810103830246796,5:0.2692113388169247,6:0.40544063605609626,7:0.7554533850444731,8:0.2780504046297527,9:0.011848550610803588,10:0.9502533590166387,11:0.5897982016004446,12:0.845233965530161,13:0.5558189122349533,14:0.6313475361121583,15:0.29017446697946625,16:0.13139182661688353,17:0.9573252244132835,18:0.21849670276797328,19:0.33103390502236774,20:0.14969992233593288,21:0.6460511232167444,22:0.2460822014366154,23:0.3443708845004866,24:0.5981622443283308,25:0.7585924683291241,26:0.7525487415432188,27:0.06592022408099973,28:0.7713716042605342,29:0.6300462400792686,30:0.4963603273199172,31:0.5942867302783413,32:0.12287489339059121,33:0.6125628429017466,34:0.9675857467578111,35:0.8680471339272574,36:0.14724963219178577,37:0.09910506417877452,38:0.6058258239833054,39:0.6726243666520074,40:0.9019162131410616} with alpha 60.0 and beta 230.0, percentage 20.48611111111111
The arm 13 has vector {0:0.7411369537847431,1:0.3334750142630819,2:0.7100438153638136,3:0.8544665986633052,4:0.318869206718416,5:0.9943002930256134,6:0.07319276577502642,7:0.20953118553924932,8:0.9656589415149808,9:0.10212525226136748,10:0.020883356897160477,11:0.11696189987703565,12:0.662976452325605,13:0.47516452411968013,14:0.6122661936894286,15:0.28804698181654087,16:0.24703882758443274,17:0.45680682681951146,18:0.34006773563044046,19:0.794864899169024,20:0.2667804370238437,21:0.6079242412769977,22:0.0565157986409508,23:0.7762117015098311,24:0.3666236674117793,25:0.2830696736022965,26:0.4092960717284425,27:0.2368056927980603,28:0.48744088314119394,29:0.08530594814834358,30:0.06536039925953174,31:0.7896011236493391,32:0.10601498381666141,33:0.9270330921516365,34:0.9390158177122266,35:0.5445991061262085,36:0.7154657555851629,37:0.3028349878339296,38:0.5660097360708398,39:0.7037453527971909,40:0.1534648600067101} with alpha 5.0 and beta 42.0, percentage 8.88888888888889
The arm 14 has vector {0:0.09919265502972563,1:0.233653223507017,2:0.47892755884535176,3:0.4475378393911047,4:0.3039614300590955,5:0.9323534938825851,6:0.8485823386126998,7:0.674900459723104,8:0.38355980272257895,9:0.18898814843981526,10:0.5984852198250409,11:0.41014229113065315,12:0.4882519118715448,13:0.8626082221118992,14:0.34882339053713207,15:0.8487864269267713,16:0.38093885895632706,17:0.6650182980175323,18:0.5185828058576503,19:0.4476395458464003,20:0.7992636582221765,21:0.14220667228400563,22:0.8191160596868251,23:0.14284498500345622,24:0.06719860372652642,25:0.3277330887993041,26:0.3568605857121684,27:0.8337006343074713,28:0.633546207486765,29:0.6797572678105999,30:0.03645363554763004,31:0.8738229221799544,32:0.45184651808938003,33:0.2288275867768622,34:0.6139215494331389,35:0.08585344977858889,36:0.37551423231776204,37:0.0686865430650333,38:0.12897089599724665,39:0.9096629439251483,40:0.7029939648176362} with alpha 5.0 and beta 52.0, percentage 7.2727272727272725
The arm 15 has vector {0:0.2837902088442469,1:0.22254542162967594,2:0.2984888457825652,3:0.4895982817943041,4:0.255409684714753,5:0.4170650803562329,6:0.4881406060226914,7:0.032137877333296316,8:0.9861382509678452,9:0.48042740708392184,10:0.7157166601545721,11:0.18217163007485526,12:0.705223441248749,13:0.7362972184858996,14:0.3233812597529441,15:0.31800309029784446,16:0.038204186278388286,17:0.2828088347992376,18:0.7501602249946242,19:0.351441512103283,20:0.45823332528653105,21:0.7676304573485077,22:0.5143760373916841,23:0.5547602637217269,24:0.15928456892970777,25:0.05165997966542657,26:0.329131252575962,27:0.40380682168827686,28:0.7111400421813466,29:0.5746497273619197,30:0.177809262835547,31:0.7393907902738689,32:0.8045424852268962,33:0.3643412851422546,34:0.010631745720634522,35:0.5984843385438339,36:0.2222807098171231,37:0.41098909129300354,38:0.44707977113761155,39:0.7878242845884019,40:0.5003812870866181} with alpha 13.0 and beta 72.0, percentage 14.457831325301203
The arm 16 has vector {0:0.9664837217595948,1:0.46516335215089577,2:0.8149085204428058,3:0.6460348653277117,4:0.5839426830787805,5:0.13573091712497687,6:0.08559360604542066,7:0.062432778721812854,8:0.7878009232635655,9:0.7785147445119236,10:0.15720977321888152,11:0.08465597591639995,12:0.05310283014425332,13:0.7454252983068734,14:0.29926625902130055,15:0.5274855423357434,16:0.4534054894244557,17:0.1077812301539749,18:0.9435940719522835,19:0.571782132509519,20:0.38557502886351813,21:0.13987851979953514,22:0.7713468464554785,23:0.9756520936629338,24:0.9637622158868369,25:0.1690699710897191,26:0.6223891895672289,27:0.3925564272921799,28:0.26972379065166585,29:0.19433973173620978,30:0.28093095599114193,31:0.7187922515934684,32:0.46214847921040614,33:0.45295726101180245,34:0.6946043889918456,35:0.39813470485613545,36:0.9951508163838081,37:0.6394121473101265,38:0.8679749752308109,39:0.013093121469988978,40:0.8698555297381084} with alpha 36.0 and beta 165.0, percentage 17.587939698492463
The arm 17 has vector {0:0.7240550458044089,1:0.17001101900001103,2:0.8135146450705506,3:0.11453375462704629,4:0.9542356989543126,5:0.6162417102907891,6:0.9358624275530233,7:0.9992086634642288,8:0.3222657960306511,9:0.9832052565753129,10:0.5241643724001733,11:0.7823269614893864,12:0.8783707896488626,13:0.45201655878973657,14:0.852905397002195,15:0.9252278248404301,16:0.4713216589603052,17:0.940953206382516,18:0.594182741093214,19:0.24233375826898906,20:0.5089254303105609,21:0.9017825326085052,22:0.4329669721027444,23:0.7220518505772522,24:0.7620985834250235,25:0.4943631508382833,26:0.4405733176134776,27:0.5556380112545826,28:0.897529739078187,29:0.061937974577932486,30:0.7589359033678463,31:0.15172953038234605,32:0.7371401728884897,33:0.993065572565134,34:0.47447374753045224,35:0.02122822411118508,36:0.4550754050320319,37:0.17496507592496868,38:0.9869229677905972,39:0.16294855909577288,40:0.1455555994778831} with alpha 35.0 and beta 168.0, percentage 16.91542288557214
The arm 18 has vector {0:0.02164526228882868,1:0.9520188331864119,2:0.25391330514810384,3:0.40919448005314263,4:0.32852707907098144,5:0.8347358179727796,6:0.4344062043427842,7:0.9007798060887814,8:0.29801157843784865,9:0.5756401871439943,10:0.5306299643103068,11:0.9136349722658484,12:0.03364188124905998,13:0.005211835478306837,14:0.5234041422180615,15:0.7338508085539796,16:0.3134097791716265,17:0.41417793317271634,18:0.01092449086718772,19:0.25595609233405214,20:0.8650834823229385,21:0.4491232785006949,22:0.32053064162273615,23:0.3055660258827999,24:0.105110410243197,25:0.03582515405027964,26:0.04783124640460934,27:0.33190488509170224,28:0.225423478836846,29:0.0033697472902525227,30:0.7958612873952619,31:0.5276200823480005,32:0.7041977013609436,33:0.5195731846300852,34:0.4570861564858669,35:0.08190925415888906,36:0.5589947005895005,37:0.23323582334962,38:0.1894681127683353,39:0.11492383602492218,40:0.0065049993664185735} with alpha 1.0 and beta 25.0, percentage 0.0
The arm 19 has vector {0:0.9550648180155493,1:0.7265354342941854,2:0.7619348090813802,3:0.10738911498552095,4:0.8334379721795404,5:0.46154904069713887,6:0.6905437229154372,7:0.3243377347489729,8:0.9703306892855976,9:0.6121657073479165,10:0.033519640363522174,11:0.27264195813475967,12:0.7961239893592607,13:0.7254725222730368,14:0.1374594602878617,15:0.8133088730015535,16:0.20551533606002548,17:0.4995783672657633,18:0.9874483294654068,19:0.2726765068076519,20:0.42556319752925253,21:0.37054146706974145,22:0.843378911982293,23:0.3268811500127755,24:0.2661068178019096,25:0.9805086681656242,26:0.4045941887347466,27:0.27897014431400624,28:0.22316223015039094,29:0.15084024226345305,30:0.6123361026751689,31:0.8226241129611409,32:0.22202395761836058,33:0.8153771868627332,34:0.7079008589274551,35:0.7752761305399211,36:0.09638651636975026,37:0.9287183850479808,38:0.20194278215453543,39:0.9037509065424044,40:0.24146108478030925} with alpha 9.0 and beta 68.0, percentage 10.666666666666668
The arm 20 has vector {0:0.48378891439248617,1:0.38947752358361143,2:0.6458937892385843,3:0.525168552364241,4:0.37934298237472597,5:0.08004343705113615,6:0.7791989216609958,7:0.4597801204176103,8:0.6295466660273342,9:0.8587367879020181,10:0.3711123006234207,11:0.7118956064835122,12:0.05599466900324779,13:0.36511041711022596,14:0.8625465805220314,15:0.8369246944531379,16:0.5847346748982593,17:0.009317320928487582,18:0.6816573565090772,19:0.9084244906833954,20:0.25121230380347526,21:0.13734797087337958,22:0.07639665844228793,23:0.7674254605381766,24:0.41485536605568174,25:0.17546359632481545,26:0.9328312174514092,27:0.48630322668775317,28:0.18088800890013812,29:0.32598959415901163,30:0.701163958244357,31:0.9862099348899015,32:0.9630212737375643,33:0.16798961650071376,34:0.43687365196389527,35:0.5153566741194386,36:0.44976414671764753,37:0.9215836153606873,38:0.5026516187944048,39:0.4467255631057413,40:0.8053568129950717} with alpha 29.0 and beta 147.0, percentage 16.091954022988507
The arm 21 has vector {0:0.13405460101794897,1:0.3367701838181719,2:0.39625235313909124,3:0.8728990037526764,4:0.7499235688679984,5:0.7391125439488307,6:0.952185496129115,7:0.2448197147679102,8:0.26042405553474013,9:0.8772942502922182,10:0.22416353952889612,11:0.20311356732108898,12:0.23979801823078084,13:0.3391080846985379,14:0.10136773995732729,15:0.5874496553551799,16:0.0712441837413692,17:0.546130187394674,18:0.6590918890431333,19:0.5491786293526603,20:0.8105875853672321,21:0.4654668810016156,22:0.573576048587693,23:0.9331616013818909,24:0.5013705005198525,25:0.8671944232472454,26:0.5360430161561945,27:0.1175387261365346,28:0.41329544182037814,29:0.12857583712530163,30:0.21385775524352524,31:0.6279622477539912,32:0.48899443736403814,33:0.5677316164485481,34:0.40545871129721733,35:0.3453661770631533,36:0.3686339857497606,37:0.925794579950227,38:0.16966114469516835,39:0.14904498457692172,40:0.8033154145673305} with alpha 4.0 and beta 36.0, percentage 7.894736842105263
The arm 22 has vector {0:0.15575188427359987,1:0.9304444886760823,2:0.7682136453117389,3:0.5150790932705144,4:0.706783734769286,5:0.45690689080365066,6:0.9251387718840967,7:0.5422348932099901,8:0.31315578252255816,9:0.825927063142463,10:0.4160514338962511,11:0.51542560237079,12:0.016796728076157286,13:0.1786821207340743,14:0.3218778141994676,15:0.3780826623709085,16:0.18197622827231008,17:0.5091242413359837,18:0.589432715390588,19:0.3933168471840186,20:0.7094896040617978,21:0.9875964159401545,22:0.7655353236562217,23:0.1548944323184147,24:0.06273298718095466,25:0.1865624028484918,26:0.04734222754516548,27:0.03988679146251939,28:0.500275364492999,29:0.07654789663583217,30:0.9427364440954815,31:0.5481170089211382,32:0.7664387215748496,33:0.014492809353489844,34:0.11747305062275293,35:0.0016636318446942022,36:0.1400438008893362,37:0.19284514983445122,38:0.17073665551714656,39:0.06720126493055134,40:0.31094830050972944} with alpha 20.0 and beta 111.0, percentage 14.728682170542637
The arm 23 has vector {0:0.3357581046211847,1:0.03809181407988116,2:0.11757954540137783,3:0.7247768364867668,4:0.6998426248689329,5:0.9041007748062285,6:0.8819285984083747,7:0.3263988592527133,8:0.18391314267266168,9:0.9815567498185832,10:0.2764772428756782,11:0.6504917455633619,12:0.27599462624283044,13:0.24934740831670832,14:0.9502771320178073,15:0.1873304095956566,16:0.23946772648110215,17:0.1397055739197296,18:0.9610668245591109,19:0.812423632734637,20:0.8134272667352999,21:0.8307083485106233,22:0.2784068394389946,23:0.13871072003116025,24:0.43133233250545044,25:0.1023203417208911,26:0.7265054426274353,27:0.5225576350280725,28:0.08106833364261856,29:0.5559068065649554,30:0.1899770637289826,31:0.21331742104025664,32:0.5501862701048407,33:0.03171327208791186,34:0.6411521043342254,35:0.6684235510794658,36:0.99491416041943,37:0.7983610839890514,38:0.8843029718492159,39:0.29392684962154314,40:0.6035959439751469} with alpha 2.0 and beta 29.0, percentage 3.4482758620689653
The arm 24 has vector {0:0.0972051537462909,1:0.8444638045105535,2:0.5061176473231065,3:0.6778210737866249,4:0.9274482911117358,5:0.3171693193009617,6:0.546348253811318,7:0.7706459920654746,8:0.9109809747547939,9:0.8563320268498756,10:0.9836177648367225,11:0.639951150199701,12:0.3981984120042322,13:0.9577048937309988,14:0.7351048014298391,15:0.479919518409882,16:0.2818170976124472,17:0.537390370981369,18:0.19430596617880413,19:0.8551995940008713,20:0.3834019977406098,21:0.4849243390001061,22:0.3123000889580958,23:0.1655882161312312,24:0.562227861836977,25:0.5029342962824437,26:0.8380745975157214,27:0.6097775944556313,28:0.011002295629680026,29:0.3008477342428725,30:0.1210287364322582,31:0.6999934279289137,32:0.9129813085133598,33:0.7864336870547748,34:0.5816291990871073,35:0.7501984501397467,36:0.5850339523445466,37:0.33522990393903696,38:0.11972149332515891,39:0.16495238908057086,40:0.2320946828738164} with alpha 87.0 and beta 365.0, percentage 19.11111111111111
The arm 25 has vector {0:0.29945896979120246,1:0.2675207715801291,2:0.38853237512903116,3:0.5943921615344041,4:0.5576199823841241,5:0.040929229561444624,6:0.5991036525528355,7:0.8302834217840154,8:0.36538146747565015,9:0.027043385401702036,10:0.6662692090446096,11:0.6264886885961026,12:0.8349535692885108,13:0.8742123585050927,14:0.31738289359676686,15:0.658394136651143,16:0.7443708514561644,17:0.2566451091082883,18:0.8340988287588998,19:0.328269194829803,20:0.10647781491365726,21:0.2608742676741118,22:0.04832836799743212,23:0.5021358193175015,24:0.48876944090511965,25:0.37202834881022373,26:0.08570354651762069,27:0.5496887386760069,28:0.5789041252466063,29:0.0932038432339023,30:0.4616209922547684,31:0.8759092569770905,32:0.25307737899537286,33:0.49510321192080464,34:0.349535644183005,35:0.27525059300991495,36:0.4912764403864014,37:0.5882994118778317,38:0.3940454721784161,39:0.36978821404744056,40:0.20758161925413376} with alpha 159.0 and beta 596.0, percentage 20.98273572377158
The arm 26 has vector {0:0.21349769402601915,1:0.1608162955397877,2:0.36797746921855634,3:0.014775981509847158,4:0.8123817449162545,5:0.7554736356943591,6:0.7108409335090015,7:0.216717579717854,8:0.5072124175159577,9:0.6709760051347358,10:0.02031458527886021,11:0.00908820189217785,12:0.36731969002878917,13:0.67227770796975,14:0.2937475348648284,15:0.39375153610240266,16:0.21139661076768146,17:0.7291397741600153,18:0.7043887940755988,19:0.8135979220306511,20:0.32285586940640176,21:0.1191918977937978,22:0.9251925563786637,23:0.42495295273696854,24:0.8843129578864615,25:0.9721467694806978,26:0.23982326121211361,27:0.25738377616052055,28:0.7546134541032294,29:0.9990229564832096,30:0.5191568411492911,31:0.7953430826975005,32:0.6371671027776649,33:0.14940179965675382,34:0.4076051955910015,35:0.6259327007395283,36:0.53823105451337,37:0.3643942369948454,38:0.399003883260721,39:0.39379307047181844,40:0.12193270103349196} with alpha 8.0 and beta 67.0, percentage 9.58904109589041
The arm 27 has vector {0:0.2300388146877358,1:0.9688087176240353,2:0.4779842437933357,3:0.9697571574861817,4:0.6312820634232976,5:0.23304272442546037,6:0.09908335917830924,7:0.23315684452898333,8:0.7228355733430005,9:0.311931877691741,10:0.04977328123743108,11:0.7815735006802847,12:0.18378885617730856,13:0.1583661734914199,14:0.5718491958267987,15:0.5869269301603156,16:0.42740160867923016,17:0.14608608867771367,18:0.14913366067525236,19:0.28977854144987814,20:0.5468554257359105,21:0.724724188030243,22:0.17129712476968606,23:0.9450409052686033,24:0.890503082293862,25:0.08958909051777975,26:0.6093991783155326,27:0.8667347304163864,28:0.7514508254553216,29:0.022117422990321267,30:0.11202613003224016,31:0.6329926716510265,32:0.8477280622069506,33:0.8531974415145336,34:0.46591275374602736,35:0.05153071559036515,36:0.9649240827396283,37:0.6738440901832607,38:0.6921928987189617,39:0.2990283168761215,40:0.12009193546235197} with alpha 27.0 and beta 132.0, percentage 16.560509554140125
The arm 28 has vector {0:0.678362906241328,1:0.48939146326564753,2:0.18589010735134293,3:0.2676303782864943,4:0.43908401906611527,5:0.8108852271151173,6:0.17866226551512276,7:0.30775312684286094,8:0.9170262841087802,9:0.9966883000979664,10:0.7890522861092324,11:0.9155829230703525,12:0.9601706650972492,13:0.0012129639274358617,14:0.9991087387293744,15:0.6032406368084682,16:0.040673424329738306,17:0.8039543438164953,18:0.5872170880149414,19:0.17421567054426712,20:0.7829752089035569,21:0.6346076037715794,22:0.4433170977842412,23:0.32711230107318445,24:0.014527208565482286,25:0.01286840978010606,26:0.3428486669056898,27:0.2151654167000534,28:0.40862292748203854,29:0.9735941979485782,30:0.28604631281899495,31:0.6449379063368896,32:0.005515348223281036,33:0.04422164575391874,34:0.13616463060926698,35:0.0927526734132994,36:0.7781278362244498,37:0.9194028057475797,38:0.9073395340383905,39:0.5453724655194777,40:0.9614886219585835} with alpha 7.0 and beta 51.0, percentage 10.714285714285714
The arm 29 has vector {0:0.41469974006260124,1:0.8125271769203429,2:0.8200629890869722,3:0.023232405074888107,4:0.8789269240321445,5:0.5585995861569539,6:0.3077892746559534,7:0.8081560087235916,8:0.8203151896110522,9:0.18940751288193136,10:0.9320569518689491,11:0.45454741864173065,12:0.2645322446633812,13:0.8236112391086952,14:0.10053984948980377,15:0.16847157428178816,16:0.2078371391026269,17:0.5257500019436682,18:0.6921461600303144,19:0.39498672832514103,20:0.6105752409186946,21:0.8246535028480161,22:0.2128242538891547,23:0.5712016239200491,24:0.6643964144660766,25:0.39571232960626,26:0.6768373363866106,27:0.3278792989611543,28:0.7516567222997235,29:0.0042241335880728315,30:0.06886808844299086,31:0.38216364501051336,32:0.09522675258614766,33:0.7955263048797412,34:0.4963202204719366,35:0.3529938992795011,36:0.3451227670270175,37:0.807701859066322,38:0.30140601261381295,39:0.775082991568063,40:0.741179957987364} with alpha 8.0 and beta 53.0, percentage 11.864406779661017
The arm 30 has vector {0:0.07247408555684798,1:0.60730340581593,2:0.7073893760030125,3:0.8009739502926343,4:0.43215013494014487,5:0.4410256610771367,6:0.17646035377959257,7:0.6666577847419286,8:0.21967864654788216,9:0.5635194376357351,10:0.453440467887261,11:0.6277627056244376,12:0.6797507017880573,13:0.8925075115083398,14:0.8416448930414745,15:0.559064999807359,16:0.06968453446455392,17:0.22433371465089258,18:0.3428876928342286,19:0.2539738770442699,20:0.7990201651488247,21:0.8287933765718507,22:0.8831316479080208,23:0.1317946421276105,24:0.8107763911369863,25:0.17163019423538173,26:0.8168221945833072,27:0.2619061451314698,28:0.974730898003612,29:0.4725162749499794,30:0.7199531765794716,31:0.8582507740049031,32:0.5686326012058123,33:0.5767543906096192,34:0.8366761317498165,35:0.3582411367863513,36:0.22676205921784487,37:0.3197505025544275,38:0.8776379963606609,39:0.41454434198546153,40:0.8627858488239699} with alpha 23.0 and beta 122.0, percentage 15.384615384615385
The arm 31 has vector {0:0.37497251182017044,1:0.2504809198866228,2:0.9275896334023621,3:0.8304804912077014,4:0.5179612484684831,5:0.42051036915769857,6:0.2869735700393041,7:0.8196583615274063,8:0.8536594129297986,9:0.026901913506561903,10:0.5214110854905472,11:0.9219486175494305,12:0.8254792515603513,13:0.004816094304852858,14:0.15757438916768318,15:0.4124491066395295,16:0.26889150885431423,17:0.7128305193412542,18:0.1663607648370825,19:0.6545037731034148,20:0.6540737000060156,21:0.6789046539265202,22:0.6018915350551118,23:0.6168892568095812,24:0.035836202752073554,25:0.22018634249720015,26:0.2446623329636386,27:0.145626347226547,28:0.32831580246726466,29:0.7893628602192808,30:0.09123805158415732,31:0.5564580155189358,32:0.5157268041627437,33:0.9716441858599142,34:0.008179502245585724,35:0.15307985315132489,36:0.6205195345979032,37:0.6793825530279726,38:0.8406061966151904,39:0.04810193510086114,40:0.3149929334727838} with alpha 3.0 and beta 34.0, percentage 5.714285714285714
The arm 32 has vector {0:0.23587971966902044,1:0.21655414645176196,2:0.6575727836449321,3:0.6563481578847387,4:0.8242330843045829,5:0.7647928559225035,6:0.7687303264400654,7:0.2993696875952889,8:0.1753100840894849,9:0.12067054031684943,10:0.9380065102632442,11:0.6254954811426211,12:0.7461643630346289,13:0.787764227151059,14:0.09468172600495506,15:0.3202942171880706,16:0.8707155896543806,17:0.8699190545190733,18:0.3855563665370827,19:0.6619075678101639,20:0.32060611439147846,21:0.9519937084791362,22:0.8192588343496692,23:0.9494504658726188,24:0.4141746413444394,25:0.9140512382311601,26:0.38231069184348776,27:0.0049034428350189785,28:0.4162696755839288,29:0.10763487569422259,30:0.08069705361521384,31:0.763167690447634,32:0.9344672512356543,33:0.36964740344615976,34:0.2874909071549894,35:0.4912333915409389,36:0.9646760008232218,37:0.7569812417060412,38:0.706351726743248,39:0.9583312748249394,40:0.8235854189310461} with alpha 11.0 and beta 60.0, percentage 14.492753623188406
The arm 33 has vector {0:0.023583412709549112,1:0.46418824317936735,2:0.07519054203692366,3:0.11437020076230808,4:0.1916532327688384,5:0.5845941173025198,6:0.5603003261758893,7:0.6654985846156874,8:0.39042766843436605,9:0.5641514526327247,10:0.042261662536658307,11:0.815519421903338,12:0.7807889082796154,13:0.001877637606828797,14:0.33601506932109537,15:0.10175220792246997,16:0.29674610029154325,17:0.1590413468337799,18:0.9480682423638621,19:0.9295982202725859,20:0.7757354204952132,21:0.728958190802382,22:0.9253359217740574,23:0.40864170435886327,24:0.5666228576649298,25:0.06716615514633617,26:0.264216033422109,27:0.7243798965012928,28:0.5171770521229807,29:0.6653469445334129,30:0.04267996549256259,31:0.9632656939287694,32:0.5699261812610453,33:0.2581090341535438,34:0.10839274785361941,35:0.038570498238170825,36:0.013357509252495015,37:0.47475362055327375,38:0.7695101339086746,39:0.04948961098768501,40:0.20428685517929024} with alpha 22.0 and beta 115.0, percentage 15.555555555555555
The arm 34 has vector {0:0.5851504871054819,1:0.8784022477477731,2:0.6144968383083929,3:0.023405375225333924,4:0.10926420232770018,5:0.8718456018962142,6:0.3273078855613252,7:0.5040605689035426,8:0.13335579968453215,9:0.7294982719627782,10:0.8015891336503829,11:0.0990480708398146,12:0.6158560820430312,13:0.510589785121412,14:0.43367824439191116,15:0.3168493569818642,16:0.2981113068383714,17:0.038195552527042764,18:0.20364319924671037,19:0.31910914121038714,20:0.7633285154559776,21:0.8294060676426506,22:0.9489293295242978,23:0.5659760907239709,24:0.49809497118012025,25:0.3799406233761873,26:0.17053456184883975,27:0.7548438140515097,28:0.91204511006995,29:0.3177572598401269,30:0.2821270280450132,31:0.8566654569566947,32:0.7313828680907537,33:0.2105268691633172,34:0.9605872997885124,35:0.7580615004130506,36:0.27126174318840424,37:0.3505698994500972,38:0.6907452781773329,39:0.9467138365804733,40:0.9512101408107545} with alpha 2.0 and beta 30.0, percentage 3.3333333333333335
The arm 35 has vector {0:0.6149867176747614,1:0.4450060905272998,2:0.26943316995144495,3:0.6286764808996735,4:0.40862563588759115,5:0.4341125285332279,6:0.3328817026523557,7:0.11814579700995786,8:0.6317934718159394,9:0.1089331548996294,10:0.8178739413580853,11:0.8864555293945192,12:0.7278704496863899,13:0.5862474594047559,14:0.04221017540534622,15:0.6320446678873591,16:0.6507700188203254,17:0.18344071443378918,18:0.5602073967888602,19:0.3307993371282154,20:0.06454125652155818,21:0.7475440301510594,22:0.1333967034156286,23:0.5690012346789052,24:0.2094314481415821,25:0.9433298467389133,26:0.24888515529489674,27:0.7025343841463705,28:0.23054991461755248,29:0.4009391927119603,30:0.6196074387672055,31:0.7599970778163677,32:0.8296584302461343,33:0.6820835155971123,34:0.8858708413652222,35:0.10392999361734145,36:0.6609343920623826,37:0.771178700253223,38:0.20320621374140457,39:0.4104652002045128,40:0.8334922423459313} with alpha 2.0 and beta 29.0, percentage 3.4482758620689653
The arm 36 has vector {0:0.8884440804664049,1:0.3621678851255017,2:0.35239701218996144,3:0.38836106690661243,4:0.4376702138745018,5:0.3874702959182903,6:0.5454049298452989,7:0.2531786010854925,8:0.6312139656879724,9:0.8657995023260728,10:0.6267932907374967,11:0.41309283571529476,12:0.25624608166315077,13:0.2550027636281662,14:0.718784212838982,15:0.9416353394070823,16:0.1441491796973634,17:0.1472064247952264,18:0.012395312025264671,19:0.7301925754474929,20:0.7989994703856722,21:0.5205637095005688,22:0.36423740243569336,23:0.9068547739816235,24:0.4074887366957315,25:0.7625048195481144,26:0.9168024928678609,27:0.23346187349324965,28:0.5919844057093855,29:0.022613307560411133,30:0.9505973456578904,31:0.8052870487374777,32:0.8076480701503668,33:0.38941384430399684,34:0.9008600674645109,35:0.43318079639032914,36:0.9681143378232383,37:0.6952649251127775,38:0.25409107650114426,39:0.8991318239469812,40:0.8963450114157996} with alpha 40.0 and beta 162.0, percentage 19.5
The arm 37 has vector {0:0.6063639277056704,1:0.7715725873396266,2:0.5627830494312149,3:0.9586892229342571,4:0.8799608206050261,5:0.6689152145351305,6:0.2340319653855112,7:0.445623667549372,8:0.8816556110020224,9:0.2422698285849645,10:0.4314175841828005,11:0.9550592904190539,12:0.5668673845252596,13:0.4980872333255012,14:0.9273433467834805,15:0.2782741872631236,16:0.26198236551387133,17:0.6591295355947181,18:0.4706827222931206,19:0.6346945734733814,20:0.625685894306307,21:0.03957202367222967,22:0.8540273495101876,23:0.5483384448049781,24:0.11236162190871846,25:0.3182399229266831,26:0.8337358100062409,27:0.6084587155342165,28:0.7882893298900199,29:0.7235117030856454,30:0.6186976596875797,31:0.06694961510295139,32:0.7632199896928691,33:0.9912811767068329,34:0.034235390354252604,35:0.0785197080049661,36:0.40548479215627553,37:0.8371891138108813,38:0.8981117443702892,39:0.2825336793137392,40:0.36194792510614593} with alpha 3.0 and beta 29.0, percentage 6.666666666666667
The arm 38 has vector {0:0.687549461681892,1:0.8042203167037102,2:0.9603968725845288,3:0.7095317670532468,4:0.2620892517283441,5:0.9015383999109813,6:0.7101954287258897,7:0.7058892113507004,8:0.2515762475620521,9:0.36501601913073267,10:0.9904546144152034,11:0.4751085709931492,12:0.5230995765326849,13:0.8662752804968936,14:0.8366473996180204,15:0.453199894862225,16:0.32923617290816887,17:0.33261821016689064,18:0.9184041750969006,19:0.8237382297733211,20:0.052870739221941965,21:0.044216459278844544,22:0.9079155207769065,23:0.4857352275847293,24:0.44643118521662595,25:0.9720427575077708,26:0.3209177756224463,27:0.6514438916651065,28:0.37641212470432983,29:0.6696945554337616,30:0.45358171539864056,31:0.04984503252674077,32:0.6738919247353257,33:0.29715278974250003,34:0.23105935851511583,35:0.8039510115130228,36:0.9763227923675126,37:0.8322934382187482,38:0.17196019584533717,39:0.7703307015591919,40:0.014536703688822983} with alpha 4.0 and beta 43.0, percentage 6.666666666666667
The arm 39 has vector {0:0.19649558731787597,1:0.7464551501339464,2:0.6923587656250411,3:0.4177301014993714,4:0.0260760513660806,5:0.8551946890979781,6:0.1552373737280306,7:0.7483383581371557,8:0.11793926356316864,9:0.12248131981422139,10:0.4004359487859289,11:0.8842930245407804,12:0.2909114330480256,13:0.22605589619357425,14:0.226606733387272,15:0.8400730211370068,16:0.01493613595276655,17:0.2287788916563509,18:0.5625000217450215,19:0.4858323039862691,20:0.3278253922204314,21:0.8935439848019736,22:0.6221477682475947,23:0.8444848195501594,24:0.20342266290761546,25:0.046615191957287916,26:0.5592658538660512,27:0.7739386321215781,28:0.4235361753007384,29:0.9416929149604255,30:0.5137228902468715,31:0.459712203959454,32:0.20563663941749266,33:0.8089301827786934,34:0.08673137345234361,35:0.6784489159278742,36:0.6318164411800827,37:0.7738035795175912,38:0.5739261803654006,39:0.7978045802573864,40:0.8348851872815796} with alpha 10.0 and beta 72.0, percentage 11.25
The arm 40 has vector {0:0.8526716161815824,1:0.945934903496229,2:0.1807299966670357,3:0.4715542652695608,4:0.5486285675104469,5:0.8554767333330962,6:0.7398057678122684,7:0.24150242227333607,8:0.6818296625034852,9:0.018202596431896145,10:0.27650670968146396,11:0.3039913673987775,12:0.2087716629664822,13:0.1731389851824099,14:0.0107947698203269,15:0.22931115283682724,16:0.012116941775670131,17:0.8377006660462115,18:0.11296584805097132,19:0.004004845774589372,20:0.16516895707773682,21:0.8995569197202066,22:0.18087739684444804,23:0.7814441836013635,24:0.6864050630267258,25:0.14046146696041195,26:0.1571549694141574,27:0.14396486016664056,28:0.4713125904825085,29:0.07243314387479594,30:0.45165791922626375,31:0.8058020563160591,32:0.09211210691015737,33:0.33761996318952414,34:0.7851463721911792,35:0.24822106956345102,36:0.26703327608502936,37:0.45087191366984536,38:0.4870615414320739,39:0.3231011202971392,40:0.4186715614357335} with alpha 3.0 and beta 31.0, percentage 6.25
The arm 41 has vector {0:0.6011192264073816,1:0.23472618434547876,2:0.8970479858616603,3:0.8879986940576409,4:0.4324353703458077,5:0.7510831389024087,6:0.11286773287553731,7:0.8816045979132222,8:0.4299748443680049,9:0.8435013883958568,10:0.2913904132231152,11:0.5540172180974103,12:0.46783992898066673,13:0.5249650723689377,14:0.38167654494386394,15:0.7088405114997673,16:0.4546069113593034,17:0.22462085362076678,18:0.5378784033935397,19:0.06137423569773903,20:0.06093283549658468,21:0.05363998762797162,22:0.9855822084063104,23:0.3101562704740217,24:0.39535338947279985,25:0.0702905285586587,26:0.37407751456906324,27:0.04173566502954973,28:0.4822918700501112,29:0.43779404528097265,30:0.9803954604999041,31:0.07001156224942706,32:0.6058924626724554,33:0.2648599293973741,34:0.14082500790314056,35:0.5320369004310959,36:0.7491408203570866,37:0.29843561936561525,38:0.7139484171619004,39:0.18596207747105498,40:0.14682852935233426} with alpha 4.0 and beta 39.0, percentage 7.317073170731707
The arm 42 has vector {0:0.19543109971781025,1:0.8365441596977109,2:0.9322539646535649,3:0.877981207178939,4:0.35262996557377624,5:0.17735903084722227,6:0.5530619939873762,7:0.46147224201184833,8:0.48719145831493926,9:0.7176317255336377,10:0.5652631945739606,11:0.9531524788044662,12:0.2409902824032475,13:0.21583701880525152,14:0.4680751012956582,15:0.37947067137561374,16:0.7607676419397388,17:0.1734634507395293,18:0.5673231138627189,19:0.2283791217826373,20:0.16524207445313677,21:0.8720470804166647,22:0.8750958103893764,23:0.8475363755790349,24:0.48658240400585795,25:0.20060663304969617,26:0.2763064392624419,27:0.9202115877328716,28:0.8865521436953376,29:0.6112087319970817,30:0.33163950419667343,31:0.05554122449990406,32:0.5882685910185506,33:0.15872786277478212,34:0.5814415149466886,35:0.14870683888010794,36:0.3673968538951038,37:0.8183145100234333,38:0.6013010324387639,39:0.16723602780253255,40:0.1973650138647095} with alpha 29.0 and beta 156.0, percentage 15.300546448087433
The arm 43 has vector {0:0.44703592585272034,1:0.5195258496987973,2:0.1492454535229062,3:0.990486758123603,4:0.23408256179775544,5:0.6406312061339388,6:0.08344554682347805,7:0.1171199180274427,8:0.852812821452856,9:0.01717025775688763,10:0.6357326505393607,11:0.9022314475445394,12:0.8555960557928616,13:0.3222671078192183,14:0.309392016412684,15:0.11047430324472107,16:0.9998955287309576,17:0.5236987164892627,18:0.2817681519916342,19:0.31677200247572856,20:0.7433387259609323,21:0.1947036082367033,22:0.5702182099994223,23:0.3767348577340389,24:0.44421015347556103,25:0.9853501757114992,26:0.7812051227895047,27:0.9472272424163212,28:0.9619870669146099,29:0.780435270886593,30:0.505224380740643,31:0.36952012794907396,32:0.86059066274061,33:0.475687030768417,34:0.25005798618145136,35:0.010765546213803878,36:0.87320906703713,37:0.4504923488245356,38:0.6973752412503251,39:0.6739883017603157,40:0.5089505712249336} with alpha 2.0 and beta 31.0, percentage 3.225806451612903
The arm 44 has vector {0:0.07527435024869078,1:0.19941427377169763,2:0.7184880833991262,3:0.9165869081819401,4:0.2326442734116444,5:0.7900961297557402,6:0.32136184422732017,7:0.6764117143663169,8:0.5632460634750671,9:0.8492547787581073,10:0.04232532713157611,11:0.7542522602493588,12:0.2759472554218234,13:0.45404095991684135,14:0.5817618402580231,15:0.0441118122198243,16:0.7577171028565437,17:0.04938097052347934,18:0.6747348575236438,19:0.04098977247721847,20:0.6555805590073858,21:0.9021724297400234,22:0.12520211131542003,23:0.4404049378054843,24:0.6757783948086108,25:0.37765065032847345,26:0.4186960593264666,27:0.008825027379373962,28:0.25731435849408435,29:0.7387324231214168,30:0.9331667956736425,31:0.002138844603958301,32:0.4116916545506235,33:0.5896091084897663,34:0.6157889578123833,35:0.7062726832262368,36:0.27725701391098356,37:0.04244292367529401,38:0.23195413022652578,39:0.36530326274367353,40:0.6620507308347783} with alpha 6.0 and beta 50.0, percentage 9.25925925925926
The arm 45 has vector {0:0.9315237078527454,1:0.2207554151336263,2:0.4682012690099038,3:0.9006456305332802,4:0.05020359590380419,5:0.4975844806263696,6:0.9220116505858152,7:0.9125093966101677,8:0.10591940485338447,9:0.30394035087970805,10:0.5593467008962051,11:0.9053748614880508,12:0.5090685447533919,13:0.6497911685799341,14:0.9442136098940419,15:0.1348806419191969,16:0.6669535076884702,17:0.8274771475646111,18:0.5585606640291741,19:0.7310299824893902,20:0.3564651569824675,21:0.9015748661624716,22:0.13818090367017033,23:0.2530403444049423,24:0.6225604459155628,25:0.8949865350302749,26:0.16970187301508566,27:0.13619847512725802,28:0.73887343013182,29:0.898972030094037,30:0.8041809084467556,31:0.4322433167293196,32:0.06562268341456101,33:0.3299612117324684,34:0.5131339706574052,35:0.2880797777488322,36:0.9549086977731732,37:0.9268061231360772,38:0.21838743323443877,39:0.5912632537692649,40:0.8861939385773139} with alpha 18.0 and beta 97.0, percentage 15.04424778761062
The arm 46 has vector {0:0.21008878517467466,1:0.7703618274955206,2:0.9080692676443877,3:0.5326927210588333,4:0.41124450464100015,5:0.9666408581598901,6:0.4993919079852214,7:0.2976896635988251,8:0.2619841982044906,9:0.0013713535732311488,10:0.7719529287529813,11:0.713259083694988,12:0.5601897502921056,13:0.6873345883966708,14:0.5335652132223309,15:0.5876398310767115,16:0.3112781331643931,17:0.9184636569743995,18:0.44799463185336585,19:0.41085783341137483,20:0.4467348363921876,21:0.20592750245852154,22:0.5443164510157215,23:0.2993594109291906,24:0.8379169739821983,25:0.625205560661362,26:0.06867553218817957,27:0.5047701013425949,28:0.4799671928316571,29:0.5723336756533294,30:0.6751940439801071,31:0.27892800511793636,32:0.36994540561293066,33:0.05633443251720904,34:0.885684821929206,35:0.33198623528521864,36:0.4923269580596008,37:0.8408008096677109,38:0.8489437696203098,39:0.841171166086707,40:0.0851893633917925} with alpha 7.0 and beta 58.0, percentage 9.523809523809524
The arm 47 has vector {0:0.9491253639181534,1:0.4566892318161402,2:0.26208287461499924,3:0.4692988405848869,4:0.2951924139874178,5:0.5963079585552618,6:0.8821093825509868,7:0.4938777042971404,8:0.8828830960906742,9:0.2777060236180512,10:0.33696735813198986,11:0.26345219400725217,12:0.5970429502895108,13:0.6965158238557156,14:0.9034540159615143,15:0.18359138181193002,16:0.8697015275584096,17:0.12889901709214524,18:0.07284590450114148,19:0.20005783019765533,20:0.7281441177648885,21:0.11832713318159371,22:0.806566320051896,23:0.011776845480023557,24:0.266990865894001,25:0.7307653390767395,26:0.9241701422086452,27:0.8901554959022793,28:0.8394455854900169,29:0.4767034590578695,30:0.18748348557937256,31:0.6067142782720336,32:0.15908415273626475,33:0.14587002516982195,34:0.16471983935651446,35:0.4959392372764584,36:0.9740336081742247,37:0.21601612271201254,38:0.9315758749216236,39:0.23391667813589434,40:0.738705098300642} with alpha 19.0 and beta 103.0, percentage 15.0
The arm 48 has vector {0:0.9999080534326934,1:0.017507013005904848,2:0.8777459237784161,3:0.6158539481256718,4:0.13889510823791695,5:0.3357197929229716,6:0.636438361712966,7:0.9771531184900999,8:0.4920341888577213,9:0.4860905053218513,10:0.9973719143585682,11:0.16400670056460998,12:0.6517985268557541,13:0.3683280983458119,14:0.6980115628039898,15:0.9940277829247944,16:0.48528213666131104,17:0.6173372229528914,18:0.6086256199543801,19:0.6850610415987571,20:0.19266985370327439,21:0.25752300200269707,22:0.5591443728511155,23:0.718994015872739,24:0.5125298073427343,25:0.2428329840063106,26:0.054988749600766496,27:0.06153588697490364,28:0.4496631060862748,29:0.6390783293491894,30:0.46044736040100587,31:0.237029724468382,32:0.5944405638780488,33:0.4936963812040768,34:0.09216042277092107,35:0.6467759824781284,36:0.5895516614316321,37:0.12901111506166185,38:0.23221624562122334,39:0.6620735545458086,40:0.1778877894821066} with alpha 15.0 and beta 65.0, percentage 17.94871794871795
The arm 49 has vector {0:0.8696727503030987,1:0.7714125823747034,2:0.14831052548333756,3:0.4662131840649424,4:0.5614557448504799,5:0.5139706265602416,6:0.8454686061810155,7:0.7426582694526321,8:0.017383911339260205,9:0.6045255216920804,10:0.28554682625296823,11:0.8168922553743786,12:0.33321221483433117,13:0.03729029046340715,14:0.034292611495142844,15:0.7031273470489385,16:0.47323145211891726,17:0.7671732754304671,18:0.3890854114152905,19:0.824319943211405,20:0.3244728961153467,21:0.46159248753229587,22:0.49039142589827134,23:0.3780456774783113,24:0.6519859881410891,25:0.4785659062007953,26:0.8200036210578914,27:0.5164181375909932,28:0.08791780021899098,29:0.002756067003677143,30:0.11650189723493232,31:0.7471231121035818,32:0.4302685321044073,33:0.22496643565497287,34:0.12987768884920314,35:0.35807226733132846,36:0.28615626582680875,37:0.6177542340910679,38:0.8128835425079916,39:0.44042196380258947,40:0.8481690585449317} with alpha 31.0 and beta 144.0, percentage 17.341040462427745
The best arm is 25 with vector {0:0.29945896979120246,1:0.2675207715801291,2:0.38853237512903116,3:0.5943921615344041,4:0.5576199823841241,5:0.040929229561444624,6:0.5991036525528355,7:0.8302834217840154,8:0.36538146747565015,9:0.027043385401702036,10:0.6662692090446096,11:0.6264886885961026,12:0.8349535692885108,13:0.8742123585050927,14:0.31738289359676686,15:0.658394136651143,16:0.7443708514561644,17:0.2566451091082883,18:0.8340988287588998,19:0.328269194829803,20:0.10647781491365726,21:0.2608742676741118,22:0.04832836799743212,23:0.5021358193175015,24:0.48876944090511965,25:0.37202834881022373,26:0.08570354651762069,27:0.5496887386760069,28:0.5789041252466063,29:0.0932038432339023,30:0.4616209922547684,31:0.8759092569770905,32:0.25307737899537286,33:0.49510321192080464,34:0.349535644183005,35:0.27525059300991495,36:0.4912764403864014,37:0.5882994118778317,38:0.3940454721784161,39:0.36978821404744056,40:0.20758161925413376} with alpha 159.0 and beta 596.0, percentage 20.98273572377158
The right guesses are: 961 which means 16.01666666666667% correct
Done
The current arm is 25 with vector {0:0.29945896979120246,1:0.2675207715801291,2:0.38853237512903116,3:0.5943921615344041,4:0.5576199823841241,5:0.040929229561444624,6:0.5991036525528355,7:0.8302834217840154,8:0.36538146747565015,9:0.027043385401702036,10:0.6662692090446096,11:0.6264886885961026,12:0.8349535692885108,13:0.8742123585050927,14:0.31738289359676686,15:0.658394136651143,16:0.7443708514561644,17:0.2566451091082883,18:0.8340988287588998,19:0.328269194829803,20:0.10647781491365726,21:0.2608742676741118,22:0.04832836799743212,23:0.5021358193175015,24:0.48876944090511965,25:0.37202834881022373,26:0.08570354651762069,27:0.5496887386760069,28:0.5789041252466063,29:0.0932038432339023,30:0.4616209922547684,31:0.8759092569770905,32:0.25307737899537286,33:0.49510321192080464,34:0.349535644183005,35:0.27525059300991495,36:0.4912764403864014,37:0.5882994118778317,38:0.3940454721784161,39:0.36978821404744056,40:0.20758161925413376} with alpha 97.0 and beta 567.0
The order information:
Date: 2012-05-09T17:07:05.000+02:00
It predicted these items for order 1778911 :
   31560 with score of 2.286811582859319
   752 with score of 1.6201371012220749
   27900 with score of 1.3414642878127876
   748 with score of 1.336165155546091
   23467 with score of 1.2448768907685883
   31553 with score of 1.1826820548516335
   572 with score of 1.1708912075780353
   1663 with score of 1.1615151027787523
   23469 with score of 1.1505688456041367
   758 with score of 1.0895010123151485
These are the actual items bought: 
   11832
   30233
The current arm is 25 with vector {0:0.29945896979120246,1:0.2675207715801291,2:0.38853237512903116,3:0.5943921615344041,4:0.5576199823841241,5:0.040929229561444624,6:0.5991036525528355,7:0.8302834217840154,8:0.36538146747565015,9:0.027043385401702036,10:0.6662692090446096,11:0.6264886885961026,12:0.8349535692885108,13:0.8742123585050927,14:0.31738289359676686,15:0.658394136651143,16:0.7443708514561644,17:0.256645109108288