Items: 31014,2,2012-03-22 09:35:15.730000000,2013-01-31 22:08:19.360000000,0,0000000000000000000000000000000000000000000000000000000000000000000000000000000000000000000010000000000000000000000000000000000000000000000000000000000000000000000000000000000000000000000000000000000000000000000000000000000000000000000000000000000000000000
Items: 16065,3,2010-10-12 09:05:28.623000000,2011-10-19 12:41:59.293000000,0,0000000000000000000000000000000000000000000000000000000000000000000000000000000000000000000100000000000000000000000000000000000000000000000000000000000000000000000000000000000000000000000000000000000000000000000000000000000000000000000000000000000000000000
Items: 2897,1,2010-07-28 15:55:07.423000000,2013-07-15 05:02:15.650000000,0,0000000000000000000000000000000000000000000000000000000000000000000000000000000000000000000100000000000000000000000000000000000000000000000000000000000000000000000000000000000000000000000000000000000000000000000000000000000000000000000000000000000000000000
Users: 46671,2009-07-31 17:52:05.423000000,45238,,0
Users: 117404,2012-02-11 18:20:17.737000000,30295,1989-02-13 00:00:00,1
Users: 185087,2009-07-31 19:48:45.310000000,54234,1986-06-04 00:00:00,1
Users: 242612,2011-12-03 21:34:16.640000000,90627,1990-07-23 00:00:00,2
Users: 294436,2011-03-16 09:05:23.647000000,72233,1994-04-25 00:00:00,1
Users: 345704,2011-11-11 20:55:14.437000000,68600,1994-06-05 00:00:00,2
Users: 399809,2012-09-17 14:43:42.033000000,44491,1997-12-12 00:00:00,1
Users: 455390,2012-12-20 16:02:28.573000000,3274,1978-06-02 00:00:00,2
Users: 525182,2013-07-28 12:33:53.590000000,53372,1990-06-17 00:00:00,0
Orders: 35022,1033356,1457,2009-10-18 21:46:53.347000000
Orders: 214698,1082559,614,2010-01-24 20:16:55.153000000
Orders: 226305,1122161,1501,2010-03-20 16:23:03.950000000
Orders: 46541,1167569,11120,2010-05-26 12:55:02.417000000
Orders: 75824,1208142,11119,2010-07-27 23:14:48.377000000
Orders: 13287,1248778,12826,2010-09-21 21:56:27.157000000
Orders: 272654,1296031,653,2010-12-01 18:41:36.730000000
Orders: 285359,1344258,18628,2011-01-28 14:59:09.743000000
Orders: 157456,1388262,18371,2011-03-17 11:46:02.120000000
Orders: 307265,1432210,758,2011-04-29 21:28:48.340000000
Orders: 271030,1473349,21803,2011-06-14 15:24:35.467000000
Orders: 275827,1511037,21829,2011-07-28 21:58:50.970000000
Orders: 62527,1550712,24845,2011-09-10 18:44:47.023000000
Orders: 293365,1597283,27523,2011-11-12 08:21:31.203000000
Orders: 158173,1649466,24361,2011-12-28 14:06:54.430000000
Orders: 371623,1691322,28947,2012-01-31 15:54:20.570000000
Orders: 151193,1739094,2144,2012-03-22 17:02:48.527000000
Orders: 71320,1784958,7874,2012-05-16 17:00:59.817000000
Orders: 287161,1827735,20480,2012-06-29 22:23:24.193000000
Orders: 271514,1866722,31203,2012-08-11 21:38:56.863000000
Orders: 428803,1915657,35460,2012-10-09 20:15:44.210000000
Orders: 444954,1966435,29677,2012-12-01 22:51:49.073000000
Orders: 460415,2018674,31695,2013-01-07 22:20:30.543000000
Orders: 381441,2066329,35170,2013-02-19 22:08:16.833000000
Orders: 485606,2112774,39306,2013-03-26 15:04:37.277000000
Orders: 423890,2161061,11304,2013-05-03 09:35:38.190000000
Orders: 314770,2207605,26096,2013-06-05 19:04:54.837000000
Orders: 287308,2249841,40450,2013-07-13 20:23:09.463000000
Orders: 255027,2289235,33612,2013-08-13 17:15:05.073000000
Orders: 466261,2331294,43871,2013-09-15 21:02:00.180000000
Orders: 446724,2379393,448,2013-11-01 19:20:53.627000000

Startup information:
First order in training stage: 700000
First order in evaluation stage: 771338
Last order in evaluation stage: 777471

Number of orders in training stage: 71338
Number of orders in evaluation stage: 6133

The current arm is 41 with vector {0:0.0170091775516652,1:0.4430860237832851,2:0.6297656796676975,3:0.11349856374645251,4:0.5733852815722239,5:0.07075989038418773} with alpha 3.0 and beta 21.0
The order information:
Date: 2012-05-09T17:07:05.000+02:00
It predicted these items for order 1778911 :
   1693 with score of 0.6611543495080768
   13688 with score of 0.6611543495080768
   21769 with score of 0.6611543495080768
   25013 with score of 0.6611543495080768
   31278 with score of 0.6611543495080768
   31911 with score of 0.6434643769120298
   25015 with score of 0.625774404315983
   26254 with score of 0.625774404315983
   27819 with score of 0.625774404315983
   28913 with score of 0.625774404315983
These are the actual items bought: 
   11832
   30233
The current arm is 8 with vector {0:0.917862204988033,1:0.4713411381169931,2:0.3158799683779714,3:0.1565038690239351,4:0.998162961972796,5:0.17387240191247755} with alpha 1.0 and beta 26.0
The order information:
Date: 2012-05-10T17:54:43.000+02:00
It predicted these items for order 1779917 :
   16520 with score of 1.2482384759244456
   26598 with score of 1.2482384759244456
   27408 with score of 1.2482384759244456
   24834 with score of 1.2134639955419502
   4986 with score of 1.1902810086202864
   17990 with score of 1.1902810086202864
   27455 with score of 1.1737217322476694
   9020 with score of 1.161302274968207
   17169 with score of 1.161302274968207
   22248 with score of 1.161302274968207
These are the actual items bought: 
   30342
   23374
   32289
The current arm is 33 with vector {0:0.5775567783344365,1:0.09497961536940458,2:0.8758850194981161,3:0.14727106395820755,4:0.7765271389509496,5:0.8473282582223208} with alpha 2.0 and beta 54.0
The order information:
Date: 2012-05-11T22:39:32.000+02:00
It predicted these items for order 1780921 :
   2027 with score of 1.572156100514965
   18741 with score of 1.572156100514965
   22594 with score of 1.572156100514965
   23198 with score of 1.572156100514965
   23218 with score of 1.572156100514965
   29229 with score of 1.572156100514965
   30664 with score of 1.572156100514965
   30678 with score of 1.572156100514965
   31755 with score of 1.572156100514965
   32122 with score of 1.572156100514965
These are the actual items bought: 
   31776
The current arm is 12 with vector {0:0.08797898139530858,1:0.5787084253235645,2:0.42696207974135836,3:0.3890288212525572,4:0.47675164862761854,5:0.24485048579446256} with alpha 1.0 and beta 52.0
The order information:
Date: 2012-05-13T15:53:25.000+02:00
It predicted these items for order 1781930 :
   8264 with score of 0.7218582884423284
   18989 with score of 0.7218582884423284
   21252 with score of 0.7218582884423284
   21625 with score of 0.7218582884423284
   23970 with score of 0.7218582884423284
   27096 with score of 0.7218582884423284
   27876 with score of 0.7218582884423284
   28637 with score of 0.7218582884423284
   31634 with score of 0.7218582884423284
   31854 with score of 0.7218582884423284
These are the actual items bought: 
   2084
   29003
   31950
   20990
   31940
   30573
   20678
   30195
   25363
   27900
The current arm is 11 with vector {0:0.9264839936980854,1:0.28381137808323154,2:0.9799121254653762,3:0.755344167107765,4:0.9552790482805584,5:0.5210891872808809} with alpha 1.0 and beta 61.0
The order information:
Date: 2012-05-14T16:46:54.000+02:00
It predicted these items for order 1782931 :
   2406 with score of 2.2029173480867312
   2951 with score of 2.2029173480867312
   4863 with score of 2.2029173480867312
   4892 with score of 2.2029173480867312
   18707 with score of 2.2029173480867312
   21533 with score of 2.2029173480867312
   21671 with score of 2.2029173480867312
   22400 with score of 2.2029173480867312
   23479 with score of 2.2029173480867312
   24162 with score of 2.2029173480867312
These are the actual items bought: 
   32564
The current arm is 48 with vector {0:0.42440769399396727,1:0.4334549349106781,2:0.08361871445096203,3:0.521838943604475,4:0.7123587294833748,5:0.12367108952459216} with alpha 11.0 and beta 240.0
The order information:
Date: 2012-05-15T15:02:20.000+02:00
It predicted these items for order 1783936 :
   2406 with score of 1.0699177271230345
   2951 with score of 1.0699177271230345
   4863 with score of 1.0699177271230345
   4892 with score of 1.0699177271230345
   18707 with score of 1.0699177271230345
   21533 with score of 1.0699177271230345
   21671 with score of 1.0699177271230345
   22400 with score of 1.0699177271230345
   23479 with score of 1.0699177271230345
   24162 with score of 1.0699177271230345
These are the actual items bought: 
   12096
The arm 0 has vector {0:0.15938665088532833,1:0.6152779354602671,2:0.764962731799326,3:0.8443591324391717,4:0.4417236028194379,5:0.3300827068814486} with alpha 2.0 and beta 102.0, percentage 0.9803921568627451
The arm 1 has vector {0:0.917855267368525,1:0.5609274022663294,2:0.4453177025350059,3:0.6062094075019682,4:0.1902614762690662,5:0.2081904387664838} with alpha 10.0 and beta 238.0, percentage 3.6585365853658534
The arm 2 has vector {0:0.6343200466189621,1:0.3840303007543515,2:0.7677484062751326,3:0.4610453987803279,4:0.36827053398070375,5:0.7555378235396992} with alpha 3.0 and beta 131.0, percentage 1.5151515151515151
The arm 3 has vector {0:0.5870825173243355,1:0.48947575224963014,2:0.39804407638120554,3:0.3752127770258967,4:0.8709701540879897,5:0.725531361859016} with alpha 2.0 and beta 99.0, percentage 1.0101010101010102
The arm 4 has vector {0:0.29763566546782183,1:0.08005149679623003,2:0.0810919099389934,3:0.13234438242957536,4:0.39333412461797,5:0.976954322850594} with alpha 6.0 and beta 146.0, percentage 3.3333333333333335
The arm 5 has vector {0:0.7416398344389347,1:0.13198245889340132,2:0.5731600335251352,3:0.33786623870507637,4:0.7520016803207081,5:0.7095900586931682} with alpha 2.0 and beta 107.0, percentage 0.9345794392523363
The arm 6 has vector {0:0.3537459698098766,1:0.6011986625932946,2:0.5119839360837725,3:0.8594352616213877,4:0.30493715957448964,5:0.8299016297187836} with alpha 5.0 and beta 132.0, percentage 2.9629629629629632
The arm 7 has vector {0:0.5869997384275473,1:0.792029860251766,2:0.19001769601561047,3:0.5886931478607235,4:0.2820309035802303,5:0.28732573652754145} with alpha 3.0 and beta 122.0, percentage 1.6260162601626018
The arm 8 has vector {0:0.917862204988033,1:0.4713411381169931,2:0.3158799683779714,3:0.1565038690239351,4:0.998162961972796,5:0.17387240191247755} with alpha 3.0 and beta 120.0, percentage 1.6528925619834711
The arm 9 has vector {0:0.7565330737394234,1:0.13734125123668173,2:0.3125782046699811,3:0.7018091840029401,4:0.46803891112970963,5:0.8167646606768996} with alpha 3.0 and beta 126.0, percentage 1.574803149606299
The arm 10 has vector {0:0.6280767876633885,1:0.6933580232647941,2:0.8215347220491561,3:0.8048797618273437,4:0.2429138202358131,5:0.46778637275750434} with alpha 1.0 and beta 77.0, percentage 0.0
The arm 11 has vector {0:0.9264839936980854,1:0.28381137808323154,2:0.9799121254653762,3:0.755344167107765,4:0.9552790482805584,5:0.5210891872808809} with alpha 1.0 and beta 73.0, percentage 0.0
The arm 12 has vector {0:0.08797898139530858,1:0.5787084253235645,2:0.42696207974135836,3:0.3890288212525572,4:0.47675164862761854,5:0.24485048579446256} with alpha 1.0 and beta 77.0, percentage 0.0
The arm 13 has vector {0:0.8099814768180565,1:0.5783833444969759,2:0.58828310351675,3:0.955365819091139,4:0.9607786527981577,5:0.7193342495064954} with alpha 1.0 and beta 75.0, percentage 0.0
The arm 14 has vector {0:0.6693330184913139,1:0.6120323721406925,2:0.6419790011181813,3:0.306098161817135,4:0.6465472045379025,5:0.3084222781000052} with alpha 2.0 and beta 105.0, percentage 0.9523809523809524
The arm 15 has vector {0:0.24100795741631842,1:0.24498546327296078,2:0.753861181093211,3:0.20312270128493848,4:0.29048442559426013,5:0.6580117057815393} with alpha 5.0 and beta 148.0, percentage 2.6490066225165565
The arm 16 has vector {0:0.7460456668884454,1:0.6384634523794156,2:0.44890585489910184,3:0.7988892855452036,4:0.045324069636568876,5:0.6372778304078281} with alpha 4.0 and beta 123.0, percentage 2.4
The arm 17 has vector {0:0.4921977093079333,1:0.5673575848040445,2:0.5555829243168128,3:0.9340637698178688,4:0.3771141909651887,5:0.5552540464641604} with alpha 1.0 and beta 71.0, percentage 0.0
The arm 18 has vector {0:0.8151265435681464,1:0.863865931876241,2:0.28788910551654145,3:0.9178775006924341,4:0.436865199533494,5:0.8281364246177954} with alpha 4.0 and beta 135.0, percentage 2.18978102189781
The arm 19 has vector {0:0.22037121713320584,1:0.8675556602516127,2:0.9268888441097822,3:0.8207798805219172,4:0.05713366113902696,5:0.8443313903513431} with alpha 2.0 and beta 100.0, percentage 1.0
The arm 20 has vector {0:0.7312023545719922,1:0.9746241115665882,2:0.5885567276509873,3:0.25452282512862645,4:0.9822018442910216,5:0.12301226203356619} with alpha 2.0 and beta 107.0, percentage 0.9345794392523363
The arm 21 has vector {0:0.8865592383880854,1:0.5339031495531423,2:0.716633561067899,3:0.7654970989261325,4:0.4203470359191255,5:0.8404512621518117} with alpha 1.0 and beta 75.0, percentage 0.0
The arm 22 has vector {0:0.32898100797716423,1:0.810724079171246,2:0.7469920908538759,3:0.9184250155176132,4:0.35856894309243725,5:0.7982953701498835} with alpha 4.0 and beta 124.0, percentage 2.380952380952381
The arm 23 has vector {0:0.10347299837549284,1:0.7700104505891596,2:0.7870760588754487,3:0.056958935263867194,4:0.8261123777682624,5:0.44660644546883654} with alpha 2.0 and beta 82.0, percentage 1.2195121951219512
The arm 24 has vector {0:0.715417288077711,1:0.46041630009804524,2:0.9009602315910437,3:0.27990421067422133,4:0.8288831729512245,5:0.07042468402390267} with alpha 2.0 and beta 80.0, percentage 1.25
The arm 25 has vector {0:0.6432818841638793,1:0.1572524769634771,2:0.5421920202114748,3:0.2183610865927048,4:0.4889596846458698,5:0.9683973453166839} with alpha 4.0 and beta 140.0, percentage 2.112676056338028
The arm 26 has vector {0:0.5715406758715454,1:0.5220301110209625,2:0.3572138404288261,3:0.6439952412083011,4:0.09519750964420981,5:0.9126659789616651} with alpha 2.0 and beta 102.0, percentage 0.9803921568627451
The arm 27 has vector {0:0.22168503538137285,1:0.45616699405454675,2:0.7622105130016582,3:0.8175438193015027,4:0.02113639438054904,5:0.888406277265088} with alpha 2.0 and beta 104.0, percentage 0.9615384615384616
The arm 28 has vector {0:0.6722183546014142,1:0.7765553608559449,2:0.8034112370970533,3:0.491396568528368,4:0.6481069215839202,5:0.8488137998397733} with alpha 3.0 and beta 125.0, percentage 1.5873015873015872
The arm 29 has vector {0:0.03759739176424859,1:0.6232059368045008,2:0.45478128885634483,3:0.6120725458019686,4:0.43129702996746655,5:0.5294298435975258} with alpha 2.0 and beta 99.0, percentage 1.0101010101010102
The arm 30 has vector {0:0.9191786596117469,1:0.6735930403040854,2:0.657521868631992,3:0.892845870993561,4:0.2962714313778255,5:0.4425427190595417} with alpha 1.0 and beta 73.0, percentage 0.0
The arm 31 has vector {0:0.36430008783353296,1:0.5094611037115241,2:0.9259631385411402,3:0.10390160396382242,4:0.8109623037781161,5:0.9063981674184046} with alpha 4.0 and beta 142.0, percentage 2.083333333333333
The arm 32 has vector {0:0.8580185643200103,1:0.6199976152039944,2:0.562767834938178,3:0.45067568968829363,4:0.28464204189279296,5:0.004347807234295398} with alpha 5.0 and beta 156.0, percentage 2.515723270440252
The arm 33 has vector {0:0.5775567783344365,1:0.09497961536940458,2:0.8758850194981161,3:0.14727106395820755,4:0.7765271389509496,5:0.8473282582223208} with alpha 2.0 and beta 106.0, percentage 0.9433962264150944
The arm 34 has vector {0:0.9233726622659058,1:0.49186437810486217,2:0.37170663085616273,3:0.5483680500096914,4:0.209178112007533,5:0.8605823338406063} with alpha 2.0 and beta 103.0, percentage 0.9708737864077669
The arm 35 has vector {0:0.9158204228849948,1:0.7277189716447011,2:0.2917763023800568,3:0.8161801996136975,4:0.7719299133005805,5:0.5976634616427456} with alpha 3.0 and beta 126.0, percentage 1.574803149606299
The arm 36 has vector {0:0.9977362705222197,1:0.5226332335760889,2:0.48016813990713714,3:0.39637339696585594,4:0.26755521365696633,5:0.46847198152720293} with alpha 1.0 and beta 72.0, percentage 0.0
The arm 37 has vector {0:0.15453806991152552,1:0.42604945135301675,2:0.10894192315676576,3:0.8593788680441302,4:0.0047114045473261035,5:0.21093063581693472} with alpha 1.0 and beta 75.0, percentage 0.0
The arm 38 has vector {0:0.6258475793007098,1:0.47571859925180104,2:0.1384788990282736,3:0.6880177862089546,4:0.5901404644770547,5:0.17946107012453738} with alpha 2.0 and beta 95.0, percentage 1.0526315789473684
The arm 39 has vector {0:0.3083985291683006,1:0.9752571054988204,2:0.868996426587431,3:0.7187695885161668,4:0.31184409278289693,5:0.9191441940805899} with alpha 2.0 and beta 99.0, percentage 1.0101010101010102
The arm 40 has vector {0:0.8817842816467195,1:0.6632899374305887,2:0.199995781859165,3:0.5815842891143431,4:0.27297143115644584,5:0.7429862944598496} with alpha 5.0 and beta 158.0, percentage 2.484472049689441
The arm 41 has vector {0:0.0170091775516652,1:0.4430860237832851,2:0.6297656796676975,3:0.11349856374645251,4:0.5733852815722239,5:0.07075989038418773} with alpha 5.0 and beta 165.0, percentage 2.380952380952381
The arm 42 has vector {0:0.9278794724058104,1:0.751323685211169,2:0.32937802735010413,3:0.4986308887474332,4:0.29097612061414757,5:0.016454221957997728} with alpha 12.0 and beta 281.0, percentage 3.7800687285223367
The arm 43 has vector {0:0.8402348907523893,1:0.04364900550116424,2:0.5108323524345805,3:0.22523979116922122,4:0.8483510728988083,5:0.18888021709385805} with alpha 6.0 and beta 182.0, percentage 2.6881720430107525
The arm 44 has vector {0:0.8270496404558738,1:0.24292686425658494,2:0.3940497329079249,3:0.4941053717891267,4:0.006539403062258975,5:0.0995209393292682} with alpha 5.0 and beta 140.0, percentage 2.797202797202797
The arm 45 has vector {0:0.5509136770064503,1:0.8178640096960277,2:0.2838332660979197,3:0.5300673458286191,4:0.7787121293874893,5:0.8022538484960251} with alpha 2.0 and beta 94.0, percentage 1.0638297872340425
The arm 46 has vector {0:0.8673462428971778,1:0.11566849107273813,2:0.37696233522445,3:0.851549808689829,4:0.5291066082802277,5:0.4371814367303979} with alpha 4.0 and beta 140.0, percentage 2.112676056338028
The arm 47 has vector {0:0.390737751637771,1:0.7011687196931221,2:0.41055247296334074,3:0.19110883711024318,4:0.8820347511910469,5:0.7189317327116262} with alpha 3.0 and beta 92.0, percentage 2.1505376344086025
The arm 48 has vector {0:0.42440769399396727,1:0.4334549349106781,2:0.08361871445096203,3:0.521838943604475,4:0.7123587294833748,5:0.12367108952459216} with alpha 12.0 and beta 271.0, percentage 3.9145907473309607
The arm 49 has vector {0:0.584133879998566,1:0.3806211484852401,2:0.9764966826419884,3:0.15190598904316,4:0.7978114462805809,5:0.6706983134157293} with alpha 5.0 and beta 151.0, percentage 2.5974025974025974
The best arm is 48 with vector {0:0.42440769399396727,1:0.4334549349106781,2:0.08361871445096203,3:0.521838943604475,4:0.7123587294833748,5:0.12367108952459216} with alpha 12.0 and beta 271.0, percentage 3.9145907473309607
The right guesses are: 117 which means 1.9077123756725909% correct
Done
The current arm is 48 with vector {0:0.42440769399396727,1:0.4334549349106781,2:0.08361871445096203,3:0.521838943604475,4:0.7123587294833748,5:0.12367108952459216} with alpha 13.0 and beta 651.0
The order information:
Date: 2012-05-09T17:07:05.000+02:00
It predicted these items for order 1778911 :
   1693 with score of 1.2604375130019343
   13688 with score of 1.2604375130019343
   21769 with score of 1.2604375130019343
   25013 with score of 1.2604375130019343
   31278 with score of 1.2604375130019343
   31911 with score of 1.229519740620786
   25015 with score of 1.198601968239638
   26254 with score of 1.198601968239638
   27819 with score of 1.198601968239638
   28913 with score of 1.198601968239638
These are the actual items bought: 
   11832
   30233
The current arm is 48 with vector {0:0.42440769399396727,1:0.4334549349106781,2:0.08361871445096203,3:0.521838943604475,4:0.7123587294833748,5:0.12367108952459216} with alpha 33.0 and beta 1631.0
The order information:
Date: 2012-05-10T17:54:43.000+02:00
It predicted these items for order 1779917 :
   16520 with score of 1.0699177271230345
   26598 with score of 1.0699177271230345
   27408 with score of 1.0699177271230345
   24834 with score of 1.045183509218116
   4986 with score of 1.028694030614837
   17990 with score of 1.028694030614837
   27455 with score of 1.0169158316124949
   9020 with score of 1.0080821823607384
   17169 with score of 1.0080821823607384
   22248 with score of 1.0080821823607384
These are the actual items bought: 
   30342
   23374
   32289
The current arm is 48 with vector {0:0.42440769399396727,1:0.4334549349106781,2:0.08361871445096203,3:0.521838943604475,4:0.7123587294833748,5:0.12367108952459216} with alpha 56.0 and beta 2608.0
The order information:
Date: 2012-05-11T22:39:32.000+02:00
It predicted these items for order 1780921 :
   2027 with score of 1.0699177271230345
   18741 with score of 1.0699177271230345
   22594 with score of 1.0699177271230345
   23198 with score of 1.0699177271230345
   23218 with score of 1.0699177271230345
   29229 with score of 1.0699177271230345
   30664 with score of 1.0699177271230345
   30678 with score of 1.0699177271230345
   31755 with score of 1.0699177271230345
   32122 with score of 1.0699177271230345
These are the actual items bought: 
   31776
The current arm is 48 with vector {0:0.42440769399396727,1:0.4334549349106781,2:0.08361871445096203,3:0.521838943604475,4:0.7123587294833748,5:0.12367108952459216} with alpha 67.0 and beta 3597.0
The order information:
Date: 2012-05-13T15:53:25.000+02:00
It predicted these items for order 1781930 :
   8264 with score of 1.0699177271230345
   18989 with score of 1.0699177271230345
   21252 with score of 1.0699177271230345
   21625 with score of 1.0699177271230345
   23970 with score of 1.0699177271230345
   27096 with score of 1.0699177271230345
   27876 with score of 1.0699177271230345
   28637 with score of 1.0699177271230345
   31634 with score of 1.0699177271230345
   31854 with score of 1.0699177271230345
These are the actual items bought: 
   2084
   29003
   31950
   20990
   31940
   30573
   20678
   30195
   25363
   27900
The current arm is 48 with vector {0:0.42440769399396727,1:0.4334549349106781,2:0.08361871445096203,3:0.521838943604475,4:0.7123587294833748,5:0.12367108952459216} with alpha 85.0 and beta 4579.0
The order information:
Date: 2012-05-14T16:46:54.000+02:00
It predicted these items for order 1782931 :
   2406 with score of 1.0699177271230345
   2951 with score of 1.0699177271230345
   4863 with score of 1.0699177271230345
   4892 with score of 1.0699177271230345
   18707 with score of 1.0699177271230345
   21533 with score of 1.0699177271230345
   21671 with score of 1.0699177271230345
   22400 with score of 1.0699177271230345
   23479 with score of 1.0699177271230345
   24162 with score of 1.0699177271230345
These are the actual items bought: 
   32564
The current arm is 48 with vector {0:0.42440769399396727,1:0.4334549349106781,2:0.08361871445096203,3:0.521838943604475,4:0.7123587294833748,5:0.12367108952459216} with alpha 111.0 and beta 5553.0
The order information:
Date: 2012-05-15T15:02:20.000+02:00
It predicted these items for order 1783936 :
   2406 with score of 1.0699177271230345
   2951 with score of 1.0699177271230345
   4863 with score of 1.0699177271230345
   4892 with score of 1.0699177271230345
   18707 with score of 1.0699177271230345
   21533 with score of 1.0699177271230345
   21671 with score of 1.0699177271230345
   22400 with score of 1.0699177271230345
   23479 with score of 1.0699177271230345
   24162 with score of 1.0699177271230345
These are the actual items bought: 
   12096
The arm 48 has vector {0:0.42440769399396727,1:0.4334549349106781,2:0.08361871445096203,3:0.521838943604475,4:0.7123587294833748,5:0.12367108952459216} with alpha 126.0 and beta 6009.0, percentage 2.038154247513452
The best arm is 48 with vector {0:0.42440769399396727,1:0.4334549349106781,2:0.08361871445096203,3:0.521838943604475,4:0.7123587294833748,5:0.12367108952459216} with alpha 126.0 and beta 6009.0, percentage 2.038154247513452
The right guesses are: 125 which means 2.038154247513452% correct
Done
211
