Items: 31014,2,2012-03-22 09:35:15.730000000,2013-01-31 22:08:19.360000000,0,0000000000000000000000000000000000000000000000000000000000000000000000000000000000000000000010000000000000000000000000000000000000000000000000000000000000000000000000000000000000000000000000000000000000000000000000000000000000000000000000000000000000000000
Items: 16065,3,2010-10-12 09:05:28.623000000,2011-10-19 12:41:59.293000000,0,0000000000000000000000000000000000000000000000000000000000000000000000000000000000000000000100000000000000000000000000000000000000000000000000000000000000000000000000000000000000000000000000000000000000000000000000000000000000000000000000000000000000000000
Items: 2897,1,2010-07-28 15:55:07.423000000,2013-07-15 05:02:15.650000000,0,0000000000000000000000000000000000000000000000000000000000000000000000000000000000000000000100000000000000000000000000000000000000000000000000000000000000000000000000000000000000000000000000000000000000000000000000000000000000000000000000000000000000000000
Users: 46671,2009-07-31 17:52:05.423000000,45238,,0
Users: 117404,2012-02-11 18:20:17.737000000,30295,1989-02-13 00:00:00,1
Users: 185087,2009-07-31 19:48:45.310000000,54234,1986-06-04 00:00:00,1
Users: 242612,2011-12-03 21:34:16.640000000,90627,1990-07-23 00:00:00,2
Users: 294436,2011-03-16 09:05:23.647000000,72233,1994-04-25 00:00:00,1
Users: 345704,2011-11-11 20:55:14.437000000,68600,1994-06-05 00:00:00,2
Users: 399809,2012-09-17 14:43:42.033000000,44491,1997-12-12 00:00:00,1
Users: 455390,2012-12-20 16:02:28.573000000,3274,1978-06-02 00:00:00,2
Users: 525182,2013-07-28 12:33:53.590000000,53372,1990-06-17 00:00:00,0
Orders: 35022,1033356,1457,2009-10-18 21:46:53.347000000
Orders: 214698,1082559,614,2010-01-24 20:16:55.153000000
Orders: 226305,1122161,1501,2010-03-20 16:23:03.950000000
Orders: 46541,1167569,11120,2010-05-26 12:55:02.417000000
Orders: 75824,1208142,11119,2010-07-27 23:14:48.377000000
Orders: 13287,1248778,12826,2010-09-21 21:56:27.157000000
Orders: 272654,1296031,653,2010-12-01 18:41:36.730000000
Orders: 285359,1344258,18628,2011-01-28 14:59:09.743000000
Orders: 157456,1388262,18371,2011-03-17 11:46:02.120000000
Orders: 307265,1432210,758,2011-04-29 21:28:48.340000000
Orders: 271030,1473349,21803,2011-06-14 15:24:35.467000000
Orders: 275827,1511037,21829,2011-07-28 21:58:50.970000000
Orders: 62527,1550712,24845,2011-09-10 18:44:47.023000000
Orders: 293365,1597283,27523,2011-11-12 08:21:31.203000000
Orders: 158173,1649466,24361,2011-12-28 14:06:54.430000000
Orders: 371623,1691322,28947,2012-01-31 15:54:20.570000000
Orders: 151193,1739094,2144,2012-03-22 17:02:48.527000000
Orders: 71320,1784958,7874,2012-05-16 17:00:59.817000000
Orders: 287161,1827735,20480,2012-06-29 22:23:24.193000000
Orders: 271514,1866722,31203,2012-08-11 21:38:56.863000000
Orders: 428803,1915657,35460,2012-10-09 20:15:44.210000000
Orders: 444954,1966435,29677,2012-12-01 22:51:49.073000000
Orders: 460415,2018674,31695,2013-01-07 22:20:30.543000000
Orders: 381441,2066329,35170,2013-02-19 22:08:16.833000000
Orders: 485606,2112774,39306,2013-03-26 15:04:37.277000000
Orders: 423890,2161061,11304,2013-05-03 09:35:38.190000000
Orders: 314770,2207605,26096,2013-06-05 19:04:54.837000000
Orders: 287308,2249841,40450,2013-07-13 20:23:09.463000000
Orders: 255027,2289235,33612,2013-08-13 17:15:05.073000000
Orders: 466261,2331294,43871,2013-09-15 21:02:00.180000000
Orders: 446724,2379393,448,2013-11-01 19:20:53.627000000

Startup information:
First order in training stage: 700000
First order in evaluation stage: 771338
Last order in evaluation stage: 777471

Number of orders in training stage: 71338
Number of orders in evaluation stage: 6133

The current arm is 42 with vector {0:0.7838587645746299,1:0.2424118135756469,2:0.01772288323723792,3:0.18430562563898745,4:0.32241316372424444,5:0.9243178179099871,6:0.9087958684551259,7:0.8514219565370397,8:0.5831646114412551,9:0.9342111056745467,10:0.7563269361562474,11:0.16588397558565937,12:0.876083678469324,13:0.5721094071233764,14:0.34836460976294303,15:0.5206138433685762,16:0.2725295353074575,17:0.8405103232947648,18:0.8525777293475182,19:0.9288259020956223,20:0.6079904945989896,21:0.1829802443183357,22:0.49171203765808724,23:0.19251911236770403,24:0.4959470427791667,25:0.14012572610760476,26:0.2415566377377072,27:0.9826229578587797,28:0.1392373229717535,29:0.5269881063465439,30:0.05237874707997259,31:0.9137726566372795,32:0.7613436776693348,33:0.38582436969353373,34:0.4938920096333772,35:0.5057054900410435,36:0.18293202580987944,37:0.22803347398220375,38:0.4638388575002177,39:0.6583008956604273,40:0.9938620042320825} with alpha 4.0 and beta 16.0
The order information:
Date: 2012-05-09T17:07:05.000+02:00
It predicted these items for order 1778911 :
   31560 with score of 2.874293562260261
   752 with score of 2.1189714335237957
   1693 with score of 2.0305897462088613
   13688 with score of 2.0305897462088613
   21769 with score of 2.0305897462088613
   25013 with score of 2.0305897462088613
   31278 with score of 2.0305897462088613
   31911 with score of 1.8174224628358424
   32379 with score of 1.7126546252607364
   2010 with score of 1.708176582484617
These are the actual items bought: 
   11832
   30233
The current arm is 1 with vector {0:0.7775365533869848,1:0.8264235518211515,2:0.7004562088084527,3:0.04894448910180671,4:0.17077297449088846,5:0.07270455195285852,6:0.05162658116727503,7:0.19932898073578498,8:0.7227454775954082,9:0.6080546006324282,10:0.3629523866621879,11:0.7151609738663876,12:0.032620546639207104,13:0.8667333629471732,14:0.6992921078466156,15:0.28409382756954726,16:0.8250915076765092,17:0.40342534387621465,18:0.5461838133582773,19:0.07383310019707046,20:0.8274194638526705,21:0.3410108759785274,22:0.3793885855595621,23:0.833548859711198,24:0.9878507221172962,25:0.13390460331071785,26:0.19901751610105511,27:0.42829537724794087,28:0.14216893470462288,29:0.579986899673857,30:0.2155539704749213,31:0.7172964933518358,32:0.33289537269919334,33:0.01999105116849853,34:0.5206518230079288,35:0.2628772710089622,36:0.05388954498057197,37:0.24472847086737748,38:0.12505470156288956,39:0.4418713822335829,40:0.7800524157998718} with alpha 11.0 and beta 56.0
The order information:
Date: 2012-05-10T17:54:43.000+02:00
It predicted these items for order 1779917 :
   31560 with score of 1.0774366043918515
   752 with score of 0.9480268922639813
   27900 with score of 0.9174446148174241
   748 with score of 0.9149776218944893
   20430 with score of 0.9067226120598172
   5003 with score of 0.9052543779676712
   21714 with score of 0.9028083568868074
   16520 with score of 0.8993688012254145
   26598 with score of 0.8993688012254145
   27408 with score of 0.89918559444165
These are the actual items bought: 
   30342
   23374
   32289
The current arm is 29 with vector {0:0.9470969396208002,1:0.1109729522998697,2:0.9237656316727375,3:0.801355579756699,4:0.17350987703265497,5:0.16529500297721045,6:0.37310685700016055,7:0.8225208989849859,8:0.08979045793843798,9:0.01789545525396785,10:0.5256195507215259,11:0.5888854369380833,12:0.6469089470578926,13:0.9577873602120197,14:0.9884257259562528,15:0.418974132093614,16:0.0892859897643995,17:0.5464197672627497,18:0.5338363548394413,19:0.5909408226908,20:0.7972606404524939,21:0.9443280213892187,22:0.5399280650216765,23:0.6287816310031992,24:0.479085214129379,25:0.36831039122424125,26:0.6017875744544045,27:0.7983532991681643,28:0.8077547964846272,29:0.549133816003347,30:0.06169258463677607,31:0.48611031168139696,32:0.8688237967222227,33:0.7233509370560491,34:0.5707830834374836,35:0.390784245533517,36:0.5824429779718865,37:0.20410211413633883,38:0.7212998880284682,39:0.07425060400133365,40:0.9012694812093538} with alpha 17.0 and beta 82.0
The order information:
Date: 2012-05-11T22:39:32.000+02:00
It predicted these items for order 1780921 :
   31560 with score of 2.942726498296072
   752 with score of 2.4230894958591134
   748 with score of 2.3176411026119634
   27900 with score of 2.1623852998464623
   20430 with score of 2.1453311893570923
   21714 with score of 2.1415126033040703
   29669 with score of 2.120755050924147
   5003 with score of 2.120685760599688
   27576 with score of 2.1084494558120515
   23467 with score of 2.0762338393944297
These are the actual items bought: 
   31776
The current arm is 41 with vector {0:0.39657584934389245,1:0.021232690725636494,2:0.7318480015686107,3:0.45196248928296845,4:0.8018451057804389,5:0.15640760524660569,6:0.029269008626756743,7:0.4932139163125394,8:0.6346995245303152,9:0.3261937219158858,10:0.6536344305933542,11:0.13885184112501214,12:0.45943161957381484,13:0.09454541348989598,14:0.35743372529857054,15:0.8868835005560001,16:0.8073828771071427,17:0.5226297340262318,18:0.3536310678840977,19:0.029911446389866092,20:0.8813206961368147,21:0.5962352348551776,22:0.16766621147936522,23:0.7347359182558489,24:0.9128565399808994,25:0.933260543895851,26:0.35599076855475,27:0.8090113417745662,28:0.16315315499543181,29:0.5089637182737395,30:0.9872994275957542,31:0.9499876718565661,32:0.5479083709206874,33:0.4292128091205276,34:0.925391393806238,35:0.7253026521771072,36:0.9400983513684251,37:0.6348436713506324,38:0.6885375096958785,39:0.182746557670331,40:0.8773492603459454} with alpha 45.0 and beta 198.0
The order information:
Date: 2012-05-13T15:53:25.000+02:00
It predicted these items for order 1781930 :
   31560 with score of 1.3728007561120559
   748 with score of 1.09701119848924
   752 with score of 1.091823129414139
   20430 with score of 1.042541279277374
   27900 with score of 1.0367900439127324
   5003 with score of 1.029755686649455
   21714 with score of 1.0264900820699403
   29669 with score of 1.0062627240018776
   21625 with score of 1.005942335623593
   31865 with score of 1.005942335623593
These are the actual items bought: 
   2084
   29003
   31950
   20990
   31940
   30573
   20678
   30195
   25363
   27900
The current arm is 16 with vector {0:0.6930146075486416,1:0.508025597152009,2:0.43331179520970464,3:0.004876305299243322,4:0.9594473298437353,5:0.6286037402649713,6:0.3744457356900287,7:0.5689028743161562,8:0.8453175906335623,9:0.6452726342804792,10:0.5926195069193873,11:0.6219203271943704,12:0.47024477981296986,13:0.5690660181689191,14:0.5860857354226797,15:0.32630942677031494,16:0.9982864184703704,17:0.4466144712315727,18:0.2613606132643064,19:0.4283798909981772,20:0.5533334781469432,21:0.4557527061494686,22:0.5830677904200545,23:0.7189329706918505,24:0.4215889810226984,25:0.5748297245927002,26:0.1418296140353975,27:0.4537888161060947,28:0.39542480196737595,29:0.21544369983781608,30:0.048031142782533176,31:0.22654562850224302,32:0.3575325500530221,33:0.7576448572083597,34:0.2997350527193001,35:0.6034883318854322,36:0.6857005025387705,37:0.40474495829042123,38:0.26171868202011905,39:0.9147140905184553,40:0.2467492370118225} with alpha 6.0 and beta 46.0
The order information:
Date: 2012-05-14T16:46:54.000+02:00
It predicted these items for order 1782931 :
   31560 with score of 1.6118962722915662
   748 with score of 1.3586670039796565
   21671 with score of 1.3466175631477146
   31434 with score of 1.330521265974548
   2951 with score of 1.3276451139304826
   28144 with score of 1.3276451139304826
   21533 with score of 1.3270698835216694
   25390 with score of 1.3270698835216694
   29703 with score of 1.3270698835216694
   30483 with score of 1.3270698835216694
These are the actual items bought: 
   32564
The current arm is 0 with vector {0:0.3092285727772214,1:0.25876351043541135,2:0.5310184936882026,3:0.579305383991361,4:0.8957427983337696,5:0.8173843782015306,6:0.2763853478852899,7:0.538919811600828,8:0.8187428182251013,9:0.646348823168806,10:0.0316758150579497,11:0.8132131174202893,12:0.5014013996608429,13:0.12615351979039868,14:0.7820605436541297,15:0.03965993189984551,16:0.2785780680114801,17:0.49751067432675566,18:0.40874650542195523,19:0.6468341433211033,20:0.20467773924228905,21:0.19567073391395273,22:0.0423547824375885,23:0.14277228896455285,24:0.811200683797989,25:0.7024658274264017,26:0.7803742335380329,27:0.09033277047418209,28:0.5604050208044551,29:0.2721196261076788,30:0.23399133534605066,31:0.13858573648986783,32:0.8912277902209949,33:0.886782629845144,34:0.2490702039813495,35:0.38194821145857016,36:0.9674863452576113,37:0.5446605181694678,38:0.9322263358141257,39:0.7497742072810964,40:0.9256299066338204} with alpha 3.0 and beta 39.0
The order information:
Date: 2012-05-15T15:02:20.000+02:00
It predicted these items for order 1783936 :
   21671 with score of 1.7212148024526115
   31434 with score of 1.7097250339420664
   29461 with score of 1.7078303934054253
   2951 with score of 1.707005963247814
   28144 with score of 1.707005963247814
   21533 with score of 1.7064621491089635
   25390 with score of 1.7064621491089635
   29703 with score of 1.7064621491089635
   30483 with score of 1.7064621491089635
   30823 with score of 1.7064621491089635
These are the actual items bought: 
   12096
The arm 0 has vector {0:0.3092285727772214,1:0.25876351043541135,2:0.5310184936882026,3:0.579305383991361,4:0.8957427983337696,5:0.8173843782015306,6:0.2763853478852899,7:0.538919811600828,8:0.8187428182251013,9:0.646348823168806,10:0.0316758150579497,11:0.8132131174202893,12:0.5014013996608429,13:0.12615351979039868,14:0.7820605436541297,15:0.03965993189984551,16:0.2785780680114801,17:0.49751067432675566,18:0.40874650542195523,19:0.6468341433211033,20:0.20467773924228905,21:0.19567073391395273,22:0.0423547824375885,23:0.14277228896455285,24:0.811200683797989,25:0.7024658274264017,26:0.7803742335380329,27:0.09033277047418209,28:0.5604050208044551,29:0.2721196261076788,30:0.23399133534605066,31:0.13858573648986783,32:0.8912277902209949,33:0.886782629845144,34:0.2490702039813495,35:0.38194821145857016,36:0.9674863452576113,37:0.5446605181694678,38:0.9322263358141257,39:0.7497742072810964,40:0.9256299066338204} with alpha 3.0 and beta 43.0, percentage 4.545454545454546
The arm 1 has vector {0:0.7775365533869848,1:0.8264235518211515,2:0.7004562088084527,3:0.04894448910180671,4:0.17077297449088846,5:0.07270455195285852,6:0.05162658116727503,7:0.19932898073578498,8:0.7227454775954082,9:0.6080546006324282,10:0.3629523866621879,11:0.7151609738663876,12:0.032620546639207104,13:0.8667333629471732,14:0.6992921078466156,15:0.28409382756954726,16:0.8250915076765092,17:0.40342534387621465,18:0.5461838133582773,19:0.07383310019707046,20:0.8274194638526705,21:0.3410108759785274,22:0.3793885855595621,23:0.833548859711198,24:0.9878507221172962,25:0.13390460331071785,26:0.19901751610105511,27:0.42829537724794087,28:0.14216893470462288,29:0.579986899673857,30:0.2155539704749213,31:0.7172964933518358,32:0.33289537269919334,33:0.01999105116849853,34:0.5206518230079288,35:0.2628772710089622,36:0.05388954498057197,37:0.24472847086737748,38:0.12505470156288956,39:0.4418713822335829,40:0.7800524157998718} with alpha 34.0 and beta 214.0, percentage 13.414634146341465
The arm 2 has vector {0:0.04682030548556804,1:0.03183665328231178,2:0.12774671789892444,3:0.0331742461081137,4:0.5786240367771306,5:0.25868304042079826,6:0.9248366225589115,7:0.979784679581512,8:0.4534193698766944,9:0.8329396671167006,10:0.4403381216063833,11:0.8202711600281362,12:0.29071663420356086,13:0.00510710764107003,14:0.2345902054341975,15:0.4140673445205302,16:0.7768533884699523,17:0.811633345486113,18:0.46947844433738084,19:0.2978180690324901,20:0.007630553669758844,21:0.34703037711941376,22:0.18699283064531136,23:0.41466549803302777,24:0.20588538744355256,25:0.8500280009726006,26:0.5724474683988604,27:0.8702867189393297,28:0.7568780433369243,29:0.42972354291237513,30:0.05281876852288503,31:0.4566066503352324,32:0.656764138748111,33:0.8467860357615189,34:0.030072761981571272,35:1.4468251129828857E-4,36:0.6469666763425361,37:0.3097364288591755,38:0.6047308022665969,39:0.4325130001600034,40:0.8111708822714414} with alpha 43.0 and beta 261.0, percentage 13.90728476821192
The arm 3 has vector {0:0.9262808978825459,1:0.5396331232196561,2:0.60717482686057,3:0.8328732191699266,4:0.9741819848622747,5:0.5645719842499592,6:0.6124568033763027,7:0.7039947005876045,8:0.10090391246872499,9:0.9019277630285591,10:0.7287748259287798,11:0.46386010761418794,12:0.3808103562540328,13:0.3108461102878399,14:0.39746720400182145,15:0.5255490316487694,16:0.38285085784531203,17:0.33617672829823797,18:0.9289778236522837,19:0.6911432101768045,20:0.25870011781818236,21:0.3839078527682438,22:0.615381586752273,23:0.973125447959342,24:0.8254403211992717,25:0.3312652278966094,26:0.802150671362341,27:0.6910477327049586,28:0.9463383389929155,29:0.6257875298051864,30:0.022775669935467757,31:0.45216446022000867,32:0.128421983783381,33:0.9086166026694219,34:0.38970393015490445,35:0.3522430395762425,36:0.19036192169307387,37:0.17220543214362394,38:0.8609266411161077,39:0.86835418573833,40:0.2968400659000674} with alpha 3.0 and beta 46.0, percentage 4.25531914893617
The arm 4 has vector {0:0.6165144345629445,1:0.5952372099897204,2:0.04496878579045427,3:0.4723668705257007,4:0.9520620964884245,5:0.3325371572078256,6:0.5753637554784257,7:0.38738068317407504,8:0.20667893854851305,9:0.19845518849367605,10:0.987968753170144,11:0.16683045641286454,12:0.9272695902860965,13:0.8063196408338993,14:0.6125118897882595,15:0.09000491057813531,16:0.6200245462798062,17:0.4324156539114551,18:0.9627634359663079,19:0.6093643834917294,20:0.22284526910370472,21:0.2857860096896997,22:0.9539739314681902,23:0.930997405068601,24:0.3030159898708308,25:0.23431335767746952,26:0.19543919975518675,27:0.69512736023553,28:0.5516268446892787,29:0.8753894040200835,30:0.42272271531392436,31:0.3250499733031613,32:0.806459163244791,33:0.9996733382178042,34:0.24366489915865897,35:0.4524791709904771,36:0.9246234409226965,37:0.17775916133096936,38:0.28245126967883094,39:0.25099473988362075,40:0.4257155405738362} with alpha 2.0 and beta 40.0, percentage 2.5
The arm 5 has vector {0:0.9861887949290876,1:0.2410671116821289,2:0.12617989927837536,3:0.40650656606187185,4:0.8739527117210725,5:0.855132059684392,6:0.8477805434655281,7:0.07894587286133403,8:0.7102782883339748,9:0.9564094568391173,10:0.7608083298473014,11:0.44052401875265923,12:0.23211772214996118,13:0.15814375960008897,14:0.7802748357731816,15:0.15566015168507907,16:0.3856356864425119,17:0.4625447667127591,18:0.1432861877183581,19:0.9976827075755648,20:0.35321682744046545,21:0.5949363659362844,22:0.15541163249767487,23:0.381579985912727,24:0.1326893687127655,25:0.47752435565562357,26:0.28533018789907416,27:0.9147132792849924,28:0.3822176146918912,29:0.9605450381925807,30:0.01835291215543844,31:0.8053186295343695,32:0.5033388665879786,33:0.2549553528321935,34:0.45856820650273367,35:0.5687914639074083,36:0.61147947778861,37:0.3296601178429289,38:0.15313787552384317,39:0.6741879821927843,40:0.4887246831946719} with alpha 10.0 and beta 90.0, percentage 9.183673469387756
The arm 6 has vector {0:0.5794427585968471,1:0.5504084200318512,2:0.6603498036736901,3:0.701855906260311,4:0.12511384883794663,5:0.1902306930718074,6:0.4829570844384625,7:0.6322577774927347,8:0.4088895044717671,9:0.10009994459434579,10:0.7993938062800184,11:0.45106262782122464,12:0.8553208535703741,13:0.8904791288384429,14:0.8475209869624641,15:0.2854667865187068,16:0.9847129739630246,17:0.22867861112319265,18:0.6910688251958182,19:0.16809796860438564,20:0.4178592770059737,21:0.44365224796357616,22:0.48590817968122213,23:0.19046286337948926,24:0.22532285592835488,25:0.5757037367414513,26:0.05503752390545713,27:0.32667053658155887,28:0.16165400550649933,29:0.22714901958288702,30:0.8189098163066811,31:0.09808243835329178,32:0.9229819301538322,33:0.904235567278866,34:0.0027830456786658297,35:0.8194124149922498,36:0.5201160468983365,37:0.03427311625660112,38:0.009847988573064903,39:0.4506606174137834,40:0.9604355065578054} with alpha 19.0 and beta 140.0, percentage 11.464968152866243
The arm 7 has vector {0:0.6678348660766199,1:0.06689924473687292,2:0.05973510373279867,3:0.27213838830631565,4:0.4109215786342538,5:0.12112992978924086,6:0.4863228769350161,7:0.8956068013506303,8:0.4981751466244917,9:0.8617270438857565,10:0.4591290069122801,11:0.15166954873866156,12:0.0391856365074198,13:0.7007677465235197,14:0.22963526099444853,15:0.6209250546633003,16:0.4506510014602235,17:0.8964864321108669,18:0.2638113399770877,19:0.33954558269597956,20:0.5717845145988913,21:0.8059800349214242,22:0.6537494466832813,23:0.7789739765439104,24:0.9109778260475583,25:0.3857533337841711,26:0.6360369044056196,27:0.2984717155531894,28:0.8007864712848599,29:0.18440513383502233,30:0.7797121920035073,31:0.9927639455416513,32:0.4994225465899357,33:0.6170483942699269,34:0.9366645284052386,35:0.9277132049666945,36:0.6480608298742695,37:0.353254120459085,38:0.3305755755788099,39:0.7208582601535893,40:0.7831349400508759} with alpha 46.0 and beta 233.0, percentage 16.24548736462094
The arm 8 has vector {0:0.39021190237885484,1:0.8702523717365506,2:0.6310720470860066,3:0.5655889250118235,4:0.29779882232566246,5:0.05826516217983779,6:0.679567595213862,7:0.8089203038811927,8:0.6760945624500373,9:0.3856857285282653,10:0.5141911191026738,11:0.093481131534071,12:0.39137312531896695,13:0.43460138125351166,14:0.12732863372544712,15:0.296273905337582,16:0.9254000137450369,17:0.5591649070717204,18:0.8024019313782473,19:0.9326376409794345,20:0.711489149257704,21:0.036846946413549464,22:0.08478965534040817,23:0.6326725532193327,24:0.8439462896804993,25:0.8196644967243847,26:0.845876740542769,27:0.21203270630416593,28:0.5667079629596932,29:0.46129427705802384,30:0.4597929308727048,31:0.3172218085514179,32:0.2836269944517983,33:0.6850923259270818,34:0.3438461627652709,35:0.3124529925452687,36:0.1495237654067718,37:0.5625943312610069,38:0.5799699116125425,39:0.46050499276739554,40:0.963768174791373} with alpha 140.0 and beta 707.0, percentage 16.449704142011832
The arm 9 has vector {0:0.9792301723573266,1:0.08539220287143634,2:0.6067865958419766,3:0.14895498395163198,4:0.742792022919498,5:0.4679663859997867,6:0.1735360372948781,7:0.0047997825008880834,8:0.1036749729128682,9:0.8006249644568826,10:0.3138339277073079,11:0.4916493705884636,12:0.0059920749805950635,13:0.12398087052688433,14:0.6798392516193575,15:0.43787980932185855,16:0.7321842673174301,17:0.8513268980629215,18:0.1808274086195233,19:0.010343947920545271,20:0.42032488343193797,21:0.5013050582350482,22:0.2782811940235387,23:0.6106397019468153,24:0.46590149566857986,25:0.19080086772760074,26:0.2599480657167189,27:0.8790454202511658,28:0.12029365231582978,29:0.605006216035525,30:0.8732424377128407,31:0.6952150942622524,32:0.5589618580319705,33:0.7770011638384653,34:0.4266946817457322,35:0.22356286702313544,36:0.6858167292778474,37:0.8748690937740259,38:0.6680385587190378,39:0.8078798293229248,40:0.7890508308270949} with alpha 1.0 and beta 30.0, percentage 0.0
The arm 10 has vector {0:0.8551914434044244,1:0.1432245854606149,2:0.786072046990194,3:0.1449114311726445,4:0.3079510007936722,5:0.3012781641183957,6:0.2153845615393596,7:0.35019239842215333,8:0.2765666226939103,9:0.37284806028936623,10:0.5558525830939387,11:0.29849444129424685,12:0.011804060605682842,13:0.46780019385301386,14:0.8434751313833978,15:0.6489502534100333,16:0.5481249810114087,17:0.28159489518812064,18:0.8275154342587769,19:0.6561342503700658,20:0.852678798654367,21:0.5709182377951681,22:0.8700364725309633,23:0.6994724354427547,24:0.11938187707462611,25:0.546497598209185,26:0.3397169165263585,27:0.41068527659911125,28:0.6948102442163162,29:0.42853329228428305,30:0.5749483054478761,31:0.6576261768818085,32:0.736613969414154,33:0.26181571297822204,34:0.2187806574067449,35:0.8389288613792746,36:0.8861302548533254,37:0.8174382450764183,38:0.5680163281648487,39:0.410862907508482,40:0.3902465433947001} with alpha 1.0 and beta 30.0, percentage 0.0
The arm 11 has vector {0:0.3432113066155388,1:0.5022832009065104,2:0.8092940104437216,3:0.5582338584971559,4:0.26043715542541346,5:0.9506965306852063,6:0.00964269635099857,7:0.7229331910228396,8:0.2618206708126606,9:0.604809300408248,10:0.2918079557559726,11:0.5079862719774838,12:0.47716253091765637,13:0.3176409512341649,14:0.9636129877165963,15:0.03586320704020918,16:0.7682367413966108,17:0.0029660556705009,18:0.931818058452067,19:0.665551110471878,20:0.9331533387546099,21:0.7149701200250849,22:0.16315341165913677,23:0.16741126091221037,24:0.8730637770576134,25:0.7649136536644666,26:0.6651249733795426,27:0.9506760814360457,28:0.7618981268177882,29:0.9736567107070189,30:0.4740876663097672,31:0.08156834773130806,32:0.4769390148012458,33:0.7861776118522494,34:0.15593905334864966,35:0.6841594026156499,36:0.17216355072899947,37:0.34389910266104873,38:0.7981956528337786,39:0.15250374143673784,40:0.4093138826458269} with alpha 1.0 and beta 31.0, percentage 0.0
The arm 12 has vector {0:0.3386986948429712,1:0.6336398623945818,2:0.23630387916101614,3:0.9843831537401628,4:0.5956526904267861,5:0.3056273051842482,6:0.6041145345340786,7:0.10849961076791936,8:0.7268540094383311,9:0.7275431516437948,10:0.7397777056421642,11:0.18932380801865056,12:0.6089331860591387,13:0.8484121859601985,14:0.1463180545900079,15:0.021111737261565233,16:0.11042840873831528,17:0.9222699723643439,18:0.7254011111116861,19:0.36745238868560626,20:0.61415728334419,21:0.8659726350359658,22:0.5506546693230779,23:0.3219175674959166,24:0.30412279879285153,25:0.16083241155730288,26:0.9362041305529717,27:0.14644945346574711,28:0.6054825961466267,29:0.1658197885545576,30:0.9837351066518458,31:0.07078160506743825,32:0.09093462557362597,33:0.1382126936537026,34:0.8539526846119262,35:0.5664091926891656,36:0.23016045958454878,37:0.1298661222848374,38:0.6531285747885691,39:0.12327434005974791,40:0.4754562103096234} with alpha 3.0 and beta 43.0, percentage 4.545454545454546
The arm 13 has vector {0:0.8473461519033437,1:0.40642137368306674,2:0.9284221027692292,3:0.5679319597285286,4:0.3490353928522014,5:0.7381792805025539,6:0.09714524435864136,7:0.40870350001395683,8:0.2980794398551492,9:0.294667313364524,10:0.6795121959325348,11:0.030078897896499757,12:0.5196415813397071,13:0.26283703193608243,14:0.45963220699128216,15:0.8358980733478683,16:0.14015377471346646,17:0.5353263041040986,18:0.7843042380126795,19:0.6622674057183529,20:0.8967537048437627,21:0.7139831429624747,22:0.12747342037218823,23:0.8520214243276059,24:0.8067048838535096,25:0.4163677067063679,26:0.7521020312389325,27:0.3845689897761595,28:0.1371362043671448,29:0.5597014614969069,30:0.2383592004484384,31:0.48800443190472587,32:0.2818324028249475,33:0.8415025689433118,34:0.1473798779382841,35:0.013519059432149816,36:0.611223320378264,37:0.4598029297549474,38:0.8954796519443242,39:0.798130371065746,40:0.42464151310667153} with alpha 1.0 and beta 30.0, percentage 0.0
The arm 14 has vector {0:0.0767586451075577,1:0.5883396227087405,2:0.8876528417841083,3:0.8115950246558936,4:0.4010799337894778,5:0.20482626319248487,6:0.6408119286341055,7:0.7440137898933618,8:0.8542657413037532,9:0.6959665163139044,10:0.9881222593925058,11:0.8820859459625612,12:0.5354313030394232,13:0.23272380747413102,14:0.9268179653844899,15:0.8790249516471484,16:0.22041109643608903,17:0.27289157458153357,18:0.8685048348816455,19:0.6314048897637883,20:0.7774157744248502,21:0.2858988362408337,22:0.43473711947291505,23:0.3396426586035237,24:0.4190806180009964,25:0.6934226993584361,26:0.09266062794136865,27:0.722409539863265,28:0.47228011876298726,29:0.8209913014434473,30:0.5741586062033948,31:0.9355326455387699,32:0.7064378262160799,33:0.005679017216198123,34:0.6045787948648131,35:0.6255537286862886,36:0.5334265251996946,37:0.43389372884097754,38:0.16940906024527613,39:0.34505758437802203,40:0.5183332565575323} with alpha 25.0 and beta 172.0, percentage 12.307692307692308
The arm 15 has vector {0:0.4676231249232897,1:0.49657606700099144,2:0.7024383395673934,3:0.7353912360232249,4:0.285461604655999,5:0.09104458580677133,6:0.8555841130916635,7:0.6206134824912017,8:0.3385739715468312,9:0.43378947636965826,10:0.5810324035383724,11:0.12929525210538206,12:0.6869737030309679,13:0.7995916709861728,14:0.5059624128791592,15:0.25451941091304897,16:0.9391108893466885,17:0.8742095104052972,18:0.5723549242501957,19:0.9332806286545241,20:0.1777063321829493,21:0.816303590741183,22:0.46925333371576206,23:0.5002126823360509,24:0.6406741058238824,25:0.4015965388505315,26:0.6816662358628962,27:0.08798882949541043,28:0.5189840197321989,29:0.5180789198111108,30:0.4236602426556223,31:0.35498892863591147,32:0.9574607902493181,33:0.08165372887147304,34:0.28296627603876623,35:0.920805365021909,36:0.07290172586994148,37:0.2563606598292988,38:0.5877227823159152,39:0.8176803447818191,40:0.3684287444039208} with alpha 11.0 and beta 91.0, percentage 10.0
The arm 16 has vector {0:0.6930146075486416,1:0.508025597152009,2:0.43331179520970464,3:0.004876305299243322,4:0.9594473298437353,5:0.6286037402649713,6:0.3744457356900287,7:0.5689028743161562,8:0.8453175906335623,9:0.6452726342804792,10:0.5926195069193873,11:0.6219203271943704,12:0.47024477981296986,13:0.5690660181689191,14:0.5860857354226797,15:0.32630942677031494,16:0.9982864184703704,17:0.4466144712315727,18:0.2613606132643064,19:0.4283798909981772,20:0.5533334781469432,21:0.4557527061494686,22:0.5830677904200545,23:0.7189329706918505,24:0.4215889810226984,25:0.5748297245927002,26:0.1418296140353975,27:0.4537888161060947,28:0.39542480196737595,29:0.21544369983781608,30:0.048031142782533176,31:0.22654562850224302,32:0.3575325500530221,33:0.7576448572083597,34:0.2997350527193001,35:0.6034883318854322,36:0.6857005025387705,37:0.40474495829042123,38:0.26171868202011905,39:0.9147140905184553,40:0.2467492370118225} with alpha 9.0 and beta 84.0, percentage 8.791208791208792
The arm 17 has vector {0:0.8889351662016245,1:0.07071033994690046,2:0.6233199116975727,3:0.5204466373628321,4:0.6143375253203892,5:0.10585098839494933,6:0.604890914104052,7:0.6405907906460315,8:0.2597420613386048,9:0.7460296576216994,10:0.27939445248351735,11:0.12704502100743686,12:0.5427421128039687,13:0.8356530368348417,14:0.9748977441564652,15:0.5160163043242418,16:0.3277959537104074,17:0.16106478764467802,18:0.752655877006842,19:0.11648085576013123,20:0.7849364691133589,21:0.9947370545926039,22:0.772694860020735,23:0.6025224067714862,24:0.6890205315641943,25:0.5489732359274836,26:0.48594978074780903,27:0.5231137012691476,28:0.8063013889893806,29:0.6288830818410487,30:0.698996105334096,31:0.9310871748784133,32:0.37199090391640766,33:0.3742311355140233,34:0.5008302130584091,35:0.07869717630703077,36:0.280039852253789,37:0.17057929929338367,38:0.925007052576559,39:0.9903552295785077,40:0.1316866663751065} with alpha 23.0 and beta 147.0, percentage 13.095238095238097
The arm 18 has vector {0:0.5014891625926763,1:0.5928363675826005,2:0.44986735985891535,3:0.6883697856818127,4:0.40950776696107505,5:0.89080389003075,6:0.11215265912983996,7:0.16555569705951612,8:0.5899006092720928,9:0.6021189328464924,10:0.8385312235281821,11:0.26770593463077486,12:0.827689185902015,13:0.2844662026292044,14:0.0980846535333394,15:0.12031504018693717,16:0.9405865578627156,17:0.3538727795020429,18:0.17469477005589729,19:0.9444697194122144,20:0.2701117970528135,21:0.6669828952605293,22:0.7778965283042686,23:0.8609393357812678,24:0.9443961832180985,25:0.43947096404660957,26:0.1674978682814905,27:0.31981395859650796,28:0.8694174947611751,29:0.44994304517639816,30:0.7586779452404147,31:0.8780677813157453,32:0.1728397899985672,33:0.30880972424762276,34:0.4101163344269302,35:0.9470837875939186,36:0.7315379824109003,37:0.13528261822262233,38:0.9875884258985417,39:0.9222828913949177,40:0.5749227527744925} with alpha 1.0 and beta 30.0, percentage 0.0
The arm 19 has vector {0:0.0549881925467498,1:0.3239318621082584,2:0.01806778179343127,3:0.6308455001830848,4:0.6640662897384751,5:0.9179809051951815,6:0.07960165543523012,7:0.5732948763189046,8:0.3452332495671143,9:0.2369128973225898,10:0.8959826409791368,11:0.4409958165632497,12:0.41989176555512164,13:0.8343163715766174,14:0.963134261231656,15:0.8689770077916487,16:0.7642888874368494,17:0.3237261797783938,18:0.02461717999920221,19:0.9858074189455337,20:0.6454275919016953,21:0.5709130392988727,22:0.7183417182354997,23:0.8644490745643468,24:0.7650236014441776,25:0.5132530739883447,26:0.47465648176120967,27:0.11352812628947262,28:0.6259201899851917,29:0.7076667074253208,30:0.08922122405817723,31:0.030239656534270853,32:0.13240779903237343,33:0.42069884074679187,34:0.8298913665790447,35:0.268885721966595,36:0.06480200420787063,37:0.3821047151473195,38:0.007369429204265865,39:0.3639022072013498,40:0.4705805877225371} with alpha 1.0 and beta 31.0, percentage 0.0
The arm 20 has vector {0:0.09263785285497428,1:0.5052798051752347,2:0.8823147530690665,3:0.7400058165504084,4:0.6835727332772588,5:0.09873495599324467,6:0.36860817823804437,7:0.8156059783530352,8:0.5536227308016465,9:0.31939631306832195,10:0.3871172084427287,11:0.1199893511326574,12:0.8637052676094416,13:0.04887442914872808,14:0.4859653849123018,15:0.9801836506787925,16:0.4229096698166389,17:0.8785204416061416,18:0.42364500605055566,19:0.13475660465610884,20:0.027330507169903928,21:0.25643992121194414,22:0.16034593365993965,23:0.8212878515707269,24:0.7317690449940077,25:0.02008276519348684,26:0.04122191201886849,27:0.973725587706582,28:0.36481384184380217,29:0.009659906057894019,30:0.0779648334740407,31:0.5205600713184574,32:0.9685045141571663,33:0.24651964112120384,34:0.7627072749030632,35:0.18989364049014568,36:0.9623795386646463,37:0.19571263609626854,38:0.3070081808176436,39:0.6144595552488501,40:0.33546959282237965} with alpha 36.0 and beta 209.0, percentage 14.40329218106996
The arm 21 has vector {0:0.05177887176341045,1:0.12645877535465067,2:0.2131991719348305,3:0.6221494452502858,4:0.21301896874023185,5:0.8989203470305983,6:0.7921639335936735,7:0.3815430408542845,8:0.9497965472477008,9:0.5715342431176884,10:0.8309579577725864,11:0.965197618710684,12:0.8209748687981739,13:0.308951771587743,14:0.9884746830205345,15:0.7732575501883174,16:0.4132141861795907,17:0.3814582251792299,18:0.9822715553448276,19:0.7977178436504253,20:0.48447515456780943,21:0.4697968927721923,22:0.41735617323092256,23:0.3131030349036381,24:0.47593797844290053,25:0.524906274367312,26:0.9901274739920437,27:0.6025694228939047,28:0.08873117488282611,29:0.3870759444213354,30:0.7454028132282593,31:0.5275575288485761,32:0.35048199905767763,33:0.8655421661824811,34:0.06590002340351753,35:0.07728319063558142,36:0.046571236318243114,37:0.9436982675300245,38:0.9127031984579395,39:0.9713687052891697,40:0.7714774392852121} with alpha 4.0 and beta 49.0, percentage 5.88235294117647
The arm 22 has vector {0:0.008974465109183871,1:0.1356879692714169,2:0.8204958800926778,3:0.8321056928418609,4:0.7886796146356986,5:0.06824559050084422,6:0.7423147686114112,7:0.06980724628346435,8:0.919520223490577,9:0.8161722548005504,10:0.6150371385498019,11:0.4805678189412327,12:0.7334979462527296,13:0.5720358232785393,14:0.7012505269695434,15:0.8811772782540538,16:0.28240618716474597,17:0.3420434960548272,18:0.4679734433446653,19:0.2105644724952216,20:0.13996619066043814,21:0.49878018441923955,22:0.780292903836233,23:0.47677849954411045,24:0.9956208634020143,25:0.7909315191492812,26:0.34255715634574346,27:0.3276789716699443,28:0.49497362659204025,29:0.4919015974279737,30:0.9818170009470022,31:0.851449969972743,32:0.6981311388474183,33:0.337833232534166,34:0.7392948627884701,35:0.03940968059378058,36:0.6358782039556077,37:0.4019485849041101,38:0.43548913769262887,39:0.6665276134717009,40:0.6438041969137955} with alpha 1.0 and beta 31.0, percentage 0.0
The arm 23 has vector {0:0.9841722861693079,1:0.2639562878008319,2:0.865602682657694,3:0.5761151408248596,4:0.05559029917531788,5:0.9114467620341152,6:0.3819536862693018,7:0.18796598281731447,8:0.3236161279557288,9:0.9482216268878924,10:0.44879422432838156,11:0.08717415240210946,12:0.4586672661262158,13:0.07734035100370551,14:0.6269867893595381,15:0.10663745325117335,16:0.3191470482264638,17:0.2977598361424266,18:0.0957087309113156,19:0.510617660862233,20:0.7760755317743121,21:0.7729776744557908,22:0.9627972517328026,23:0.5734405415077845,24:0.8860153677698803,25:0.20386348413359345,26:0.7895004426250752,27:0.4351401537598788,28:0.38461698388705623,29:0.9795041762440879,30:0.1300491397057194,31:0.8859216601061758,32:0.3674387318268816,33:0.27059699914797875,34:0.012704697486237482,35:0.4127982044182178,36:0.032968570906743655,37:0.10199969431911915,38:0.9308301586862474,39:0.5064776697624404,40:0.2815536587548657} with alpha 3.0 and beta 42.0, percentage 4.651162790697675
The arm 24 has vector {0:0.07604030386630789,1:0.6382254028571828,2:0.6203968618088598,3:0.30380781858388795,4:0.18709445904380972,5:0.3795463357027412,6:0.7848844653394531,7:0.730280311363513,8:0.261298102680231,9:0.48436794365583646,10:0.7948627210283218,11:0.37139759507819636,12:0.524875347060893,13:0.1641847328599455,14:0.16636463980701244,15:0.9090684464442598,16:0.7776991925415716,17:0.31444700506055023,18:0.7548845053800198,19:0.7452992414719855,20:0.0355599718171119,21:0.5088569582157634,22:0.680381610804453,23:0.22132624729472727,24:0.9442730141729763,25:0.8261137957599104,26:0.48321439773265795,27:0.579843714760934,28:0.7267988777459011,29:0.25933662339072094,30:0.18984836741769606,31:0.2941462475948584,32:0.6746104985815273,33:0.08869292372270954,34:0.7690545501663973,35:0.1184761584351548,36:0.04721015878485746,37:0.38245109473199657,38:0.02107462347846223,39:0.8244396797019966,40:0.13888990690333036} with alpha 8.0 and beta 80.0, percentage 8.13953488372093
The arm 25 has vector {0:0.524921805971399,1:0.5398378609394248,2:0.03234390104466356,3:0.21119920196380126,4:0.3132612965511655,5:0.7434525854692341,6:0.17663060598523583,7:0.6943358192981824,8:0.2981575922771117,9:0.06647058910185333,10:0.5884699346157402,11:0.3617402397893239,12:0.3452558223927611,13:0.5025596115577583,14:0.557629361485997,15:0.940819728845123,16:0.8023458980013636,17:0.4771410325677241,18:0.8537019003868473,19:0.714089281317453,20:0.06970017757345226,21:0.7762784643446299,22:0.8024572203941122,23:0.46504226039509233,24:0.7247714271283273,25:0.273637188612184,26:0.13445510362477298,27:0.1629087307543342,28:0.9669566903150938,29:0.646991157266107,30:0.8494657444286364,31:0.40123754682594737,32:0.14784221040767742,33:0.4275946763653621,34:0.10388997489092777,35:0.24838183266742353,36:0.40965486216368463,37:0.6176354156002609,38:0.9486927965083264,39:0.8807174555368158,40:0.09111502038516717} with alpha 2.0 and beta 41.0, percentage 2.4390243902439024
The arm 26 has vector {0:0.5765541506699907,1:0.2130758323677222,2:0.741172321051566,3:0.4319825262735827,4:0.6283917383686236,5:0.562528260322499,6:0.15225432223772495,7:0.9159803220249556,8:0.7423160972852214,9:0.7350067587110234,10:0.8881733099076815,11:0.05736545812688032,12:0.5507531202995606,13:0.04563474505131082,14:0.6833914975599007,15:0.6851353835478879,16:0.8782327891522902,17:0.05283424772050893,18:0.8541486751578291,19:0.5355626227642318,20:0.7765716619454609,21:0.9628959572774187,22:0.6777082142480424,23:0.9597351709211112,24:0.9765633768647248,25:0.1153313578137043,26:0.6100945019648845,27:0.20722411984195543,28:0.1309469171107316,29:0.9558626867994018,30:0.13275004766245957,31:0.030291144684573057,32:0.2872549286651037,33:0.8225575973717932,34:0.5949516299146363,35:0.35030779965931746,36:0.6040157826114246,37:0.6895420838959071,38:0.09596333151188086,39:0.3941129116343518,40:0.1564817926790043} with alpha 7.0 and beta 72.0, percentage 7.792207792207792
The arm 27 has vector {0:0.8814247931191362,1:0.8332194522155569,2:0.5690366306970551,3:0.032813324517261044,4:0.5414867176962127,5:0.9290659113161645,6:0.21815400609699653,7:0.3754674750095458,8:0.7727133897931012,9:0.09498264294698844,10:0.5239878616509258,11:0.5873308934402383,12:0.8660376480865015,13:0.8184118355197212,14:0.7628129682366611,15:0.7801296823178602,16:0.4805961905337368,17:0.8025434350144984,18:0.2209628242091397,19:0.9818008877512228,20:0.34024788016117224,21:0.16077460495317986,22:0.08920533753780979,23:0.6715005212107099,24:0.6538399550776013,25:0.8928315636973198,26:0.6899661408339761,27:0.49092489331721834,28:0.851589584112478,29:0.27535569995152764,30:0.83618211282216,31:0.3260238435213507,32:0.7018382752993164,33:0.5580102504258266,34:0.5157752710498792,35:0.31251073955897335,36:0.5360223927630502,37:0.8036474895655694,38:0.5036504297512757,39:0.053799665735061564,40:0.4989016408011925} with alpha 1.0 and beta 32.0, percentage 0.0
The arm 28 has vector {0:0.19800537208925206,1:0.5707244874011358,2:0.7908246590013289,3:0.20639144504453122,4:0.10151719867605546,5:0.49118303472997116,6:0.18453473458562575,7:0.35053283322003226,8:0.8460580684299209,9:0.9569777066014289,10:0.8631198953878437,11:0.42623307342826355,12:0.8557959234403106,13:0.007886035878711395,14:0.29898546686224947,15:0.6935285453182596,16:0.5011348210792992,17:0.14419557850803988,18:0.6415991509477716,19:0.6440513155263545,20:0.042506743154260396,21:0.672444800132086,22:0.8128115574548346,23:0.9181490439173848,24:0.3574687492063665,25:0.994378808711889,26:0.5994040572462527,27:0.9717386059633492,28:0.8875076276985278,29:0.8596284912812076,30:0.8572347948571745,31:0.5160393488156964,32:0.7125212929614229,33:0.9944755793637499,34:0.24407671742378356,35:0.76209562228259,36:0.37788561631769757,37:0.40557348679566185,38:0.07776740301571028,39:0.4520189087366464,40:0.10840674105546966} with alpha 6.0 and beta 67.0, percentage 7.042253521126761
The arm 29 has vector {0:0.9470969396208002,1:0.1109729522998697,2:0.9237656316727375,3:0.801355579756699,4:0.17350987703265497,5:0.16529500297721045,6:0.37310685700016055,7:0.8225208989849859,8:0.08979045793843798,9:0.01789545525396785,10:0.5256195507215259,11:0.5888854369380833,12:0.6469089470578926,13:0.9577873602120197,14:0.9884257259562528,15:0.418974132093614,16:0.0892859897643995,17:0.5464197672627497,18:0.5338363548394413,19:0.5909408226908,20:0.7972606404524939,21:0.9443280213892187,22:0.5399280650216765,23:0.6287816310031992,24:0.479085214129379,25:0.36831039122424125,26:0.6017875744544045,27:0.7983532991681643,28:0.8077547964846272,29:0.549133816003347,30:0.06169258463677607,31:0.48611031168139696,32:0.8688237967222227,33:0.7233509370560491,34:0.5707830834374836,35:0.390784245533517,36:0.5824429779718865,37:0.20410211413633883,38:0.7212998880284682,39:0.07425060400133365,40:0.9012694812093538} with alpha 45.0 and beta 274.0, percentage 13.880126182965299
The arm 30 has vector {0:0.7961072237801557,1:0.2690478967810841,2:0.9534474768796427,3:0.1971772911459847,4:0.994928138394515,5:0.8834520238798872,6:0.8654532042922233,7:0.7986647795843393,8:0.38723093886571236,9:0.4611504773532277,10:0.06881101449877192,11:0.04389361739794351,12:0.31016434986475316,13:0.6456056679769973,14:0.7142504890874994,15:0.049679723532391584,16:0.6073796090778408,17:0.9761575388489725,18:0.6789975060363584,19:0.6828433130263564,20:0.564450587982158,21:0.2008148122493908,22:0.2962312070665457,23:0.32873377624454725,24:0.7816802775325999,25:0.7203259231717494,26:0.3610244964054834,27:0.2989559000852672,28:0.5198069035864629,29:0.5273011000256078,30:0.9328212295930551,31:0.8573516445296003,32:0.4294245236555513,33:0.614897493447517,34:0.5525425753145808,35:0.06845860582498542,36:0.32402350815426484,37:0.00961828488868166,38:0.8271519216374522,39:0.6686010310832868,40:0.5679836393652697} with alpha 13.0 and beta 105.0, percentage 10.344827586206897
The arm 31 has vector {0:0.10866817276443286,1:0.34211355504919283,2:0.7672965904192808,3:0.2728233873574041,4:0.36079345415201014,5:0.06875866530094976,6:0.4842494151149094,7:0.8155826642956364,8:0.5853733279814367,9:0.8528979909270514,10:0.8211219316868857,11:0.6544025197760115,12:0.05351408074778863,13:0.13537466760170436,14:0.38201093053467017,15:0.6304973527488092,16:0.657115345466784,17:0.11058190323437023,18:0.9601623525443177,19:0.2867073848606333,20:0.2248675661308085,21:0.7567589031844434,22:0.9083692413460633,23:0.7367444362925543,24:0.44819547292802875,25:0.12872223108946645,26:0.4975677890598401,27:0.5867469313624462,28:0.8162195712325969,29:0.706335389020837,30:0.08624215911101007,31:0.11895724386836659,32:0.5989801743877357,33:0.8467627886983942,34:0.08641285671160748,35:0.22849069665469945,36:0.24811093019364483,37:0.04579815921128805,38:0.11429254956867962,39:0.39525474338702427,40:0.13856133312139818} with alpha 42.0 and beta 267.0, percentage 13.355048859934854
The arm 32 has vector {0:0.9223325225799597,1:0.9431148084338714,2:0.9104583747515818,3:0.3585467422028338,4:0.5222081087278528,5:0.12021401198048531,6:0.11164424666731598,7:0.5836457406162254,8:0.3837306066593844,9:0.7580187192125041,10:0.5066356447251126,11:0.9795251984272997,12:0.19944269002795478,13:0.19920747711752362,14:0.9782667454068668,15:0.7874179264248446,16:0.09971619281552224,17:0.31133759346157275,18:0.5985147472839984,19:0.4865622459719686,20:0.46782345106743206,21:0.4102780370565595,22:0.8647947173969617,23:0.39355890644701674,24:0.5864474288041562,25:0.1534772941551782,26:0.5787507874281079,27:0.04328689688397602,28:0.726218491446407,29:0.300639508848497,30:0.20992542549577287,31:0.2825001968818618,32:0.8009905644894809,33:0.8022642049074037,34:0.2558268343686563,35:0.5424167407167093,36:0.2644028463318877,37:0.24342251931008785,38:0.1736681469212099,39:0.383581303108934,40:0.8985035396095189} with alpha 3.0 and beta 49.0, percentage 4.0
The arm 33 has vector {0:0.6935600138745663,1:0.7596171435641235,2:0.5170051826757703,3:0.08734598759959578,4:0.49511011241633474,5:0.3706929230046536,6:0.28707939482523614,7:0.2843495976931165,8:0.2690259554946751,9:0.23935303852951895,10:0.5017040007232458,11:0.06445536089375736,12:0.7399981726391881,13:0.10569223210874423,14:0.6300090799021325,15:0.638614552025363,16:0.016147922707603235,17:0.9678197312882588,18:0.8355885265452349,19:0.8069684790136128,20:0.7166997627508352,21:0.05802440154185151,22:0.2611601070290295,23:0.6660574394416003,24:0.9465668924473061,25:0.6163238937585264,26:0.1380757210979674,27:0.8435622923579625,28:0.6565819911683612,29:0.7137333195881752,30:0.7085434958347268,31:0.7422004619634771,32:0.5161028821755772,33:0.7965496373495091,34:0.46984156168872937,35:0.5437882133513903,36:0.9957495088984927,37:0.09874574971258254,38:0.8390876465593401,39:0.5368254845429351,40:0.4911487404940946} with alpha 9.0 and beta 82.0, percentage 8.98876404494382
The arm 34 has vector {0:0.10380104102195054,1:0.7105273853156994,2:0.27706900647853683,3:0.8030732331410999,4:0.09135941932402014,5:0.7342162325416034,6:0.4280555589479247,7:0.8755616071734479,8:0.9752526976226911,9:0.4378214330043243,10:0.4668807465810185,11:0.04996285923694366,12:0.3523266467338708,13:0.6602012527892771,14:0.46634484536313137,15:0.6580230673231517,16:0.18165681821478974,17:0.5249434384737253,18:0.8724342223270949,19:0.5332331937574121,20:0.8513523466067534,21:0.14593856552072915,22:0.4348447853575247,23:0.6832751986789853,24:0.8635849333385145,25:0.3949612394226285,26:0.8915500512237308,27:0.12731789771545976,28:0.5463171692766835,29:0.58098554770362,30:0.3571939218051944,31:0.9617821975433432,32:0.5575941995431387,33:0.13096201901576665,34:0.7052423445619808,35:0.8604519536402769,36:0.08615246473716165,37:0.6978105802563546,38:0.6587759667435158,39:0.2557778873110992,40:0.25930051063042914} with alpha 2.0 and beta 40.0, percentage 2.5
The arm 35 has vector {0:0.6789171301488927,1:0.3912600053070219,2:0.7417921024397177,3:0.9749074984468231,4:0.1367888165575737,5:0.9785696089575482,6:0.44082975051700435,7:0.7479774351810567,8:0.3024264906100952,9:0.24290448721866453,10:0.9922119763635459,11:0.8083943727738202,12:0.3087433044871173,13:0.9844986058600009,14:0.6992117477874609,15:0.6568167036066979,16:0.38151460095415646,17:0.8806538182830286,18:0.20255768504625116,19:0.05674130152703727,20:0.35232137016818077,21:0.4240566805775615,22:0.28893310647294124,23:0.4003640134546035,24:0.061873015612227134,25:0.09049789052863477,26:0.8435854174703419,27:0.618890935052656,28:0.4733577895081632,29:0.8108026459959328,30:0.07599260516024087,31:0.23437298039562915,32:0.7996894431567286,33:0.8016955768137564,34:0.8037676030702479,35:0.8740804506712447,36:0.5809067352737123,37:0.7075411192063509,38:0.1931104939679067,39:0.7156011108926443,40:0.2048538526717858} with alpha 6.0 and beta 68.0, percentage 6.944444444444445
The arm 36 has vector {0:0.10478399451382792,1:0.5947485907868036,2:0.3304781379261986,3:0.9927635794932473,4:0.34482948142867587,5:0.13777328273687572,6:0.3081168508975525,7:0.6100232461273447,8:0.7247042643094366,9:0.32684712070077615,10:0.7849908774933894,11:0.3722761083105992,12:0.07956851111150642,13:0.03847426316927527,14:0.9436607189976023,15:0.4162285929379739,16:0.20294932566775725,17:0.5027249753258226,18:0.8325130412257019,19:0.24132928527510555,20:0.6047166905466871,21:0.19301715386989193,22:0.692857768297402,23:0.626296801740104,24:0.14348594598695774,25:0.8611972540768775,26:0.24856786649737583,27:0.863967953589168,28:0.12641818180401365,29:0.42049855434666084,30:0.36946221026219705,31:0.2056860104132403,32:0.17862174892421223,33:0.9179611160312607,34:0.8667187076129912,35:0.3729680668323845,36:0.3164434768460993,37:0.5034067909684703,38:0.6817339599243337,39:0.45097531137968205,40:0.060459648250306364} with alpha 20.0 and beta 147.0, percentage 11.515151515151516
The arm 37 has vector {0:0.39341658661360035,1:0.6233777014252996,2:0.04752249027611111,3:0.27975555053502354,4:0.7094287229794383,5:0.9949938507257169,6:0.30025185177860103,7:0.9709141369589508,8:0.2434076896903412,9:0.40592846340374955,10:0.2533009846833083,11:0.7039335260438198,12:0.0034534062541347055,13:0.9130006584055959,14:0.3681463238156004,15:0.16219819337860364,16:0.7576525747714415,17:0.3827134669583879,18:0.7501849337364247,19:0.8336544323380626,20:0.5164251235871175,21:0.028769599428630777,22:0.5047932476774581,23:0.45239995869584615,24:0.3725178647311953,25:0.36481407355311335,26:0.126896318346288,27:0.2824780061335911,28:0.2597436327314101,29:0.6621950997907269,30:0.269389185252217,31:0.3003720133277076,32:0.35301816740734415,33:0.5252607309478612,34:0.679517793114868,35:0.9569137070455203,36:0.43679756817740656,37:0.8168868275431101,38:0.28086636422186917,39:0.4615194227128332,40:0.6745131520361629} with alpha 1.0 and beta 27.0, percentage 0.0
The arm 38 has vector {0:0.7084882191428774,1:0.775241338095273,2:0.7601656376123944,3:0.049189580056593685,4:0.024186194720306364,5:0.8133301093019328,6:0.27720155598336527,7:0.4486235021678353,8:0.23981064462574964,9:0.6045653012898387,10:0.30462893058454243,11:0.7186063879450362,12:0.20384796904916125,13:0.4049779177414319,14:0.9643557263705493,15:0.5152563522166562,16:0.6208876478175606,17:0.006756833932149875,18:0.31630578042893265,19:0.9035599437966697,20:0.27167059833018536,21:0.6210242407527813,22:0.004841580010311541,23:0.950538379038436,24:0.3732321832028037,25:0.21384800271315996,26:0.44978443003584356,27:0.24181921946278706,28:0.6738017500033329,29:0.5653717725098598,30:0.31361574996068764,31:0.5012726259454211,32:0.8339386214428242,33:0.2866576569955118,34:0.5230704950978642,35:0.9184359808319673,36:0.6472184828771125,37:0.7150427128448579,38:0.5155415599434162,39:0.14440284853636354,40:0.9567323882367629} with alpha 1.0 and beta 30.0, percentage 0.0
The arm 39 has vector {0:0.09191849115406281,1:0.04744181751014742,2:0.8222634670218694,3:0.3024372041127973,4:0.8588878512565031,5:0.14418726308335084,6:0.9510207924198634,7:0.8158779960740326,8:0.723158454593142,9:0.6050336529260506,10:0.19919996596091794,11:0.11947835098445603,12:0.9354859352270366,13:0.14330303904903907,14:0.6226227504852268,15:0.885478994697532,16:0.1530547153383105,17:0.018152683219439192,18:0.7911962745204907,19:0.34050257999971023,20:0.19318549432710252,21:0.4132637521343726,22:0.9150884760570624,23:0.29073453267292204,24:0.3500160484678837,25:0.2023759997257707,26:0.9364528981604043,27:0.980014135344908,28:0.7254011880179849,29:0.8103160668644444,30:0.49994705821129704,31:0.12109353245401355,32:0.8422310598043806,33:0.3472955668571954,34:0.9360885975650052,35:0.6632617608808389,36:0.4136535700234022,37:0.9784826987438444,38:0.1673351458269099,39:0.006360821524801663,40:0.3275716213332658} with alpha 15.0 and beta 117.0, percentage 10.76923076923077
The arm 40 has vector {0:0.21131811601347394,1:0.789505872377573,2:0.9555632800344921,3:0.1315234410101802,4:0.7623794094552978,5:0.11115453065560743,6:0.1923475497130569,7:0.46591793846363394,8:0.8496819377399027,9:0.9099862438080015,10:0.36594637881253034,11:0.601768108023828,12:0.8309397604808624,13:0.0577342911804507,14:0.44079012527924366,15:0.6408790922952183,16:0.43134175659630014,17:0.7231329700947806,18:0.228368900394736,19:0.10993910171376076,20:0.32555782985686765,21:0.5724195512710771,22:0.6474258999754331,23:0.20680105134452875,24:0.11497680810232391,25:0.37265188880080535,26:0.6136318371205127,27:0.5127944420781294,28:0.8240804766794992,29:0.9325282881079318,30:0.5527814286653463,31:0.9794622525693947,32:0.5280455667291484,33:0.11567059380646627,34:0.4125081735259486,35:0.4138358638193479,36:0.6780400894458432,37:0.8956026540801094,38:0.465401186166418,39:0.9597003212640973,40:0.9085517964274591} with alpha 25.0 and beta 163.0, percentage 12.903225806451612
The arm 41 has vector {0:0.39657584934389245,1:0.021232690725636494,2:0.7318480015686107,3:0.45196248928296845,4:0.8018451057804389,5:0.15640760524660569,6:0.029269008626756743,7:0.4932139163125394,8:0.6346995245303152,9:0.3261937219158858,10:0.6536344305933542,11:0.13885184112501214,12:0.45943161957381484,13:0.09454541348989598,14:0.35743372529857054,15:0.8868835005560001,16:0.8073828771071427,17:0.5226297340262318,18:0.3536310678840977,19:0.029911446389866092,20:0.8813206961368147,21:0.5962352348551776,22:0.16766621147936522,23:0.7347359182558489,24:0.9128565399808994,25:0.933260543895851,26:0.35599076855475,27:0.8090113417745662,28:0.16315315499543181,29:0.5089637182737395,30:0.9872994275957542,31:0.9499876718565661,32:0.5479083709206874,33:0.4292128091205276,34:0.925391393806238,35:0.7253026521771072,36:0.9400983513684251,37:0.6348436713506324,38:0.6885375096958785,39:0.182746557670331,40:0.8773492603459454} with alpha 58.0 and beta 331.0, percentage 14.728682170542637
The arm 42 has vector {0:0.7838587645746299,1:0.2424118135756469,2:0.01772288323723792,3:0.18430562563898745,4:0.32241316372424444,5:0.9243178179099871,6:0.9087958684551259,7:0.8514219565370397,8:0.5831646114412551,9:0.9342111056745467,10:0.7563269361562474,11:0.16588397558565937,12:0.876083678469324,13:0.5721094071233764,14:0.34836460976294303,15:0.5206138433685762,16:0.2725295353074575,17:0.8405103232947648,18:0.8525777293475182,19:0.9288259020956223,20:0.6079904945989896,21:0.1829802443183357,22:0.49171203765808724,23:0.19251911236770403,24:0.4959470427791667,25:0.14012572610760476,26:0.2415566377377072,27:0.9826229578587797,28:0.1392373229717535,29:0.5269881063465439,30:0.05237874707997259,31:0.9137726566372795,32:0.7613436776693348,33:0.38582436969353373,34:0.4938920096333772,35:0.5057054900410435,36:0.18293202580987944,37:0.22803347398220375,38:0.4638388575002177,39:0.6583008956604273,40:0.9938620042320825} with alpha 14.0 and beta 106.0, percentage 11.016949152542372
The arm 43 has vector {0:0.8233459915180317,1:0.4535398423011002,2:0.35987858433143805,3:0.5213357163835902,4:0.5673211191757358,5:0.3869569745936683,6:0.8111304136574412,7:0.23471628383000953,8:0.8386650453193389,9:0.9098046646545819,10:0.633060509185888,11:0.751637939656714,12:0.42293782875254116,13:0.6414300660044586,14:0.5743570832342306,15:0.21456460139728384,16:0.01504353106701073,17:0.39337383495605194,18:0.3531397913144848,19:0.017069233654675497,20:0.7498933401693099,21:0.0489955881003048,22:0.1207432288009137,23:0.8588087848265291,24:0.1462711254975987,25:0.21559812014748214,26:0.18505005082235704,27:0.10203473133699215,28:0.19606837887981787,29:0.560986553725233,30:0.7295732349328006,31:0.2031823567519847,32:0.09945923956279157,33:0.8306349711395763,34:0.507846113826601,35:0.419644173205303,36:0.3910996778002628,37:0.7341752179966382,38:0.18755692233638865,39:0.0820137003895498,40:0.1250427878523117} with alpha 7.0 and beta 56.0, percentage 9.836065573770492
The arm 44 has vector {0:0.12580454749073533,1:0.17110165295278768,2:0.6504299595620793,3:0.7230633828079793,4:6.28693528793467E-4,5:0.4471135560256012,6:0.6599425793165062,7:0.13060214354022948,8:0.06131710307944138,9:0.5521802857779466,10:0.5983940332014541,11:0.6305591485433534,12:0.3700486266422195,13:0.9419538038636752,14:0.6007610123727538,15:0.6615036940066101,16:0.39702787223133906,17:0.04658309927789506,18:0.21642884234347093,19:0.24171715717072995,20:0.18498905384784625,21:0.12409968071427757,22:0.868763763402769,23:0.48277079290742475,24:0.9190119019378462,25:0.24710236831540633,26:0.8323139449318081,27:0.23569494210576902,28:0.5465889116402993,29:0.5669245483238298,30:0.9027756208760843,31:0.679673503140797,32:0.5646575806005274,33:0.247350591459787,34:0.9207943283556947,35:0.3666938119293969,36:0.2694753851528998,37:0.8301701854292026,38:0.6368667016763425,39:0.8436274249346082,40:0.6298346070110434} with alpha 22.0 and beta 149.0, percentage 12.42603550295858
The arm 45 has vector {0:0.1268769055986252,1:0.8516292432919771,2:0.382944887982241,3:0.2048439324146044,4:0.9143547365707051,5:0.22183062736338344,6:0.643116368602932,7:0.8746076983391711,8:0.644990916849151,9:0.21262371685894832,10:0.9781800192421152,11:0.6908397886108667,12:0.14253363140186304,13:0.21952368648973064,14:0.8811949915426399,15:0.4826656417469799,16:0.9758483484307033,17:0.5767856442480844,18:0.9653813885343177,19:0.3784981015816493,20:0.6775211787464976,21:0.3774477615624222,22:0.5443972781084453,23:0.6658286024081832,24:0.8886317750532533,25:0.4802223993455923,26:0.18185122328534842,27:0.24281616776898862,28:0.12976625036721223,29:0.13072588726214884,30:0.24765028473356687,31:0.9945366435947377,32:0.8974537474611335,33:0.35344113978215685,34:0.3478944037814232,35:0.12784516822311465,36:0.9599174436630176,37:0.4062359004981585,38:0.7460910474765559,39:0.0452777280452874,40:0.3732886563324067} with alpha 23.0 and beta 160.0, percentage 12.154696132596685
The arm 46 has vector {0:0.07413925418792311,1:0.9398067565948747,2:0.3800166282692792,3:0.024194167253949295,4:0.8007935349274434,5:0.4007962655138887,6:0.26819280770368925,7:0.8170964663855225,8:0.173190157567087,9:0.57109610677416,10:0.01574658032862386,11:0.30861731243322266,12:0.14721028700248762,13:0.2608806491446335,14:0.9311529848254746,15:0.28221353002723093,16:0.07872000493280684,17:0.6825091635212795,18:0.5176419497331954,19:0.49135519862662946,20:0.6092129300744703,21:0.09357931390345708,22:0.8506901113578809,23:0.3910003559420734,24:0.2812216823237256,25:0.17878889597145786,26:0.3041129124079214,27:0.3677633493041842,28:0.03904746802068948,29:0.062075040649953506,30:0.6697130717968025,31:0.032931623680417466,32:0.4577536933949198,33:0.8417590216288697,34:0.07961480951665068,35:0.59653645688703,36:0.02228859915480652,37:0.6831755697409294,38:0.1643709623543671,39:0.8141501883878423,40:0.019381193124529017} with alpha 3.0 and beta 49.0, percentage 4.0
The arm 47 has vector {0:0.17750336743817607,1:0.45839081571246787,2:0.339457782718495,3:0.10630770889438179,4:0.276581758196922,5:0.8564329966788158,6:0.11166038397829026,7:0.792750332937068,8:0.08580112043503696,9:0.8961584898049744,10:0.49179309886826383,11:0.055056164811022934,12:0.9224928471028137,13:0.05529907817608293,14:0.37465352817778097,15:0.7990585794601944,16:0.7284045543841777,17:0.6308619616881953,18:0.8617094302205187,19:0.0963075735401675,20:0.18594793907639973,21:0.2992608457488146,22:0.8985080693424238,23:0.8013741532827683,24:0.551254754191321,25:0.34719891910434875,26:0.23565894812903843,27:0.9421057468236121,28:0.1426720504525556,29:0.9889553801509776,30:0.2196922144405994,31:0.3238341835978621,32:0.17480589731637397,33:0.29453790388622436,34:0.26327000309922644,35:0.9528993580516358,36:0.5698946545382749,37:0.1891168444644431,38:0.8584238787575039,39:0.2154036615984397,40:0.3147669951930342} with alpha 3.0 and beta 41.0, percentage 4.761904761904762
The arm 48 has vector {0:0.02126900576022306,1:0.7930060066630727,2:0.14916114638710087,3:0.6360251003997459,4:0.48784650095282467,5:0.6264033507573687,6:0.6810405320660122,7:0.8536654567713452,8:0.09713373605081732,9:0.845965833483873,10:0.00592218439200487,11:0.9661845473940192,12:0.971613036718294,13:0.056608500087128144,14:0.9150127839471254,15:0.7233168484015944,16:0.27426380482330104,17:0.868787532780958,18:0.36103545921930646,19:0.6207403533618286,20:0.8872735899523725,21:0.9316447487253703,22:0.8029675310092343,23:0.7284088769031599,24:0.5266443237688282,25:0.46052428282485847,26:0.4051606125238394,27:0.8770009409574829,28:0.950280987399707,29:0.07972716994514173,30:0.6616225508833791,31:0.4100211721045599,32:0.7131277430436068,33:0.8950284256872274,34:0.923686164699033,35:0.9564572167479782,36:0.7983924360539438,37:0.31009499126832596,38:0.48665209723218894,39:0.6629294397006285,40:0.5459844895675191} with alpha 5.0 and beta 61.0, percentage 6.25
The arm 49 has vector {0:0.7746954144419221,1:0.3416981783904218,2:0.9303885038914016,3:0.7114935674997797,4:0.5127662968654674,5:0.2349978064567504,6:0.07514170109536356,7:0.3120245588533913,8:0.803106566653413,9:0.009499259247263914,10:0.47409972375982545,11:0.7329758412477759,12:0.7131329071713699,13:0.43940530733845906,14:0.501895215668573,15:0.5697993038936411,16:0.7908319928598551,17:0.6762068889078373,18:0.35304312924269177,19:0.4890505294105647,20:0.04709285415411579,21:0.33570013538818144,22:0.2111353663019998,23:0.6300807661653803,24:0.36284581348730705,25:0.17323582506860868,26:0.8936378458661889,27:0.43883367407469,28:0.8981049465545988,29:0.7668803743024507,30:0.6089385521600668,31:0.10897616327214732,32:0.4821855605013611,33:0.4563330898514183,34:0.2747440748986374,35:0.6149873201104181,36:0.8469032707710568,37:0.7905135253055217,38:0.03162149342264198,39:0.540427392062128,40:0.22930082281340847} with alpha 1.0 and beta 32.0, percentage 0.0
The best arm is 8 with vector {0:0.39021190237885484,1:0.8702523717365506,2:0.6310720470860066,3:0.5655889250118235,4:0.29779882232566246,5:0.05826516217983779,6:0.679567595213862,7:0.8089203038811927,8:0.6760945624500373,9:0.3856857285282653,10:0.5141911191026738,11:0.093481131534071,12:0.39137312531896695,13:0.43460138125351166,14:0.12732863372544712,15:0.296273905337582,16:0.9254000137450369,17:0.5591649070717204,18:0.8024019313782473,19:0.9326376409794345,20:0.711489149257704,21:0.036846946413549464,22:0.08478965534040817,23:0.6326725532193327,24:0.8439462896804993,25:0.8196644967243847,26:0.845876740542769,27:0.21203270630416593,28:0.5667079629596932,29:0.46129427705802384,30:0.4597929308727048,31:0.3172218085514179,32:0.2836269944517983,33:0.6850923259270818,34:0.3438461627652709,35:0.3124529925452687,36:0.1495237654067718,37:0.5625943312610069,38:0.5799699116125425,39:0.46050499276739554,40:0.963768174791373} with alpha 140.0 and beta 707.0, percentage 16.449704142011832
The right guesses are: 713 which means 11.62563182781673% correct
Done
The current arm is 8 with vector {0:0.39021190237885484,1:0.8702523717365506,2:0.6310720470860066,3:0.5655889250118235,4:0.29779882232566246,5:0.05826516217983779,6:0.679567595213862,7:0.8089203038811927,8:0.6760945624500373,9:0.3856857285282653,10:0.5141911191026738,11:0.093481131534071,12:0.39137312531896695,13:0.43460138125351166,14:0.12732863372544712,15:0.296273905337582,16:0.9254000137450369,17:0.5591649070717204,18:0.8024019313782473,19:0.9326376409794345,20:0.711489149257704,21:0.036846946413549464,22:0.08478965534040817,23:0.6326725532193327,24:0.8439462896804993,25:0.8196644967243847,26:0.845876740542769,27:0.21203270630416593,28:0.5667079629596932,29:0.46129427705802384,30:0.4597929308727048,31:0.3172218085514179,32:0.2836269944517983,33:0.6850923259270818,34:0.3438461627652709,35:0.3124529925452687,36:0.1495237654067718,37:0.5625943312610069,38:0.5799699116125425,39:0.46050499276739554,40:0.963768174791373} with alpha 77.0 and beta 587.0
The order information:
Date: 2012-05-09T17:07:05.000+02:00
It predicted these items for order 1778911 :
   31560 with score of 2.176990543555312
   752 with score of 1.5034493322695996
   748 with score of 1.186859301099231
   27900 with score of 1.1849851962414533
   23467 with score of 1.100635769119215
   31553 with score of 1.0212780184775567
   572 with score of 1.01636207542797
   1663 with score of 1.005124508206088
   23469 with score of 0.9947892765262032
   758 with score of 0.932015177240136
These are the actual items bought: 
   11832
   30233
The current arm is 8 with vector {0:0.39021190237885484,1:0.8702523717365506,2:0.6310720470860066,3:0.5655889250118235,4:0.29779882232566246,5:0.05826516217983779,6:0.679567595213862,7:0.8089203038811927,8:0.6760945624500373,9:0.3856857285282653,10:0.5141911191026738,11:0.093481131534071,12:0.39137312531896695,13:0.43460138125351166,14:0.12732863372544712,15:0.296273905337582,16:0.9254000137450369,17:0.5591649070717204,18:0.8024019313782473,19:0.9326376409794345,20:0.711489149257704,21:0.036846946413549464,22:0.08478965534040817,23:0.6326725532193327,24:0.8439462896804993,25:0.8196644967243847,26:0.845876740542769,27:0.21203270630416593,28:0.5667079629596932,29:0.46129427705802384,30:0.4597929308727048,31:0.3172218085514179,32:0.2836269944517983,33:0.6850923259270818,34:0.3438461627652709,35:0.3124529925452687,36:0.1495237654067718,37:0.5625943312610069,38:0.5799699116125425,39:0.46050499276739554,40:0.963768174791373} with alpha 227.0 and beta 1437.0
The order information:
Date: 2012-05-10T17:54:43.000+02:00
It predicted these items for order 1779917 :
   31560 with score of 2.444288726485733
   752 with score of 1.8573589029208477
   748 with score of 1.4968302947804195
   5003 with score of 1.4839396251996586
   27900 with score of 1.464792362895413
   21714 with score of 1.4617508173315632
   27576 with score of 1.3928186050383227
   20430 with score of 1.389130144088426
   29669 with score of 1.3870059715373024
   23467 with score of 1.3391604392401586
These are the actual items bought: 
   30342
   23374
   32289
The current arm is 8 with vector {0:0.39021190237885484,1:0.8702523717365506,2:0.6310720470860066,3:0.5655889250118235,4:0.29779882232566246,5:0.05826516217983779,6:0.679567595213862,7:0.8089203038811927,8:0.6760945624500373,9:0.3856857285282653,10:0.5141911191026738,11:0.093481131534071,12:0.39137312531896695,13:0.43460138125351166,14:0.12732863372544712,15:0.296273905337582,16:0.9254000137450369,17:0.5591649070717204,18:0.8024019313782473,19:0.9326376409794345,20:0.711489149257704,21:0.036846946413549464,22:0.08478965534040817,23:0.6326725532193327,24:0.8439462896804993,25:0.8196644967243847,26:0.845876740542769,27:0.21203270630416593,28:0.5667079629596932,29:0.46129427705802384,30:0.4597929308727048,31:0.3172218085514179,32:0.2836269944517983,33:0.6850923259270818,34:0.3438461627652709,35:0.3124529925452687,36:0.1495237654067718,37:0.5625943312610069,38:0.5799699116125425,39:0.46050499276739554,40:0.963768174791373} with alpha 376.0 and beta 2288.0
The order information:
Date: 2012-05-11T22:39:32.000+02:00
It predicted these items for order 1780921 :
   31560 with score of 2.4423013807278506
   752 with score of 1.9009992094390546
   748 with score of 1.708604695497725
   21714 with score of 1.4631282632457259
   27900 with score of 1.4487967901914338
   29669 with score of 1.4447369577592915
   20430 with score of 1.4336874010154086
   27576 with score of 1.4328115323554171
   5003 with score of 1.4221126596787215
   23467 with score of 1.38709283981295
These are the actual items bought: 
   31776
The current arm is 8 with vector {0:0.39021190237885484,1:0.8702523717365506,2:0.6310720470860066,3:0.5655889250118235,4:0.29779882232566246,5:0.05826516217983779,6:0.679567595213862,7:0.8089203038811927,8:0.6760945624500373,9:0.3856857285282653,10:0.5141911191026738,11:0.093481131534071,12:0.39137312531896695,13:0.43460138125351166,14:0.12732863372544712,15:0.296273905337582,16:0.9254000137450369,17:0.5591649070717204,18:0.8024019313782473,19:0.9326376409794345,20:0.711489149257704,21:0.036846946413549464,22:0.08478965534040817,23:0.6326725532193327,24:0.8439462896804993,25:0.8196644967243847,26:0.845876740542769,27:0.21203270630416593,28:0.5667079629596932,29:0.46129427705802384,30:0.4597929308727048,31:0.3172218085514179,32:0.2836269944517983,33:0.6850923259270818,34:0.3438461627652709,35:0.3124529925452687,36:0.1495237654067718,37:0.5625943312610069,38:0.5799699116125425,39:0.46050499276739554,40:0.963768174791373} with alpha 547.0 and beta 3117.0
The order information:
Date: 2012-05-13T15:53:25.000+02:00
It predicted these items for order 1781930 :
   31560 with score of 2.416648375961243
   752 with score of 1.9853769903357383
   748 with score of 1.9047966357502695
   21714 with score of 1.584658523655586
   5003 with score of 1.5420278682986106
   29669 with score of 1.5091573125161992
   27576 with score of 1.492849137447896
   20430 with score of 1.490427927957609
   27900 with score of 1.4688307147754385
   23467 with score of 1.4278249936180878
These are the actual items bought: 
   2084
   29003
   31950
   20990
   31940
   30573
   20678
   30195
   25363
   27900
The current arm is 8 with vector {0:0.39021190237885484,1:0.8702523717365506,2:0.6310720470860066,3:0.5655889250118235,4:0.29779882232566246,5:0.05826516217983779,6:0.679567595213862,7:0.8089203038811927,8:0.6760945624500373,9:0.3856857285282653,10:0.5141911191026738,11:0.093481131534071,12:0.39137312531896695,13:0.43460138125351166,14:0.12732863372544712,15:0.296273905337582,16:0.9254000137450369,17:0.5591649070717204,18:0.8024019313782473,19:0.9326376409794345,20:0.711489149257704,21:0.036846946413549464,22:0.08478965534040817,23:0.6326725532193327,24:0.8439462896804993,25:0.8196644967243847,26:0.845876740542769,27:0.21203270630416593,28:0.5667079629596932,29:0.46129427705802384,30:0.4597929308727048,31:0.3172218085514179,32:0.2836269944517983,33:0.6850923259270818,34:0.3438461627652709,35:0.3124529925452687,36:0.1495237654067718,37:0.5625943312610069,38:0.5799699116125425,39:0.46050499276739554,40:0.963768174791373} with alpha 703.0 and beta 3961.0
The order information:
Date: 2012-05-14T16:46:54.000+02:00
It predicted these items for order 1782931 :
   31560 with score of 2.3714027605175376
   748 with score of 2.02509304288359
   752 with score of 1.9123793008422119
   21714 with score of 1.5720253165627625
   5003 with score of 1.5462538011892941
   27576 with score of 1.545435200652926
   29669 with score of 1.5008514168315534
   27900 with score of 1.4835608168085581
   20430 with score of 1.4773778559412065
   23467 with score of 1.4551821793712323
These are the actual items bought: 
   32564
The current arm is 8 with vector {0:0.39021190237885484,1:0.8702523717365506,2:0.6310720470860066,3:0.5655889250118235,4:0.29779882232566246,5:0.05826516217983779,6:0.679567595213862,7:0.8089203038811927,8:0.6760945624500373,9:0.3856857285282653,10:0.5141911191026738,11:0.093481131534071,12:0.39137312531896695,13:0.43460138125351166,14:0.12732863372544712,15:0.296273905337582,16:0.9254000137450369,17:0.5591649070717204,18:0.8024019313782473,19:0.9326376409794345,20:0.711489149257704,21:0.036846946413549464,22:0.08478965534040817,23:0.6326725532193327,24:0.8439462896804993,25:0.8196644967243847,26:0.845876740542769,27:0.21203270630416593,28:0.5667079629596932,29:0.46129427705802384,30:0.4597929308727048,31:0.3172218085514179,32:0.2836269944517983,33:0.6850923259270818,34:0.3438461627652709,35:0.3124529925452687,36:0.1495237654067718,37:0.5625943312610069,38:0.5799699116125425,39:0.46050499276739554,40:0.963768174791373} with alpha 808.0 and beta 4856.0
The order information:
Date: 2012-05-15T15:02:20.000+02:00
It predicted these items for order 1783936 :
   31560 with score of 2.277115848067999
   748 with score of 2.034995937027464
   752 with score of 1.769983185631381
   27576 with score of 1.5939228717316614
   21714 with score of 1.5559983807908575
   5003 with score of 1.5407652924151147
   29669 with score of 1.4821623532708992
   21776 with score of 1.4419436644237222
   27900 with score of 1.4376984397188952
   20430 with score of 1.437466407468914
These are the actual items bought: 
   12096
The arm 8 has vector {0:0.39021190237885484,1:0.8702523717365506,2:0.6310720470860066,3:0.5655889250118235,4:0.29779882232566246,5:0.05826516217983779,6:0.679567595213862,7:0.8089203038811927,8:0.6760945624500373,9:0.3856857285282653,10:0.5141911191026738,11:0.093481131534071,12:0.39137312531896695,13:0.43460138125351166,14:0.12732863372544712,15:0.296273905337582,16:0.9254000137450369,17:0.5591649070717204,18:0.8024019313782473,19:0.9326376409794345,20:0.711489149257704,21:0.036846946413549464,22:0.08478965534040817,23:0.6326725532193327,24:0.8439462896804993,25:0.8196644967243847,26:0.845876740542769,27:0.21203270630416593,28:0.5667079629596932,29:0.46129427705802384,30:0.4597929308727048,31:0.3172218085514179,32:0.2836269944517983,33:0.6850923259270818,34:0.3438461627652709,35:0.3124529925452687,36:0.1495237654067718,37:0.5625943312610069,38:0.5799699116125425,39:0.46050499276739554,40:0.963768174791373} with alpha 858.0 and beta 5277.0, percentage 13.973585520952225
The best arm is 8 with vector {0:0.39021190237885484,1:0.8702523717365506,2:0.6310720470860066,3:0.5655889250118235,4:0.29779882232566246,5:0.05826516217983779,6:0.679567595213862,7:0.8089203038811927,8:0.6760945624500373,9:0.3856857285282653,10:0.5141911191026738,11:0.093481131534071,12:0.39137312531896695,13:0.43460138125351166,14:0.12732863372544712,15:0.296273905337582,16:0.9254000137450369,17:0.5591649070717204,18:0.8024019313782473,19:0.9326376409794345,20:0.711489149257704,21:0.036846946413549464,22:0.08478965534040817,23:0.6326725532193327,24:0.8439462896804993,25:0.8196644967243847,26:0.845876740542769,27:0.21203270630416593,28:0.5667079629596932,29:0.46129427705802384,30:0.4597929308727048,31:0.3172218085514179,32:0.2836269944517983,33:0.6850923259270818,34:0.3438461627652709,35:0.3124529925452687,36:0.1495237654067718,37:0.5625943312610069,38:0.5799699116125425,39:0.46050499276739554,40:0.963768174791373} with alpha 858.0 and beta 5277.0, percentage 13.973585520952225
The right guesses are: 857 which means 13.973585520952225% correct
Done
487
